00:00:00.213154 VirtualBox GUI (separate) 7.2.6 r172322 win.amd64 (Jan 15 2026 18:08:50) release log
00:00:00.213157 Log opened 2026-04-17T18:03:50.840288000Z
00:00:00.213158 Build Type: release
00:00:00.213159 OS Product: Windows 10
00:00:00.213381 OS Release: 10.0.19045.7058
00:00:00.213387 OS Service Pack: 
00:00:00.227127 DMI Product Name: System Product Name
00:00:00.233585 DMI Product Version: System Version
00:00:00.233605 Firmware type: UEFI
00:00:00.233990 Secure Boot: Enabled
00:00:00.233998 Host RAM: 32692MB (31.9GB) total, 19396MB (18.9GB) available
00:00:00.234003 Executable: C:\Program Files\Oracle\VirtualBox\VirtualBoxVM.exe
00:00:00.234003 Process ID: 102352
00:00:00.234004 Package type: WINDOWS_64BITS_GENERIC
00:00:00.234004 Windows Features:
00:00:00.234004   Core Isolation (Memory Integrity): DISABLED
00:00:00.235199 GUI: UIMediumEnumerator: Initial medium-enumeration finished!
00:00:00.253619 GUI: UIMediumEnumerator: Medium-enumeration started...
00:00:01.300092 GUI: UIFrameBufferPrivate::performResize: Size=640x480, Using fallback buffer since no source bitmap is provided
00:00:01.304115 DnD: User Interface Privilege Isolation (UIPI) is running with SECURITY_MANDATORY_MEDIUM_RID
00:00:01.488920 GUI: UIMediumEnumerator: Medium-enumeration finished!
00:00:01.488957 GUI: UIFrameBufferPrivate::performResize: Size=640x400, Using fallback buffer since no source bitmap is provided
00:00:01.502393 GUI: UIFrameBufferPrivate::performResize: Size=640x400, Using fallback buffer since no source bitmap is provided
00:00:01.505218 GUI: UISession::sltAdditionsChange: GA state doesn't really changed, still notifying listeners.
00:00:01.505245 GUI: UIMachineLogicNormal::sltCheckForRequestedVisualStateType: Requested-state=1, Machine-state=6
00:00:01.511272 GUI: UIMachineLogicNormal::sltCheckForRequestedVisualStateType: Requested-state=1, Machine-state=6
00:00:01.808643 GUI: UIMediumEnumerator: Medium-enumeration finished!
00:00:29.813900 GUI: Request for close-action to detach GUI.
00:00:29.813923 GUI: Detaching UI..
00:00:29.813927 GUI: Request for async QApp quit.
00:00:29.854198 GUI: UICommon: Handling aboutToQuit request..
00:00:30.859965 GUI: UICommon: aboutToQuit request handled!
