00:00:00.434917 VirtualBox VM 7.0.10 r158379 win.amd64 (Jul 12 2023 18:34:34) release log
00:00:00.434919 Log opened 2026-03-29T02:28:09.417806700Z
00:00:00.434920 Build Type: release
00:00:00.434922 OS Product: Windows 10
00:00:00.434923 OS Release: 10.0.19045
00:00:00.434924 OS Service Pack: 
00:00:00.521878 DMI Product Name: System Product Name
00:00:00.524736 DMI Product Version: System Version
00:00:00.524747 Firmware type: UEFI
00:00:00.525197 Secure Boot: VERR_PRIVILEGE_NOT_HELD
00:00:00.525213 Host RAM: 32692MB (31.9GB) total, 17621MB (17.2GB) available
00:00:00.525215 Executable: C:\Program Files\Oracle\VirtualBox\VBoxHeadless.exe
00:00:00.525216 Process ID: 53948
00:00:00.525216 Package type: WINDOWS_64BITS_GENERIC
00:00:00.525853 Installed Extension Packs:
00:00:00.525872   None installed!
00:00:00.526554 Console: Machine state changed to 'Starting'
00:00:00.640022 SUP: seg #0: R   0x00000000 LB 0x00001000
00:00:00.640039 SUP: seg #1: R X 0x00001000 LB 0x00179000
00:00:00.640043 SUP: seg #2: R   0x0017a000 LB 0x00051000
00:00:00.640047 SUP: seg #3: RW  0x001cb000 LB 0x00013000
00:00:00.640051 SUP: seg #4: R   0x001de000 LB 0x00011000
00:00:00.640054 SUP: seg #5: RW  0x001ef000 LB 0x00004000
00:00:00.640057 SUP: seg #6: R   0x001f3000 LB 0x00010000
00:00:00.640060 SUP: seg #7: R X 0x00203000 LB 0x00002000
00:00:00.640064 SUP: seg #8: R   0x00205000 LB 0x00007000
00:00:00.643485 SUP: Loaded VMMR0.r0 (C:\Program Files\Oracle\VirtualBox/VMMR0.r0) at 0xXXXXXXXXXXXXXXXX - ModuleInit at XXXXXXXXXXXXXXXX and ModuleTerm at XXXXXXXXXXXXXXXX using the native ring-0 loader
00:00:00.643525 SUP: VMMR0EntryEx located at XXXXXXXXXXXXXXXX and VMMR0EntryFast at XXXXXXXXXXXXXXXX
00:00:00.643529 SUP: windbg> .reload /f C:\Program Files\Oracle\VirtualBox/VMMR0.r0=0xXXXXXXXXXXXXXXXX
00:00:00.646463 Guest OS type: 'Other'
00:00:00.647012 fHMForced=true - No raw-mode support in this build!
00:00:00.649112 File system of 'C:\Users\RhythmicCarnage\Desktop\CyberStorm\build\cyberstorm.vfd' (Floppy) is ntfs
00:00:00.672388 Shared Clipboard: Service loaded
00:00:00.672405 Shared Clipboard: Mode: Off
00:00:00.672451 Shared Clipboard: Service running in headless mode
00:00:00.690755 Drag and drop service loaded
00:00:00.690770 Drag and drop mode: Off
00:00:00.851059 ************************* CFGM dump *************************
00:00:00.851065 [/] (level 0)
00:00:00.851067   CpuExecutionCap   <integer> = 0x0000000000000064 (100)
00:00:00.851069   EnablePAE         <integer> = 0x0000000000000001 (1)
00:00:00.851070   HMEnabled         <integer> = 0x0000000000000001 (1)
00:00:00.851070   MemBalloonSize    <integer> = 0x0000000000000000 (0, 0 B)
00:00:00.851075   Name              <string>  = "CyberStorm" (cb=11)
00:00:00.851076   NumCPUs           <integer> = 0x0000000000000001 (1)
00:00:00.851076   PageFusionAllowed <integer> = 0x0000000000000000 (0)
00:00:00.851077   RamHoleSize       <integer> = 0x0000000020000000 (536 870 912, 512.0 MiB)
00:00:00.851078   RamSize           <integer> = 0x0000000002000000 (33 554 432, 32.0 MiB)
00:00:00.851079   TimerMillies      <integer> = 0x000000000000000a (10)
00:00:00.851080   UUID              <bytes>   = "6a 1d 34 61 6c 8a e0 42 97 93 98 d0 53 b0 31 5e" (cb=16)
00:00:00.851084 
00:00:00.851084 [/CPUM/] (level 1)
00:00:00.851085   Enable64bit        <integer> = 0x0000000000000000 (0)
00:00:00.851086   GuestCpuName       <string>  = "host" (cb=5)
00:00:00.851087   NestedHWVirt       <integer> = 0x0000000000000000 (0)
00:00:00.851087   PortableCpuIdLevel <integer> = 0x0000000000000000 (0)
00:00:00.851088   SpecCtrl           <integer> = 0x0000000000000000 (0)
00:00:00.851088 
00:00:00.851089 [/CPUM/IsaExts/] (level 2)
00:00:00.851090 
00:00:00.851090 [/DBGC/] (level 1)
00:00:00.851091   GlobalInitScript <string>  = "C:\Users\RhythmicCarnage\.VirtualBox/dbgc-init" (cb=47)
00:00:00.851091   HistoryFile      <string>  = "C:\Users\RhythmicCarnage\.VirtualBox/dbgc-history" (cb=50)
00:00:00.851092   LocalInitScript  <string>  = "C:\Users\RhythmicCarnage\Desktop\CyberStorm\deploy\virtualbox\CyberStorm/dbgc-init" (cb=83)
00:00:00.851092 
00:00:00.851093 [/DBGF/] (level 1)
00:00:00.851093   Path <string>  = "C:\Users\RhythmicCarnage\Desktop\CyberStorm\deploy\virtualbox\CyberStorm/debug/;C:\Users\RhythmicCarnage\Desktop\CyberStorm\deploy\virtualbox\CyberStorm/;cache*C:\Users\RhythmicCarnage\Desktop\CyberStorm\deploy\virtualbox\CyberStorm/dbgcache/;C:\Users\RhythmicCarnage\" (cb=269)
00:00:00.851094 
00:00:00.851094 [/Devices/] (level 1)
00:00:00.851095 
00:00:00.851095 [/Devices/3c501/] (level 2)
00:00:00.851096 
00:00:00.851096 [/Devices/8237A/] (level 2)
00:00:00.851097 
00:00:00.851097 [/Devices/8237A/0/] (level 3)
00:00:00.851098   Trusted <integer> = 0x0000000000000001 (1)
00:00:00.851099 
00:00:00.851099 [/Devices/VMMDev/] (level 2)
00:00:00.851100 
00:00:00.851100 [/Devices/VMMDev/0/] (level 3)
00:00:00.851101   PCIBusNo      <integer> = 0x0000000000000000 (0)
00:00:00.851102   PCIDeviceNo   <integer> = 0x0000000000000004 (4)
00:00:00.851103   PCIFunctionNo <integer> = 0x0000000000000000 (0)
00:00:00.851103   Trusted       <integer> = 0x0000000000000001 (1)
00:00:00.851104 
00:00:00.851104 [/Devices/VMMDev/0/Config/] (level 4)
00:00:00.851105   GuestCoreDumpDir <string>  = "C:\Users\RhythmicCarnage\Desktop\CyberStorm\deploy\virtualbox\CyberStorm\Snapshots" (cb=83)
00:00:00.851106 
00:00:00.851106 [/Devices/VMMDev/0/LUN#0/] (level 4)
00:00:00.851107   Driver <string>  = "HGCM" (cb=5)
00:00:00.851108 
00:00:00.851108 [/Devices/VMMDev/0/LUN#0/Config/] (level 5)
00:00:00.851109 
00:00:00.851109 [/Devices/VMMDev/0/LUN#999/] (level 4)
00:00:00.851110   Driver <string>  = "MainStatus" (cb=11)
00:00:00.851111 
00:00:00.851111 [/Devices/VMMDev/0/LUN#999/Config/] (level 5)
00:00:00.851112   First                <integer> = 0x0000000000000000 (0)
00:00:00.851113   HasMediumAttachments <integer> = 0x0000000000000000 (0)
00:00:00.851114   Last                 <integer> = 0x0000000000000000 (0)
00:00:00.851114   iLedSet              <integer> = 0x0000000000000003 (3)
00:00:00.851115 
00:00:00.851115 [/Devices/acpi/] (level 2)
00:00:00.851116 
00:00:00.851116 [/Devices/acpi/0/] (level 3)
00:00:00.851117   PCIBusNo      <integer> = 0x0000000000000000 (0)
00:00:00.851118   PCIDeviceNo   <integer> = 0x0000000000000007 (7)
00:00:00.851118   PCIFunctionNo <integer> = 0x0000000000000000 (0)
00:00:00.851119   Trusted       <integer> = 0x0000000000000001 (1)
00:00:00.851119 
00:00:00.851119 [/Devices/acpi/0/Config/] (level 4)
00:00:00.851121   CpuHotPlug          <integer> = 0x0000000000000000 (0)
00:00:00.851122   FdcEnabled          <integer> = 0x0000000000000001 (1)
00:00:00.851122   HostBusPciAddress   <integer> = 0x0000000000000000 (0)
00:00:00.851123   HpetEnabled         <integer> = 0x0000000000000000 (0)
00:00:00.851123   IOAPIC              <integer> = 0x0000000000000000 (0)
00:00:00.851124   IocPciAddress       <integer> = 0x0000000000010000 (65 536)
00:00:00.851125   NumCPUs             <integer> = 0x0000000000000001 (1)
00:00:00.851126   Parallel0IoPortBase <integer> = 0x0000000000000000 (0)
00:00:00.851126   Parallel0Irq        <integer> = 0x0000000000000000 (0)
00:00:00.851127   Parallel1IoPortBase <integer> = 0x0000000000000000 (0)
00:00:00.851127   Parallel1Irq        <integer> = 0x0000000000000000 (0)
00:00:00.851128   Serial0IoPortBase   <integer> = 0x0000000000000000 (0)
00:00:00.851129   Serial0Irq          <integer> = 0x0000000000000000 (0)
00:00:00.851129   Serial1IoPortBase   <integer> = 0x0000000000000000 (0)
00:00:00.851130   Serial1Irq          <integer> = 0x0000000000000000 (0)
00:00:00.851130   ShowCpu             <integer> = 0x0000000000000000 (0)
00:00:00.851131   ShowRtc             <integer> = 0x0000000000000000 (0)
00:00:00.851132   SmcEnabled          <integer> = 0x0000000000000000 (0)
00:00:00.851132 
00:00:00.851133 [/Devices/acpi/0/LUN#0/] (level 4)
00:00:00.851133   Driver <string>  = "ACPIHost" (cb=9)
00:00:00.851134 
00:00:00.851134 [/Devices/acpi/0/LUN#0/Config/] (level 5)
00:00:00.851135 
00:00:00.851135 [/Devices/apic/] (level 2)
00:00:00.851136 
00:00:00.851136 [/Devices/apic/0/] (level 3)
00:00:00.851137   Trusted <integer> = 0x0000000000000001 (1)
00:00:00.851138 
00:00:00.851138 [/Devices/apic/0/Config/] (level 4)
00:00:00.851139   IOAPIC  <integer> = 0x0000000000000000 (0)
00:00:00.851139   Mode    <integer> = 0x0000000000000002 (2)
00:00:00.851140   NumCPUs <integer> = 0x0000000000000001 (1)
00:00:00.851141 
00:00:00.851141 [/Devices/dp8390/] (level 2)
00:00:00.851141 
00:00:00.851142 [/Devices/e1000/] (level 2)
00:00:00.851143 
00:00:00.851143 [/Devices/i82078/] (level 2)
00:00:00.851143 
00:00:00.851144 [/Devices/i82078/0/] (level 3)
00:00:00.851145   Trusted <integer> = 0x0000000000000001 (1)
00:00:00.851145 
00:00:00.851145 [/Devices/i82078/0/Config/] (level 4)
00:00:00.851146   DMA       <integer> = 0x0000000000000002 (2)
00:00:00.851147   IOBase    <integer> = 0x00000000000003f0 (1 008)
00:00:00.851148   IRQ       <integer> = 0x0000000000000006 (6)
00:00:00.851148   MemMapped <integer> = 0x0000000000000000 (0)
00:00:00.851149 
00:00:00.851149 [/Devices/i82078/0/LUN#0/] (level 4)
00:00:00.851150   Driver <string>  = "VD" (cb=3)
00:00:00.851151 
00:00:00.851151 [/Devices/i82078/0/LUN#0/Config/] (level 5)
00:00:00.851152   Format        <string>  = "RAW" (cb=4)
00:00:00.851153   MaybeReadOnly <integer> = 0x0000000000000001 (1)
00:00:00.851153   Mountable     <integer> = 0x0000000000000001 (1)
00:00:00.851154   Path          <string>  = "C:\Users\RhythmicCarnage\Desktop\CyberStorm\build\cyberstorm.vfd" (cb=65)
00:00:00.851155   Type          <string>  = "Floppy 1.44" (cb=12)
00:00:00.851155 
00:00:00.851155 [/Devices/i82078/0/LUN#999/] (level 4)
00:00:00.851156   Driver <string>  = "MainStatus" (cb=11)
00:00:00.851157 
00:00:00.851157 [/Devices/i82078/0/LUN#999/Config/] (level 5)
00:00:00.851158   DeviceInstance       <string>  = "i82078/0" (cb=9)
00:00:00.851159   First                <integer> = 0x0000000000000000 (0)
00:00:00.851160   HasMediumAttachments <integer> = 0x0000000000000001 (1)
00:00:00.851160   Last                 <integer> = 0x0000000000000001 (1)
00:00:00.851161   iLedSet              <integer> = 0x0000000000000001 (1)
00:00:00.851162 
00:00:00.851162 [/Devices/i8254/] (level 2)
00:00:00.851162 
00:00:00.851163 [/Devices/i8254/0/] (level 3)
00:00:00.851163 
00:00:00.851164 [/Devices/i8254/0/Config/] (level 4)
00:00:00.851165 
00:00:00.851165 [/Devices/i8259/] (level 2)
00:00:00.851166 
00:00:00.851166 [/Devices/i8259/0/] (level 3)
00:00:00.851167   Trusted <integer> = 0x0000000000000001 (1)
00:00:00.851167 
00:00:00.851168 [/Devices/i8259/0/Config/] (level 4)
00:00:00.851169 
00:00:00.851169 [/Devices/ichac97/] (level 2)
00:00:00.851169 
00:00:00.851170 [/Devices/ichac97/0/] (level 3)
00:00:00.851170   PCIBusNo      <integer> = 0x0000000000000000 (0)
00:00:00.851171   PCIDeviceNo   <integer> = 0x0000000000000005 (5)
00:00:00.851172   PCIFunctionNo <integer> = 0x0000000000000000 (0)
00:00:00.851172   Trusted       <integer> = 0x0000000000000001 (1)
00:00:00.851173 
00:00:00.851173 [/Devices/ichac97/0/AudioConfig/] (level 4)
00:00:00.851174 
00:00:00.851174 [/Devices/ichac97/0/Config/] (level 4)
00:00:00.851175   Codec        <string>  = "STAC9700" (cb=9)
00:00:00.851176   DebugEnabled <integer> = 0x0000000000000000 (0)
00:00:00.851176 
00:00:00.851176 [/Devices/ichac97/0/LUN#0/] (level 4)
00:00:00.851177   Driver <string>  = "AUDIO" (cb=6)
00:00:00.851178 
00:00:00.851178 [/Devices/ichac97/0/LUN#0/AttachedDriver/] (level 5)
00:00:00.851179   Driver <string>  = "NullAudio" (cb=10)
00:00:00.851179 
00:00:00.851180 [/Devices/ichac97/0/LUN#0/AttachedDriver/Config/] (level 6)
00:00:00.851181 
00:00:00.851181 [/Devices/ichac97/0/LUN#0/Config/] (level 5)
00:00:00.851182   DriverName    <string>  = "NullAudio" (cb=10)
00:00:00.851183   InputEnabled  <integer> = 0x0000000000000000 (0)
00:00:00.851183   OutputEnabled <integer> = 0x0000000000000000 (0)
00:00:00.851184 
00:00:00.851184 [/Devices/ichac97/0/LUN#1/] (level 4)
00:00:00.851185   Driver <string>  = "AUDIO" (cb=6)
00:00:00.851185 
00:00:00.851186 [/Devices/ichac97/0/LUN#2/] (level 4)
00:00:00.851187   Driver <string>  = "AUDIO" (cb=6)
00:00:00.851187 
00:00:00.851187 [/Devices/mc146818/] (level 2)
00:00:00.851188 
00:00:00.851188 [/Devices/mc146818/0/] (level 3)
00:00:00.851189 
00:00:00.851189 [/Devices/mc146818/0/Config/] (level 4)
00:00:00.851190   UseUTC <integer> = 0x0000000000000000 (0)
00:00:00.851191 
00:00:00.851191 [/Devices/parallel/] (level 2)
00:00:00.851191 
00:00:00.851192 [/Devices/pcarch/] (level 2)
00:00:00.851192 
00:00:00.851192 [/Devices/pcarch/0/] (level 3)
00:00:00.851193   Trusted <integer> = 0x0000000000000001 (1)
00:00:00.851194 
00:00:00.851194 [/Devices/pcarch/0/Config/] (level 4)
00:00:00.851195 
00:00:00.851195 [/Devices/pcbios/] (level 2)
00:00:00.851196 
00:00:00.851196 [/Devices/pcbios/0/] (level 3)
00:00:00.851197   Trusted <integer> = 0x0000000000000001 (1)
00:00:00.851197 
00:00:00.851197 [/Devices/pcbios/0/Config/] (level 4)
00:00:00.851199   APIC           <integer> = 0x0000000000000001 (1)
00:00:00.851199   BootDevice0    <string>  = "FLOPPY" (cb=7)
00:00:00.851200   BootDevice1    <string>  = "NONE" (cb=5)
00:00:00.851200   BootDevice2    <string>  = "NONE" (cb=5)
00:00:00.851201   BootDevice3    <string>  = "NONE" (cb=5)
00:00:00.851201   FloppyDevice   <string>  = "i82078" (cb=7)
00:00:00.851202   HardDiskDevice <string>  = "piix3ide" (cb=9)
00:00:00.851202   IOAPIC         <integer> = 0x0000000000000000 (0)
00:00:00.851203   McfgBase       <integer> = 0x0000000000000000 (0)
00:00:00.851204   McfgLength     <integer> = 0x0000000000000000 (0)
00:00:00.851204   NumCPUs        <integer> = 0x0000000000000001 (1)
00:00:00.851205   PXEDebug       <integer> = 0x0000000000000000 (0)
00:00:00.851205   UUID           <bytes>   = "6a 1d 34 61 6c 8a e0 42 97 93 98 d0 53 b0 31 5e" (cb=16)
00:00:00.851207   UuidLe         <integer> = 0x0000000000000001 (1)
00:00:00.851208 
00:00:00.851208 [/Devices/pcbios/0/Config/NetBoot/] (level 5)
00:00:00.851209 
00:00:00.851209 [/Devices/pcbios/0/Config/NetBoot/0/] (level 6)
00:00:00.851211   NIC           <integer> = 0x0000000000000000 (0)
00:00:00.851211   PCIBusNo      <integer> = 0x0000000000000000 (0)
00:00:00.851212   PCIDeviceNo   <integer> = 0x0000000000000003 (3)
00:00:00.851212   PCIFunctionNo <integer> = 0x0000000000000000 (0)
00:00:00.851213 
00:00:00.851213 [/Devices/pci/] (level 2)
00:00:00.851214 
00:00:00.851214 [/Devices/pci/0/] (level 3)
00:00:00.851215   Trusted <integer> = 0x0000000000000001 (1)
00:00:00.851215 
00:00:00.851216 [/Devices/pci/0/Config/] (level 4)
00:00:00.851217   IOAPIC <integer> = 0x0000000000000000 (0)
00:00:00.851217 
00:00:00.851217 [/Devices/pcibridge/] (level 2)
00:00:00.851218 
00:00:00.851218 [/Devices/pckbd/] (level 2)
00:00:00.851219 
00:00:00.851219 [/Devices/pckbd/0/] (level 3)
00:00:00.851220   Trusted <integer> = 0x0000000000000001 (1)
00:00:00.851221 
00:00:00.851221 [/Devices/pckbd/0/Config/] (level 4)
00:00:00.851222 
00:00:00.851222 [/Devices/pckbd/0/LUN#0/] (level 4)
00:00:00.851223   Driver <string>  = "KeyboardQueue" (cb=14)
00:00:00.851223 
00:00:00.851223 [/Devices/pckbd/0/LUN#0/AttachedDriver/] (level 5)
00:00:00.851224   Driver <string>  = "MainKeyboard" (cb=13)
00:00:00.851225 
00:00:00.851225 [/Devices/pckbd/0/LUN#0/Config/] (level 5)
00:00:00.851226   QueueSize <integer> = 0x0000000000000040 (64, 64 B)
00:00:00.851227 
00:00:00.851227 [/Devices/pckbd/0/LUN#1/] (level 4)
00:00:00.851228   Driver <string>  = "MouseQueue" (cb=11)
00:00:00.851229 
00:00:00.851229 [/Devices/pckbd/0/LUN#1/AttachedDriver/] (level 5)
00:00:00.851230   Driver <string>  = "MainMouse" (cb=10)
00:00:00.851231 
00:00:00.851231 [/Devices/pckbd/0/LUN#1/Config/] (level 5)
00:00:00.851232   QueueSize <integer> = 0x0000000000000080 (128, 128 B)
00:00:00.851232 
00:00:00.851233 [/Devices/pcnet/] (level 2)
00:00:00.851233 
00:00:00.851234 [/Devices/pcnet/0/] (level 3)
00:00:00.851235   PCIBusNo      <integer> = 0x0000000000000000 (0)
00:00:00.851235   PCIDeviceNo   <integer> = 0x0000000000000003 (3)
00:00:00.851236   PCIFunctionNo <integer> = 0x0000000000000000 (0)
00:00:00.851236   Trusted       <integer> = 0x0000000000000001 (1)
00:00:00.851237 
00:00:00.851237 [/Devices/pcnet/0/Config/] (level 4)
00:00:00.851238   CableConnected <integer> = 0x0000000000000001 (1)
00:00:00.851239   ChipType       <string>  = "Am79C973" (cb=9)
00:00:00.851239   LineSpeed      <integer> = 0x0000000000000000 (0)
00:00:00.851240   MAC            <bytes>   = "08 00 27 ee af e6" (cb=6)
00:00:00.851241 
00:00:00.851241 [/Devices/pcnet/0/LUN#0/] (level 4)
00:00:00.851242   Driver <string>  = "NAT" (cb=4)
00:00:00.851242 
00:00:00.851243 [/Devices/pcnet/0/LUN#0/Config/] (level 5)
00:00:00.851244   AliasMode          <integer> = 0x0000000000000000 (0)
00:00:00.851244   BootFile           <string>  = "CyberStorm.pxe" (cb=15)
00:00:00.851245   DNSProxy           <integer> = 0x0000000000000000 (0)
00:00:00.851246   LocalhostReachable <integer> = 0x0000000000000000 (0)
00:00:00.851246   Network            <string>  = "10.0.2.0/24" (cb=12)
00:00:00.851247   PassDomain         <integer> = 0x0000000000000001 (1)
00:00:00.851248   TFTPPrefix         <string>  = "C:\Users\RhythmicCarnage\.VirtualBox\TFTP" (cb=42)
00:00:00.851248   UseHostResolver    <integer> = 0x0000000000000000 (0)
00:00:00.851249 
00:00:00.851249 [/Devices/pcnet/0/LUN#999/] (level 4)
00:00:00.851250   Driver <string>  = "MainStatus" (cb=11)
00:00:00.851250 
00:00:00.851251 [/Devices/pcnet/0/LUN#999/Config/] (level 5)
00:00:00.851252   First                <integer> = 0x0000000000000000 (0)
00:00:00.851252   HasMediumAttachments <integer> = 0x0000000000000000 (0)
00:00:00.851253   Last                 <integer> = 0x0000000000000000 (0)
00:00:00.851254   iLedSet              <integer> = 0x0000000000000002 (2)
00:00:00.851254 
00:00:00.851255 [/Devices/serial/] (level 2)
00:00:00.851255 
00:00:00.851255 [/Devices/vga/] (level 2)
00:00:00.851256 
00:00:00.851256 [/Devices/vga/0/] (level 3)
00:00:00.851257   PCIBusNo      <integer> = 0x0000000000000000 (0)
00:00:00.851258   PCIDeviceNo   <integer> = 0x0000000000000002 (2)
00:00:00.851258   PCIFunctionNo <integer> = 0x0000000000000000 (0)
00:00:00.851259   Trusted       <integer> = 0x0000000000000001 (1)
00:00:00.851259 
00:00:00.851260 [/Devices/vga/0/Config/] (level 4)
00:00:00.851261   3DEnabled        <integer> = 0x0000000000000000 (0)
00:00:00.851261   CustomVideoModes <integer> = 0x0000000000000000 (0)
00:00:00.851262   FadeIn           <integer> = 0x0000000000000001 (1)
00:00:00.851263   FadeOut          <integer> = 0x0000000000000001 (1)
00:00:00.851263   HeightReduction  <integer> = 0x0000000000000000 (0)
00:00:00.851264   LogoFile         <string>  = "" (cb=1)
00:00:00.851264   LogoTime         <integer> = 0x0000000000000000 (0)
00:00:00.851265   MonitorCount     <integer> = 0x0000000000000001 (1)
00:00:00.851266   ShowBootMenu     <integer> = 0x0000000000000002 (2)
00:00:00.851266   VRamSize         <integer> = 0x0000000000800000 (8 388 608, 8.0 MiB)
00:00:00.851267 
00:00:00.851267 [/Devices/vga/0/LUN#0/] (level 4)
00:00:00.851268   Driver <string>  = "MainDisplay" (cb=12)
00:00:00.851269 
00:00:00.851269 [/Devices/vga/0/LUN#0/Config/] (level 5)
00:00:00.851270 
00:00:00.851270 [/Devices/vga/0/LUN#999/] (level 4)
00:00:00.851271   Driver <string>  = "MainStatus" (cb=11)
00:00:00.851271 
00:00:00.851272 [/Devices/vga/0/LUN#999/Config/] (level 5)
00:00:00.851273   First                <integer> = 0x0000000000000000 (0)
00:00:00.851273   HasMediumAttachments <integer> = 0x0000000000000000 (0)
00:00:00.851274   Last                 <integer> = 0x0000000000000000 (0)
00:00:00.851275   iLedSet              <integer> = 0x0000000000000000 (0)
00:00:00.851275 
00:00:00.851275 [/Devices/virtio-net/] (level 2)
00:00:00.851276 
00:00:00.851276 [/EM/] (level 1)
00:00:00.851277   TripleFaultReset <integer> = 0x0000000000000000 (0)
00:00:00.851278 
00:00:00.851278 [/GCM/] (level 1)
00:00:00.851278   FixerSet <integer> = 0x0000000000000000 (0)
00:00:00.851279 
00:00:00.851279 [/GIM/] (level 1)
00:00:00.851280   Provider <string>  = "None" (cb=5)
00:00:00.851280 
00:00:00.851280 [/HM/] (level 1)
00:00:00.851281   64bitEnabled        <integer> = 0x0000000000000000 (0)
00:00:00.851282   EnableLargePages    <integer> = 0x0000000000000001 (1)
00:00:00.851283   EnableNestedPaging  <integer> = 0x0000000000000001 (1)
00:00:00.851283   EnableUX            <integer> = 0x0000000000000001 (1)
00:00:00.851284   EnableVPID          <integer> = 0x0000000000000001 (1)
00:00:00.851284   Exclusive           <integer> = 0x0000000000000000 (0)
00:00:00.851285   HMForced            <integer> = 0x0000000000000001 (1)
00:00:00.851286   IBPBOnVMEntry       <integer> = 0x0000000000000000 (0)
00:00:00.851286   IBPBOnVMExit        <integer> = 0x0000000000000000 (0)
00:00:00.851287   L1DFlushOnSched     <integer> = 0x0000000000000001 (1)
00:00:00.851287   L1DFlushOnVMEntry   <integer> = 0x0000000000000000 (0)
00:00:00.851288   MDSClearOnSched     <integer> = 0x0000000000000001 (1)
00:00:00.851288   MDSClearOnVMEntry   <integer> = 0x0000000000000000 (0)
00:00:00.851289   SpecCtrlByHost      <integer> = 0x0000000000000000 (0)
00:00:00.851290   SvmVirtVmsaveVmload <integer> = 0x0000000000000000 (0)
00:00:00.851290   UseNEMInstead       <integer> = 0x0000000000000000 (0)
00:00:00.851291 
00:00:00.851291 [/MM/] (level 1)
00:00:00.851291   CanUseLargerHeap <integer> = 0x0000000000000000 (0)
00:00:00.851292 
00:00:00.851292 [/NEM/] (level 1)
00:00:00.851293   Allow64BitGuests <integer> = 0x0000000000000000 (0)
00:00:00.851293 
00:00:00.851293 [/PDM/] (level 1)
00:00:00.851294 
00:00:00.851294 [/PDM/AsyncCompletion/] (level 2)
00:00:00.851295 
00:00:00.851295 [/PDM/AsyncCompletion/File/] (level 3)
00:00:00.851296 
00:00:00.851296 [/PDM/AsyncCompletion/File/BwGroups/] (level 4)
00:00:00.851297 
00:00:00.851297 [/PDM/BlkCache/] (level 2)
00:00:00.851298   CacheSize <integer> = 0x0000000000500000 (5 242 880, 5.0 MiB)
00:00:00.851299 
00:00:00.851299 [/PDM/Devices/] (level 2)
00:00:00.851300 
00:00:00.851300 [/PDM/Drivers/] (level 2)
00:00:00.851300 
00:00:00.851301 [/PDM/Drivers/VBoxC/] (level 3)
00:00:00.851301   Path <string>  = "VBoxC" (cb=6)
00:00:00.851302 
00:00:00.851302 [/PDM/NetworkShaper/] (level 2)
00:00:00.851303 
00:00:00.851303 [/PDM/NetworkShaper/BwGroups/] (level 3)
00:00:00.851304 
00:00:00.851304 [/TM/] (level 1)
00:00:00.851305   UTCOffset <integer> = 0x0000000000000000 (0)
00:00:00.851305 
00:00:00.851305 ********************* End of CFGM dump **********************
00:00:00.851365 HM: HMR3Init: Attempting fall back to NEM: AMD-V is not available
00:00:00.915146 NEM:  info: Found optional import WinHvPlatform.dll!WHvQueryGpaRangeDirtyBitmap.
00:00:00.915170 NEM:  info: Found optional import vid.dll!VidGetHvPartitionId.
00:00:00.915177 NEM:  info: Found optional import vid.dll!VidGetPartitionProperty.
00:00:00.915266 NEM: WHvCapabilityCodeHypervisorPresent is TRUE, so this might work...
00:00:00.915273 NEM: WHvCapabilityCodeExtendedVmExits      = 0x00000000000003ff
00:00:00.915280 NEM:                       fExtendedMsrExit: 1
00:00:00.915285 NEM:                     fExtendedCpuIdExit: 1
00:00:00.915290 NEM:                      fExtendedXcptExit: 1
00:00:00.915294 NEM: Warning! Unknown VM exit definitions: 0x3ff
00:00:00.915299 NEM: Warning! Unknown feature definitions: 0x7f
00:00:00.915303 NEM: Supported exception exit bitmap: 0xf7dfb
00:00:00.915310 NEM: WHvCapabilityCodeProcessorVendor      = 0 - AMD
00:00:00.915321 NEM: WHvCapabilityCodeProcessorFeatures    = 0x000006cb66f39fbf
00:00:00.915327 NEM:                            Sse3Support: 1
00:00:00.915332 NEM:                        LahfSahfSupport: 1
00:00:00.915336 NEM:                           Ssse3Support: 1
00:00:00.915341 NEM:                          Sse4_1Support: 1
00:00:00.915345 NEM:                          Sse4_2Support: 1
00:00:00.915349 NEM:                           Sse4aSupport: 1
00:00:00.915369 NEM:                             XopSupport: 0
00:00:00.915375 NEM:                          PopCntSupport: 1
00:00:00.915380 NEM:                      Cmpxchg16bSupport: 1
00:00:00.915384 NEM:                       Altmovcr8Support: 1
00:00:00.915389 NEM:                           LzcntSupport: 1
00:00:00.915393 NEM:                     MisAlignSseSupport: 1
00:00:00.915398 NEM:                          MmxExtSupport: 1
00:00:00.915402 NEM:                        Amd3DNowSupport: 0
00:00:00.915412 NEM:                ExtendedAmd3DNowSupport: 0
00:00:00.915417 NEM:                         Page1GbSupport: 1
00:00:00.915421 NEM:                             AesSupport: 1
00:00:00.915425 NEM:                       PclmulqdqSupport: 1
00:00:00.915430 NEM:                            PcidSupport: 0
00:00:00.915440 NEM:                            Fma4Support: 0
00:00:00.915445 NEM:                            F16CSupport: 1
00:00:00.915450 NEM:                          RdRandSupport: 1
00:00:00.915454 NEM:                        RdWrFsGsSupport: 1
00:00:00.915458 NEM:                            SmepSupport: 1
00:00:00.915463 NEM:              EnhancedFastStringSupport: 0
00:00:00.915467 NEM:                            Bmi1Support: 1
00:00:00.915472 NEM:                            Bmi2Support: 1
00:00:00.915476 NEM:                           MovbeSupport: 1
00:00:00.915480 NEM:                          Npiep1Support: 1
00:00:00.915485 NEM:                   DepX87FPUSaveSupport: 0
00:00:00.915489 NEM:                          RdSeedSupport: 1
00:00:00.915493 NEM:                             AdxSupport: 1
00:00:00.915498 NEM:                   IntelPrefetchSupport: 0
00:00:00.915502 NEM:                            SmapSupport: 1
00:00:00.915507 NEM:                             HleSupport: 0
00:00:00.915511 NEM:                             RtmSupport: 0
00:00:00.915516 NEM:                          RdtscpSupport: 1
00:00:00.915520 NEM:                      ClflushoptSupport: 1
00:00:00.915525 NEM:                            ClwbSupport: 0
00:00:00.915529 NEM:                             ShaSupport: 1
00:00:00.915534 NEM:                X87PointersSavedSupport: 1
00:00:00.915542 NEM: WHvCapabilityCodeProcessorClFlushSize = 2^8
00:00:00.915548 NEM: Warning! Unknown capability 0x4 returning: 3f 00 00 00 00 00 00 00 00 00 00 00 00 00 00 00 00 00 00 00 00 00 00 00
00:00:00.916164 NEM: Warning! Unknown capability 0x1003 returning: 1f 38 00 00 00 00 00 00 00 00 00 00 00 00 00 00 00 00 00 00 00 00 00 00
00:00:00.916179 NEM: Warning! Unknown capability 0x1004 returning: 80 5f 82 e2 00 00 00 00 00 00 00 00 00 00 00 00 00 00 00 00 00 00 00 00
00:00:00.916185 NEM: Warning! Unknown capability 0x1005 returning: 00 c2 eb 0b 00 00 00 00 00 00 00 00 00 00 00 00 00 00 00 00 00 00 00 00
00:00:00.916190 NEM: Warning! Unknown capability 0x1006 returning: 02 00 00 00 00 00 00 00 bf 9f f3 66 cb 06 00 00 04 00 00 00 00 00 00 00
00:00:00.916946 NEM: Created partition 0000018378ca7860.
00:00:00.917017 NEM:
00:00:00.917017 NEM: NEMR3Init: Snail execution mode is active!
00:00:00.917018 NEM: Note! VirtualBox is not able to run at its full potential in this execution mode.
00:00:00.917018 NEM:       To see VirtualBox run at max speed you need to disable all Windows features
00:00:00.917018 NEM:       making use of Hyper-V.  That is a moving target, so google how and carefully
00:00:00.917018 NEM:       consider the consequences of disabling these features.
00:00:00.917018 NEM:
00:00:00.917048 CPUM: No hardware-virtualization capability detected
00:00:00.917052 CPUM: fXStateHostMask=0x7; initial: 0x7; host XCR0=0x7
00:00:00.919687 CPUM: Matched host CPU AMD 0x17/0x8/0x2 AMD_Zen_Ryzen with CPU DB entry 'AMD Ryzen 7 1800X Eight-Core' (AMD 0x17/0x1/0x1 AMD_Zen_Ryzen)
00:00:00.920768 CPUM: MXCSR_MASK=0x2ffff (host: 0x2ffff)
00:00:00.920790 CPUM: Microcode revision 0x08008202
00:00:00.920806 CPUM: MSR fudge: 0x00000001 IA32_P5_MC_TYPE
00:00:00.920814 CPUM: MSR fudge: 0x00000017 IA32_PLATFORM_ID
00:00:00.920851 CPUM: MSR fudge: 0x0000001b IA32_APIC_BASE
00:00:00.920855 CPUM: MSR fudge: 0x0000008b BIOS_SIGN
00:00:00.920858 CPUM: MSR fudge: 0x000000fe IA32_MTRRCAP
00:00:00.920861 CPUM: MSR fudge: 0x00000179 IA32_MCG_CAP
00:00:00.920865 CPUM: MSR fudge: 0x0000017a IA32_MCG_STATUS
00:00:00.920868 CPUM: MSR fudge: 0x000001a0 IA32_MISC_ENABLE
00:00:00.920884 CPUM: MSR fudge: 0x000001d9 IA32_DEBUGCTL
00:00:00.920888 CPUM: MSR fudge: 0x000001db P6_LAST_BRANCH_FROM_IP
00:00:00.920891 CPUM: MSR fudge: 0x000001dc P6_LAST_BRANCH_TO_IP
00:00:00.920894 CPUM: MSR fudge: 0x000001dd P6_LAST_INT_FROM_IP
00:00:00.920897 CPUM: MSR fudge: 0x000001de P6_LAST_INT_TO_IP
00:00:00.920900 CPUM: MSR fudge: 0x00000277 IA32_PAT
00:00:00.920903 CPUM: MSR fudge: 0x000002ff IA32_MTRR_DEF_TYPE
00:00:00.920920 CPUM: MSR fudge: 0x00000400 IA32_MCi_CTL_STATUS_ADDR_MISC
00:00:00.920937 CPUM: MSR fudge: 0x0000002c P4_EBC_FREQUENCY_ID
00:00:00.920954 CPUM: MSR fudge: 0xc0000103 AMD64_TSC_AUX
00:00:00.921048 CPUM: SetGuestCpuIdFeature: Enabled PAE
00:00:00.921054 CPUM: Set SSBD not required flag for AMD to work around some buggy Linux kernels!
00:00:00.932012 NEM: HvPartitionPropertyProcessorVendor=0x0 (0)
00:00:00.932060 NEM: Successfully set up partition (device handle 0000000000000bd0, partition ID 0x32)
00:00:00.932273 PGM: Host paging mode: AMD64+PGE+NX
00:00:00.932284 PGM: PGMPool: cMaxPages=256 (u64MaxPages=48)
00:00:00.932288 PGM: pgmR3PoolInit: cMaxPages=0x100 cMaxUsers=0x200 cMaxPhysExts=0x200 fCacheEnable=true
00:00:01.007740 SUPLib: MEM_LARGE_PAGES works!
00:00:01.007971 TM: GIP - u32Mode=3 (Invariant) u32UpdateHz=93 u32UpdateIntervalNS=10741500 enmUseTscDelta=2 (Practically Zero) fGetGipCpu=0x2b cCpus=16
00:00:01.007980 TM: GIP - u64CpuHz=3 800 194 921 (0xe2825f69)  SUPGetCpuHzFromGip => 3 800 194 921
00:00:01.007985 TM: GIP - CPU: iCpuSet=0x0 idCpu=0x0 idApic=0x0 iGipCpu=0x7 i64TSCDelta=0 enmState=3 u64CpuHz=3800194855(*) cErrors=0
00:00:01.007990 TM: GIP - CPU: iCpuSet=0x1 idCpu=0x1 idApic=0x1 iGipCpu=0x8 i64TSCDelta=0 enmState=3 u64CpuHz=3800194850(*) cErrors=0
00:00:01.007994 TM: GIP - CPU: iCpuSet=0x2 idCpu=0x2 idApic=0x2 iGipCpu=0x9 i64TSCDelta=0 enmState=3 u64CpuHz=3800194826(*) cErrors=0
00:00:01.007998 TM: GIP - CPU: iCpuSet=0x3 idCpu=0x3 idApic=0x3 iGipCpu=0xa i64TSCDelta=0 enmState=3 u64CpuHz=3800194813(*) cErrors=0
00:00:01.008002 TM: GIP - CPU: iCpuSet=0x4 idCpu=0x4 idApic=0x4 iGipCpu=0x2 i64TSCDelta=0 enmState=3 u64CpuHz=3800188539(*) cErrors=0
00:00:01.008006 TM: GIP - CPU: iCpuSet=0x5 idCpu=0x5 idApic=0x5 iGipCpu=0x5 i64TSCDelta=0 enmState=3 u64CpuHz=3800194955(*) cErrors=0
00:00:01.008009 TM: GIP - CPU: iCpuSet=0x6 idCpu=0x6 idApic=0x6 iGipCpu=0x1 i64TSCDelta=0 enmState=3 u64CpuHz=3800183213(*) cErrors=0
00:00:01.008013 TM: GIP - CPU: iCpuSet=0x7 idCpu=0x7 idApic=0x7 iGipCpu=0x0 i64TSCDelta=0 enmState=3 u64CpuHz=3800194921(*) cErrors=0
00:00:01.008017 TM: GIP - CPU: iCpuSet=0x8 idCpu=0x8 idApic=0x8 iGipCpu=0x3 i64TSCDelta=0 enmState=3 u64CpuHz=3800193990(*) cErrors=0
00:00:01.008020 TM: GIP - CPU: iCpuSet=0x9 idCpu=0x9 idApic=0x9 iGipCpu=0x4 i64TSCDelta=0 enmState=3 u64CpuHz=3800194739(*) cErrors=0
00:00:01.008024 TM: GIP - CPU: iCpuSet=0xa idCpu=0xa idApic=0xa iGipCpu=0xb i64TSCDelta=0 enmState=3 u64CpuHz=3800194897(*) cErrors=0
00:00:01.008027 TM: GIP - CPU: iCpuSet=0xb idCpu=0xb idApic=0xb iGipCpu=0x6 i64TSCDelta=0 enmState=3 u64CpuHz=3800194906(*) cErrors=0
00:00:01.008031 TM: GIP - CPU: iCpuSet=0xc idCpu=0xc idApic=0xc iGipCpu=0xe i64TSCDelta=0 enmState=3 u64CpuHz=3800194921(*) cErrors=0
00:00:01.008035 TM: GIP - CPU: iCpuSet=0xd idCpu=0xd idApic=0xd iGipCpu=0xf i64TSCDelta=0 enmState=3 u64CpuHz=3800183213(*) cErrors=0
00:00:01.008038 TM: GIP - CPU: iCpuSet=0xe idCpu=0xe idApic=0xe iGipCpu=0xc i64TSCDelta=0 enmState=3 u64CpuHz=3800194875(*) cErrors=0
00:00:01.008042 TM: GIP - CPU: iCpuSet=0xf idCpu=0xf idApic=0xf iGipCpu=0xd i64TSCDelta=0 enmState=3 u64CpuHz=3800194890(*) cErrors=0
00:00:01.008052 TM: NEM overrides the /TM/TSCModeSwitchAllowed setting.
00:00:01.008066 TM:     cTSCTicksPerSecond=3 800 194 921 (0xe2825f69) enmTSCMode=4 (NativeApi)
00:00:01.008068 TM: cTSCTicksPerSecondHost=3 800 194 921 (0xe2825f69)
00:00:01.008069 TM: TSCTiedToExecution=false TSCNotTiedToHalt=false
00:00:01.008957 EMR3Init: fIemExecutesAll=false fGuruOnTripleFault=true
00:00:01.009464 IEM: TargetCpu=CURRENT, Microarch=AMD_Zen_Ryzen aidxTargetCpuEflFlavour={2,0}
00:00:01.009594 GIM: Using provider 'None' (Implementation version: 0)
00:00:01.009609 GCM: Initialized (fixer bits: 0x0)
00:00:01.009681 AIOMgr: Default manager type is 'Async'
00:00:01.009686 AIOMgr: Default file backend is 'NonBuffered'
00:00:01.009735 BlkCache: Cache successfully initialized. Cache size is 5242880 bytes
00:00:01.009741 BlkCache: Cache commit interval is 10000 ms
00:00:01.009744 BlkCache: Cache commit threshold is 2621440 bytes
00:00:01.613427 PcBios: [SMP] BIOS with 1 CPUs
00:00:01.613454 PcBios: Using the 386+ BIOS image.
00:00:01.613813 PcBios: fCheckShutdownStatusForSoftReset=true  fClearShutdownStatusOnHardReset=true
00:00:01.614032 CPUM: SetGuestCpuIdFeature: Enabled xAPIC
00:00:01.614440 PIT: mode=3 count=0x10000 (65536) - 18.20 Hz (ch=0)
00:00:01.614610 VMMDev: cbDefaultBudget: 1 073 741 824 (40000000)
00:00:01.672688 Shared Folders service loaded
00:00:01.689781 Guest Control service loaded
00:00:01.750783 VGA: Using the 386+ BIOS image.
00:00:01.751923 DrvVD: Flushes will be ignored
00:00:01.751941 DrvVD: Async flushes will be passed to the disk
00:00:01.752259 VD: VDInit finished with VINF_SUCCESS
00:00:01.752359 VD: Opening the disk took 403570 ns
00:00:01.752408 FDC: 1.44 MB 3"1/2 floppy disk (2 h 80 t 18 s) rw
00:00:01.765847 NAT: Guest address guess set to 10.0.2.15 by initialization
00:00:01.784489 NAT: DNS#0: 75.75.75.75
00:00:01.784522 NAT: DNS#1: 75.75.76.76
00:00:01.785284 AC97: Using codec 'STAC9700'
00:00:01.785357 Audio: Initializing NULL driver
00:00:01.785419 AC97: Reset
00:00:01.785429 AC97: Mixer reset (EAID=0x809, EACS=0x9)
00:00:01.785433 AC97: Record select to left=mic, right=mic
00:00:01.785708 PGM: The CPU physical address width is 48 bits
00:00:01.785716 PGM: PGMR3InitFinalize: 4 MB PSE mask 0000ffffffffffff -> VINF_SUCCESS
00:00:01.785725 TM: TMR3InitFinalize: fTSCModeSwitchAllowed=false
00:00:01.786068 VMM: Thread-context hooks unavailable
00:00:01.786076 VMM: RTThreadPreemptIsPending() can be trusted
00:00:01.786080 VMM: Kernel preemption is possible
00:00:01.786140 EM: Exit history optimizations: enabled=true enabled-r0=true enabled-r0-no-preemption=false
00:00:01.786158 APIC: fPostedIntrsEnabled=false fVirtApicRegsEnabled=false fSupportsTscDeadline=false
00:00:01.786163 TMR3UtcNow: nsNow=1 774 751 290 769 982 000 nsPrev=0 -> cNsDelta=1 774 751 290 769 982 000 (offLag=0 offVirtualSync=0 offVirtualSyncGivenUp=0, NowAgain=1 774 751 290 769 982 000)
00:00:01.786177 VMM: fUsePeriodicPreemptionTimers=true
00:00:01.786221 CPUM: Logical host processors: 16 present, 16 max, 16 online, online mask: 000000000000ffff
00:00:01.786223 CPUM: Physical host cores: 8
00:00:01.786223 ************************* CPUID dump ************************
00:00:01.786229          Raw Standard CPUID Leaves
00:00:01.786229      Leaf/sub-leaf  eax      ebx      ecx      edx
00:00:01.786232 Gst: 00000000/0000  0000000d 68747541 444d4163 69746e65
00:00:01.786233 Hst:                0000000d 68747541 444d4163 69746e65
00:00:01.786234 Gst: 00000001/0000  00800f82 00010800 42d82203 178bfbff
00:00:01.786235 Hst:                00800f82 0a100800 fed83203 178bfbff
00:00:01.786237 Gst: 00000002/0000  00000000 00000000 00000000 00000000
00:00:01.786237 Hst:                00000000 00000000 00000000 00000000
00:00:01.786238 Gst: 00000003/0000  00000000 00000000 00000000 00000000
00:00:01.786239 Hst:                00000000 00000000 00000000 00000000
00:00:01.786240 Gst: 00000004/0000  00000000 00000000 00000000 00000000
00:00:01.786240 Hst:                00000000 00000000 00000000 00000000
00:00:01.786242 Gst: 00000005/0000  00000000 00000000 00000000 00000000
00:00:01.786242 Hst:                00000000 00000000 00000000 00000000
00:00:01.786243 Gst: 00000006/0000  00000000 00000000 00000000 00000000
00:00:01.786244 Hst:                00000000 00000000 00000001 00000000
00:00:01.786245 Gst: 00000007/0000  00000000 00840109 00000000 00000000
00:00:01.786246 Hst:                00000000 209c01a9 00000000 00000000
00:00:01.786247 Gst: 00000007/0001  00000000 00000000 00000000 00000000
00:00:01.786247 Hst:                00000000 00000000 00000000 00000000
00:00:01.786248 Gst: 00000008/0000  00000000 00000000 00000000 00000000
00:00:01.786249 Hst:                00000000 00000000 00000000 00000000
00:00:01.786250 Gst: 00000009/0000  00000000 00000000 00000000 00000000
00:00:01.786250 Hst:                00000000 00000000 00000000 00000000
00:00:01.786252 Gst: 0000000a/0000  00000000 00000000 00000000 00000000
00:00:01.786252 Hst:                00000000 00000000 00000000 00000000
00:00:01.786253 Gst: 0000000b/0000  00000000 00000000 00000000 00000000
00:00:01.786254 Hst:                00000000 00000000 00000000 00000000
00:00:01.786255 Gst: 0000000c/0000  00000000 00000000 00000000 00000000
00:00:01.786255 Hst:                00000000 00000000 00000000 00000000
00:00:01.786257 Gst: 0000000d/0000  00000000 00000000 00000000 00000000
00:00:01.786257 Hst:                00000007 00000340 00000340 00000000
00:00:01.786259 Gst: 0000000d/0001  00000000 00000000 00000000 00000000
00:00:01.786260 Hst:                0000000f 00000340 00000000 00000000
00:00:01.786261 Gst: 0000000d/0002  00000000 00000000 00000000 00000000
00:00:01.786262 Hst:                00000100 00000240 00000000 00000000
00:00:01.786263 Gst: 0000000d/0003  00000000 00000000 00000000 00000000
00:00:01.786263 Hst:                00000000 00000000 00000000 00000000
00:00:01.786338                                Name: AuthenticAMD
00:00:01.786339                            Supports: 0x00000000-0x0000000d
00:00:01.786341                              Family: 15 	Extended: 8 	Effective: 23
00:00:01.786342                               Model:  8 	Extended: 0 	Effective: 8
00:00:01.786343                            Stepping: 2
00:00:01.786344                                Type: 0 (primary)
00:00:01.786345                             APIC ID: 0x00
00:00:01.786346                        Logical CPUs: 1
00:00:01.786346                        CLFLUSH Size: 8
00:00:01.786347                            Brand ID: 0x00
00:00:01.786348 Features
00:00:01.786350   Mnemonic - Description                                  = guest (host)
00:00:01.786350   FPU - x87 FPU on Chip                                   = 1 (1)
00:00:01.786352   VME - Virtual 8086 Mode Enhancements                    = 1 (1)
00:00:01.786353   DE - Debugging extensions                               = 1 (1)
00:00:01.786354   PSE - Page Size Extension                               = 1 (1)
00:00:01.786355   TSC - Time Stamp Counter                                = 1 (1)
00:00:01.786356   MSR - Model Specific Registers                          = 1 (1)
00:00:01.786357   PAE - Physical Address Extension                        = 1 (1)
00:00:01.786357   MCE - Machine Check Exception                           = 1 (1)
00:00:01.786358   CX8 - CMPXCHG8B instruction                             = 1 (1)
00:00:01.786359   APIC - APIC On-Chip                                     = 1 (1)
00:00:01.786360   SEP - SYSENTER and SYSEXIT Present                      = 1 (1)
00:00:01.786361   MTRR - Memory Type Range Registers                      = 1 (1)
00:00:01.786362   PGE - PTE Global Bit                                    = 1 (1)
00:00:01.786362   MCA - Machine Check Architecture                        = 1 (1)
00:00:01.786363   CMOV - Conditional Move instructions                    = 1 (1)
00:00:01.786364   PAT - Page Attribute Table                              = 1 (1)
00:00:01.786365   PSE-36 - 36-bit Page Size Extension                     = 1 (1)
00:00:01.786366   PSN - Processor Serial Number                           = 0 (0)
00:00:01.786366   CLFSH - CLFLUSH instruction                             = 1 (1)
00:00:01.786367   DS - Debug Store                                        = 0 (0)
00:00:01.786368   ACPI - Thermal Mon. & Soft. Clock Ctrl.                 = 0 (0)
00:00:01.786369   MMX - Intel MMX Technology                              = 1 (1)
00:00:01.786370   FXSR - FXSAVE and FXRSTOR instructions                  = 1 (1)
00:00:01.786371   SSE - SSE support                                       = 1 (1)
00:00:01.786372   SSE2 - SSE2 support                                     = 1 (1)
00:00:01.786372   SS - Self Snoop                                         = 0 (0)
00:00:01.786373   HTT - Hyper-Threading Technology                        = 1 (1)
00:00:01.786374   TM - Therm. Monitor                                     = 0 (0)
00:00:01.786375   PBE - Pending Break Enabled                             = 0 (0)
00:00:01.786376   SSE3 - SSE3 support                                     = 1 (1)
00:00:01.786377   PCLMUL - PCLMULQDQ support (for AES-GCM)                = 1 (1)
00:00:01.786378   DTES64 - DS Area 64-bit Layout                          = 0 (0)
00:00:01.786379   MONITOR - MONITOR/MWAIT instructions                    = 0 (0)
00:00:01.786379   CPL-DS - CPL Qualified Debug Store                      = 0 (0)
00:00:01.786380   VMX - Virtual Machine Extensions                        = 0 (0)
00:00:01.786381   SMX - Safer Mode Extensions                             = 0 (0)
00:00:01.786383   EST - Enhanced SpeedStep Technology                     = 0 (0)
00:00:01.786384   TM2 - Terminal Monitor 2                                = 0 (0)
00:00:01.786385   SSSE3 - Supplemental Streaming SIMD Extensions 3        = 1 (1)
00:00:01.786385   CNTX-ID - L1 Context ID                                 = 0 (0)
00:00:01.786386   SDBG - Silicon Debug interface                          = 0 (0)
00:00:01.786387   FMA - Fused Multiply Add extensions                     = 0 (1)
00:00:01.786388   CX16 - CMPXCHG16B instruction                           = 1 (1)
00:00:01.786389   TPRUPDATE - xTPR Update Control                         = 0 (0)
00:00:01.786389   PDCM - Perf/Debug Capability MSR                        = 0 (0)
00:00:01.786390   PCID - Process Context Identifiers                      = 0 (0)
00:00:01.786391   DCA - Direct Cache Access                               = 0 (0)
00:00:01.786392   SSE4_1 - SSE4_1 support                                 = 1 (1)
00:00:01.786393   SSE4_2 - SSE4_2 support                                 = 1 (1)
00:00:01.786394   X2APIC - x2APIC support                                 = 0 (0)
00:00:01.786394   MOVBE - MOVBE instruction                               = 1 (1)
00:00:01.786395   POPCNT - POPCNT instruction                             = 1 (1)
00:00:01.786396   TSCDEADL - Time Stamp Counter Deadline                  = 0 (0)
00:00:01.786397   AES - AES instructions                                  = 1 (1)
00:00:01.786398   XSAVE - XSAVE instruction                               = 0 (1)
00:00:01.786399   OSXSAVE - OSXSAVE instruction                           = 0 (1)
00:00:01.786399   AVX - AVX support                                       = 0 (1)
00:00:01.786400   F16C - 16-bit floating point conversion instructions    = 0 (1)
00:00:01.786401   RDRAND - RDRAND instruction                             = 1 (1)
00:00:01.786402   HVP - Hypervisor Present (we're a guest)                = 0 (1)
00:00:01.786404 Structured Extended Feature Flags Enumeration (leaf 7):
00:00:01.786405   Mnemonic - Description                                  = guest (host)
00:00:01.786406   FSGSBASE - RDFSBASE/RDGSBASE/WRFSBASE/WRGSBASE instr.   = 1 (1)
00:00:01.786406   TSCADJUST - Supports MSR_IA32_TSC_ADJUST                = 0 (0)
00:00:01.786407   SGX - Supports Software Guard Extensions                = 0 (0)
00:00:01.786408   BMI1 - Advanced Bit Manipulation extension 1            = 1 (1)
00:00:01.786409   HLE - Hardware Lock Elision                             = 0 (0)
00:00:01.786409   AVX2 - Advanced Vector Extensions 2                     = 0 (1)
00:00:01.786410   FDP_EXCPTN_ONLY - FPU DP only updated on exceptions     = 0 (0)
00:00:01.786411   SMEP - Supervisor Mode Execution Prevention             = 0 (1)
00:00:01.786411   BMI2 - Advanced Bit Manipulation extension 2            = 1 (1)
00:00:01.786412   ERMS - Enhanced REP MOVSB/STOSB instructions            = 0 (0)
00:00:01.786413   INVPCID - INVPCID instruction                           = 0 (0)
00:00:01.786414   RTM - Restricted Transactional Memory                   = 0 (0)
00:00:01.786414   PQM - Platform Quality of Service Monitoring            = 0 (0)
00:00:01.786415   DEPFPU_CS_DS - Deprecates FPU CS, FPU DS values if set  = 0 (0)
00:00:01.786416   MPE - Intel Memory Protection Extensions                = 0 (0)
00:00:01.786416   PQE - Platform Quality of Service Enforcement           = 0 (0)
00:00:01.786417   AVX512F - AVX512 Foundation instructions                = 0 (0)
00:00:01.786418   RDSEED - RDSEED instruction                             = 1 (1)
00:00:01.786419   ADX - ADCX/ADOX instructions                            = 0 (1)
00:00:01.786420   SMAP - Supervisor Mode Access Prevention                = 0 (1)
00:00:01.786420   CLFLUSHOPT - CLFLUSHOPT (Cache Line Flush) instruction  = 1 (1)
00:00:01.786421   INTEL_PT - Intel Processor Trace                        = 0 (0)
00:00:01.786422   AVX512PF - AVX512 Prefetch instructions                 = 0 (0)
00:00:01.786422   AVX512ER - AVX512 Exponential & Reciprocal instructions = 0 (0)
00:00:01.786423   AVX512CD - AVX512 Conflict Detection instructions       = 0 (0)
00:00:01.786424   SHA - Secure Hash Algorithm extensions                  = 0 (1)
00:00:01.786425   PREFETCHWT1 - PREFETCHWT1 instruction                   = 0 (0)
00:00:01.786425   UMIP - User mode insturction prevention                 = 0 (0)
00:00:01.786426   PKU - Protection Key for Usermode pages                 = 0 (0)
00:00:01.786427   OSPKE - CR4.PKU mirror                                  = 0 (0)
00:00:01.786428   MAWAU - Value used by BNDLDX & BNDSTX                   = 0x0 (0x0)
00:00:01.786429   RDPID - Read processor ID support                       = 0 (0)
00:00:01.786430   SGX_LC - Supports SGX Launch Configuration              = 0 (0)
00:00:01.786432 Processor Extended State Enumeration (leaf 0xd):
00:00:01.786433    XSAVE area cur/max size by XCR0, guest: 0x0/0x0
00:00:01.786433     XSAVE area cur/max size by XCR0, host: 0x340/0x340
00:00:01.786434                    Valid XCR0 bits, guest: 0x00000000`00000000
00:00:01.786435                     Valid XCR0 bits, host: 0x00000000`00000007 ( x87 SSE YMM_Hi128 )
00:00:01.786439                     XSAVE features, guest:
00:00:01.786439                      XSAVE features, host: XSAVEOPT XSAVEC XGETBC1 XSAVES
00:00:01.786441       XSAVE area cur size XCR0|XSS, guest: 0x0
00:00:01.786441        XSAVE area cur size XCR0|XSS, host: 0x340
00:00:01.786442                Valid IA32_XSS bits, guest: 0x00000000`00000000
00:00:01.786443                 Valid IA32_XSS bits, host: 0x00000000`00000000
00:00:01.786444   State #2, host:  off=0x0240, cb=0x0100 IA32_XSS-bit -- YMM_Hi128
00:00:01.786483          Raw Extended CPUID Leaves
00:00:01.786484      Leaf/sub-leaf  eax      ebx      ecx      edx
00:00:01.786485 Gst: 80000000/0000  8000001e 68747541 444d4163 69746e65
00:00:01.786486 Hst:                8000001f 68747541 444d4163 69746e65
00:00:01.786487 Gst: 80000001/0000  00800f82 20000000 000001f1 0bd3fb7f
00:00:01.786488 Hst:                00800f82 20000000 004023f3 2fd3fbff
00:00:01.786489 Gst: 80000002/0000  20444d41 657a7952 2037206e 30303732
00:00:01.786490 Hst:                20444d41 657a7952 2037206e 30303732
00:00:01.786491 Gst: 80000003/0000  69452058 2d746867 65726f43 6f725020
00:00:01.786492 Hst:                69452058 2d746867 65726f43 6f725020
00:00:01.786493 Gst: 80000004/0000  73736563 2020726f 20202020 00202020
00:00:01.786494 Hst:                73736563 2020726f 20202020 00202020
00:00:01.786495 Gst: 80000005/0000  ff40ff40 ff40ff40 20080140 40040140
00:00:01.786496 Hst:                ff40ff40 ff40ff40 20080140 40040140
00:00:01.786498 Gst: 80000006/0000  26006400 66006400 02006140 00808140
00:00:01.786498 Hst:                26006400 66006400 02006140 00808140
00:00:01.786500 Gst: 80000007/0000  00000000 00000000 00000000 00000100
00:00:01.786501 Hst:                00000000 0000001b 00000000 00004789
00:00:01.786502 Gst: 80000008/0000  00003030 04000000 00000000 00000000
00:00:01.786503 Hst:                00003030 02000005 0000400f 00000000
00:00:01.786504 Gst: 80000009/0000  00000000 00000000 00000000 00000000
00:00:01.786504 Hst:                00000000 00000000 00000000 00000000
00:00:01.786505 Gst: 8000000a/0000  00000000 00000000 00000000 00000000
00:00:01.786506 Hst:                00000000 00000000 00000000 00000000
00:00:01.786507 Gst: 8000000b/0000  00000000 00000000 00000000 00000000
00:00:01.786508 Hst:                00000000 00000000 00000000 00000000
00:00:01.786509 Gst: 8000000c/0000  00000000 00000000 00000000 00000000
00:00:01.786510 Hst:                00000000 00000000 00000000 00000000
00:00:01.786511 Gst: 8000000d/0000  00000000 00000000 00000000 00000000
00:00:01.786511 Hst:                00000000 00000000 00000000 00000000
00:00:01.786512 Gst: 8000000e/0000  00000000 00000000 00000000 00000000
00:00:01.786513 Hst:                00000000 00000000 00000000 00000000
00:00:01.786514 Gst: 8000000f/0000  00000000 00000000 00000000 00000000
00:00:01.786515 Hst:                00000000 00000000 00000000 00000000
00:00:01.786516 Gst: 80000010/0000  00000000 00000000 00000000 00000000
00:00:01.786516 Hst:                00000000 00000000 00000000 00000000
00:00:01.786517 Gst: 80000011/0000  00000000 00000000 00000000 00000000
00:00:01.786518 Hst:                00000000 00000000 00000000 00000000
00:00:01.786519 Gst: 80000012/0000  00000000 00000000 00000000 00000000
00:00:01.786520 Hst:                00000000 00000000 00000000 00000000
00:00:01.786521 Gst: 80000013/0000  00000000 00000000 00000000 00000000
00:00:01.786522 Hst:                00000000 00000000 00000000 00000000
00:00:01.786523 Gst: 80000014/0000  00000000 00000000 00000000 00000000
00:00:01.786523 Hst:                00000000 00000000 00000000 00000000
00:00:01.786524 Gst: 80000015/0000  00000000 00000000 00000000 00000000
00:00:01.786525 Hst:                00000000 00000000 00000000 00000000
00:00:01.786526 Gst: 80000016/0000  00000000 00000000 00000000 00000000
00:00:01.786527 Hst:                00000000 00000000 00000000 00000000
00:00:01.786528 Gst: 80000017/0000  00000000 00000000 00000000 00000000
00:00:01.786529 Hst:                00000000 00000000 00000000 00000000
00:00:01.786530 Gst: 80000018/0000  00000000 00000000 00000000 00000000
00:00:01.786530 Hst:                00000000 00000000 00000000 00000000
00:00:01.786531 Gst: 80000019/0000  00000000 00000000 00000000 00000000
00:00:01.786532 Hst:                00000000 00000000 00000000 00000000
00:00:01.786533 Gst: 8000001a/0000  00000003 00000000 00000000 00000000
00:00:01.786534 Hst:                00000003 00000000 00000000 00000000
00:00:01.786535 Gst: 8000001b/0000  00000000 00000000 00000000 00000000
00:00:01.786536 Hst:                00000000 00000000 00000000 00000000
00:00:01.786537 Gst: 8000001c/0000  00000000 00000000 00000000 00000000
00:00:01.786537 Hst:                00000000 00000000 00000000 00000000
00:00:01.786539 Gst: 8000001d/0000  00000121 01c0003f 0000003f 00000000
00:00:01.786539 Hst:                00004121 01c0003f 0000003f 00000000
00:00:01.786541 Gst: 8000001d/0001  00000122 00c0003f 000000ff 00000000
00:00:01.786541 Hst:                00004122 00c0003f 000000ff 00000000
00:00:01.786542 Gst: 8000001d/0002  00000143 01c0003f 000003ff 00000002
00:00:01.786543 Hst:                00004143 01c0003f 000003ff 00000002
00:00:01.786544 Gst: 8000001d/0003  00000163 03c0003f 00001fff 00000001
00:00:01.786545 Hst:                0001c163 03c0003f 00001fff 00000001
00:00:01.786546 Gst: 8000001d/0004  00000000 00000000 00000000 00000000
00:00:01.786547 Hst:                00000000 00000000 00000000 00000000
00:00:01.786548 Gst: 8000001e/0000  00000000 00000000 00000000 00000000
00:00:01.786549 Hst:                0000000a 00000105 00000000 00000000
00:00:01.786550 Hst: 8000001f/0000  00000000 00000000 00000000 00000000
00:00:01.786551 Ext Name:                        AuthenticAMD
00:00:01.786552 Ext Supports:                    0x80000000-0x8000001e
00:00:01.786552 Family:                          15  	Extended: 8 	Effective: 23
00:00:01.786553 Model:                           8  	Extended: 0 	Effective: 8
00:00:01.786553 Stepping:                        2
00:00:01.786554 Brand ID:                        0x000
00:00:01.786555 Ext Features
00:00:01.786555   Mnemonic - Description                                  = guest (host)
00:00:01.786555   FPU - x87 FPU on Chip                                   = 1 (1)
00:00:01.786556   VME - Virtual 8086 Mode Enhancements                    = 1 (1)
00:00:01.786557   DE - Debugging extensions                               = 1 (1)
00:00:01.786558   PSE - Page Size Extension                               = 1 (1)
00:00:01.786559   TSC - Time Stamp Counter                                = 1 (1)
00:00:01.786560   MSR - K86 Model Specific Registers                      = 1 (1)
00:00:01.786560   PAE - Physical Address Extension                        = 1 (1)
00:00:01.786561   MCE - Machine Check Exception                           = 0 (1)
00:00:01.786562   CX8 - CMPXCHG8B instruction                             = 1 (1)
00:00:01.786563   APIC - APIC On-Chip                                     = 1 (1)
00:00:01.786564   SEP - SYSCALL/SYSRET                                    = 1 (1)
00:00:01.786565   MTRR - Memory Type Range Registers                      = 1 (1)
00:00:01.786565   PGE - PTE Global Bit                                    = 1 (1)
00:00:01.786566   MCA - Machine Check Architecture                        = 1 (1)
00:00:01.786567   CMOV - Conditional Move instructions                    = 1 (1)
00:00:01.786568   PAT - Page Attribute Table                              = 1 (1)
00:00:01.786569   PSE-36 - 36-bit Page Size Extension                     = 1 (1)
00:00:01.786569   NX - No-Execute/Execute-Disable                         = 1 (1)
00:00:01.786570   AXMMX - AMD Extensions to MMX instructions              = 1 (1)
00:00:01.786571   MMX - Intel MMX Technology                              = 1 (1)
00:00:01.786572   FXSR - FXSAVE and FXRSTOR Instructions                  = 1 (1)
00:00:01.786573   FFXSR - AMD fast FXSAVE and FXRSTOR instructions        = 1 (1)
00:00:01.786573   Page1GB - 1 GB large page                               = 0 (1)
00:00:01.786574   RDTSCP - RDTSCP instruction                             = 1 (1)
00:00:01.786575   LM - AMD64 Long Mode                                    = 0 (1)
00:00:01.786576   3DNOWEXT - AMD Extensions to 3DNow                      = 0 (0)
00:00:01.786577   3DNOW - AMD 3DNow                                       = 0 (0)
00:00:01.786578   LahfSahf - LAHF/SAHF support in 64-bit mode             = 1 (1)
00:00:01.786579   CmpLegacy - Core multi-processing legacy mode           = 0 (1)
00:00:01.786579   SVM - AMD Secure Virtual Machine extensions             = 0 (0)
00:00:01.786580   EXTAPIC - AMD Extended APIC registers                   = 0 (0)
00:00:01.786581   CR8L - AMD LOCK MOV CR0 means MOV CR8                   = 1 (1)
00:00:01.786582   ABM - AMD Advanced Bit Manipulation                     = 1 (1)
00:00:01.786583   SSE4A - SSE4A instructions                              = 1 (1)
00:00:01.786583   MISALIGNSSE - AMD Misaligned SSE mode                   = 1 (1)
00:00:01.786584   3DNOWPRF - AMD PREFETCH and PREFETCHW instructions      = 1 (1)
00:00:01.786585   OSVW - AMD OS Visible Workaround                        = 0 (1)
00:00:01.786586   IBS - Instruct Based Sampling                           = 0 (0)
00:00:01.786587   XOP - Extended Operation support                        = 0 (0)
00:00:01.786587   SKINIT - SKINIT, STGI, and DEV support                  = 0 (0)
00:00:01.786588   WDT - AMD Watchdog Timer support                        = 0 (1)
00:00:01.786589   LWP - Lightweight Profiling support                     = 0 (0)
00:00:01.786590   FMA4 - Four operand FMA instruction support             = 0 (0)
00:00:01.786591   NodeId - NodeId in MSR C001_100C                        = 0 (0)
00:00:01.786591   TBM - Trailing Bit Manipulation instructions            = 0 (0)
00:00:01.786592   TOPOEXT - Topology Extensions                           = 0 (1)
00:00:01.786593   PRFEXTCORE - Performance Counter Extensions support     = 0 (0)
00:00:01.786594   PRFEXTNB - NB Performance Counter Extensions support    = 0 (0)
00:00:01.786594   DATABPEXT - Data-access Breakpoint Extension            = 0 (0)
00:00:01.786595   PERFTSC - Performance Time Stamp Counter                = 0 (0)
00:00:01.786596   PCX_L2I - L2I/L3 Performance Counter Extensions         = 0 (0)
00:00:01.786596   MWAITX - MWAITX and MONITORX instructions               = 0 (0)
00:00:01.786597 Full Name:                       "AMD Ryzen 7 2700X Eight-Core Processor         "
00:00:01.786599 TLB 2/4M Instr/Uni:              fully  64 entries
00:00:01.786600 TLB 2/4M Data:                   fully  64 entries
00:00:01.786600 TLB 4K Instr/Uni:                fully  64 entries
00:00:01.786601 TLB 4K Data:                     fully  64 entries
00:00:01.786601 L1 Instr Cache Line Size:        64 bytes
00:00:01.786602 L1 Instr Cache Lines Per Tag:    1
00:00:01.786602 L1 Instr Cache Associativity:    4 way
00:00:01.786602 L1 Instr Cache Size:             64 KB
00:00:01.786603 L1 Data Cache Line Size:         64 bytes
00:00:01.786603 L1 Data Cache Lines Per Tag:     1
00:00:01.786603 L1 Data Cache Associativity:     8 way
00:00:01.786604 L1 Data Cache Size:              32 KB
00:00:01.786604 L2 TLB 2/4M Instr/Uni:           8 way  1024 entries
00:00:01.786605 L2 TLB 2/4M Data:                2 way  1536 entries
00:00:01.786605 L2 TLB 4K Instr/Uni:             8 way  1024 entries
00:00:01.786606 L2 TLB 4K Data:                  8 way  1536 entries
00:00:01.786606 L2 Cache Line Size:              64 bytes
00:00:01.786606 L2 Cache Lines Per Tag:          1
00:00:01.786607 L2 Cache Associativity:          16 way
00:00:01.786607 L2 Cache Size:                   128 KB
00:00:01.786608   TS - Temperature Sensor                                 = 0 (1)
00:00:01.786609   FID - Frequency ID control                              = 0 (0)
00:00:01.786610   VID - Voltage ID control                                = 0 (0)
00:00:01.786611   TTP - Thermal Trip                                      = 0 (1)
00:00:01.786612   TM - Hardware Thermal Control (HTC)                     = 0 (0)
00:00:01.786613   100MHzSteps - 100 MHz Multiplier control                = 0 (0)
00:00:01.786614   HwPstate - Hardware P-state control                     = 0 (1)
00:00:01.786615   TscInvariant - Invariant Time Stamp Counter             = 1 (1)
00:00:01.786615   CBP - Core Performance Boost                            = 0 (1)
00:00:01.786616   EffFreqRO - Read-only Effective Frequency Interface     = 0 (1)
00:00:01.786617   ProcFdbkIf - Processor Feedback Interface               = 0 (0)
00:00:01.786618   ProcPwrRep - Core power reporting interface support     = 0 (0)
00:00:01.786619   14 - Reserved                                           = 0 (1)
00:00:01.786620   CLZERO - Clear zero instruction (cacheline)             = 0 (1)
00:00:01.786621   IRPerf - Instructions retired count support             = 0 (0)
00:00:01.786622   XSaveErPtr - Save/restore error pointers (FXSAVE/RSTOR*) = 0 (1)
00:00:01.786623   RDPRU - RDPRU instruction                               = 0 (0)
00:00:01.786624   MCOMMIT - MCOMMIT instruction                           = 0 (0)
00:00:01.786625   IBPB - Supports the IBPB command in IA32_PRED_CMD       = 0 (0)
00:00:01.786625   25 - Reserved                                           = 0 (1)
00:00:01.786626   26 - Reserved                                           = 1 (0)
00:00:01.786627 Physical Address Width:          48 bits
00:00:01.786628 Virtual Address Width:           48 bits
00:00:01.786628 Guest Physical Address Width:    0 bits
00:00:01.786628 Physical Core Count:             1
00:00:01.786630 
00:00:01.786630 ******************** End of CPUID dump **********************
00:00:01.786671 VMEmt: Halt method global1 (5)
00:00:01.786749 VMEmt: HaltedGlobal1 config: cNsSpinBlockThresholdCfg=50000
00:00:01.786760 Changing the VM state from 'CREATING' to 'CREATED'
00:00:01.787760 Changing the VM state from 'CREATED' to 'POWERING_ON'
00:00:01.787836 Changing the VM state from 'POWERING_ON' to 'RUNNING'
00:00:01.787848 Console: Machine state changed to 'Running'
00:00:01.789628 VMMDev: Guest Log: BIOS: VirtualBox 7.0.10
00:00:01.789859 PCI: Setting up resources and interrupts
00:00:01.790027 PIT: mode=2 count=0x10000 (65536) - 18.20 Hz (ch=0)
00:00:01.808687 Display::i_handleDisplayResize: uScreenId=0 pvVRAM=0000000000000000 w=720 h=400 bpp=0 cbLine=0x0 flags=0x0 origin=0,0
00:00:01.812804 VMMDev: Guest Log: CPUID EDX: 0x178bfbff
00:00:01.813474 VMMDev: Guest Log: BIOS: No PCI IDE controller, not probing IDE
00:00:01.858948 PIT: mode=2 count=0x48d3 (18643) - 64.00 Hz (ch=0)
00:00:01.872347 Display::i_handleDisplayResize: uScreenId=0 pvVRAM=000001837d600000 w=640 h=480 bpp=32 cbLine=0xA00 flags=0x0 origin=0,0
00:00:02.030992 VBoxHeadless: starting event loop
00:00:04.337931 PIT: mode=2 count=0x10000 (65536) - 18.20 Hz (ch=0)
00:00:04.338205 VMMDev: Guest Log: BIOS: Boot : bseqnr=1, bootseq=0001
00:00:04.342982 Display::i_handleDisplayResize: uScreenId=0 pvVRAM=0000000000000000 w=720 h=400 bpp=0 cbLine=0x0 flags=0x0 origin=0,0
00:00:04.358651 VMMDev: Guest Log: BIOS: Booting from Floppy...
00:00:04.363419 Display::i_handleDisplayResize: uScreenId=0 pvVRAM=000001837d600000 w=640 h=400 bpp=0 cbLine=0x140 flags=0x0 origin=0,0
