00:00:00.125322 VirtualBox GUI (separate) 7.0.10 r158379 win.amd64 (Jul 12 2023 18:34:34) release log
00:00:00.125324 Log opened 2026-03-28T04:26:36.098347600Z
00:00:00.125324 Build Type: release
00:00:00.125336 OS Product: Windows 10
00:00:00.125337 OS Release: 10.0.19045
00:00:00.125337 OS Service Pack: 
00:00:00.140874 DMI Product Name: System Product Name
00:00:00.147476 DMI Product Version: System Version
00:00:00.147501 Firmware type: UEFI
00:00:00.147981 Secure Boot: VERR_PRIVILEGE_NOT_HELD
00:00:00.148010 Host RAM: 32692MB (31.9GB) total, 14134MB (13.8GB) available
00:00:00.148015 Executable: C:\Program Files\Oracle\VirtualBox\VirtualBoxVM.exe
00:00:00.148016 Process ID: 43680
00:00:00.148017 Package type: WINDOWS_64BITS_GENERIC
00:00:00.149380 GUI: UIMediumEnumerator: Initial medium-enumeration finished!
00:00:00.895719 GUI: UIMediumEnumerator: Medium-enumeration started...
00:00:01.731268 GUI: UIFrameBufferPrivate::performResize: Size=640x480, Using fallback buffer since no source bitmap is provided
00:00:01.735614 DnD: User Interface Privilege Isolation (UIPI) is running with SECURITY_MANDATORY_MEDIUM_RID
00:00:01.736426 GUI: UIMachineViewNormal::resendSizeHint: Restoring guest size-hint for screen 0 to 800x600
00:00:01.930813 GUI: UIMediumEnumerator: Medium-enumeration finished!
00:00:01.952540 GUI: Request to close Runtime UI because VM is powered off already.
00:00:01.952584 GUI: Passing request to close Runtime UI from UI session to UI machine.
00:00:01.962411 GUI: Aborting startup due to invalid machine state detected: 1
00:00:02.012879 GUI: UICommon: Handling aboutToQuit request..
00:00:02.988983 GUI: UICommon: aboutToQuit request handled!
