00:00:00.443064 VirtualBox VM 7.0.10 r158379 win.amd64 (Jul 12 2023 18:34:34) release log
00:00:00.443066 Log opened 2026-04-10T14:23:30.937566700Z
00:00:00.443066 Build Type: release
00:00:00.443069 OS Product: Windows 10
00:00:00.443069 OS Release: 10.0.19045
00:00:00.443070 OS Service Pack: 
00:00:00.515858 DMI Product Name: System Product Name
00:00:00.518630 DMI Product Version: System Version
00:00:00.518642 Firmware type: UEFI
00:00:00.519085 Secure Boot: VERR_PRIVILEGE_NOT_HELD
00:00:00.519102 Host RAM: 32692MB (31.9GB) total, 19320MB (18.8GB) available
00:00:00.519104 Executable: C:\Program Files\Oracle\VirtualBox\VBoxHeadless.exe
00:00:00.519105 Process ID: 54936
00:00:00.519105 Package type: WINDOWS_64BITS_GENERIC
00:00:00.519624 Installed Extension Packs:
00:00:00.519636   None installed!
00:00:00.520190 Console: Machine state changed to 'Starting'
00:00:00.634088 SUP: seg #0: R   0x00000000 LB 0x00001000
00:00:00.634106 SUP: seg #1: R X 0x00001000 LB 0x00179000
00:00:00.634110 SUP: seg #2: R   0x0017a000 LB 0x00051000
00:00:00.634114 SUP: seg #3: RW  0x001cb000 LB 0x00013000
00:00:00.634117 SUP: seg #4: R   0x001de000 LB 0x00011000
00:00:00.634121 SUP: seg #5: RW  0x001ef000 LB 0x00004000
00:00:00.634124 SUP: seg #6: R   0x001f3000 LB 0x00010000
00:00:00.634127 SUP: seg #7: R X 0x00203000 LB 0x00002000
00:00:00.634130 SUP: seg #8: R   0x00205000 LB 0x00007000
00:00:00.637676 SUP: Loaded VMMR0.r0 (C:\Program Files\Oracle\VirtualBox/VMMR0.r0) at 0xXXXXXXXXXXXXXXXX - ModuleInit at XXXXXXXXXXXXXXXX and ModuleTerm at XXXXXXXXXXXXXXXX using the native ring-0 loader
00:00:00.637712 SUP: VMMR0EntryEx located at XXXXXXXXXXXXXXXX and VMMR0EntryFast at XXXXXXXXXXXXXXXX
00:00:00.637716 SUP: windbg> .reload /f C:\Program Files\Oracle\VirtualBox/VMMR0.r0=0xXXXXXXXXXXXXXXXX
00:00:00.640653 Guest OS type: 'Other'
00:00:00.641275 fHMForced=true - No raw-mode support in this build!
00:00:00.644778 File system of 'C:\Users\RhythmicCarnage\Desktop\CyberStorm\build\cyberstorm.vfd' (Floppy) is ntfs
00:00:00.649799 Audio: Detected default audio driver type is 'HostAudioWas'
00:00:00.668724 Shared Clipboard: Service loaded
00:00:00.668752 Shared Clipboard: Mode: Off
00:00:00.668804 Shared Clipboard: Service running in headless mode
00:00:00.688299 Drag and drop service loaded
00:00:00.688316 Drag and drop mode: Off
00:00:00.852609 ************************* CFGM dump *************************
00:00:00.852614 [/] (level 0)
00:00:00.852616   CpuExecutionCap   <integer> = 0x0000000000000064 (100)
00:00:00.852617   EnablePAE         <integer> = 0x0000000000000001 (1)
00:00:00.852619   HMEnabled         <integer> = 0x0000000000000001 (1)
00:00:00.852619   MemBalloonSize    <integer> = 0x0000000000000000 (0, 0 B)
00:00:00.852623   Name              <string>  = "CyberStorm" (cb=11)
00:00:00.852624   NumCPUs           <integer> = 0x0000000000000001 (1)
00:00:00.852625   PageFusionAllowed <integer> = 0x0000000000000000 (0)
00:00:00.852626   RamHoleSize       <integer> = 0x0000000020000000 (536 870 912, 512.0 MiB)
00:00:00.852627   RamSize           <integer> = 0x0000000002000000 (33 554 432, 32.0 MiB)
00:00:00.852628   TimerMillies      <integer> = 0x000000000000000a (10)
00:00:00.852629   UUID              <bytes>   = "14 87 e4 00 ea e3 8c 45 82 ad e4 15 39 e2 d2 5c" (cb=16)
00:00:00.852633 
00:00:00.852633 [/CPUM/] (level 1)
00:00:00.852635   Enable64bit        <integer> = 0x0000000000000000 (0)
00:00:00.852635   GuestCpuName       <string>  = "host" (cb=5)
00:00:00.852636   NestedHWVirt       <integer> = 0x0000000000000000 (0)
00:00:00.852636   PortableCpuIdLevel <integer> = 0x0000000000000000 (0)
00:00:00.852637   SpecCtrl           <integer> = 0x0000000000000000 (0)
00:00:00.852638 
00:00:00.852638 [/CPUM/IsaExts/] (level 2)
00:00:00.852639 
00:00:00.852639 [/DBGC/] (level 1)
00:00:00.852640   GlobalInitScript <string>  = "C:\Users\RhythmicCarnage\.VirtualBox/dbgc-init" (cb=47)
00:00:00.852641   HistoryFile      <string>  = "C:\Users\RhythmicCarnage\.VirtualBox/dbgc-history" (cb=50)
00:00:00.852641   LocalInitScript  <string>  = "C:\Users\RhythmicCarnage\Desktop\CyberStorm\deploy\virtualbox\CyberStorm/dbgc-init" (cb=83)
00:00:00.852642 
00:00:00.852642 [/DBGF/] (level 1)
00:00:00.852643   Path <string>  = "C:\Users\RhythmicCarnage\Desktop\CyberStorm\deploy\virtualbox\CyberStorm/debug/;C:\Users\RhythmicCarnage\Desktop\CyberStorm\deploy\virtualbox\CyberStorm/;cache*C:\Users\RhythmicCarnage\Desktop\CyberStorm\deploy\virtualbox\CyberStorm/dbgcache/;C:\Users\RhythmicCarnage\" (cb=269)
00:00:00.852643 
00:00:00.852644 [/Devices/] (level 1)
00:00:00.852644 
00:00:00.852644 [/Devices/3c501/] (level 2)
00:00:00.852645 
00:00:00.852645 [/Devices/8237A/] (level 2)
00:00:00.852646 
00:00:00.852646 [/Devices/8237A/0/] (level 3)
00:00:00.852647   Trusted <integer> = 0x0000000000000001 (1)
00:00:00.852648 
00:00:00.852648 [/Devices/VMMDev/] (level 2)
00:00:00.852649 
00:00:00.852649 [/Devices/VMMDev/0/] (level 3)
00:00:00.852650   PCIBusNo      <integer> = 0x0000000000000000 (0)
00:00:00.852651   PCIDeviceNo   <integer> = 0x0000000000000004 (4)
00:00:00.852651   PCIFunctionNo <integer> = 0x0000000000000000 (0)
00:00:00.852652   Trusted       <integer> = 0x0000000000000001 (1)
00:00:00.852653 
00:00:00.852653 [/Devices/VMMDev/0/Config/] (level 4)
00:00:00.852654   GuestCoreDumpDir <string>  = "C:\Users\RhythmicCarnage\Desktop\CyberStorm\deploy\virtualbox\CyberStorm\Snapshots" (cb=83)
00:00:00.852654 
00:00:00.852655 [/Devices/VMMDev/0/LUN#0/] (level 4)
00:00:00.852656   Driver <string>  = "HGCM" (cb=5)
00:00:00.852656 
00:00:00.852656 [/Devices/VMMDev/0/LUN#0/Config/] (level 5)
00:00:00.852657 
00:00:00.852658 [/Devices/VMMDev/0/LUN#999/] (level 4)
00:00:00.852659   Driver <string>  = "MainStatus" (cb=11)
00:00:00.852659 
00:00:00.852659 [/Devices/VMMDev/0/LUN#999/Config/] (level 5)
00:00:00.852661   First                <integer> = 0x0000000000000000 (0)
00:00:00.852661   HasMediumAttachments <integer> = 0x0000000000000000 (0)
00:00:00.852662   Last                 <integer> = 0x0000000000000000 (0)
00:00:00.852663   iLedSet              <integer> = 0x0000000000000003 (3)
00:00:00.852663 
00:00:00.852663 [/Devices/acpi/] (level 2)
00:00:00.852664 
00:00:00.852664 [/Devices/acpi/0/] (level 3)
00:00:00.852665   PCIBusNo      <integer> = 0x0000000000000000 (0)
00:00:00.852666   PCIDeviceNo   <integer> = 0x0000000000000007 (7)
00:00:00.852666   PCIFunctionNo <integer> = 0x0000000000000000 (0)
00:00:00.852667   Trusted       <integer> = 0x0000000000000001 (1)
00:00:00.852667 
00:00:00.852668 [/Devices/acpi/0/Config/] (level 4)
00:00:00.852669   CpuHotPlug          <integer> = 0x0000000000000000 (0)
00:00:00.852670   FdcEnabled          <integer> = 0x0000000000000001 (1)
00:00:00.852670   HostBusPciAddress   <integer> = 0x0000000000000000 (0)
00:00:00.852671   HpetEnabled         <integer> = 0x0000000000000000 (0)
00:00:00.852671   IOAPIC              <integer> = 0x0000000000000000 (0)
00:00:00.852672   IocPciAddress       <integer> = 0x0000000000010000 (65 536)
00:00:00.852673   NumCPUs             <integer> = 0x0000000000000001 (1)
00:00:00.852673   Parallel0IoPortBase <integer> = 0x0000000000000000 (0)
00:00:00.852674   Parallel0Irq        <integer> = 0x0000000000000000 (0)
00:00:00.852675   Parallel1IoPortBase <integer> = 0x0000000000000000 (0)
00:00:00.852675   Parallel1Irq        <integer> = 0x0000000000000000 (0)
00:00:00.852676   Serial0IoPortBase   <integer> = 0x0000000000000000 (0)
00:00:00.852676   Serial0Irq          <integer> = 0x0000000000000000 (0)
00:00:00.852677   Serial1IoPortBase   <integer> = 0x0000000000000000 (0)
00:00:00.852677   Serial1Irq          <integer> = 0x0000000000000000 (0)
00:00:00.852678   ShowCpu             <integer> = 0x0000000000000000 (0)
00:00:00.852678   ShowRtc             <integer> = 0x0000000000000000 (0)
00:00:00.852679   SmcEnabled          <integer> = 0x0000000000000000 (0)
00:00:00.852680 
00:00:00.852680 [/Devices/acpi/0/LUN#0/] (level 4)
00:00:00.852681   Driver <string>  = "ACPIHost" (cb=9)
00:00:00.852682 
00:00:00.852682 [/Devices/acpi/0/LUN#0/Config/] (level 5)
00:00:00.852683 
00:00:00.852683 [/Devices/apic/] (level 2)
00:00:00.852683 
00:00:00.852684 [/Devices/apic/0/] (level 3)
00:00:00.852684   Trusted <integer> = 0x0000000000000001 (1)
00:00:00.852685 
00:00:00.852685 [/Devices/apic/0/Config/] (level 4)
00:00:00.852686   IOAPIC  <integer> = 0x0000000000000000 (0)
00:00:00.852687   Mode    <integer> = 0x0000000000000002 (2)
00:00:00.852687   NumCPUs <integer> = 0x0000000000000001 (1)
00:00:00.852688 
00:00:00.852688 [/Devices/dp8390/] (level 2)
00:00:00.852689 
00:00:00.852689 [/Devices/e1000/] (level 2)
00:00:00.852690 
00:00:00.852690 [/Devices/i82078/] (level 2)
00:00:00.852691 
00:00:00.852691 [/Devices/i82078/0/] (level 3)
00:00:00.852692   Trusted <integer> = 0x0000000000000001 (1)
00:00:00.852692 
00:00:00.852692 [/Devices/i82078/0/Config/] (level 4)
00:00:00.852693   DMA       <integer> = 0x0000000000000002 (2)
00:00:00.852694   IOBase    <integer> = 0x00000000000003f0 (1 008)
00:00:00.852695   IRQ       <integer> = 0x0000000000000006 (6)
00:00:00.852695   MemMapped <integer> = 0x0000000000000000 (0)
00:00:00.852696 
00:00:00.852696 [/Devices/i82078/0/LUN#0/] (level 4)
00:00:00.852697   Driver <string>  = "VD" (cb=3)
00:00:00.852698 
00:00:00.852698 [/Devices/i82078/0/LUN#0/Config/] (level 5)
00:00:00.852699   Format        <string>  = "RAW" (cb=4)
00:00:00.852700   MaybeReadOnly <integer> = 0x0000000000000001 (1)
00:00:00.852700   Mountable     <integer> = 0x0000000000000001 (1)
00:00:00.852701   Path          <string>  = "C:\Users\RhythmicCarnage\Desktop\CyberStorm\build\cyberstorm.vfd" (cb=65)
00:00:00.852701   Type          <string>  = "Floppy 1.44" (cb=12)
00:00:00.852702 
00:00:00.852702 [/Devices/i82078/0/LUN#999/] (level 4)
00:00:00.852703   Driver <string>  = "MainStatus" (cb=11)
00:00:00.852704 
00:00:00.852704 [/Devices/i82078/0/LUN#999/Config/] (level 5)
00:00:00.852705   DeviceInstance       <string>  = "i82078/0" (cb=9)
00:00:00.852706   First                <integer> = 0x0000000000000000 (0)
00:00:00.852706   HasMediumAttachments <integer> = 0x0000000000000001 (1)
00:00:00.852707   Last                 <integer> = 0x0000000000000001 (1)
00:00:00.852707   iLedSet              <integer> = 0x0000000000000001 (1)
00:00:00.852708 
00:00:00.852708 [/Devices/i8254/] (level 2)
00:00:00.852709 
00:00:00.852709 [/Devices/i8254/0/] (level 3)
00:00:00.852710 
00:00:00.852710 [/Devices/i8254/0/Config/] (level 4)
00:00:00.852711 
00:00:00.852711 [/Devices/i8259/] (level 2)
00:00:00.852712 
00:00:00.852712 [/Devices/i8259/0/] (level 3)
00:00:00.852713   Trusted <integer> = 0x0000000000000001 (1)
00:00:00.852714 
00:00:00.852714 [/Devices/i8259/0/Config/] (level 4)
00:00:00.852715 
00:00:00.852715 [/Devices/mc146818/] (level 2)
00:00:00.852716 
00:00:00.852716 [/Devices/mc146818/0/] (level 3)
00:00:00.852717 
00:00:00.852717 [/Devices/mc146818/0/Config/] (level 4)
00:00:00.852718   UseUTC <integer> = 0x0000000000000000 (0)
00:00:00.852718 
00:00:00.852718 [/Devices/parallel/] (level 2)
00:00:00.852719 
00:00:00.852719 [/Devices/pcarch/] (level 2)
00:00:00.852720 
00:00:00.852720 [/Devices/pcarch/0/] (level 3)
00:00:00.852721   Trusted <integer> = 0x0000000000000001 (1)
00:00:00.852722 
00:00:00.852722 [/Devices/pcarch/0/Config/] (level 4)
00:00:00.852723 
00:00:00.852723 [/Devices/pcbios/] (level 2)
00:00:00.852723 
00:00:00.852724 [/Devices/pcbios/0/] (level 3)
00:00:00.852725   Trusted <integer> = 0x0000000000000001 (1)
00:00:00.852725 
00:00:00.852725 [/Devices/pcbios/0/Config/] (level 4)
00:00:00.852727   APIC           <integer> = 0x0000000000000001 (1)
00:00:00.852727   BootDevice0    <string>  = "FLOPPY" (cb=7)
00:00:00.852728   BootDevice1    <string>  = "NONE" (cb=5)
00:00:00.852729   BootDevice2    <string>  = "NONE" (cb=5)
00:00:00.852729   BootDevice3    <string>  = "NONE" (cb=5)
00:00:00.852730   FloppyDevice   <string>  = "i82078" (cb=7)
00:00:00.852730   HardDiskDevice <string>  = "piix3ide" (cb=9)
00:00:00.852731   IOAPIC         <integer> = 0x0000000000000000 (0)
00:00:00.852731   McfgBase       <integer> = 0x0000000000000000 (0)
00:00:00.852732   McfgLength     <integer> = 0x0000000000000000 (0)
00:00:00.852732   NumCPUs        <integer> = 0x0000000000000001 (1)
00:00:00.852733   PXEDebug       <integer> = 0x0000000000000000 (0)
00:00:00.852734   UUID           <bytes>   = "14 87 e4 00 ea e3 8c 45 82 ad e4 15 39 e2 d2 5c" (cb=16)
00:00:00.852736   UuidLe         <integer> = 0x0000000000000001 (1)
00:00:00.852736 
00:00:00.852736 [/Devices/pcbios/0/Config/NetBoot/] (level 5)
00:00:00.852738 
00:00:00.852738 [/Devices/pcbios/0/Config/NetBoot/0/] (level 6)
00:00:00.852739   NIC           <integer> = 0x0000000000000000 (0)
00:00:00.852740   PCIBusNo      <integer> = 0x0000000000000000 (0)
00:00:00.852741   PCIDeviceNo   <integer> = 0x0000000000000003 (3)
00:00:00.852741   PCIFunctionNo <integer> = 0x0000000000000000 (0)
00:00:00.852742 
00:00:00.852742 [/Devices/pci/] (level 2)
00:00:00.852743 
00:00:00.852743 [/Devices/pci/0/] (level 3)
00:00:00.852744   Trusted <integer> = 0x0000000000000001 (1)
00:00:00.852744 
00:00:00.852744 [/Devices/pci/0/Config/] (level 4)
00:00:00.852745   IOAPIC <integer> = 0x0000000000000000 (0)
00:00:00.852746 
00:00:00.852746 [/Devices/pcibridge/] (level 2)
00:00:00.852747 
00:00:00.852747 [/Devices/pckbd/] (level 2)
00:00:00.852748 
00:00:00.852748 [/Devices/pckbd/0/] (level 3)
00:00:00.852749   Trusted <integer> = 0x0000000000000001 (1)
00:00:00.852749 
00:00:00.852749 [/Devices/pckbd/0/Config/] (level 4)
00:00:00.852750 
00:00:00.852750 [/Devices/pckbd/0/LUN#0/] (level 4)
00:00:00.852751   Driver <string>  = "KeyboardQueue" (cb=14)
00:00:00.852752 
00:00:00.852752 [/Devices/pckbd/0/LUN#0/AttachedDriver/] (level 5)
00:00:00.852753   Driver <string>  = "MainKeyboard" (cb=13)
00:00:00.852754 
00:00:00.852754 [/Devices/pckbd/0/LUN#0/Config/] (level 5)
00:00:00.852755   QueueSize <integer> = 0x0000000000000040 (64, 64 B)
00:00:00.852756 
00:00:00.852756 [/Devices/pckbd/0/LUN#1/] (level 4)
00:00:00.852757   Driver <string>  = "MouseQueue" (cb=11)
00:00:00.852757 
00:00:00.852757 [/Devices/pckbd/0/LUN#1/AttachedDriver/] (level 5)
00:00:00.852758   Driver <string>  = "MainMouse" (cb=10)
00:00:00.852759 
00:00:00.852759 [/Devices/pckbd/0/LUN#1/Config/] (level 5)
00:00:00.852760   QueueSize <integer> = 0x0000000000000080 (128, 128 B)
00:00:00.852761 
00:00:00.852761 [/Devices/pcnet/] (level 2)
00:00:00.852762 
00:00:00.852762 [/Devices/pcnet/0/] (level 3)
00:00:00.852763   PCIBusNo      <integer> = 0x0000000000000000 (0)
00:00:00.852764   PCIDeviceNo   <integer> = 0x0000000000000003 (3)
00:00:00.852764   PCIFunctionNo <integer> = 0x0000000000000000 (0)
00:00:00.852765   Trusted       <integer> = 0x0000000000000001 (1)
00:00:00.852765 
00:00:00.852765 [/Devices/pcnet/0/Config/] (level 4)
00:00:00.852766   CableConnected <integer> = 0x0000000000000001 (1)
00:00:00.852767   ChipType       <string>  = "Am79C973" (cb=9)
00:00:00.852768   LineSpeed      <integer> = 0x0000000000000000 (0)
00:00:00.852768   MAC            <bytes>   = "08 00 27 d5 cb 51" (cb=6)
00:00:00.852769 
00:00:00.852769 [/Devices/pcnet/0/LUN#0/] (level 4)
00:00:00.852770   Driver <string>  = "NAT" (cb=4)
00:00:00.852771 
00:00:00.852771 [/Devices/pcnet/0/LUN#0/Config/] (level 5)
00:00:00.852772   AliasMode          <integer> = 0x0000000000000000 (0)
00:00:00.852773   BootFile           <string>  = "CyberStorm.pxe" (cb=15)
00:00:00.852773   DNSProxy           <integer> = 0x0000000000000000 (0)
00:00:00.852774   LocalhostReachable <integer> = 0x0000000000000001 (1)
00:00:00.852774   Network            <string>  = "10.0.2.0/24" (cb=12)
00:00:00.852775   PassDomain         <integer> = 0x0000000000000001 (1)
00:00:00.852776   TFTPPrefix         <string>  = "C:\Users\RhythmicCarnage\.VirtualBox\TFTP" (cb=42)
00:00:00.852776   UseHostResolver    <integer> = 0x0000000000000000 (0)
00:00:00.852777 
00:00:00.852777 [/Devices/pcnet/0/LUN#999/] (level 4)
00:00:00.852778   Driver <string>  = "MainStatus" (cb=11)
00:00:00.852778 
00:00:00.852779 [/Devices/pcnet/0/LUN#999/Config/] (level 5)
00:00:00.852780   First                <integer> = 0x0000000000000000 (0)
00:00:00.852780   HasMediumAttachments <integer> = 0x0000000000000000 (0)
00:00:00.852781   Last                 <integer> = 0x0000000000000000 (0)
00:00:00.852782   iLedSet              <integer> = 0x0000000000000002 (2)
00:00:00.852782 
00:00:00.852783 [/Devices/sb16/] (level 2)
00:00:00.852783 
00:00:00.852783 [/Devices/sb16/0/] (level 3)
00:00:00.852784   Trusted <integer> = 0x0000000000000001 (1)
00:00:00.852785 
00:00:00.852785 [/Devices/sb16/0/AudioConfig/] (level 4)
00:00:00.852786 
00:00:00.852786 [/Devices/sb16/0/Config/] (level 4)
00:00:00.852787   DMA          <integer> = 0x0000000000000001 (1)
00:00:00.852788   DMA16        <integer> = 0x0000000000000005 (5)
00:00:00.852788   DebugEnabled <integer> = 0x0000000000000000 (0)
00:00:00.852789   IRQ          <integer> = 0x0000000000000005 (5)
00:00:00.852789   Port         <integer> = 0x0000000000000220 (544)
00:00:00.852790   Version      <integer> = 0x0000000000000405 (1 029)
00:00:00.852791 
00:00:00.852791 [/Devices/sb16/0/LUN#0/] (level 4)
00:00:00.852792   Driver <string>  = "AUDIO" (cb=6)
00:00:00.852792 
00:00:00.852793 [/Devices/sb16/0/LUN#0/AttachedDriver/] (level 5)
00:00:00.852794   Driver <string>  = "HostAudioWas" (cb=13)
00:00:00.852794 
00:00:00.852794 [/Devices/sb16/0/LUN#0/AttachedDriver/Config/] (level 6)
00:00:00.852795   VmName <string>  = "CyberStorm" (cb=11)
00:00:00.852796   VmUuid <string>  = "00e48714-e3ea-458c-82ad-e41539e2d25c" (cb=37)
00:00:00.852796 
00:00:00.852797 [/Devices/sb16/0/LUN#0/Config/] (level 5)
00:00:00.852798   DriverName    <string>  = "HostAudioWas" (cb=13)
00:00:00.852798   InputEnabled  <integer> = 0x0000000000000000 (0)
00:00:00.852799   OutputEnabled <integer> = 0x0000000000000001 (1)
00:00:00.852799 
00:00:00.852799 [/Devices/sb16/0/LUN#1/] (level 4)
00:00:00.852800   Driver <string>  = "AUDIO" (cb=6)
00:00:00.852801 
00:00:00.852801 [/Devices/sb16/0/LUN#2/] (level 4)
00:00:00.852802   Driver <string>  = "AUDIO" (cb=6)
00:00:00.852802 
00:00:00.852803 [/Devices/serial/] (level 2)
00:00:00.852803 
00:00:00.852803 [/Devices/vga/] (level 2)
00:00:00.852804 
00:00:00.852804 [/Devices/vga/0/] (level 3)
00:00:00.852805   PCIBusNo      <integer> = 0x0000000000000000 (0)
00:00:00.852806   PCIDeviceNo   <integer> = 0x0000000000000002 (2)
00:00:00.852806   PCIFunctionNo <integer> = 0x0000000000000000 (0)
00:00:00.852807   Trusted       <integer> = 0x0000000000000001 (1)
00:00:00.852807 
00:00:00.852807 [/Devices/vga/0/Config/] (level 4)
00:00:00.852808   3DEnabled        <integer> = 0x0000000000000000 (0)
00:00:00.852809   CustomVideoModes <integer> = 0x0000000000000000 (0)
00:00:00.852810   FadeIn           <integer> = 0x0000000000000001 (1)
00:00:00.852810   FadeOut          <integer> = 0x0000000000000001 (1)
00:00:00.852811   HeightReduction  <integer> = 0x0000000000000000 (0)
00:00:00.852811   LogoFile         <string>  = "" (cb=1)
00:00:00.852812   LogoTime         <integer> = 0x0000000000000000 (0)
00:00:00.852812   MonitorCount     <integer> = 0x0000000000000001 (1)
00:00:00.852813   ShowBootMenu     <integer> = 0x0000000000000002 (2)
00:00:00.852814   VRamSize         <integer> = 0x0000000000800000 (8 388 608, 8.0 MiB)
00:00:00.852815 
00:00:00.852815 [/Devices/vga/0/LUN#0/] (level 4)
00:00:00.852816   Driver <string>  = "MainDisplay" (cb=12)
00:00:00.852816 
00:00:00.852816 [/Devices/vga/0/LUN#0/Config/] (level 5)
00:00:00.852817 
00:00:00.852818 [/Devices/vga/0/LUN#999/] (level 4)
00:00:00.852819   Driver <string>  = "MainStatus" (cb=11)
00:00:00.852819 
00:00:00.852819 [/Devices/vga/0/LUN#999/Config/] (level 5)
00:00:00.852820   First                <integer> = 0x0000000000000000 (0)
00:00:00.852821   HasMediumAttachments <integer> = 0x0000000000000000 (0)
00:00:00.852821   Last                 <integer> = 0x0000000000000000 (0)
00:00:00.852822   iLedSet              <integer> = 0x0000000000000000 (0)
00:00:00.852823 
00:00:00.852823 [/Devices/virtio-net/] (level 2)
00:00:00.852824 
00:00:00.852824 [/EM/] (level 1)
00:00:00.852825   TripleFaultReset <integer> = 0x0000000000000000 (0)
00:00:00.852825 
00:00:00.852825 [/GCM/] (level 1)
00:00:00.852826   FixerSet <integer> = 0x0000000000000000 (0)
00:00:00.852827 
00:00:00.852827 [/GIM/] (level 1)
00:00:00.852827   Provider <string>  = "None" (cb=5)
00:00:00.852828 
00:00:00.852828 [/HM/] (level 1)
00:00:00.852829   64bitEnabled        <integer> = 0x0000000000000000 (0)
00:00:00.852830   EnableLargePages    <integer> = 0x0000000000000001 (1)
00:00:00.852830   EnableNestedPaging  <integer> = 0x0000000000000001 (1)
00:00:00.852831   EnableUX            <integer> = 0x0000000000000001 (1)
00:00:00.852832   EnableVPID          <integer> = 0x0000000000000001 (1)
00:00:00.852832   Exclusive           <integer> = 0x0000000000000000 (0)
00:00:00.852833   HMForced            <integer> = 0x0000000000000001 (1)
00:00:00.852833   IBPBOnVMEntry       <integer> = 0x0000000000000000 (0)
00:00:00.852834   IBPBOnVMExit        <integer> = 0x0000000000000000 (0)
00:00:00.852835   L1DFlushOnSched     <integer> = 0x0000000000000001 (1)
00:00:00.852835   L1DFlushOnVMEntry   <integer> = 0x0000000000000000 (0)
00:00:00.852836   MDSClearOnSched     <integer> = 0x0000000000000001 (1)
00:00:00.852836   MDSClearOnVMEntry   <integer> = 0x0000000000000000 (0)
00:00:00.852837   SpecCtrlByHost      <integer> = 0x0000000000000000 (0)
00:00:00.852837   SvmVirtVmsaveVmload <integer> = 0x0000000000000000 (0)
00:00:00.852838   UseNEMInstead       <integer> = 0x0000000000000000 (0)
00:00:00.852838 
00:00:00.852839 [/MM/] (level 1)
00:00:00.852839   CanUseLargerHeap <integer> = 0x0000000000000000 (0)
00:00:00.852840 
00:00:00.852840 [/NEM/] (level 1)
00:00:00.852840   Allow64BitGuests <integer> = 0x0000000000000000 (0)
00:00:00.852841 
00:00:00.852841 [/PDM/] (level 1)
00:00:00.852842 
00:00:00.852842 [/PDM/AsyncCompletion/] (level 2)
00:00:00.852843 
00:00:00.852843 [/PDM/AsyncCompletion/File/] (level 3)
00:00:00.852844 
00:00:00.852844 [/PDM/AsyncCompletion/File/BwGroups/] (level 4)
00:00:00.852845 
00:00:00.852845 [/PDM/BlkCache/] (level 2)
00:00:00.852846   CacheSize <integer> = 0x0000000000500000 (5 242 880, 5.0 MiB)
00:00:00.852847 
00:00:00.852847 [/PDM/Devices/] (level 2)
00:00:00.852847 
00:00:00.852848 [/PDM/Drivers/] (level 2)
00:00:00.852848 
00:00:00.852848 [/PDM/Drivers/VBoxC/] (level 3)
00:00:00.852849   Path <string>  = "VBoxC" (cb=6)
00:00:00.852850 
00:00:00.852850 [/PDM/NetworkShaper/] (level 2)
00:00:00.852851 
00:00:00.852851 [/PDM/NetworkShaper/BwGroups/] (level 3)
00:00:00.852852 
00:00:00.852852 [/TM/] (level 1)
00:00:00.852852   UTCOffset <integer> = 0x0000000000000000 (0)
00:00:00.852853 
00:00:00.852853 ********************* End of CFGM dump **********************
00:00:00.852924 HM: HMR3Init: Attempting fall back to NEM: AMD-V is not available
00:00:00.917058 NEM:  info: Found optional import WinHvPlatform.dll!WHvQueryGpaRangeDirtyBitmap.
00:00:00.917081 NEM:  info: Found optional import vid.dll!VidGetHvPartitionId.
00:00:00.917088 NEM:  info: Found optional import vid.dll!VidGetPartitionProperty.
00:00:00.917173 NEM: WHvCapabilityCodeHypervisorPresent is TRUE, so this might work...
00:00:00.917183 NEM: WHvCapabilityCodeExtendedVmExits      = 0x00000000000003ff
00:00:00.917190 NEM:                       fExtendedMsrExit: 1
00:00:00.917195 NEM:                     fExtendedCpuIdExit: 1
00:00:00.917200 NEM:                      fExtendedXcptExit: 1
00:00:00.917204 NEM: Warning! Unknown VM exit definitions: 0x3ff
00:00:00.917210 NEM: Warning! Unknown feature definitions: 0x7f
00:00:00.917215 NEM: Supported exception exit bitmap: 0xf7dfb
00:00:00.917222 NEM: WHvCapabilityCodeProcessorVendor      = 0 - AMD
00:00:00.917231 NEM: WHvCapabilityCodeProcessorFeatures    = 0x000006cb66f39fbf
00:00:00.917235 NEM:                            Sse3Support: 1
00:00:00.917245 NEM:                        LahfSahfSupport: 1
00:00:00.917250 NEM:                           Ssse3Support: 1
00:00:00.917253 NEM:                          Sse4_1Support: 1
00:00:00.917257 NEM:                          Sse4_2Support: 1
00:00:00.917260 NEM:                           Sse4aSupport: 1
00:00:00.917263 NEM:                             XopSupport: 0
00:00:00.917266 NEM:                          PopCntSupport: 1
00:00:00.917269 NEM:                      Cmpxchg16bSupport: 1
00:00:00.917273 NEM:                       Altmovcr8Support: 1
00:00:00.917276 NEM:                           LzcntSupport: 1
00:00:00.917279 NEM:                     MisAlignSseSupport: 1
00:00:00.917282 NEM:                          MmxExtSupport: 1
00:00:00.917285 NEM:                        Amd3DNowSupport: 0
00:00:00.917288 NEM:                ExtendedAmd3DNowSupport: 0
00:00:00.917292 NEM:                         Page1GbSupport: 1
00:00:00.917295 NEM:                             AesSupport: 1
00:00:00.917298 NEM:                       PclmulqdqSupport: 1
00:00:00.917301 NEM:                            PcidSupport: 0
00:00:00.917304 NEM:                            Fma4Support: 0
00:00:00.917307 NEM:                            F16CSupport: 1
00:00:00.917311 NEM:                          RdRandSupport: 1
00:00:00.917314 NEM:                        RdWrFsGsSupport: 1
00:00:00.917317 NEM:                            SmepSupport: 1
00:00:00.917320 NEM:              EnhancedFastStringSupport: 0
00:00:00.917323 NEM:                            Bmi1Support: 1
00:00:00.917326 NEM:                            Bmi2Support: 1
00:00:00.917329 NEM:                           MovbeSupport: 1
00:00:00.917332 NEM:                          Npiep1Support: 1
00:00:00.917336 NEM:                   DepX87FPUSaveSupport: 0
00:00:00.917339 NEM:                          RdSeedSupport: 1
00:00:00.917342 NEM:                             AdxSupport: 1
00:00:00.917345 NEM:                   IntelPrefetchSupport: 0
00:00:00.917348 NEM:                            SmapSupport: 1
00:00:00.917351 NEM:                             HleSupport: 0
00:00:00.917354 NEM:                             RtmSupport: 0
00:00:00.917357 NEM:                          RdtscpSupport: 1
00:00:00.917360 NEM:                      ClflushoptSupport: 1
00:00:00.917363 NEM:                            ClwbSupport: 0
00:00:00.917367 NEM:                             ShaSupport: 1
00:00:00.917370 NEM:                X87PointersSavedSupport: 1
00:00:00.917376 NEM: WHvCapabilityCodeProcessorClFlushSize = 2^8
00:00:00.917379 NEM: Warning! Unknown capability 0x4 returning: 3f 00 00 00 00 00 00 00 00 00 00 00 00 00 00 00 00 00 00 00 00 00 00 00
00:00:00.917857 NEM: Warning! Unknown capability 0x1003 returning: 1f 38 00 00 00 00 00 00 00 00 00 00 00 00 00 00 00 00 00 00 00 00 00 00
00:00:00.917887 NEM: Warning! Unknown capability 0x1004 returning: cd 76 82 e2 00 00 00 00 00 00 00 00 00 00 00 00 00 00 00 00 00 00 00 00
00:00:00.917896 NEM: Warning! Unknown capability 0x1005 returning: 00 c2 eb 0b 00 00 00 00 00 00 00 00 00 00 00 00 00 00 00 00 00 00 00 00
00:00:00.917904 NEM: Warning! Unknown capability 0x1006 returning: 02 00 00 00 00 00 00 00 bf 9f f3 66 cb 06 00 00 04 00 00 00 00 00 00 00
00:00:00.918728 NEM: Created partition 0000026cdf658330.
00:00:00.918809 NEM:
00:00:00.918810 NEM: NEMR3Init: Snail execution mode is active!
00:00:00.918810 NEM: Note! VirtualBox is not able to run at its full potential in this execution mode.
00:00:00.918810 NEM:       To see VirtualBox run at max speed you need to disable all Windows features
00:00:00.918810 NEM:       making use of Hyper-V.  That is a moving target, so google how and carefully
00:00:00.918810 NEM:       consider the consequences of disabling these features.
00:00:00.918810 NEM:
00:00:00.918841 CPUM: No hardware-virtualization capability detected
00:00:00.918845 CPUM: fXStateHostMask=0x7; initial: 0x7; host XCR0=0x7
00:00:00.921608 CPUM: Matched host CPU AMD 0x17/0x8/0x2 AMD_Zen_Ryzen with CPU DB entry 'AMD Ryzen 7 1800X Eight-Core' (AMD 0x17/0x1/0x1 AMD_Zen_Ryzen)
00:00:00.923021 CPUM: MXCSR_MASK=0x2ffff (host: 0x2ffff)
00:00:00.923065 CPUM: Microcode revision 0x08008202
00:00:00.923085 CPUM: MSR fudge: 0x00000001 IA32_P5_MC_TYPE
00:00:00.923091 CPUM: MSR fudge: 0x00000017 IA32_PLATFORM_ID
00:00:00.923135 CPUM: MSR fudge: 0x0000001b IA32_APIC_BASE
00:00:00.923141 CPUM: MSR fudge: 0x0000008b BIOS_SIGN
00:00:00.923145 CPUM: MSR fudge: 0x000000fe IA32_MTRRCAP
00:00:00.923150 CPUM: MSR fudge: 0x00000179 IA32_MCG_CAP
00:00:00.923155 CPUM: MSR fudge: 0x0000017a IA32_MCG_STATUS
00:00:00.923159 CPUM: MSR fudge: 0x000001a0 IA32_MISC_ENABLE
00:00:00.923184 CPUM: MSR fudge: 0x000001d9 IA32_DEBUGCTL
00:00:00.923190 CPUM: MSR fudge: 0x000001db P6_LAST_BRANCH_FROM_IP
00:00:00.923194 CPUM: MSR fudge: 0x000001dc P6_LAST_BRANCH_TO_IP
00:00:00.923204 CPUM: MSR fudge: 0x000001dd P6_LAST_INT_FROM_IP
00:00:00.923208 CPUM: MSR fudge: 0x000001de P6_LAST_INT_TO_IP
00:00:00.923213 CPUM: MSR fudge: 0x00000277 IA32_PAT
00:00:00.923217 CPUM: MSR fudge: 0x000002ff IA32_MTRR_DEF_TYPE
00:00:00.923242 CPUM: MSR fudge: 0x00000400 IA32_MCi_CTL_STATUS_ADDR_MISC
00:00:00.923268 CPUM: MSR fudge: 0x0000002c P4_EBC_FREQUENCY_ID
00:00:00.923294 CPUM: MSR fudge: 0xc0000103 AMD64_TSC_AUX
00:00:00.923425 CPUM: SetGuestCpuIdFeature: Enabled PAE
00:00:00.923433 CPUM: Set SSBD not required flag for AMD to work around some buggy Linux kernels!
00:00:00.931562 NEM: HvPartitionPropertyProcessorVendor=0x0 (0)
00:00:00.931595 NEM: Successfully set up partition (device handle 0000000000000ecc, partition ID 0x39)
00:00:00.931780 PGM: Host paging mode: AMD64+PGE+NX
00:00:00.931790 PGM: PGMPool: cMaxPages=256 (u64MaxPages=48)
00:00:00.931794 PGM: pgmR3PoolInit: cMaxPages=0x100 cMaxUsers=0x200 cMaxPhysExts=0x200 fCacheEnable=true
00:00:01.027051 TM: GIP - u32Mode=3 (Invariant) u32UpdateHz=93 u32UpdateIntervalNS=10741500 enmUseTscDelta=2 (Practically Zero) fGetGipCpu=0x2b cCpus=16
00:00:01.027095 TM: GIP - u64CpuHz=3 800 200 889 (0xe28276b9)  SUPGetCpuHzFromGip => 3 800 200 889
00:00:01.027101 TM: GIP - CPU: iCpuSet=0x0 idCpu=0x0 idApic=0x0 iGipCpu=0x2 i64TSCDelta=0 enmState=3 u64CpuHz=3800192462(*) cErrors=0
00:00:01.027106 TM: GIP - CPU: iCpuSet=0x1 idCpu=0x1 idApic=0x1 iGipCpu=0x8 i64TSCDelta=0 enmState=3 u64CpuHz=3800200726(*) cErrors=0
00:00:01.027110 TM: GIP - CPU: iCpuSet=0x2 idCpu=0x2 idApic=0x2 iGipCpu=0x7 i64TSCDelta=0 enmState=3 u64CpuHz=3800200723(*) cErrors=0
00:00:01.027114 TM: GIP - CPU: iCpuSet=0x3 idCpu=0x3 idApic=0x3 iGipCpu=0x6 i64TSCDelta=0 enmState=3 u64CpuHz=3800200715(*) cErrors=0
00:00:01.027119 TM: GIP - CPU: iCpuSet=0x4 idCpu=0x4 idApic=0x4 iGipCpu=0x9 i64TSCDelta=0 enmState=3 u64CpuHz=3800200772(*) cErrors=0
00:00:01.027123 TM: GIP - CPU: iCpuSet=0x5 idCpu=0x5 idApic=0x5 iGipCpu=0xa i64TSCDelta=0 enmState=3 u64CpuHz=3800200735(*) cErrors=0
00:00:01.027126 TM: GIP - CPU: iCpuSet=0x6 idCpu=0x6 idApic=0x6 iGipCpu=0x1 i64TSCDelta=0 enmState=3 u64CpuHz=3800187664(*) cErrors=0
00:00:01.027131 TM: GIP - CPU: iCpuSet=0x7 idCpu=0x7 idApic=0x7 iGipCpu=0x0 i64TSCDelta=0 enmState=3 u64CpuHz=3800200889(*) cErrors=0
00:00:01.027134 TM: GIP - CPU: iCpuSet=0x8 idCpu=0x8 idApic=0x8 iGipCpu=0xb i64TSCDelta=0 enmState=3 u64CpuHz=3800200791(*) cErrors=0
00:00:01.027138 TM: GIP - CPU: iCpuSet=0x9 idCpu=0x9 idApic=0x9 iGipCpu=0x3 i64TSCDelta=0 enmState=3 u64CpuHz=3800199738(*) cErrors=0
00:00:01.027142 TM: GIP - CPU: iCpuSet=0xa idCpu=0xa idApic=0xa iGipCpu=0xd i64TSCDelta=0 enmState=3 u64CpuHz=3800200815(*) cErrors=0
00:00:01.027146 TM: GIP - CPU: iCpuSet=0xb idCpu=0xb idApic=0xb iGipCpu=0xe i64TSCDelta=0 enmState=3 u64CpuHz=3800200889(*) cErrors=0
00:00:01.027149 TM: GIP - CPU: iCpuSet=0xc idCpu=0xc idApic=0xc iGipCpu=0x5 i64TSCDelta=0 enmState=3 u64CpuHz=3800200537(*) cErrors=0
00:00:01.027153 TM: GIP - CPU: iCpuSet=0xd idCpu=0xd idApic=0xd iGipCpu=0x4 i64TSCDelta=0 enmState=3 u64CpuHz=3800200474(*) cErrors=0
00:00:01.027156 TM: GIP - CPU: iCpuSet=0xe idCpu=0xe idApic=0xe iGipCpu=0xc i64TSCDelta=0 enmState=3 u64CpuHz=3800200825(*) cErrors=0
00:00:01.027167 TM: GIP - CPU: iCpuSet=0xf idCpu=0xf idApic=0xf iGipCpu=0xf i64TSCDelta=0 enmState=3 u64CpuHz=3800187664(*) cErrors=0
00:00:01.027184 TM: NEM overrides the /TM/TSCModeSwitchAllowed setting.
00:00:01.027196 TM:     cTSCTicksPerSecond=3 800 200 889 (0xe28276b9) enmTSCMode=4 (NativeApi)
00:00:01.027199 TM: cTSCTicksPerSecondHost=3 800 200 889 (0xe28276b9)
00:00:01.027200 TM: TSCTiedToExecution=false TSCNotTiedToHalt=false
00:00:01.028026 EMR3Init: fIemExecutesAll=false fGuruOnTripleFault=true
00:00:01.028475 IEM: TargetCpu=CURRENT, Microarch=AMD_Zen_Ryzen aidxTargetCpuEflFlavour={2,0}
00:00:01.028558 GIM: Using provider 'None' (Implementation version: 0)
00:00:01.028572 GCM: Initialized (fixer bits: 0x0)
00:00:01.028633 AIOMgr: Default manager type is 'Async'
00:00:01.028638 AIOMgr: Default file backend is 'NonBuffered'
00:00:01.028693 BlkCache: Cache successfully initialized. Cache size is 5242880 bytes
00:00:01.028698 BlkCache: Cache commit interval is 10000 ms
00:00:01.028701 BlkCache: Cache commit threshold is 2621440 bytes
00:00:01.645322 PcBios: [SMP] BIOS with 1 CPUs
00:00:01.645363 PcBios: Using the 386+ BIOS image.
00:00:01.645726 PcBios: fCheckShutdownStatusForSoftReset=true  fClearShutdownStatusOnHardReset=true
00:00:01.645970 CPUM: SetGuestCpuIdFeature: Enabled xAPIC
00:00:01.646454 PIT: mode=3 count=0x10000 (65536) - 18.20 Hz (ch=0)
00:00:01.646626 VMMDev: cbDefaultBudget: 1 073 741 824 (40000000)
00:00:01.646732 SUPLib: MEM_LARGE_PAGES works!
00:00:01.667319 Shared Folders service loaded
00:00:01.685214 Guest Control service loaded
00:00:01.795860 VGA: Using the 386+ BIOS image.
00:00:01.796961 DrvVD: Flushes will be ignored
00:00:01.796986 DrvVD: Async flushes will be passed to the disk
00:00:01.797294 VD: VDInit finished with VINF_SUCCESS
00:00:01.797392 VD: Opening the disk took 392921 ns
00:00:01.797433 FDC: 1.44 MB 3"1/2 floppy disk (2 h 80 t 18 s) rw
00:00:01.810852 NAT: Guest address guess set to 10.0.2.15 by initialization
00:00:01.831027 NAT: DNS#0: 75.75.75.75
00:00:01.831056 NAT: DNS#1: 75.75.76.76
00:00:01.886464 Audio: Found 9 devices for driver 'WasAPI'
00:00:01.886492 Audio: Device 'Headphones (High Definition Audio Device)':
00:00:01.886492 Audio:   ID              = {0.0.0.00000000}.{7dda4d42-aaaf-4bdf-9d7b-023246d41f45}
00:00:01.886493 Audio:   Usage           = output
00:00:01.886493 Audio:   Flags           = DEFAULT_OUT
00:00:01.886494 Audio:   Input channels  = 0
00:00:01.886494 Audio:   Output channels = 2
00:00:01.886498 Audio: Device 'Digital Audio (S/PDIF) (High Definition Audio Device)':
00:00:01.886499 Audio:   ID              = {0.0.0.00000000}.{087134d9-ae11-4a9b-82bf-5ad0d13aced6}
00:00:01.886499 Audio:   Usage           = output
00:00:01.886500 Audio:   Flags           = NONE
00:00:01.886500 Audio:   Input channels  = 0
00:00:01.886500 Audio:   Output channels = 2
00:00:01.886503 Audio: Device '100012589 (NVIDIA High Definition Audio)':
00:00:01.886504 Audio:   ID              = {0.0.0.00000000}.{3f36c4ff-500a-4cd3-9a35-77b5981f1155}
00:00:01.886504 Audio:   Usage           = output
00:00:01.886504 Audio:   Flags           = NONE
00:00:01.886505 Audio:   Input channels  = 0
00:00:01.886505 Audio:   Output channels = 2
00:00:01.886508 Audio: Device 'Speakers (2- USB Audio CODEC )':
00:00:01.886508 Audio:   ID              = {0.0.0.00000000}.{566bb4ca-cb36-4deb-843b-246f6c5c5982}
00:00:01.886509 Audio:   Usage           = output
00:00:01.886509 Audio:   Flags           = NONE
00:00:01.886509 Audio:   Input channels  = 0
00:00:01.886509 Audio:   Output channels = 2
00:00:01.886512 Audio: Device 'Headphones (High Definition Audio Device)':
00:00:01.886513 Audio:   ID              = {0.0.0.00000000}.{7dda4d42-aaaf-4bdf-9d7b-023246d41f45}
00:00:01.886513 Audio:   Usage           = output
00:00:01.886513 Audio:   Flags           = NONE
00:00:01.886513 Audio:   Input channels  = 0
00:00:01.886514 Audio:   Output channels = 2
00:00:01.886517 Audio: Device '100012589 (NVIDIA High Definition Audio)':
00:00:01.886517 Audio:   ID              = {0.0.0.00000000}.{fdb7b4cc-b13a-4c66-ac46-5302e0b66d2f}
00:00:01.886517 Audio:   Usage           = output
00:00:01.886517 Audio:   Flags           = NONE
00:00:01.886518 Audio:   Input channels  = 0
00:00:01.886518 Audio:   Output channels = 2
00:00:01.886527 Audio: Device 'Microphone (NexiGo HD Webcam Audio)':
00:00:01.886527 Audio:   ID              = {0.0.1.00000000}.{8830d0fa-5126-4de0-babf-090349e9c6f6}
00:00:01.886527 Audio:   Usage           = input
00:00:01.886528 Audio:   Flags           = DEFAULT_IN
00:00:01.886528 Audio:   Input channels  = 2
00:00:01.886528 Audio:   Output channels = 0
00:00:01.886534 Audio: Device 'Microphone (2- USB Audio CODEC )':
00:00:01.886534 Audio:   ID              = {0.0.1.00000000}.{2cdb81b1-e1eb-4201-a0a4-fc6057072946}
00:00:01.886534 Audio:   Usage           = input
00:00:01.886535 Audio:   Flags           = NONE
00:00:01.886535 Audio:   Input channels  = 1
00:00:01.886535 Audio:   Output channels = 0
00:00:01.886538 Audio: Device 'Microphone (NexiGo HD Webcam Audio)':
00:00:01.886539 Audio:   ID              = {0.0.1.00000000}.{8830d0fa-5126-4de0-babf-090349e9c6f6}
00:00:01.886539 Audio:   Usage           = input
00:00:01.886539 Audio:   Flags           = NONE
00:00:01.886539 Audio:   Input channels  = 2
00:00:01.886540 Audio:   Output channels = 0
00:00:01.886855 PGM: The CPU physical address width is 48 bits
00:00:01.886865 PGM: PGMR3InitFinalize: 4 MB PSE mask 0000ffffffffffff -> VINF_SUCCESS
00:00:01.886874 TM: TMR3InitFinalize: fTSCModeSwitchAllowed=false
00:00:01.887242 VMM: Thread-context hooks unavailable
00:00:01.887249 VMM: RTThreadPreemptIsPending() can be trusted
00:00:01.887253 VMM: Kernel preemption is possible
00:00:01.887264 EM: Exit history optimizations: enabled=true enabled-r0=true enabled-r0-no-preemption=false
00:00:01.887281 APIC: fPostedIntrsEnabled=false fVirtApicRegsEnabled=false fSupportsTscDeadline=false
00:00:01.887286 TMR3UtcNow: nsNow=1 775 831 012 382 168 800 nsPrev=0 -> cNsDelta=1 775 831 012 382 168 800 (offLag=0 offVirtualSync=0 offVirtualSyncGivenUp=0, NowAgain=1 775 831 012 382 168 800)
00:00:01.887298 VMM: fUsePeriodicPreemptionTimers=true
00:00:01.887345 CPUM: Logical host processors: 16 present, 16 max, 16 online, online mask: 000000000000ffff
00:00:01.887347 CPUM: Physical host cores: 8
00:00:01.887347 ************************* CPUID dump ************************
00:00:01.887353          Raw Standard CPUID Leaves
00:00:01.887353      Leaf/sub-leaf  eax      ebx      ecx      edx
00:00:01.887355 Gst: 00000000/0000  0000000d 68747541 444d4163 69746e65
00:00:01.887357 Hst:                0000000d 68747541 444d4163 69746e65
00:00:01.887358 Gst: 00000001/0000  00800f82 00010800 42d82203 178bfbff
00:00:01.887359 Hst:                00800f82 01100800 fed83203 178bfbff
00:00:01.887360 Gst: 00000002/0000  00000000 00000000 00000000 00000000
00:00:01.887361 Hst:                00000000 00000000 00000000 00000000
00:00:01.887362 Gst: 00000003/0000  00000000 00000000 00000000 00000000
00:00:01.887363 Hst:                00000000 00000000 00000000 00000000
00:00:01.887364 Gst: 00000004/0000  00000000 00000000 00000000 00000000
00:00:01.887364 Hst:                00000000 00000000 00000000 00000000
00:00:01.887365 Gst: 00000005/0000  00000000 00000000 00000000 00000000
00:00:01.887366 Hst:                00000000 00000000 00000000 00000000
00:00:01.887367 Gst: 00000006/0000  00000000 00000000 00000000 00000000
00:00:01.887368 Hst:                00000000 00000000 00000001 00000000
00:00:01.887369 Gst: 00000007/0000  00000000 00840109 00000000 00000000
00:00:01.887370 Hst:                00000000 209c01a9 00000000 00000000
00:00:01.887371 Gst: 00000007/0001  00000000 00000000 00000000 00000000
00:00:01.887371 Hst:                00000000 00000000 00000000 00000000
00:00:01.887372 Gst: 00000008/0000  00000000 00000000 00000000 00000000
00:00:01.887373 Hst:                00000000 00000000 00000000 00000000
00:00:01.887374 Gst: 00000009/0000  00000000 00000000 00000000 00000000
00:00:01.887375 Hst:                00000000 00000000 00000000 00000000
00:00:01.887376 Gst: 0000000a/0000  00000000 00000000 00000000 00000000
00:00:01.887376 Hst:                00000000 00000000 00000000 00000000
00:00:01.887377 Gst: 0000000b/0000  00000000 00000000 00000000 00000000
00:00:01.887378 Hst:                00000000 00000000 00000000 00000000
00:00:01.887379 Gst: 0000000c/0000  00000000 00000000 00000000 00000000
00:00:01.887379 Hst:                00000000 00000000 00000000 00000000
00:00:01.887381 Gst: 0000000d/0000  00000000 00000000 00000000 00000000
00:00:01.887381 Hst:                00000007 00000340 00000340 00000000
00:00:01.887383 Gst: 0000000d/0001  00000000 00000000 00000000 00000000
00:00:01.887384 Hst:                0000000f 00000340 00000000 00000000
00:00:01.887385 Gst: 0000000d/0002  00000000 00000000 00000000 00000000
00:00:01.887385 Hst:                00000100 00000240 00000000 00000000
00:00:01.887387 Gst: 0000000d/0003  00000000 00000000 00000000 00000000
00:00:01.887387 Hst:                00000000 00000000 00000000 00000000
00:00:01.887460                                Name: AuthenticAMD
00:00:01.887461                            Supports: 0x00000000-0x0000000d
00:00:01.887464                              Family: 15 	Extended: 8 	Effective: 23
00:00:01.887465                               Model:  8 	Extended: 0 	Effective: 8
00:00:01.887466                            Stepping: 2
00:00:01.887466                                Type: 0 (primary)
00:00:01.887467                             APIC ID: 0x00
00:00:01.887468                        Logical CPUs: 1
00:00:01.887469                        CLFLUSH Size: 8
00:00:01.887469                            Brand ID: 0x00
00:00:01.887471 Features
00:00:01.887472   Mnemonic - Description                                  = guest (host)
00:00:01.887473   FPU - x87 FPU on Chip                                   = 1 (1)
00:00:01.887474   VME - Virtual 8086 Mode Enhancements                    = 1 (1)
00:00:01.887475   DE - Debugging extensions                               = 1 (1)
00:00:01.887476   PSE - Page Size Extension                               = 1 (1)
00:00:01.887477   TSC - Time Stamp Counter                                = 1 (1)
00:00:01.887478   MSR - Model Specific Registers                          = 1 (1)
00:00:01.887479   PAE - Physical Address Extension                        = 1 (1)
00:00:01.887479   MCE - Machine Check Exception                           = 1 (1)
00:00:01.887480   CX8 - CMPXCHG8B instruction                             = 1 (1)
00:00:01.887481   APIC - APIC On-Chip                                     = 1 (1)
00:00:01.887482   SEP - SYSENTER and SYSEXIT Present                      = 1 (1)
00:00:01.887483   MTRR - Memory Type Range Registers                      = 1 (1)
00:00:01.887483   PGE - PTE Global Bit                                    = 1 (1)
00:00:01.887484   MCA - Machine Check Architecture                        = 1 (1)
00:00:01.887485   CMOV - Conditional Move instructions                    = 1 (1)
00:00:01.887486   PAT - Page Attribute Table                              = 1 (1)
00:00:01.887487   PSE-36 - 36-bit Page Size Extension                     = 1 (1)
00:00:01.887487   PSN - Processor Serial Number                           = 0 (0)
00:00:01.887488   CLFSH - CLFLUSH instruction                             = 1 (1)
00:00:01.887489   DS - Debug Store                                        = 0 (0)
00:00:01.887490   ACPI - Thermal Mon. & Soft. Clock Ctrl.                 = 0 (0)
00:00:01.887491   MMX - Intel MMX Technology                              = 1 (1)
00:00:01.887492   FXSR - FXSAVE and FXRSTOR instructions                  = 1 (1)
00:00:01.887492   SSE - SSE support                                       = 1 (1)
00:00:01.887493   SSE2 - SSE2 support                                     = 1 (1)
00:00:01.887494   SS - Self Snoop                                         = 0 (0)
00:00:01.887495   HTT - Hyper-Threading Technology                        = 1 (1)
00:00:01.887496   TM - Therm. Monitor                                     = 0 (0)
00:00:01.887497   PBE - Pending Break Enabled                             = 0 (0)
00:00:01.887498   SSE3 - SSE3 support                                     = 1 (1)
00:00:01.887499   PCLMUL - PCLMULQDQ support (for AES-GCM)                = 1 (1)
00:00:01.887500   DTES64 - DS Area 64-bit Layout                          = 0 (0)
00:00:01.887500   MONITOR - MONITOR/MWAIT instructions                    = 0 (0)
00:00:01.887501   CPL-DS - CPL Qualified Debug Store                      = 0 (0)
00:00:01.887502   VMX - Virtual Machine Extensions                        = 0 (0)
00:00:01.887503   SMX - Safer Mode Extensions                             = 0 (0)
00:00:01.887505   EST - Enhanced SpeedStep Technology                     = 0 (0)
00:00:01.887505   TM2 - Terminal Monitor 2                                = 0 (0)
00:00:01.887506   SSSE3 - Supplemental Streaming SIMD Extensions 3        = 1 (1)
00:00:01.887507   CNTX-ID - L1 Context ID                                 = 0 (0)
00:00:01.887508   SDBG - Silicon Debug interface                          = 0 (0)
00:00:01.887509   FMA - Fused Multiply Add extensions                     = 0 (1)
00:00:01.887510   CX16 - CMPXCHG16B instruction                           = 1 (1)
00:00:01.887510   TPRUPDATE - xTPR Update Control                         = 0 (0)
00:00:01.887511   PDCM - Perf/Debug Capability MSR                        = 0 (0)
00:00:01.887512   PCID - Process Context Identifiers                      = 0 (0)
00:00:01.887513   DCA - Direct Cache Access                               = 0 (0)
00:00:01.887514   SSE4_1 - SSE4_1 support                                 = 1 (1)
00:00:01.887515   SSE4_2 - SSE4_2 support                                 = 1 (1)
00:00:01.887515   X2APIC - x2APIC support                                 = 0 (0)
00:00:01.887516   MOVBE - MOVBE instruction                               = 1 (1)
00:00:01.887517   POPCNT - POPCNT instruction                             = 1 (1)
00:00:01.887518   TSCDEADL - Time Stamp Counter Deadline                  = 0 (0)
00:00:01.887519   AES - AES instructions                                  = 1 (1)
00:00:01.887520   XSAVE - XSAVE instruction                               = 0 (1)
00:00:01.887520   OSXSAVE - OSXSAVE instruction                           = 0 (1)
00:00:01.887521   AVX - AVX support                                       = 0 (1)
00:00:01.887522   F16C - 16-bit floating point conversion instructions    = 0 (1)
00:00:01.887523   RDRAND - RDRAND instruction                             = 1 (1)
00:00:01.887524   HVP - Hypervisor Present (we're a guest)                = 0 (1)
00:00:01.887526 Structured Extended Feature Flags Enumeration (leaf 7):
00:00:01.887527   Mnemonic - Description                                  = guest (host)
00:00:01.887527   FSGSBASE - RDFSBASE/RDGSBASE/WRFSBASE/WRGSBASE instr.   = 1 (1)
00:00:01.887528   TSCADJUST - Supports MSR_IA32_TSC_ADJUST                = 0 (0)
00:00:01.887529   SGX - Supports Software Guard Extensions                = 0 (0)
00:00:01.887529   BMI1 - Advanced Bit Manipulation extension 1            = 1 (1)
00:00:01.887530   HLE - Hardware Lock Elision                             = 0 (0)
00:00:01.887531   AVX2 - Advanced Vector Extensions 2                     = 0 (1)
00:00:01.887532   FDP_EXCPTN_ONLY - FPU DP only updated on exceptions     = 0 (0)
00:00:01.887532   SMEP - Supervisor Mode Execution Prevention             = 0 (1)
00:00:01.887533   BMI2 - Advanced Bit Manipulation extension 2            = 1 (1)
00:00:01.887534   ERMS - Enhanced REP MOVSB/STOSB instructions            = 0 (0)
00:00:01.887534   INVPCID - INVPCID instruction                           = 0 (0)
00:00:01.887535   RTM - Restricted Transactional Memory                   = 0 (0)
00:00:01.887536   PQM - Platform Quality of Service Monitoring            = 0 (0)
00:00:01.887537   DEPFPU_CS_DS - Deprecates FPU CS, FPU DS values if set  = 0 (0)
00:00:01.887537   MPE - Intel Memory Protection Extensions                = 0 (0)
00:00:01.887538   PQE - Platform Quality of Service Enforcement           = 0 (0)
00:00:01.887539   AVX512F - AVX512 Foundation instructions                = 0 (0)
00:00:01.887539   RDSEED - RDSEED instruction                             = 1 (1)
00:00:01.887540   ADX - ADCX/ADOX instructions                            = 0 (1)
00:00:01.887541   SMAP - Supervisor Mode Access Prevention                = 0 (1)
00:00:01.887542   CLFLUSHOPT - CLFLUSHOPT (Cache Line Flush) instruction  = 1 (1)
00:00:01.887542   INTEL_PT - Intel Processor Trace                        = 0 (0)
00:00:01.887543   AVX512PF - AVX512 Prefetch instructions                 = 0 (0)
00:00:01.887544   AVX512ER - AVX512 Exponential & Reciprocal instructions = 0 (0)
00:00:01.887544   AVX512CD - AVX512 Conflict Detection instructions       = 0 (0)
00:00:01.887545   SHA - Secure Hash Algorithm extensions                  = 0 (1)
00:00:01.887546   PREFETCHWT1 - PREFETCHWT1 instruction                   = 0 (0)
00:00:01.887547   UMIP - User mode insturction prevention                 = 0 (0)
00:00:01.887547   PKU - Protection Key for Usermode pages                 = 0 (0)
00:00:01.887548   OSPKE - CR4.PKU mirror                                  = 0 (0)
00:00:01.887549   MAWAU - Value used by BNDLDX & BNDSTX                   = 0x0 (0x0)
00:00:01.887550   RDPID - Read processor ID support                       = 0 (0)
00:00:01.887551   SGX_LC - Supports SGX Launch Configuration              = 0 (0)
00:00:01.887552 Processor Extended State Enumeration (leaf 0xd):
00:00:01.887554    XSAVE area cur/max size by XCR0, guest: 0x0/0x0
00:00:01.887554     XSAVE area cur/max size by XCR0, host: 0x340/0x340
00:00:01.887555                    Valid XCR0 bits, guest: 0x00000000`00000000
00:00:01.887556                     Valid XCR0 bits, host: 0x00000000`00000007 ( x87 SSE YMM_Hi128 )
00:00:01.887559                     XSAVE features, guest:
00:00:01.887560                      XSAVE features, host: XSAVEOPT XSAVEC XGETBC1 XSAVES
00:00:01.887561       XSAVE area cur size XCR0|XSS, guest: 0x0
00:00:01.887562        XSAVE area cur size XCR0|XSS, host: 0x340
00:00:01.887563                Valid IA32_XSS bits, guest: 0x00000000`00000000
00:00:01.887563                 Valid IA32_XSS bits, host: 0x00000000`00000000
00:00:01.887565   State #2, host:  off=0x0240, cb=0x0100 IA32_XSS-bit -- YMM_Hi128
00:00:01.887603          Raw Extended CPUID Leaves
00:00:01.887604      Leaf/sub-leaf  eax      ebx      ecx      edx
00:00:01.887604 Gst: 80000000/0000  8000001e 68747541 444d4163 69746e65
00:00:01.887606 Hst:                8000001f 68747541 444d4163 69746e65
00:00:01.887607 Gst: 80000001/0000  00800f82 20000000 000001f1 0bd3fb7f
00:00:01.887608 Hst:                00800f82 20000000 004023f3 2fd3fbff
00:00:01.887609 Gst: 80000002/0000  20444d41 657a7952 2037206e 30303732
00:00:01.887610 Hst:                20444d41 657a7952 2037206e 30303732
00:00:01.887611 Gst: 80000003/0000  69452058 2d746867 65726f43 6f725020
00:00:01.887612 Hst:                69452058 2d746867 65726f43 6f725020
00:00:01.887613 Gst: 80000004/0000  73736563 2020726f 20202020 00202020
00:00:01.887614 Hst:                73736563 2020726f 20202020 00202020
00:00:01.887615 Gst: 80000005/0000  ff40ff40 ff40ff40 20080140 40040140
00:00:01.887616 Hst:                ff40ff40 ff40ff40 20080140 40040140
00:00:01.887618 Gst: 80000006/0000  26006400 66006400 02006140 00808140
00:00:01.887618 Hst:                26006400 66006400 02006140 00808140
00:00:01.887620 Gst: 80000007/0000  00000000 00000000 00000000 00000100
00:00:01.887620 Hst:                00000000 0000001b 00000000 00004789
00:00:01.887622 Gst: 80000008/0000  00003030 04000000 00000000 00000000
00:00:01.887622 Hst:                00003030 02000005 0000400f 00000000
00:00:01.887624 Gst: 80000009/0000  00000000 00000000 00000000 00000000
00:00:01.887624 Hst:                00000000 00000000 00000000 00000000
00:00:01.887625 Gst: 8000000a/0000  00000000 00000000 00000000 00000000
00:00:01.887626 Hst:                00000000 00000000 00000000 00000000
00:00:01.887627 Gst: 8000000b/0000  00000000 00000000 00000000 00000000
00:00:01.887628 Hst:                00000000 00000000 00000000 00000000
00:00:01.887629 Gst: 8000000c/0000  00000000 00000000 00000000 00000000
00:00:01.887629 Hst:                00000000 00000000 00000000 00000000
00:00:01.887630 Gst: 8000000d/0000  00000000 00000000 00000000 00000000
00:00:01.887631 Hst:                00000000 00000000 00000000 00000000
00:00:01.887632 Gst: 8000000e/0000  00000000 00000000 00000000 00000000
00:00:01.887633 Hst:                00000000 00000000 00000000 00000000
00:00:01.887634 Gst: 8000000f/0000  00000000 00000000 00000000 00000000
00:00:01.887634 Hst:                00000000 00000000 00000000 00000000
00:00:01.887636 Gst: 80000010/0000  00000000 00000000 00000000 00000000
00:00:01.887636 Hst:                00000000 00000000 00000000 00000000
00:00:01.887637 Gst: 80000011/0000  00000000 00000000 00000000 00000000
00:00:01.887638 Hst:                00000000 00000000 00000000 00000000
00:00:01.887639 Gst: 80000012/0000  00000000 00000000 00000000 00000000
00:00:01.887640 Hst:                00000000 00000000 00000000 00000000
00:00:01.887641 Gst: 80000013/0000  00000000 00000000 00000000 00000000
00:00:01.887641 Hst:                00000000 00000000 00000000 00000000
00:00:01.887642 Gst: 80000014/0000  00000000 00000000 00000000 00000000
00:00:01.887643 Hst:                00000000 00000000 00000000 00000000
00:00:01.887644 Gst: 80000015/0000  00000000 00000000 00000000 00000000
00:00:01.887645 Hst:                00000000 00000000 00000000 00000000
00:00:01.887646 Gst: 80000016/0000  00000000 00000000 00000000 00000000
00:00:01.887646 Hst:                00000000 00000000 00000000 00000000
00:00:01.887647 Gst: 80000017/0000  00000000 00000000 00000000 00000000
00:00:01.887648 Hst:                00000000 00000000 00000000 00000000
00:00:01.887649 Gst: 80000018/0000  00000000 00000000 00000000 00000000
00:00:01.887650 Hst:                00000000 00000000 00000000 00000000
00:00:01.887651 Gst: 80000019/0000  00000000 00000000 00000000 00000000
00:00:01.887652 Hst:                00000000 00000000 00000000 00000000
00:00:01.887653 Gst: 8000001a/0000  00000003 00000000 00000000 00000000
00:00:01.887653 Hst:                00000003 00000000 00000000 00000000
00:00:01.887654 Gst: 8000001b/0000  00000000 00000000 00000000 00000000
00:00:01.887655 Hst:                00000000 00000000 00000000 00000000
00:00:01.887656 Gst: 8000001c/0000  00000000 00000000 00000000 00000000
00:00:01.887657 Hst:                00000000 00000000 00000000 00000000
00:00:01.887658 Gst: 8000001d/0000  00000121 01c0003f 0000003f 00000000
00:00:01.887659 Hst:                00004121 01c0003f 0000003f 00000000
00:00:01.887660 Gst: 8000001d/0001  00000122 00c0003f 000000ff 00000000
00:00:01.887661 Hst:                00004122 00c0003f 000000ff 00000000
00:00:01.887662 Gst: 8000001d/0002  00000143 01c0003f 000003ff 00000002
00:00:01.887663 Hst:                00004143 01c0003f 000003ff 00000002
00:00:01.887664 Gst: 8000001d/0003  00000163 03c0003f 00001fff 00000001
00:00:01.887664 Hst:                0001c163 03c0003f 00001fff 00000001
00:00:01.887666 Gst: 8000001d/0004  00000000 00000000 00000000 00000000
00:00:01.887666 Hst:                00000000 00000000 00000000 00000000
00:00:01.887668 Gst: 8000001e/0000  00000000 00000000 00000000 00000000
00:00:01.887668 Hst:                00000001 00000100 00000000 00000000
00:00:01.887670 Hst: 8000001f/0000  00000000 00000000 00000000 00000000
00:00:01.887670 Ext Name:                        AuthenticAMD
00:00:01.887671 Ext Supports:                    0x80000000-0x8000001e
00:00:01.887671 Family:                          15  	Extended: 8 	Effective: 23
00:00:01.887672 Model:                           8  	Extended: 0 	Effective: 8
00:00:01.887673 Stepping:                        2
00:00:01.887673 Brand ID:                        0x000
00:00:01.887674 Ext Features
00:00:01.887674   Mnemonic - Description                                  = guest (host)
00:00:01.887675   FPU - x87 FPU on Chip                                   = 1 (1)
00:00:01.887676   VME - Virtual 8086 Mode Enhancements                    = 1 (1)
00:00:01.887676   DE - Debugging extensions                               = 1 (1)
00:00:01.887677   PSE - Page Size Extension                               = 1 (1)
00:00:01.887678   TSC - Time Stamp Counter                                = 1 (1)
00:00:01.887679   MSR - K86 Model Specific Registers                      = 1 (1)
00:00:01.887680   PAE - Physical Address Extension                        = 1 (1)
00:00:01.887681   MCE - Machine Check Exception                           = 0 (1)
00:00:01.887681   CX8 - CMPXCHG8B instruction                             = 1 (1)
00:00:01.887682   APIC - APIC On-Chip                                     = 1 (1)
00:00:01.887683   SEP - SYSCALL/SYSRET                                    = 1 (1)
00:00:01.887684   MTRR - Memory Type Range Registers                      = 1 (1)
00:00:01.887685   PGE - PTE Global Bit                                    = 1 (1)
00:00:01.887686   MCA - Machine Check Architecture                        = 1 (1)
00:00:01.887687   CMOV - Conditional Move instructions                    = 1 (1)
00:00:01.887687   PAT - Page Attribute Table                              = 1 (1)
00:00:01.887688   PSE-36 - 36-bit Page Size Extension                     = 1 (1)
00:00:01.887689   NX - No-Execute/Execute-Disable                         = 1 (1)
00:00:01.887690   AXMMX - AMD Extensions to MMX instructions              = 1 (1)
00:00:01.887691   MMX - Intel MMX Technology                              = 1 (1)
00:00:01.887691   FXSR - FXSAVE and FXRSTOR Instructions                  = 1 (1)
00:00:01.887692   FFXSR - AMD fast FXSAVE and FXRSTOR instructions        = 1 (1)
00:00:01.887693   Page1GB - 1 GB large page                               = 0 (1)
00:00:01.887694   RDTSCP - RDTSCP instruction                             = 1 (1)
00:00:01.887695   LM - AMD64 Long Mode                                    = 0 (1)
00:00:01.887695   3DNOWEXT - AMD Extensions to 3DNow                      = 0 (0)
00:00:01.887696   3DNOW - AMD 3DNow                                       = 0 (0)
00:00:01.887697   LahfSahf - LAHF/SAHF support in 64-bit mode             = 1 (1)
00:00:01.887698   CmpLegacy - Core multi-processing legacy mode           = 0 (1)
00:00:01.887699   SVM - AMD Secure Virtual Machine extensions             = 0 (0)
00:00:01.887700   EXTAPIC - AMD Extended APIC registers                   = 0 (0)
00:00:01.887700   CR8L - AMD LOCK MOV CR0 means MOV CR8                   = 1 (1)
00:00:01.887701   ABM - AMD Advanced Bit Manipulation                     = 1 (1)
00:00:01.887702   SSE4A - SSE4A instructions                              = 1 (1)
00:00:01.887704   MISALIGNSSE - AMD Misaligned SSE mode                   = 1 (1)
00:00:01.887705   3DNOWPRF - AMD PREFETCH and PREFETCHW instructions      = 1 (1)
00:00:01.887706   OSVW - AMD OS Visible Workaround                        = 0 (1)
00:00:01.887707   IBS - Instruct Based Sampling                           = 0 (0)
00:00:01.887708   XOP - Extended Operation support                        = 0 (0)
00:00:01.887709   SKINIT - SKINIT, STGI, and DEV support                  = 0 (0)
00:00:01.887711   WDT - AMD Watchdog Timer support                        = 0 (1)
00:00:01.887712   LWP - Lightweight Profiling support                     = 0 (0)
00:00:01.887716   FMA4 - Four operand FMA instruction support             = 0 (0)
00:00:01.887717   NodeId - NodeId in MSR C001_100C                        = 0 (0)
00:00:01.887718   TBM - Trailing Bit Manipulation instructions            = 0 (0)
00:00:01.887719   TOPOEXT - Topology Extensions                           = 0 (1)
00:00:01.887720   PRFEXTCORE - Performance Counter Extensions support     = 0 (0)
00:00:01.887721   PRFEXTNB - NB Performance Counter Extensions support    = 0 (0)
00:00:01.887722   DATABPEXT - Data-access Breakpoint Extension            = 0 (0)
00:00:01.887722   PERFTSC - Performance Time Stamp Counter                = 0 (0)
00:00:01.887723   PCX_L2I - L2I/L3 Performance Counter Extensions         = 0 (0)
00:00:01.887724   MWAITX - MWAITX and MONITORX instructions               = 0 (0)
00:00:01.887725 Full Name:                       "AMD Ryzen 7 2700X Eight-Core Processor         "
00:00:01.887727 TLB 2/4M Instr/Uni:              fully  64 entries
00:00:01.887728 TLB 2/4M Data:                   fully  64 entries
00:00:01.887728 TLB 4K Instr/Uni:                fully  64 entries
00:00:01.887729 TLB 4K Data:                     fully  64 entries
00:00:01.887729 L1 Instr Cache Line Size:        64 bytes
00:00:01.887730 L1 Instr Cache Lines Per Tag:    1
00:00:01.887730 L1 Instr Cache Associativity:    4 way
00:00:01.887730 L1 Instr Cache Size:             64 KB
00:00:01.887731 L1 Data Cache Line Size:         64 bytes
00:00:01.887731 L1 Data Cache Lines Per Tag:     1
00:00:01.887731 L1 Data Cache Associativity:     8 way
00:00:01.887732 L1 Data Cache Size:              32 KB
00:00:01.887732 L2 TLB 2/4M Instr/Uni:           8 way  1024 entries
00:00:01.887733 L2 TLB 2/4M Data:                2 way  1536 entries
00:00:01.887733 L2 TLB 4K Instr/Uni:             8 way  1024 entries
00:00:01.887734 L2 TLB 4K Data:                  8 way  1536 entries
00:00:01.887734 L2 Cache Line Size:              64 bytes
00:00:01.887734 L2 Cache Lines Per Tag:          1
00:00:01.887735 L2 Cache Associativity:          16 way
00:00:01.887735 L2 Cache Size:                   128 KB
00:00:01.887736   TS - Temperature Sensor                                 = 0 (1)
00:00:01.887737   FID - Frequency ID control                              = 0 (0)
00:00:01.887738   VID - Voltage ID control                                = 0 (0)
00:00:01.887739   TTP - Thermal Trip                                      = 0 (1)
00:00:01.887740   TM - Hardware Thermal Control (HTC)                     = 0 (0)
00:00:01.887741   100MHzSteps - 100 MHz Multiplier control                = 0 (0)
00:00:01.887742   HwPstate - Hardware P-state control                     = 0 (1)
00:00:01.887742   TscInvariant - Invariant Time Stamp Counter             = 1 (1)
00:00:01.887743   CBP - Core Performance Boost                            = 0 (1)
00:00:01.887744   EffFreqRO - Read-only Effective Frequency Interface     = 0 (1)
00:00:01.887745   ProcFdbkIf - Processor Feedback Interface               = 0 (0)
00:00:01.887745   ProcPwrRep - Core power reporting interface support     = 0 (0)
00:00:01.887746   14 - Reserved                                           = 0 (1)
00:00:01.887748   CLZERO - Clear zero instruction (cacheline)             = 0 (1)
00:00:01.887749   IRPerf - Instructions retired count support             = 0 (0)
00:00:01.887749   XSaveErPtr - Save/restore error pointers (FXSAVE/RSTOR*) = 0 (1)
00:00:01.887750   RDPRU - RDPRU instruction                               = 0 (0)
00:00:01.887751   MCOMMIT - MCOMMIT instruction                           = 0 (0)
00:00:01.887752   IBPB - Supports the IBPB command in IA32_PRED_CMD       = 0 (0)
00:00:01.887753   25 - Reserved                                           = 0 (1)
00:00:01.887754   26 - Reserved                                           = 1 (0)
00:00:01.887755 Physical Address Width:          48 bits
00:00:01.887755 Virtual Address Width:           48 bits
00:00:01.887755 Guest Physical Address Width:    0 bits
00:00:01.887756 Physical Core Count:             1
00:00:01.887757 
00:00:01.887757 ******************** End of CPUID dump **********************
00:00:01.887812 VMEmt: Halt method global1 (5)
00:00:01.887892 VMEmt: HaltedGlobal1 config: cNsSpinBlockThresholdCfg=50000
00:00:01.887898 Changing the VM state from 'CREATING' to 'CREATED'
00:00:01.888855 Changing the VM state from 'CREATED' to 'POWERING_ON'
00:00:01.888936 Changing the VM state from 'POWERING_ON' to 'RUNNING'
00:00:01.888984 Console: Machine state changed to 'Running'
00:00:01.890861 VMMDev: Guest Log: BIOS: VirtualBox 7.0.10
00:00:01.891095 PCI: Setting up resources and interrupts
00:00:01.891270 PIT: mode=2 count=0x10000 (65536) - 18.20 Hz (ch=0)
00:00:01.910370 Display::i_handleDisplayResize: uScreenId=0 pvVRAM=0000000000000000 w=720 h=400 bpp=0 cbLine=0x0 flags=0x0 origin=0,0
00:00:01.913483 VMMDev: Guest Log: CPUID EDX: 0x178bfbff
00:00:01.914118 VMMDev: Guest Log: BIOS: No PCI IDE controller, not probing IDE
00:00:01.956751 PIT: mode=2 count=0x48d3 (18643) - 64.00 Hz (ch=0)
00:00:01.972875 Display::i_handleDisplayResize: uScreenId=0 pvVRAM=0000026ce4000000 w=640 h=480 bpp=32 cbLine=0xA00 flags=0x0 origin=0,0
00:00:02.022947 VBoxHeadless: starting event loop
00:00:04.435701 PIT: mode=2 count=0x10000 (65536) - 18.20 Hz (ch=0)
00:00:04.435979 VMMDev: Guest Log: BIOS: Boot : bseqnr=1, bootseq=0001
00:00:04.444556 Display::i_handleDisplayResize: uScreenId=0 pvVRAM=0000000000000000 w=720 h=400 bpp=0 cbLine=0x0 flags=0x0 origin=0,0
00:00:04.456478 VMMDev: Guest Log: BIOS: Booting from Floppy...
00:00:04.486935 Display::i_handleDisplayResize: uScreenId=0 pvVRAM=0000026ce4000000 w=640 h=400 bpp=0 cbLine=0x140 flags=0x0 origin=0,0
00:00:04.487696 Audio: Warning: Scheduling hint of stream '[WasAPI] Output:0' is bigger (498216207336ms) than used period size (0ms)
