00:00:00.392575 VirtualBox VM 7.2.6 r172322 win.amd64 (Jan 15 2026 18:08:50) release log
00:00:00.392577 Log opened 2026-04-26T19:34:26.201390200Z
00:00:00.392577 Build Type: release
00:00:00.392578 OS Product: Windows 10
00:00:00.392732 OS Release: 10.0.19045.7184
00:00:00.392733 OS Service Pack: 
00:00:00.463607 DMI Product Name: System Product Name
00:00:00.466961 DMI Product Version: System Version
00:00:00.466981 Firmware type: UEFI
00:00:00.467350 Secure Boot: Enabled
00:00:00.467357 Host RAM: 32692MB (31.9GB) total, 17738MB (17.3GB) available
00:00:00.467359 Executable: C:\Program Files\Oracle\VirtualBox\VBoxHeadless.exe
00:00:00.467359 Process ID: 61596
00:00:00.467360 Package type: WINDOWS_64BITS_GENERIC
00:00:00.467360 Windows Features:
00:00:00.467361   Core Isolation (Memory Integrity): DISABLED
00:00:00.468177 Installed Extension Packs:
00:00:00.468190   None installed!
00:00:00.468808 Console: Machine state changed to 'Starting'
00:00:00.524835 SUP: seg #0: R   0x00000000 LB 0x00001000
00:00:00.524852 SUP: seg #1: R X 0x00001000 LB 0x00204000
00:00:00.524856 SUP: seg #2: R   0x00205000 LB 0x00053000
00:00:00.524860 SUP: seg #3: RW  0x00258000 LB 0x00013000
00:00:00.524864 SUP: seg #4: R   0x0026b000 LB 0x00013000
00:00:00.524867 SUP: seg #5: RW  0x0027e000 LB 0x00004000
00:00:00.524871 SUP: seg #6: R   0x00282000 LB 0x00007000
00:00:00.524874 SUP: seg #7: R X 0x00289000 LB 0x00002000
00:00:00.524877 SUP: seg #8: R   0x0028b000 LB 0x00007000
00:00:00.528535 SUP: Loaded VMMR0.r0 (C:\Program Files\Oracle\VirtualBox/VMMR0.r0) at 0xXXXXXXXXXXXXXXXX - ModuleInit at XXXXXXXXXXXXXXXX and ModuleTerm at XXXXXXXXXXXXXXXX using the native ring-0 loader
00:00:00.528575 SUP: VMMR0EntryEx located at XXXXXXXXXXXXXXXX and VMMR0EntryFast at XXXXXXXXXXXXXXXX
00:00:00.528578 SUP: windbg> .reload /f C:\Program Files\Oracle\VirtualBox/VMMR0.r0=0xXXXXXXXXXXXXXXXX
00:00:00.532163 Guest architecture: x86
00:00:00.532221 Guest OS type: 'Other'
00:00:00.533238 fHMForced=true - No raw-mode support in this build!
00:00:00.533270 Using execution engine 1
00:00:00.536153 File system of 'C:\Users\RhythmicCarnage\Desktop\CyberStorm\deploy\virtualbox\CyberStorm.vdi' is ntfs
00:00:00.635774 Shared Clipboard: Initialized OLE
00:00:00.635831 Shared Clipboard: Service loaded
00:00:00.635841 Shared Clipboard: Mode: Off
00:00:00.635891 Shared Clipboard: Service running in headless mode
00:00:00.646547 Drag and drop service loaded
00:00:00.646559 Drag and drop mode: Off
00:00:00.647946 Audio: Detected default audio driver type is 'HostAudioWas'
00:00:00.739049 ************************* CFGM dump *************************
00:00:00.739057 [/] (level 0)
00:00:00.739059   CpuExecutionCap   <integer> = 0x0000000000000064 (100)
00:00:00.739061   EnablePAE         <integer> = 0x0000000000000000 (0)
00:00:00.739062   HMEnabled         <integer> = 0x0000000000000001 (1)
00:00:00.739063   MemBalloonSize    <integer> = 0x0000000000000000 (0, 0 B)
00:00:00.739067   Name              <string>  = "CyberStorm" (cb=11)
00:00:00.739068   NumCPUs           <integer> = 0x0000000000000001 (1)
00:00:00.739069   PageFusionAllowed <integer> = 0x0000000000000000 (0)
00:00:00.739069   RamHoleSize       <integer> = 0x0000000020000000 (536 870 912, 512.0 MiB)
00:00:00.739071   RamSize           <integer> = 0x0000000004000000 (67 108 864, 64.0 MiB)
00:00:00.739072   TimerMillies      <integer> = 0x000000000000000a (10)
00:00:00.739073   UUID              <bytes>   = "05 dd b4 be b3 c8 05 4f 86 62 d1 a8 82 ca 62 49" (cb=16)
00:00:00.739075 
00:00:00.739075 [/CPUM/] (level 1)
00:00:00.739077   Enable64bit        <integer> = 0x0000000000000000 (0)
00:00:00.739077   GuestCpuName       <string>  = "host" (cb=5)
00:00:00.739078   NestedHWVirt       <integer> = 0x0000000000000000 (0)
00:00:00.739079   PortableCpuIdLevel <integer> = 0x0000000000000000 (0)
00:00:00.739079   SpecCtrl           <integer> = 0x0000000000000000 (0)
00:00:00.739080 
00:00:00.739080 [/CPUM/IsaExts/] (level 2)
00:00:00.739081 
00:00:00.739082 [/DBGC/] (level 1)
00:00:00.739082   GlobalInitScript <string>  = "C:\Users\RhythmicCarnage\.VirtualBox/dbgc-init" (cb=47)
00:00:00.739083   HistoryFile      <string>  = "C:\Users\RhythmicCarnage\.VirtualBox/dbgc-history" (cb=50)
00:00:00.739084   LocalInitScript  <string>  = "C:\Users\RhythmicCarnage\Desktop\CyberStorm\deploy\virtualbox\CyberStorm/dbgc-init" (cb=83)
00:00:00.739084 
00:00:00.739084 [/DBGF/] (level 1)
00:00:00.739085   Path <string>  = "C:\Users\RhythmicCarnage\Desktop\CyberStorm\deploy\virtualbox\CyberStorm/debug/;C:\Users\RhythmicCarnage\Desktop\CyberStorm\deploy\virtualbox\CyberStorm/;cache*C:\Users\RhythmicCarnage\Desktop\CyberStorm\deploy\virtualbox\CyberStorm/dbgcache/;C:\Users\RhythmicCarnage\" (cb=269)
00:00:00.739086 
00:00:00.739086 [/Devices/] (level 1)
00:00:00.739087 
00:00:00.739087 [/Devices/3c501/] (level 2)
00:00:00.739088 
00:00:00.739088 [/Devices/8237A/] (level 2)
00:00:00.739089 
00:00:00.739089 [/Devices/8237A/0/] (level 3)
00:00:00.739090   Trusted <integer> = 0x0000000000000001 (1)
00:00:00.739091 
00:00:00.739091 [/Devices/VMMDev/] (level 2)
00:00:00.739092 
00:00:00.739092 [/Devices/VMMDev/0/] (level 3)
00:00:00.739093   PCIBusNo      <integer> = 0x0000000000000000 (0)
00:00:00.739094   PCIDeviceNo   <integer> = 0x0000000000000004 (4)
00:00:00.739094   PCIFunctionNo <integer> = 0x0000000000000000 (0)
00:00:00.739095   Trusted       <integer> = 0x0000000000000001 (1)
00:00:00.739095 
00:00:00.739095 [/Devices/VMMDev/0/Config/] (level 4)
00:00:00.739097   GuestCoreDumpDir <string>  = "C:\Users\RhythmicCarnage\Desktop\CyberStorm\deploy\virtualbox\CyberStorm\Snapshots" (cb=83)
00:00:00.739097 
00:00:00.739097 [/Devices/VMMDev/0/LUN#0/] (level 4)
00:00:00.739098   Driver <string>  = "HGCM" (cb=5)
00:00:00.739099 
00:00:00.739099 [/Devices/VMMDev/0/LUN#0/Config/] (level 5)
00:00:00.739100 
00:00:00.739100 [/Devices/VMMDev/0/LUN#999/] (level 4)
00:00:00.739101   Driver <string>  = "MainStatus" (cb=11)
00:00:00.739102 
00:00:00.739102 [/Devices/VMMDev/0/LUN#999/Config/] (level 5)
00:00:00.739103   First                <integer> = 0x0000000000000000 (0)
00:00:00.739104   HasMediumAttachments <integer> = 0x0000000000000000 (0)
00:00:00.739104   Last                 <integer> = 0x0000000000000000 (0)
00:00:00.739105   iLedSet              <integer> = 0x0000000000000003 (3)
00:00:00.739106 
00:00:00.739106 [/Devices/acpi/] (level 2)
00:00:00.739107 
00:00:00.739107 [/Devices/acpi/0/] (level 3)
00:00:00.739108   PCIBusNo      <integer> = 0x0000000000000000 (0)
00:00:00.739108   PCIDeviceNo   <integer> = 0x0000000000000007 (7)
00:00:00.739109   PCIFunctionNo <integer> = 0x0000000000000000 (0)
00:00:00.739110   Trusted       <integer> = 0x0000000000000001 (1)
00:00:00.739110 
00:00:00.739110 [/Devices/acpi/0/Config/] (level 4)
00:00:00.739112   CpuHotPlug          <integer> = 0x0000000000000000 (0)
00:00:00.739112   FdcEnabled          <integer> = 0x0000000000000000 (0)
00:00:00.739113   HostBusPciAddress   <integer> = 0x0000000000000000 (0)
00:00:00.739114   HpetEnabled         <integer> = 0x0000000000000000 (0)
00:00:00.739114   IOAPIC              <integer> = 0x0000000000000000 (0)
00:00:00.739115   IocPciAddress       <integer> = 0x0000000000010000 (65 536)
00:00:00.739116   NumCPUs             <integer> = 0x0000000000000001 (1)
00:00:00.739116   Parallel0IoPortBase <integer> = 0x0000000000000000 (0)
00:00:00.739117   Parallel0Irq        <integer> = 0x0000000000000000 (0)
00:00:00.739117   Parallel1IoPortBase <integer> = 0x0000000000000000 (0)
00:00:00.739118   Parallel1Irq        <integer> = 0x0000000000000000 (0)
00:00:00.739119   Serial0IoPortBase   <integer> = 0x0000000000000000 (0)
00:00:00.739119   Serial0Irq          <integer> = 0x0000000000000000 (0)
00:00:00.739120   Serial1IoPortBase   <integer> = 0x0000000000000000 (0)
00:00:00.739120   Serial1Irq          <integer> = 0x0000000000000000 (0)
00:00:00.739121   ShowCpu             <integer> = 0x0000000000000000 (0)
00:00:00.739121   ShowRtc             <integer> = 0x0000000000000000 (0)
00:00:00.739122   SmcEnabled          <integer> = 0x0000000000000000 (0)
00:00:00.739123 
00:00:00.739123 [/Devices/acpi/0/LUN#0/] (level 4)
00:00:00.739124   Driver <string>  = "ACPIHost" (cb=9)
00:00:00.739124 
00:00:00.739125 [/Devices/acpi/0/LUN#0/Config/] (level 5)
00:00:00.739126 
00:00:00.739126 [/Devices/apic/] (level 2)
00:00:00.739126 
00:00:00.739127 [/Devices/apic/0/] (level 3)
00:00:00.739127   Trusted <integer> = 0x0000000000000001 (1)
00:00:00.739128 
00:00:00.739128 [/Devices/apic/0/Config/] (level 4)
00:00:00.739129   IOAPIC  <integer> = 0x0000000000000000 (0)
00:00:00.739130   Mode    <integer> = 0x0000000000000002 (2)
00:00:00.739130   NumCPUs <integer> = 0x0000000000000001 (1)
00:00:00.739131 
00:00:00.739131 [/Devices/dp8390/] (level 2)
00:00:00.739132 
00:00:00.739132 [/Devices/e1000/] (level 2)
00:00:00.739133 
00:00:00.739133 [/Devices/i8254/] (level 2)
00:00:00.739133 
00:00:00.739134 [/Devices/i8254/0/] (level 3)
00:00:00.739134 
00:00:00.739135 [/Devices/i8254/0/Config/] (level 4)
00:00:00.739135 
00:00:00.739136 [/Devices/i8259/] (level 2)
00:00:00.739136 
00:00:00.739136 [/Devices/i8259/0/] (level 3)
00:00:00.739137   Trusted <integer> = 0x0000000000000001 (1)
00:00:00.739138 
00:00:00.739138 [/Devices/i8259/0/Config/] (level 4)
00:00:00.739139 
00:00:00.739139 [/Devices/mc146818/] (level 2)
00:00:00.739140 
00:00:00.739140 [/Devices/mc146818/0/] (level 3)
00:00:00.739141 
00:00:00.739141 [/Devices/mc146818/0/Config/] (level 4)
00:00:00.739142   UseUTC <integer> = 0x0000000000000000 (0)
00:00:00.739142 
00:00:00.739142 [/Devices/parallel/] (level 2)
00:00:00.739143 
00:00:00.739143 [/Devices/pcarch/] (level 2)
00:00:00.739144 
00:00:00.739144 [/Devices/pcarch/0/] (level 3)
00:00:00.739145   Trusted <integer> = 0x0000000000000001 (1)
00:00:00.739145 
00:00:00.739145 [/Devices/pcarch/0/Config/] (level 4)
00:00:00.739146 
00:00:00.739146 [/Devices/pcbios/] (level 2)
00:00:00.739147 
00:00:00.739147 [/Devices/pcbios/0/] (level 3)
00:00:00.739148   Trusted <integer> = 0x0000000000000001 (1)
00:00:00.739148 
00:00:00.739149 [/Devices/pcbios/0/Config/] (level 4)
00:00:00.739150   APIC            <integer> = 0x0000000000000001 (1)
00:00:00.739150   BootDevice0     <string>  = "IDE" (cb=4)
00:00:00.739151   BootDevice1     <string>  = "NONE" (cb=5)
00:00:00.739151   BootDevice2     <string>  = "NONE" (cb=5)
00:00:00.739152   BootDevice3     <string>  = "NONE" (cb=5)
00:00:00.739152   DmiSystemSerial <string>  = "VirtualBox-<DmiSystemUuid>" (cb=27)
00:00:00.739153   FloppyDevice    <string>  = "i82078" (cb=7)
00:00:00.739153   HardDiskDevice  <string>  = "piix3ide" (cb=9)
00:00:00.739154   IOAPIC          <integer> = 0x0000000000000000 (0)
00:00:00.739154   McfgBase        <integer> = 0x0000000000000000 (0)
00:00:00.739155   McfgLength      <integer> = 0x0000000000000000 (0)
00:00:00.739156   NumCPUs         <integer> = 0x0000000000000001 (1)
00:00:00.739156   PXEDebug        <integer> = 0x0000000000000000 (0)
00:00:00.739157   UUID            <bytes>   = "05 dd b4 be b3 c8 05 4f 86 62 d1 a8 82 ca 62 49" (cb=16)
00:00:00.739159   UuidLe          <integer> = 0x0000000000000001 (1)
00:00:00.739159 
00:00:00.739159 [/Devices/pcbios/0/Config/NetBoot/] (level 5)
00:00:00.739160 
00:00:00.739160 [/Devices/pcbios/0/Config/NetBoot/0/] (level 6)
00:00:00.739162   NIC           <integer> = 0x0000000000000000 (0)
00:00:00.739162   PCIBusNo      <integer> = 0x0000000000000000 (0)
00:00:00.739163   PCIDeviceNo   <integer> = 0x0000000000000003 (3)
00:00:00.739163   PCIFunctionNo <integer> = 0x0000000000000000 (0)
00:00:00.739164 
00:00:00.739164 [/Devices/pci/] (level 2)
00:00:00.739165 
00:00:00.739165 [/Devices/pci/0/] (level 3)
00:00:00.739166   Trusted <integer> = 0x0000000000000001 (1)
00:00:00.739166 
00:00:00.739166 [/Devices/pci/0/Config/] (level 4)
00:00:00.739167   IOAPIC <integer> = 0x0000000000000000 (0)
00:00:00.739168 
00:00:00.739168 [/Devices/pcibridge/] (level 2)
00:00:00.739169 
00:00:00.739169 [/Devices/pckbd/] (level 2)
00:00:00.739170 
00:00:00.739170 [/Devices/pckbd/0/] (level 3)
00:00:00.739171   Trusted <integer> = 0x0000000000000001 (1)
00:00:00.739171 
00:00:00.739171 [/Devices/pckbd/0/Config/] (level 4)
00:00:00.739172 
00:00:00.739172 [/Devices/pckbd/0/LUN#0/] (level 4)
00:00:00.739173   Driver <string>  = "KeyboardQueue" (cb=14)
00:00:00.739173 
00:00:00.739174 [/Devices/pckbd/0/LUN#0/AttachedDriver/] (level 5)
00:00:00.739175   Driver <string>  = "MainKeyboard" (cb=13)
00:00:00.739175 
00:00:00.739175 [/Devices/pckbd/0/LUN#0/Config/] (level 5)
00:00:00.739176   QueueSize <integer> = 0x0000000000000040 (64, 64 B)
00:00:00.739177 
00:00:00.739177 [/Devices/pckbd/0/LUN#1/] (level 4)
00:00:00.739178   Driver <string>  = "MouseQueue" (cb=11)
00:00:00.739179 
00:00:00.739179 [/Devices/pckbd/0/LUN#1/AttachedDriver/] (level 5)
00:00:00.739180   Driver <string>  = "MainMouse" (cb=10)
00:00:00.739180 
00:00:00.739180 [/Devices/pckbd/0/LUN#1/Config/] (level 5)
00:00:00.739181   QueueSize <integer> = 0x0000000000000080 (128, 128 B)
00:00:00.739182 
00:00:00.739182 [/Devices/pcnet/] (level 2)
00:00:00.739183 
00:00:00.739183 [/Devices/pcnet/0/] (level 3)
00:00:00.739184   PCIBusNo      <integer> = 0x0000000000000000 (0)
00:00:00.739185   PCIDeviceNo   <integer> = 0x0000000000000003 (3)
00:00:00.739185   PCIFunctionNo <integer> = 0x0000000000000000 (0)
00:00:00.739186   Trusted       <integer> = 0x0000000000000001 (1)
00:00:00.739186 
00:00:00.739187 [/Devices/pcnet/0/Config/] (level 4)
00:00:00.739188   CableConnected <integer> = 0x0000000000000001 (1)
00:00:00.739188   ChipType       <string>  = "Am79C973" (cb=9)
00:00:00.739189   LineSpeed      <integer> = 0x0000000000000000 (0)
00:00:00.739189   MAC            <bytes>   = "08 00 27 6d 8b cb" (cb=6)
00:00:00.739191 
00:00:00.739191 [/Devices/pcnet/0/LUN#0/] (level 4)
00:00:00.739192   Driver <string>  = "NAT" (cb=4)
00:00:00.739192 
00:00:00.739192 [/Devices/pcnet/0/LUN#0/Config/] (level 5)
00:00:00.739193   AliasMode          <integer> = 0x0000000000000000 (0)
00:00:00.739194   DNSProxy           <integer> = 0x0000000000000000 (0)
00:00:00.739195   EnableTFTP         <integer> = 0x0000000000000000 (0)
00:00:00.739195   ForwardBroadcast   <integer> = 0x0000000000000000 (0)
00:00:00.739196   LocalhostReachable <integer> = 0x0000000000000000 (0)
00:00:00.739196   Network            <string>  = "10.0.2.0/24" (cb=12)
00:00:00.739197   PassDomain         <integer> = 0x0000000000000001 (1)
00:00:00.739197   UseHostResolver    <integer> = 0x0000000000000000 (0)
00:00:00.739198 
00:00:00.739198 [/Devices/pcnet/0/LUN#999/] (level 4)
00:00:00.739199   Driver <string>  = "MainStatus" (cb=11)
00:00:00.739200 
00:00:00.739200 [/Devices/pcnet/0/LUN#999/Config/] (level 5)
00:00:00.739201   First                <integer> = 0x0000000000000000 (0)
00:00:00.739202   HasMediumAttachments <integer> = 0x0000000000000000 (0)
00:00:00.739202   Last                 <integer> = 0x0000000000000000 (0)
00:00:00.739203   iLedSet              <integer> = 0x0000000000000002 (2)
00:00:00.739203 
00:00:00.739204 [/Devices/piix3ide/] (level 2)
00:00:00.739204 
00:00:00.739204 [/Devices/piix3ide/0/] (level 3)
00:00:00.739205   PCIBusNo      <integer> = 0x0000000000000000 (0)
00:00:00.739206   PCIDeviceNo   <integer> = 0x0000000000000001 (1)
00:00:00.739207   PCIFunctionNo <integer> = 0x0000000000000001 (1)
00:00:00.739207   Trusted       <integer> = 0x0000000000000001 (1)
00:00:00.739208 
00:00:00.739208 [/Devices/piix3ide/0/Config/] (level 4)
00:00:00.739209   Type <string>  = "PIIX4" (cb=6)
00:00:00.739209 
00:00:00.739209 [/Devices/piix3ide/0/LUN#0/] (level 4)
00:00:00.739210   Driver <string>  = "VD" (cb=3)
00:00:00.739211 
00:00:00.739211 [/Devices/piix3ide/0/LUN#0/Config/] (level 5)
00:00:00.739212   Format    <string>  = "VDI" (cb=4)
00:00:00.739212   Mountable <integer> = 0x0000000000000000 (0)
00:00:00.739213   Path      <string>  = "C:\Users\RhythmicCarnage\Desktop\CyberStorm\deploy\virtualbox\CyberStorm.vdi" (cb=77)
00:00:00.739213   Type      <string>  = "HardDisk" (cb=9)
00:00:00.739214 
00:00:00.739214 [/Devices/piix3ide/0/LUN#0/Config/VDConfig/] (level 6)
00:00:00.739215   AllocationBlockSize <string>  = "1048576" (cb=8)
00:00:00.739216 
00:00:00.739216 [/Devices/piix3ide/0/LUN#999/] (level 4)
00:00:00.739216   Driver <string>  = "MainStatus" (cb=11)
00:00:00.739217 
00:00:00.739217 [/Devices/piix3ide/0/LUN#999/Config/] (level 5)
00:00:00.739218   DeviceInstance       <string>  = "piix3ide/0" (cb=11)
00:00:00.739219   First                <integer> = 0x0000000000000000 (0)
00:00:00.739219   HasMediumAttachments <integer> = 0x0000000000000001 (1)
00:00:00.739220   Last                 <integer> = 0x0000000000000003 (3)
00:00:00.739220   iLedSet              <integer> = 0x0000000000000001 (1)
00:00:00.739221 
00:00:00.739221 [/Devices/sb16/] (level 2)
00:00:00.739222 
00:00:00.739222 [/Devices/sb16/0/] (level 3)
00:00:00.739223   Trusted <integer> = 0x0000000000000001 (1)
00:00:00.739223 
00:00:00.739224 [/Devices/sb16/0/AudioConfig/] (level 4)
00:00:00.739224 
00:00:00.739225 [/Devices/sb16/0/Config/] (level 4)
00:00:00.739225   DMA          <integer> = 0x0000000000000001 (1)
00:00:00.739226   DMA16        <integer> = 0x0000000000000005 (5)
00:00:00.739227   DebugEnabled <integer> = 0x0000000000000000 (0)
00:00:00.739227   IRQ          <integer> = 0x0000000000000005 (5)
00:00:00.739228   Port         <integer> = 0x0000000000000220 (544)
00:00:00.739228   Version      <integer> = 0x0000000000000405 (1 029)
00:00:00.739229 
00:00:00.739229 [/Devices/sb16/0/LUN#0/] (level 4)
00:00:00.739230   Driver <string>  = "AUDIO" (cb=6)
00:00:00.739231 
00:00:00.739231 [/Devices/sb16/0/LUN#0/AttachedDriver/] (level 5)
00:00:00.739232   Driver <string>  = "HostAudioWas" (cb=13)
00:00:00.739232 
00:00:00.739233 [/Devices/sb16/0/LUN#0/AttachedDriver/Config/] (level 6)
00:00:00.739234   VmName <string>  = "CyberStorm" (cb=11)
00:00:00.739234   VmUuid <string>  = "beb4dd05-c8b3-4f05-8662-d1a882ca6249" (cb=37)
00:00:00.739235 
00:00:00.739235 [/Devices/sb16/0/LUN#0/Config/] (level 5)
00:00:00.739236   DriverName    <string>  = "HostAudioWas" (cb=13)
00:00:00.739236   InputEnabled  <integer> = 0x0000000000000000 (0)
00:00:00.739237   OutputEnabled <integer> = 0x0000000000000001 (1)
00:00:00.739237 
00:00:00.739238 [/Devices/sb16/0/LUN#1/] (level 4)
00:00:00.739238   Driver <string>  = "AUDIO" (cb=6)
00:00:00.739239 
00:00:00.739239 [/Devices/sb16/0/LUN#2/] (level 4)
00:00:00.739240   Driver <string>  = "AUDIO" (cb=6)
00:00:00.739240 
00:00:00.739241 [/Devices/serial/] (level 2)
00:00:00.739241 
00:00:00.739241 [/Devices/vga/] (level 2)
00:00:00.739242 
00:00:00.739242 [/Devices/vga/0/] (level 3)
00:00:00.739243   PCIBusNo      <integer> = 0x0000000000000000 (0)
00:00:00.739244   PCIDeviceNo   <integer> = 0x0000000000000002 (2)
00:00:00.739244   PCIFunctionNo <integer> = 0x0000000000000000 (0)
00:00:00.739245   Trusted       <integer> = 0x0000000000000001 (1)
00:00:00.739245 
00:00:00.739245 [/Devices/vga/0/Config/] (level 4)
00:00:00.739246   3DEnabled             <integer> = 0x0000000000000000 (0)
00:00:00.739247   CustomVideoModes      <integer> = 0x0000000000000000 (0)
00:00:00.739248   FadeIn                <integer> = 0x0000000000000001 (1)
00:00:00.739248   FadeOut               <integer> = 0x0000000000000001 (1)
00:00:00.739249   HeightReduction       <integer> = 0x0000000000000000 (0)
00:00:00.739250   LogoFile              <string>  = "" (cb=1)
00:00:00.739250   LogoTime              <integer> = 0x0000000000000000 (0)
00:00:00.739251   MonitorCount          <integer> = 0x0000000000000001 (1)
00:00:00.739251   ShowBootMenu          <integer> = 0x0000000000000002 (2)
00:00:00.739252   VMSVGA3dEnabled       <integer> = 0x0000000000000000 (0)
00:00:00.739253   VMSVGAEnabled         <integer> = 0x0000000000000001 (1)
00:00:00.739253   VRamSize              <integer> = 0x0000000001000000 (16 777 216, 16.0 MiB)
00:00:00.739254   VmSvga3               <integer> = 0x0000000000000000 (0)
00:00:00.739255   VmSvgaExposeLegacyVga <integer> = 0x0000000000000001 (1)
00:00:00.739255 
00:00:00.739256 [/Devices/vga/0/LUN#0/] (level 4)
00:00:00.739256   Driver <string>  = "MainDisplay" (cb=12)
00:00:00.739257 
00:00:00.739257 [/Devices/vga/0/LUN#0/Config/] (level 5)
00:00:00.739258 
00:00:00.739258 [/Devices/vga/0/LUN#999/] (level 4)
00:00:00.739259   Driver <string>  = "MainStatus" (cb=11)
00:00:00.739259 
00:00:00.739260 [/Devices/vga/0/LUN#999/Config/] (level 5)
00:00:00.739260   First                <integer> = 0x0000000000000000 (0)
00:00:00.739261   HasMediumAttachments <integer> = 0x0000000000000000 (0)
00:00:00.739262   Last                 <integer> = 0x0000000000000000 (0)
00:00:00.739262   iLedSet              <integer> = 0x0000000000000000 (0)
00:00:00.739263 
00:00:00.739263 [/Devices/virtio-net/] (level 2)
00:00:00.739264 
00:00:00.739264 [/EM/] (level 1)
00:00:00.739265   TripleFaultReset <integer> = 0x0000000000000000 (0)
00:00:00.739265 
00:00:00.739265 [/GCM/] (level 1)
00:00:00.739266 
00:00:00.739266 [/GIM/] (level 1)
00:00:00.739267   Provider <string>  = "None" (cb=5)
00:00:00.739267 
00:00:00.739267 [/HM/] (level 1)
00:00:00.739269   64bitEnabled        <integer> = 0x0000000000000000 (0)
00:00:00.739269   EnableLargePages    <integer> = 0x0000000000000001 (1)
00:00:00.739270   EnableNestedPaging  <integer> = 0x0000000000000001 (1)
00:00:00.739270   EnableUX            <integer> = 0x0000000000000001 (1)
00:00:00.739271   EnableVPID          <integer> = 0x0000000000000001 (1)
00:00:00.739272   Exclusive           <integer> = 0x0000000000000000 (0)
00:00:00.739272   HMForced            <integer> = 0x0000000000000001 (1)
00:00:00.739273   IBPBOnVMEntry       <integer> = 0x0000000000000000 (0)
00:00:00.739273   IBPBOnVMExit        <integer> = 0x0000000000000000 (0)
00:00:00.739274   L1DFlushOnSched     <integer> = 0x0000000000000001 (1)
00:00:00.739274   L1DFlushOnVMEntry   <integer> = 0x0000000000000000 (0)
00:00:00.739275   MDSClearOnSched     <integer> = 0x0000000000000001 (1)
00:00:00.739276   MDSClearOnVMEntry   <integer> = 0x0000000000000000 (0)
00:00:00.739276   SpecCtrlByHost      <integer> = 0x0000000000000000 (0)
00:00:00.739277   SvmVirtVmsaveVmload <integer> = 0x0000000000000000 (0)
00:00:00.739277   UseNEMInstead       <integer> = 0x0000000000000000 (0)
00:00:00.739278 
00:00:00.739278 [/MM/] (level 1)
00:00:00.739278   CanUseLargerHeap <integer> = 0x0000000000000000 (0)
00:00:00.739279 
00:00:00.739279 [/NEM/] (level 1)
00:00:00.739280   Allow64BitGuests  <integer> = 0x0000000000000000 (0)
00:00:00.739280   IBPBOnVMEntry     <integer> = 0x0000000000000000 (0)
00:00:00.739281   IBPBOnVMExit      <integer> = 0x0000000000000000 (0)
00:00:00.739281   L1DFlushOnSched   <integer> = 0x0000000000000001 (1)
00:00:00.739282   L1DFlushOnVMEntry <integer> = 0x0000000000000000 (0)
00:00:00.739282   MDSClearOnSched   <integer> = 0x0000000000000001 (1)
00:00:00.739283   MDSClearOnVMEntry <integer> = 0x0000000000000000 (0)
00:00:00.739283 
00:00:00.739283 [/PDM/] (level 1)
00:00:00.739284 
00:00:00.739284 [/PDM/AsyncCompletion/] (level 2)
00:00:00.739285 
00:00:00.739285 [/PDM/AsyncCompletion/File/] (level 3)
00:00:00.739286 
00:00:00.739286 [/PDM/AsyncCompletion/File/BwGroups/] (level 4)
00:00:00.739287 
00:00:00.739287 [/PDM/BlkCache/] (level 2)
00:00:00.739288   CacheSize <integer> = 0x0000000000500000 (5 242 880, 5.0 MiB)
00:00:00.739289 
00:00:00.739289 [/PDM/Devices/] (level 2)
00:00:00.739289 
00:00:00.739289 [/PDM/Drivers/] (level 2)
00:00:00.739290 
00:00:00.739290 [/PDM/Drivers/VBoxC/] (level 3)
00:00:00.739291   Path <string>  = "VBoxC" (cb=6)
00:00:00.739291 
00:00:00.739292 [/PDM/NetworkShaper/] (level 2)
00:00:00.739292 
00:00:00.739292 [/PDM/NetworkShaper/BwGroups/] (level 3)
00:00:00.739293 
00:00:00.739293 [/TM/] (level 1)
00:00:00.739294   UTCOffset <integer> = 0x0000000000000000 (0)
00:00:00.739294 
00:00:00.739295 ********************* End of CFGM dump **********************
00:00:00.739359 HM: HMR3Init: Attempting fall back to NEM: AMD-V is not available
00:00:00.799863 NEM:  info: Found optional import WinHvPlatform.dll!WHvQueryGpaRangeDirtyBitmap.
00:00:00.799883 NEM:  info: Found optional import WinHvPlatform.dll!WHvResumePartitionTime.
00:00:00.799887 NEM:  info: Found optional import WinHvPlatform.dll!WHvSuspendPartitionTime.
00:00:00.799891 NEM:  info: Found optional import WinHvPlatform.dll!WHvRequestInterrupt.
00:00:00.799894 NEM:  info: Found optional import WinHvPlatform.dll!WHvGetVirtualProcessorXsaveState.
00:00:00.799898 NEM:  info: Found optional import WinHvPlatform.dll!WHvSetVirtualProcessorXsaveState.
00:00:00.799903 NEM:  info: Failed to import WinHvPlatform.dll!WHvGetVirtualProcessorState: VERR_SYMBOL_NOT_FOUND
00:00:00.799925 NEM:  info: Failed to import WinHvPlatform.dll!WHvSetVirtualProcessorState: VERR_SYMBOL_NOT_FOUND
00:00:00.799929 NEM:  info: Found optional import WinHvPlatform.dll!WHvGetVirtualProcessorInterruptControllerState.
00:00:00.799932 NEM:  info: Found optional import WinHvPlatform.dll!WHvSetVirtualProcessorInterruptControllerState.
00:00:00.799935 NEM:  info: Found optional import WinHvPlatform.dll!WHvGetVirtualProcessorInterruptControllerState2.
00:00:00.799939 NEM:  info: Found optional import WinHvPlatform.dll!WHvSetVirtualProcessorInterruptControllerState2.
00:00:00.799944 NEM:  info: Found optional import vid.dll!VidGetHvPartitionId.
00:00:00.799947 NEM:  info: Found optional import vid.dll!VidGetPartitionProperty.
00:00:00.800018 NEM: WHvCapabilityCodeHypervisorPresent is TRUE, so this might work...
00:00:00.800024 NEM: WHvCapabilityCodeExtendedVmExits      = 0x00000000000003ff
00:00:00.800028 NEM:                           X64CpuidExit: 1
00:00:00.800032 NEM:                             X64MsrExit: 1
00:00:00.800035 NEM:                          ExceptionExit: 1
00:00:00.800038 NEM:                           X64RdtscExit: 1
00:00:00.800042 NEM:                     X64ApicSmiExitTrap: 1
00:00:00.800045 NEM:                          HypercallExit: 1
00:00:00.800048 NEM:                X64ApicInitSipiExitTrap: 1
00:00:00.800051 NEM:              X64ApicWriteLint0ExitTrap: 1
00:00:00.800054 NEM:              X64ApicWriteLint1ExitTrap: 1
00:00:00.800057 NEM:                X64ApicWriteSvrExitTrap: 1
00:00:00.800060 NEM:                 UnknownSynicConnection: 0
00:00:00.800063 NEM:              RetargetUnknownVpciDevice: 0
00:00:00.800066 NEM:                X64ApicWriteLdrExitTrap: 0
00:00:00.800069 NEM:                X64ApicWriteDfrExitTrap: 0
00:00:00.800072 NEM:                     GpaAccessFaultExit: 0
00:00:00.800076 NEM: WHvCapabilityCodeFeatures             = 0x000000000000007f
00:00:00.800087 NEM:                           PartialUnmap: 1
00:00:00.800090 NEM:                     LocalApicEmulation: 1
00:00:00.800094 NEM:                                  Xsave: 1
00:00:00.800098 NEM:                      DirtyPageTracking: 1
00:00:00.800101 NEM:                     SpeculationControl: 1
00:00:00.800104 NEM:                         ApicRemoteRead: 1
00:00:00.800107 NEM:                            IdleSuspend: 1
00:00:00.800115 NEM:                VirtualPciDeviceSupport: 0
00:00:00.800118 NEM:                           IommuSupport: 0
00:00:00.800121 NEM:                         VpHotAddRemove: 0
00:00:00.800128 NEM: Supported xsave features: 0x381f
00:00:00.800132 NEM:                           XsaveSupport: 1
00:00:00.800135 NEM:                        XsaveoptSupport: 1
00:00:00.800138 NEM:                             AvxSupport: 1
00:00:00.800141 NEM:                            Avx2Support: 1
00:00:00.800144 NEM:                             FmaSupport: 1
00:00:00.800147 NEM:                             MpxSupport: 0
00:00:00.800150 NEM:                          Avx512Support: 0
00:00:00.800153 NEM:                        Avx512DQSupport: 0
00:00:00.800156 NEM:                        Avx512BWSupport: 0
00:00:00.800160 NEM:                        Avx512VLSupport: 0
00:00:00.800163 NEM:                       XsaveCompSupport: 1
00:00:00.800171 NEM:                 XsaveSupervisorSupport: 1
00:00:00.800175 NEM:                            Xcr1Support: 1
00:00:00.800178 NEM:                    Avx512BitalgSupport: 0
00:00:00.800181 NEM:                      Avx512IfmaSupport: 0
00:00:00.800184 NEM:                      Avx512VBmiSupport: 0
00:00:00.800187 NEM:                     Avx512VBmi2Support: 0
00:00:00.800190 NEM:                      Avx512VnniSupport: 0
00:00:00.800193 NEM:                            GfniSupport: 0
00:00:00.800196 NEM:                            VaesSupport: 0
00:00:00.800200 NEM:                 Avx512VPopcntdqSupport: 0
00:00:00.800203 NEM:                      VpclmulqdqSupport: 0
00:00:00.800206 NEM:                      Avx512Bf16Support: 0
00:00:00.800209 NEM:              Avx512Vp2IntersectSupport: 0
00:00:00.800212 NEM:                      Avx512Fp16Support: 0
00:00:00.800215 NEM:                             XfdSupport: 0
00:00:00.800218 NEM:                         AmxTileSupport: 0
00:00:00.800221 NEM:                         AmxBf16Support: 0
00:00:00.800224 NEM:                         AmxInt8Support: 0
00:00:00.800227 NEM:                         AvxVnniSupport: 0
00:00:00.800231 NEM: Supported exception exit bitmap: 0xf7dfb
00:00:00.800237 NEM: WHvCapabilityCodeProcessorVendor      = 0 - AMD
00:00:00.800244 NEM: WHvCapabilityCodeProcessorFeatures    = 0x000006cb66f39fbf
00:00:00.800247 NEM:                            Sse3Support: 1
00:00:00.800251 NEM:                        LahfSahfSupport: 1
00:00:00.800254 NEM:                           Ssse3Support: 1
00:00:00.800257 NEM:                          Sse4_1Support: 1
00:00:00.800262 NEM:                          Sse4_2Support: 1
00:00:00.800265 NEM:                           Sse4aSupport: 1
00:00:00.800268 NEM:                             XopSupport: 0
00:00:00.800272 NEM:                          PopCntSupport: 1
00:00:00.800275 NEM:                      Cmpxchg16bSupport: 1
00:00:00.800278 NEM:                       Altmovcr8Support: 1
00:00:00.800281 NEM:                           LzcntSupport: 1
00:00:00.800284 NEM:                     MisAlignSseSupport: 1
00:00:00.800287 NEM:                          MmxExtSupport: 1
00:00:00.800290 NEM:                        Amd3DNowSupport: 0
00:00:00.800293 NEM:                ExtendedAmd3DNowSupport: 0
00:00:00.800296 NEM:                         Page1GbSupport: 1
00:00:00.800300 NEM:                             AesSupport: 1
00:00:00.800303 NEM:                       PclmulqdqSupport: 1
00:00:00.800306 NEM:                            PcidSupport: 0
00:00:00.800309 NEM:                            Fma4Support: 0
00:00:00.800312 NEM:                            F16CSupport: 1
00:00:00.800315 NEM:                          RdRandSupport: 1
00:00:00.800318 NEM:                        RdWrFsGsSupport: 1
00:00:00.800321 NEM:                            SmepSupport: 1
00:00:00.800324 NEM:              EnhancedFastStringSupport: 0
00:00:00.800327 NEM:                            Bmi1Support: 1
00:00:00.800330 NEM:                            Bmi2Support: 1
00:00:00.800333 NEM:                              Reserved1: 0
00:00:00.800337 NEM:                           MovbeSupport: 1
00:00:00.800340 NEM:                          Npiep1Support: 1
00:00:00.800343 NEM:                   DepX87FPUSaveSupport: 0
00:00:00.800346 NEM:                          RdSeedSupport: 1
00:00:00.800349 NEM:                             AdxSupport: 1
00:00:00.800352 NEM:                   IntelPrefetchSupport: 0
00:00:00.800355 NEM:                            SmapSupport: 1
00:00:00.800358 NEM:                             HleSupport: 0
00:00:00.800361 NEM:                             RtmSupport: 0
00:00:00.800364 NEM:                          RdtscpSupport: 1
00:00:00.800367 NEM:                      ClflushoptSupport: 1
00:00:00.800370 NEM:                            ClwbSupport: 0
00:00:00.800373 NEM:                             ShaSupport: 1
00:00:00.800378 NEM:                X87PointersSavedSupport: 1
00:00:00.800382 NEM:                         InvpcidSupport: 0
00:00:00.800385 NEM:                            IbrsSupport: 0
00:00:00.800388 NEM:                           StibpSupport: 0
00:00:00.800391 NEM:                            IbpbSupport: 0
00:00:00.800394 NEM:                              Reserved2: 0
00:00:00.800398 NEM:                            SsbdSupport: 0
00:00:00.800401 NEM:                 FastShortRepMovSupport: 0
00:00:00.800404 NEM:                              Reserved3: 0
00:00:00.800407 NEM:                                 RdclNo: 0
00:00:00.800410 NEM:                         IbrsAllSupport: 0
00:00:00.800413 NEM:                              Reserved4: 0
00:00:00.800416 NEM:                                  SsbNo: 0
00:00:00.800419 NEM:                                 RsbANo: 0
00:00:00.800423 NEM:                              Reserved5: 0
00:00:00.800426 NEM:                           RdPidSupport: 0
00:00:00.800429 NEM:                            UmipSupport: 0
00:00:00.800432 NEM:                           MdsNoSupport: 0
00:00:00.800435 NEM:                         MdClearSupport: 0
00:00:00.800438 NEM:                           TaaNoSupport: 0
00:00:00.800441 NEM:                         TsxCtrlSupport: 0
00:00:00.800444 NEM:                              Reserved6: 0
00:00:00.800450 NEM: WHvCapabilityCodeProcessorClFlushSize = 2^8
00:00:00.800454 NEM: Warning! Unknown capability 0x4 returning: 3f 00 00 00 00 00 00 00 00 00 00 00 00 00 00 00 00 00 00 00 00 00 00 00
00:00:00.800908 NEM: Warning! Unknown capability 0x1003 returning: 1f 38 00 00 00 00 00 00 00 00 00 00 00 00 00 00 00 00 00 00 00 00 00 00
00:00:00.800922 NEM: Warning! Unknown capability 0x1004 returning: f0 89 82 e2 00 00 00 00 00 00 00 00 00 00 00 00 00 00 00 00 00 00 00 00
00:00:00.800928 NEM: Warning! Unknown capability 0x1005 returning: 00 c2 eb 0b 00 00 00 00 00 00 00 00 00 00 00 00 00 00 00 00 00 00 00 00
00:00:00.800932 NEM: Warning! Unknown capability 0x1006 returning: 02 00 00 00 00 00 00 00 bf 9f f3 66 cb 06 00 00 04 00 00 00 00 00 00 00
00:00:00.801676 NEM: Created partition 000001977e7380e0. APIC emulation mode: VirtualBox
00:00:00.801698 PGM: Enabling NEM mode
00:00:00.801760 NEM:
00:00:00.801760 NEM: NEMR3Init: Snail execution mode is active!
00:00:00.801760 NEM: Note! VirtualBox is not able to run at its full potential in this execution mode.
00:00:00.801760 NEM:       To see VirtualBox run at max speed you need to disable all Windows features
00:00:00.801760 NEM:       making use of Hyper-V.  That is a moving target, so google how and carefully
00:00:00.801760 NEM:       consider the consequences of disabling these features.
00:00:00.801761 NEM:
00:00:00.801783 CPUM: No hardware-virtualization capability detected
00:00:00.801787 CPUM: fXStateHostMask=0x7; host XCR0=0x7
00:00:00.804140 CPUM: Matched host CPU AMD 0x17/0x8/0x2 AMD_Zen_Ryzen with CPU DB entry 'AMD Ryzen 7 1800X Eight-Core' (AMD 0x17/0x1/0x1 AMD_Zen_Ryzen)
00:00:00.815616 CPUM: MXCSR_MASK=0x2ffff (host: 0x2ffff)
00:00:00.815674 CPUM: Microcode revision 0x08008202
00:00:00.815701 CPUM: MSR fudge: 0x00000017 IA32_PLATFORM_ID
00:00:00.815761 CPUM: MSR fudge: 0x000001a0 IA32_MISC_ENABLE
00:00:00.815786 CPUM: MSR fudge: 0x000002ff IA32_MTRR_DEF_TYPE
00:00:00.815804 CPUM: MSR fudge: 0x0000002c P4_EBC_FREQUENCY_ID
00:00:00.815928 CPUM: Set SSBD not required flag for AMD to work around some buggy Linux kernels!
00:00:00.815933 CPUM: Enabled MTRR read-write support
00:00:00.815939 CPUM: Enabled fixed-range MTRRs and 16 (virtualized) variable-range MTRRs
00:00:00.817938 NEM: HvPartitionPropertyProcessorVendor=0x0 (0)
00:00:00.818058 NEM: cbXSaveArea=832
00:00:00.818077 NEM: Default XSAVE area returned by Hyper-V
00:00:00.818079 000000162e2fd550/0000: 00 00 00 00 00 00 00 00-00 00 00 00 00 00 00 00 ................
00:00:00.818082 000000162e2fd560/0010: 00 00 00 00 00 00 00 00-80 1f 00 00 ff ff 02 00 ................
00:00:00.818084 000000162e2fd570/0020: 00 00 00 00 00 00 00 00-00 00 00 00 00 00 00 00 ................
00:00:00.818086 000000162e2fd580/0030: 00 00 00 00 00 00 00 00-00 00 00 00 00 00 00 00 ................
00:00:00.818088 000000162e2fd590/0040: 00 00 00 00 00 00 00 00-00 00 00 00 00 00 00 00 ................
00:00:00.818090 000000162e2fd5a0/0050: 00 00 00 00 00 00 00 00-00 00 00 00 00 00 00 00 ................
00:00:00.818091 000000162e2fd5b0/0060: 00 00 00 00 00 00 00 00-00 00 00 00 00 00 00 00 ................
00:00:00.818093 000000162e2fd5c0/0070: 00 00 00 00 00 00 00 00-00 00 00 00 00 00 00 00 ................
00:00:00.818095 000000162e2fd5d0/0080: 00 00 00 00 00 00 00 00-00 00 00 00 00 00 00 00 ................
00:00:00.818097 000000162e2fd5e0/0090: 00 00 00 00 00 00 00 00-00 00 00 00 00 00 00 00 ................
00:00:00.818098 000000162e2fd5f0/00a0: 00 00 00 00 00 00 00 00-00 00 00 00 00 00 00 00 ................
00:00:00.818100 000000162e2fd600/00b0: 00 00 00 00 00 00 00 00-00 00 00 00 00 00 00 00 ................
00:00:00.818102 000000162e2fd610/00c0: 00 00 00 00 00 00 00 00-00 00 00 00 00 00 00 00 ................
00:00:00.818103 000000162e2fd620/00d0: 00 00 00 00 00 00 00 00-00 00 00 00 00 00 00 00 ................
00:00:00.818105 000000162e2fd630/00e0: 00 00 00 00 00 00 00 00-00 00 00 00 00 00 00 00 ................
00:00:00.818107 000000162e2fd640/00f0: 00 00 00 00 00 00 00 00-00 00 00 00 00 00 00 00 ................
00:00:00.818108 000000162e2fd650/0100: 00 00 00 00 00 00 00 00-00 00 00 00 00 00 00 00 ................
00:00:00.818110 000000162e2fd660/0110: 00 00 00 00 00 00 00 00-00 00 00 00 00 00 00 00 ................
00:00:00.818112 000000162e2fd670/0120: 00 00 00 00 00 00 00 00-00 00 00 00 00 00 00 00 ................
00:00:00.818113 000000162e2fd680/0130: 00 00 00 00 00 00 00 00-00 00 00 00 00 00 00 00 ................
00:00:00.818115 000000162e2fd690/0140: 00 00 00 00 00 00 00 00-00 00 00 00 00 00 00 00 ................
00:00:00.818117 000000162e2fd6a0/0150: 00 00 00 00 00 00 00 00-00 00 00 00 00 00 00 00 ................
00:00:00.818118 000000162e2fd6b0/0160: 00 00 00 00 00 00 00 00-00 00 00 00 00 00 00 00 ................
00:00:00.818120 000000162e2fd6c0/0170: 00 00 00 00 00 00 00 00-00 00 00 00 00 00 00 00 ................
00:00:00.818122 000000162e2fd6d0/0180: 00 00 00 00 00 00 00 00-00 00 00 00 00 00 00 00 ................
00:00:00.818123 000000162e2fd6e0/0190: 00 00 00 00 00 00 00 00-00 00 00 00 00 00 00 00 ................
00:00:00.818125 000000162e2fd6f0/01a0: 00 00 00 00 00 00 00 00-00 00 00 00 00 00 00 00 ................
00:00:00.818127 000000162e2fd700/01b0: 00 00 00 00 00 00 00 00-00 00 00 00 00 00 00 00 ................
00:00:00.818128 000000162e2fd710/01c0: 00 00 00 00 00 00 00 00-00 00 00 00 00 00 00 00 ................
00:00:00.818130 000000162e2fd720/01d0: 00 00 00 00 00 00 00 00-00 00 00 00 00 00 00 00 ................
00:00:00.818132 000000162e2fd730/01e0: 00 00 00 00 00 00 00 00-00 00 00 00 00 00 00 00 ................
00:00:00.818133 000000162e2fd740/01f0: 00 00 00 00 00 00 00 00-00 00 00 00 00 00 00 00 ................
00:00:00.818135 000000162e2fd750/0200: 02 00 00 00 00 00 00 00-07 00 00 00 00 00 00 80 ................
00:00:00.818137 000000162e2fd760/0210: 00 00 00 00 00 00 00 00-00 00 00 00 00 00 00 00 ................
00:00:00.818138 000000162e2fd770/0220: 00 00 00 00 00 00 00 00-00 00 00 00 00 00 00 00 ................
00:00:00.818140 000000162e2fd780/0230: 00 00 00 00 00 00 00 00-00 00 00 00 00 00 00 00 ................
00:00:00.818142 000000162e2fd790/0240: 00 00 00 00 00 00 00 00-00 00 00 00 00 00 00 00 ................
00:00:00.818143 000000162e2fd7a0/0250: 00 00 00 00 00 00 00 00-00 00 00 00 00 00 00 00 ................
00:00:00.818145 000000162e2fd7b0/0260: 00 00 00 00 00 00 00 00-00 00 00 00 00 00 00 00 ................
00:00:00.818147 000000162e2fd7c0/0270: 00 00 00 00 00 00 00 00-00 00 00 00 00 00 00 00 ................
00:00:00.818148 000000162e2fd7d0/0280: 00 00 00 00 00 00 00 00-00 00 00 00 00 00 00 00 ................
00:00:00.818150 000000162e2fd7e0/0290: 00 00 00 00 00 00 00 00-00 00 00 00 00 00 00 00 ................
00:00:00.818188 000000162e2fd7f0/02a0: 00 00 00 00 00 00 00 00-00 00 00 00 00 00 00 00 ................
00:00:00.818190 000000162e2fd800/02b0: 00 00 00 00 00 00 00 00-00 00 00 00 00 00 00 00 ................
00:00:00.818192 000000162e2fd810/02c0: 00 00 00 00 00 00 00 00-00 00 00 00 00 00 00 00 ................
00:00:00.818193 000000162e2fd820/02d0: 00 00 00 00 00 00 00 00-00 00 00 00 00 00 00 00 ................
00:00:00.818195 000000162e2fd830/02e0: 00 00 00 00 00 00 00 00-00 00 00 00 00 00 00 00 ................
00:00:00.818197 000000162e2fd840/02f0: 00 00 00 00 00 00 00 00-00 00 00 00 00 00 00 00 ................
00:00:00.818198 000000162e2fd850/0300: 00 00 00 00 00 00 00 00-00 00 00 00 00 00 00 00 ................
00:00:00.818200 000000162e2fd860/0310: 00 00 00 00 00 00 00 00-00 00 00 00 00 00 00 00 ................
00:00:00.818202 000000162e2fd870/0320: 00 00 00 00 00 00 00 00-00 00 00 00 00 00 00 00 ................
00:00:00.818203 000000162e2fd880/0330: 00 00 00 00 00 00 00 00-00 00 00 00 00 00 00 00 ................
00:00:00.818246 NEM: Successfully set up partition (device handle 0000000000000a38, partition ID 0x159)
00:00:00.818434 PGM: Host paging mode: AMD64+PGE+NX
00:00:00.818445 PGM: PGMPool: cMaxPages=256 (u64MaxPages=64)
00:00:00.818449 PGM: pgmR3PoolInit: cMaxPages=0x100 cMaxUsers=0x200 cMaxPhysExts=0x200 fCacheEnable=true
00:00:00.860646 SUPLib: MEM_LARGE_PAGES works!
00:00:00.860937 TM: GIP - u32Mode=3 (Invariant) u32UpdateHz=93 u32UpdateIntervalNS=10741500 enmUseTscDelta=2 (Practically Zero) fGetGipCpu=0x2b cCpus=16
00:00:00.860946 TM: GIP - u64CpuHz=3 800 205 671 (0xe2828967)  SUPGetCpuHzFromGip => 3 800 205 671
00:00:00.860951 TM: GIP - CPU: iCpuSet=0x0 idCpu=0x0 idApic=0x0 iGipCpu=0x2 i64TSCDelta=0 enmState=3 u64CpuHz=3800199759(*) cErrors=0
00:00:00.860956 TM: GIP - CPU: iCpuSet=0x1 idCpu=0x1 idApic=0x1 iGipCpu=0x1 i64TSCDelta=0 enmState=3 u64CpuHz=3800206701(*) cErrors=0
00:00:00.860960 TM: GIP - CPU: iCpuSet=0x2 idCpu=0x2 idApic=0x2 iGipCpu=0x7 i64TSCDelta=0 enmState=3 u64CpuHz=3800205164(*) cErrors=0
00:00:00.860964 TM: GIP - CPU: iCpuSet=0x3 idCpu=0x3 idApic=0x3 iGipCpu=0x5 i64TSCDelta=0 enmState=3 u64CpuHz=3800205413(*) cErrors=0
00:00:00.860968 TM: GIP - CPU: iCpuSet=0x4 idCpu=0x4 idApic=0x4 iGipCpu=0x0 i64TSCDelta=0 enmState=3 u64CpuHz=3800205671(*) cErrors=0
00:00:00.860971 TM: GIP - CPU: iCpuSet=0x5 idCpu=0x5 idApic=0x5 iGipCpu=0x6 i64TSCDelta=0 enmState=3 u64CpuHz=3800205515(*) cErrors=0
00:00:00.860975 TM: GIP - CPU: iCpuSet=0x6 idCpu=0x6 idApic=0x6 iGipCpu=0x4 i64TSCDelta=0 enmState=3 u64CpuHz=3800205870(*) cErrors=0
00:00:00.860979 TM: GIP - CPU: iCpuSet=0x7 idCpu=0x7 idApic=0x7 iGipCpu=0x3 i64TSCDelta=0 enmState=3 u64CpuHz=3800204823(*) cErrors=0
00:00:00.860982 TM: GIP - CPU: iCpuSet=0x8 idCpu=0x8 idApic=0x8 iGipCpu=0xa i64TSCDelta=0 enmState=3 u64CpuHz=3800205628(*) cErrors=0
00:00:00.860986 TM: GIP - CPU: iCpuSet=0x9 idCpu=0x9 idApic=0x9 iGipCpu=0x8 i64TSCDelta=0 enmState=3 u64CpuHz=3800205576(*) cErrors=0
00:00:00.860989 TM: GIP - CPU: iCpuSet=0xa idCpu=0xa idApic=0xa iGipCpu=0xd i64TSCDelta=0 enmState=3 u64CpuHz=3800205529(*) cErrors=0
00:00:00.860993 TM: GIP - CPU: iCpuSet=0xb idCpu=0xb idApic=0xb iGipCpu=0xe i64TSCDelta=0 enmState=3 u64CpuHz=3800205671(*) cErrors=0
00:00:00.860996 TM: GIP - CPU: iCpuSet=0xc idCpu=0xc idApic=0xc iGipCpu=0x9 i64TSCDelta=0 enmState=3 u64CpuHz=3800205494(*) cErrors=0
00:00:00.861000 TM: GIP - CPU: iCpuSet=0xd idCpu=0xd idApic=0xd iGipCpu=0xc i64TSCDelta=0 enmState=3 u64CpuHz=3800205648(*) cErrors=0
00:00:00.861003 TM: GIP - CPU: iCpuSet=0xe idCpu=0xe idApic=0xe iGipCpu=0xf i64TSCDelta=0 enmState=3 u64CpuHz=3800206701(*) cErrors=0
00:00:00.861007 TM: GIP - CPU: iCpuSet=0xf idCpu=0xf idApic=0xf iGipCpu=0xb i64TSCDelta=0 enmState=3 u64CpuHz=3800205483(*) cErrors=0
00:00:00.861015 TM: NEM overrides the /TM/TSCModeSwitchAllowed setting.
00:00:00.861027 TM:     cTSCTicksPerSecond=3 800 205 671 (0xe2828967) enmTSCMode=4 (NativeApi) TSCMultiplier=1
00:00:00.861029 TM: cTSCTicksPerSecondHost=3 800 205 671 (0xe2828967)
00:00:00.861030 TM: TSCTiedToExecution=false TSCNotTiedToHalt=false
00:00:00.861819 EMR3Init: fIemExecutesAll=false fGuruOnTripleFault=true
00:00:00.861956 IEM: TargetCpu=CURRENT, Microarch=AMD_Zen_Ryzen aidxTargetCpuEflFlavour={2,0}
00:00:00.862408 GIM: Using provider 'None' (Implementation version: 0)
00:00:00.862422 GCM: Initialized - Fixer bits: 0x0
00:00:00.862479 AIOMgr: Default manager type is 'Async'
00:00:00.862484 AIOMgr: Default file backend is 'NonBuffered'
00:00:00.862527 BlkCache: Cache successfully initialized. Cache size is 5242880 bytes
00:00:00.862532 BlkCache: Cache commit interval is 10000 ms
00:00:00.862535 BlkCache: Cache commit threshold is 2621440 bytes
00:00:01.268378 PcBios: [SMP] BIOS with 1 CPUs
00:00:01.268401 PcBios: Using the 386+ BIOS image.
00:00:01.268782 PcBios: fCheckShutdownStatusForSoftReset=true  fClearShutdownStatusOnHardReset=true
00:00:01.268953 PDM: VirtualBox APIC backend registered
00:00:01.269002 CPUM: SetGuestCpuIdFeature: Enabled xAPIC
00:00:01.269377 PIT: mode=3 count=0x10000 (65536) - 18.20 Hz (ch=0)
00:00:01.269546 VMMDev: cbDefaultBudget: 1 073 741 824 (40000000)
00:00:01.284239 Shared Folders service loaded
00:00:01.294702 Guest Control service loaded
00:00:01.310869 VGA: Using the 386+ BIOS image.
00:00:01.312230 DrvVD: Flushes will be ignored
00:00:01.312248 DrvVD: Async flushes will be passed to the disk
00:00:01.312545 VD: VDInit finished with VINF_SUCCESS
00:00:01.312657 VD: Opening the disk took 395736 ns
00:00:01.312702 PIIX3 ATA: LUN#0: disk, PCHS=65/16/63, total number of sectors 65536
00:00:01.312754 PIIX3 ATA: LUN#1: no unit
00:00:01.312804 PIIX3 ATA: LUN#2: no unit
00:00:01.312810 PIIX3 ATA: LUN#3: no unit
00:00:01.312871 PIIX3 ATA: Ctl#0: finished processing RESET
00:00:01.312905 PIIX3 ATA: Ctl#1: finished processing RESET
00:00:01.326716 Audio Mixer: Setting sink 'SB16 Mixer/PCM Output' -- channel volumes: ba ba ba ba ba ba ba ba ba ba ba ba
00:00:01.353758 WasAPI: Input device is: {Default} (iface 000001977e73e8a0)
00:00:01.355698 WasAPI: Output device is: {Default} (iface 000001977e73e530)
00:00:01.361817 Audio: Found 10 devices for driver 'WasAPI'
00:00:01.361841 Audio: Device 'Headphones (High Definition Audio Device)':
00:00:01.361842 Audio:   ID              = {0.0.0.00000000}.{12380492-75b7-42bc-b789-0d1d8d1f4e3b}
00:00:01.361843 Audio:   Usage           = output
00:00:01.361843 Audio:   Flags           = DEFAULT_OUT
00:00:01.361844 Audio:   Input channels  = 0
00:00:01.361844 Audio:   Output channels = 2
00:00:01.361848 Audio: Device 'Headphones (High Definition Audio Device)':
00:00:01.361848 Audio:   ID              = {0.0.0.00000000}.{12380492-75b7-42bc-b789-0d1d8d1f4e3b}
00:00:01.361849 Audio:   Usage           = output
00:00:01.361849 Audio:   Flags           = NONE
00:00:01.361849 Audio:   Input channels  = 0
00:00:01.361849 Audio:   Output channels = 2
00:00:01.361853 Audio: Device 'Digital Audio (S/PDIF) (High Definition Audio Device)':
00:00:01.361853 Audio:   ID              = {0.0.0.00000000}.{2ca71d41-bb09-4c97-9aaf-cabbc6fbe5ab}
00:00:01.361853 Audio:   Usage           = output
00:00:01.361853 Audio:   Flags           = NONE
00:00:01.361854 Audio:   Input channels  = 0
00:00:01.361854 Audio:   Output channels = 2
00:00:01.361857 Audio: Device '100012589 (NVIDIA High Definition Audio)':
00:00:01.361857 Audio:   ID              = {0.0.0.00000000}.{3f36c4ff-500a-4cd3-9a35-77b5981f1155}
00:00:01.361858 Audio:   Usage           = output
00:00:01.361858 Audio:   Flags           = NONE
00:00:01.361858 Audio:   Input channels  = 0
00:00:01.361858 Audio:   Output channels = 2
00:00:01.361861 Audio: Device 'Speakers (2- USB Audio CODEC )':
00:00:01.361862 Audio:   ID              = {0.0.0.00000000}.{566bb4ca-cb36-4deb-843b-246f6c5c5982}
00:00:01.361862 Audio:   Usage           = output
00:00:01.361862 Audio:   Flags           = NONE
00:00:01.361862 Audio:   Input channels  = 0
00:00:01.361863 Audio:   Output channels = 2
00:00:01.361871 Audio: Device '100012589 (NVIDIA High Definition Audio)':
00:00:01.361871 Audio:   ID              = {0.0.0.00000000}.{fdb7b4cc-b13a-4c66-ac46-5302e0b66d2f}
00:00:01.361872 Audio:   Usage           = output
00:00:01.361872 Audio:   Flags           = NONE
00:00:01.361872 Audio:   Input channels  = 0
00:00:01.361872 Audio:   Output channels = 2
00:00:01.361878 Audio: Device 'Microphone (2- USB Audio CODEC )':
00:00:01.361879 Audio:   ID              = {0.0.1.00000000}.{2cdb81b1-e1eb-4201-a0a4-fc6057072946}
00:00:01.361879 Audio:   Usage           = input
00:00:01.361879 Audio:   Flags           = DEFAULT_IN
00:00:01.361880 Audio:   Input channels  = 1
00:00:01.361880 Audio:   Output channels = 0
00:00:01.361883 Audio: Device 'Microphone (2- USB Audio CODEC )':
00:00:01.361883 Audio:   ID              = {0.0.1.00000000}.{2cdb81b1-e1eb-4201-a0a4-fc6057072946}
00:00:01.361884 Audio:   Usage           = input
00:00:01.361884 Audio:   Flags           = NONE
00:00:01.361884 Audio:   Input channels  = 1
00:00:01.361884 Audio:   Output channels = 0
00:00:01.361887 Audio: Device 'Microphone (Rocksmith USB Guitar Adapter)':
00:00:01.361888 Audio:   ID              = {0.0.1.00000000}.{74e37aa4-b434-4b56-82c7-3a68e6a50cfb}
00:00:01.361888 Audio:   Usage           = input
00:00:01.361888 Audio:   Flags           = NONE
00:00:01.361888 Audio:   Input channels  = 1
00:00:01.361889 Audio:   Output channels = 0
00:00:01.361892 Audio: Device 'Microphone (NexiGo HD Webcam Audio)':
00:00:01.361892 Audio:   ID              = {0.0.1.00000000}.{8830d0fa-5126-4de0-babf-090349e9c6f6}
00:00:01.361892 Audio:   Usage           = input
00:00:01.361892 Audio:   Flags           = NONE
00:00:01.361893 Audio:   Input channels  = 2
00:00:01.361893 Audio:   Output channels = 0
00:00:01.362185 PGM: The CPU physical address width is 48 bits
00:00:01.362195 PGM: PGMR3InitFinalize: 4 MB PSE mask 0000ffffffffffff -> VINF_SUCCESS
00:00:01.362205 TM: TMR3InitFinalize: fTSCModeSwitchAllowed=false
00:00:01.362484 CPUM: Mapped 1.0MiB (1048576 bytes) of RAM using fixed-range MTRRs
00:00:01.362493 CPUM: Mapped 64.0MiB (67108864 bytes) of RAM using 1 variable-range MTRRs
00:00:01.362585 VMM: Thread-context hooks unavailable
00:00:01.362592 VMM: RTThreadPreemptIsPending() can be trusted
00:00:01.362595 VMM: Kernel preemption is possible
00:00:01.362606 EM: Exit history optimizations: enabled=true enabled-r0=true enabled-r0-no-preemption=false
00:00:01.363729 PcBios: ATA LUN#0 LCHS=65/16/63
00:00:01.363743 APIC: fPostedIntrsEnabled=false fVirtApicRegsEnabled=false fSupportsTscDeadline=false
00:00:01.363749 TMR3UtcNow: nsNow=1 777 232 067 172 291 800 nsPrev=0 -> cNsDelta=1 777 232 067 172 291 800 (offLag=0 offVirtualSync=0 offVirtualSyncGivenUp=0, NowAgain=1 777 232 067 172 291 800)
00:00:01.363827 VMM: fUsePeriodicPreemptionTimers=true
00:00:01.363835 CPUM: Logical host processors: 16 present, 16 max, 16 online, online mask: 000000000000ffff
00:00:01.363836 CPUM: Physical host cores: 8
00:00:01.363837 ************************ CPUID dump *************************
00:00:01.366214          Raw Standard CPUID Leaves
00:00:01.366215      Leaf/sub-leaf  eax      ebx      ecx      edx
00:00:01.366217 Gst: 00000000/0000  0000000d 68747541 444d4163 69746e65
00:00:01.366219 Hst:                0000000d 68747541 444d4163 69746e65
00:00:01.366220 Gst: 00000001/0000  00800f82 00010800 76d83203 178bfbbf
00:00:01.366221 Hst:                00800f82 06100800 fed83203 178bfbff
00:00:01.366222 Gst: 00000002/0000  00000000 00000000 00000000 00000000
00:00:01.366222 Hst:                00000000 00000000 00000000 00000000
00:00:01.366223 Gst: 00000003/0000  00000000 00000000 00000000 00000000
00:00:01.366224 Hst:                00000000 00000000 00000000 00000000
00:00:01.366224 Gst: 00000004/0000  00000000 00000000 00000000 00000000
00:00:01.366225 Hst:                00000000 00000000 00000000 00000000
00:00:01.366225 Gst: 00000005/0000  00000000 00000000 00000000 00000000
00:00:01.366226 Hst:                00000000 00000000 00000000 00000000
00:00:01.366226 Gst: 00000006/0000  00000004 00000000 00000000 00000000
00:00:01.366227 Hst:                00000000 00000000 00000001 00000000
00:00:01.366227 Gst: 00000007/0000  00000000 208c0129 00000000 00000000
00:00:01.366228 Hst:                00000000 209c01a9 00000000 00000000
00:00:01.366229 Gst: 00000007/0001  00000000 00000000 00000000 00000000
00:00:01.366229 Hst:                00000000 00000000 00000000 00000000
00:00:01.366230 Gst: 00000007/0002  00000000 00000000 00000000 00000000
00:00:01.366230 Hst:                00000000 00000000 00000000 00000000
00:00:01.366231 Gst: 00000008/0000  00000000 00000000 00000000 00000000
00:00:01.366231 Hst:                00000000 00000000 00000000 00000000
00:00:01.366232 Gst: 00000009/0000  00000000 00000000 00000000 00000000
00:00:01.366232 Hst:                00000000 00000000 00000000 00000000
00:00:01.366233 Gst: 0000000a/0000  00000000 00000000 00000000 00000000
00:00:01.366234 Hst:                00000000 00000000 00000000 00000000
00:00:01.366234 Gst: 0000000b/0000  00000000 00000000 00000000 00000000
00:00:01.366235 Hst:                00000000 00000000 00000000 00000000
00:00:01.366235 Gst: 0000000c/0000  00000000 00000000 00000000 00000000
00:00:01.366236 Hst:                00000000 00000000 00000000 00000000
00:00:01.366236 Gst: 0000000d/0000  00000007 00000340 00000340 00000000
00:00:01.366237 Hst:                00000007 00000340 00000340 00000000
00:00:01.366238 Gst: 0000000d/0001  00000000 00000340 00000000 00000000
00:00:01.366238 Hst:                0000000f 00000340 00000000 00000000
00:00:01.366239 Gst: 0000000d/0002  00000100 00000240 00000000 00000000
00:00:01.366239 Hst:                00000100 00000240 00000000 00000000
00:00:01.366240 Gst: 0000000d/0003  00000000 00000000 00000000 00000000
00:00:01.366240 Hst:                00000000 00000000 00000000 00000000
00:00:01.366241                                Name: AuthenticAMD
00:00:01.366242                            Supports: 0x00000000-0x0000000d
00:00:01.366243                              Family: 15 	Extended: 8 	Effective: 23
00:00:01.366245                               Model:  8 	Extended: 0 	Effective: 8
00:00:01.366246                            Stepping: 2
00:00:01.366246                                Type: 0 (primary)
00:00:01.366247                             APIC ID: 0x00
00:00:01.366248                        Logical CPUs: 1
00:00:01.366248                        CLFLUSH Size: 8
00:00:01.366249                            Brand ID: 0x00
00:00:01.366250 Features
00:00:01.366250   Mnemonic - Description                                  = Guest (Host)
00:00:01.366252   FPU - x87 FPU on Chip                                   = 1 (1)
00:00:01.366253   VME - Virtual 8086 Mode Enhancements                    = 1 (1)
00:00:01.366254   DE - Debugging extensions                               = 1 (1)
00:00:01.366255   PSE - Page Size Extension                               = 1 (1)
00:00:01.366256   TSC - Time Stamp Counter                                = 1 (1)
00:00:01.366260   MSR - Model Specific Registers                          = 1 (1)
00:00:01.366260   PAE - Physical Address Extension                        = 0 (1)
00:00:01.366261   MCE - Machine Check Exception                           = 1 (1)
00:00:01.366262   CX8 - CMPXCHG8B instruction                             = 1 (1)
00:00:01.366263   APIC - APIC On-Chip                                     = 1 (1)
00:00:01.366264   SEP - SYSENTER and SYSEXIT Present                      = 1 (1)
00:00:01.366265   MTRR - Memory Type Range Registers                      = 1 (1)
00:00:01.366265   PGE - PTE Global Bit                                    = 1 (1)
00:00:01.366266   MCA - Machine Check Architecture                        = 1 (1)
00:00:01.366267   CMOV - Conditional Move instructions                    = 1 (1)
00:00:01.366268   PAT - Page Attribute Table                              = 1 (1)
00:00:01.366269   PSE-36 - 36-bit Page Size Extension                     = 1 (1)
00:00:01.366270   PSN - Processor Serial Number                           = 0 (0)
00:00:01.366270   CLFSH - CLFLUSH instruction                             = 1 (1)
00:00:01.366271   DS - Debug Store                                        = 0 (0)
00:00:01.366272   ACPI - Thermal Mon. & Soft. Clock Ctrl.                 = 0 (0)
00:00:01.366273   MMX - Intel MMX Technology                              = 1 (1)
00:00:01.366274   FXSR - FXSAVE and FXRSTOR instructions                  = 1 (1)
00:00:01.366275   SSE - SSE support                                       = 1 (1)
00:00:01.366276   SSE2 - SSE2 support                                     = 1 (1)
00:00:01.366276   SS - Self Snoop                                         = 0 (0)
00:00:01.366277   HTT - Hyper-Threading Technology                        = 1 (1)
00:00:01.366278   TM - Therm. Monitor                                     = 0 (0)
00:00:01.366279   PBE - Pending Break Enabled                             = 0 (0)
00:00:01.366280   SSE3 - SSE3 support                                     = 1 (1)
00:00:01.366281   PCLMUL - PCLMULQDQ support (for AES-GCM)                = 1 (1)
00:00:01.366282   DTES64 - DS Area 64-bit Layout                          = 0 (0)
00:00:01.366283   MONITOR - MONITOR/MWAIT instructions                    = 0 (0)
00:00:01.366283   CPL-DS - CPL Qualified Debug Store                      = 0 (0)
00:00:01.366284   VMX - Virtual Machine Extensions                        = 0 (0)
00:00:01.366285   SMX - Safer Mode Extensions                             = 0 (0)
00:00:01.366286   EST - Enhanced SpeedStep Technology                     = 0 (0)
00:00:01.366286   TM2 - Terminal Monitor 2                                = 0 (0)
00:00:01.366287   SSSE3 - Supplemental Streaming SIMD Extensions 3        = 1 (1)
00:00:01.366288   CNTX-ID - L1 Context ID                                 = 0 (0)
00:00:01.366289   SDBG - Silicon Debug interface                          = 0 (0)
00:00:01.366290   FMA - Fused Multiply Add extensions                     = 1 (1)
00:00:01.366291   CX16 - CMPXCHG16B instruction                           = 1 (1)
00:00:01.366291   TPRUPDATE - xTPR Update Control                         = 0 (0)
00:00:01.366292   PDCM - Perf/Debug Capability MSR                        = 0 (0)
00:00:01.366293   PCID - Process Context Identifiers                      = 0 (0)
00:00:01.366294   DCA - Direct Cache Access                               = 0 (0)
00:00:01.366295   SSE4_1 - SSE4_1 support                                 = 1 (1)
00:00:01.366296   SSE4_2 - SSE4_2 support                                 = 1 (1)
00:00:01.366296   X2APIC - x2APIC support                                 = 0 (0)
00:00:01.366297   MOVBE - MOVBE instruction                               = 1 (1)
00:00:01.366298   POPCNT - POPCNT instruction                             = 1 (1)
00:00:01.366299   TSCDEADL - Time Stamp Counter Deadline                  = 0 (0)
00:00:01.366300   AES - AES instructions                                  = 1 (1)
00:00:01.366301   XSAVE - XSAVE instruction                               = 1 (1)
00:00:01.366302   OSXSAVE - OSXSAVE instruction                           = 0 (1)
00:00:01.366302   AVX - AVX support                                       = 1 (1)
00:00:01.366303   F16C - 16-bit floating point conversion instructions    = 1 (1)
00:00:01.366304   RDRAND - RDRAND instruction                             = 1 (1)
00:00:01.366305   HVP - Hypervisor Present (we're a guest)                = 0 (1)
00:00:01.366306 Structured Extended Feature Flags Enumeration (leaf 7):
00:00:01.366306 Sub-leaf 0
00:00:01.366306   Mnemonic - Description                                  = Guest (Host)
00:00:01.366307   FSGSBASE - RDFSBASE/RDGSBASE/WRFSBASE/WRGSBASE instr.   = 1 (1)
00:00:01.366308   TSCADJUST - Supports MSR_IA32_TSC_ADJUST                = 0 (0)
00:00:01.366309   SGX - Supports Software Guard Extensions                = 0 (0)
00:00:01.366310   BMI1 - Advanced Bit Manipulation extension 1            = 1 (1)
00:00:01.366310   HLE - Hardware Lock Elision                             = 0 (0)
00:00:01.366311   AVX2 - Advanced Vector Extensions 2                     = 1 (1)
00:00:01.366313   FDP_EXCPTN_ONLY - FPU DP only updated on exceptions     = 0 (0)
00:00:01.366314   SMEP - Supervisor Mode Execution Prevention             = 0 (1)
00:00:01.366315   BMI2 - Advanced Bit Manipulation extension 2            = 1 (1)
00:00:01.366315   ERMS - Enhanced REP MOVSB/STOSB instructions            = 0 (0)
00:00:01.366316   INVPCID - INVPCID instruction                           = 0 (0)
00:00:01.366317   RTM - Restricted Transactional Memory                   = 0 (0)
00:00:01.366318   PQM - Platform Quality of Service Monitoring            = 0 (0)
00:00:01.366318   DEPFPU_CS_DS - Deprecates FPU CS, FPU DS values if set  = 0 (0)
00:00:01.366319   MPE - Intel Memory Protection Extensions                = 0 (0)
00:00:01.366320   PQE - Platform Quality of Service Enforcement           = 0 (0)
00:00:01.366320   AVX512F - AVX512 Foundation instructions                = 0 (0)
00:00:01.366321   AVX512DQ - Supports the AVX512DQ instructions           = 0 (0)
00:00:01.366322   RDSEED - RDSEED instruction                             = 1 (1)
00:00:01.366323   ADX - ADCX/ADOX instructions                            = 1 (1)
00:00:01.366324   SMAP - Supervisor Mode Access Prevention                = 0 (1)
00:00:01.366324   AVX512_IFMA - Supports the AVX512_IFMA instructions     = 0 (0)
00:00:01.366325   CLFLUSHOPT - CLFLUSHOPT (Cache Line Flush) instruction  = 1 (1)
00:00:01.366326   CLWB - CLWB instruction                                 = 0 (0)
00:00:01.366326   INTEL_PT - Intel Processor Trace                        = 0 (0)
00:00:01.366327   AVX512PF - AVX512 Prefetch instructions                 = 0 (0)
00:00:01.366328   AVX512ER - AVX512 Exponential & Reciprocal instructions = 0 (0)
00:00:01.366328   AVX512CD - AVX512 Conflict Detection instructions       = 0 (0)
00:00:01.366329   SHA - Secure Hash Algorithm extensions                  = 1 (1)
00:00:01.366330   AVX512BW - Supports the AVX512BW instructions           = 0 (0)
00:00:01.366330   AVX512VL - Supports the AVX512VL instructions           = 0 (0)
00:00:01.366331   PREFETCHWT1 - PREFETCHWT1 instruction                   = 0 (0)
00:00:01.366332   AVX512_VBMI - Supports the AVX512_VBMI instructions     = 0 (0)
00:00:01.366333   UMIP - User mode insturction prevention                 = 0 (0)
00:00:01.366333   PKU - Protection Key for Usermode pages                 = 0 (0)
00:00:01.366334   OSPKE - CR4.PKU mirror                                  = 0 (0)
00:00:01.366335   WAITPKG - TPAUSE, UMONITOR & UMWAIT support             = 0 (0)
00:00:01.366336   AVX512_VBMI2 - Supports the AVX512_VBMI2 instructions   = 0 (0)
00:00:01.366336   CET_SS - CET shadow stack support                       = 0 (0)
00:00:01.366337   GFNI - Supports the GFNI instruction set                = 0 (0)
00:00:01.366338   VAES - Supports the VEX encoded AES instruction set     = 0 (0)
00:00:01.366338   VPCLMULQDQ - Supports the VPCLMULQDQ instruction        = 0 (0)
00:00:01.366339   AVX512_VNNI - Supports the AVX512_VNNI instructions     = 0 (0)
00:00:01.366340   AVX512_BITALG - Supports the AVX512_BITALG instructions = 0 (0)
00:00:01.366340   TME_EN - Supports 4 IA32_TME_ MSRs                      = 0 (0)
00:00:01.366341   AVX512_VPOPCNTDQ - Supports the AVX512_VPOPCNTDQ instructions = 0 (0)
00:00:01.366341   LA57 - 57-bit linear addresses                          = 0 (0)
00:00:01.366342   MAWAU - Value used by BNDLDX & BNDSTX                   = 0x0 (0x0)
00:00:01.366343   RDPID - Read processor ID support                       = 0 (0)
00:00:01.366344   KEY_LOCKER - Supports Key Locker                        = 0 (0)
00:00:01.366345   BUS_LOCK_DETECT - Supports OS bus-lock detection        = 0 (0)
00:00:01.366345   CLDEMOTE - Supports cache line demote                   = 0 (0)
00:00:01.366346   MOVDIRI - Supports the MOVDIRI instruction              = 0 (0)
00:00:01.366347   MOVDIRI64B - Supports the MOVDIRI64B instruction        = 0 (0)
00:00:01.366348   ENQCMD - Supports the Eqnqueue Stores                   = 0 (0)
00:00:01.366348   SGX_LC - Supports SGX Launch Configuration              = 0 (0)
00:00:01.366349   PKS - Supports protection keys for supervisor pages     = 0 (0)
00:00:01.366350  Sub-leaf 2
00:00:01.366350   Mnemonic - Description                                  = Guest (Host)
00:00:01.366353   PSFD - Supports IA32_SPEC_CTRL[7] (PSFD)                = 0 (0)
00:00:01.366354   IPRED_CTRL - Supports IA32_SPEC_CTRL[4:3] (IPRED_DIS)   = 0 (0)
00:00:01.366354   RRSBA_CTRL - Supports IA32_SPEC_CTRL[6:5] (RRSBA_DIS)   = 0 (0)
00:00:01.366355   DDPD_U - Supports IA32_SPEC_CTRL[8] (DDPD_U)            = 0 (0)
00:00:01.366355   BHI_CTRL - Supports IA32_SPEC_CTRL[10] (BHI_DIS_S)      = 0 (0)
00:00:01.366356   MCDT_NO - No MXCSR Config Dependent Timing issues       = 0 (0)
00:00:01.366357   UC_LOCK_DIS - Supports UC-lock disable and causing #AC  = 0 (0)
00:00:01.366357   MONITOR_MITG_NO - No MONITOR/UMONITOR power issues      = 0 (0)
00:00:01.366358 Processor Extended State Enumeration (leaf 0xd):
00:00:01.366359    XSAVE area cur/max size by XCR0, Guest: 0x340/0x340
00:00:01.366359    XSAVE area cur/max size by XCR0,  Host: 0x340/0x340
00:00:01.366360                    Valid XCR0 bits, Guest: 0x00000000`00000007 ( x87 SSE YMM_Hi128 )
00:00:01.366362                    Valid XCR0 bits,  Host: 0x00000000`00000007 ( x87 SSE YMM_Hi128 )
00:00:01.366363                     XSAVE features, Guest
00:00:01.366364                     XSAVE features,  Host XSAVEOPT XSAVEC XGETBC1 XSAVES
00:00:01.366366       XSAVE area cur size XCR0|XSS, Guest: 0x340
00:00:01.366366       XSAVE area cur size XCR0|XSS,  Host: 0x340
00:00:01.366367                Valid IA32_XSS bits, Guest: 0x00000000`00000000
00:00:01.366368                Valid IA32_XSS bits,  Host: 0x00000000`00000000
00:00:01.366368   State #2, Guest: off=0x0240, cb=0x0100 IA32_XSS-bit -- YMM_Hi128
00:00:01.366370   State #2,  Host:  off=0x0240, cb=0x0100 IA32_XSS-bit -- YMM_Hi128
00:00:01.366375          Raw Hypervisor CPUID Leaves
00:00:01.366375      Leaf/sub-leaf  eax      ebx      ecx      edx
00:00:01.366375 Hst: 40000000/0000  4000000c 7263694d 666f736f 76482074
00:00:01.366376 Hst: 40000001/0000  31237648 00000000 00000000 00000000
00:00:01.366377 Hst: 40000002/0000  00004a61 000a0000 00000007 00001c0d
00:00:01.366378 Hst: 40000003/0000  0000bfff 002bb9ff 00000002 11fffbf2
00:00:01.366379 Hst: 40000004/0000  00042d1c 00000000 00000000 00000000
00:00:01.366379 Hst: 40000005/0000  00000400 00000400 00000c90 00000000
00:00:01.366380 Hst: 40000006/0000  000200ae 00000000 00000000 00000000
00:00:01.366381 Hst: 40000007/0000  80000007 00000003 00000000 00000000
00:00:01.366382 Hst: 40000008/0000  00100001 00000001 0000cccc 00000000
00:00:01.366382 Hst: 40000009/0000  00000000 00000000 00000000 00000000
00:00:01.366383 Hst: 4000000a/0000  00000000 00000000 00000000 00000000
00:00:01.366383 Hst: 4000000b/0000  00000000 00000000 00000000 00000000
00:00:01.366384 Hst: 4000000c/0000  00000000 00000000 00000000 00000000
00:00:01.366385          Raw Extended CPUID Leaves
00:00:01.366385      Leaf/sub-leaf  eax      ebx      ecx      edx
00:00:01.366385 Gst: 80000000/0000  8000001f 68747541 444d4163 69746e65
00:00:01.366386 Hst:                8000001f 68747541 444d4163 69746e65
00:00:01.366387 Gst: 80000001/0000  00800f82 20000000 000001f1 0bc3fb3f
00:00:01.366388 Hst:                00800f82 20000000 004023f3 2fd3fbff
00:00:01.366389 Gst: 80000002/0000  20444d41 657a7952 2037206e 30303732
00:00:01.366390 Hst:                20444d41 657a7952 2037206e 30303732
00:00:01.366390 Gst: 80000003/0000  69452058 2d746867 65726f43 6f725020
00:00:01.366391 Hst:                69452058 2d746867 65726f43 6f725020
00:00:01.366392 Gst: 80000004/0000  73736563 2020726f 20202020 00202020
00:00:01.366393 Hst:                73736563 2020726f 20202020 00202020
00:00:01.366393 Gst: 80000005/0000  ff40ff40 ff40ff40 20080140 40040140
00:00:01.366394 Hst:                ff40ff40 ff40ff40 20080140 40040140
00:00:01.366395 Gst: 80000006/0000  26006400 66006400 02006140 00808140
00:00:01.366396 Hst:                26006400 66006400 02006140 00808140
00:00:01.366396 Gst: 80000007/0000  00000000 00000000 00000000 00000100
00:00:01.366397 Hst:                00000000 0000001b 00000000 00004789
00:00:01.366398 Gst: 80000008/0000  00003030 04000000 00000000 00000000
00:00:01.366398 Hst:                00003030 02000005 0000400f 00000000
00:00:01.366399 Gst: 80000009/0000  00000000 00000000 00000000 00000000
00:00:01.366400 Hst:                00000000 00000000 00000000 00000000
00:00:01.366400 Gst: 8000000a/0000  00000000 00000000 00000000 00000000
00:00:01.366401 Hst:                00000000 00000000 00000000 00000000
00:00:01.366401 Gst: 8000000b/0000  00000000 00000000 00000000 00000000
00:00:01.366402 Hst:                00000000 00000000 00000000 00000000
00:00:01.366403 Gst: 8000000c/0000  00000000 00000000 00000000 00000000
00:00:01.366403 Hst:                00000000 00000000 00000000 00000000
00:00:01.366404 Gst: 8000000d/0000  00000000 00000000 00000000 00000000
00:00:01.366404 Hst:                00000000 00000000 00000000 00000000
00:00:01.366405 Gst: 8000000e/0000  00000000 00000000 00000000 00000000
00:00:01.366405 Hst:                00000000 00000000 00000000 00000000
00:00:01.366406 Gst: 8000000f/0000  00000000 00000000 00000000 00000000
00:00:01.366407 Hst:                00000000 00000000 00000000 00000000
00:00:01.366407 Gst: 80000010/0000  00000000 00000000 00000000 00000000
00:00:01.366408 Hst:                00000000 00000000 00000000 00000000
00:00:01.366408 Gst: 80000011/0000  00000000 00000000 00000000 00000000
00:00:01.366409 Hst:                00000000 00000000 00000000 00000000
00:00:01.366410 Gst: 80000012/0000  00000000 00000000 00000000 00000000
00:00:01.366410 Hst:                00000000 00000000 00000000 00000000
00:00:01.366411 Gst: 80000013/0000  00000000 00000000 00000000 00000000
00:00:01.366411 Hst:                00000000 00000000 00000000 00000000
00:00:01.366412 Gst: 80000014/0000  00000000 00000000 00000000 00000000
00:00:01.366412 Hst:                00000000 00000000 00000000 00000000
00:00:01.366413 Gst: 80000015/0000  00000000 00000000 00000000 00000000
00:00:01.366414 Hst:                00000000 00000000 00000000 00000000
00:00:01.366414 Gst: 80000016/0000  00000000 00000000 00000000 00000000
00:00:01.366415 Hst:                00000000 00000000 00000000 00000000
00:00:01.366415 Gst: 80000017/0000  00000000 00000000 00000000 00000000
00:00:01.366416 Hst:                00000000 00000000 00000000 00000000
00:00:01.366416 Gst: 80000018/0000  00000000 00000000 00000000 00000000
00:00:01.366417 Hst:                00000000 00000000 00000000 00000000
00:00:01.366418 Gst: 80000019/0000  00000000 00000000 00000000 00000000
00:00:01.366418 Hst:                00000000 00000000 00000000 00000000
00:00:01.366419 Gst: 8000001a/0000  00000003 00000000 00000000 00000000
00:00:01.366419 Hst:                00000003 00000000 00000000 00000000
00:00:01.366420 Gst: 8000001b/0000  00000000 00000000 00000000 00000000
00:00:01.366421 Hst:                00000000 00000000 00000000 00000000
00:00:01.366421 Gst: 8000001c/0000  00000000 00000000 00000000 00000000
00:00:01.366422 Hst:                00000000 00000000 00000000 00000000
00:00:01.366422 Gst: 8000001d/0000  00000121 01c0003f 0000003f 00000000
00:00:01.366423 Hst:                00004121 01c0003f 0000003f 00000000
00:00:01.366424 Gst: 8000001d/0001  00000122 00c0003f 000000ff 00000000
00:00:01.366424 Hst:                00004122 00c0003f 000000ff 00000000
00:00:01.366425 Gst: 8000001d/0002  00000143 01c0003f 000003ff 00000002
00:00:01.366426 Hst:                00004143 01c0003f 000003ff 00000002
00:00:01.366426 Gst: 8000001d/0003  00000163 03c0003f 00001fff 00000001
00:00:01.366427 Hst:                0001c163 03c0003f 00001fff 00000001
00:00:01.366428 Gst: 8000001d/0004  00000000 00000000 00000000 00000000
00:00:01.366428 Hst:                00000000 00000000 00000000 00000000
00:00:01.366429 Gst: 8000001e/0000  00000000 00000000 00000000 00000000
00:00:01.366430 Hst:                00000006 00000103 00000000 00000000
00:00:01.366430 Gst: 8000001f/0000  00000000 00000000 00000000 00000000
00:00:01.366431 Hst:                00000000 00000000 00000000 00000000
00:00:01.366431 Ext Name:                        AuthenticAMD
00:00:01.366432 Ext Supports:                    0x80000000-0x8000001f
00:00:01.366432 Family:                          15  	Extended: 8 	Effective: 23
00:00:01.366433 Model:                           8  	Extended: 0 	Effective: 8
00:00:01.366434 Stepping:                        2
00:00:01.366434 Brand ID:                        0x000
00:00:01.366434 Ext Features
00:00:01.366434   Mnemonic - Description                                  = Guest (Host)
00:00:01.366436   FPU - x87 FPU on Chip                                   = 1 (1)
00:00:01.366437   VME - Virtual 8086 Mode Enhancements                    = 1 (1)
00:00:01.366437   DE - Debugging extensions                               = 1 (1)
00:00:01.366438   PSE - Page Size Extension                               = 1 (1)
00:00:01.366439   TSC - Time Stamp Counter                                = 1 (1)
00:00:01.366440   MSR - K86 Model Specific Registers                      = 1 (1)
00:00:01.366441   PAE - Physical Address Extension                        = 0 (1)
00:00:01.366441   MCE - Machine Check Exception                           = 0 (1)
00:00:01.366442   CX8 - CMPXCHG8B instruction                             = 1 (1)
00:00:01.366443   APIC - APIC On-Chip                                     = 1 (1)
00:00:01.366444   SEP - SYSCALL/SYSRET                                    = 1 (1)
00:00:01.366445   MTRR - Memory Type Range Registers                      = 1 (1)
00:00:01.366446   PGE - PTE Global Bit                                    = 1 (1)
00:00:01.366447   MCA - Machine Check Architecture                        = 1 (1)
00:00:01.366447   CMOV - Conditional Move instructions                    = 1 (1)
00:00:01.366448   PAT - Page Attribute Table                              = 1 (1)
00:00:01.366449   PSE-36 - 36-bit Page Size Extension                     = 1 (1)
00:00:01.366450   NX - No-Execute/Execute-Disable                         = 0 (1)
00:00:01.366451   AXMMX - AMD Extensions to MMX instructions              = 1 (1)
00:00:01.366451   MMX - Intel MMX Technology                              = 1 (1)
00:00:01.366452   FXSR - FXSAVE and FXRSTOR Instructions                  = 1 (1)
00:00:01.366453   FFXSR - AMD fast FXSAVE and FXRSTOR instructions        = 1 (1)
00:00:01.366453   Page1GB - 1 GB large page                               = 0 (1)
00:00:01.366454   RDTSCP - RDTSCP instruction                             = 1 (1)
00:00:01.366455   LM - AMD64 Long Mode                                    = 0 (1)
00:00:01.366457   3DNOWEXT - AMD Extensions to 3DNow                      = 0 (0)
00:00:01.366458   3DNOW - AMD 3DNow                                       = 0 (0)
00:00:01.366459   LahfSahf - LAHF/SAHF support in 64-bit mode             = 1 (1)
00:00:01.366460   CmpLegacy - Core multi-processing legacy mode           = 0 (1)
00:00:01.366461   SVM - AMD Secure Virtual Machine extensions             = 0 (0)
00:00:01.366462   EXTAPIC - AMD Extended APIC registers                   = 0 (0)
00:00:01.366462   CR8L - AMD LOCK MOV CR0 means MOV CR8                   = 1 (1)
00:00:01.366463   ABM - AMD Advanced Bit Manipulation                     = 1 (1)
00:00:01.366464   SSE4A - SSE4A instructions                              = 1 (1)
00:00:01.366465   MISALIGNSSE - AMD Misaligned SSE mode                   = 1 (1)
00:00:01.366465   3DNOWPRF - AMD PREFETCH and PREFETCHW instructions      = 1 (1)
00:00:01.366466   OSVW - AMD OS Visible Workaround                        = 0 (1)
00:00:01.366467   IBS - Instruct Based Sampling                           = 0 (0)
00:00:01.366468   XOP - Extended Operation support                        = 0 (0)
00:00:01.366468   SKINIT - SKINIT, STGI, and DEV support                  = 0 (0)
00:00:01.366469   WDT - AMD Watchdog Timer support                        = 0 (1)
00:00:01.366470   LWP - Lightweight Profiling support                     = 0 (0)
00:00:01.366471   FMA4 - Four operand FMA instruction support             = 0 (0)
00:00:01.366471   TCE - Translation Cache Extension support               = 0 (0)
00:00:01.366472   NodeId - NodeId in MSR C001_100C                        = 0 (0)
00:00:01.366473   TBM - Trailing Bit Manipulation instructions            = 0 (0)
00:00:01.366474   TOPOEXT - Topology Extensions                           = 0 (1)
00:00:01.366474   PRFEXTCORE - Performance Counter Extensions support     = 0 (0)
00:00:01.366475   PRFEXTNB - NB Performance Counter Extensions support    = 0 (0)
00:00:01.366476   DATABPEXT - Data-access Breakpoint Extension            = 0 (0)
00:00:01.366476   PERFTSC - Performance Time Stamp Counter                = 0 (0)
00:00:01.366477   PCX_L2I - L2I/L3 Performance Counter Extensions         = 0 (0)
00:00:01.366478   MONITORX - MWAITX and MONITORX instructions             = 0 (0)
00:00:01.366478   AddrMaskExt - BP Addressing masking extended to bit 31  = 0 (0)
00:00:01.366479 Full Name:                       "AMD Ryzen 7 2700X Eight-Core Processor         "
00:00:01.366480 TLB 2/4M Instr/Uni:              fully  64 entries
00:00:01.366480 TLB 2/4M Data:                   fully  64 entries
00:00:01.366481 TLB 4K Instr/Uni:                fully  64 entries
00:00:01.366481 TLB 4K Data:                     fully  64 entries
00:00:01.366482 L1 Instr Cache Line Size:        64 bytes
00:00:01.366482 L1 Instr Cache Lines Per Tag:    1
00:00:01.366482 L1 Instr Cache Associativity:    4 way
00:00:01.366483 L1 Instr Cache Size:             64 KB
00:00:01.366483 L1 Data Cache Line Size:         64 bytes
00:00:01.366484 L1 Data Cache Lines Per Tag:     1
00:00:01.366484 L1 Data Cache Associativity:     8 way
00:00:01.366484 L1 Data Cache Size:              32 KB
00:00:01.366485 L2 TLB 2/4M Instr/Uni:           8 way  1024 entries
00:00:01.366485 L2 TLB 2/4M Data:                2 way  1536 entries
00:00:01.366485 L2 TLB 4K Instr/Uni:             8 way  1024 entries
00:00:01.366486 L2 TLB 4K Data:                  8 way  1536 entries
00:00:01.366486 L2 Cache Line Size:              64 bytes
00:00:01.366486 L2 Cache Lines Per Tag:          1
00:00:01.366487 L2 Cache Associativity:          8 way 
00:00:01.366487 L2 Cache Size:                   512 KB
00:00:01.366489 L3 Cache Line Size:              64 bytes
00:00:01.366489 L3 Cache Lines Per Tag:          1
00:00:01.366489 L3 Cache Associativity:          16 way
00:00:01.366490 L3 Cache Size:                   16384 KB
00:00:01.366490 APM Features EDX
00:00:01.366490   Mnemonic - Description                                  = Guest (Host)
00:00:01.366493   TS - Temperature Sensor                                 = 0 (1)
00:00:01.366494   FID - Frequency ID control                              = 0 (0)
00:00:01.366495   VID - Voltage ID control                                = 0 (0)
00:00:01.366496   TTP - Thermal Trip                                      = 0 (1)
00:00:01.366497   TM - Hardware Thermal Control (HTC)                     = 0 (0)
00:00:01.366497   100MHzSteps - 100 MHz Multiplier control                = 0 (0)
00:00:01.366498   HwPstate - Hardware P-state control                     = 0 (1)
00:00:01.366499   TscInvariant - Invariant Time Stamp Counter             = 1 (1)
00:00:01.366500   CPB - Core Performance Boost                            = 0 (1)
00:00:01.366500   EffFreqRO - Read-only Effective Frequency Interface     = 0 (1)
00:00:01.366501   ProcFdbkIf - Processor Feedback Interface               = 0 (0)
00:00:01.366502   ProcPwrRep - Core power reporting interface support     = 0 (0)
00:00:01.366502   ConnectedStandby - Connected Standby                    = 0 (0)
00:00:01.366503   RAPL - Running average power limit                      = 0 (1)
00:00:01.366504 Ext Features ext IDs EBX
00:00:01.366504   Mnemonic - Description                                  = Guest (Host)
00:00:01.366505   CLZERO - Clear zero instruction (cacheline)             = 0 (1)
00:00:01.366506   IRPerf - Instructions retired count support             = 0 (0)
00:00:01.366507   XSaveErPtr - Save/restore error pointers (FXSAVE/RSTOR) = 0 (1)
00:00:01.366507   INVLPGB - INVLPGB and TLBSYNC instructions              = 0 (0)
00:00:01.366508   RDPRU - RDPRU instruction                               = 0 (0)
00:00:01.366509   BE - Bandwidth Enforcement extension                    = 0 (0)
00:00:01.366510   MCOMMIT - MCOMMIT instruction                           = 0 (0)
00:00:01.366511   WBNOINVD - WBNOINVD instruction                         = 0 (0)
00:00:01.366511   IBPB - Supports the IBPB command in IA32_PRED_CMD       = 0 (0)
00:00:01.366512   INT_WBINVD - WBINVD/WBNOINVD interruptible              = 0 (0)
00:00:01.366513   IBRS - Indirect Branch Restricted Speculation           = 0 (0)
00:00:01.366513   STIBP - Single Thread Indirect Branch Prediction        = 0 (0)
00:00:01.366514   IbrsAlwaysOn - Processor prefers that IBRS be left on   = 0 (0)
00:00:01.366515   StibpAlwaysOn - Processor prefers that STIBP be left on = 0 (0)
00:00:01.366515   IbrsPreferred - IBRS preferred over software solution   = 0 (0)
00:00:01.366516   IbrsSameMode - IBRS limits same mode speculation        = 0 (0)
00:00:01.366517   EferLmsleUnsupported - EFER.LMSLE is unsupported        = 0 (0)
00:00:01.366517   INVLPGBnestedPages - INVLPGB for nested translation     = 0 (0)
00:00:01.366518   PPIN - Protected processor inventory number             = 0 (0)
00:00:01.366519   SSBD - Speculative Store Bypass Disable                 = 0 (0)
00:00:01.366519   SsbdVirtSpecCtrl - Use VIRT_SPEC_CTL for SSBD           = 0 (1)
00:00:01.366520   SsbdNotRequired - SSBD not needed on this processor     = 1 (0)
00:00:01.366521   CPPC - Collaborative Processor Performance Control      = 0 (0)
00:00:01.366521   PSFD - Predictive Store Forward Disable                 = 0 (0)
00:00:01.366522   BTC_NO - Unaffected by branch type confusion            = 0 (0)
00:00:01.366523   IBPB_RET - Clears RA predictor when PRED_CMD.IBPB set   = 0 (0)
00:00:01.366523 Physical Address Width:          48 bits
00:00:01.366523 Virtual Address Width:           48 bits
00:00:01.366524 Guest Physical Address Width:    48 bits (0)
00:00:01.366524 Physical Core Count:             1
00:00:01.366524 APIC ID size:                    1 (0x1)
00:00:01.366525 Performance TSC size:            40 bits
00:00:01.366525 Max page count for INVLPGB:      0x3030
00:00:01.366526 Max ECX for RDPRU:               0x0
00:00:01.366529 ********************* End of CPUID dump *********************
00:00:01.366601 VMEmt: Halt method global1 (5)
00:00:01.366728 VMEmt: HaltedGlobal1 config: cNsSpinBlockThresholdCfg=50000
00:00:01.366739 Changing the VM state from 'CREATING' to 'CREATED'
00:00:01.367725 NAT: DNS settings changed, triggering update
00:00:01.367736 NAT DNS Update: Stored 1263225675 as nameserver #0
00:00:01.367740 NAT DNS Update: Stored 1280068427 as nameserver #1
00:00:01.367743 NAT DNS Update: Stored 2 total nameservers
00:00:01.368050 Changing the VM state from 'CREATED' to 'POWERING_ON'
00:00:01.368353 Changing the VM state from 'POWERING_ON' to 'RUNNING'
00:00:01.368367 Console: Machine state changed to 'Running'
00:00:01.370273 VMMDev: Guest Log: BIOS: VirtualBox 7.2.6
00:00:01.370500 PCI: Setting up resources and interrupts
00:00:01.370675 PIT: mode=2 count=0x10000 (65536) - 18.20 Hz (ch=0)
00:00:01.391780 Display::i_handleDisplayResize: uScreenId=0 pvVRAM=0000000000000000 w=720 h=400 bpp=0 cbLine=0x0 flags=0x0 origin=0,0
00:00:01.392273 VMMDev: Guest Log: CPUID EDX: 0x178bfbbf
00:00:01.392393 PIIX3 ATA: Ctl#0: RESET, DevSel=0 AIOIf=0 CmdIf0=0x00 (-1 usec ago) CmdIf1=0x00 (-1 usec ago)
00:00:01.392419 PIIX3 ATA: Ctl#0: finished processing RESET
00:00:01.392824 VMMDev: Guest Log: BIOS: ata0-0: PCHS=65/16/63 LCHS=65/16/63
00:00:01.432566 PIT: mode=2 count=0x48d3 (18643) - 64.00 Hz (ch=0)
00:00:01.436715 Display::i_handleDisplayResize: uScreenId=0 pvVRAM=00000197876c0000 w=640 h=480 bpp=32 cbLine=0xA00 flags=0x0 origin=0,0
00:00:01.472058 VBoxHeadless: starting event loop
00:00:03.907418 PIT: mode=2 count=0x10000 (65536) - 18.20 Hz (ch=0)
00:00:03.907641 VMMDev: Guest Log: BIOS: Boot : bseqnr=1, bootseq=0002
00:00:03.908004 VMMDev: Guest Log: BIOS: Booting from Hard Disk...
00:00:03.913440 Display::i_handleDisplayResize: uScreenId=0 pvVRAM=00000197876c0000 w=640 h=480 bpp=0 cbLine=0x280 flags=0x0 origin=0,0
00:00:03.923978 WasAPI: Looking up or creating cache entry (caching is set to enabled, iface 000001977e73e530, async init)
00:00:03.924071 Audio: Warning: Scheduling hint of stream '[WasAPI] Output:0' is bigger (1000ms) than used period size (0ms)
00:00:03.924175 Audio Mixer: Setting sink 'SB16 Mixer/PCM Output' -- channel volumes: ba ba ba ba ba ba ba ba ba ba ba ba
00:00:03.934400 Display::i_handleDisplayResize: uScreenId=0 pvVRAM=00000197876c0000 w=640 h=400 bpp=0 cbLine=0x140 flags=0x0 origin=0,0
