00:00:00.370173 VirtualBox VM 7.2.6 r172322 win.amd64 (Jan 15 2026 18:08:50) release log
00:00:00.370175 Log opened 2026-04-23T21:03:19.262598600Z
00:00:00.370176 Build Type: release
00:00:00.370177 OS Product: Windows 10
00:00:00.370370 OS Release: 10.0.19045.7184
00:00:00.370371 OS Service Pack: 
00:00:00.438399 DMI Product Name: System Product Name
00:00:00.441723 DMI Product Version: System Version
00:00:00.441738 Firmware type: UEFI
00:00:00.442107 Secure Boot: Enabled
00:00:00.442116 Host RAM: 32692MB (31.9GB) total, 19389MB (18.9GB) available
00:00:00.442119 Executable: C:\Program Files\Oracle\VirtualBox\VBoxHeadless.exe
00:00:00.442119 Process ID: 26708
00:00:00.442120 Package type: WINDOWS_64BITS_GENERIC
00:00:00.442120 Windows Features:
00:00:00.442121   Core Isolation (Memory Integrity): DISABLED
00:00:00.442902 Installed Extension Packs:
00:00:00.442915   None installed!
00:00:00.443444 Console: Machine state changed to 'Starting'
00:00:00.506155 SUP: seg #0: R   0x00000000 LB 0x00001000
00:00:00.506174 SUP: seg #1: R X 0x00001000 LB 0x00204000
00:00:00.506179 SUP: seg #2: R   0x00205000 LB 0x00053000
00:00:00.506182 SUP: seg #3: RW  0x00258000 LB 0x00013000
00:00:00.506186 SUP: seg #4: R   0x0026b000 LB 0x00013000
00:00:00.506189 SUP: seg #5: RW  0x0027e000 LB 0x00004000
00:00:00.506192 SUP: seg #6: R   0x00282000 LB 0x00007000
00:00:00.506196 SUP: seg #7: R X 0x00289000 LB 0x00002000
00:00:00.506199 SUP: seg #8: R   0x0028b000 LB 0x00007000
00:00:00.509840 SUP: Loaded VMMR0.r0 (C:\Program Files\Oracle\VirtualBox/VMMR0.r0) at 0xXXXXXXXXXXXXXXXX - ModuleInit at XXXXXXXXXXXXXXXX and ModuleTerm at XXXXXXXXXXXXXXXX using the native ring-0 loader
00:00:00.509870 SUP: VMMR0EntryEx located at XXXXXXXXXXXXXXXX and VMMR0EntryFast at XXXXXXXXXXXXXXXX
00:00:00.509874 SUP: windbg> .reload /f C:\Program Files\Oracle\VirtualBox/VMMR0.r0=0xXXXXXXXXXXXXXXXX
00:00:00.513349 Guest architecture: x86
00:00:00.513404 Guest OS type: 'Other'
00:00:00.513991 fHMForced=true - No raw-mode support in this build!
00:00:00.514014 Using execution engine 1
00:00:00.516910 File system of 'C:\Users\RhythmicCarnage\Desktop\CyberStorm\deploy\virtualbox\CyberStorm.vdi' is ntfs
00:00:00.620045 Shared Clipboard: Initialized OLE
00:00:00.620130 Shared Clipboard: Service loaded
00:00:00.620145 Shared Clipboard: Mode: Off
00:00:00.620225 Shared Clipboard: Service running in headless mode
00:00:00.632951 Drag and drop service loaded
00:00:00.632963 Drag and drop mode: Off
00:00:00.634039 Audio: Detected default audio driver type is 'HostAudioWas'
00:00:00.716466 ************************* CFGM dump *************************
00:00:00.716475 [/] (level 0)
00:00:00.716477   CpuExecutionCap   <integer> = 0x0000000000000064 (100)
00:00:00.716479   EnablePAE         <integer> = 0x0000000000000000 (0)
00:00:00.716480   HMEnabled         <integer> = 0x0000000000000001 (1)
00:00:00.716481   MemBalloonSize    <integer> = 0x0000000000000000 (0, 0 B)
00:00:00.716484   Name              <string>  = "CyberStorm" (cb=11)
00:00:00.716485   NumCPUs           <integer> = 0x0000000000000001 (1)
00:00:00.716486   PageFusionAllowed <integer> = 0x0000000000000000 (0)
00:00:00.716487   RamHoleSize       <integer> = 0x0000000020000000 (536 870 912, 512.0 MiB)
00:00:00.716488   RamSize           <integer> = 0x0000000004000000 (67 108 864, 64.0 MiB)
00:00:00.716489   TimerMillies      <integer> = 0x000000000000000a (10)
00:00:00.716490   UUID              <bytes>   = "8a 1b a1 f6 31 0b bf 42 91 ea d4 0d 51 78 d0 38" (cb=16)
00:00:00.716492 
00:00:00.716492 [/CPUM/] (level 1)
00:00:00.716493   Enable64bit        <integer> = 0x0000000000000000 (0)
00:00:00.716494   GuestCpuName       <string>  = "host" (cb=5)
00:00:00.716495   NestedHWVirt       <integer> = 0x0000000000000000 (0)
00:00:00.716495   PortableCpuIdLevel <integer> = 0x0000000000000000 (0)
00:00:00.716496   SpecCtrl           <integer> = 0x0000000000000000 (0)
00:00:00.716496 
00:00:00.716497 [/CPUM/IsaExts/] (level 2)
00:00:00.716497 
00:00:00.716498 [/DBGC/] (level 1)
00:00:00.716498   GlobalInitScript <string>  = "C:\Users\RhythmicCarnage\.VirtualBox/dbgc-init" (cb=47)
00:00:00.716499   HistoryFile      <string>  = "C:\Users\RhythmicCarnage\.VirtualBox/dbgc-history" (cb=50)
00:00:00.716500   LocalInitScript  <string>  = "C:\Users\RhythmicCarnage\Desktop\CyberStorm\deploy\virtualbox\CyberStorm/dbgc-init" (cb=83)
00:00:00.716500 
00:00:00.716501 [/DBGF/] (level 1)
00:00:00.716501   Path <string>  = "C:\Users\RhythmicCarnage\Desktop\CyberStorm\deploy\virtualbox\CyberStorm/debug/;C:\Users\RhythmicCarnage\Desktop\CyberStorm\deploy\virtualbox\CyberStorm/;cache*C:\Users\RhythmicCarnage\Desktop\CyberStorm\deploy\virtualbox\CyberStorm/dbgcache/;C:\Users\RhythmicCarnage\" (cb=269)
00:00:00.716502 
00:00:00.716502 [/Devices/] (level 1)
00:00:00.716503 
00:00:00.716503 [/Devices/3c501/] (level 2)
00:00:00.716504 
00:00:00.716504 [/Devices/8237A/] (level 2)
00:00:00.716505 
00:00:00.716505 [/Devices/8237A/0/] (level 3)
00:00:00.716506   Trusted <integer> = 0x0000000000000001 (1)
00:00:00.716507 
00:00:00.716507 [/Devices/VMMDev/] (level 2)
00:00:00.716508 
00:00:00.716508 [/Devices/VMMDev/0/] (level 3)
00:00:00.716509   PCIBusNo      <integer> = 0x0000000000000000 (0)
00:00:00.716510   PCIDeviceNo   <integer> = 0x0000000000000004 (4)
00:00:00.716510   PCIFunctionNo <integer> = 0x0000000000000000 (0)
00:00:00.716511   Trusted       <integer> = 0x0000000000000001 (1)
00:00:00.716511 
00:00:00.716511 [/Devices/VMMDev/0/Config/] (level 4)
00:00:00.716512   GuestCoreDumpDir <string>  = "C:\Users\RhythmicCarnage\Desktop\CyberStorm\deploy\virtualbox\CyberStorm\Snapshots" (cb=83)
00:00:00.716513 
00:00:00.716513 [/Devices/VMMDev/0/LUN#0/] (level 4)
00:00:00.716514   Driver <string>  = "HGCM" (cb=5)
00:00:00.716514 
00:00:00.716515 [/Devices/VMMDev/0/LUN#0/Config/] (level 5)
00:00:00.716516 
00:00:00.716516 [/Devices/VMMDev/0/LUN#999/] (level 4)
00:00:00.716517   Driver <string>  = "MainStatus" (cb=11)
00:00:00.716517 
00:00:00.716517 [/Devices/VMMDev/0/LUN#999/Config/] (level 5)
00:00:00.716518   First                <integer> = 0x0000000000000000 (0)
00:00:00.716519   HasMediumAttachments <integer> = 0x0000000000000000 (0)
00:00:00.716520   Last                 <integer> = 0x0000000000000000 (0)
00:00:00.716520   iLedSet              <integer> = 0x0000000000000003 (3)
00:00:00.716521 
00:00:00.716521 [/Devices/acpi/] (level 2)
00:00:00.716522 
00:00:00.716522 [/Devices/acpi/0/] (level 3)
00:00:00.716523   PCIBusNo      <integer> = 0x0000000000000000 (0)
00:00:00.716524   PCIDeviceNo   <integer> = 0x0000000000000007 (7)
00:00:00.716524   PCIFunctionNo <integer> = 0x0000000000000000 (0)
00:00:00.716525   Trusted       <integer> = 0x0000000000000001 (1)
00:00:00.716525 
00:00:00.716525 [/Devices/acpi/0/Config/] (level 4)
00:00:00.716527   CpuHotPlug          <integer> = 0x0000000000000000 (0)
00:00:00.716527   FdcEnabled          <integer> = 0x0000000000000000 (0)
00:00:00.716528   HostBusPciAddress   <integer> = 0x0000000000000000 (0)
00:00:00.716529   HpetEnabled         <integer> = 0x0000000000000000 (0)
00:00:00.716529   IOAPIC              <integer> = 0x0000000000000000 (0)
00:00:00.716530   IocPciAddress       <integer> = 0x0000000000010000 (65 536)
00:00:00.716531   NumCPUs             <integer> = 0x0000000000000001 (1)
00:00:00.716531   Parallel0IoPortBase <integer> = 0x0000000000000000 (0)
00:00:00.716532   Parallel0Irq        <integer> = 0x0000000000000000 (0)
00:00:00.716532   Parallel1IoPortBase <integer> = 0x0000000000000000 (0)
00:00:00.716533   Parallel1Irq        <integer> = 0x0000000000000000 (0)
00:00:00.716533   Serial0IoPortBase   <integer> = 0x0000000000000000 (0)
00:00:00.716534   Serial0Irq          <integer> = 0x0000000000000000 (0)
00:00:00.716535   Serial1IoPortBase   <integer> = 0x0000000000000000 (0)
00:00:00.716535   Serial1Irq          <integer> = 0x0000000000000000 (0)
00:00:00.716536   ShowCpu             <integer> = 0x0000000000000000 (0)
00:00:00.716536   ShowRtc             <integer> = 0x0000000000000000 (0)
00:00:00.716537   SmcEnabled          <integer> = 0x0000000000000000 (0)
00:00:00.716538 
00:00:00.716538 [/Devices/acpi/0/LUN#0/] (level 4)
00:00:00.716539   Driver <string>  = "ACPIHost" (cb=9)
00:00:00.716539 
00:00:00.716539 [/Devices/acpi/0/LUN#0/Config/] (level 5)
00:00:00.716540 
00:00:00.716540 [/Devices/apic/] (level 2)
00:00:00.716541 
00:00:00.716541 [/Devices/apic/0/] (level 3)
00:00:00.716542   Trusted <integer> = 0x0000000000000001 (1)
00:00:00.716543 
00:00:00.716543 [/Devices/apic/0/Config/] (level 4)
00:00:00.716544   IOAPIC  <integer> = 0x0000000000000000 (0)
00:00:00.716545   Mode    <integer> = 0x0000000000000002 (2)
00:00:00.716545   NumCPUs <integer> = 0x0000000000000001 (1)
00:00:00.716546 
00:00:00.716546 [/Devices/dp8390/] (level 2)
00:00:00.716546 
00:00:00.716547 [/Devices/e1000/] (level 2)
00:00:00.716547 
00:00:00.716547 [/Devices/i8254/] (level 2)
00:00:00.716548 
00:00:00.716548 [/Devices/i8254/0/] (level 3)
00:00:00.716549 
00:00:00.716549 [/Devices/i8254/0/Config/] (level 4)
00:00:00.716550 
00:00:00.716550 [/Devices/i8259/] (level 2)
00:00:00.716551 
00:00:00.716551 [/Devices/i8259/0/] (level 3)
00:00:00.716552   Trusted <integer> = 0x0000000000000001 (1)
00:00:00.716553 
00:00:00.716553 [/Devices/i8259/0/Config/] (level 4)
00:00:00.716554 
00:00:00.716554 [/Devices/mc146818/] (level 2)
00:00:00.716555 
00:00:00.716555 [/Devices/mc146818/0/] (level 3)
00:00:00.716555 
00:00:00.716556 [/Devices/mc146818/0/Config/] (level 4)
00:00:00.716556   UseUTC <integer> = 0x0000000000000000 (0)
00:00:00.716557 
00:00:00.716557 [/Devices/parallel/] (level 2)
00:00:00.716558 
00:00:00.716558 [/Devices/pcarch/] (level 2)
00:00:00.716559 
00:00:00.716559 [/Devices/pcarch/0/] (level 3)
00:00:00.716560   Trusted <integer> = 0x0000000000000001 (1)
00:00:00.716560 
00:00:00.716560 [/Devices/pcarch/0/Config/] (level 4)
00:00:00.716561 
00:00:00.716561 [/Devices/pcbios/] (level 2)
00:00:00.716562 
00:00:00.716562 [/Devices/pcbios/0/] (level 3)
00:00:00.716563   Trusted <integer> = 0x0000000000000001 (1)
00:00:00.716563 
00:00:00.716564 [/Devices/pcbios/0/Config/] (level 4)
00:00:00.716565   APIC            <integer> = 0x0000000000000001 (1)
00:00:00.716566   BootDevice0     <string>  = "IDE" (cb=4)
00:00:00.716566   BootDevice1     <string>  = "NONE" (cb=5)
00:00:00.716567   BootDevice2     <string>  = "NONE" (cb=5)
00:00:00.716567   BootDevice3     <string>  = "NONE" (cb=5)
00:00:00.716568   DmiSystemSerial <string>  = "VirtualBox-<DmiSystemUuid>" (cb=27)
00:00:00.716568   FloppyDevice    <string>  = "i82078" (cb=7)
00:00:00.716569   HardDiskDevice  <string>  = "piix3ide" (cb=9)
00:00:00.716569   IOAPIC          <integer> = 0x0000000000000000 (0)
00:00:00.716570   McfgBase        <integer> = 0x0000000000000000 (0)
00:00:00.716571   McfgLength      <integer> = 0x0000000000000000 (0)
00:00:00.716571   NumCPUs         <integer> = 0x0000000000000001 (1)
00:00:00.716572   PXEDebug        <integer> = 0x0000000000000000 (0)
00:00:00.716572   UUID            <bytes>   = "8a 1b a1 f6 31 0b bf 42 91 ea d4 0d 51 78 d0 38" (cb=16)
00:00:00.716574   UuidLe          <integer> = 0x0000000000000001 (1)
00:00:00.716575 
00:00:00.716575 [/Devices/pcbios/0/Config/NetBoot/] (level 5)
00:00:00.716576 
00:00:00.716576 [/Devices/pcbios/0/Config/NetBoot/0/] (level 6)
00:00:00.716578   NIC           <integer> = 0x0000000000000000 (0)
00:00:00.716578   PCIBusNo      <integer> = 0x0000000000000000 (0)
00:00:00.716579   PCIDeviceNo   <integer> = 0x0000000000000003 (3)
00:00:00.716579   PCIFunctionNo <integer> = 0x0000000000000000 (0)
00:00:00.716580 
00:00:00.716580 [/Devices/pci/] (level 2)
00:00:00.716581 
00:00:00.716581 [/Devices/pci/0/] (level 3)
00:00:00.716582   Trusted <integer> = 0x0000000000000001 (1)
00:00:00.716582 
00:00:00.716582 [/Devices/pci/0/Config/] (level 4)
00:00:00.716583   IOAPIC <integer> = 0x0000000000000000 (0)
00:00:00.716584 
00:00:00.716584 [/Devices/pcibridge/] (level 2)
00:00:00.716585 
00:00:00.716585 [/Devices/pckbd/] (level 2)
00:00:00.716585 
00:00:00.716586 [/Devices/pckbd/0/] (level 3)
00:00:00.716586   Trusted <integer> = 0x0000000000000001 (1)
00:00:00.716587 
00:00:00.716587 [/Devices/pckbd/0/Config/] (level 4)
00:00:00.716588 
00:00:00.716588 [/Devices/pckbd/0/LUN#0/] (level 4)
00:00:00.716589   Driver <string>  = "KeyboardQueue" (cb=14)
00:00:00.716589 
00:00:00.716589 [/Devices/pckbd/0/LUN#0/AttachedDriver/] (level 5)
00:00:00.716590   Driver <string>  = "MainKeyboard" (cb=13)
00:00:00.716591 
00:00:00.716591 [/Devices/pckbd/0/LUN#0/Config/] (level 5)
00:00:00.716592   QueueSize <integer> = 0x0000000000000040 (64, 64 B)
00:00:00.716593 
00:00:00.716593 [/Devices/pckbd/0/LUN#1/] (level 4)
00:00:00.716594   Driver <string>  = "MouseQueue" (cb=11)
00:00:00.716594 
00:00:00.716594 [/Devices/pckbd/0/LUN#1/AttachedDriver/] (level 5)
00:00:00.716595   Driver <string>  = "MainMouse" (cb=10)
00:00:00.716596 
00:00:00.716596 [/Devices/pckbd/0/LUN#1/Config/] (level 5)
00:00:00.716597   QueueSize <integer> = 0x0000000000000080 (128, 128 B)
00:00:00.716598 
00:00:00.716598 [/Devices/pcnet/] (level 2)
00:00:00.716599 
00:00:00.716599 [/Devices/pcnet/0/] (level 3)
00:00:00.716600   PCIBusNo      <integer> = 0x0000000000000000 (0)
00:00:00.716600   PCIDeviceNo   <integer> = 0x0000000000000003 (3)
00:00:00.716601   PCIFunctionNo <integer> = 0x0000000000000000 (0)
00:00:00.716601   Trusted       <integer> = 0x0000000000000001 (1)
00:00:00.716602 
00:00:00.716602 [/Devices/pcnet/0/Config/] (level 4)
00:00:00.716603   CableConnected <integer> = 0x0000000000000001 (1)
00:00:00.716603   ChipType       <string>  = "Am79C973" (cb=9)
00:00:00.716604   LineSpeed      <integer> = 0x0000000000000000 (0)
00:00:00.716605   MAC            <bytes>   = "08 00 27 b6 b4 c0" (cb=6)
00:00:00.716606 
00:00:00.716606 [/Devices/pcnet/0/LUN#0/] (level 4)
00:00:00.716607   Driver <string>  = "NAT" (cb=4)
00:00:00.716607 
00:00:00.716607 [/Devices/pcnet/0/LUN#0/Config/] (level 5)
00:00:00.716608   AliasMode          <integer> = 0x0000000000000000 (0)
00:00:00.716609   DNSProxy           <integer> = 0x0000000000000000 (0)
00:00:00.716610   EnableTFTP         <integer> = 0x0000000000000000 (0)
00:00:00.716610   ForwardBroadcast   <integer> = 0x0000000000000000 (0)
00:00:00.716611   LocalhostReachable <integer> = 0x0000000000000000 (0)
00:00:00.716611   Network            <string>  = "10.0.2.0/24" (cb=12)
00:00:00.716612   PassDomain         <integer> = 0x0000000000000001 (1)
00:00:00.716613   UseHostResolver    <integer> = 0x0000000000000000 (0)
00:00:00.716613 
00:00:00.716613 [/Devices/pcnet/0/LUN#999/] (level 4)
00:00:00.716614   Driver <string>  = "MainStatus" (cb=11)
00:00:00.716615 
00:00:00.716615 [/Devices/pcnet/0/LUN#999/Config/] (level 5)
00:00:00.716616   First                <integer> = 0x0000000000000000 (0)
00:00:00.716616   HasMediumAttachments <integer> = 0x0000000000000000 (0)
00:00:00.716617   Last                 <integer> = 0x0000000000000000 (0)
00:00:00.716618   iLedSet              <integer> = 0x0000000000000002 (2)
00:00:00.716618 
00:00:00.716618 [/Devices/piix3ide/] (level 2)
00:00:00.716619 
00:00:00.716619 [/Devices/piix3ide/0/] (level 3)
00:00:00.716620   PCIBusNo      <integer> = 0x0000000000000000 (0)
00:00:00.716621   PCIDeviceNo   <integer> = 0x0000000000000001 (1)
00:00:00.716621   PCIFunctionNo <integer> = 0x0000000000000001 (1)
00:00:00.716622   Trusted       <integer> = 0x0000000000000001 (1)
00:00:00.716622 
00:00:00.716622 [/Devices/piix3ide/0/Config/] (level 4)
00:00:00.716623   Type <string>  = "PIIX4" (cb=6)
00:00:00.716624 
00:00:00.716624 [/Devices/piix3ide/0/LUN#0/] (level 4)
00:00:00.716625   Driver <string>  = "VD" (cb=3)
00:00:00.716625 
00:00:00.716625 [/Devices/piix3ide/0/LUN#0/Config/] (level 5)
00:00:00.716626   Format    <string>  = "VDI" (cb=4)
00:00:00.716627   Mountable <integer> = 0x0000000000000000 (0)
00:00:00.716627   Path      <string>  = "C:\Users\RhythmicCarnage\Desktop\CyberStorm\deploy\virtualbox\CyberStorm.vdi" (cb=77)
00:00:00.716628   Type      <string>  = "HardDisk" (cb=9)
00:00:00.716628 
00:00:00.716629 [/Devices/piix3ide/0/LUN#0/Config/VDConfig/] (level 6)
00:00:00.716630   AllocationBlockSize <string>  = "1048576" (cb=8)
00:00:00.716630 
00:00:00.716630 [/Devices/piix3ide/0/LUN#999/] (level 4)
00:00:00.716631   Driver <string>  = "MainStatus" (cb=11)
00:00:00.716632 
00:00:00.716632 [/Devices/piix3ide/0/LUN#999/Config/] (level 5)
00:00:00.716633   DeviceInstance       <string>  = "piix3ide/0" (cb=11)
00:00:00.716634   First                <integer> = 0x0000000000000000 (0)
00:00:00.716634   HasMediumAttachments <integer> = 0x0000000000000001 (1)
00:00:00.716635   Last                 <integer> = 0x0000000000000003 (3)
00:00:00.716635   iLedSet              <integer> = 0x0000000000000001 (1)
00:00:00.716636 
00:00:00.716636 [/Devices/sb16/] (level 2)
00:00:00.716637 
00:00:00.716637 [/Devices/sb16/0/] (level 3)
00:00:00.716638   Trusted <integer> = 0x0000000000000001 (1)
00:00:00.716638 
00:00:00.716638 [/Devices/sb16/0/AudioConfig/] (level 4)
00:00:00.716639 
00:00:00.716640 [/Devices/sb16/0/Config/] (level 4)
00:00:00.716640   DMA          <integer> = 0x0000000000000001 (1)
00:00:00.716641   DMA16        <integer> = 0x0000000000000005 (5)
00:00:00.716642   DebugEnabled <integer> = 0x0000000000000000 (0)
00:00:00.716642   IRQ          <integer> = 0x0000000000000005 (5)
00:00:00.716643   Port         <integer> = 0x0000000000000220 (544)
00:00:00.716643   Version      <integer> = 0x0000000000000405 (1 029)
00:00:00.716644 
00:00:00.716644 [/Devices/sb16/0/LUN#0/] (level 4)
00:00:00.716645   Driver <string>  = "AUDIO" (cb=6)
00:00:00.716646 
00:00:00.716646 [/Devices/sb16/0/LUN#0/AttachedDriver/] (level 5)
00:00:00.716647   Driver <string>  = "HostAudioWas" (cb=13)
00:00:00.716647 
00:00:00.716647 [/Devices/sb16/0/LUN#0/AttachedDriver/Config/] (level 6)
00:00:00.716648   VmName <string>  = "CyberStorm" (cb=11)
00:00:00.716649   VmUuid <string>  = "f6a11b8a-0b31-42bf-91ea-d40d5178d038" (cb=37)
00:00:00.716649 
00:00:00.716650 [/Devices/sb16/0/LUN#0/Config/] (level 5)
00:00:00.716651   DriverName    <string>  = "HostAudioWas" (cb=13)
00:00:00.716651   InputEnabled  <integer> = 0x0000000000000000 (0)
00:00:00.716652   OutputEnabled <integer> = 0x0000000000000001 (1)
00:00:00.716652 
00:00:00.716652 [/Devices/sb16/0/LUN#1/] (level 4)
00:00:00.716653   Driver <string>  = "AUDIO" (cb=6)
00:00:00.716654 
00:00:00.716654 [/Devices/sb16/0/LUN#2/] (level 4)
00:00:00.716655   Driver <string>  = "AUDIO" (cb=6)
00:00:00.716655 
00:00:00.716655 [/Devices/serial/] (level 2)
00:00:00.716656 
00:00:00.716656 [/Devices/vga/] (level 2)
00:00:00.716657 
00:00:00.716657 [/Devices/vga/0/] (level 3)
00:00:00.716657   PCIBusNo      <integer> = 0x0000000000000000 (0)
00:00:00.716658   PCIDeviceNo   <integer> = 0x0000000000000002 (2)
00:00:00.716659   PCIFunctionNo <integer> = 0x0000000000000000 (0)
00:00:00.716659   Trusted       <integer> = 0x0000000000000001 (1)
00:00:00.716660 
00:00:00.716660 [/Devices/vga/0/Config/] (level 4)
00:00:00.716661   3DEnabled             <integer> = 0x0000000000000000 (0)
00:00:00.716662   CustomVideoModes      <integer> = 0x0000000000000000 (0)
00:00:00.716662   FadeIn                <integer> = 0x0000000000000001 (1)
00:00:00.716663   FadeOut               <integer> = 0x0000000000000001 (1)
00:00:00.716663   HeightReduction       <integer> = 0x0000000000000000 (0)
00:00:00.716664   LogoFile              <string>  = "" (cb=1)
00:00:00.716665   LogoTime              <integer> = 0x0000000000000000 (0)
00:00:00.716665   MonitorCount          <integer> = 0x0000000000000001 (1)
00:00:00.716666   ShowBootMenu          <integer> = 0x0000000000000002 (2)
00:00:00.716667   VMSVGA3dEnabled       <integer> = 0x0000000000000000 (0)
00:00:00.716667   VMSVGAEnabled         <integer> = 0x0000000000000001 (1)
00:00:00.716668   VRamSize              <integer> = 0x0000000001000000 (16 777 216, 16.0 MiB)
00:00:00.716669   VmSvga3               <integer> = 0x0000000000000000 (0)
00:00:00.716669   VmSvgaExposeLegacyVga <integer> = 0x0000000000000001 (1)
00:00:00.716670 
00:00:00.716670 [/Devices/vga/0/LUN#0/] (level 4)
00:00:00.716671   Driver <string>  = "MainDisplay" (cb=12)
00:00:00.716671 
00:00:00.716672 [/Devices/vga/0/LUN#0/Config/] (level 5)
00:00:00.716673 
00:00:00.716673 [/Devices/vga/0/LUN#999/] (level 4)
00:00:00.716674   Driver <string>  = "MainStatus" (cb=11)
00:00:00.716674 
00:00:00.716674 [/Devices/vga/0/LUN#999/Config/] (level 5)
00:00:00.716675   First                <integer> = 0x0000000000000000 (0)
00:00:00.716676   HasMediumAttachments <integer> = 0x0000000000000000 (0)
00:00:00.716676   Last                 <integer> = 0x0000000000000000 (0)
00:00:00.716677   iLedSet              <integer> = 0x0000000000000000 (0)
00:00:00.716678 
00:00:00.716678 [/Devices/virtio-net/] (level 2)
00:00:00.716678 
00:00:00.716679 [/EM/] (level 1)
00:00:00.716679   TripleFaultReset <integer> = 0x0000000000000000 (0)
00:00:00.716680 
00:00:00.716680 [/GCM/] (level 1)
00:00:00.716680 
00:00:00.716681 [/GIM/] (level 1)
00:00:00.716681   Provider <string>  = "None" (cb=5)
00:00:00.716682 
00:00:00.716682 [/HM/] (level 1)
00:00:00.716683   64bitEnabled        <integer> = 0x0000000000000000 (0)
00:00:00.716683   EnableLargePages    <integer> = 0x0000000000000001 (1)
00:00:00.716684   EnableNestedPaging  <integer> = 0x0000000000000001 (1)
00:00:00.716684   EnableUX            <integer> = 0x0000000000000001 (1)
00:00:00.716685   EnableVPID          <integer> = 0x0000000000000001 (1)
00:00:00.716686   Exclusive           <integer> = 0x0000000000000000 (0)
00:00:00.716686   HMForced            <integer> = 0x0000000000000001 (1)
00:00:00.716687   IBPBOnVMEntry       <integer> = 0x0000000000000000 (0)
00:00:00.716687   IBPBOnVMExit        <integer> = 0x0000000000000000 (0)
00:00:00.716688   L1DFlushOnSched     <integer> = 0x0000000000000001 (1)
00:00:00.716689   L1DFlushOnVMEntry   <integer> = 0x0000000000000000 (0)
00:00:00.716689   MDSClearOnSched     <integer> = 0x0000000000000001 (1)
00:00:00.716690   MDSClearOnVMEntry   <integer> = 0x0000000000000000 (0)
00:00:00.716690   SpecCtrlByHost      <integer> = 0x0000000000000000 (0)
00:00:00.716691   SvmVirtVmsaveVmload <integer> = 0x0000000000000000 (0)
00:00:00.716691   UseNEMInstead       <integer> = 0x0000000000000000 (0)
00:00:00.716692 
00:00:00.716692 [/MM/] (level 1)
00:00:00.716692   CanUseLargerHeap <integer> = 0x0000000000000000 (0)
00:00:00.716693 
00:00:00.716693 [/NEM/] (level 1)
00:00:00.716694   Allow64BitGuests  <integer> = 0x0000000000000000 (0)
00:00:00.716694   IBPBOnVMEntry     <integer> = 0x0000000000000000 (0)
00:00:00.716695   IBPBOnVMExit      <integer> = 0x0000000000000000 (0)
00:00:00.716695   L1DFlushOnSched   <integer> = 0x0000000000000001 (1)
00:00:00.716696   L1DFlushOnVMEntry <integer> = 0x0000000000000000 (0)
00:00:00.716696   MDSClearOnSched   <integer> = 0x0000000000000001 (1)
00:00:00.716697   MDSClearOnVMEntry <integer> = 0x0000000000000000 (0)
00:00:00.716697 
00:00:00.716697 [/PDM/] (level 1)
00:00:00.716698 
00:00:00.716698 [/PDM/AsyncCompletion/] (level 2)
00:00:00.716699 
00:00:00.716699 [/PDM/AsyncCompletion/File/] (level 3)
00:00:00.716700 
00:00:00.716700 [/PDM/AsyncCompletion/File/BwGroups/] (level 4)
00:00:00.716701 
00:00:00.716701 [/PDM/BlkCache/] (level 2)
00:00:00.716702   CacheSize <integer> = 0x0000000000500000 (5 242 880, 5.0 MiB)
00:00:00.716703 
00:00:00.716703 [/PDM/Devices/] (level 2)
00:00:00.716704 
00:00:00.716704 [/PDM/Drivers/] (level 2)
00:00:00.716704 
00:00:00.716705 [/PDM/Drivers/VBoxC/] (level 3)
00:00:00.716705   Path <string>  = "VBoxC" (cb=6)
00:00:00.716706 
00:00:00.716706 [/PDM/NetworkShaper/] (level 2)
00:00:00.716707 
00:00:00.716707 [/PDM/NetworkShaper/BwGroups/] (level 3)
00:00:00.716708 
00:00:00.716708 [/TM/] (level 1)
00:00:00.716708   UTCOffset <integer> = 0x0000000000000000 (0)
00:00:00.716709 
00:00:00.716709 ********************* End of CFGM dump **********************
00:00:00.716771 HM: HMR3Init: Attempting fall back to NEM: AMD-V is not available
00:00:00.777881 NEM:  info: Found optional import WinHvPlatform.dll!WHvQueryGpaRangeDirtyBitmap.
00:00:00.777897 NEM:  info: Found optional import WinHvPlatform.dll!WHvResumePartitionTime.
00:00:00.777901 NEM:  info: Found optional import WinHvPlatform.dll!WHvSuspendPartitionTime.
00:00:00.777904 NEM:  info: Found optional import WinHvPlatform.dll!WHvRequestInterrupt.
00:00:00.777907 NEM:  info: Found optional import WinHvPlatform.dll!WHvGetVirtualProcessorXsaveState.
00:00:00.777911 NEM:  info: Found optional import WinHvPlatform.dll!WHvSetVirtualProcessorXsaveState.
00:00:00.777915 NEM:  info: Failed to import WinHvPlatform.dll!WHvGetVirtualProcessorState: VERR_SYMBOL_NOT_FOUND
00:00:00.777930 NEM:  info: Failed to import WinHvPlatform.dll!WHvSetVirtualProcessorState: VERR_SYMBOL_NOT_FOUND
00:00:00.777934 NEM:  info: Found optional import WinHvPlatform.dll!WHvGetVirtualProcessorInterruptControllerState.
00:00:00.777938 NEM:  info: Found optional import WinHvPlatform.dll!WHvSetVirtualProcessorInterruptControllerState.
00:00:00.777941 NEM:  info: Found optional import WinHvPlatform.dll!WHvGetVirtualProcessorInterruptControllerState2.
00:00:00.777944 NEM:  info: Found optional import WinHvPlatform.dll!WHvSetVirtualProcessorInterruptControllerState2.
00:00:00.777949 NEM:  info: Found optional import vid.dll!VidGetHvPartitionId.
00:00:00.777952 NEM:  info: Found optional import vid.dll!VidGetPartitionProperty.
00:00:00.778010 NEM: WHvCapabilityCodeHypervisorPresent is TRUE, so this might work...
00:00:00.778015 NEM: WHvCapabilityCodeExtendedVmExits      = 0x00000000000003ff
00:00:00.778019 NEM:                           X64CpuidExit: 1
00:00:00.778023 NEM:                             X64MsrExit: 1
00:00:00.778026 NEM:                          ExceptionExit: 1
00:00:00.778029 NEM:                           X64RdtscExit: 1
00:00:00.778033 NEM:                     X64ApicSmiExitTrap: 1
00:00:00.778036 NEM:                          HypercallExit: 1
00:00:00.778039 NEM:                X64ApicInitSipiExitTrap: 1
00:00:00.778042 NEM:              X64ApicWriteLint0ExitTrap: 1
00:00:00.778045 NEM:              X64ApicWriteLint1ExitTrap: 1
00:00:00.778048 NEM:                X64ApicWriteSvrExitTrap: 1
00:00:00.778051 NEM:                 UnknownSynicConnection: 0
00:00:00.778054 NEM:              RetargetUnknownVpciDevice: 0
00:00:00.778057 NEM:                X64ApicWriteLdrExitTrap: 0
00:00:00.778060 NEM:                X64ApicWriteDfrExitTrap: 0
00:00:00.778063 NEM:                     GpaAccessFaultExit: 0
00:00:00.778066 NEM: WHvCapabilityCodeFeatures             = 0x000000000000007f
00:00:00.778072 NEM:                           PartialUnmap: 1
00:00:00.778075 NEM:                     LocalApicEmulation: 1
00:00:00.778080 NEM:                                  Xsave: 1
00:00:00.778083 NEM:                      DirtyPageTracking: 1
00:00:00.778086 NEM:                     SpeculationControl: 1
00:00:00.778089 NEM:                         ApicRemoteRead: 1
00:00:00.778092 NEM:                            IdleSuspend: 1
00:00:00.778095 NEM:                VirtualPciDeviceSupport: 0
00:00:00.778098 NEM:                           IommuSupport: 0
00:00:00.778101 NEM:                         VpHotAddRemove: 0
00:00:00.778108 NEM: Supported xsave features: 0x381f
00:00:00.778111 NEM:                           XsaveSupport: 1
00:00:00.778114 NEM:                        XsaveoptSupport: 1
00:00:00.778117 NEM:                             AvxSupport: 1
00:00:00.778120 NEM:                            Avx2Support: 1
00:00:00.778123 NEM:                             FmaSupport: 1
00:00:00.778127 NEM:                             MpxSupport: 0
00:00:00.778130 NEM:                          Avx512Support: 0
00:00:00.778133 NEM:                        Avx512DQSupport: 0
00:00:00.778136 NEM:                        Avx512BWSupport: 0
00:00:00.778139 NEM:                        Avx512VLSupport: 0
00:00:00.778142 NEM:                       XsaveCompSupport: 1
00:00:00.778150 NEM:                 XsaveSupervisorSupport: 1
00:00:00.778154 NEM:                            Xcr1Support: 1
00:00:00.778157 NEM:                    Avx512BitalgSupport: 0
00:00:00.778160 NEM:                      Avx512IfmaSupport: 0
00:00:00.778163 NEM:                      Avx512VBmiSupport: 0
00:00:00.778166 NEM:                     Avx512VBmi2Support: 0
00:00:00.778169 NEM:                      Avx512VnniSupport: 0
00:00:00.778172 NEM:                            GfniSupport: 0
00:00:00.778175 NEM:                            VaesSupport: 0
00:00:00.778179 NEM:                 Avx512VPopcntdqSupport: 0
00:00:00.778182 NEM:                      VpclmulqdqSupport: 0
00:00:00.778185 NEM:                      Avx512Bf16Support: 0
00:00:00.778188 NEM:              Avx512Vp2IntersectSupport: 0
00:00:00.778191 NEM:                      Avx512Fp16Support: 0
00:00:00.778194 NEM:                             XfdSupport: 0
00:00:00.778197 NEM:                         AmxTileSupport: 0
00:00:00.778200 NEM:                         AmxBf16Support: 0
00:00:00.778203 NEM:                         AmxInt8Support: 0
00:00:00.778206 NEM:                         AvxVnniSupport: 0
00:00:00.778209 NEM: Supported exception exit bitmap: 0xf7dfb
00:00:00.778215 NEM: WHvCapabilityCodeProcessorVendor      = 0 - AMD
00:00:00.778222 NEM: WHvCapabilityCodeProcessorFeatures    = 0x000006cb66f39fbf
00:00:00.778225 NEM:                            Sse3Support: 1
00:00:00.778229 NEM:                        LahfSahfSupport: 1
00:00:00.778232 NEM:                           Ssse3Support: 1
00:00:00.778235 NEM:                          Sse4_1Support: 1
00:00:00.778240 NEM:                          Sse4_2Support: 1
00:00:00.778243 NEM:                           Sse4aSupport: 1
00:00:00.778249 NEM:                             XopSupport: 0
00:00:00.778253 NEM:                          PopCntSupport: 1
00:00:00.778256 NEM:                      Cmpxchg16bSupport: 1
00:00:00.778259 NEM:                       Altmovcr8Support: 1
00:00:00.778262 NEM:                           LzcntSupport: 1
00:00:00.778265 NEM:                     MisAlignSseSupport: 1
00:00:00.778268 NEM:                          MmxExtSupport: 1
00:00:00.778271 NEM:                        Amd3DNowSupport: 0
00:00:00.778278 NEM:                ExtendedAmd3DNowSupport: 0
00:00:00.778281 NEM:                         Page1GbSupport: 1
00:00:00.778284 NEM:                             AesSupport: 1
00:00:00.778287 NEM:                       PclmulqdqSupport: 1
00:00:00.778290 NEM:                            PcidSupport: 0
00:00:00.778294 NEM:                            Fma4Support: 0
00:00:00.778297 NEM:                            F16CSupport: 1
00:00:00.778300 NEM:                          RdRandSupport: 1
00:00:00.778303 NEM:                        RdWrFsGsSupport: 1
00:00:00.778306 NEM:                            SmepSupport: 1
00:00:00.778309 NEM:              EnhancedFastStringSupport: 0
00:00:00.778312 NEM:                            Bmi1Support: 1
00:00:00.778315 NEM:                            Bmi2Support: 1
00:00:00.778318 NEM:                              Reserved1: 0
00:00:00.778321 NEM:                           MovbeSupport: 1
00:00:00.778325 NEM:                          Npiep1Support: 1
00:00:00.778328 NEM:                   DepX87FPUSaveSupport: 0
00:00:00.778331 NEM:                          RdSeedSupport: 1
00:00:00.778334 NEM:                             AdxSupport: 1
00:00:00.778337 NEM:                   IntelPrefetchSupport: 0
00:00:00.778340 NEM:                            SmapSupport: 1
00:00:00.778343 NEM:                             HleSupport: 0
00:00:00.778346 NEM:                             RtmSupport: 0
00:00:00.778349 NEM:                          RdtscpSupport: 1
00:00:00.778352 NEM:                      ClflushoptSupport: 1
00:00:00.778355 NEM:                            ClwbSupport: 0
00:00:00.778358 NEM:                             ShaSupport: 1
00:00:00.778363 NEM:                X87PointersSavedSupport: 1
00:00:00.778367 NEM:                         InvpcidSupport: 0
00:00:00.778370 NEM:                            IbrsSupport: 0
00:00:00.778373 NEM:                           StibpSupport: 0
00:00:00.778376 NEM:                            IbpbSupport: 0
00:00:00.778379 NEM:                              Reserved2: 0
00:00:00.778382 NEM:                            SsbdSupport: 0
00:00:00.778385 NEM:                 FastShortRepMovSupport: 0
00:00:00.778388 NEM:                              Reserved3: 0
00:00:00.778391 NEM:                                 RdclNo: 0
00:00:00.778394 NEM:                         IbrsAllSupport: 0
00:00:00.778397 NEM:                              Reserved4: 0
00:00:00.778401 NEM:                                  SsbNo: 0
00:00:00.778404 NEM:                                 RsbANo: 0
00:00:00.778407 NEM:                              Reserved5: 0
00:00:00.778410 NEM:                           RdPidSupport: 0
00:00:00.778413 NEM:                            UmipSupport: 0
00:00:00.778416 NEM:                           MdsNoSupport: 0
00:00:00.778419 NEM:                         MdClearSupport: 0
00:00:00.778422 NEM:                           TaaNoSupport: 0
00:00:00.778425 NEM:                         TsxCtrlSupport: 0
00:00:00.778428 NEM:                              Reserved6: 0
00:00:00.778434 NEM: WHvCapabilityCodeProcessorClFlushSize = 2^8
00:00:00.778439 NEM: Warning! Unknown capability 0x4 returning: 3f 00 00 00 00 00 00 00 00 00 00 00 00 00 00 00 00 00 00 00 00 00 00 00
00:00:00.778853 NEM: Warning! Unknown capability 0x1003 returning: 1f 38 00 00 00 00 00 00 00 00 00 00 00 00 00 00 00 00 00 00 00 00 00 00
00:00:00.778868 NEM: Warning! Unknown capability 0x1004 returning: f0 89 82 e2 00 00 00 00 00 00 00 00 00 00 00 00 00 00 00 00 00 00 00 00
00:00:00.778874 NEM: Warning! Unknown capability 0x1005 returning: 00 c2 eb 0b 00 00 00 00 00 00 00 00 00 00 00 00 00 00 00 00 00 00 00 00
00:00:00.778879 NEM: Warning! Unknown capability 0x1006 returning: 02 00 00 00 00 00 00 00 bf 9f f3 66 cb 06 00 00 04 00 00 00 00 00 00 00
00:00:00.779630 NEM: Created partition 000001c8cd543760. APIC emulation mode: VirtualBox
00:00:00.779651 PGM: Enabling NEM mode
00:00:00.779712 NEM:
00:00:00.779713 NEM: NEMR3Init: Snail execution mode is active!
00:00:00.779713 NEM: Note! VirtualBox is not able to run at its full potential in this execution mode.
00:00:00.779713 NEM:       To see VirtualBox run at max speed you need to disable all Windows features
00:00:00.779713 NEM:       making use of Hyper-V.  That is a moving target, so google how and carefully
00:00:00.779713 NEM:       consider the consequences of disabling these features.
00:00:00.779713 NEM:
00:00:00.779735 CPUM: No hardware-virtualization capability detected
00:00:00.779738 CPUM: fXStateHostMask=0x7; host XCR0=0x7
00:00:00.782098 CPUM: Matched host CPU AMD 0x17/0x8/0x2 AMD_Zen_Ryzen with CPU DB entry 'AMD Ryzen 7 1800X Eight-Core' (AMD 0x17/0x1/0x1 AMD_Zen_Ryzen)
00:00:00.793455 CPUM: MXCSR_MASK=0x2ffff (host: 0x2ffff)
00:00:00.793502 CPUM: Microcode revision 0x08008202
00:00:00.793526 CPUM: MSR fudge: 0x00000017 IA32_PLATFORM_ID
00:00:00.793564 CPUM: MSR fudge: 0x000001a0 IA32_MISC_ENABLE
00:00:00.793583 CPUM: MSR fudge: 0x000002ff IA32_MTRR_DEF_TYPE
00:00:00.793600 CPUM: MSR fudge: 0x0000002c P4_EBC_FREQUENCY_ID
00:00:00.793696 CPUM: Set SSBD not required flag for AMD to work around some buggy Linux kernels!
00:00:00.793701 CPUM: Enabled MTRR read-write support
00:00:00.793706 CPUM: Enabled fixed-range MTRRs and 16 (virtualized) variable-range MTRRs
00:00:00.795649 NEM: HvPartitionPropertyProcessorVendor=0x0 (0)
00:00:00.795683 NEM: cbXSaveArea=832
00:00:00.795704 NEM: Default XSAVE area returned by Hyper-V
00:00:00.795706 00000046038fd430/0000: 00 00 00 00 00 00 00 00-00 00 00 00 00 00 00 00 ................
00:00:00.795709 00000046038fd440/0010: 00 00 00 00 00 00 00 00-80 1f 00 00 ff ff 02 00 ................
00:00:00.795711 00000046038fd450/0020: 00 00 00 00 00 00 00 00-00 00 00 00 00 00 00 00 ................
00:00:00.795713 00000046038fd460/0030: 00 00 00 00 00 00 00 00-00 00 00 00 00 00 00 00 ................
00:00:00.795715 00000046038fd470/0040: 00 00 00 00 00 00 00 00-00 00 00 00 00 00 00 00 ................
00:00:00.795716 00000046038fd480/0050: 00 00 00 00 00 00 00 00-00 00 00 00 00 00 00 00 ................
00:00:00.795718 00000046038fd490/0060: 00 00 00 00 00 00 00 00-00 00 00 00 00 00 00 00 ................
00:00:00.795720 00000046038fd4a0/0070: 00 00 00 00 00 00 00 00-00 00 00 00 00 00 00 00 ................
00:00:00.795721 00000046038fd4b0/0080: 00 00 00 00 00 00 00 00-00 00 00 00 00 00 00 00 ................
00:00:00.795723 00000046038fd4c0/0090: 00 00 00 00 00 00 00 00-00 00 00 00 00 00 00 00 ................
00:00:00.795725 00000046038fd4d0/00a0: 00 00 00 00 00 00 00 00-00 00 00 00 00 00 00 00 ................
00:00:00.795726 00000046038fd4e0/00b0: 00 00 00 00 00 00 00 00-00 00 00 00 00 00 00 00 ................
00:00:00.795728 00000046038fd4f0/00c0: 00 00 00 00 00 00 00 00-00 00 00 00 00 00 00 00 ................
00:00:00.795730 00000046038fd500/00d0: 00 00 00 00 00 00 00 00-00 00 00 00 00 00 00 00 ................
00:00:00.795731 00000046038fd510/00e0: 00 00 00 00 00 00 00 00-00 00 00 00 00 00 00 00 ................
00:00:00.795733 00000046038fd520/00f0: 00 00 00 00 00 00 00 00-00 00 00 00 00 00 00 00 ................
00:00:00.795735 00000046038fd530/0100: 00 00 00 00 00 00 00 00-00 00 00 00 00 00 00 00 ................
00:00:00.795736 00000046038fd540/0110: 00 00 00 00 00 00 00 00-00 00 00 00 00 00 00 00 ................
00:00:00.795738 00000046038fd550/0120: 00 00 00 00 00 00 00 00-00 00 00 00 00 00 00 00 ................
00:00:00.795740 00000046038fd560/0130: 00 00 00 00 00 00 00 00-00 00 00 00 00 00 00 00 ................
00:00:00.795741 00000046038fd570/0140: 00 00 00 00 00 00 00 00-00 00 00 00 00 00 00 00 ................
00:00:00.795743 00000046038fd580/0150: 00 00 00 00 00 00 00 00-00 00 00 00 00 00 00 00 ................
00:00:00.795745 00000046038fd590/0160: 00 00 00 00 00 00 00 00-00 00 00 00 00 00 00 00 ................
00:00:00.795746 00000046038fd5a0/0170: 00 00 00 00 00 00 00 00-00 00 00 00 00 00 00 00 ................
00:00:00.795748 00000046038fd5b0/0180: 00 00 00 00 00 00 00 00-00 00 00 00 00 00 00 00 ................
00:00:00.795750 00000046038fd5c0/0190: 00 00 00 00 00 00 00 00-00 00 00 00 00 00 00 00 ................
00:00:00.795751 00000046038fd5d0/01a0: 00 00 00 00 00 00 00 00-00 00 00 00 00 00 00 00 ................
00:00:00.795753 00000046038fd5e0/01b0: 00 00 00 00 00 00 00 00-00 00 00 00 00 00 00 00 ................
00:00:00.795754 00000046038fd5f0/01c0: 00 00 00 00 00 00 00 00-00 00 00 00 00 00 00 00 ................
00:00:00.795756 00000046038fd600/01d0: 00 00 00 00 00 00 00 00-00 00 00 00 00 00 00 00 ................
00:00:00.795758 00000046038fd610/01e0: 00 00 00 00 00 00 00 00-00 00 00 00 00 00 00 00 ................
00:00:00.795759 00000046038fd620/01f0: 00 00 00 00 00 00 00 00-00 00 00 00 00 00 00 00 ................
00:00:00.795761 00000046038fd630/0200: 02 00 00 00 00 00 00 00-07 00 00 00 00 00 00 80 ................
00:00:00.795763 00000046038fd640/0210: 00 00 00 00 00 00 00 00-00 00 00 00 00 00 00 00 ................
00:00:00.795764 00000046038fd650/0220: 00 00 00 00 00 00 00 00-00 00 00 00 00 00 00 00 ................
00:00:00.795766 00000046038fd660/0230: 00 00 00 00 00 00 00 00-00 00 00 00 00 00 00 00 ................
00:00:00.795768 00000046038fd670/0240: 00 00 00 00 00 00 00 00-00 00 00 00 00 00 00 00 ................
00:00:00.795769 00000046038fd680/0250: 00 00 00 00 00 00 00 00-00 00 00 00 00 00 00 00 ................
00:00:00.795771 00000046038fd690/0260: 00 00 00 00 00 00 00 00-00 00 00 00 00 00 00 00 ................
00:00:00.795773 00000046038fd6a0/0270: 00 00 00 00 00 00 00 00-00 00 00 00 00 00 00 00 ................
00:00:00.795774 00000046038fd6b0/0280: 00 00 00 00 00 00 00 00-00 00 00 00 00 00 00 00 ................
00:00:00.795776 00000046038fd6c0/0290: 00 00 00 00 00 00 00 00-00 00 00 00 00 00 00 00 ................
00:00:00.795778 00000046038fd6d0/02a0: 00 00 00 00 00 00 00 00-00 00 00 00 00 00 00 00 ................
00:00:00.795779 00000046038fd6e0/02b0: 00 00 00 00 00 00 00 00-00 00 00 00 00 00 00 00 ................
00:00:00.795781 00000046038fd6f0/02c0: 00 00 00 00 00 00 00 00-00 00 00 00 00 00 00 00 ................
00:00:00.795782 00000046038fd700/02d0: 00 00 00 00 00 00 00 00-00 00 00 00 00 00 00 00 ................
00:00:00.795784 00000046038fd710/02e0: 00 00 00 00 00 00 00 00-00 00 00 00 00 00 00 00 ................
00:00:00.795786 00000046038fd720/02f0: 00 00 00 00 00 00 00 00-00 00 00 00 00 00 00 00 ................
00:00:00.795787 00000046038fd730/0300: 00 00 00 00 00 00 00 00-00 00 00 00 00 00 00 00 ................
00:00:00.795789 00000046038fd740/0310: 00 00 00 00 00 00 00 00-00 00 00 00 00 00 00 00 ................
00:00:00.795791 00000046038fd750/0320: 00 00 00 00 00 00 00 00-00 00 00 00 00 00 00 00 ................
00:00:00.795792 00000046038fd760/0330: 00 00 00 00 00 00 00 00-00 00 00 00 00 00 00 00 ................
00:00:00.795805 NEM: Successfully set up partition (device handle 0000000000000d74, partition ID 0xb2)
00:00:00.795996 PGM: Host paging mode: AMD64+PGE+NX
00:00:00.796006 PGM: PGMPool: cMaxPages=256 (u64MaxPages=64)
00:00:00.796010 PGM: pgmR3PoolInit: cMaxPages=0x100 cMaxUsers=0x200 cMaxPhysExts=0x200 fCacheEnable=true
00:00:00.816063 SUPLib: MEM_LARGE_PAGES works!
00:00:00.816340 TM: GIP - u32Mode=3 (Invariant) u32UpdateHz=93 u32UpdateIntervalNS=10741500 enmUseTscDelta=2 (Practically Zero) fGetGipCpu=0x2b cCpus=16
00:00:00.816340 TM: GIP - u64CpuHz=3 800 205 671 (0xe2828967)  SUPGetCpuHzFromGip => 3 800 205 671
00:00:00.816340 TM: GIP - CPU: iCpuSet=0x0 idCpu=0x0 idApic=0x0 iGipCpu=0x2 i64TSCDelta=0 enmState=3 u64CpuHz=3800199759(*) cErrors=0
00:00:00.816340 TM: GIP - CPU: iCpuSet=0x1 idCpu=0x1 idApic=0x1 iGipCpu=0x1 i64TSCDelta=0 enmState=3 u64CpuHz=3800206701(*) cErrors=0
00:00:00.816340 TM: GIP - CPU: iCpuSet=0x2 idCpu=0x2 idApic=0x2 iGipCpu=0x7 i64TSCDelta=0 enmState=3 u64CpuHz=3800205164(*) cErrors=0
00:00:00.816340 TM: GIP - CPU: iCpuSet=0x3 idCpu=0x3 idApic=0x3 iGipCpu=0x5 i64TSCDelta=0 enmState=3 u64CpuHz=3800205413(*) cErrors=0
00:00:00.816340 TM: GIP - CPU: iCpuSet=0x4 idCpu=0x4 idApic=0x4 iGipCpu=0x0 i64TSCDelta=0 enmState=3 u64CpuHz=3800205671(*) cErrors=0
00:00:00.816340 TM: GIP - CPU: iCpuSet=0x5 idCpu=0x5 idApic=0x5 iGipCpu=0x6 i64TSCDelta=0 enmState=3 u64CpuHz=3800205515(*) cErrors=0
00:00:00.816340 TM: GIP - CPU: iCpuSet=0x6 idCpu=0x6 idApic=0x6 iGipCpu=0x4 i64TSCDelta=0 enmState=3 u64CpuHz=3800205870(*) cErrors=0
00:00:00.816340 TM: GIP - CPU: iCpuSet=0x7 idCpu=0x7 idApic=0x7 iGipCpu=0x3 i64TSCDelta=0 enmState=3 u64CpuHz=3800204823(*) cErrors=0
00:00:00.816340 TM: GIP - CPU: iCpuSet=0x8 idCpu=0x8 idApic=0x8 iGipCpu=0xa i64TSCDelta=0 enmState=3 u64CpuHz=3800205628(*) cErrors=0
00:00:00.816340 TM: GIP - CPU: iCpuSet=0x9 idCpu=0x9 idApic=0x9 iGipCpu=0x8 i64TSCDelta=0 enmState=3 u64CpuHz=3800205576(*) cErrors=0
00:00:00.816340 TM: GIP - CPU: iCpuSet=0xa idCpu=0xa idApic=0xa iGipCpu=0xd i64TSCDelta=0 enmState=3 u64CpuHz=3800205529(*) cErrors=0
00:00:00.816340 TM: GIP - CPU: iCpuSet=0xb idCpu=0xb idApic=0xb iGipCpu=0xe i64TSCDelta=0 enmState=3 u64CpuHz=3800205671(*) cErrors=0
00:00:00.816340 TM: GIP - CPU: iCpuSet=0xc idCpu=0xc idApic=0xc iGipCpu=0x9 i64TSCDelta=0 enmState=3 u64CpuHz=3800205494(*) cErrors=0
00:00:00.816340 TM: GIP - CPU: iCpuSet=0xd idCpu=0xd idApic=0xd iGipCpu=0xc i64TSCDelta=0 enmState=3 u64CpuHz=3800205648(*) cErrors=0
00:00:00.816340 TM: GIP - CPU: iCpuSet=0xe idCpu=0xe idApic=0xe iGipCpu=0xf i64TSCDelta=0 enmState=3 u64CpuHz=3800206701(*) cErrors=0
00:00:00.816340 TM: GIP - CPU: iCpuSet=0xf idCpu=0xf idApic=0xf iGipCpu=0xb i64TSCDelta=0 enmState=3 u64CpuHz=3800205483(*) cErrors=0
00:00:00.816340 TM: NEM overrides the /TM/TSCModeSwitchAllowed setting.
00:00:00.816340 TM:     cTSCTicksPerSecond=3 800 205 671 (0xe2828967) enmTSCMode=4 (NativeApi) TSCMultiplier=1
00:00:00.816340 TM: cTSCTicksPerSecondHost=3 800 205 671 (0xe2828967)
00:00:00.816340 TM: TSCTiedToExecution=false TSCNotTiedToHalt=false
00:00:00.817072 EMR3Init: fIemExecutesAll=false fGuruOnTripleFault=true
00:00:00.817209 IEM: TargetCpu=CURRENT, Microarch=AMD_Zen_Ryzen aidxTargetCpuEflFlavour={2,0}
00:00:00.817627 GIM: Using provider 'None' (Implementation version: 0)
00:00:00.817641 GCM: Initialized - Fixer bits: 0x0
00:00:00.817695 AIOMgr: Default manager type is 'Async'
00:00:00.817699 AIOMgr: Default file backend is 'NonBuffered'
00:00:00.817742 BlkCache: Cache successfully initialized. Cache size is 5242880 bytes
00:00:00.817747 BlkCache: Cache commit interval is 10000 ms
00:00:00.817750 BlkCache: Cache commit threshold is 2621440 bytes
00:00:01.219027 PcBios: [SMP] BIOS with 1 CPUs
00:00:01.219054 PcBios: Using the 386+ BIOS image.
00:00:01.219459 PcBios: fCheckShutdownStatusForSoftReset=true  fClearShutdownStatusOnHardReset=true
00:00:01.219640 PDM: VirtualBox APIC backend registered
00:00:01.219698 CPUM: SetGuestCpuIdFeature: Enabled xAPIC
00:00:01.220097 PIT: mode=3 count=0x10000 (65536) - 18.20 Hz (ch=0)
00:00:01.220273 VMMDev: cbDefaultBudget: 1 073 741 824 (40000000)
00:00:01.236885 Shared Folders service loaded
00:00:01.249349 Guest Control service loaded
00:00:01.267614 VGA: Using the 386+ BIOS image.
00:00:01.269392 DrvVD: Flushes will be ignored
00:00:01.269423 DrvVD: Async flushes will be passed to the disk
00:00:01.269819 VD: VDInit finished with VINF_SUCCESS
00:00:01.269951 VD: Opening the disk took 513398 ns
00:00:01.270002 PIIX3 ATA: LUN#0: disk, PCHS=65/16/63, total number of sectors 65536
00:00:01.270054 PIIX3 ATA: LUN#1: no unit
00:00:01.270116 PIIX3 ATA: LUN#2: no unit
00:00:01.270123 PIIX3 ATA: LUN#3: no unit
00:00:01.270216 PIIX3 ATA: Ctl#0: finished processing RESET
00:00:01.270471 PIIX3 ATA: Ctl#1: finished processing RESET
00:00:01.283974 Audio Mixer: Setting sink 'SB16 Mixer/PCM Output' -- channel volumes: ba ba ba ba ba ba ba ba ba ba ba ba
00:00:01.309899 WasAPI: Input device is: {Default} (iface 000001c8cbfc47d0)
00:00:01.311901 WasAPI: Output device is: {Default} (iface 000001c8cbfc4a50)
00:00:01.317901 Audio: Found 9 devices for driver 'WasAPI'
00:00:01.317915 Audio: Device 'Headphones (High Definition Audio Device)':
00:00:01.317916 Audio:   ID              = {0.0.0.00000000}.{12380492-75b7-42bc-b789-0d1d8d1f4e3b}
00:00:01.317916 Audio:   Usage           = output
00:00:01.317917 Audio:   Flags           = DEFAULT_OUT
00:00:01.317917 Audio:   Input channels  = 0
00:00:01.317918 Audio:   Output channels = 2
00:00:01.317921 Audio: Device 'Headphones (High Definition Audio Device)':
00:00:01.317922 Audio:   ID              = {0.0.0.00000000}.{12380492-75b7-42bc-b789-0d1d8d1f4e3b}
00:00:01.317922 Audio:   Usage           = output
00:00:01.317922 Audio:   Flags           = NONE
00:00:01.317922 Audio:   Input channels  = 0
00:00:01.317923 Audio:   Output channels = 2
00:00:01.317926 Audio: Device 'Digital Audio (S/PDIF) (High Definition Audio Device)':
00:00:01.317926 Audio:   ID              = {0.0.0.00000000}.{2ca71d41-bb09-4c97-9aaf-cabbc6fbe5ab}
00:00:01.317927 Audio:   Usage           = output
00:00:01.317927 Audio:   Flags           = NONE
00:00:01.317927 Audio:   Input channels  = 0
00:00:01.317928 Audio:   Output channels = 2
00:00:01.317931 Audio: Device '100012589 (NVIDIA High Definition Audio)':
00:00:01.317931 Audio:   ID              = {0.0.0.00000000}.{3f36c4ff-500a-4cd3-9a35-77b5981f1155}
00:00:01.317931 Audio:   Usage           = output
00:00:01.317931 Audio:   Flags           = NONE
00:00:01.317932 Audio:   Input channels  = 0
00:00:01.317932 Audio:   Output channels = 2
00:00:01.317935 Audio: Device 'Speakers (2- USB Audio CODEC )':
00:00:01.317935 Audio:   ID              = {0.0.0.00000000}.{566bb4ca-cb36-4deb-843b-246f6c5c5982}
00:00:01.317935 Audio:   Usage           = output
00:00:01.317936 Audio:   Flags           = NONE
00:00:01.317936 Audio:   Input channels  = 0
00:00:01.317936 Audio:   Output channels = 2
00:00:01.317944 Audio: Device '100012589 (NVIDIA High Definition Audio)':
00:00:01.317944 Audio:   ID              = {0.0.0.00000000}.{fdb7b4cc-b13a-4c66-ac46-5302e0b66d2f}
00:00:01.317945 Audio:   Usage           = output
00:00:01.317945 Audio:   Flags           = NONE
00:00:01.317945 Audio:   Input channels  = 0
00:00:01.317945 Audio:   Output channels = 2
00:00:01.317951 Audio: Device 'Microphone (NexiGo HD Webcam Audio)':
00:00:01.317951 Audio:   ID              = {0.0.1.00000000}.{8830d0fa-5126-4de0-babf-090349e9c6f6}
00:00:01.317951 Audio:   Usage           = input
00:00:01.317952 Audio:   Flags           = DEFAULT_IN
00:00:01.317952 Audio:   Input channels  = 2
00:00:01.317952 Audio:   Output channels = 0
00:00:01.317955 Audio: Device 'Microphone (2- USB Audio CODEC )':
00:00:01.317955 Audio:   ID              = {0.0.1.00000000}.{2cdb81b1-e1eb-4201-a0a4-fc6057072946}
00:00:01.317956 Audio:   Usage           = input
00:00:01.317956 Audio:   Flags           = NONE
00:00:01.317956 Audio:   Input channels  = 1
00:00:01.317956 Audio:   Output channels = 0
00:00:01.317959 Audio: Device 'Microphone (NexiGo HD Webcam Audio)':
00:00:01.317960 Audio:   ID              = {0.0.1.00000000}.{8830d0fa-5126-4de0-babf-090349e9c6f6}
00:00:01.317960 Audio:   Usage           = input
00:00:01.317960 Audio:   Flags           = NONE
00:00:01.317960 Audio:   Input channels  = 2
00:00:01.317961 Audio:   Output channels = 0
00:00:01.318239 PGM: The CPU physical address width is 48 bits
00:00:01.318247 PGM: PGMR3InitFinalize: 4 MB PSE mask 0000ffffffffffff -> VINF_SUCCESS
00:00:01.318255 TM: TMR3InitFinalize: fTSCModeSwitchAllowed=false
00:00:01.318522 CPUM: Mapped 1.0MiB (1048576 bytes) of RAM using fixed-range MTRRs
00:00:01.318530 CPUM: Mapped 64.0MiB (67108864 bytes) of RAM using 1 variable-range MTRRs
00:00:01.318740 VMM: Thread-context hooks unavailable
00:00:01.318746 VMM: RTThreadPreemptIsPending() can be trusted
00:00:01.318749 VMM: Kernel preemption is possible
00:00:01.318760 EM: Exit history optimizations: enabled=true enabled-r0=true enabled-r0-no-preemption=false
00:00:01.320054 PcBios: ATA LUN#0 LCHS=65/16/63
00:00:01.320081 APIC: fPostedIntrsEnabled=false fVirtApicRegsEnabled=false fSupportsTscDeadline=false
00:00:01.320089 TMR3UtcNow: nsNow=1 776 978 200 212 978 200 nsPrev=0 -> cNsDelta=1 776 978 200 212 978 200 (offLag=0 offVirtualSync=0 offVirtualSyncGivenUp=0, NowAgain=1 776 978 200 212 978 200)
00:00:01.320197 VMM: fUsePeriodicPreemptionTimers=true
00:00:01.320205 CPUM: Logical host processors: 16 present, 16 max, 16 online, online mask: 000000000000ffff
00:00:01.320206 CPUM: Physical host cores: 8
00:00:01.320207 ************************ CPUID dump *************************
00:00:01.322532          Raw Standard CPUID Leaves
00:00:01.322532      Leaf/sub-leaf  eax      ebx      ecx      edx
00:00:01.322534 Gst: 00000000/0000  0000000d 68747541 444d4163 69746e65
00:00:01.322535 Hst:                0000000d 68747541 444d4163 69746e65
00:00:01.322536 Gst: 00000001/0000  00800f82 00010800 76d83203 178bfbbf
00:00:01.322537 Hst:                00800f82 0c100800 fed83203 178bfbff
00:00:01.322538 Gst: 00000002/0000  00000000 00000000 00000000 00000000
00:00:01.322538 Hst:                00000000 00000000 00000000 00000000
00:00:01.322539 Gst: 00000003/0000  00000000 00000000 00000000 00000000
00:00:01.322539 Hst:                00000000 00000000 00000000 00000000
00:00:01.322540 Gst: 00000004/0000  00000000 00000000 00000000 00000000
00:00:01.322540 Hst:                00000000 00000000 00000000 00000000
00:00:01.322541 Gst: 00000005/0000  00000000 00000000 00000000 00000000
00:00:01.322542 Hst:                00000000 00000000 00000000 00000000
00:00:01.322542 Gst: 00000006/0000  00000004 00000000 00000000 00000000
00:00:01.322543 Hst:                00000000 00000000 00000001 00000000
00:00:01.322543 Gst: 00000007/0000  00000000 208c0129 00000000 00000000
00:00:01.322544 Hst:                00000000 209c01a9 00000000 00000000
00:00:01.322544 Gst: 00000007/0001  00000000 00000000 00000000 00000000
00:00:01.322545 Hst:                00000000 00000000 00000000 00000000
00:00:01.322545 Gst: 00000007/0002  00000000 00000000 00000000 00000000
00:00:01.322546 Hst:                00000000 00000000 00000000 00000000
00:00:01.322547 Gst: 00000008/0000  00000000 00000000 00000000 00000000
00:00:01.322547 Hst:                00000000 00000000 00000000 00000000
00:00:01.322548 Gst: 00000009/0000  00000000 00000000 00000000 00000000
00:00:01.322548 Hst:                00000000 00000000 00000000 00000000
00:00:01.322549 Gst: 0000000a/0000  00000000 00000000 00000000 00000000
00:00:01.322549 Hst:                00000000 00000000 00000000 00000000
00:00:01.322550 Gst: 0000000b/0000  00000000 00000000 00000000 00000000
00:00:01.322550 Hst:                00000000 00000000 00000000 00000000
00:00:01.322551 Gst: 0000000c/0000  00000000 00000000 00000000 00000000
00:00:01.322551 Hst:                00000000 00000000 00000000 00000000
00:00:01.322552 Gst: 0000000d/0000  00000007 00000340 00000340 00000000
00:00:01.322553 Hst:                00000007 00000340 00000340 00000000
00:00:01.322553 Gst: 0000000d/0001  00000000 00000340 00000000 00000000
00:00:01.322554 Hst:                0000000f 00000340 00000000 00000000
00:00:01.322554 Gst: 0000000d/0002  00000100 00000240 00000000 00000000
00:00:01.322555 Hst:                00000100 00000240 00000000 00000000
00:00:01.322555 Gst: 0000000d/0003  00000000 00000000 00000000 00000000
00:00:01.322556 Hst:                00000000 00000000 00000000 00000000
00:00:01.322557                                Name: AuthenticAMD
00:00:01.322557                            Supports: 0x00000000-0x0000000d
00:00:01.322559                              Family: 15 	Extended: 8 	Effective: 23
00:00:01.322560                               Model:  8 	Extended: 0 	Effective: 8
00:00:01.322561                            Stepping: 2
00:00:01.322561                                Type: 0 (primary)
00:00:01.322562                             APIC ID: 0x00
00:00:01.322563                        Logical CPUs: 1
00:00:01.322563                        CLFLUSH Size: 8
00:00:01.322564                            Brand ID: 0x00
00:00:01.322565 Features
00:00:01.322565   Mnemonic - Description                                  = Guest (Host)
00:00:01.322566   FPU - x87 FPU on Chip                                   = 1 (1)
00:00:01.322568   VME - Virtual 8086 Mode Enhancements                    = 1 (1)
00:00:01.322568   DE - Debugging extensions                               = 1 (1)
00:00:01.322569   PSE - Page Size Extension                               = 1 (1)
00:00:01.322570   TSC - Time Stamp Counter                                = 1 (1)
00:00:01.322573   MSR - Model Specific Registers                          = 1 (1)
00:00:01.322574   PAE - Physical Address Extension                        = 0 (1)
00:00:01.322574   MCE - Machine Check Exception                           = 1 (1)
00:00:01.322575   CX8 - CMPXCHG8B instruction                             = 1 (1)
00:00:01.322576   APIC - APIC On-Chip                                     = 1 (1)
00:00:01.322577   SEP - SYSENTER and SYSEXIT Present                      = 1 (1)
00:00:01.322578   MTRR - Memory Type Range Registers                      = 1 (1)
00:00:01.322578   PGE - PTE Global Bit                                    = 1 (1)
00:00:01.322579   MCA - Machine Check Architecture                        = 1 (1)
00:00:01.322580   CMOV - Conditional Move instructions                    = 1 (1)
00:00:01.322581   PAT - Page Attribute Table                              = 1 (1)
00:00:01.322581   PSE-36 - 36-bit Page Size Extension                     = 1 (1)
00:00:01.322582   PSN - Processor Serial Number                           = 0 (0)
00:00:01.322583   CLFSH - CLFLUSH instruction                             = 1 (1)
00:00:01.322584   DS - Debug Store                                        = 0 (0)
00:00:01.322585   ACPI - Thermal Mon. & Soft. Clock Ctrl.                 = 0 (0)
00:00:01.322586   MMX - Intel MMX Technology                              = 1 (1)
00:00:01.322586   FXSR - FXSAVE and FXRSTOR instructions                  = 1 (1)
00:00:01.322587   SSE - SSE support                                       = 1 (1)
00:00:01.322588   SSE2 - SSE2 support                                     = 1 (1)
00:00:01.322589   SS - Self Snoop                                         = 0 (0)
00:00:01.322590   HTT - Hyper-Threading Technology                        = 1 (1)
00:00:01.322590   TM - Therm. Monitor                                     = 0 (0)
00:00:01.322591   PBE - Pending Break Enabled                             = 0 (0)
00:00:01.322592   SSE3 - SSE3 support                                     = 1 (1)
00:00:01.322593   PCLMUL - PCLMULQDQ support (for AES-GCM)                = 1 (1)
00:00:01.322594   DTES64 - DS Area 64-bit Layout                          = 0 (0)
00:00:01.322595   MONITOR - MONITOR/MWAIT instructions                    = 0 (0)
00:00:01.322595   CPL-DS - CPL Qualified Debug Store                      = 0 (0)
00:00:01.322596   VMX - Virtual Machine Extensions                        = 0 (0)
00:00:01.322597   SMX - Safer Mode Extensions                             = 0 (0)
00:00:01.322598   EST - Enhanced SpeedStep Technology                     = 0 (0)
00:00:01.322598   TM2 - Terminal Monitor 2                                = 0 (0)
00:00:01.322599   SSSE3 - Supplemental Streaming SIMD Extensions 3        = 1 (1)
00:00:01.322600   CNTX-ID - L1 Context ID                                 = 0 (0)
00:00:01.322601   SDBG - Silicon Debug interface                          = 0 (0)
00:00:01.322601   FMA - Fused Multiply Add extensions                     = 1 (1)
00:00:01.322602   CX16 - CMPXCHG16B instruction                           = 1 (1)
00:00:01.322603   TPRUPDATE - xTPR Update Control                         = 0 (0)
00:00:01.322604   PDCM - Perf/Debug Capability MSR                        = 0 (0)
00:00:01.322604   PCID - Process Context Identifiers                      = 0 (0)
00:00:01.322605   DCA - Direct Cache Access                               = 0 (0)
00:00:01.322606   SSE4_1 - SSE4_1 support                                 = 1 (1)
00:00:01.322607   SSE4_2 - SSE4_2 support                                 = 1 (1)
00:00:01.322608   X2APIC - x2APIC support                                 = 0 (0)
00:00:01.322608   MOVBE - MOVBE instruction                               = 1 (1)
00:00:01.322609   POPCNT - POPCNT instruction                             = 1 (1)
00:00:01.322610   TSCDEADL - Time Stamp Counter Deadline                  = 0 (0)
00:00:01.322611   AES - AES instructions                                  = 1 (1)
00:00:01.322612   XSAVE - XSAVE instruction                               = 1 (1)
00:00:01.322612   OSXSAVE - OSXSAVE instruction                           = 0 (1)
00:00:01.322613   AVX - AVX support                                       = 1 (1)
00:00:01.322614   F16C - 16-bit floating point conversion instructions    = 1 (1)
00:00:01.322615   RDRAND - RDRAND instruction                             = 1 (1)
00:00:01.322615   HVP - Hypervisor Present (we're a guest)                = 0 (1)
00:00:01.322616 Structured Extended Feature Flags Enumeration (leaf 7):
00:00:01.322617 Sub-leaf 0
00:00:01.322617   Mnemonic - Description                                  = Guest (Host)
00:00:01.322618   FSGSBASE - RDFSBASE/RDGSBASE/WRFSBASE/WRGSBASE instr.   = 1 (1)
00:00:01.322618   TSCADJUST - Supports MSR_IA32_TSC_ADJUST                = 0 (0)
00:00:01.322619   SGX - Supports Software Guard Extensions                = 0 (0)
00:00:01.322620   BMI1 - Advanced Bit Manipulation extension 1            = 1 (1)
00:00:01.322620   HLE - Hardware Lock Elision                             = 0 (0)
00:00:01.322621   AVX2 - Advanced Vector Extensions 2                     = 1 (1)
00:00:01.322623   FDP_EXCPTN_ONLY - FPU DP only updated on exceptions     = 0 (0)
00:00:01.322624   SMEP - Supervisor Mode Execution Prevention             = 0 (1)
00:00:01.322624   BMI2 - Advanced Bit Manipulation extension 2            = 1 (1)
00:00:01.322625   ERMS - Enhanced REP MOVSB/STOSB instructions            = 0 (0)
00:00:01.322626   INVPCID - INVPCID instruction                           = 0 (0)
00:00:01.322626   RTM - Restricted Transactional Memory                   = 0 (0)
00:00:01.322627   PQM - Platform Quality of Service Monitoring            = 0 (0)
00:00:01.322628   DEPFPU_CS_DS - Deprecates FPU CS, FPU DS values if set  = 0 (0)
00:00:01.322628   MPE - Intel Memory Protection Extensions                = 0 (0)
00:00:01.322629   PQE - Platform Quality of Service Enforcement           = 0 (0)
00:00:01.322630   AVX512F - AVX512 Foundation instructions                = 0 (0)
00:00:01.322630   AVX512DQ - Supports the AVX512DQ instructions           = 0 (0)
00:00:01.322631   RDSEED - RDSEED instruction                             = 1 (1)
00:00:01.322632   ADX - ADCX/ADOX instructions                            = 1 (1)
00:00:01.322633   SMAP - Supervisor Mode Access Prevention                = 0 (1)
00:00:01.322634   AVX512_IFMA - Supports the AVX512_IFMA instructions     = 0 (0)
00:00:01.322634   CLFLUSHOPT - CLFLUSHOPT (Cache Line Flush) instruction  = 1 (1)
00:00:01.322635   CLWB - CLWB instruction                                 = 0 (0)
00:00:01.322636   INTEL_PT - Intel Processor Trace                        = 0 (0)
00:00:01.322636   AVX512PF - AVX512 Prefetch instructions                 = 0 (0)
00:00:01.322637   AVX512ER - AVX512 Exponential & Reciprocal instructions = 0 (0)
00:00:01.322638   AVX512CD - AVX512 Conflict Detection instructions       = 0 (0)
00:00:01.322638   SHA - Secure Hash Algorithm extensions                  = 1 (1)
00:00:01.322639   AVX512BW - Supports the AVX512BW instructions           = 0 (0)
00:00:01.322640   AVX512VL - Supports the AVX512VL instructions           = 0 (0)
00:00:01.322640   PREFETCHWT1 - PREFETCHWT1 instruction                   = 0 (0)
00:00:01.322641   AVX512_VBMI - Supports the AVX512_VBMI instructions     = 0 (0)
00:00:01.322642   UMIP - User mode insturction prevention                 = 0 (0)
00:00:01.322642   PKU - Protection Key for Usermode pages                 = 0 (0)
00:00:01.322643   OSPKE - CR4.PKU mirror                                  = 0 (0)
00:00:01.322644   WAITPKG - TPAUSE, UMONITOR & UMWAIT support             = 0 (0)
00:00:01.322644   AVX512_VBMI2 - Supports the AVX512_VBMI2 instructions   = 0 (0)
00:00:01.322645   CET_SS - CET shadow stack support                       = 0 (0)
00:00:01.322646   GFNI - Supports the GFNI instruction set                = 0 (0)
00:00:01.322646   VAES - Supports the VEX encoded AES instruction set     = 0 (0)
00:00:01.322647   VPCLMULQDQ - Supports the VPCLMULQDQ instruction        = 0 (0)
00:00:01.322648   AVX512_VNNI - Supports the AVX512_VNNI instructions     = 0 (0)
00:00:01.322648   AVX512_BITALG - Supports the AVX512_BITALG instructions = 0 (0)
00:00:01.322649   TME_EN - Supports 4 IA32_TME_ MSRs                      = 0 (0)
00:00:01.322650   AVX512_VPOPCNTDQ - Supports the AVX512_VPOPCNTDQ instructions = 0 (0)
00:00:01.322650   LA57 - 57-bit linear addresses                          = 0 (0)
00:00:01.322651   MAWAU - Value used by BNDLDX & BNDSTX                   = 0x0 (0x0)
00:00:01.322652   RDPID - Read processor ID support                       = 0 (0)
00:00:01.322652   KEY_LOCKER - Supports Key Locker                        = 0 (0)
00:00:01.322653   BUS_LOCK_DETECT - Supports OS bus-lock detection        = 0 (0)
00:00:01.322654   CLDEMOTE - Supports cache line demote                   = 0 (0)
00:00:01.322655   MOVDIRI - Supports the MOVDIRI instruction              = 0 (0)
00:00:01.322655   MOVDIRI64B - Supports the MOVDIRI64B instruction        = 0 (0)
00:00:01.322656   ENQCMD - Supports the Eqnqueue Stores                   = 0 (0)
00:00:01.322657   SGX_LC - Supports SGX Launch Configuration              = 0 (0)
00:00:01.322657   PKS - Supports protection keys for supervisor pages     = 0 (0)
00:00:01.322658  Sub-leaf 2
00:00:01.322658   Mnemonic - Description                                  = Guest (Host)
00:00:01.322660   PSFD - Supports IA32_SPEC_CTRL[7] (PSFD)                = 0 (0)
00:00:01.322661   IPRED_CTRL - Supports IA32_SPEC_CTRL[4:3] (IPRED_DIS)   = 0 (0)
00:00:01.322662   RRSBA_CTRL - Supports IA32_SPEC_CTRL[6:5] (RRSBA_DIS)   = 0 (0)
00:00:01.322662   DDPD_U - Supports IA32_SPEC_CTRL[8] (DDPD_U)            = 0 (0)
00:00:01.322663   BHI_CTRL - Supports IA32_SPEC_CTRL[10] (BHI_DIS_S)      = 0 (0)
00:00:01.322663   MCDT_NO - No MXCSR Config Dependent Timing issues       = 0 (0)
00:00:01.322664   UC_LOCK_DIS - Supports UC-lock disable and causing #AC  = 0 (0)
00:00:01.322665   MONITOR_MITG_NO - No MONITOR/UMONITOR power issues      = 0 (0)
00:00:01.322665 Processor Extended State Enumeration (leaf 0xd):
00:00:01.322666    XSAVE area cur/max size by XCR0, Guest: 0x340/0x340
00:00:01.322666    XSAVE area cur/max size by XCR0,  Host: 0x340/0x340
00:00:01.322667                    Valid XCR0 bits, Guest: 0x00000000`00000007 ( x87 SSE YMM_Hi128 )
00:00:01.322669                    Valid XCR0 bits,  Host: 0x00000000`00000007 ( x87 SSE YMM_Hi128 )
00:00:01.322670                     XSAVE features, Guest
00:00:01.322671                     XSAVE features,  Host XSAVEOPT XSAVEC XGETBC1 XSAVES
00:00:01.322672       XSAVE area cur size XCR0|XSS, Guest: 0x340
00:00:01.322673       XSAVE area cur size XCR0|XSS,  Host: 0x340
00:00:01.322673                Valid IA32_XSS bits, Guest: 0x00000000`00000000
00:00:01.322674                Valid IA32_XSS bits,  Host: 0x00000000`00000000
00:00:01.322675   State #2, Guest: off=0x0240, cb=0x0100 IA32_XSS-bit -- YMM_Hi128
00:00:01.322676   State #2,  Host:  off=0x0240, cb=0x0100 IA32_XSS-bit -- YMM_Hi128
00:00:01.322681          Raw Hypervisor CPUID Leaves
00:00:01.322681      Leaf/sub-leaf  eax      ebx      ecx      edx
00:00:01.322682 Hst: 40000000/0000  4000000c 7263694d 666f736f 76482074
00:00:01.322683 Hst: 40000001/0000  31237648 00000000 00000000 00000000
00:00:01.322683 Hst: 40000002/0000  00004a61 000a0000 00000007 00001c0d
00:00:01.322684 Hst: 40000003/0000  0000bfff 002bb9ff 00000002 11fffbf2
00:00:01.322685 Hst: 40000004/0000  00042d1c 00000000 00000000 00000000
00:00:01.322686 Hst: 40000005/0000  00000400 00000400 00000c90 00000000
00:00:01.322686 Hst: 40000006/0000  000200ae 00000000 00000000 00000000
00:00:01.322687 Hst: 40000007/0000  80000007 00000003 00000000 00000000
00:00:01.322688 Hst: 40000008/0000  00100001 00000001 0000cccc 00000000
00:00:01.322688 Hst: 40000009/0000  00000000 00000000 00000000 00000000
00:00:01.322689 Hst: 4000000a/0000  00000000 00000000 00000000 00000000
00:00:01.322690 Hst: 4000000b/0000  00000000 00000000 00000000 00000000
00:00:01.322690 Hst: 4000000c/0000  00000000 00000000 00000000 00000000
00:00:01.322691          Raw Extended CPUID Leaves
00:00:01.322691      Leaf/sub-leaf  eax      ebx      ecx      edx
00:00:01.322692 Gst: 80000000/0000  8000001f 68747541 444d4163 69746e65
00:00:01.322692 Hst:                8000001f 68747541 444d4163 69746e65
00:00:01.322693 Gst: 80000001/0000  00800f82 20000000 000001f1 0bc3fb3f
00:00:01.322694 Hst:                00800f82 20000000 004023f3 2fd3fbff
00:00:01.322695 Gst: 80000002/0000  20444d41 657a7952 2037206e 30303732
00:00:01.322695 Hst:                20444d41 657a7952 2037206e 30303732
00:00:01.322696 Gst: 80000003/0000  69452058 2d746867 65726f43 6f725020
00:00:01.322697 Hst:                69452058 2d746867 65726f43 6f725020
00:00:01.322698 Gst: 80000004/0000  73736563 2020726f 20202020 00202020
00:00:01.322699 Hst:                73736563 2020726f 20202020 00202020
00:00:01.322699 Gst: 80000005/0000  ff40ff40 ff40ff40 20080140 40040140
00:00:01.322700 Hst:                ff40ff40 ff40ff40 20080140 40040140
00:00:01.322701 Gst: 80000006/0000  26006400 66006400 02006140 00808140
00:00:01.322702 Hst:                26006400 66006400 02006140 00808140
00:00:01.322702 Gst: 80000007/0000  00000000 00000000 00000000 00000100
00:00:01.322703 Hst:                00000000 0000001b 00000000 00004789
00:00:01.322704 Gst: 80000008/0000  00003030 04000000 00000000 00000000
00:00:01.322704 Hst:                00003030 02000005 0000400f 00000000
00:00:01.322705 Gst: 80000009/0000  00000000 00000000 00000000 00000000
00:00:01.322706 Hst:                00000000 00000000 00000000 00000000
00:00:01.322706 Gst: 8000000a/0000  00000000 00000000 00000000 00000000
00:00:01.322707 Hst:                00000000 00000000 00000000 00000000
00:00:01.322707 Gst: 8000000b/0000  00000000 00000000 00000000 00000000
00:00:01.322708 Hst:                00000000 00000000 00000000 00000000
00:00:01.322708 Gst: 8000000c/0000  00000000 00000000 00000000 00000000
00:00:01.322709 Hst:                00000000 00000000 00000000 00000000
00:00:01.322710 Gst: 8000000d/0000  00000000 00000000 00000000 00000000
00:00:01.322710 Hst:                00000000 00000000 00000000 00000000
00:00:01.322711 Gst: 8000000e/0000  00000000 00000000 00000000 00000000
00:00:01.322711 Hst:                00000000 00000000 00000000 00000000
00:00:01.322712 Gst: 8000000f/0000  00000000 00000000 00000000 00000000
00:00:01.322712 Hst:                00000000 00000000 00000000 00000000
00:00:01.322713 Gst: 80000010/0000  00000000 00000000 00000000 00000000
00:00:01.322714 Hst:                00000000 00000000 00000000 00000000
00:00:01.322714 Gst: 80000011/0000  00000000 00000000 00000000 00000000
00:00:01.322715 Hst:                00000000 00000000 00000000 00000000
00:00:01.322715 Gst: 80000012/0000  00000000 00000000 00000000 00000000
00:00:01.322716 Hst:                00000000 00000000 00000000 00000000
00:00:01.322716 Gst: 80000013/0000  00000000 00000000 00000000 00000000
00:00:01.322717 Hst:                00000000 00000000 00000000 00000000
00:00:01.322717 Gst: 80000014/0000  00000000 00000000 00000000 00000000
00:00:01.322718 Hst:                00000000 00000000 00000000 00000000
00:00:01.322719 Gst: 80000015/0000  00000000 00000000 00000000 00000000
00:00:01.322719 Hst:                00000000 00000000 00000000 00000000
00:00:01.322720 Gst: 80000016/0000  00000000 00000000 00000000 00000000
00:00:01.322720 Hst:                00000000 00000000 00000000 00000000
00:00:01.322721 Gst: 80000017/0000  00000000 00000000 00000000 00000000
00:00:01.322721 Hst:                00000000 00000000 00000000 00000000
00:00:01.322722 Gst: 80000018/0000  00000000 00000000 00000000 00000000
00:00:01.322723 Hst:                00000000 00000000 00000000 00000000
00:00:01.322723 Gst: 80000019/0000  00000000 00000000 00000000 00000000
00:00:01.322724 Hst:                00000000 00000000 00000000 00000000
00:00:01.322724 Gst: 8000001a/0000  00000003 00000000 00000000 00000000
00:00:01.322725 Hst:                00000003 00000000 00000000 00000000
00:00:01.322725 Gst: 8000001b/0000  00000000 00000000 00000000 00000000
00:00:01.322726 Hst:                00000000 00000000 00000000 00000000
00:00:01.322727 Gst: 8000001c/0000  00000000 00000000 00000000 00000000
00:00:01.322727 Hst:                00000000 00000000 00000000 00000000
00:00:01.322728 Gst: 8000001d/0000  00000121 01c0003f 0000003f 00000000
00:00:01.322728 Hst:                00004121 01c0003f 0000003f 00000000
00:00:01.322729 Gst: 8000001d/0001  00000122 00c0003f 000000ff 00000000
00:00:01.322730 Hst:                00004122 00c0003f 000000ff 00000000
00:00:01.322730 Gst: 8000001d/0002  00000143 01c0003f 000003ff 00000002
00:00:01.322731 Hst:                00004143 01c0003f 000003ff 00000002
00:00:01.322732 Gst: 8000001d/0003  00000163 03c0003f 00001fff 00000001
00:00:01.322732 Hst:                0001c163 03c0003f 00001fff 00000001
00:00:01.322733 Gst: 8000001d/0004  00000000 00000000 00000000 00000000
00:00:01.322734 Hst:                00000000 00000000 00000000 00000000
00:00:01.322734 Gst: 8000001e/0000  00000000 00000000 00000000 00000000
00:00:01.322735 Hst:                0000000c 00000106 00000000 00000000
00:00:01.322735 Gst: 8000001f/0000  00000000 00000000 00000000 00000000
00:00:01.322736 Hst:                00000000 00000000 00000000 00000000
00:00:01.322737 Ext Name:                        AuthenticAMD
00:00:01.322737 Ext Supports:                    0x80000000-0x8000001f
00:00:01.322738 Family:                          15  	Extended: 8 	Effective: 23
00:00:01.322738 Model:                           8  	Extended: 0 	Effective: 8
00:00:01.322739 Stepping:                        2
00:00:01.322739 Brand ID:                        0x000
00:00:01.322739 Ext Features
00:00:01.322739   Mnemonic - Description                                  = Guest (Host)
00:00:01.322741   FPU - x87 FPU on Chip                                   = 1 (1)
00:00:01.322741   VME - Virtual 8086 Mode Enhancements                    = 1 (1)
00:00:01.322742   DE - Debugging extensions                               = 1 (1)
00:00:01.322743   PSE - Page Size Extension                               = 1 (1)
00:00:01.322744   TSC - Time Stamp Counter                                = 1 (1)
00:00:01.322745   MSR - K86 Model Specific Registers                      = 1 (1)
00:00:01.322745   PAE - Physical Address Extension                        = 0 (1)
00:00:01.322746   MCE - Machine Check Exception                           = 0 (1)
00:00:01.322747   CX8 - CMPXCHG8B instruction                             = 1 (1)
00:00:01.322748   APIC - APIC On-Chip                                     = 1 (1)
00:00:01.322749   SEP - SYSCALL/SYSRET                                    = 1 (1)
00:00:01.322749   MTRR - Memory Type Range Registers                      = 1 (1)
00:00:01.322750   PGE - PTE Global Bit                                    = 1 (1)
00:00:01.322751   MCA - Machine Check Architecture                        = 1 (1)
00:00:01.322752   CMOV - Conditional Move instructions                    = 1 (1)
00:00:01.322752   PAT - Page Attribute Table                              = 1 (1)
00:00:01.322753   PSE-36 - 36-bit Page Size Extension                     = 1 (1)
00:00:01.322754   NX - No-Execute/Execute-Disable                         = 0 (1)
00:00:01.322755   AXMMX - AMD Extensions to MMX instructions              = 1 (1)
00:00:01.322755   MMX - Intel MMX Technology                              = 1 (1)
00:00:01.322756   FXSR - FXSAVE and FXRSTOR Instructions                  = 1 (1)
00:00:01.322757   FFXSR - AMD fast FXSAVE and FXRSTOR instructions        = 1 (1)
00:00:01.322758   Page1GB - 1 GB large page                               = 0 (1)
00:00:01.322758   RDTSCP - RDTSCP instruction                             = 1 (1)
00:00:01.322759   LM - AMD64 Long Mode                                    = 0 (1)
00:00:01.322761   3DNOWEXT - AMD Extensions to 3DNow                      = 0 (0)
00:00:01.322762   3DNOW - AMD 3DNow                                       = 0 (0)
00:00:01.322763   LahfSahf - LAHF/SAHF support in 64-bit mode             = 1 (1)
00:00:01.322764   CmpLegacy - Core multi-processing legacy mode           = 0 (1)
00:00:01.322765   SVM - AMD Secure Virtual Machine extensions             = 0 (0)
00:00:01.322765   EXTAPIC - AMD Extended APIC registers                   = 0 (0)
00:00:01.322766   CR8L - AMD LOCK MOV CR0 means MOV CR8                   = 1 (1)
00:00:01.322767   ABM - AMD Advanced Bit Manipulation                     = 1 (1)
00:00:01.322767   SSE4A - SSE4A instructions                              = 1 (1)
00:00:01.322768   MISALIGNSSE - AMD Misaligned SSE mode                   = 1 (1)
00:00:01.322769   3DNOWPRF - AMD PREFETCH and PREFETCHW instructions      = 1 (1)
00:00:01.322769   OSVW - AMD OS Visible Workaround                        = 0 (1)
00:00:01.322770   IBS - Instruct Based Sampling                           = 0 (0)
00:00:01.322771   XOP - Extended Operation support                        = 0 (0)
00:00:01.322772   SKINIT - SKINIT, STGI, and DEV support                  = 0 (0)
00:00:01.322772   WDT - AMD Watchdog Timer support                        = 0 (1)
00:00:01.322773   LWP - Lightweight Profiling support                     = 0 (0)
00:00:01.322774   FMA4 - Four operand FMA instruction support             = 0 (0)
00:00:01.322775   TCE - Translation Cache Extension support               = 0 (0)
00:00:01.322775   NodeId - NodeId in MSR C001_100C                        = 0 (0)
00:00:01.322776   TBM - Trailing Bit Manipulation instructions            = 0 (0)
00:00:01.322777   TOPOEXT - Topology Extensions                           = 0 (1)
00:00:01.322777   PRFEXTCORE - Performance Counter Extensions support     = 0 (0)
00:00:01.322778   PRFEXTNB - NB Performance Counter Extensions support    = 0 (0)
00:00:01.322779   DATABPEXT - Data-access Breakpoint Extension            = 0 (0)
00:00:01.322779   PERFTSC - Performance Time Stamp Counter                = 0 (0)
00:00:01.322780   PCX_L2I - L2I/L3 Performance Counter Extensions         = 0 (0)
00:00:01.322781   MONITORX - MWAITX and MONITORX instructions             = 0 (0)
00:00:01.322781   AddrMaskExt - BP Addressing masking extended to bit 31  = 0 (0)
00:00:01.322782 Full Name:                       "AMD Ryzen 7 2700X Eight-Core Processor         "
00:00:01.322782 TLB 2/4M Instr/Uni:              fully  64 entries
00:00:01.322783 TLB 2/4M Data:                   fully  64 entries
00:00:01.322783 TLB 4K Instr/Uni:                fully  64 entries
00:00:01.322784 TLB 4K Data:                     fully  64 entries
00:00:01.322785 L1 Instr Cache Line Size:        64 bytes
00:00:01.322785 L1 Instr Cache Lines Per Tag:    1
00:00:01.322785 L1 Instr Cache Associativity:    4 way
00:00:01.322786 L1 Instr Cache Size:             64 KB
00:00:01.322786 L1 Data Cache Line Size:         64 bytes
00:00:01.322786 L1 Data Cache Lines Per Tag:     1
00:00:01.322787 L1 Data Cache Associativity:     8 way
00:00:01.322787 L1 Data Cache Size:              32 KB
00:00:01.322787 L2 TLB 2/4M Instr/Uni:           8 way  1024 entries
00:00:01.322788 L2 TLB 2/4M Data:                2 way  1536 entries
00:00:01.322788 L2 TLB 4K Instr/Uni:             8 way  1024 entries
00:00:01.322788 L2 TLB 4K Data:                  8 way  1536 entries
00:00:01.322789 L2 Cache Line Size:              64 bytes
00:00:01.322789 L2 Cache Lines Per Tag:          1
00:00:01.322789 L2 Cache Associativity:          8 way 
00:00:01.322790 L2 Cache Size:                   512 KB
00:00:01.322791 L3 Cache Line Size:              64 bytes
00:00:01.322792 L3 Cache Lines Per Tag:          1
00:00:01.322792 L3 Cache Associativity:          16 way
00:00:01.322792 L3 Cache Size:                   16384 KB
00:00:01.322793 APM Features EDX
00:00:01.322793   Mnemonic - Description                                  = Guest (Host)
00:00:01.322795   TS - Temperature Sensor                                 = 0 (1)
00:00:01.322796   FID - Frequency ID control                              = 0 (0)
00:00:01.322797   VID - Voltage ID control                                = 0 (0)
00:00:01.322798   TTP - Thermal Trip                                      = 0 (1)
00:00:01.322799   TM - Hardware Thermal Control (HTC)                     = 0 (0)
00:00:01.322800   100MHzSteps - 100 MHz Multiplier control                = 0 (0)
00:00:01.322800   HwPstate - Hardware P-state control                     = 0 (1)
00:00:01.322801   TscInvariant - Invariant Time Stamp Counter             = 1 (1)
00:00:01.322802   CPB - Core Performance Boost                            = 0 (1)
00:00:01.322803   EffFreqRO - Read-only Effective Frequency Interface     = 0 (1)
00:00:01.322803   ProcFdbkIf - Processor Feedback Interface               = 0 (0)
00:00:01.322804   ProcPwrRep - Core power reporting interface support     = 0 (0)
00:00:01.322804   ConnectedStandby - Connected Standby                    = 0 (0)
00:00:01.322805   RAPL - Running average power limit                      = 0 (1)
00:00:01.322806 Ext Features ext IDs EBX
00:00:01.322806   Mnemonic - Description                                  = Guest (Host)
00:00:01.322807   CLZERO - Clear zero instruction (cacheline)             = 0 (1)
00:00:01.322808   IRPerf - Instructions retired count support             = 0 (0)
00:00:01.322809   XSaveErPtr - Save/restore error pointers (FXSAVE/RSTOR) = 0 (1)
00:00:01.322809   INVLPGB - INVLPGB and TLBSYNC instructions              = 0 (0)
00:00:01.322810   RDPRU - RDPRU instruction                               = 0 (0)
00:00:01.322811   BE - Bandwidth Enforcement extension                    = 0 (0)
00:00:01.322811   MCOMMIT - MCOMMIT instruction                           = 0 (0)
00:00:01.322812   WBNOINVD - WBNOINVD instruction                         = 0 (0)
00:00:01.322813   IBPB - Supports the IBPB command in IA32_PRED_CMD       = 0 (0)
00:00:01.322814   INT_WBINVD - WBINVD/WBNOINVD interruptible              = 0 (0)
00:00:01.322814   IBRS - Indirect Branch Restricted Speculation           = 0 (0)
00:00:01.322815   STIBP - Single Thread Indirect Branch Prediction        = 0 (0)
00:00:01.322815   IbrsAlwaysOn - Processor prefers that IBRS be left on   = 0 (0)
00:00:01.322816   StibpAlwaysOn - Processor prefers that STIBP be left on = 0 (0)
00:00:01.322817   IbrsPreferred - IBRS preferred over software solution   = 0 (0)
00:00:01.322817   IbrsSameMode - IBRS limits same mode speculation        = 0 (0)
00:00:01.322818   EferLmsleUnsupported - EFER.LMSLE is unsupported        = 0 (0)
00:00:01.322818   INVLPGBnestedPages - INVLPGB for nested translation     = 0 (0)
00:00:01.322819   PPIN - Protected processor inventory number             = 0 (0)
00:00:01.322820   SSBD - Speculative Store Bypass Disable                 = 0 (0)
00:00:01.322820   SsbdVirtSpecCtrl - Use VIRT_SPEC_CTL for SSBD           = 0 (1)
00:00:01.322821   SsbdNotRequired - SSBD not needed on this processor     = 1 (0)
00:00:01.322822   CPPC - Collaborative Processor Performance Control      = 0 (0)
00:00:01.322822   PSFD - Predictive Store Forward Disable                 = 0 (0)
00:00:01.322823   BTC_NO - Unaffected by branch type confusion            = 0 (0)
00:00:01.322824   IBPB_RET - Clears RA predictor when PRED_CMD.IBPB set   = 0 (0)
00:00:01.322824 Physical Address Width:          48 bits
00:00:01.322824 Virtual Address Width:           48 bits
00:00:01.322825 Guest Physical Address Width:    48 bits (0)
00:00:01.322825 Physical Core Count:             1
00:00:01.322825 APIC ID size:                    1 (0x1)
00:00:01.322826 Performance TSC size:            40 bits
00:00:01.322826 Max page count for INVLPGB:      0x3030
00:00:01.322827 Max ECX for RDPRU:               0x0
00:00:01.322828 ********************* End of CPUID dump *********************
00:00:01.322887 VMEmt: Halt method global1 (5)
00:00:01.322972 VMEmt: HaltedGlobal1 config: cNsSpinBlockThresholdCfg=50000
00:00:01.322982 Changing the VM state from 'CREATING' to 'CREATED'
00:00:01.324059 NAT: DNS settings changed, triggering update
00:00:01.324075 NAT DNS Update: Stored 1263225675 as nameserver #0
00:00:01.324080 NAT DNS Update: Stored 1280068427 as nameserver #1
00:00:01.324084 NAT DNS Update: Stored 2 total nameservers
00:00:01.324474 Changing the VM state from 'CREATED' to 'POWERING_ON'
00:00:01.324717 Changing the VM state from 'POWERING_ON' to 'RUNNING'
00:00:01.324729 Console: Machine state changed to 'Running'
00:00:01.326545 VMMDev: Guest Log: BIOS: VirtualBox 7.2.6
00:00:01.326761 PCI: Setting up resources and interrupts
00:00:01.326935 PIT: mode=2 count=0x10000 (65536) - 18.20 Hz (ch=0)
00:00:01.347504 Display::i_handleDisplayResize: uScreenId=0 pvVRAM=0000000000000000 w=720 h=400 bpp=0 cbLine=0x0 flags=0x0 origin=0,0
00:00:01.347983 VMMDev: Guest Log: CPUID EDX: 0x178bfbbf
00:00:01.348101 PIIX3 ATA: Ctl#0: RESET, DevSel=0 AIOIf=0 CmdIf0=0x00 (-1 usec ago) CmdIf1=0x00 (-1 usec ago)
00:00:01.348164 PIIX3 ATA: Ctl#0: finished processing RESET
00:00:01.348545 VMMDev: Guest Log: BIOS: ata0-0: PCHS=65/16/63 LCHS=65/16/63
00:00:01.386599 PIT: mode=2 count=0x48d3 (18643) - 64.00 Hz (ch=0)
00:00:01.390210 Display::i_handleDisplayResize: uScreenId=0 pvVRAM=000001c8d5380000 w=640 h=480 bpp=32 cbLine=0xA00 flags=0x0 origin=0,0
00:00:01.446424 VBoxHeadless: starting event loop
00:00:03.861170 PIT: mode=2 count=0x10000 (65536) - 18.20 Hz (ch=0)
00:00:03.861401 VMMDev: Guest Log: BIOS: Boot : bseqnr=1, bootseq=0002
00:00:03.861708 VMMDev: Guest Log: BIOS: Booting from Hard Disk...
00:00:03.869856 Display::i_handleDisplayResize: uScreenId=0 pvVRAM=000001c8d5380000 w=640 h=400 bpp=0 cbLine=0x140 flags=0x0 origin=0,0
00:00:03.876061 WasAPI: Looking up or creating cache entry (caching is set to enabled, iface 000001c8cbfc4a50, async init)
00:00:03.876132 Audio: Warning: Scheduling hint of stream '[WasAPI] Output:0' is bigger (1000ms) than used period size (0ms)
00:00:03.876233 Audio Mixer: Setting sink 'SB16 Mixer/PCM Output' -- channel volumes: ba ba ba ba ba ba ba ba ba ba ba ba
