00:00:00.467311 VirtualBox VM 7.0.10 r158379 win.amd64 (Jul 12 2023 18:34:34) release log
00:00:00.467313 Log opened 2026-04-09T21:33:03.550009600Z
00:00:00.467314 Build Type: release
00:00:00.467316 OS Product: Windows 10
00:00:00.467317 OS Release: 10.0.19045
00:00:00.467318 OS Service Pack: 
00:00:00.536105 DMI Product Name: System Product Name
00:00:00.540129 DMI Product Version: System Version
00:00:00.540149 Firmware type: UEFI
00:00:00.541002 Secure Boot: VERR_PRIVILEGE_NOT_HELD
00:00:00.541024 Host RAM: 32692MB (31.9GB) total, 16907MB (16.5GB) available
00:00:00.541026 Executable: C:\Program Files\Oracle\VirtualBox\VBoxHeadless.exe
00:00:00.541027 Process ID: 53868
00:00:00.541028 Package type: WINDOWS_64BITS_GENERIC
00:00:00.541777 Installed Extension Packs:
00:00:00.541812   None installed!
00:00:00.542346 Console: Machine state changed to 'Starting'
00:00:00.654942 SUP: seg #0: R   0x00000000 LB 0x00001000
00:00:00.654964 SUP: seg #1: R X 0x00001000 LB 0x00179000
00:00:00.654969 SUP: seg #2: R   0x0017a000 LB 0x00051000
00:00:00.654972 SUP: seg #3: RW  0x001cb000 LB 0x00013000
00:00:00.654976 SUP: seg #4: R   0x001de000 LB 0x00011000
00:00:00.654979 SUP: seg #5: RW  0x001ef000 LB 0x00004000
00:00:00.654983 SUP: seg #6: R   0x001f3000 LB 0x00010000
00:00:00.654986 SUP: seg #7: R X 0x00203000 LB 0x00002000
00:00:00.654989 SUP: seg #8: R   0x00205000 LB 0x00007000
00:00:00.658937 SUP: Loaded VMMR0.r0 (C:\Program Files\Oracle\VirtualBox/VMMR0.r0) at 0xXXXXXXXXXXXXXXXX - ModuleInit at XXXXXXXXXXXXXXXX and ModuleTerm at XXXXXXXXXXXXXXXX using the native ring-0 loader
00:00:00.658977 SUP: VMMR0EntryEx located at XXXXXXXXXXXXXXXX and VMMR0EntryFast at XXXXXXXXXXXXXXXX
00:00:00.658980 SUP: windbg> .reload /f C:\Program Files\Oracle\VirtualBox/VMMR0.r0=0xXXXXXXXXXXXXXXXX
00:00:00.661670 Guest OS type: 'Other'
00:00:00.662399 fHMForced=true - No raw-mode support in this build!
00:00:00.664510 File system of 'C:\Users\RhythmicCarnage\Desktop\CyberStorm\build\cyberstorm.vfd' (Floppy) is ntfs
00:00:00.668395 Audio: Detected default audio driver type is 'HostAudioWas'
00:00:00.690371 Shared Clipboard: Service loaded
00:00:00.690389 Shared Clipboard: Mode: Off
00:00:00.690440 Shared Clipboard: Service running in headless mode
00:00:00.709390 Drag and drop service loaded
00:00:00.709415 Drag and drop mode: Off
00:00:00.899863 ************************* CFGM dump *************************
00:00:00.899870 [/] (level 0)
00:00:00.899872   CpuExecutionCap   <integer> = 0x0000000000000064 (100)
00:00:00.899874   EnablePAE         <integer> = 0x0000000000000001 (1)
00:00:00.899876   HMEnabled         <integer> = 0x0000000000000001 (1)
00:00:00.899877   MemBalloonSize    <integer> = 0x0000000000000000 (0, 0 B)
00:00:00.899881   Name              <string>  = "CyberStorm" (cb=11)
00:00:00.899882   NumCPUs           <integer> = 0x0000000000000001 (1)
00:00:00.899883   PageFusionAllowed <integer> = 0x0000000000000000 (0)
00:00:00.899883   RamHoleSize       <integer> = 0x0000000020000000 (536 870 912, 512.0 MiB)
00:00:00.899885   RamSize           <integer> = 0x0000000002000000 (33 554 432, 32.0 MiB)
00:00:00.899886   TimerMillies      <integer> = 0x000000000000000a (10)
00:00:00.899887   UUID              <bytes>   = "14 87 e4 00 ea e3 8c 45 82 ad e4 15 39 e2 d2 5c" (cb=16)
00:00:00.899891 
00:00:00.899892 [/CPUM/] (level 1)
00:00:00.899893   Enable64bit        <integer> = 0x0000000000000000 (0)
00:00:00.899894   GuestCpuName       <string>  = "host" (cb=5)
00:00:00.899895   NestedHWVirt       <integer> = 0x0000000000000000 (0)
00:00:00.899896   PortableCpuIdLevel <integer> = 0x0000000000000000 (0)
00:00:00.899896   SpecCtrl           <integer> = 0x0000000000000000 (0)
00:00:00.899897 
00:00:00.899897 [/CPUM/IsaExts/] (level 2)
00:00:00.899898 
00:00:00.899899 [/DBGC/] (level 1)
00:00:00.899899   GlobalInitScript <string>  = "C:\Users\RhythmicCarnage\.VirtualBox/dbgc-init" (cb=47)
00:00:00.899900   HistoryFile      <string>  = "C:\Users\RhythmicCarnage\.VirtualBox/dbgc-history" (cb=50)
00:00:00.899901   LocalInitScript  <string>  = "C:\Users\RhythmicCarnage\Desktop\CyberStorm\deploy\virtualbox\CyberStorm/dbgc-init" (cb=83)
00:00:00.899902 
00:00:00.899902 [/DBGF/] (level 1)
00:00:00.899903   Path <string>  = "C:\Users\RhythmicCarnage\Desktop\CyberStorm\deploy\virtualbox\CyberStorm/debug/;C:\Users\RhythmicCarnage\Desktop\CyberStorm\deploy\virtualbox\CyberStorm/;cache*C:\Users\RhythmicCarnage\Desktop\CyberStorm\deploy\virtualbox\CyberStorm/dbgcache/;C:\Users\RhythmicCarnage\" (cb=269)
00:00:00.899903 
00:00:00.899904 [/Devices/] (level 1)
00:00:00.899904 
00:00:00.899905 [/Devices/3c501/] (level 2)
00:00:00.899905 
00:00:00.899906 [/Devices/8237A/] (level 2)
00:00:00.899906 
00:00:00.899906 [/Devices/8237A/0/] (level 3)
00:00:00.899908   Trusted <integer> = 0x0000000000000001 (1)
00:00:00.899908 
00:00:00.899908 [/Devices/VMMDev/] (level 2)
00:00:00.899909 
00:00:00.899909 [/Devices/VMMDev/0/] (level 3)
00:00:00.899911   PCIBusNo      <integer> = 0x0000000000000000 (0)
00:00:00.899911   PCIDeviceNo   <integer> = 0x0000000000000004 (4)
00:00:00.899912   PCIFunctionNo <integer> = 0x0000000000000000 (0)
00:00:00.899912   Trusted       <integer> = 0x0000000000000001 (1)
00:00:00.899913 
00:00:00.899913 [/Devices/VMMDev/0/Config/] (level 4)
00:00:00.899915   GuestCoreDumpDir <string>  = "C:\Users\RhythmicCarnage\Desktop\CyberStorm\deploy\virtualbox\CyberStorm\Snapshots" (cb=83)
00:00:00.899915 
00:00:00.899915 [/Devices/VMMDev/0/LUN#0/] (level 4)
00:00:00.899917   Driver <string>  = "HGCM" (cb=5)
00:00:00.899917 
00:00:00.899917 [/Devices/VMMDev/0/LUN#0/Config/] (level 5)
00:00:00.899918 
00:00:00.899919 [/Devices/VMMDev/0/LUN#999/] (level 4)
00:00:00.899920   Driver <string>  = "MainStatus" (cb=11)
00:00:00.899920 
00:00:00.899921 [/Devices/VMMDev/0/LUN#999/Config/] (level 5)
00:00:00.899922   First                <integer> = 0x0000000000000000 (0)
00:00:00.899923   HasMediumAttachments <integer> = 0x0000000000000000 (0)
00:00:00.899924   Last                 <integer> = 0x0000000000000000 (0)
00:00:00.899924   iLedSet              <integer> = 0x0000000000000003 (3)
00:00:00.899925 
00:00:00.899925 [/Devices/acpi/] (level 2)
00:00:00.899926 
00:00:00.899926 [/Devices/acpi/0/] (level 3)
00:00:00.899927   PCIBusNo      <integer> = 0x0000000000000000 (0)
00:00:00.899928   PCIDeviceNo   <integer> = 0x0000000000000007 (7)
00:00:00.899928   PCIFunctionNo <integer> = 0x0000000000000000 (0)
00:00:00.899929   Trusted       <integer> = 0x0000000000000001 (1)
00:00:00.899929 
00:00:00.899930 [/Devices/acpi/0/Config/] (level 4)
00:00:00.899932   CpuHotPlug          <integer> = 0x0000000000000000 (0)
00:00:00.899932   FdcEnabled          <integer> = 0x0000000000000001 (1)
00:00:00.899933   HostBusPciAddress   <integer> = 0x0000000000000000 (0)
00:00:00.899934   HpetEnabled         <integer> = 0x0000000000000000 (0)
00:00:00.899934   IOAPIC              <integer> = 0x0000000000000000 (0)
00:00:00.899935   IocPciAddress       <integer> = 0x0000000000010000 (65 536)
00:00:00.899936   NumCPUs             <integer> = 0x0000000000000001 (1)
00:00:00.899936   Parallel0IoPortBase <integer> = 0x0000000000000000 (0)
00:00:00.899937   Parallel0Irq        <integer> = 0x0000000000000000 (0)
00:00:00.899937   Parallel1IoPortBase <integer> = 0x0000000000000000 (0)
00:00:00.899938   Parallel1Irq        <integer> = 0x0000000000000000 (0)
00:00:00.899938   Serial0IoPortBase   <integer> = 0x0000000000000000 (0)
00:00:00.899939   Serial0Irq          <integer> = 0x0000000000000000 (0)
00:00:00.899940   Serial1IoPortBase   <integer> = 0x0000000000000000 (0)
00:00:00.899940   Serial1Irq          <integer> = 0x0000000000000000 (0)
00:00:00.899941   ShowCpu             <integer> = 0x0000000000000000 (0)
00:00:00.899941   ShowRtc             <integer> = 0x0000000000000000 (0)
00:00:00.899942   SmcEnabled          <integer> = 0x0000000000000000 (0)
00:00:00.899943 
00:00:00.899943 [/Devices/acpi/0/LUN#0/] (level 4)
00:00:00.899944   Driver <string>  = "ACPIHost" (cb=9)
00:00:00.899944 
00:00:00.899945 [/Devices/acpi/0/LUN#0/Config/] (level 5)
00:00:00.899946 
00:00:00.899946 [/Devices/apic/] (level 2)
00:00:00.899947 
00:00:00.899947 [/Devices/apic/0/] (level 3)
00:00:00.899948   Trusted <integer> = 0x0000000000000001 (1)
00:00:00.899948 
00:00:00.899948 [/Devices/apic/0/Config/] (level 4)
00:00:00.899950   IOAPIC  <integer> = 0x0000000000000000 (0)
00:00:00.899950   Mode    <integer> = 0x0000000000000002 (2)
00:00:00.899951   NumCPUs <integer> = 0x0000000000000001 (1)
00:00:00.899951 
00:00:00.899951 [/Devices/dp8390/] (level 2)
00:00:00.899952 
00:00:00.899952 [/Devices/e1000/] (level 2)
00:00:00.899953 
00:00:00.899953 [/Devices/i82078/] (level 2)
00:00:00.899954 
00:00:00.899954 [/Devices/i82078/0/] (level 3)
00:00:00.899955   Trusted <integer> = 0x0000000000000001 (1)
00:00:00.899956 
00:00:00.899956 [/Devices/i82078/0/Config/] (level 4)
00:00:00.899957   DMA       <integer> = 0x0000000000000002 (2)
00:00:00.899958   IOBase    <integer> = 0x00000000000003f0 (1 008)
00:00:00.899959   IRQ       <integer> = 0x0000000000000006 (6)
00:00:00.899959   MemMapped <integer> = 0x0000000000000000 (0)
00:00:00.899960 
00:00:00.899960 [/Devices/i82078/0/LUN#0/] (level 4)
00:00:00.899961   Driver <string>  = "VD" (cb=3)
00:00:00.899961 
00:00:00.899962 [/Devices/i82078/0/LUN#0/Config/] (level 5)
00:00:00.899963   Format        <string>  = "RAW" (cb=4)
00:00:00.899964   MaybeReadOnly <integer> = 0x0000000000000001 (1)
00:00:00.899964   Mountable     <integer> = 0x0000000000000001 (1)
00:00:00.899965   Path          <string>  = "C:\Users\RhythmicCarnage\Desktop\CyberStorm\build\cyberstorm.vfd" (cb=65)
00:00:00.899965   Type          <string>  = "Floppy 1.44" (cb=12)
00:00:00.899966 
00:00:00.899967 [/Devices/i82078/0/LUN#999/] (level 4)
00:00:00.899968   Driver <string>  = "MainStatus" (cb=11)
00:00:00.899968 
00:00:00.899968 [/Devices/i82078/0/LUN#999/Config/] (level 5)
00:00:00.899970   DeviceInstance       <string>  = "i82078/0" (cb=9)
00:00:00.899970   First                <integer> = 0x0000000000000000 (0)
00:00:00.899971   HasMediumAttachments <integer> = 0x0000000000000001 (1)
00:00:00.899971   Last                 <integer> = 0x0000000000000001 (1)
00:00:00.899972   iLedSet              <integer> = 0x0000000000000001 (1)
00:00:00.899973 
00:00:00.899973 [/Devices/i8254/] (level 2)
00:00:00.899974 
00:00:00.899974 [/Devices/i8254/0/] (level 3)
00:00:00.899975 
00:00:00.899975 [/Devices/i8254/0/Config/] (level 4)
00:00:00.899976 
00:00:00.899976 [/Devices/i8259/] (level 2)
00:00:00.899977 
00:00:00.899977 [/Devices/i8259/0/] (level 3)
00:00:00.899978   Trusted <integer> = 0x0000000000000001 (1)
00:00:00.899978 
00:00:00.899979 [/Devices/i8259/0/Config/] (level 4)
00:00:00.899980 
00:00:00.899980 [/Devices/mc146818/] (level 2)
00:00:00.899981 
00:00:00.899981 [/Devices/mc146818/0/] (level 3)
00:00:00.899982 
00:00:00.899982 [/Devices/mc146818/0/Config/] (level 4)
00:00:00.899983   UseUTC <integer> = 0x0000000000000000 (0)
00:00:00.899983 
00:00:00.899984 [/Devices/parallel/] (level 2)
00:00:00.899984 
00:00:00.899985 [/Devices/pcarch/] (level 2)
00:00:00.899985 
00:00:00.899985 [/Devices/pcarch/0/] (level 3)
00:00:00.899986   Trusted <integer> = 0x0000000000000001 (1)
00:00:00.899987 
00:00:00.899987 [/Devices/pcarch/0/Config/] (level 4)
00:00:00.899988 
00:00:00.899988 [/Devices/pcbios/] (level 2)
00:00:00.899989 
00:00:00.899989 [/Devices/pcbios/0/] (level 3)
00:00:00.899990   Trusted <integer> = 0x0000000000000001 (1)
00:00:00.899990 
00:00:00.899990 [/Devices/pcbios/0/Config/] (level 4)
00:00:00.899992   APIC           <integer> = 0x0000000000000001 (1)
00:00:00.899992   BootDevice0    <string>  = "FLOPPY" (cb=7)
00:00:00.899993   BootDevice1    <string>  = "NONE" (cb=5)
00:00:00.899993   BootDevice2    <string>  = "NONE" (cb=5)
00:00:00.899994   BootDevice3    <string>  = "NONE" (cb=5)
00:00:00.899994   FloppyDevice   <string>  = "i82078" (cb=7)
00:00:00.899995   HardDiskDevice <string>  = "piix3ide" (cb=9)
00:00:00.899995   IOAPIC         <integer> = 0x0000000000000000 (0)
00:00:00.899996   McfgBase       <integer> = 0x0000000000000000 (0)
00:00:00.899996   McfgLength     <integer> = 0x0000000000000000 (0)
00:00:00.899997   NumCPUs        <integer> = 0x0000000000000001 (1)
00:00:00.899998   PXEDebug       <integer> = 0x0000000000000000 (0)
00:00:00.899998   UUID           <bytes>   = "14 87 e4 00 ea e3 8c 45 82 ad e4 15 39 e2 d2 5c" (cb=16)
00:00:00.900000   UuidLe         <integer> = 0x0000000000000001 (1)
00:00:00.900001 
00:00:00.900001 [/Devices/pcbios/0/Config/NetBoot/] (level 5)
00:00:00.900002 
00:00:00.900002 [/Devices/pcbios/0/Config/NetBoot/0/] (level 6)
00:00:00.900004   NIC           <integer> = 0x0000000000000000 (0)
00:00:00.900004   PCIBusNo      <integer> = 0x0000000000000000 (0)
00:00:00.900005   PCIDeviceNo   <integer> = 0x0000000000000003 (3)
00:00:00.900006   PCIFunctionNo <integer> = 0x0000000000000000 (0)
00:00:00.900006 
00:00:00.900006 [/Devices/pci/] (level 2)
00:00:00.900007 
00:00:00.900007 [/Devices/pci/0/] (level 3)
00:00:00.900008   Trusted <integer> = 0x0000000000000001 (1)
00:00:00.900009 
00:00:00.900009 [/Devices/pci/0/Config/] (level 4)
00:00:00.900010   IOAPIC <integer> = 0x0000000000000000 (0)
00:00:00.900010 
00:00:00.900011 [/Devices/pcibridge/] (level 2)
00:00:00.900011 
00:00:00.900012 [/Devices/pckbd/] (level 2)
00:00:00.900012 
00:00:00.900013 [/Devices/pckbd/0/] (level 3)
00:00:00.900013   Trusted <integer> = 0x0000000000000001 (1)
00:00:00.900014 
00:00:00.900014 [/Devices/pckbd/0/Config/] (level 4)
00:00:00.900015 
00:00:00.900015 [/Devices/pckbd/0/LUN#0/] (level 4)
00:00:00.900016   Driver <string>  = "KeyboardQueue" (cb=14)
00:00:00.900017 
00:00:00.900017 [/Devices/pckbd/0/LUN#0/AttachedDriver/] (level 5)
00:00:00.900018   Driver <string>  = "MainKeyboard" (cb=13)
00:00:00.900019 
00:00:00.900019 [/Devices/pckbd/0/LUN#0/Config/] (level 5)
00:00:00.900020   QueueSize <integer> = 0x0000000000000040 (64, 64 B)
00:00:00.900021 
00:00:00.900021 [/Devices/pckbd/0/LUN#1/] (level 4)
00:00:00.900022   Driver <string>  = "MouseQueue" (cb=11)
00:00:00.900023 
00:00:00.900023 [/Devices/pckbd/0/LUN#1/AttachedDriver/] (level 5)
00:00:00.900024   Driver <string>  = "MainMouse" (cb=10)
00:00:00.900025 
00:00:00.900025 [/Devices/pckbd/0/LUN#1/Config/] (level 5)
00:00:00.900026   QueueSize <integer> = 0x0000000000000080 (128, 128 B)
00:00:00.900027 
00:00:00.900027 [/Devices/pcnet/] (level 2)
00:00:00.900028 
00:00:00.900028 [/Devices/pcnet/0/] (level 3)
00:00:00.900029   PCIBusNo      <integer> = 0x0000000000000000 (0)
00:00:00.900030   PCIDeviceNo   <integer> = 0x0000000000000003 (3)
00:00:00.900035   PCIFunctionNo <integer> = 0x0000000000000000 (0)
00:00:00.900036   Trusted       <integer> = 0x0000000000000001 (1)
00:00:00.900037 
00:00:00.900037 [/Devices/pcnet/0/Config/] (level 4)
00:00:00.900039   CableConnected <integer> = 0x0000000000000001 (1)
00:00:00.900039   ChipType       <string>  = "Am79C973" (cb=9)
00:00:00.900040   LineSpeed      <integer> = 0x0000000000000000 (0)
00:00:00.900041   MAC            <bytes>   = "08 00 27 d5 cb 51" (cb=6)
00:00:00.900043 
00:00:00.900043 [/Devices/pcnet/0/LUN#0/] (level 4)
00:00:00.900044   Driver <string>  = "NAT" (cb=4)
00:00:00.900044 
00:00:00.900044 [/Devices/pcnet/0/LUN#0/Config/] (level 5)
00:00:00.900046   AliasMode          <integer> = 0x0000000000000000 (0)
00:00:00.900047   BootFile           <string>  = "CyberStorm.pxe" (cb=15)
00:00:00.900048   DNSProxy           <integer> = 0x0000000000000000 (0)
00:00:00.900048   LocalhostReachable <integer> = 0x0000000000000001 (1)
00:00:00.900049   Network            <string>  = "10.0.2.0/24" (cb=12)
00:00:00.900049   PassDomain         <integer> = 0x0000000000000001 (1)
00:00:00.900050   TFTPPrefix         <string>  = "C:\Users\RhythmicCarnage\.VirtualBox\TFTP" (cb=42)
00:00:00.900051   UseHostResolver    <integer> = 0x0000000000000000 (0)
00:00:00.900051 
00:00:00.900051 [/Devices/pcnet/0/LUN#999/] (level 4)
00:00:00.900052   Driver <string>  = "MainStatus" (cb=11)
00:00:00.900053 
00:00:00.900053 [/Devices/pcnet/0/LUN#999/Config/] (level 5)
00:00:00.900054   First                <integer> = 0x0000000000000000 (0)
00:00:00.900055   HasMediumAttachments <integer> = 0x0000000000000000 (0)
00:00:00.900055   Last                 <integer> = 0x0000000000000000 (0)
00:00:00.900056   iLedSet              <integer> = 0x0000000000000002 (2)
00:00:00.900057 
00:00:00.900057 [/Devices/sb16/] (level 2)
00:00:00.900058 
00:00:00.900058 [/Devices/sb16/0/] (level 3)
00:00:00.900059   Trusted <integer> = 0x0000000000000001 (1)
00:00:00.900059 
00:00:00.900059 [/Devices/sb16/0/AudioConfig/] (level 4)
00:00:00.900060 
00:00:00.900061 [/Devices/sb16/0/Config/] (level 4)
00:00:00.900062   DMA          <integer> = 0x0000000000000001 (1)
00:00:00.900063   DMA16        <integer> = 0x0000000000000005 (5)
00:00:00.900063   DebugEnabled <integer> = 0x0000000000000000 (0)
00:00:00.900064   IRQ          <integer> = 0x0000000000000005 (5)
00:00:00.900064   Port         <integer> = 0x0000000000000220 (544)
00:00:00.900065   Version      <integer> = 0x0000000000000405 (1 029)
00:00:00.900066 
00:00:00.900066 [/Devices/sb16/0/LUN#0/] (level 4)
00:00:00.900067   Driver <string>  = "AUDIO" (cb=6)
00:00:00.900068 
00:00:00.900068 [/Devices/sb16/0/LUN#0/AttachedDriver/] (level 5)
00:00:00.900069   Driver <string>  = "HostAudioWas" (cb=13)
00:00:00.900069 
00:00:00.900070 [/Devices/sb16/0/LUN#0/AttachedDriver/Config/] (level 6)
00:00:00.900071   VmName <string>  = "CyberStorm" (cb=11)
00:00:00.900072   VmUuid <string>  = "00e48714-e3ea-458c-82ad-e41539e2d25c" (cb=37)
00:00:00.900072 
00:00:00.900073 [/Devices/sb16/0/LUN#0/Config/] (level 5)
00:00:00.900074   DriverName    <string>  = "HostAudioWas" (cb=13)
00:00:00.900074   InputEnabled  <integer> = 0x0000000000000000 (0)
00:00:00.900075   OutputEnabled <integer> = 0x0000000000000001 (1)
00:00:00.900075 
00:00:00.900076 [/Devices/sb16/0/LUN#1/] (level 4)
00:00:00.900077   Driver <string>  = "AUDIO" (cb=6)
00:00:00.900077 
00:00:00.900078 [/Devices/sb16/0/LUN#2/] (level 4)
00:00:00.900079   Driver <string>  = "AUDIO" (cb=6)
00:00:00.900079 
00:00:00.900079 [/Devices/serial/] (level 2)
00:00:00.900080 
00:00:00.900080 [/Devices/vga/] (level 2)
00:00:00.900081 
00:00:00.900081 [/Devices/vga/0/] (level 3)
00:00:00.900082   PCIBusNo      <integer> = 0x0000000000000000 (0)
00:00:00.900083   PCIDeviceNo   <integer> = 0x0000000000000002 (2)
00:00:00.900083   PCIFunctionNo <integer> = 0x0000000000000000 (0)
00:00:00.900084   Trusted       <integer> = 0x0000000000000001 (1)
00:00:00.900084 
00:00:00.900085 [/Devices/vga/0/Config/] (level 4)
00:00:00.900086   3DEnabled        <integer> = 0x0000000000000000 (0)
00:00:00.900086   CustomVideoModes <integer> = 0x0000000000000000 (0)
00:00:00.900087   FadeIn           <integer> = 0x0000000000000001 (1)
00:00:00.900087   FadeOut          <integer> = 0x0000000000000001 (1)
00:00:00.900088   HeightReduction  <integer> = 0x0000000000000000 (0)
00:00:00.900089   LogoFile         <string>  = "" (cb=1)
00:00:00.900089   LogoTime         <integer> = 0x0000000000000000 (0)
00:00:00.900090   MonitorCount     <integer> = 0x0000000000000001 (1)
00:00:00.900090   ShowBootMenu     <integer> = 0x0000000000000002 (2)
00:00:00.900091   VRamSize         <integer> = 0x0000000000800000 (8 388 608, 8.0 MiB)
00:00:00.900092 
00:00:00.900092 [/Devices/vga/0/LUN#0/] (level 4)
00:00:00.900093   Driver <string>  = "MainDisplay" (cb=12)
00:00:00.900094 
00:00:00.900094 [/Devices/vga/0/LUN#0/Config/] (level 5)
00:00:00.900095 
00:00:00.900095 [/Devices/vga/0/LUN#999/] (level 4)
00:00:00.900096   Driver <string>  = "MainStatus" (cb=11)
00:00:00.900096 
00:00:00.900096 [/Devices/vga/0/LUN#999/Config/] (level 5)
00:00:00.900097   First                <integer> = 0x0000000000000000 (0)
00:00:00.900098   HasMediumAttachments <integer> = 0x0000000000000000 (0)
00:00:00.900099   Last                 <integer> = 0x0000000000000000 (0)
00:00:00.900099   iLedSet              <integer> = 0x0000000000000000 (0)
00:00:00.900100 
00:00:00.900100 [/Devices/virtio-net/] (level 2)
00:00:00.900101 
00:00:00.900101 [/EM/] (level 1)
00:00:00.900102   TripleFaultReset <integer> = 0x0000000000000000 (0)
00:00:00.900103 
00:00:00.900103 [/GCM/] (level 1)
00:00:00.900104   FixerSet <integer> = 0x0000000000000000 (0)
00:00:00.900104 
00:00:00.900104 [/GIM/] (level 1)
00:00:00.900105   Provider <string>  = "None" (cb=5)
00:00:00.900106 
00:00:00.900106 [/HM/] (level 1)
00:00:00.900108   64bitEnabled        <integer> = 0x0000000000000000 (0)
00:00:00.900108   EnableLargePages    <integer> = 0x0000000000000001 (1)
00:00:00.900109   EnableNestedPaging  <integer> = 0x0000000000000001 (1)
00:00:00.900109   EnableUX            <integer> = 0x0000000000000001 (1)
00:00:00.900110   EnableVPID          <integer> = 0x0000000000000001 (1)
00:00:00.900111   Exclusive           <integer> = 0x0000000000000000 (0)
00:00:00.900111   HMForced            <integer> = 0x0000000000000001 (1)
00:00:00.900112   IBPBOnVMEntry       <integer> = 0x0000000000000000 (0)
00:00:00.900113   IBPBOnVMExit        <integer> = 0x0000000000000000 (0)
00:00:00.900113   L1DFlushOnSched     <integer> = 0x0000000000000001 (1)
00:00:00.900114   L1DFlushOnVMEntry   <integer> = 0x0000000000000000 (0)
00:00:00.900114   MDSClearOnSched     <integer> = 0x0000000000000001 (1)
00:00:00.900115   MDSClearOnVMEntry   <integer> = 0x0000000000000000 (0)
00:00:00.900115   SpecCtrlByHost      <integer> = 0x0000000000000000 (0)
00:00:00.900116   SvmVirtVmsaveVmload <integer> = 0x0000000000000000 (0)
00:00:00.900116   UseNEMInstead       <integer> = 0x0000000000000000 (0)
00:00:00.900117 
00:00:00.900117 [/MM/] (level 1)
00:00:00.900118   CanUseLargerHeap <integer> = 0x0000000000000000 (0)
00:00:00.900118 
00:00:00.900119 [/NEM/] (level 1)
00:00:00.900119   Allow64BitGuests <integer> = 0x0000000000000000 (0)
00:00:00.900120 
00:00:00.900120 [/PDM/] (level 1)
00:00:00.900121 
00:00:00.900121 [/PDM/AsyncCompletion/] (level 2)
00:00:00.900122 
00:00:00.900122 [/PDM/AsyncCompletion/File/] (level 3)
00:00:00.900123 
00:00:00.900123 [/PDM/AsyncCompletion/File/BwGroups/] (level 4)
00:00:00.900124 
00:00:00.900124 [/PDM/BlkCache/] (level 2)
00:00:00.900125   CacheSize <integer> = 0x0000000000500000 (5 242 880, 5.0 MiB)
00:00:00.900126 
00:00:00.900126 [/PDM/Devices/] (level 2)
00:00:00.900127 
00:00:00.900127 [/PDM/Drivers/] (level 2)
00:00:00.900128 
00:00:00.900128 [/PDM/Drivers/VBoxC/] (level 3)
00:00:00.900129   Path <string>  = "VBoxC" (cb=6)
00:00:00.900129 
00:00:00.900129 [/PDM/NetworkShaper/] (level 2)
00:00:00.900130 
00:00:00.900131 [/PDM/NetworkShaper/BwGroups/] (level 3)
00:00:00.900131 
00:00:00.900132 [/TM/] (level 1)
00:00:00.900132   UTCOffset <integer> = 0x0000000000000000 (0)
00:00:00.900133 
00:00:00.900133 ********************* End of CFGM dump **********************
00:00:00.900207 HM: HMR3Init: Attempting fall back to NEM: AMD-V is not available
00:00:00.995850 NEM:  info: Found optional import WinHvPlatform.dll!WHvQueryGpaRangeDirtyBitmap.
00:00:00.995870 NEM:  info: Found optional import vid.dll!VidGetHvPartitionId.
00:00:00.995874 NEM:  info: Found optional import vid.dll!VidGetPartitionProperty.
00:00:00.995946 NEM: WHvCapabilityCodeHypervisorPresent is TRUE, so this might work...
00:00:00.995951 NEM: WHvCapabilityCodeExtendedVmExits      = 0x00000000000003ff
00:00:00.995956 NEM:                       fExtendedMsrExit: 1
00:00:00.995960 NEM:                     fExtendedCpuIdExit: 1
00:00:00.995963 NEM:                      fExtendedXcptExit: 1
00:00:00.995967 NEM: Warning! Unknown VM exit definitions: 0x3ff
00:00:00.995970 NEM: Warning! Unknown feature definitions: 0x7f
00:00:00.995973 NEM: Supported exception exit bitmap: 0xf7dfb
00:00:00.995979 NEM: WHvCapabilityCodeProcessorVendor      = 0 - AMD
00:00:00.995987 NEM: WHvCapabilityCodeProcessorFeatures    = 0x000006cb66f39fbf
00:00:00.995990 NEM:                            Sse3Support: 1
00:00:00.996002 NEM:                        LahfSahfSupport: 1
00:00:00.996006 NEM:                           Ssse3Support: 1
00:00:00.996010 NEM:                          Sse4_1Support: 1
00:00:00.996013 NEM:                          Sse4_2Support: 1
00:00:00.996016 NEM:                           Sse4aSupport: 1
00:00:00.996019 NEM:                             XopSupport: 0
00:00:00.996022 NEM:                          PopCntSupport: 1
00:00:00.996026 NEM:                      Cmpxchg16bSupport: 1
00:00:00.996029 NEM:                       Altmovcr8Support: 1
00:00:00.996032 NEM:                           LzcntSupport: 1
00:00:00.996035 NEM:                     MisAlignSseSupport: 1
00:00:00.996038 NEM:                          MmxExtSupport: 1
00:00:00.996042 NEM:                        Amd3DNowSupport: 0
00:00:00.996045 NEM:                ExtendedAmd3DNowSupport: 0
00:00:00.996054 NEM:                         Page1GbSupport: 1
00:00:00.996058 NEM:                             AesSupport: 1
00:00:00.996061 NEM:                       PclmulqdqSupport: 1
00:00:00.996064 NEM:                            PcidSupport: 0
00:00:00.996068 NEM:                            Fma4Support: 0
00:00:00.996071 NEM:                            F16CSupport: 1
00:00:00.996074 NEM:                          RdRandSupport: 1
00:00:00.996077 NEM:                        RdWrFsGsSupport: 1
00:00:00.996081 NEM:                            SmepSupport: 1
00:00:00.996086 NEM:              EnhancedFastStringSupport: 0
00:00:00.996092 NEM:                            Bmi1Support: 1
00:00:00.996097 NEM:                            Bmi2Support: 1
00:00:00.996101 NEM:                           MovbeSupport: 1
00:00:00.996106 NEM:                          Npiep1Support: 1
00:00:00.996110 NEM:                   DepX87FPUSaveSupport: 0
00:00:00.996115 NEM:                          RdSeedSupport: 1
00:00:00.996120 NEM:                             AdxSupport: 1
00:00:00.996125 NEM:                   IntelPrefetchSupport: 0
00:00:00.996129 NEM:                            SmapSupport: 1
00:00:00.996133 NEM:                             HleSupport: 0
00:00:00.996137 NEM:                             RtmSupport: 0
00:00:00.996140 NEM:                          RdtscpSupport: 1
00:00:00.996143 NEM:                      ClflushoptSupport: 1
00:00:00.996146 NEM:                            ClwbSupport: 0
00:00:00.996149 NEM:                             ShaSupport: 1
00:00:00.996153 NEM:                X87PointersSavedSupport: 1
00:00:00.996161 NEM: WHvCapabilityCodeProcessorClFlushSize = 2^8
00:00:00.996165 NEM: Warning! Unknown capability 0x4 returning: 3f 00 00 00 00 00 00 00 00 00 00 00 00 00 00 00 00 00 00 00 00 00 00 00
00:00:00.996705 NEM: Warning! Unknown capability 0x1003 returning: 1f 38 00 00 00 00 00 00 00 00 00 00 00 00 00 00 00 00 00 00 00 00 00 00
00:00:00.996723 NEM: Warning! Unknown capability 0x1004 returning: cd 76 82 e2 00 00 00 00 00 00 00 00 00 00 00 00 00 00 00 00 00 00 00 00
00:00:00.996728 NEM: Warning! Unknown capability 0x1005 returning: 00 c2 eb 0b 00 00 00 00 00 00 00 00 00 00 00 00 00 00 00 00 00 00 00 00
00:00:00.996733 NEM: Warning! Unknown capability 0x1006 returning: 02 00 00 00 00 00 00 00 bf 9f f3 66 cb 06 00 00 04 00 00 00 00 00 00 00
00:00:00.997527 NEM: Created partition 000001ea3a100d00.
00:00:00.997614 NEM:
00:00:00.997615 NEM: NEMR3Init: Snail execution mode is active!
00:00:00.997615 NEM: Note! VirtualBox is not able to run at its full potential in this execution mode.
00:00:00.997615 NEM:       To see VirtualBox run at max speed you need to disable all Windows features
00:00:00.997615 NEM:       making use of Hyper-V.  That is a moving target, so google how and carefully
00:00:00.997615 NEM:       consider the consequences of disabling these features.
00:00:00.997615 NEM:
00:00:00.997646 CPUM: No hardware-virtualization capability detected
00:00:00.997650 CPUM: fXStateHostMask=0x7; initial: 0x7; host XCR0=0x7
00:00:01.000347 CPUM: Matched host CPU AMD 0x17/0x8/0x2 AMD_Zen_Ryzen with CPU DB entry 'AMD Ryzen 7 1800X Eight-Core' (AMD 0x17/0x1/0x1 AMD_Zen_Ryzen)
00:00:01.001520 CPUM: MXCSR_MASK=0x2ffff (host: 0x2ffff)
00:00:01.001562 CPUM: Microcode revision 0x08008202
00:00:01.001579 CPUM: MSR fudge: 0x00000001 IA32_P5_MC_TYPE
00:00:01.001583 CPUM: MSR fudge: 0x00000017 IA32_PLATFORM_ID
00:00:01.001626 CPUM: MSR fudge: 0x0000001b IA32_APIC_BASE
00:00:01.001630 CPUM: MSR fudge: 0x0000008b BIOS_SIGN
00:00:01.001633 CPUM: MSR fudge: 0x000000fe IA32_MTRRCAP
00:00:01.001636 CPUM: MSR fudge: 0x00000179 IA32_MCG_CAP
00:00:01.001639 CPUM: MSR fudge: 0x0000017a IA32_MCG_STATUS
00:00:01.001642 CPUM: MSR fudge: 0x000001a0 IA32_MISC_ENABLE
00:00:01.001659 CPUM: MSR fudge: 0x000001d9 IA32_DEBUGCTL
00:00:01.001663 CPUM: MSR fudge: 0x000001db P6_LAST_BRANCH_FROM_IP
00:00:01.001666 CPUM: MSR fudge: 0x000001dc P6_LAST_BRANCH_TO_IP
00:00:01.001669 CPUM: MSR fudge: 0x000001dd P6_LAST_INT_FROM_IP
00:00:01.001672 CPUM: MSR fudge: 0x000001de P6_LAST_INT_TO_IP
00:00:01.001675 CPUM: MSR fudge: 0x00000277 IA32_PAT
00:00:01.001678 CPUM: MSR fudge: 0x000002ff IA32_MTRR_DEF_TYPE
00:00:01.001694 CPUM: MSR fudge: 0x00000400 IA32_MCi_CTL_STATUS_ADDR_MISC
00:00:01.001712 CPUM: MSR fudge: 0x0000002c P4_EBC_FREQUENCY_ID
00:00:01.001729 CPUM: MSR fudge: 0xc0000103 AMD64_TSC_AUX
00:00:01.001835 CPUM: SetGuestCpuIdFeature: Enabled PAE
00:00:01.001841 CPUM: Set SSBD not required flag for AMD to work around some buggy Linux kernels!
00:00:01.048168 NEM: HvPartitionPropertyProcessorVendor=0x0 (0)
00:00:01.048205 NEM: Successfully set up partition (device handle 0000000000000efc, partition ID 0x35)
00:00:01.048492 PGM: Host paging mode: AMD64+PGE+NX
00:00:01.048503 PGM: PGMPool: cMaxPages=256 (u64MaxPages=48)
00:00:01.048524 PGM: pgmR3PoolInit: cMaxPages=0x100 cMaxUsers=0x200 cMaxPhysExts=0x200 fCacheEnable=true
00:00:01.080065 TM: GIP - u32Mode=3 (Invariant) u32UpdateHz=93 u32UpdateIntervalNS=10741500 enmUseTscDelta=2 (Practically Zero) fGetGipCpu=0x2b cCpus=16
00:00:01.080096 TM: GIP - u64CpuHz=3 800 200 889 (0xe28276b9)  SUPGetCpuHzFromGip => 3 800 200 889
00:00:01.080102 TM: GIP - CPU: iCpuSet=0x0 idCpu=0x0 idApic=0x0 iGipCpu=0x2 i64TSCDelta=0 enmState=3 u64CpuHz=3800192462(*) cErrors=0
00:00:01.080107 TM: GIP - CPU: iCpuSet=0x1 idCpu=0x1 idApic=0x1 iGipCpu=0x8 i64TSCDelta=0 enmState=3 u64CpuHz=3800200726(*) cErrors=0
00:00:01.080111 TM: GIP - CPU: iCpuSet=0x2 idCpu=0x2 idApic=0x2 iGipCpu=0x7 i64TSCDelta=0 enmState=3 u64CpuHz=3800200723(*) cErrors=0
00:00:01.080115 TM: GIP - CPU: iCpuSet=0x3 idCpu=0x3 idApic=0x3 iGipCpu=0x6 i64TSCDelta=0 enmState=3 u64CpuHz=3800200715(*) cErrors=0
00:00:01.080119 TM: GIP - CPU: iCpuSet=0x4 idCpu=0x4 idApic=0x4 iGipCpu=0x9 i64TSCDelta=0 enmState=3 u64CpuHz=3800200772(*) cErrors=0
00:00:01.080123 TM: GIP - CPU: iCpuSet=0x5 idCpu=0x5 idApic=0x5 iGipCpu=0xa i64TSCDelta=0 enmState=3 u64CpuHz=3800200735(*) cErrors=0
00:00:01.080127 TM: GIP - CPU: iCpuSet=0x6 idCpu=0x6 idApic=0x6 iGipCpu=0x1 i64TSCDelta=0 enmState=3 u64CpuHz=3800187664(*) cErrors=0
00:00:01.080130 TM: GIP - CPU: iCpuSet=0x7 idCpu=0x7 idApic=0x7 iGipCpu=0x0 i64TSCDelta=0 enmState=3 u64CpuHz=3800200889(*) cErrors=0
00:00:01.080134 TM: GIP - CPU: iCpuSet=0x8 idCpu=0x8 idApic=0x8 iGipCpu=0xb i64TSCDelta=0 enmState=3 u64CpuHz=3800200791(*) cErrors=0
00:00:01.080137 TM: GIP - CPU: iCpuSet=0x9 idCpu=0x9 idApic=0x9 iGipCpu=0x3 i64TSCDelta=0 enmState=3 u64CpuHz=3800199738(*) cErrors=0
00:00:01.080141 TM: GIP - CPU: iCpuSet=0xa idCpu=0xa idApic=0xa iGipCpu=0xd i64TSCDelta=0 enmState=3 u64CpuHz=3800200815(*) cErrors=0
00:00:01.080145 TM: GIP - CPU: iCpuSet=0xb idCpu=0xb idApic=0xb iGipCpu=0xe i64TSCDelta=0 enmState=3 u64CpuHz=3800200889(*) cErrors=0
00:00:01.080148 TM: GIP - CPU: iCpuSet=0xc idCpu=0xc idApic=0xc iGipCpu=0x5 i64TSCDelta=0 enmState=3 u64CpuHz=3800200537(*) cErrors=0
00:00:01.080152 TM: GIP - CPU: iCpuSet=0xd idCpu=0xd idApic=0xd iGipCpu=0x4 i64TSCDelta=0 enmState=3 u64CpuHz=3800200474(*) cErrors=0
00:00:01.080155 TM: GIP - CPU: iCpuSet=0xe idCpu=0xe idApic=0xe iGipCpu=0xc i64TSCDelta=0 enmState=3 u64CpuHz=3800200825(*) cErrors=0
00:00:01.080164 TM: GIP - CPU: iCpuSet=0xf idCpu=0xf idApic=0xf iGipCpu=0xf i64TSCDelta=0 enmState=3 u64CpuHz=3800187664(*) cErrors=0
00:00:01.080176 TM: NEM overrides the /TM/TSCModeSwitchAllowed setting.
00:00:01.080187 TM:     cTSCTicksPerSecond=3 800 200 889 (0xe28276b9) enmTSCMode=4 (NativeApi)
00:00:01.080190 TM: cTSCTicksPerSecondHost=3 800 200 889 (0xe28276b9)
00:00:01.080190 TM: TSCTiedToExecution=false TSCNotTiedToHalt=false
00:00:01.080811 EMR3Init: fIemExecutesAll=false fGuruOnTripleFault=true
00:00:01.081201 IEM: TargetCpu=CURRENT, Microarch=AMD_Zen_Ryzen aidxTargetCpuEflFlavour={2,0}
00:00:01.081331 GIM: Using provider 'None' (Implementation version: 0)
00:00:01.081346 GCM: Initialized (fixer bits: 0x0)
00:00:01.081400 AIOMgr: Default manager type is 'Async'
00:00:01.081405 AIOMgr: Default file backend is 'NonBuffered'
00:00:01.081451 BlkCache: Cache successfully initialized. Cache size is 5242880 bytes
00:00:01.081457 BlkCache: Cache commit interval is 10000 ms
00:00:01.081460 BlkCache: Cache commit threshold is 2621440 bytes
00:00:01.700667 PcBios: [SMP] BIOS with 1 CPUs
00:00:01.700694 PcBios: Using the 386+ BIOS image.
00:00:01.701039 PcBios: fCheckShutdownStatusForSoftReset=true  fClearShutdownStatusOnHardReset=true
00:00:01.701233 CPUM: SetGuestCpuIdFeature: Enabled xAPIC
00:00:01.701612 PIT: mode=3 count=0x10000 (65536) - 18.20 Hz (ch=0)
00:00:01.701773 VMMDev: cbDefaultBudget: 1 073 741 824 (40000000)
00:00:01.762699 Shared Folders service loaded
00:00:01.780644 Guest Control service loaded
00:00:01.848070 VGA: Using the 386+ BIOS image.
00:00:01.849677 DrvVD: Flushes will be ignored
00:00:01.849705 DrvVD: Async flushes will be passed to the disk
00:00:01.850169 VD: VDInit finished with VINF_SUCCESS
00:00:01.850305 VD: Opening the disk took 573295 ns
00:00:01.850375 FDC: 1.44 MB 3"1/2 floppy disk (2 h 80 t 18 s) rw
00:00:01.867108 NAT: Guest address guess set to 10.0.2.15 by initialization
00:00:01.888580 NAT: DNS#0: 75.75.75.75
00:00:01.888637 NAT: DNS#1: 75.75.76.76
00:00:01.952544 Audio: Found 9 devices for driver 'WasAPI'
00:00:01.952570 Audio: Device 'Headphones (High Definition Audio Device)':
00:00:01.952571 Audio:   ID              = {0.0.0.00000000}.{7dda4d42-aaaf-4bdf-9d7b-023246d41f45}
00:00:01.952572 Audio:   Usage           = output
00:00:01.952572 Audio:   Flags           = DEFAULT_OUT
00:00:01.952573 Audio:   Input channels  = 0
00:00:01.952573 Audio:   Output channels = 2
00:00:01.952578 Audio: Device 'Digital Audio (S/PDIF) (High Definition Audio Device)':
00:00:01.952579 Audio:   ID              = {0.0.0.00000000}.{087134d9-ae11-4a9b-82bf-5ad0d13aced6}
00:00:01.952579 Audio:   Usage           = output
00:00:01.952579 Audio:   Flags           = NONE
00:00:01.952580 Audio:   Input channels  = 0
00:00:01.952580 Audio:   Output channels = 2
00:00:01.952583 Audio: Device '100012589 (NVIDIA High Definition Audio)':
00:00:01.952584 Audio:   ID              = {0.0.0.00000000}.{3f36c4ff-500a-4cd3-9a35-77b5981f1155}
00:00:01.952584 Audio:   Usage           = output
00:00:01.952584 Audio:   Flags           = NONE
00:00:01.952584 Audio:   Input channels  = 0
00:00:01.952585 Audio:   Output channels = 2
00:00:01.952588 Audio: Device 'Speakers (2- USB Audio CODEC )':
00:00:01.952588 Audio:   ID              = {0.0.0.00000000}.{566bb4ca-cb36-4deb-843b-246f6c5c5982}
00:00:01.952588 Audio:   Usage           = output
00:00:01.952589 Audio:   Flags           = NONE
00:00:01.952589 Audio:   Input channels  = 0
00:00:01.952589 Audio:   Output channels = 2
00:00:01.952592 Audio: Device 'Headphones (High Definition Audio Device)':
00:00:01.952593 Audio:   ID              = {0.0.0.00000000}.{7dda4d42-aaaf-4bdf-9d7b-023246d41f45}
00:00:01.952593 Audio:   Usage           = output
00:00:01.952593 Audio:   Flags           = NONE
00:00:01.952593 Audio:   Input channels  = 0
00:00:01.952594 Audio:   Output channels = 2
00:00:01.952597 Audio: Device '100012589 (NVIDIA High Definition Audio)':
00:00:01.952597 Audio:   ID              = {0.0.0.00000000}.{fdb7b4cc-b13a-4c66-ac46-5302e0b66d2f}
00:00:01.952597 Audio:   Usage           = output
00:00:01.952598 Audio:   Flags           = NONE
00:00:01.952598 Audio:   Input channels  = 0
00:00:01.952598 Audio:   Output channels = 2
00:00:01.952610 Audio: Device 'Microphone (NexiGo HD Webcam Audio)':
00:00:01.952610 Audio:   ID              = {0.0.1.00000000}.{8830d0fa-5126-4de0-babf-090349e9c6f6}
00:00:01.952611 Audio:   Usage           = input
00:00:01.952611 Audio:   Flags           = DEFAULT_IN
00:00:01.952611 Audio:   Input channels  = 2
00:00:01.952611 Audio:   Output channels = 0
00:00:01.952618 Audio: Device 'Microphone (2- USB Audio CODEC )':
00:00:01.952618 Audio:   ID              = {0.0.1.00000000}.{2cdb81b1-e1eb-4201-a0a4-fc6057072946}
00:00:01.952618 Audio:   Usage           = input
00:00:01.952619 Audio:   Flags           = NONE
00:00:01.952619 Audio:   Input channels  = 1
00:00:01.952619 Audio:   Output channels = 0
00:00:01.952622 Audio: Device 'Microphone (NexiGo HD Webcam Audio)':
00:00:01.952622 Audio:   ID              = {0.0.1.00000000}.{8830d0fa-5126-4de0-babf-090349e9c6f6}
00:00:01.952623 Audio:   Usage           = input
00:00:01.952623 Audio:   Flags           = NONE
00:00:01.952623 Audio:   Input channels  = 2
00:00:01.952623 Audio:   Output channels = 0
00:00:01.952943 PGM: The CPU physical address width is 48 bits
00:00:01.952952 PGM: PGMR3InitFinalize: 4 MB PSE mask 0000ffffffffffff -> VINF_SUCCESS
00:00:01.952961 TM: TMR3InitFinalize: fTSCModeSwitchAllowed=false
00:00:01.953345 VMM: Thread-context hooks unavailable
00:00:01.953352 VMM: RTThreadPreemptIsPending() can be trusted
00:00:01.953355 VMM: Kernel preemption is possible
00:00:01.953365 EM: Exit history optimizations: enabled=true enabled-r0=true enabled-r0-no-preemption=false
00:00:01.953383 APIC: fPostedIntrsEnabled=false fVirtApicRegsEnabled=false fSupportsTscDeadline=false
00:00:01.953388 TMR3UtcNow: nsNow=1 775 770 385 035 477 700 nsPrev=0 -> cNsDelta=1 775 770 385 035 477 700 (offLag=0 offVirtualSync=0 offVirtualSyncGivenUp=0, NowAgain=1 775 770 385 035 477 700)
00:00:01.953401 VMM: fUsePeriodicPreemptionTimers=true
00:00:01.953446 CPUM: Logical host processors: 16 present, 16 max, 16 online, online mask: 000000000000ffff
00:00:01.953447 CPUM: Physical host cores: 8
00:00:01.953448 ************************* CPUID dump ************************
00:00:01.953453          Raw Standard CPUID Leaves
00:00:01.953453      Leaf/sub-leaf  eax      ebx      ecx      edx
00:00:01.953456 Gst: 00000000/0000  0000000d 68747541 444d4163 69746e65
00:00:01.953457 Hst:                0000000d 68747541 444d4163 69746e65
00:00:01.953459 Gst: 00000001/0000  00800f82 00010800 42d82203 178bfbff
00:00:01.953460 Hst:                00800f82 0e100800 fed83203 178bfbff
00:00:01.953461 Gst: 00000002/0000  00000000 00000000 00000000 00000000
00:00:01.953462 Hst:                00000000 00000000 00000000 00000000
00:00:01.953463 Gst: 00000003/0000  00000000 00000000 00000000 00000000
00:00:01.953463 Hst:                00000000 00000000 00000000 00000000
00:00:01.953465 Gst: 00000004/0000  00000000 00000000 00000000 00000000
00:00:01.953465 Hst:                00000000 00000000 00000000 00000000
00:00:01.953466 Gst: 00000005/0000  00000000 00000000 00000000 00000000
00:00:01.953467 Hst:                00000000 00000000 00000000 00000000
00:00:01.953468 Gst: 00000006/0000  00000000 00000000 00000000 00000000
00:00:01.953468 Hst:                00000000 00000000 00000001 00000000
00:00:01.953470 Gst: 00000007/0000  00000000 00840109 00000000 00000000
00:00:01.953470 Hst:                00000000 209c01a9 00000000 00000000
00:00:01.953471 Gst: 00000007/0001  00000000 00000000 00000000 00000000
00:00:01.953472 Hst:                00000000 00000000 00000000 00000000
00:00:01.953473 Gst: 00000008/0000  00000000 00000000 00000000 00000000
00:00:01.953474 Hst:                00000000 00000000 00000000 00000000
00:00:01.953475 Gst: 00000009/0000  00000000 00000000 00000000 00000000
00:00:01.953475 Hst:                00000000 00000000 00000000 00000000
00:00:01.953476 Gst: 0000000a/0000  00000000 00000000 00000000 00000000
00:00:01.953477 Hst:                00000000 00000000 00000000 00000000
00:00:01.953478 Gst: 0000000b/0000  00000000 00000000 00000000 00000000
00:00:01.953479 Hst:                00000000 00000000 00000000 00000000
00:00:01.953480 Gst: 0000000c/0000  00000000 00000000 00000000 00000000
00:00:01.953480 Hst:                00000000 00000000 00000000 00000000
00:00:01.953481 Gst: 0000000d/0000  00000000 00000000 00000000 00000000
00:00:01.953482 Hst:                00000007 00000340 00000340 00000000
00:00:01.953484 Gst: 0000000d/0001  00000000 00000000 00000000 00000000
00:00:01.953484 Hst:                0000000f 00000340 00000000 00000000
00:00:01.953486 Gst: 0000000d/0002  00000000 00000000 00000000 00000000
00:00:01.953486 Hst:                00000100 00000240 00000000 00000000
00:00:01.953487 Gst: 0000000d/0003  00000000 00000000 00000000 00000000
00:00:01.953488 Hst:                00000000 00000000 00000000 00000000
00:00:01.953566                                Name: AuthenticAMD
00:00:01.953567                            Supports: 0x00000000-0x0000000d
00:00:01.953570                              Family: 15 	Extended: 8 	Effective: 23
00:00:01.953571                               Model:  8 	Extended: 0 	Effective: 8
00:00:01.953572                            Stepping: 2
00:00:01.953573                                Type: 0 (primary)
00:00:01.953574                             APIC ID: 0x00
00:00:01.953574                        Logical CPUs: 1
00:00:01.953575                        CLFLUSH Size: 8
00:00:01.953575                            Brand ID: 0x00
00:00:01.953577 Features
00:00:01.953579   Mnemonic - Description                                  = guest (host)
00:00:01.953579   FPU - x87 FPU on Chip                                   = 1 (1)
00:00:01.953580   VME - Virtual 8086 Mode Enhancements                    = 1 (1)
00:00:01.953581   DE - Debugging extensions                               = 1 (1)
00:00:01.953582   PSE - Page Size Extension                               = 1 (1)
00:00:01.953583   TSC - Time Stamp Counter                                = 1 (1)
00:00:01.953584   MSR - Model Specific Registers                          = 1 (1)
00:00:01.953585   PAE - Physical Address Extension                        = 1 (1)
00:00:01.953586   MCE - Machine Check Exception                           = 1 (1)
00:00:01.953586   CX8 - CMPXCHG8B instruction                             = 1 (1)
00:00:01.953587   APIC - APIC On-Chip                                     = 1 (1)
00:00:01.953588   SEP - SYSENTER and SYSEXIT Present                      = 1 (1)
00:00:01.953589   MTRR - Memory Type Range Registers                      = 1 (1)
00:00:01.953590   PGE - PTE Global Bit                                    = 1 (1)
00:00:01.953591   MCA - Machine Check Architecture                        = 1 (1)
00:00:01.953591   CMOV - Conditional Move instructions                    = 1 (1)
00:00:01.953592   PAT - Page Attribute Table                              = 1 (1)
00:00:01.953593   PSE-36 - 36-bit Page Size Extension                     = 1 (1)
00:00:01.953594   PSN - Processor Serial Number                           = 0 (0)
00:00:01.953595   CLFSH - CLFLUSH instruction                             = 1 (1)
00:00:01.953596   DS - Debug Store                                        = 0 (0)
00:00:01.953597   ACPI - Thermal Mon. & Soft. Clock Ctrl.                 = 0 (0)
00:00:01.953597   MMX - Intel MMX Technology                              = 1 (1)
00:00:01.953598   FXSR - FXSAVE and FXRSTOR instructions                  = 1 (1)
00:00:01.953599   SSE - SSE support                                       = 1 (1)
00:00:01.953600   SSE2 - SSE2 support                                     = 1 (1)
00:00:01.953601   SS - Self Snoop                                         = 0 (0)
00:00:01.953602   HTT - Hyper-Threading Technology                        = 1 (1)
00:00:01.953602   TM - Therm. Monitor                                     = 0 (0)
00:00:01.953603   PBE - Pending Break Enabled                             = 0 (0)
00:00:01.953604   SSE3 - SSE3 support                                     = 1 (1)
00:00:01.953605   PCLMUL - PCLMULQDQ support (for AES-GCM)                = 1 (1)
00:00:01.953606   DTES64 - DS Area 64-bit Layout                          = 0 (0)
00:00:01.953607   MONITOR - MONITOR/MWAIT instructions                    = 0 (0)
00:00:01.953608   CPL-DS - CPL Qualified Debug Store                      = 0 (0)
00:00:01.953609   VMX - Virtual Machine Extensions                        = 0 (0)
00:00:01.953609   SMX - Safer Mode Extensions                             = 0 (0)
00:00:01.953612   EST - Enhanced SpeedStep Technology                     = 0 (0)
00:00:01.953613   TM2 - Terminal Monitor 2                                = 0 (0)
00:00:01.953613   SSSE3 - Supplemental Streaming SIMD Extensions 3        = 1 (1)
00:00:01.953614   CNTX-ID - L1 Context ID                                 = 0 (0)
00:00:01.953615   SDBG - Silicon Debug interface                          = 0 (0)
00:00:01.953616   FMA - Fused Multiply Add extensions                     = 0 (1)
00:00:01.953617   CX16 - CMPXCHG16B instruction                           = 1 (1)
00:00:01.953618   TPRUPDATE - xTPR Update Control                         = 0 (0)
00:00:01.953618   PDCM - Perf/Debug Capability MSR                        = 0 (0)
00:00:01.953619   PCID - Process Context Identifiers                      = 0 (0)
00:00:01.953620   DCA - Direct Cache Access                               = 0 (0)
00:00:01.953621   SSE4_1 - SSE4_1 support                                 = 1 (1)
00:00:01.953622   SSE4_2 - SSE4_2 support                                 = 1 (1)
00:00:01.953623   X2APIC - x2APIC support                                 = 0 (0)
00:00:01.953623   MOVBE - MOVBE instruction                               = 1 (1)
00:00:01.953624   POPCNT - POPCNT instruction                             = 1 (1)
00:00:01.953625   TSCDEADL - Time Stamp Counter Deadline                  = 0 (0)
00:00:01.953626   AES - AES instructions                                  = 1 (1)
00:00:01.953627   XSAVE - XSAVE instruction                               = 0 (1)
00:00:01.953628   OSXSAVE - OSXSAVE instruction                           = 0 (1)
00:00:01.953628   AVX - AVX support                                       = 0 (1)
00:00:01.953629   F16C - 16-bit floating point conversion instructions    = 0 (1)
00:00:01.953630   RDRAND - RDRAND instruction                             = 1 (1)
00:00:01.953631   HVP - Hypervisor Present (we're a guest)                = 0 (1)
00:00:01.953633 Structured Extended Feature Flags Enumeration (leaf 7):
00:00:01.953634   Mnemonic - Description                                  = guest (host)
00:00:01.953634   FSGSBASE - RDFSBASE/RDGSBASE/WRFSBASE/WRGSBASE instr.   = 1 (1)
00:00:01.953635   TSCADJUST - Supports MSR_IA32_TSC_ADJUST                = 0 (0)
00:00:01.953636   SGX - Supports Software Guard Extensions                = 0 (0)
00:00:01.953637   BMI1 - Advanced Bit Manipulation extension 1            = 1 (1)
00:00:01.953637   HLE - Hardware Lock Elision                             = 0 (0)
00:00:01.953638   AVX2 - Advanced Vector Extensions 2                     = 0 (1)
00:00:01.953639   FDP_EXCPTN_ONLY - FPU DP only updated on exceptions     = 0 (0)
00:00:01.953639   SMEP - Supervisor Mode Execution Prevention             = 0 (1)
00:00:01.953640   BMI2 - Advanced Bit Manipulation extension 2            = 1 (1)
00:00:01.953641   ERMS - Enhanced REP MOVSB/STOSB instructions            = 0 (0)
00:00:01.953642   INVPCID - INVPCID instruction                           = 0 (0)
00:00:01.953642   RTM - Restricted Transactional Memory                   = 0 (0)
00:00:01.953643   PQM - Platform Quality of Service Monitoring            = 0 (0)
00:00:01.953644   DEPFPU_CS_DS - Deprecates FPU CS, FPU DS values if set  = 0 (0)
00:00:01.953644   MPE - Intel Memory Protection Extensions                = 0 (0)
00:00:01.953645   PQE - Platform Quality of Service Enforcement           = 0 (0)
00:00:01.953646   AVX512F - AVX512 Foundation instructions                = 0 (0)
00:00:01.953647   RDSEED - RDSEED instruction                             = 1 (1)
00:00:01.953647   ADX - ADCX/ADOX instructions                            = 0 (1)
00:00:01.953648   SMAP - Supervisor Mode Access Prevention                = 0 (1)
00:00:01.953649   CLFLUSHOPT - CLFLUSHOPT (Cache Line Flush) instruction  = 1 (1)
00:00:01.953650   INTEL_PT - Intel Processor Trace                        = 0 (0)
00:00:01.953650   AVX512PF - AVX512 Prefetch instructions                 = 0 (0)
00:00:01.953651   AVX512ER - AVX512 Exponential & Reciprocal instructions = 0 (0)
00:00:01.953652   AVX512CD - AVX512 Conflict Detection instructions       = 0 (0)
00:00:01.953653   SHA - Secure Hash Algorithm extensions                  = 0 (1)
00:00:01.953653   PREFETCHWT1 - PREFETCHWT1 instruction                   = 0 (0)
00:00:01.953654   UMIP - User mode insturction prevention                 = 0 (0)
00:00:01.953655   PKU - Protection Key for Usermode pages                 = 0 (0)
00:00:01.953656   OSPKE - CR4.PKU mirror                                  = 0 (0)
00:00:01.953657   MAWAU - Value used by BNDLDX & BNDSTX                   = 0x0 (0x0)
00:00:01.953658   RDPID - Read processor ID support                       = 0 (0)
00:00:01.953658   SGX_LC - Supports SGX Launch Configuration              = 0 (0)
00:00:01.953660 Processor Extended State Enumeration (leaf 0xd):
00:00:01.953661    XSAVE area cur/max size by XCR0, guest: 0x0/0x0
00:00:01.953662     XSAVE area cur/max size by XCR0, host: 0x340/0x340
00:00:01.953663                    Valid XCR0 bits, guest: 0x00000000`00000000
00:00:01.953664                     Valid XCR0 bits, host: 0x00000000`00000007 ( x87 SSE YMM_Hi128 )
00:00:01.953667                     XSAVE features, guest:
00:00:01.953668                      XSAVE features, host: XSAVEOPT XSAVEC XGETBC1 XSAVES
00:00:01.953669       XSAVE area cur size XCR0|XSS, guest: 0x0
00:00:01.953670        XSAVE area cur size XCR0|XSS, host: 0x340
00:00:01.953670                Valid IA32_XSS bits, guest: 0x00000000`00000000
00:00:01.953671                 Valid IA32_XSS bits, host: 0x00000000`00000000
00:00:01.953673   State #2, host:  off=0x0240, cb=0x0100 IA32_XSS-bit -- YMM_Hi128
00:00:01.953712          Raw Extended CPUID Leaves
00:00:01.953712      Leaf/sub-leaf  eax      ebx      ecx      edx
00:00:01.953713 Gst: 80000000/0000  8000001e 68747541 444d4163 69746e65
00:00:01.953714 Hst:                8000001f 68747541 444d4163 69746e65
00:00:01.953715 Gst: 80000001/0000  00800f82 20000000 000001f1 0bd3fb7f
00:00:01.953716 Hst:                00800f82 20000000 004023f3 2fd3fbff
00:00:01.953717 Gst: 80000002/0000  20444d41 657a7952 2037206e 30303732
00:00:01.953718 Hst:                20444d41 657a7952 2037206e 30303732
00:00:01.953719 Gst: 80000003/0000  69452058 2d746867 65726f43 6f725020
00:00:01.953720 Hst:                69452058 2d746867 65726f43 6f725020
00:00:01.953721 Gst: 80000004/0000  73736563 2020726f 20202020 00202020
00:00:01.953722 Hst:                73736563 2020726f 20202020 00202020
00:00:01.953724 Gst: 80000005/0000  ff40ff40 ff40ff40 20080140 40040140
00:00:01.953724 Hst:                ff40ff40 ff40ff40 20080140 40040140
00:00:01.953726 Gst: 80000006/0000  26006400 66006400 02006140 00808140
00:00:01.953727 Hst:                26006400 66006400 02006140 00808140
00:00:01.953728 Gst: 80000007/0000  00000000 00000000 00000000 00000100
00:00:01.953729 Hst:                00000000 0000001b 00000000 00004789
00:00:01.953730 Gst: 80000008/0000  00003030 04000000 00000000 00000000
00:00:01.953731 Hst:                00003030 02000005 0000400f 00000000
00:00:01.953732 Gst: 80000009/0000  00000000 00000000 00000000 00000000
00:00:01.953733 Hst:                00000000 00000000 00000000 00000000
00:00:01.953734 Gst: 8000000a/0000  00000000 00000000 00000000 00000000
00:00:01.953734 Hst:                00000000 00000000 00000000 00000000
00:00:01.953735 Gst: 8000000b/0000  00000000 00000000 00000000 00000000
00:00:01.953736 Hst:                00000000 00000000 00000000 00000000
00:00:01.953737 Gst: 8000000c/0000  00000000 00000000 00000000 00000000
00:00:01.953738 Hst:                00000000 00000000 00000000 00000000
00:00:01.953739 Gst: 8000000d/0000  00000000 00000000 00000000 00000000
00:00:01.953740 Hst:                00000000 00000000 00000000 00000000
00:00:01.953741 Gst: 8000000e/0000  00000000 00000000 00000000 00000000
00:00:01.953741 Hst:                00000000 00000000 00000000 00000000
00:00:01.953742 Gst: 8000000f/0000  00000000 00000000 00000000 00000000
00:00:01.953743 Hst:                00000000 00000000 00000000 00000000
00:00:01.953744 Gst: 80000010/0000  00000000 00000000 00000000 00000000
00:00:01.953745 Hst:                00000000 00000000 00000000 00000000
00:00:01.953746 Gst: 80000011/0000  00000000 00000000 00000000 00000000
00:00:01.953746 Hst:                00000000 00000000 00000000 00000000
00:00:01.953747 Gst: 80000012/0000  00000000 00000000 00000000 00000000
00:00:01.953748 Hst:                00000000 00000000 00000000 00000000
00:00:01.953749 Gst: 80000013/0000  00000000 00000000 00000000 00000000
00:00:01.953750 Hst:                00000000 00000000 00000000 00000000
00:00:01.953751 Gst: 80000014/0000  00000000 00000000 00000000 00000000
00:00:01.953751 Hst:                00000000 00000000 00000000 00000000
00:00:01.953753 Gst: 80000015/0000  00000000 00000000 00000000 00000000
00:00:01.953753 Hst:                00000000 00000000 00000000 00000000
00:00:01.953754 Gst: 80000016/0000  00000000 00000000 00000000 00000000
00:00:01.953755 Hst:                00000000 00000000 00000000 00000000
00:00:01.953756 Gst: 80000017/0000  00000000 00000000 00000000 00000000
00:00:01.953757 Hst:                00000000 00000000 00000000 00000000
00:00:01.953758 Gst: 80000018/0000  00000000 00000000 00000000 00000000
00:00:01.953758 Hst:                00000000 00000000 00000000 00000000
00:00:01.953760 Gst: 80000019/0000  00000000 00000000 00000000 00000000
00:00:01.953760 Hst:                00000000 00000000 00000000 00000000
00:00:01.953761 Gst: 8000001a/0000  00000003 00000000 00000000 00000000
00:00:01.953762 Hst:                00000003 00000000 00000000 00000000
00:00:01.953763 Gst: 8000001b/0000  00000000 00000000 00000000 00000000
00:00:01.953764 Hst:                00000000 00000000 00000000 00000000
00:00:01.953765 Gst: 8000001c/0000  00000000 00000000 00000000 00000000
00:00:01.953765 Hst:                00000000 00000000 00000000 00000000
00:00:01.953767 Gst: 8000001d/0000  00000121 01c0003f 0000003f 00000000
00:00:01.953767 Hst:                00004121 01c0003f 0000003f 00000000
00:00:01.953769 Gst: 8000001d/0001  00000122 00c0003f 000000ff 00000000
00:00:01.953769 Hst:                00004122 00c0003f 000000ff 00000000
00:00:01.953771 Gst: 8000001d/0002  00000143 01c0003f 000003ff 00000002
00:00:01.953772 Hst:                00004143 01c0003f 000003ff 00000002
00:00:01.953773 Gst: 8000001d/0003  00000163 03c0003f 00001fff 00000001
00:00:01.953773 Hst:                0001c163 03c0003f 00001fff 00000001
00:00:01.953775 Gst: 8000001d/0004  00000000 00000000 00000000 00000000
00:00:01.953775 Hst:                00000000 00000000 00000000 00000000
00:00:01.953777 Gst: 8000001e/0000  00000000 00000000 00000000 00000000
00:00:01.953778 Hst:                0000000e 00000107 00000000 00000000
00:00:01.953779 Hst: 8000001f/0000  00000000 00000000 00000000 00000000
00:00:01.953780 Ext Name:                        AuthenticAMD
00:00:01.953780 Ext Supports:                    0x80000000-0x8000001e
00:00:01.953781 Family:                          15  	Extended: 8 	Effective: 23
00:00:01.953781 Model:                           8  	Extended: 0 	Effective: 8
00:00:01.953782 Stepping:                        2
00:00:01.953782 Brand ID:                        0x000
00:00:01.953783 Ext Features
00:00:01.953784   Mnemonic - Description                                  = guest (host)
00:00:01.953784   FPU - x87 FPU on Chip                                   = 1 (1)
00:00:01.953785   VME - Virtual 8086 Mode Enhancements                    = 1 (1)
00:00:01.953786   DE - Debugging extensions                               = 1 (1)
00:00:01.953787   PSE - Page Size Extension                               = 1 (1)
00:00:01.953788   TSC - Time Stamp Counter                                = 1 (1)
00:00:01.953789   MSR - K86 Model Specific Registers                      = 1 (1)
00:00:01.953789   PAE - Physical Address Extension                        = 1 (1)
00:00:01.953790   MCE - Machine Check Exception                           = 0 (1)
00:00:01.953791   CX8 - CMPXCHG8B instruction                             = 1 (1)
00:00:01.953792   APIC - APIC On-Chip                                     = 1 (1)
00:00:01.953793   SEP - SYSCALL/SYSRET                                    = 1 (1)
00:00:01.953794   MTRR - Memory Type Range Registers                      = 1 (1)
00:00:01.953794   PGE - PTE Global Bit                                    = 1 (1)
00:00:01.953795   MCA - Machine Check Architecture                        = 1 (1)
00:00:01.953796   CMOV - Conditional Move instructions                    = 1 (1)
00:00:01.953797   PAT - Page Attribute Table                              = 1 (1)
00:00:01.953798   PSE-36 - 36-bit Page Size Extension                     = 1 (1)
00:00:01.953798   NX - No-Execute/Execute-Disable                         = 1 (1)
00:00:01.953799   AXMMX - AMD Extensions to MMX instructions              = 1 (1)
00:00:01.953800   MMX - Intel MMX Technology                              = 1 (1)
00:00:01.953801   FXSR - FXSAVE and FXRSTOR Instructions                  = 1 (1)
00:00:01.953802   FFXSR - AMD fast FXSAVE and FXRSTOR instructions        = 1 (1)
00:00:01.953802   Page1GB - 1 GB large page                               = 0 (1)
00:00:01.953803   RDTSCP - RDTSCP instruction                             = 1 (1)
00:00:01.953804   LM - AMD64 Long Mode                                    = 0 (1)
00:00:01.953805   3DNOWEXT - AMD Extensions to 3DNow                      = 0 (0)
00:00:01.953806   3DNOW - AMD 3DNow                                       = 0 (0)
00:00:01.953807   LahfSahf - LAHF/SAHF support in 64-bit mode             = 1 (1)
00:00:01.953808   CmpLegacy - Core multi-processing legacy mode           = 0 (1)
00:00:01.953808   SVM - AMD Secure Virtual Machine extensions             = 0 (0)
00:00:01.953809   EXTAPIC - AMD Extended APIC registers                   = 0 (0)
00:00:01.953810   CR8L - AMD LOCK MOV CR0 means MOV CR8                   = 1 (1)
00:00:01.953811   ABM - AMD Advanced Bit Manipulation                     = 1 (1)
00:00:01.953811   SSE4A - SSE4A instructions                              = 1 (1)
00:00:01.953812   MISALIGNSSE - AMD Misaligned SSE mode                   = 1 (1)
00:00:01.953813   3DNOWPRF - AMD PREFETCH and PREFETCHW instructions      = 1 (1)
00:00:01.953814   OSVW - AMD OS Visible Workaround                        = 0 (1)
00:00:01.953815   IBS - Instruct Based Sampling                           = 0 (0)
00:00:01.953815   XOP - Extended Operation support                        = 0 (0)
00:00:01.953816   SKINIT - SKINIT, STGI, and DEV support                  = 0 (0)
00:00:01.953817   WDT - AMD Watchdog Timer support                        = 0 (1)
00:00:01.953818   LWP - Lightweight Profiling support                     = 0 (0)
00:00:01.953818   FMA4 - Four operand FMA instruction support             = 0 (0)
00:00:01.953819   NodeId - NodeId in MSR C001_100C                        = 0 (0)
00:00:01.953820   TBM - Trailing Bit Manipulation instructions            = 0 (0)
00:00:01.953821   TOPOEXT - Topology Extensions                           = 0 (1)
00:00:01.953821   PRFEXTCORE - Performance Counter Extensions support     = 0 (0)
00:00:01.953822   PRFEXTNB - NB Performance Counter Extensions support    = 0 (0)
00:00:01.953823   DATABPEXT - Data-access Breakpoint Extension            = 0 (0)
00:00:01.953824   PERFTSC - Performance Time Stamp Counter                = 0 (0)
00:00:01.953825   PCX_L2I - L2I/L3 Performance Counter Extensions         = 0 (0)
00:00:01.953826   MWAITX - MWAITX and MONITORX instructions               = 0 (0)
00:00:01.953827 Full Name:                       "AMD Ryzen 7 2700X Eight-Core Processor         "
00:00:01.953830 TLB 2/4M Instr/Uni:              fully  64 entries
00:00:01.953831 TLB 2/4M Data:                   fully  64 entries
00:00:01.953831 TLB 4K Instr/Uni:                fully  64 entries
00:00:01.953832 TLB 4K Data:                     fully  64 entries
00:00:01.953833 L1 Instr Cache Line Size:        64 bytes
00:00:01.953833 L1 Instr Cache Lines Per Tag:    1
00:00:01.953834 L1 Instr Cache Associativity:    4 way
00:00:01.953834 L1 Instr Cache Size:             64 KB
00:00:01.953835 L1 Data Cache Line Size:         64 bytes
00:00:01.953835 L1 Data Cache Lines Per Tag:     1
00:00:01.953836 L1 Data Cache Associativity:     8 way
00:00:01.953836 L1 Data Cache Size:              32 KB
00:00:01.953837 L2 TLB 2/4M Instr/Uni:           8 way  1024 entries
00:00:01.953838 L2 TLB 2/4M Data:                2 way  1536 entries
00:00:01.953838 L2 TLB 4K Instr/Uni:             8 way  1024 entries
00:00:01.953839 L2 TLB 4K Data:                  8 way  1536 entries
00:00:01.953839 L2 Cache Line Size:              64 bytes
00:00:01.953840 L2 Cache Lines Per Tag:          1
00:00:01.953840 L2 Cache Associativity:          16 way
00:00:01.953841 L2 Cache Size:                   128 KB
00:00:01.953843   TS - Temperature Sensor                                 = 0 (1)
00:00:01.953845   FID - Frequency ID control                              = 0 (0)
00:00:01.953846   VID - Voltage ID control                                = 0 (0)
00:00:01.953847   TTP - Thermal Trip                                      = 0 (1)
00:00:01.953848   TM - Hardware Thermal Control (HTC)                     = 0 (0)
00:00:01.953849   100MHzSteps - 100 MHz Multiplier control                = 0 (0)
00:00:01.953850   HwPstate - Hardware P-state control                     = 0 (1)
00:00:01.953851   TscInvariant - Invariant Time Stamp Counter             = 1 (1)
00:00:01.953851   CBP - Core Performance Boost                            = 0 (1)
00:00:01.953852   EffFreqRO - Read-only Effective Frequency Interface     = 0 (1)
00:00:01.953853   ProcFdbkIf - Processor Feedback Interface               = 0 (0)
00:00:01.953854   ProcPwrRep - Core power reporting interface support     = 0 (0)
00:00:01.953854   14 - Reserved                                           = 0 (1)
00:00:01.953857   CLZERO - Clear zero instruction (cacheline)             = 0 (1)
00:00:01.953857   IRPerf - Instructions retired count support             = 0 (0)
00:00:01.953858   XSaveErPtr - Save/restore error pointers (FXSAVE/RSTOR*) = 0 (1)
00:00:01.953859   RDPRU - RDPRU instruction                               = 0 (0)
00:00:01.953860   MCOMMIT - MCOMMIT instruction                           = 0 (0)
00:00:01.953860   IBPB - Supports the IBPB command in IA32_PRED_CMD       = 0 (0)
00:00:01.953861   25 - Reserved                                           = 0 (1)
00:00:01.953862   26 - Reserved                                           = 1 (0)
00:00:01.953863 Physical Address Width:          48 bits
00:00:01.953863 Virtual Address Width:           48 bits
00:00:01.953864 Guest Physical Address Width:    0 bits
00:00:01.953864 Physical Core Count:             1
00:00:01.953865 
00:00:01.953866 ******************** End of CPUID dump **********************
00:00:01.953912 VMEmt: Halt method global1 (5)
00:00:01.954038 VMEmt: HaltedGlobal1 config: cNsSpinBlockThresholdCfg=50000
00:00:01.954047 Changing the VM state from 'CREATING' to 'CREATED'
00:00:01.954983 Changing the VM state from 'CREATED' to 'POWERING_ON'
00:00:01.955529 Changing the VM state from 'POWERING_ON' to 'RUNNING'
00:00:01.955543 Console: Machine state changed to 'Running'
00:00:01.957948 VMMDev: Guest Log: BIOS: VirtualBox 7.0.10
00:00:01.958261 PCI: Setting up resources and interrupts
00:00:01.958463 PIT: mode=2 count=0x10000 (65536) - 18.20 Hz (ch=0)
00:00:01.979593 Display::i_handleDisplayResize: uScreenId=0 pvVRAM=0000000000000000 w=720 h=400 bpp=0 cbLine=0x0 flags=0x0 origin=0,0
00:00:01.980115 VMMDev: Guest Log: CPUID EDX: 0x178bfbff
00:00:01.980720 VMMDev: Guest Log: BIOS: No PCI IDE controller, not probing IDE
00:00:02.024394 PIT: mode=2 count=0x48d3 (18643) - 64.00 Hz (ch=0)
00:00:02.044637 Display::i_handleDisplayResize: uScreenId=0 pvVRAM=000001ea3eb70000 w=640 h=480 bpp=32 cbLine=0xA00 flags=0x0 origin=0,0
00:00:02.045447 VBoxHeadless: starting event loop
00:00:04.495841 Display::i_handleDisplayResize: uScreenId=0 pvVRAM=0000000000000000 w=720 h=400 bpp=0 cbLine=0x0 flags=0x0 origin=0,0
00:00:04.502911 PIT: mode=2 count=0x10000 (65536) - 18.20 Hz (ch=0)
00:00:04.503183 VMMDev: Guest Log: BIOS: Boot : bseqnr=1, bootseq=0001
00:00:04.524374 VMMDev: Guest Log: BIOS: Booting from Floppy...
00:00:04.550736 Audio: Warning: Scheduling hint of stream '[WasAPI] Output:0' is bigger (279172875240ms) than used period size (0ms)
00:00:04.558212 Display::i_handleDisplayResize: uScreenId=0 pvVRAM=000001ea3eb70000 w=640 h=400 bpp=0 cbLine=0x140 flags=0x0 origin=0,0
