00:00:00.446180 VirtualBox VM 7.0.10 r158379 win.amd64 (Jul 12 2023 18:34:34) release log
00:00:00.446182 Log opened 2026-04-09T01:50:28.193160500Z
00:00:00.446182 Build Type: release
00:00:00.446185 OS Product: Windows 10
00:00:00.446186 OS Release: 10.0.19045
00:00:00.446187 OS Service Pack: 
00:00:00.519125 DMI Product Name: System Product Name
00:00:00.522739 DMI Product Version: System Version
00:00:00.522759 Firmware type: UEFI
00:00:00.523403 Secure Boot: VERR_PRIVILEGE_NOT_HELD
00:00:00.523424 Host RAM: 32692MB (31.9GB) total, 11712MB (11.4GB) available
00:00:00.523426 Executable: C:\Program Files\Oracle\VirtualBox\VBoxHeadless.exe
00:00:00.523426 Process ID: 30616
00:00:00.523427 Package type: WINDOWS_64BITS_GENERIC
00:00:00.524078 Installed Extension Packs:
00:00:00.524094   None installed!
00:00:00.524699 Console: Machine state changed to 'Starting'
00:00:00.644008 SUP: seg #0: R   0x00000000 LB 0x00001000
00:00:00.644029 SUP: seg #1: R X 0x00001000 LB 0x00179000
00:00:00.644033 SUP: seg #2: R   0x0017a000 LB 0x00051000
00:00:00.644037 SUP: seg #3: RW  0x001cb000 LB 0x00013000
00:00:00.644041 SUP: seg #4: R   0x001de000 LB 0x00011000
00:00:00.644044 SUP: seg #5: RW  0x001ef000 LB 0x00004000
00:00:00.644047 SUP: seg #6: R   0x001f3000 LB 0x00010000
00:00:00.644051 SUP: seg #7: R X 0x00203000 LB 0x00002000
00:00:00.644054 SUP: seg #8: R   0x00205000 LB 0x00007000
00:00:00.647868 SUP: Loaded VMMR0.r0 (C:\Program Files\Oracle\VirtualBox/VMMR0.r0) at 0xXXXXXXXXXXXXXXXX - ModuleInit at XXXXXXXXXXXXXXXX and ModuleTerm at XXXXXXXXXXXXXXXX using the native ring-0 loader
00:00:00.647915 SUP: VMMR0EntryEx located at XXXXXXXXXXXXXXXX and VMMR0EntryFast at XXXXXXXXXXXXXXXX
00:00:00.647919 SUP: windbg> .reload /f C:\Program Files\Oracle\VirtualBox/VMMR0.r0=0xXXXXXXXXXXXXXXXX
00:00:00.650950 Guest OS type: 'Other'
00:00:00.651593 fHMForced=true - No raw-mode support in this build!
00:00:00.653980 File system of 'C:\Users\RhythmicCarnage\Desktop\CyberStorm\build\cyberstorm.vfd' (Floppy) is ntfs
00:00:00.657939 Audio: Detected default audio driver type is 'HostAudioWas'
00:00:00.677756 Shared Clipboard: Service loaded
00:00:00.677784 Shared Clipboard: Mode: Off
00:00:00.677848 Shared Clipboard: Service running in headless mode
00:00:00.695950 Drag and drop service loaded
00:00:00.695964 Drag and drop mode: Off
00:00:00.865864 ************************* CFGM dump *************************
00:00:00.865871 [/] (level 0)
00:00:00.865874   CpuExecutionCap   <integer> = 0x0000000000000064 (100)
00:00:00.865876   EnablePAE         <integer> = 0x0000000000000001 (1)
00:00:00.865878   HMEnabled         <integer> = 0x0000000000000001 (1)
00:00:00.865879   MemBalloonSize    <integer> = 0x0000000000000000 (0, 0 B)
00:00:00.865884   Name              <string>  = "CyberStorm" (cb=11)
00:00:00.865885   NumCPUs           <integer> = 0x0000000000000001 (1)
00:00:00.865886   PageFusionAllowed <integer> = 0x0000000000000000 (0)
00:00:00.865886   RamHoleSize       <integer> = 0x0000000020000000 (536 870 912, 512.0 MiB)
00:00:00.865888   RamSize           <integer> = 0x0000000002000000 (33 554 432, 32.0 MiB)
00:00:00.865889   TimerMillies      <integer> = 0x000000000000000a (10)
00:00:00.865889   UUID              <bytes>   = "75 b0 7c df 1a 2f 71 4b 85 ae ff 02 41 ab ec 31" (cb=16)
00:00:00.865894 
00:00:00.865895 [/CPUM/] (level 1)
00:00:00.865896   Enable64bit        <integer> = 0x0000000000000000 (0)
00:00:00.865897   GuestCpuName       <string>  = "host" (cb=5)
00:00:00.865898   NestedHWVirt       <integer> = 0x0000000000000000 (0)
00:00:00.865899   PortableCpuIdLevel <integer> = 0x0000000000000000 (0)
00:00:00.865899   SpecCtrl           <integer> = 0x0000000000000000 (0)
00:00:00.865900 
00:00:00.865900 [/CPUM/IsaExts/] (level 2)
00:00:00.865902 
00:00:00.865902 [/DBGC/] (level 1)
00:00:00.865903   GlobalInitScript <string>  = "C:\Users\RhythmicCarnage\.VirtualBox/dbgc-init" (cb=47)
00:00:00.865903   HistoryFile      <string>  = "C:\Users\RhythmicCarnage\.VirtualBox/dbgc-history" (cb=50)
00:00:00.865904   LocalInitScript  <string>  = "C:\Users\RhythmicCarnage\Desktop\CyberStorm\deploy\virtualbox\CyberStorm/dbgc-init" (cb=83)
00:00:00.865905 
00:00:00.865905 [/DBGF/] (level 1)
00:00:00.865906   Path <string>  = "C:\Users\RhythmicCarnage\Desktop\CyberStorm\deploy\virtualbox\CyberStorm/debug/;C:\Users\RhythmicCarnage\Desktop\CyberStorm\deploy\virtualbox\CyberStorm/;cache*C:\Users\RhythmicCarnage\Desktop\CyberStorm\deploy\virtualbox\CyberStorm/dbgcache/;C:\Users\RhythmicCarnage\" (cb=269)
00:00:00.865906 
00:00:00.865907 [/Devices/] (level 1)
00:00:00.865907 
00:00:00.865907 [/Devices/3c501/] (level 2)
00:00:00.865908 
00:00:00.865908 [/Devices/8237A/] (level 2)
00:00:00.865909 
00:00:00.865909 [/Devices/8237A/0/] (level 3)
00:00:00.865911   Trusted <integer> = 0x0000000000000001 (1)
00:00:00.865911 
00:00:00.865911 [/Devices/VMMDev/] (level 2)
00:00:00.865912 
00:00:00.865912 [/Devices/VMMDev/0/] (level 3)
00:00:00.865914   PCIBusNo      <integer> = 0x0000000000000000 (0)
00:00:00.865914   PCIDeviceNo   <integer> = 0x0000000000000004 (4)
00:00:00.865915   PCIFunctionNo <integer> = 0x0000000000000000 (0)
00:00:00.865916   Trusted       <integer> = 0x0000000000000001 (1)
00:00:00.865916 
00:00:00.865916 [/Devices/VMMDev/0/Config/] (level 4)
00:00:00.865918   GuestCoreDumpDir <string>  = "C:\Users\RhythmicCarnage\Desktop\CyberStorm\deploy\virtualbox\CyberStorm\Snapshots" (cb=83)
00:00:00.865918 
00:00:00.865918 [/Devices/VMMDev/0/LUN#0/] (level 4)
00:00:00.865920   Driver <string>  = "HGCM" (cb=5)
00:00:00.865920 
00:00:00.865920 [/Devices/VMMDev/0/LUN#0/Config/] (level 5)
00:00:00.865922 
00:00:00.865922 [/Devices/VMMDev/0/LUN#999/] (level 4)
00:00:00.865923   Driver <string>  = "MainStatus" (cb=11)
00:00:00.865924 
00:00:00.865924 [/Devices/VMMDev/0/LUN#999/Config/] (level 5)
00:00:00.865925   First                <integer> = 0x0000000000000000 (0)
00:00:00.865926   HasMediumAttachments <integer> = 0x0000000000000000 (0)
00:00:00.865927   Last                 <integer> = 0x0000000000000000 (0)
00:00:00.865928   iLedSet              <integer> = 0x0000000000000003 (3)
00:00:00.865928 
00:00:00.865929 [/Devices/acpi/] (level 2)
00:00:00.865929 
00:00:00.865930 [/Devices/acpi/0/] (level 3)
00:00:00.865931   PCIBusNo      <integer> = 0x0000000000000000 (0)
00:00:00.865932   PCIDeviceNo   <integer> = 0x0000000000000007 (7)
00:00:00.865932   PCIFunctionNo <integer> = 0x0000000000000000 (0)
00:00:00.865933   Trusted       <integer> = 0x0000000000000001 (1)
00:00:00.865934 
00:00:00.865934 [/Devices/acpi/0/Config/] (level 4)
00:00:00.865936   CpuHotPlug          <integer> = 0x0000000000000000 (0)
00:00:00.865937   FdcEnabled          <integer> = 0x0000000000000001 (1)
00:00:00.865937   HostBusPciAddress   <integer> = 0x0000000000000000 (0)
00:00:00.865938   HpetEnabled         <integer> = 0x0000000000000000 (0)
00:00:00.865939   IOAPIC              <integer> = 0x0000000000000000 (0)
00:00:00.865939   IocPciAddress       <integer> = 0x0000000000010000 (65 536)
00:00:00.865940   NumCPUs             <integer> = 0x0000000000000001 (1)
00:00:00.865941   Parallel0IoPortBase <integer> = 0x0000000000000000 (0)
00:00:00.865942   Parallel0Irq        <integer> = 0x0000000000000000 (0)
00:00:00.865942   Parallel1IoPortBase <integer> = 0x0000000000000000 (0)
00:00:00.865943   Parallel1Irq        <integer> = 0x0000000000000000 (0)
00:00:00.865943   Serial0IoPortBase   <integer> = 0x0000000000000000 (0)
00:00:00.865944   Serial0Irq          <integer> = 0x0000000000000000 (0)
00:00:00.865945   Serial1IoPortBase   <integer> = 0x0000000000000000 (0)
00:00:00.865945   Serial1Irq          <integer> = 0x0000000000000000 (0)
00:00:00.865946   ShowCpu             <integer> = 0x0000000000000000 (0)
00:00:00.865947   ShowRtc             <integer> = 0x0000000000000000 (0)
00:00:00.865947   SmcEnabled          <integer> = 0x0000000000000000 (0)
00:00:00.865948 
00:00:00.865948 [/Devices/acpi/0/LUN#0/] (level 4)
00:00:00.865949   Driver <string>  = "ACPIHost" (cb=9)
00:00:00.865950 
00:00:00.865950 [/Devices/acpi/0/LUN#0/Config/] (level 5)
00:00:00.865952 
00:00:00.865952 [/Devices/apic/] (level 2)
00:00:00.865953 
00:00:00.865953 [/Devices/apic/0/] (level 3)
00:00:00.865954   Trusted <integer> = 0x0000000000000001 (1)
00:00:00.865955 
00:00:00.865955 [/Devices/apic/0/Config/] (level 4)
00:00:00.865956   IOAPIC  <integer> = 0x0000000000000000 (0)
00:00:00.865957   Mode    <integer> = 0x0000000000000002 (2)
00:00:00.865957   NumCPUs <integer> = 0x0000000000000001 (1)
00:00:00.865958 
00:00:00.865958 [/Devices/dp8390/] (level 2)
00:00:00.865959 
00:00:00.865959 [/Devices/e1000/] (level 2)
00:00:00.865960 
00:00:00.865960 [/Devices/i82078/] (level 2)
00:00:00.865961 
00:00:00.865961 [/Devices/i82078/0/] (level 3)
00:00:00.865963   Trusted <integer> = 0x0000000000000001 (1)
00:00:00.865963 
00:00:00.865963 [/Devices/i82078/0/Config/] (level 4)
00:00:00.865965   DMA       <integer> = 0x0000000000000002 (2)
00:00:00.865965   IOBase    <integer> = 0x00000000000003f0 (1 008)
00:00:00.865966   IRQ       <integer> = 0x0000000000000006 (6)
00:00:00.865967   MemMapped <integer> = 0x0000000000000000 (0)
00:00:00.865967 
00:00:00.865968 [/Devices/i82078/0/LUN#0/] (level 4)
00:00:00.865969   Driver <string>  = "VD" (cb=3)
00:00:00.865970 
00:00:00.865970 [/Devices/i82078/0/LUN#0/Config/] (level 5)
00:00:00.865972   Format        <string>  = "RAW" (cb=4)
00:00:00.865972   MaybeReadOnly <integer> = 0x0000000000000001 (1)
00:00:00.865973   Mountable     <integer> = 0x0000000000000001 (1)
00:00:00.865973   Path          <string>  = "C:\Users\RhythmicCarnage\Desktop\CyberStorm\build\cyberstorm.vfd" (cb=65)
00:00:00.865974   Type          <string>  = "Floppy 1.44" (cb=12)
00:00:00.865975 
00:00:00.865975 [/Devices/i82078/0/LUN#999/] (level 4)
00:00:00.865976   Driver <string>  = "MainStatus" (cb=11)
00:00:00.865977 
00:00:00.865977 [/Devices/i82078/0/LUN#999/Config/] (level 5)
00:00:00.865979   DeviceInstance       <string>  = "i82078/0" (cb=9)
00:00:00.865980   First                <integer> = 0x0000000000000000 (0)
00:00:00.865981   HasMediumAttachments <integer> = 0x0000000000000001 (1)
00:00:00.865981   Last                 <integer> = 0x0000000000000001 (1)
00:00:00.865982   iLedSet              <integer> = 0x0000000000000001 (1)
00:00:00.865983 
00:00:00.865983 [/Devices/i8254/] (level 2)
00:00:00.865984 
00:00:00.865984 [/Devices/i8254/0/] (level 3)
00:00:00.865985 
00:00:00.865985 [/Devices/i8254/0/Config/] (level 4)
00:00:00.865986 
00:00:00.865986 [/Devices/i8259/] (level 2)
00:00:00.865987 
00:00:00.865987 [/Devices/i8259/0/] (level 3)
00:00:00.865988   Trusted <integer> = 0x0000000000000001 (1)
00:00:00.865989 
00:00:00.865989 [/Devices/i8259/0/Config/] (level 4)
00:00:00.865990 
00:00:00.865991 [/Devices/mc146818/] (level 2)
00:00:00.865992 
00:00:00.865992 [/Devices/mc146818/0/] (level 3)
00:00:00.865993 
00:00:00.865993 [/Devices/mc146818/0/Config/] (level 4)
00:00:00.865994   UseUTC <integer> = 0x0000000000000000 (0)
00:00:00.865995 
00:00:00.865995 [/Devices/parallel/] (level 2)
00:00:00.865996 
00:00:00.865996 [/Devices/pcarch/] (level 2)
00:00:00.865997 
00:00:00.865997 [/Devices/pcarch/0/] (level 3)
00:00:00.865998   Trusted <integer> = 0x0000000000000001 (1)
00:00:00.865999 
00:00:00.865999 [/Devices/pcarch/0/Config/] (level 4)
00:00:00.866000 
00:00:00.866000 [/Devices/pcbios/] (level 2)
00:00:00.866001 
00:00:00.866001 [/Devices/pcbios/0/] (level 3)
00:00:00.866002   Trusted <integer> = 0x0000000000000001 (1)
00:00:00.866003 
00:00:00.866003 [/Devices/pcbios/0/Config/] (level 4)
00:00:00.866006   APIC           <integer> = 0x0000000000000001 (1)
00:00:00.866006   BootDevice0    <string>  = "FLOPPY" (cb=7)
00:00:00.866007   BootDevice1    <string>  = "NONE" (cb=5)
00:00:00.866008   BootDevice2    <string>  = "NONE" (cb=5)
00:00:00.866008   BootDevice3    <string>  = "NONE" (cb=5)
00:00:00.866009   FloppyDevice   <string>  = "i82078" (cb=7)
00:00:00.866009   HardDiskDevice <string>  = "piix3ide" (cb=9)
00:00:00.866010   IOAPIC         <integer> = 0x0000000000000000 (0)
00:00:00.866010   McfgBase       <integer> = 0x0000000000000000 (0)
00:00:00.866011   McfgLength     <integer> = 0x0000000000000000 (0)
00:00:00.866012   NumCPUs        <integer> = 0x0000000000000001 (1)
00:00:00.866012   PXEDebug       <integer> = 0x0000000000000000 (0)
00:00:00.866013   UUID           <bytes>   = "75 b0 7c df 1a 2f 71 4b 85 ae ff 02 41 ab ec 31" (cb=16)
00:00:00.866015   UuidLe         <integer> = 0x0000000000000001 (1)
00:00:00.866016 
00:00:00.866016 [/Devices/pcbios/0/Config/NetBoot/] (level 5)
00:00:00.866017 
00:00:00.866017 [/Devices/pcbios/0/Config/NetBoot/0/] (level 6)
00:00:00.866019   NIC           <integer> = 0x0000000000000000 (0)
00:00:00.866019   PCIBusNo      <integer> = 0x0000000000000000 (0)
00:00:00.866020   PCIDeviceNo   <integer> = 0x0000000000000003 (3)
00:00:00.866020   PCIFunctionNo <integer> = 0x0000000000000000 (0)
00:00:00.866021 
00:00:00.866021 [/Devices/pci/] (level 2)
00:00:00.866022 
00:00:00.866022 [/Devices/pci/0/] (level 3)
00:00:00.866023   Trusted <integer> = 0x0000000000000001 (1)
00:00:00.866024 
00:00:00.866024 [/Devices/pci/0/Config/] (level 4)
00:00:00.866025   IOAPIC <integer> = 0x0000000000000000 (0)
00:00:00.866026 
00:00:00.866026 [/Devices/pcibridge/] (level 2)
00:00:00.866027 
00:00:00.866027 [/Devices/pckbd/] (level 2)
00:00:00.866028 
00:00:00.866028 [/Devices/pckbd/0/] (level 3)
00:00:00.866029   Trusted <integer> = 0x0000000000000001 (1)
00:00:00.866030 
00:00:00.866030 [/Devices/pckbd/0/Config/] (level 4)
00:00:00.866031 
00:00:00.866031 [/Devices/pckbd/0/LUN#0/] (level 4)
00:00:00.866032   Driver <string>  = "KeyboardQueue" (cb=14)
00:00:00.866033 
00:00:00.866033 [/Devices/pckbd/0/LUN#0/AttachedDriver/] (level 5)
00:00:00.866034   Driver <string>  = "MainKeyboard" (cb=13)
00:00:00.866035 
00:00:00.866035 [/Devices/pckbd/0/LUN#0/Config/] (level 5)
00:00:00.866036   QueueSize <integer> = 0x0000000000000040 (64, 64 B)
00:00:00.866037 
00:00:00.866037 [/Devices/pckbd/0/LUN#1/] (level 4)
00:00:00.866038   Driver <string>  = "MouseQueue" (cb=11)
00:00:00.866039 
00:00:00.866039 [/Devices/pckbd/0/LUN#1/AttachedDriver/] (level 5)
00:00:00.866040   Driver <string>  = "MainMouse" (cb=10)
00:00:00.866041 
00:00:00.866041 [/Devices/pckbd/0/LUN#1/Config/] (level 5)
00:00:00.866042   QueueSize <integer> = 0x0000000000000080 (128, 128 B)
00:00:00.866043 
00:00:00.866043 [/Devices/pcnet/] (level 2)
00:00:00.866044 
00:00:00.866044 [/Devices/pcnet/0/] (level 3)
00:00:00.866045   PCIBusNo      <integer> = 0x0000000000000000 (0)
00:00:00.866046   PCIDeviceNo   <integer> = 0x0000000000000003 (3)
00:00:00.866046   PCIFunctionNo <integer> = 0x0000000000000000 (0)
00:00:00.866047   Trusted       <integer> = 0x0000000000000001 (1)
00:00:00.866047 
00:00:00.866048 [/Devices/pcnet/0/Config/] (level 4)
00:00:00.866049   CableConnected <integer> = 0x0000000000000001 (1)
00:00:00.866050   ChipType       <string>  = "Am79C973" (cb=9)
00:00:00.866050   LineSpeed      <integer> = 0x0000000000000000 (0)
00:00:00.866051   MAC            <bytes>   = "08 00 27 7d 6e 85" (cb=6)
00:00:00.866052 
00:00:00.866052 [/Devices/pcnet/0/LUN#0/] (level 4)
00:00:00.866053   Driver <string>  = "NAT" (cb=4)
00:00:00.866054 
00:00:00.866054 [/Devices/pcnet/0/LUN#0/Config/] (level 5)
00:00:00.866055   AliasMode          <integer> = 0x0000000000000000 (0)
00:00:00.866056   BootFile           <string>  = "CyberStorm.pxe" (cb=15)
00:00:00.866057   DNSProxy           <integer> = 0x0000000000000000 (0)
00:00:00.866058   LocalhostReachable <integer> = 0x0000000000000001 (1)
00:00:00.866058   Network            <string>  = "10.0.2.0/24" (cb=12)
00:00:00.866059   PassDomain         <integer> = 0x0000000000000001 (1)
00:00:00.866060   TFTPPrefix         <string>  = "C:\Users\RhythmicCarnage\.VirtualBox\TFTP" (cb=42)
00:00:00.866060   UseHostResolver    <integer> = 0x0000000000000000 (0)
00:00:00.866061 
00:00:00.866061 [/Devices/pcnet/0/LUN#999/] (level 4)
00:00:00.866062   Driver <string>  = "MainStatus" (cb=11)
00:00:00.866063 
00:00:00.866063 [/Devices/pcnet/0/LUN#999/Config/] (level 5)
00:00:00.866064   First                <integer> = 0x0000000000000000 (0)
00:00:00.866065   HasMediumAttachments <integer> = 0x0000000000000000 (0)
00:00:00.866066   Last                 <integer> = 0x0000000000000000 (0)
00:00:00.866066   iLedSet              <integer> = 0x0000000000000002 (2)
00:00:00.866067 
00:00:00.866067 [/Devices/sb16/] (level 2)
00:00:00.866068 
00:00:00.866068 [/Devices/sb16/0/] (level 3)
00:00:00.866069   Trusted <integer> = 0x0000000000000001 (1)
00:00:00.866070 
00:00:00.866070 [/Devices/sb16/0/AudioConfig/] (level 4)
00:00:00.866071 
00:00:00.866071 [/Devices/sb16/0/Config/] (level 4)
00:00:00.866072   DMA          <integer> = 0x0000000000000001 (1)
00:00:00.866073   DMA16        <integer> = 0x0000000000000005 (5)
00:00:00.866074   DebugEnabled <integer> = 0x0000000000000000 (0)
00:00:00.866074   IRQ          <integer> = 0x0000000000000005 (5)
00:00:00.866075   Port         <integer> = 0x0000000000000220 (544)
00:00:00.866076   Version      <integer> = 0x0000000000000405 (1 029)
00:00:00.866076 
00:00:00.866077 [/Devices/sb16/0/LUN#0/] (level 4)
00:00:00.866078   Driver <string>  = "AUDIO" (cb=6)
00:00:00.866078 
00:00:00.866078 [/Devices/sb16/0/LUN#0/AttachedDriver/] (level 5)
00:00:00.866080   Driver <string>  = "HostAudioWas" (cb=13)
00:00:00.866080 
00:00:00.866080 [/Devices/sb16/0/LUN#0/AttachedDriver/Config/] (level 6)
00:00:00.866082   VmName <string>  = "CyberStorm" (cb=11)
00:00:00.866082   VmUuid <string>  = "df7cb075-2f1a-4b71-85ae-ff0241abec31" (cb=37)
00:00:00.866083 
00:00:00.866083 [/Devices/sb16/0/LUN#0/Config/] (level 5)
00:00:00.866084   DriverName    <string>  = "HostAudioWas" (cb=13)
00:00:00.866085   InputEnabled  <integer> = 0x0000000000000000 (0)
00:00:00.866086   OutputEnabled <integer> = 0x0000000000000001 (1)
00:00:00.866086 
00:00:00.866086 [/Devices/sb16/0/LUN#1/] (level 4)
00:00:00.866087   Driver <string>  = "AUDIO" (cb=6)
00:00:00.866088 
00:00:00.866088 [/Devices/sb16/0/LUN#2/] (level 4)
00:00:00.866089   Driver <string>  = "AUDIO" (cb=6)
00:00:00.866089 
00:00:00.866090 [/Devices/serial/] (level 2)
00:00:00.866090 
00:00:00.866090 [/Devices/vga/] (level 2)
00:00:00.866091 
00:00:00.866091 [/Devices/vga/0/] (level 3)
00:00:00.866093   PCIBusNo      <integer> = 0x0000000000000000 (0)
00:00:00.866094   PCIDeviceNo   <integer> = 0x0000000000000002 (2)
00:00:00.866094   PCIFunctionNo <integer> = 0x0000000000000000 (0)
00:00:00.866095   Trusted       <integer> = 0x0000000000000001 (1)
00:00:00.866095 
00:00:00.866096 [/Devices/vga/0/Config/] (level 4)
00:00:00.866097   3DEnabled        <integer> = 0x0000000000000000 (0)
00:00:00.866097   CustomVideoModes <integer> = 0x0000000000000000 (0)
00:00:00.866098   FadeIn           <integer> = 0x0000000000000001 (1)
00:00:00.866099   FadeOut          <integer> = 0x0000000000000001 (1)
00:00:00.866099   HeightReduction  <integer> = 0x0000000000000000 (0)
00:00:00.866100   LogoFile         <string>  = "" (cb=1)
00:00:00.866101   LogoTime         <integer> = 0x0000000000000000 (0)
00:00:00.866101   MonitorCount     <integer> = 0x0000000000000001 (1)
00:00:00.866102   ShowBootMenu     <integer> = 0x0000000000000002 (2)
00:00:00.866102   VRamSize         <integer> = 0x0000000000800000 (8 388 608, 8.0 MiB)
00:00:00.866103 
00:00:00.866104 [/Devices/vga/0/LUN#0/] (level 4)
00:00:00.866105   Driver <string>  = "MainDisplay" (cb=12)
00:00:00.866105 
00:00:00.866106 [/Devices/vga/0/LUN#0/Config/] (level 5)
00:00:00.866107 
00:00:00.866107 [/Devices/vga/0/LUN#999/] (level 4)
00:00:00.866108   Driver <string>  = "MainStatus" (cb=11)
00:00:00.866108 
00:00:00.866109 [/Devices/vga/0/LUN#999/Config/] (level 5)
00:00:00.866110   First                <integer> = 0x0000000000000000 (0)
00:00:00.866110   HasMediumAttachments <integer> = 0x0000000000000000 (0)
00:00:00.866111   Last                 <integer> = 0x0000000000000000 (0)
00:00:00.866112   iLedSet              <integer> = 0x0000000000000000 (0)
00:00:00.866113 
00:00:00.866113 [/Devices/virtio-net/] (level 2)
00:00:00.866114 
00:00:00.866114 [/EM/] (level 1)
00:00:00.866114   TripleFaultReset <integer> = 0x0000000000000000 (0)
00:00:00.866115 
00:00:00.866115 [/GCM/] (level 1)
00:00:00.866116   FixerSet <integer> = 0x0000000000000000 (0)
00:00:00.866117 
00:00:00.866117 [/GIM/] (level 1)
00:00:00.866117   Provider <string>  = "None" (cb=5)
00:00:00.866118 
00:00:00.866118 [/HM/] (level 1)
00:00:00.866120   64bitEnabled        <integer> = 0x0000000000000000 (0)
00:00:00.866120   EnableLargePages    <integer> = 0x0000000000000001 (1)
00:00:00.866121   EnableNestedPaging  <integer> = 0x0000000000000001 (1)
00:00:00.866121   EnableUX            <integer> = 0x0000000000000001 (1)
00:00:00.866122   EnableVPID          <integer> = 0x0000000000000001 (1)
00:00:00.866123   Exclusive           <integer> = 0x0000000000000000 (0)
00:00:00.866123   HMForced            <integer> = 0x0000000000000001 (1)
00:00:00.866124   IBPBOnVMEntry       <integer> = 0x0000000000000000 (0)
00:00:00.866125   IBPBOnVMExit        <integer> = 0x0000000000000000 (0)
00:00:00.866125   L1DFlushOnSched     <integer> = 0x0000000000000001 (1)
00:00:00.866126   L1DFlushOnVMEntry   <integer> = 0x0000000000000000 (0)
00:00:00.866126   MDSClearOnSched     <integer> = 0x0000000000000001 (1)
00:00:00.866127   MDSClearOnVMEntry   <integer> = 0x0000000000000000 (0)
00:00:00.866128   SpecCtrlByHost      <integer> = 0x0000000000000000 (0)
00:00:00.866128   SvmVirtVmsaveVmload <integer> = 0x0000000000000000 (0)
00:00:00.866129   UseNEMInstead       <integer> = 0x0000000000000000 (0)
00:00:00.866130 
00:00:00.866130 [/MM/] (level 1)
00:00:00.866130   CanUseLargerHeap <integer> = 0x0000000000000000 (0)
00:00:00.866131 
00:00:00.866131 [/NEM/] (level 1)
00:00:00.866132   Allow64BitGuests <integer> = 0x0000000000000000 (0)
00:00:00.866132 
00:00:00.866133 [/PDM/] (level 1)
00:00:00.866133 
00:00:00.866133 [/PDM/AsyncCompletion/] (level 2)
00:00:00.866134 
00:00:00.866134 [/PDM/AsyncCompletion/File/] (level 3)
00:00:00.866135 
00:00:00.866136 [/PDM/AsyncCompletion/File/BwGroups/] (level 4)
00:00:00.866137 
00:00:00.866137 [/PDM/BlkCache/] (level 2)
00:00:00.866138   CacheSize <integer> = 0x0000000000500000 (5 242 880, 5.0 MiB)
00:00:00.866139 
00:00:00.866139 [/PDM/Devices/] (level 2)
00:00:00.866140 
00:00:00.866140 [/PDM/Drivers/] (level 2)
00:00:00.866141 
00:00:00.866141 [/PDM/Drivers/VBoxC/] (level 3)
00:00:00.866142   Path <string>  = "VBoxC" (cb=6)
00:00:00.866143 
00:00:00.866143 [/PDM/NetworkShaper/] (level 2)
00:00:00.866144 
00:00:00.866144 [/PDM/NetworkShaper/BwGroups/] (level 3)
00:00:00.866145 
00:00:00.866145 [/TM/] (level 1)
00:00:00.866146   UTCOffset <integer> = 0x0000000000000000 (0)
00:00:00.866146 
00:00:00.866147 ********************* End of CFGM dump **********************
00:00:00.866210 HM: HMR3Init: Attempting fall back to NEM: AMD-V is not available
00:00:00.928987 NEM:  info: Found optional import WinHvPlatform.dll!WHvQueryGpaRangeDirtyBitmap.
00:00:00.929004 NEM:  info: Found optional import vid.dll!VidGetHvPartitionId.
00:00:00.929009 NEM:  info: Found optional import vid.dll!VidGetPartitionProperty.
00:00:00.929074 NEM: WHvCapabilityCodeHypervisorPresent is TRUE, so this might work...
00:00:00.929079 NEM: WHvCapabilityCodeExtendedVmExits      = 0x00000000000003ff
00:00:00.929084 NEM:                       fExtendedMsrExit: 1
00:00:00.929088 NEM:                     fExtendedCpuIdExit: 1
00:00:00.929091 NEM:                      fExtendedXcptExit: 1
00:00:00.929095 NEM: Warning! Unknown VM exit definitions: 0x3ff
00:00:00.929098 NEM: Warning! Unknown feature definitions: 0x7f
00:00:00.929101 NEM: Supported exception exit bitmap: 0xf7dfb
00:00:00.929107 NEM: WHvCapabilityCodeProcessorVendor      = 0 - AMD
00:00:00.929115 NEM: WHvCapabilityCodeProcessorFeatures    = 0x000006cb66f39fbf
00:00:00.929119 NEM:                            Sse3Support: 1
00:00:00.929129 NEM:                        LahfSahfSupport: 1
00:00:00.929133 NEM:                           Ssse3Support: 1
00:00:00.929136 NEM:                          Sse4_1Support: 1
00:00:00.929140 NEM:                          Sse4_2Support: 1
00:00:00.929143 NEM:                           Sse4aSupport: 1
00:00:00.929146 NEM:                             XopSupport: 0
00:00:00.929149 NEM:                          PopCntSupport: 1
00:00:00.929153 NEM:                      Cmpxchg16bSupport: 1
00:00:00.929156 NEM:                       Altmovcr8Support: 1
00:00:00.929159 NEM:                           LzcntSupport: 1
00:00:00.929162 NEM:                     MisAlignSseSupport: 1
00:00:00.929165 NEM:                          MmxExtSupport: 1
00:00:00.929168 NEM:                        Amd3DNowSupport: 0
00:00:00.929172 NEM:                ExtendedAmd3DNowSupport: 0
00:00:00.929175 NEM:                         Page1GbSupport: 1
00:00:00.929178 NEM:                             AesSupport: 1
00:00:00.929181 NEM:                       PclmulqdqSupport: 1
00:00:00.929184 NEM:                            PcidSupport: 0
00:00:00.929187 NEM:                            Fma4Support: 0
00:00:00.929191 NEM:                            F16CSupport: 1
00:00:00.929194 NEM:                          RdRandSupport: 1
00:00:00.929197 NEM:                        RdWrFsGsSupport: 1
00:00:00.929200 NEM:                            SmepSupport: 1
00:00:00.929203 NEM:              EnhancedFastStringSupport: 0
00:00:00.929206 NEM:                            Bmi1Support: 1
00:00:00.929213 NEM:                            Bmi2Support: 1
00:00:00.929216 NEM:                           MovbeSupport: 1
00:00:00.929219 NEM:                          Npiep1Support: 1
00:00:00.929223 NEM:                   DepX87FPUSaveSupport: 0
00:00:00.929226 NEM:                          RdSeedSupport: 1
00:00:00.929229 NEM:                             AdxSupport: 1
00:00:00.929232 NEM:                   IntelPrefetchSupport: 0
00:00:00.929236 NEM:                            SmapSupport: 1
00:00:00.929239 NEM:                             HleSupport: 0
00:00:00.929242 NEM:                             RtmSupport: 0
00:00:00.929245 NEM:                          RdtscpSupport: 1
00:00:00.929248 NEM:                      ClflushoptSupport: 1
00:00:00.929251 NEM:                            ClwbSupport: 0
00:00:00.929255 NEM:                             ShaSupport: 1
00:00:00.929258 NEM:                X87PointersSavedSupport: 1
00:00:00.929264 NEM: WHvCapabilityCodeProcessorClFlushSize = 2^8
00:00:00.929268 NEM: Warning! Unknown capability 0x4 returning: 3f 00 00 00 00 00 00 00 00 00 00 00 00 00 00 00 00 00 00 00 00 00 00 00
00:00:00.929731 NEM: Warning! Unknown capability 0x1003 returning: 1f 38 00 00 00 00 00 00 00 00 00 00 00 00 00 00 00 00 00 00 00 00 00 00
00:00:00.929743 NEM: Warning! Unknown capability 0x1004 returning: cd 76 82 e2 00 00 00 00 00 00 00 00 00 00 00 00 00 00 00 00 00 00 00 00
00:00:00.929748 NEM: Warning! Unknown capability 0x1005 returning: 00 c2 eb 0b 00 00 00 00 00 00 00 00 00 00 00 00 00 00 00 00 00 00 00 00
00:00:00.929753 NEM: Warning! Unknown capability 0x1006 returning: 02 00 00 00 00 00 00 00 bf 9f f3 66 cb 06 00 00 04 00 00 00 00 00 00 00
00:00:00.930506 NEM: Created partition 00000193eb188e30.
00:00:00.930581 NEM:
00:00:00.930581 NEM: NEMR3Init: Snail execution mode is active!
00:00:00.930582 NEM: Note! VirtualBox is not able to run at its full potential in this execution mode.
00:00:00.930582 NEM:       To see VirtualBox run at max speed you need to disable all Windows features
00:00:00.930582 NEM:       making use of Hyper-V.  That is a moving target, so google how and carefully
00:00:00.930582 NEM:       consider the consequences of disabling these features.
00:00:00.930582 NEM:
00:00:00.930618 CPUM: No hardware-virtualization capability detected
00:00:00.930622 CPUM: fXStateHostMask=0x7; initial: 0x7; host XCR0=0x7
00:00:00.933260 CPUM: Matched host CPU AMD 0x17/0x8/0x2 AMD_Zen_Ryzen with CPU DB entry 'AMD Ryzen 7 1800X Eight-Core' (AMD 0x17/0x1/0x1 AMD_Zen_Ryzen)
00:00:00.934389 CPUM: MXCSR_MASK=0x2ffff (host: 0x2ffff)
00:00:00.934427 CPUM: Microcode revision 0x08008202
00:00:00.934446 CPUM: MSR fudge: 0x00000001 IA32_P5_MC_TYPE
00:00:00.934450 CPUM: MSR fudge: 0x00000017 IA32_PLATFORM_ID
00:00:00.934502 CPUM: MSR fudge: 0x0000001b IA32_APIC_BASE
00:00:00.934506 CPUM: MSR fudge: 0x0000008b BIOS_SIGN
00:00:00.934510 CPUM: MSR fudge: 0x000000fe IA32_MTRRCAP
00:00:00.934513 CPUM: MSR fudge: 0x00000179 IA32_MCG_CAP
00:00:00.934516 CPUM: MSR fudge: 0x0000017a IA32_MCG_STATUS
00:00:00.934520 CPUM: MSR fudge: 0x000001a0 IA32_MISC_ENABLE
00:00:00.934536 CPUM: MSR fudge: 0x000001d9 IA32_DEBUGCTL
00:00:00.934540 CPUM: MSR fudge: 0x000001db P6_LAST_BRANCH_FROM_IP
00:00:00.934543 CPUM: MSR fudge: 0x000001dc P6_LAST_BRANCH_TO_IP
00:00:00.934547 CPUM: MSR fudge: 0x000001dd P6_LAST_INT_FROM_IP
00:00:00.934550 CPUM: MSR fudge: 0x000001de P6_LAST_INT_TO_IP
00:00:00.934553 CPUM: MSR fudge: 0x00000277 IA32_PAT
00:00:00.934556 CPUM: MSR fudge: 0x000002ff IA32_MTRR_DEF_TYPE
00:00:00.934572 CPUM: MSR fudge: 0x00000400 IA32_MCi_CTL_STATUS_ADDR_MISC
00:00:00.934590 CPUM: MSR fudge: 0x0000002c P4_EBC_FREQUENCY_ID
00:00:00.934607 CPUM: MSR fudge: 0xc0000103 AMD64_TSC_AUX
00:00:00.934731 CPUM: SetGuestCpuIdFeature: Enabled PAE
00:00:00.934738 CPUM: Set SSBD not required flag for AMD to work around some buggy Linux kernels!
00:00:00.944580 NEM: HvPartitionPropertyProcessorVendor=0x0 (0)
00:00:00.944618 NEM: Successfully set up partition (device handle 0000000000000f3c, partition ID 0x5)
00:00:00.944855 PGM: Host paging mode: AMD64+PGE+NX
00:00:00.944866 PGM: PGMPool: cMaxPages=256 (u64MaxPages=48)
00:00:00.944870 PGM: pgmR3PoolInit: cMaxPages=0x100 cMaxUsers=0x200 cMaxPhysExts=0x200 fCacheEnable=true
00:00:00.954434 TM: GIP - u32Mode=3 (Invariant) u32UpdateHz=93 u32UpdateIntervalNS=10741500 enmUseTscDelta=2 (Practically Zero) fGetGipCpu=0x2b cCpus=16
00:00:00.954471 TM: GIP - u64CpuHz=3 800 200 889 (0xe28276b9)  SUPGetCpuHzFromGip => 3 800 200 889
00:00:00.954479 TM: GIP - CPU: iCpuSet=0x0 idCpu=0x0 idApic=0x0 iGipCpu=0x2 i64TSCDelta=0 enmState=3 u64CpuHz=3800192462(*) cErrors=0
00:00:00.954487 TM: GIP - CPU: iCpuSet=0x1 idCpu=0x1 idApic=0x1 iGipCpu=0x8 i64TSCDelta=0 enmState=3 u64CpuHz=3800200726(*) cErrors=0
00:00:00.954495 TM: GIP - CPU: iCpuSet=0x2 idCpu=0x2 idApic=0x2 iGipCpu=0x7 i64TSCDelta=0 enmState=3 u64CpuHz=3800200723(*) cErrors=0
00:00:00.954502 TM: GIP - CPU: iCpuSet=0x3 idCpu=0x3 idApic=0x3 iGipCpu=0x6 i64TSCDelta=0 enmState=3 u64CpuHz=3800200715(*) cErrors=0
00:00:00.954508 TM: GIP - CPU: iCpuSet=0x4 idCpu=0x4 idApic=0x4 iGipCpu=0x9 i64TSCDelta=0 enmState=3 u64CpuHz=3800200772(*) cErrors=0
00:00:00.954514 TM: GIP - CPU: iCpuSet=0x5 idCpu=0x5 idApic=0x5 iGipCpu=0xa i64TSCDelta=0 enmState=3 u64CpuHz=3800200735(*) cErrors=0
00:00:00.954520 TM: GIP - CPU: iCpuSet=0x6 idCpu=0x6 idApic=0x6 iGipCpu=0x1 i64TSCDelta=0 enmState=3 u64CpuHz=3800187664(*) cErrors=0
00:00:00.954526 TM: GIP - CPU: iCpuSet=0x7 idCpu=0x7 idApic=0x7 iGipCpu=0x0 i64TSCDelta=0 enmState=3 u64CpuHz=3800200889(*) cErrors=0
00:00:00.954532 TM: GIP - CPU: iCpuSet=0x8 idCpu=0x8 idApic=0x8 iGipCpu=0xb i64TSCDelta=0 enmState=3 u64CpuHz=3800200791(*) cErrors=0
00:00:00.954538 TM: GIP - CPU: iCpuSet=0x9 idCpu=0x9 idApic=0x9 iGipCpu=0x3 i64TSCDelta=0 enmState=3 u64CpuHz=3800199738(*) cErrors=0
00:00:00.954544 TM: GIP - CPU: iCpuSet=0xa idCpu=0xa idApic=0xa iGipCpu=0xd i64TSCDelta=0 enmState=3 u64CpuHz=3800200815(*) cErrors=0
00:00:00.954551 TM: GIP - CPU: iCpuSet=0xb idCpu=0xb idApic=0xb iGipCpu=0xe i64TSCDelta=0 enmState=3 u64CpuHz=3800200889(*) cErrors=0
00:00:00.954557 TM: GIP - CPU: iCpuSet=0xc idCpu=0xc idApic=0xc iGipCpu=0x5 i64TSCDelta=0 enmState=3 u64CpuHz=3800200537(*) cErrors=0
00:00:00.954563 TM: GIP - CPU: iCpuSet=0xd idCpu=0xd idApic=0xd iGipCpu=0x4 i64TSCDelta=0 enmState=3 u64CpuHz=3800200474(*) cErrors=0
00:00:00.954569 TM: GIP - CPU: iCpuSet=0xe idCpu=0xe idApic=0xe iGipCpu=0xc i64TSCDelta=0 enmState=3 u64CpuHz=3800200825(*) cErrors=0
00:00:00.954588 TM: GIP - CPU: iCpuSet=0xf idCpu=0xf idApic=0xf iGipCpu=0xf i64TSCDelta=0 enmState=3 u64CpuHz=3800187664(*) cErrors=0
00:00:00.954613 TM: NEM overrides the /TM/TSCModeSwitchAllowed setting.
00:00:00.954631 TM:     cTSCTicksPerSecond=3 800 200 889 (0xe28276b9) enmTSCMode=4 (NativeApi)
00:00:00.954635 TM: cTSCTicksPerSecondHost=3 800 200 889 (0xe28276b9)
00:00:00.954636 TM: TSCTiedToExecution=false TSCNotTiedToHalt=false
00:00:00.955722 EMR3Init: fIemExecutesAll=false fGuruOnTripleFault=true
00:00:00.956404 IEM: TargetCpu=CURRENT, Microarch=AMD_Zen_Ryzen aidxTargetCpuEflFlavour={2,0}
00:00:00.956656 GIM: Using provider 'None' (Implementation version: 0)
00:00:00.956680 GCM: Initialized (fixer bits: 0x0)
00:00:00.956790 AIOMgr: Default manager type is 'Async'
00:00:00.956800 AIOMgr: Default file backend is 'NonBuffered'
00:00:00.956868 BlkCache: Cache successfully initialized. Cache size is 5242880 bytes
00:00:00.956877 BlkCache: Cache commit interval is 10000 ms
00:00:00.956882 BlkCache: Cache commit threshold is 2621440 bytes
00:00:01.586982 PcBios: [SMP] BIOS with 1 CPUs
00:00:01.587012 PcBios: Using the 386+ BIOS image.
00:00:01.587437 PcBios: fCheckShutdownStatusForSoftReset=true  fClearShutdownStatusOnHardReset=true
00:00:01.587705 CPUM: SetGuestCpuIdFeature: Enabled xAPIC
00:00:01.588214 PIT: mode=3 count=0x10000 (65536) - 18.20 Hz (ch=0)
00:00:01.588697 VMMDev: cbDefaultBudget: 1 073 741 824 (40000000)
00:00:01.615542 Shared Folders service loaded
00:00:01.633154 Guest Control service loaded
00:00:01.660107 VGA: Using the 386+ BIOS image.
00:00:01.661182 DrvVD: Flushes will be ignored
00:00:01.661192 DrvVD: Async flushes will be passed to the disk
00:00:01.661541 VD: VDInit finished with VINF_SUCCESS
00:00:01.661659 VD: Opening the disk took 450119 ns
00:00:01.661718 FDC: 1.44 MB 3"1/2 floppy disk (2 h 80 t 18 s) rw
00:00:01.674832 NAT: Guest address guess set to 10.0.2.15 by initialization
00:00:01.693896 NAT: DNS#0: 75.75.75.75
00:00:01.693919 NAT: DNS#1: 75.75.76.76
00:00:01.745281 Audio: Found 9 devices for driver 'WasAPI'
00:00:01.745300 Audio: Device 'Headphones (High Definition Audio Device)':
00:00:01.745300 Audio:   ID              = {0.0.0.00000000}.{7dda4d42-aaaf-4bdf-9d7b-023246d41f45}
00:00:01.745301 Audio:   Usage           = output
00:00:01.745301 Audio:   Flags           = DEFAULT_OUT
00:00:01.745302 Audio:   Input channels  = 0
00:00:01.745302 Audio:   Output channels = 2
00:00:01.745306 Audio: Device 'Digital Audio (S/PDIF) (High Definition Audio Device)':
00:00:01.745307 Audio:   ID              = {0.0.0.00000000}.{087134d9-ae11-4a9b-82bf-5ad0d13aced6}
00:00:01.745307 Audio:   Usage           = output
00:00:01.745307 Audio:   Flags           = NONE
00:00:01.745308 Audio:   Input channels  = 0
00:00:01.745308 Audio:   Output channels = 2
00:00:01.745311 Audio: Device '100012589 (NVIDIA High Definition Audio)':
00:00:01.745312 Audio:   ID              = {0.0.0.00000000}.{3f36c4ff-500a-4cd3-9a35-77b5981f1155}
00:00:01.745312 Audio:   Usage           = output
00:00:01.745312 Audio:   Flags           = NONE
00:00:01.745312 Audio:   Input channels  = 0
00:00:01.745313 Audio:   Output channels = 2
00:00:01.745316 Audio: Device 'Speakers (2- USB Audio CODEC )':
00:00:01.745316 Audio:   ID              = {0.0.0.00000000}.{566bb4ca-cb36-4deb-843b-246f6c5c5982}
00:00:01.745317 Audio:   Usage           = output
00:00:01.745317 Audio:   Flags           = NONE
00:00:01.745317 Audio:   Input channels  = 0
00:00:01.745317 Audio:   Output channels = 2
00:00:01.745321 Audio: Device 'Headphones (High Definition Audio Device)':
00:00:01.745321 Audio:   ID              = {0.0.0.00000000}.{7dda4d42-aaaf-4bdf-9d7b-023246d41f45}
00:00:01.745321 Audio:   Usage           = output
00:00:01.745321 Audio:   Flags           = NONE
00:00:01.745322 Audio:   Input channels  = 0
00:00:01.745322 Audio:   Output channels = 2
00:00:01.745325 Audio: Device '100012589 (NVIDIA High Definition Audio)':
00:00:01.745325 Audio:   ID              = {0.0.0.00000000}.{fdb7b4cc-b13a-4c66-ac46-5302e0b66d2f}
00:00:01.745326 Audio:   Usage           = output
00:00:01.745326 Audio:   Flags           = NONE
00:00:01.745326 Audio:   Input channels  = 0
00:00:01.745326 Audio:   Output channels = 2
00:00:01.745334 Audio: Device 'Microphone (NexiGo HD Webcam Audio)':
00:00:01.745335 Audio:   ID              = {0.0.1.00000000}.{8830d0fa-5126-4de0-babf-090349e9c6f6}
00:00:01.745335 Audio:   Usage           = input
00:00:01.745335 Audio:   Flags           = DEFAULT_IN
00:00:01.745336 Audio:   Input channels  = 2
00:00:01.745336 Audio:   Output channels = 0
00:00:01.745341 Audio: Device 'Microphone (2- USB Audio CODEC )':
00:00:01.745341 Audio:   ID              = {0.0.1.00000000}.{2cdb81b1-e1eb-4201-a0a4-fc6057072946}
00:00:01.745342 Audio:   Usage           = input
00:00:01.745342 Audio:   Flags           = NONE
00:00:01.745342 Audio:   Input channels  = 1
00:00:01.745343 Audio:   Output channels = 0
00:00:01.745346 Audio: Device 'Microphone (NexiGo HD Webcam Audio)':
00:00:01.745346 Audio:   ID              = {0.0.1.00000000}.{8830d0fa-5126-4de0-babf-090349e9c6f6}
00:00:01.745346 Audio:   Usage           = input
00:00:01.745347 Audio:   Flags           = NONE
00:00:01.745347 Audio:   Input channels  = 2
00:00:01.745347 Audio:   Output channels = 0
00:00:01.745626 PGM: The CPU physical address width is 48 bits
00:00:01.745635 PGM: PGMR3InitFinalize: 4 MB PSE mask 0000ffffffffffff -> VINF_SUCCESS
00:00:01.745645 TM: TMR3InitFinalize: fTSCModeSwitchAllowed=false
00:00:01.746052 VMM: Thread-context hooks unavailable
00:00:01.746060 VMM: RTThreadPreemptIsPending() can be trusted
00:00:01.746063 VMM: Kernel preemption is possible
00:00:01.746101 EM: Exit history optimizations: enabled=true enabled-r0=true enabled-r0-no-preemption=false
00:00:01.746130 APIC: fPostedIntrsEnabled=false fVirtApicRegsEnabled=false fSupportsTscDeadline=false
00:00:01.746137 TMR3UtcNow: nsNow=1 775 699 429 493 339 500 nsPrev=0 -> cNsDelta=1 775 699 429 493 339 500 (offLag=0 offVirtualSync=0 offVirtualSyncGivenUp=0, NowAgain=1 775 699 429 493 339 500)
00:00:01.746155 VMM: fUsePeriodicPreemptionTimers=true
00:00:01.746219 CPUM: Logical host processors: 16 present, 16 max, 16 online, online mask: 000000000000ffff
00:00:01.746221 CPUM: Physical host cores: 8
00:00:01.746221 ************************* CPUID dump ************************
00:00:01.746228          Raw Standard CPUID Leaves
00:00:01.746229      Leaf/sub-leaf  eax      ebx      ecx      edx
00:00:01.746232 Gst: 00000000/0000  0000000d 68747541 444d4163 69746e65
00:00:01.746233 Hst:                0000000d 68747541 444d4163 69746e65
00:00:01.746235 Gst: 00000001/0000  00800f82 00010800 42d82203 178bfbff
00:00:01.746236 Hst:                00800f82 0e100800 fed83203 178bfbff
00:00:01.746238 Gst: 00000002/0000  00000000 00000000 00000000 00000000
00:00:01.746239 Hst:                00000000 00000000 00000000 00000000
00:00:01.746240 Gst: 00000003/0000  00000000 00000000 00000000 00000000
00:00:01.746241 Hst:                00000000 00000000 00000000 00000000
00:00:01.746242 Gst: 00000004/0000  00000000 00000000 00000000 00000000
00:00:01.746243 Hst:                00000000 00000000 00000000 00000000
00:00:01.746244 Gst: 00000005/0000  00000000 00000000 00000000 00000000
00:00:01.746245 Hst:                00000000 00000000 00000000 00000000
00:00:01.746246 Gst: 00000006/0000  00000000 00000000 00000000 00000000
00:00:01.746247 Hst:                00000000 00000000 00000001 00000000
00:00:01.746249 Gst: 00000007/0000  00000000 00840109 00000000 00000000
00:00:01.746249 Hst:                00000000 209c01a9 00000000 00000000
00:00:01.746251 Gst: 00000007/0001  00000000 00000000 00000000 00000000
00:00:01.746251 Hst:                00000000 00000000 00000000 00000000
00:00:01.746253 Gst: 00000008/0000  00000000 00000000 00000000 00000000
00:00:01.746253 Hst:                00000000 00000000 00000000 00000000
00:00:01.746255 Gst: 00000009/0000  00000000 00000000 00000000 00000000
00:00:01.746256 Hst:                00000000 00000000 00000000 00000000
00:00:01.746257 Gst: 0000000a/0000  00000000 00000000 00000000 00000000
00:00:01.746258 Hst:                00000000 00000000 00000000 00000000
00:00:01.746259 Gst: 0000000b/0000  00000000 00000000 00000000 00000000
00:00:01.746260 Hst:                00000000 00000000 00000000 00000000
00:00:01.746261 Gst: 0000000c/0000  00000000 00000000 00000000 00000000
00:00:01.746262 Hst:                00000000 00000000 00000000 00000000
00:00:01.746263 Gst: 0000000d/0000  00000000 00000000 00000000 00000000
00:00:01.746264 Hst:                00000007 00000340 00000340 00000000
00:00:01.746266 Gst: 0000000d/0001  00000000 00000000 00000000 00000000
00:00:01.746267 Hst:                0000000f 00000340 00000000 00000000
00:00:01.746268 Gst: 0000000d/0002  00000000 00000000 00000000 00000000
00:00:01.746269 Hst:                00000100 00000240 00000000 00000000
00:00:01.746270 Gst: 0000000d/0003  00000000 00000000 00000000 00000000
00:00:01.746271 Hst:                00000000 00000000 00000000 00000000
00:00:01.746356                                Name: AuthenticAMD
00:00:01.746357                            Supports: 0x00000000-0x0000000d
00:00:01.746360                              Family: 15 	Extended: 8 	Effective: 23
00:00:01.746362                               Model:  8 	Extended: 0 	Effective: 8
00:00:01.746363                            Stepping: 2
00:00:01.746364                                Type: 0 (primary)
00:00:01.746365                             APIC ID: 0x00
00:00:01.746365                        Logical CPUs: 1
00:00:01.746366                        CLFLUSH Size: 8
00:00:01.746367                            Brand ID: 0x00
00:00:01.746368 Features
00:00:01.746370   Mnemonic - Description                                  = guest (host)
00:00:01.746371   FPU - x87 FPU on Chip                                   = 1 (1)
00:00:01.746373   VME - Virtual 8086 Mode Enhancements                    = 1 (1)
00:00:01.746374   DE - Debugging extensions                               = 1 (1)
00:00:01.746375   PSE - Page Size Extension                               = 1 (1)
00:00:01.746376   TSC - Time Stamp Counter                                = 1 (1)
00:00:01.746377   MSR - Model Specific Registers                          = 1 (1)
00:00:01.746378   PAE - Physical Address Extension                        = 1 (1)
00:00:01.746379   MCE - Machine Check Exception                           = 1 (1)
00:00:01.746381   CX8 - CMPXCHG8B instruction                             = 1 (1)
00:00:01.746382   APIC - APIC On-Chip                                     = 1 (1)
00:00:01.746383   SEP - SYSENTER and SYSEXIT Present                      = 1 (1)
00:00:01.746384   MTRR - Memory Type Range Registers                      = 1 (1)
00:00:01.746385   PGE - PTE Global Bit                                    = 1 (1)
00:00:01.746386   MCA - Machine Check Architecture                        = 1 (1)
00:00:01.746387   CMOV - Conditional Move instructions                    = 1 (1)
00:00:01.746388   PAT - Page Attribute Table                              = 1 (1)
00:00:01.746389   PSE-36 - 36-bit Page Size Extension                     = 1 (1)
00:00:01.746390   PSN - Processor Serial Number                           = 0 (0)
00:00:01.746391   CLFSH - CLFLUSH instruction                             = 1 (1)
00:00:01.746392   DS - Debug Store                                        = 0 (0)
00:00:01.746394   ACPI - Thermal Mon. & Soft. Clock Ctrl.                 = 0 (0)
00:00:01.746395   MMX - Intel MMX Technology                              = 1 (1)
00:00:01.746396   FXSR - FXSAVE and FXRSTOR instructions                  = 1 (1)
00:00:01.746397   SSE - SSE support                                       = 1 (1)
00:00:01.746398   SSE2 - SSE2 support                                     = 1 (1)
00:00:01.746399   SS - Self Snoop                                         = 0 (0)
00:00:01.746400   HTT - Hyper-Threading Technology                        = 1 (1)
00:00:01.746401   TM - Therm. Monitor                                     = 0 (0)
00:00:01.746403   PBE - Pending Break Enabled                             = 0 (0)
00:00:01.746404   SSE3 - SSE3 support                                     = 1 (1)
00:00:01.746405   PCLMUL - PCLMULQDQ support (for AES-GCM)                = 1 (1)
00:00:01.746406   DTES64 - DS Area 64-bit Layout                          = 0 (0)
00:00:01.746407   MONITOR - MONITOR/MWAIT instructions                    = 0 (0)
00:00:01.746408   CPL-DS - CPL Qualified Debug Store                      = 0 (0)
00:00:01.746409   VMX - Virtual Machine Extensions                        = 0 (0)
00:00:01.746410   SMX - Safer Mode Extensions                             = 0 (0)
00:00:01.746413   EST - Enhanced SpeedStep Technology                     = 0 (0)
00:00:01.746414   TM2 - Terminal Monitor 2                                = 0 (0)
00:00:01.746415   SSSE3 - Supplemental Streaming SIMD Extensions 3        = 1 (1)
00:00:01.746416   CNTX-ID - L1 Context ID                                 = 0 (0)
00:00:01.746417   SDBG - Silicon Debug interface                          = 0 (0)
00:00:01.746418   FMA - Fused Multiply Add extensions                     = 0 (1)
00:00:01.746419   CX16 - CMPXCHG16B instruction                           = 1 (1)
00:00:01.746420   TPRUPDATE - xTPR Update Control                         = 0 (0)
00:00:01.746421   PDCM - Perf/Debug Capability MSR                        = 0 (0)
00:00:01.746422   PCID - Process Context Identifiers                      = 0 (0)
00:00:01.746423   DCA - Direct Cache Access                               = 0 (0)
00:00:01.746425   SSE4_1 - SSE4_1 support                                 = 1 (1)
00:00:01.746426   SSE4_2 - SSE4_2 support                                 = 1 (1)
00:00:01.746427   X2APIC - x2APIC support                                 = 0 (0)
00:00:01.746428   MOVBE - MOVBE instruction                               = 1 (1)
00:00:01.746429   POPCNT - POPCNT instruction                             = 1 (1)
00:00:01.746430   TSCDEADL - Time Stamp Counter Deadline                  = 0 (0)
00:00:01.746431   AES - AES instructions                                  = 1 (1)
00:00:01.746432   XSAVE - XSAVE instruction                               = 0 (1)
00:00:01.746434   OSXSAVE - OSXSAVE instruction                           = 0 (1)
00:00:01.746435   AVX - AVX support                                       = 0 (1)
00:00:01.746436   F16C - 16-bit floating point conversion instructions    = 0 (1)
00:00:01.746437   RDRAND - RDRAND instruction                             = 1 (1)
00:00:01.746438   HVP - Hypervisor Present (we're a guest)                = 0 (1)
00:00:01.746440 Structured Extended Feature Flags Enumeration (leaf 7):
00:00:01.746441   Mnemonic - Description                                  = guest (host)
00:00:01.746442   FSGSBASE - RDFSBASE/RDGSBASE/WRFSBASE/WRGSBASE instr.   = 1 (1)
00:00:01.746443   TSCADJUST - Supports MSR_IA32_TSC_ADJUST                = 0 (0)
00:00:01.746444   SGX - Supports Software Guard Extensions                = 0 (0)
00:00:01.746445   BMI1 - Advanced Bit Manipulation extension 1            = 1 (1)
00:00:01.746446   HLE - Hardware Lock Elision                             = 0 (0)
00:00:01.746447   AVX2 - Advanced Vector Extensions 2                     = 0 (1)
00:00:01.746448   FDP_EXCPTN_ONLY - FPU DP only updated on exceptions     = 0 (0)
00:00:01.746449   SMEP - Supervisor Mode Execution Prevention             = 0 (1)
00:00:01.746450   BMI2 - Advanced Bit Manipulation extension 2            = 1 (1)
00:00:01.746450   ERMS - Enhanced REP MOVSB/STOSB instructions            = 0 (0)
00:00:01.746451   INVPCID - INVPCID instruction                           = 0 (0)
00:00:01.746452   RTM - Restricted Transactional Memory                   = 0 (0)
00:00:01.746453   PQM - Platform Quality of Service Monitoring            = 0 (0)
00:00:01.746454   DEPFPU_CS_DS - Deprecates FPU CS, FPU DS values if set  = 0 (0)
00:00:01.746455   MPE - Intel Memory Protection Extensions                = 0 (0)
00:00:01.746456   PQE - Platform Quality of Service Enforcement           = 0 (0)
00:00:01.746457   AVX512F - AVX512 Foundation instructions                = 0 (0)
00:00:01.746458   RDSEED - RDSEED instruction                             = 1 (1)
00:00:01.746459   ADX - ADCX/ADOX instructions                            = 0 (1)
00:00:01.746460   SMAP - Supervisor Mode Access Prevention                = 0 (1)
00:00:01.746461   CLFLUSHOPT - CLFLUSHOPT (Cache Line Flush) instruction  = 1 (1)
00:00:01.746462   INTEL_PT - Intel Processor Trace                        = 0 (0)
00:00:01.746463   AVX512PF - AVX512 Prefetch instructions                 = 0 (0)
00:00:01.746464   AVX512ER - AVX512 Exponential & Reciprocal instructions = 0 (0)
00:00:01.746465   AVX512CD - AVX512 Conflict Detection instructions       = 0 (0)
00:00:01.746466   SHA - Secure Hash Algorithm extensions                  = 0 (1)
00:00:01.746467   PREFETCHWT1 - PREFETCHWT1 instruction                   = 0 (0)
00:00:01.746468   UMIP - User mode insturction prevention                 = 0 (0)
00:00:01.746469   PKU - Protection Key for Usermode pages                 = 0 (0)
00:00:01.746470   OSPKE - CR4.PKU mirror                                  = 0 (0)
00:00:01.746471   MAWAU - Value used by BNDLDX & BNDSTX                   = 0x0 (0x0)
00:00:01.746472   RDPID - Read processor ID support                       = 0 (0)
00:00:01.746473   SGX_LC - Supports SGX Launch Configuration              = 0 (0)
00:00:01.746475 Processor Extended State Enumeration (leaf 0xd):
00:00:01.746477    XSAVE area cur/max size by XCR0, guest: 0x0/0x0
00:00:01.746477     XSAVE area cur/max size by XCR0, host: 0x340/0x340
00:00:01.746478                    Valid XCR0 bits, guest: 0x00000000`00000000
00:00:01.746479                     Valid XCR0 bits, host: 0x00000000`00000007 ( x87 SSE YMM_Hi128 )
00:00:01.746484                     XSAVE features, guest:
00:00:01.746485                      XSAVE features, host: XSAVEOPT XSAVEC XGETBC1 XSAVES
00:00:01.746486       XSAVE area cur size XCR0|XSS, guest: 0x0
00:00:01.746487        XSAVE area cur size XCR0|XSS, host: 0x340
00:00:01.746488                Valid IA32_XSS bits, guest: 0x00000000`00000000
00:00:01.746489                 Valid IA32_XSS bits, host: 0x00000000`00000000
00:00:01.746490   State #2, host:  off=0x0240, cb=0x0100 IA32_XSS-bit -- YMM_Hi128
00:00:01.746535          Raw Extended CPUID Leaves
00:00:01.746536      Leaf/sub-leaf  eax      ebx      ecx      edx
00:00:01.746537 Gst: 80000000/0000  8000001e 68747541 444d4163 69746e65
00:00:01.746538 Hst:                8000001f 68747541 444d4163 69746e65
00:00:01.746539 Gst: 80000001/0000  00800f82 20000000 000001f1 0bd3fb7f
00:00:01.746541 Hst:                00800f82 20000000 004023f3 2fd3fbff
00:00:01.746542 Gst: 80000002/0000  20444d41 657a7952 2037206e 30303732
00:00:01.746543 Hst:                20444d41 657a7952 2037206e 30303732
00:00:01.746545 Gst: 80000003/0000  69452058 2d746867 65726f43 6f725020
00:00:01.746546 Hst:                69452058 2d746867 65726f43 6f725020
00:00:01.746547 Gst: 80000004/0000  73736563 2020726f 20202020 00202020
00:00:01.746548 Hst:                73736563 2020726f 20202020 00202020
00:00:01.746550 Gst: 80000005/0000  ff40ff40 ff40ff40 20080140 40040140
00:00:01.746551 Hst:                ff40ff40 ff40ff40 20080140 40040140
00:00:01.746552 Gst: 80000006/0000  26006400 66006400 02006140 00808140
00:00:01.746553 Hst:                26006400 66006400 02006140 00808140
00:00:01.746555 Gst: 80000007/0000  00000000 00000000 00000000 00000100
00:00:01.746556 Hst:                00000000 0000001b 00000000 00004789
00:00:01.746557 Gst: 80000008/0000  00003030 04000000 00000000 00000000
00:00:01.746558 Hst:                00003030 02000005 0000400f 00000000
00:00:01.746560 Gst: 80000009/0000  00000000 00000000 00000000 00000000
00:00:01.746560 Hst:                00000000 00000000 00000000 00000000
00:00:01.746562 Gst: 8000000a/0000  00000000 00000000 00000000 00000000
00:00:01.746562 Hst:                00000000 00000000 00000000 00000000
00:00:01.746564 Gst: 8000000b/0000  00000000 00000000 00000000 00000000
00:00:01.746565 Hst:                00000000 00000000 00000000 00000000
00:00:01.746566 Gst: 8000000c/0000  00000000 00000000 00000000 00000000
00:00:01.746567 Hst:                00000000 00000000 00000000 00000000
00:00:01.746568 Gst: 8000000d/0000  00000000 00000000 00000000 00000000
00:00:01.746569 Hst:                00000000 00000000 00000000 00000000
00:00:01.746570 Gst: 8000000e/0000  00000000 00000000 00000000 00000000
00:00:01.746571 Hst:                00000000 00000000 00000000 00000000
00:00:01.746572 Gst: 8000000f/0000  00000000 00000000 00000000 00000000
00:00:01.746573 Hst:                00000000 00000000 00000000 00000000
00:00:01.746574 Gst: 80000010/0000  00000000 00000000 00000000 00000000
00:00:01.746575 Hst:                00000000 00000000 00000000 00000000
00:00:01.746576 Gst: 80000011/0000  00000000 00000000 00000000 00000000
00:00:01.746577 Hst:                00000000 00000000 00000000 00000000
00:00:01.746578 Gst: 80000012/0000  00000000 00000000 00000000 00000000
00:00:01.746579 Hst:                00000000 00000000 00000000 00000000
00:00:01.746580 Gst: 80000013/0000  00000000 00000000 00000000 00000000
00:00:01.746581 Hst:                00000000 00000000 00000000 00000000
00:00:01.746582 Gst: 80000014/0000  00000000 00000000 00000000 00000000
00:00:01.746583 Hst:                00000000 00000000 00000000 00000000
00:00:01.746585 Gst: 80000015/0000  00000000 00000000 00000000 00000000
00:00:01.746585 Hst:                00000000 00000000 00000000 00000000
00:00:01.746587 Gst: 80000016/0000  00000000 00000000 00000000 00000000
00:00:01.746587 Hst:                00000000 00000000 00000000 00000000
00:00:01.746589 Gst: 80000017/0000  00000000 00000000 00000000 00000000
00:00:01.746589 Hst:                00000000 00000000 00000000 00000000
00:00:01.746591 Gst: 80000018/0000  00000000 00000000 00000000 00000000
00:00:01.746591 Hst:                00000000 00000000 00000000 00000000
00:00:01.746593 Gst: 80000019/0000  00000000 00000000 00000000 00000000
00:00:01.746594 Hst:                00000000 00000000 00000000 00000000
00:00:01.746595 Gst: 8000001a/0000  00000003 00000000 00000000 00000000
00:00:01.746596 Hst:                00000003 00000000 00000000 00000000
00:00:01.746597 Gst: 8000001b/0000  00000000 00000000 00000000 00000000
00:00:01.746598 Hst:                00000000 00000000 00000000 00000000
00:00:01.746599 Gst: 8000001c/0000  00000000 00000000 00000000 00000000
00:00:01.746600 Hst:                00000000 00000000 00000000 00000000
00:00:01.746601 Gst: 8000001d/0000  00000121 01c0003f 0000003f 00000000
00:00:01.746602 Hst:                00004121 01c0003f 0000003f 00000000
00:00:01.746603 Gst: 8000001d/0001  00000122 00c0003f 000000ff 00000000
00:00:01.746604 Hst:                00004122 00c0003f 000000ff 00000000
00:00:01.746606 Gst: 8000001d/0002  00000143 01c0003f 000003ff 00000002
00:00:01.746607 Hst:                00004143 01c0003f 000003ff 00000002
00:00:01.746609 Gst: 8000001d/0003  00000163 03c0003f 00001fff 00000001
00:00:01.746610 Hst:                0001c163 03c0003f 00001fff 00000001
00:00:01.746611 Gst: 8000001d/0004  00000000 00000000 00000000 00000000
00:00:01.746612 Hst:                00000000 00000000 00000000 00000000
00:00:01.746614 Gst: 8000001e/0000  00000000 00000000 00000000 00000000
00:00:01.746615 Hst:                0000000e 00000107 00000000 00000000
00:00:01.746616 Hst: 8000001f/0000  00000000 00000000 00000000 00000000
00:00:01.746617 Ext Name:                        AuthenticAMD
00:00:01.746618 Ext Supports:                    0x80000000-0x8000001e
00:00:01.746618 Family:                          15  	Extended: 8 	Effective: 23
00:00:01.746619 Model:                           8  	Extended: 0 	Effective: 8
00:00:01.746620 Stepping:                        2
00:00:01.746620 Brand ID:                        0x000
00:00:01.746622 Ext Features
00:00:01.746622   Mnemonic - Description                                  = guest (host)
00:00:01.746622   FPU - x87 FPU on Chip                                   = 1 (1)
00:00:01.746624   VME - Virtual 8086 Mode Enhancements                    = 1 (1)
00:00:01.746625   DE - Debugging extensions                               = 1 (1)
00:00:01.746626   PSE - Page Size Extension                               = 1 (1)
00:00:01.746627   TSC - Time Stamp Counter                                = 1 (1)
00:00:01.746628   MSR - K86 Model Specific Registers                      = 1 (1)
00:00:01.746629   PAE - Physical Address Extension                        = 1 (1)
00:00:01.746630   MCE - Machine Check Exception                           = 0 (1)
00:00:01.746631   CX8 - CMPXCHG8B instruction                             = 1 (1)
00:00:01.746632   APIC - APIC On-Chip                                     = 1 (1)
00:00:01.746634   SEP - SYSCALL/SYSRET                                    = 1 (1)
00:00:01.746635   MTRR - Memory Type Range Registers                      = 1 (1)
00:00:01.746636   PGE - PTE Global Bit                                    = 1 (1)
00:00:01.746637   MCA - Machine Check Architecture                        = 1 (1)
00:00:01.746638   CMOV - Conditional Move instructions                    = 1 (1)
00:00:01.746639   PAT - Page Attribute Table                              = 1 (1)
00:00:01.746640   PSE-36 - 36-bit Page Size Extension                     = 1 (1)
00:00:01.746641   NX - No-Execute/Execute-Disable                         = 1 (1)
00:00:01.746642   AXMMX - AMD Extensions to MMX instructions              = 1 (1)
00:00:01.746643   MMX - Intel MMX Technology                              = 1 (1)
00:00:01.746644   FXSR - FXSAVE and FXRSTOR Instructions                  = 1 (1)
00:00:01.746645   FFXSR - AMD fast FXSAVE and FXRSTOR instructions        = 1 (1)
00:00:01.746646   Page1GB - 1 GB large page                               = 0 (1)
00:00:01.746647   RDTSCP - RDTSCP instruction                             = 1 (1)
00:00:01.746648   LM - AMD64 Long Mode                                    = 0 (1)
00:00:01.746649   3DNOWEXT - AMD Extensions to 3DNow                      = 0 (0)
00:00:01.746650   3DNOW - AMD 3DNow                                       = 0 (0)
00:00:01.746652   LahfSahf - LAHF/SAHF support in 64-bit mode             = 1 (1)
00:00:01.746653   CmpLegacy - Core multi-processing legacy mode           = 0 (1)
00:00:01.746654   SVM - AMD Secure Virtual Machine extensions             = 0 (0)
00:00:01.746655   EXTAPIC - AMD Extended APIC registers                   = 0 (0)
00:00:01.746656   CR8L - AMD LOCK MOV CR0 means MOV CR8                   = 1 (1)
00:00:01.746657   ABM - AMD Advanced Bit Manipulation                     = 1 (1)
00:00:01.746658   SSE4A - SSE4A instructions                              = 1 (1)
00:00:01.746659   MISALIGNSSE - AMD Misaligned SSE mode                   = 1 (1)
00:00:01.746660   3DNOWPRF - AMD PREFETCH and PREFETCHW instructions      = 1 (1)
00:00:01.746661   OSVW - AMD OS Visible Workaround                        = 0 (1)
00:00:01.746662   IBS - Instruct Based Sampling                           = 0 (0)
00:00:01.746663   XOP - Extended Operation support                        = 0 (0)
00:00:01.746664   SKINIT - SKINIT, STGI, and DEV support                  = 0 (0)
00:00:01.746665   WDT - AMD Watchdog Timer support                        = 0 (1)
00:00:01.746666   LWP - Lightweight Profiling support                     = 0 (0)
00:00:01.746667   FMA4 - Four operand FMA instruction support             = 0 (0)
00:00:01.746668   NodeId - NodeId in MSR C001_100C                        = 0 (0)
00:00:01.746669   TBM - Trailing Bit Manipulation instructions            = 0 (0)
00:00:01.746670   TOPOEXT - Topology Extensions                           = 0 (1)
00:00:01.746671   PRFEXTCORE - Performance Counter Extensions support     = 0 (0)
00:00:01.746672   PRFEXTNB - NB Performance Counter Extensions support    = 0 (0)
00:00:01.746673   DATABPEXT - Data-access Breakpoint Extension            = 0 (0)
00:00:01.746674   PERFTSC - Performance Time Stamp Counter                = 0 (0)
00:00:01.746675   PCX_L2I - L2I/L3 Performance Counter Extensions         = 0 (0)
00:00:01.746676   MWAITX - MWAITX and MONITORX instructions               = 0 (0)
00:00:01.746677 Full Name:                       "AMD Ryzen 7 2700X Eight-Core Processor         "
00:00:01.746679 TLB 2/4M Instr/Uni:              fully  64 entries
00:00:01.746680 TLB 2/4M Data:                   fully  64 entries
00:00:01.746680 TLB 4K Instr/Uni:                fully  64 entries
00:00:01.746681 TLB 4K Data:                     fully  64 entries
00:00:01.746682 L1 Instr Cache Line Size:        64 bytes
00:00:01.746682 L1 Instr Cache Lines Per Tag:    1
00:00:01.746682 L1 Instr Cache Associativity:    4 way
00:00:01.746683 L1 Instr Cache Size:             64 KB
00:00:01.746684 L1 Data Cache Line Size:         64 bytes
00:00:01.746684 L1 Data Cache Lines Per Tag:     1
00:00:01.746684 L1 Data Cache Associativity:     8 way
00:00:01.746685 L1 Data Cache Size:              32 KB
00:00:01.746685 L2 TLB 2/4M Instr/Uni:           8 way  1024 entries
00:00:01.746686 L2 TLB 2/4M Data:                2 way  1536 entries
00:00:01.746686 L2 TLB 4K Instr/Uni:             8 way  1024 entries
00:00:01.746687 L2 TLB 4K Data:                  8 way  1536 entries
00:00:01.746687 L2 Cache Line Size:              64 bytes
00:00:01.746688 L2 Cache Lines Per Tag:          1
00:00:01.746688 L2 Cache Associativity:          16 way
00:00:01.746689 L2 Cache Size:                   128 KB
00:00:01.746690   TS - Temperature Sensor                                 = 0 (1)
00:00:01.746691   FID - Frequency ID control                              = 0 (0)
00:00:01.746693   VID - Voltage ID control                                = 0 (0)
00:00:01.746694   TTP - Thermal Trip                                      = 0 (1)
00:00:01.746695   TM - Hardware Thermal Control (HTC)                     = 0 (0)
00:00:01.746696   100MHzSteps - 100 MHz Multiplier control                = 0 (0)
00:00:01.746697   HwPstate - Hardware P-state control                     = 0 (1)
00:00:01.746698   TscInvariant - Invariant Time Stamp Counter             = 1 (1)
00:00:01.746699   CBP - Core Performance Boost                            = 0 (1)
00:00:01.746700   EffFreqRO - Read-only Effective Frequency Interface     = 0 (1)
00:00:01.746701   ProcFdbkIf - Processor Feedback Interface               = 0 (0)
00:00:01.746702   ProcPwrRep - Core power reporting interface support     = 0 (0)
00:00:01.746703   14 - Reserved                                           = 0 (1)
00:00:01.746705   CLZERO - Clear zero instruction (cacheline)             = 0 (1)
00:00:01.746706   IRPerf - Instructions retired count support             = 0 (0)
00:00:01.746707   XSaveErPtr - Save/restore error pointers (FXSAVE/RSTOR*) = 0 (1)
00:00:01.746708   RDPRU - RDPRU instruction                               = 0 (0)
00:00:01.746709   MCOMMIT - MCOMMIT instruction                           = 0 (0)
00:00:01.746710   IBPB - Supports the IBPB command in IA32_PRED_CMD       = 0 (0)
00:00:01.746711   25 - Reserved                                           = 0 (1)
00:00:01.746713   26 - Reserved                                           = 1 (0)
00:00:01.746714 Physical Address Width:          48 bits
00:00:01.746714 Virtual Address Width:           48 bits
00:00:01.746715 Guest Physical Address Width:    0 bits
00:00:01.746715 Physical Core Count:             1
00:00:01.746717 
00:00:01.746717 ******************** End of CPUID dump **********************
00:00:01.746773 VMEmt: Halt method global1 (5)
00:00:01.746868 VMEmt: HaltedGlobal1 config: cNsSpinBlockThresholdCfg=50000
00:00:01.746877 Changing the VM state from 'CREATING' to 'CREATED'
00:00:01.748162 Changing the VM state from 'CREATED' to 'POWERING_ON'
00:00:01.748270 Changing the VM state from 'POWERING_ON' to 'RUNNING'
00:00:01.748280 Console: Machine state changed to 'Running'
00:00:01.750239 VMMDev: Guest Log: BIOS: VirtualBox 7.0.10
00:00:01.750481 PCI: Setting up resources and interrupts
00:00:01.750692 PIT: mode=2 count=0x10000 (65536) - 18.20 Hz (ch=0)
00:00:01.772264 Display::i_handleDisplayResize: uScreenId=0 pvVRAM=0000000000000000 w=720 h=400 bpp=0 cbLine=0x0 flags=0x0 origin=0,0
00:00:01.772848 VMMDev: Guest Log: CPUID EDX: 0x178bfbff
00:00:01.773459 VMMDev: Guest Log: BIOS: No PCI IDE controller, not probing IDE
00:00:01.815462 PIT: mode=2 count=0x48d3 (18643) - 64.00 Hz (ch=0)
00:00:01.821422 Display::i_handleDisplayResize: uScreenId=0 pvVRAM=00000193efb00000 w=640 h=480 bpp=32 cbLine=0xA00 flags=0x0 origin=0,0
00:00:02.028388 VBoxHeadless: starting event loop
00:00:04.293670 PIT: mode=2 count=0x10000 (65536) - 18.20 Hz (ch=0)
00:00:04.293945 VMMDev: Guest Log: BIOS: Boot : bseqnr=1, bootseq=0001
00:00:04.297385 Display::i_handleDisplayResize: uScreenId=0 pvVRAM=0000000000000000 w=720 h=400 bpp=0 cbLine=0x0 flags=0x0 origin=0,0
00:00:04.314442 VMMDev: Guest Log: BIOS: Booting from Floppy...
00:00:04.339893 Audio: Warning: Scheduling hint of stream '[WasAPI] Output:0' is bigger (622770258920ms) than used period size (0ms)
00:00:04.340244 Display::i_handleDisplayResize: uScreenId=0 pvVRAM=00000193efb00000 w=640 h=400 bpp=0 cbLine=0x140 flags=0x0 origin=0,0
