00:00:00.362888 VirtualBox VM 7.2.6 r172322 win.amd64 (Jan 15 2026 18:08:50) release log
00:00:00.362890 Log opened 2026-04-22T21:00:48.909552000Z
00:00:00.362891 Build Type: release
00:00:00.362892 OS Product: Windows 10
00:00:00.363066 OS Release: 10.0.19045.7184
00:00:00.363068 OS Service Pack: 
00:00:00.430135 DMI Product Name: System Product Name
00:00:00.432687 DMI Product Version: System Version
00:00:00.432697 Firmware type: UEFI
00:00:00.432973 Secure Boot: Enabled
00:00:00.432979 Host RAM: 32692MB (31.9GB) total, 20820MB (20.3GB) available
00:00:00.432981 Executable: C:\Program Files\Oracle\VirtualBox\VBoxHeadless.exe
00:00:00.432982 Process ID: 1132
00:00:00.432982 Package type: WINDOWS_64BITS_GENERIC
00:00:00.432983 Windows Features:
00:00:00.432983   Core Isolation (Memory Integrity): DISABLED
00:00:00.433699 Installed Extension Packs:
00:00:00.433711   None installed!
00:00:00.434307 Console: Machine state changed to 'Starting'
00:00:00.491799 SUP: seg #0: R   0x00000000 LB 0x00001000
00:00:00.491818 SUP: seg #1: R X 0x00001000 LB 0x00204000
00:00:00.491822 SUP: seg #2: R   0x00205000 LB 0x00053000
00:00:00.491826 SUP: seg #3: RW  0x00258000 LB 0x00013000
00:00:00.491829 SUP: seg #4: R   0x0026b000 LB 0x00013000
00:00:00.491832 SUP: seg #5: RW  0x0027e000 LB 0x00004000
00:00:00.491836 SUP: seg #6: R   0x00282000 LB 0x00007000
00:00:00.491839 SUP: seg #7: R X 0x00289000 LB 0x00002000
00:00:00.491842 SUP: seg #8: R   0x0028b000 LB 0x00007000
00:00:00.495663 SUP: Loaded VMMR0.r0 (C:\Program Files\Oracle\VirtualBox/VMMR0.r0) at 0xXXXXXXXXXXXXXXXX - ModuleInit at XXXXXXXXXXXXXXXX and ModuleTerm at XXXXXXXXXXXXXXXX using the native ring-0 loader
00:00:00.495700 SUP: VMMR0EntryEx located at XXXXXXXXXXXXXXXX and VMMR0EntryFast at XXXXXXXXXXXXXXXX
00:00:00.495703 SUP: windbg> .reload /f C:\Program Files\Oracle\VirtualBox/VMMR0.r0=0xXXXXXXXXXXXXXXXX
00:00:00.499267 Guest architecture: x86
00:00:00.499320 Guest OS type: 'Other'
00:00:00.499833 fHMForced=true - No raw-mode support in this build!
00:00:00.499844 Using execution engine 1
00:00:00.502124 File system of 'C:\Users\RhythmicCarnage\Desktop\CyberStorm\deploy\virtualbox\CyberStorm.vdi' is ntfs
00:00:00.601321 Shared Clipboard: Initialized OLE
00:00:00.601367 Shared Clipboard: Service loaded
00:00:00.601378 Shared Clipboard: Mode: Off
00:00:00.601421 Shared Clipboard: Service running in headless mode
00:00:00.611953 Drag and drop service loaded
00:00:00.611965 Drag and drop mode: Off
00:00:00.612977 Audio: Detected default audio driver type is 'HostAudioWas'
00:00:00.694645 ************************* CFGM dump *************************
00:00:00.694659 [/] (level 0)
00:00:00.694661   CpuExecutionCap   <integer> = 0x0000000000000064 (100)
00:00:00.694664   EnablePAE         <integer> = 0x0000000000000000 (0)
00:00:00.694666   HMEnabled         <integer> = 0x0000000000000001 (1)
00:00:00.694668   MemBalloonSize    <integer> = 0x0000000000000000 (0, 0 B)
00:00:00.694673   Name              <string>  = "CyberStorm" (cb=11)
00:00:00.694675   NumCPUs           <integer> = 0x0000000000000001 (1)
00:00:00.694677   PageFusionAllowed <integer> = 0x0000000000000000 (0)
00:00:00.694678   RamHoleSize       <integer> = 0x0000000020000000 (536 870 912, 512.0 MiB)
00:00:00.694680   RamSize           <integer> = 0x0000000004000000 (67 108 864, 64.0 MiB)
00:00:00.694682   TimerMillies      <integer> = 0x000000000000000a (10)
00:00:00.694684   UUID              <bytes>   = "bc 6a 1e 92 fc 16 f6 4b 8e c9 32 44 a0 e6 ae 01" (cb=16)
00:00:00.694688 
00:00:00.694688 [/CPUM/] (level 1)
00:00:00.694690   Enable64bit        <integer> = 0x0000000000000000 (0)
00:00:00.694692   GuestCpuName       <string>  = "host" (cb=5)
00:00:00.694693   NestedHWVirt       <integer> = 0x0000000000000000 (0)
00:00:00.694694   PortableCpuIdLevel <integer> = 0x0000000000000000 (0)
00:00:00.694695   SpecCtrl           <integer> = 0x0000000000000000 (0)
00:00:00.694696 
00:00:00.694697 [/CPUM/IsaExts/] (level 2)
00:00:00.694699 
00:00:00.694699 [/DBGC/] (level 1)
00:00:00.694700   GlobalInitScript <string>  = "C:\Users\RhythmicCarnage\.VirtualBox/dbgc-init" (cb=47)
00:00:00.694701   HistoryFile      <string>  = "C:\Users\RhythmicCarnage\.VirtualBox/dbgc-history" (cb=50)
00:00:00.694703   LocalInitScript  <string>  = "C:\Users\RhythmicCarnage\Desktop\CyberStorm\deploy\virtualbox\CyberStorm/dbgc-init" (cb=83)
00:00:00.694704 
00:00:00.694704 [/DBGF/] (level 1)
00:00:00.694705   Path <string>  = "C:\Users\RhythmicCarnage\Desktop\CyberStorm\deploy\virtualbox\CyberStorm/debug/;C:\Users\RhythmicCarnage\Desktop\CyberStorm\deploy\virtualbox\CyberStorm/;cache*C:\Users\RhythmicCarnage\Desktop\CyberStorm\deploy\virtualbox\CyberStorm/dbgcache/;C:\Users\RhythmicCarnage\" (cb=269)
00:00:00.694707 
00:00:00.694707 [/Devices/] (level 1)
00:00:00.694708 
00:00:00.694709 [/Devices/3c501/] (level 2)
00:00:00.694710 
00:00:00.694711 [/Devices/8237A/] (level 2)
00:00:00.694712 
00:00:00.694712 [/Devices/8237A/0/] (level 3)
00:00:00.694714   Trusted <integer> = 0x0000000000000001 (1)
00:00:00.694715 
00:00:00.694715 [/Devices/VMMDev/] (level 2)
00:00:00.694717 
00:00:00.694717 [/Devices/VMMDev/0/] (level 3)
00:00:00.694719   PCIBusNo      <integer> = 0x0000000000000000 (0)
00:00:00.694720   PCIDeviceNo   <integer> = 0x0000000000000004 (4)
00:00:00.694722   PCIFunctionNo <integer> = 0x0000000000000000 (0)
00:00:00.694723   Trusted       <integer> = 0x0000000000000001 (1)
00:00:00.694724 
00:00:00.694724 [/Devices/VMMDev/0/Config/] (level 4)
00:00:00.694726   GuestCoreDumpDir <string>  = "C:\Users\RhythmicCarnage\Desktop\CyberStorm\deploy\virtualbox\CyberStorm\Snapshots" (cb=83)
00:00:00.694727 
00:00:00.694728 [/Devices/VMMDev/0/LUN#0/] (level 4)
00:00:00.694729   Driver <string>  = "HGCM" (cb=5)
00:00:00.694730 
00:00:00.694731 [/Devices/VMMDev/0/LUN#0/Config/] (level 5)
00:00:00.694733 
00:00:00.694733 [/Devices/VMMDev/0/LUN#999/] (level 4)
00:00:00.694735   Driver <string>  = "MainStatus" (cb=11)
00:00:00.694736 
00:00:00.694736 [/Devices/VMMDev/0/LUN#999/Config/] (level 5)
00:00:00.694738   First                <integer> = 0x0000000000000000 (0)
00:00:00.694740   HasMediumAttachments <integer> = 0x0000000000000000 (0)
00:00:00.694741   Last                 <integer> = 0x0000000000000000 (0)
00:00:00.694743   iLedSet              <integer> = 0x0000000000000003 (3)
00:00:00.694744 
00:00:00.694744 [/Devices/acpi/] (level 2)
00:00:00.694746 
00:00:00.694746 [/Devices/acpi/0/] (level 3)
00:00:00.694748   PCIBusNo      <integer> = 0x0000000000000000 (0)
00:00:00.694749   PCIDeviceNo   <integer> = 0x0000000000000007 (7)
00:00:00.694750   PCIFunctionNo <integer> = 0x0000000000000000 (0)
00:00:00.694751   Trusted       <integer> = 0x0000000000000001 (1)
00:00:00.694752 
00:00:00.694753 [/Devices/acpi/0/Config/] (level 4)
00:00:00.694755   CpuHotPlug          <integer> = 0x0000000000000000 (0)
00:00:00.694759   FdcEnabled          <integer> = 0x0000000000000000 (0)
00:00:00.694760   HostBusPciAddress   <integer> = 0x0000000000000000 (0)
00:00:00.694762   HpetEnabled         <integer> = 0x0000000000000000 (0)
00:00:00.694763   IOAPIC              <integer> = 0x0000000000000000 (0)
00:00:00.694764   IocPciAddress       <integer> = 0x0000000000010000 (65 536)
00:00:00.694766   NumCPUs             <integer> = 0x0000000000000001 (1)
00:00:00.694767   Parallel0IoPortBase <integer> = 0x0000000000000000 (0)
00:00:00.694768   Parallel0Irq        <integer> = 0x0000000000000000 (0)
00:00:00.694769   Parallel1IoPortBase <integer> = 0x0000000000000000 (0)
00:00:00.694770   Parallel1Irq        <integer> = 0x0000000000000000 (0)
00:00:00.694772   Serial0IoPortBase   <integer> = 0x0000000000000000 (0)
00:00:00.694773   Serial0Irq          <integer> = 0x0000000000000000 (0)
00:00:00.694774   Serial1IoPortBase   <integer> = 0x0000000000000000 (0)
00:00:00.694775   Serial1Irq          <integer> = 0x0000000000000000 (0)
00:00:00.694776   ShowCpu             <integer> = 0x0000000000000000 (0)
00:00:00.694777   ShowRtc             <integer> = 0x0000000000000000 (0)
00:00:00.694779   SmcEnabled          <integer> = 0x0000000000000000 (0)
00:00:00.694780 
00:00:00.694780 [/Devices/acpi/0/LUN#0/] (level 4)
00:00:00.694782   Driver <string>  = "ACPIHost" (cb=9)
00:00:00.694783 
00:00:00.694784 [/Devices/acpi/0/LUN#0/Config/] (level 5)
00:00:00.694786 
00:00:00.694786 [/Devices/apic/] (level 2)
00:00:00.694787 
00:00:00.694788 [/Devices/apic/0/] (level 3)
00:00:00.694789   Trusted <integer> = 0x0000000000000001 (1)
00:00:00.694790 
00:00:00.694791 [/Devices/apic/0/Config/] (level 4)
00:00:00.694792   IOAPIC  <integer> = 0x0000000000000000 (0)
00:00:00.694793   Mode    <integer> = 0x0000000000000002 (2)
00:00:00.694795   NumCPUs <integer> = 0x0000000000000001 (1)
00:00:00.694796 
00:00:00.694796 [/Devices/dp8390/] (level 2)
00:00:00.694797 
00:00:00.694798 [/Devices/e1000/] (level 2)
00:00:00.694799 
00:00:00.694799 [/Devices/i8254/] (level 2)
00:00:00.694801 
00:00:00.694801 [/Devices/i8254/0/] (level 3)
00:00:00.694802 
00:00:00.694803 [/Devices/i8254/0/Config/] (level 4)
00:00:00.694804 
00:00:00.694805 [/Devices/i8259/] (level 2)
00:00:00.694806 
00:00:00.694806 [/Devices/i8259/0/] (level 3)
00:00:00.694808   Trusted <integer> = 0x0000000000000001 (1)
00:00:00.694809 
00:00:00.694809 [/Devices/i8259/0/Config/] (level 4)
00:00:00.694811 
00:00:00.694811 [/Devices/mc146818/] (level 2)
00:00:00.694813 
00:00:00.694813 [/Devices/mc146818/0/] (level 3)
00:00:00.694815 
00:00:00.694815 [/Devices/mc146818/0/Config/] (level 4)
00:00:00.694817   UseUTC <integer> = 0x0000000000000000 (0)
00:00:00.694818 
00:00:00.694818 [/Devices/parallel/] (level 2)
00:00:00.694819 
00:00:00.694820 [/Devices/pcarch/] (level 2)
00:00:00.694821 
00:00:00.694821 [/Devices/pcarch/0/] (level 3)
00:00:00.694823   Trusted <integer> = 0x0000000000000001 (1)
00:00:00.694824 
00:00:00.694824 [/Devices/pcarch/0/Config/] (level 4)
00:00:00.694826 
00:00:00.694826 [/Devices/pcbios/] (level 2)
00:00:00.694827 
00:00:00.694828 [/Devices/pcbios/0/] (level 3)
00:00:00.694829   Trusted <integer> = 0x0000000000000001 (1)
00:00:00.694830 
00:00:00.694831 [/Devices/pcbios/0/Config/] (level 4)
00:00:00.694833   APIC            <integer> = 0x0000000000000001 (1)
00:00:00.694834   BootDevice0     <string>  = "IDE" (cb=4)
00:00:00.694835   BootDevice1     <string>  = "NONE" (cb=5)
00:00:00.694836   BootDevice2     <string>  = "NONE" (cb=5)
00:00:00.694837   BootDevice3     <string>  = "NONE" (cb=5)
00:00:00.694838   DmiSystemSerial <string>  = "VirtualBox-<DmiSystemUuid>" (cb=27)
00:00:00.694839   FloppyDevice    <string>  = "i82078" (cb=7)
00:00:00.694841   HardDiskDevice  <string>  = "piix3ide" (cb=9)
00:00:00.694842   IOAPIC          <integer> = 0x0000000000000000 (0)
00:00:00.694843   McfgBase        <integer> = 0x0000000000000000 (0)
00:00:00.694846   McfgLength      <integer> = 0x0000000000000000 (0)
00:00:00.694847   NumCPUs         <integer> = 0x0000000000000001 (1)
00:00:00.694848   PXEDebug        <integer> = 0x0000000000000000 (0)
00:00:00.694849   UUID            <bytes>   = "bc 6a 1e 92 fc 16 f6 4b 8e c9 32 44 a0 e6 ae 01" (cb=16)
00:00:00.694853   UuidLe          <integer> = 0x0000000000000001 (1)
00:00:00.694854 
00:00:00.694855 [/Devices/pcbios/0/Config/NetBoot/] (level 5)
00:00:00.694857 
00:00:00.694857 [/Devices/pcbios/0/Config/NetBoot/0/] (level 6)
00:00:00.694859   NIC           <integer> = 0x0000000000000000 (0)
00:00:00.694861   PCIBusNo      <integer> = 0x0000000000000000 (0)
00:00:00.694862   PCIDeviceNo   <integer> = 0x0000000000000003 (3)
00:00:00.694863   PCIFunctionNo <integer> = 0x0000000000000000 (0)
00:00:00.694864 
00:00:00.694864 [/Devices/pci/] (level 2)
00:00:00.694866 
00:00:00.694866 [/Devices/pci/0/] (level 3)
00:00:00.694867   Trusted <integer> = 0x0000000000000001 (1)
00:00:00.694868 
00:00:00.694869 [/Devices/pci/0/Config/] (level 4)
00:00:00.694870   IOAPIC <integer> = 0x0000000000000000 (0)
00:00:00.694871 
00:00:00.694872 [/Devices/pcibridge/] (level 2)
00:00:00.694873 
00:00:00.694874 [/Devices/pckbd/] (level 2)
00:00:00.694875 
00:00:00.694875 [/Devices/pckbd/0/] (level 3)
00:00:00.694877   Trusted <integer> = 0x0000000000000001 (1)
00:00:00.694878 
00:00:00.694878 [/Devices/pckbd/0/Config/] (level 4)
00:00:00.694880 
00:00:00.694880 [/Devices/pckbd/0/LUN#0/] (level 4)
00:00:00.694882   Driver <string>  = "KeyboardQueue" (cb=14)
00:00:00.694883 
00:00:00.694883 [/Devices/pckbd/0/LUN#0/AttachedDriver/] (level 5)
00:00:00.694885   Driver <string>  = "MainKeyboard" (cb=13)
00:00:00.694886 
00:00:00.694886 [/Devices/pckbd/0/LUN#0/Config/] (level 5)
00:00:00.694888   QueueSize <integer> = 0x0000000000000040 (64, 64 B)
00:00:00.694890 
00:00:00.694890 [/Devices/pckbd/0/LUN#1/] (level 4)
00:00:00.694892   Driver <string>  = "MouseQueue" (cb=11)
00:00:00.694893 
00:00:00.694893 [/Devices/pckbd/0/LUN#1/AttachedDriver/] (level 5)
00:00:00.694895   Driver <string>  = "MainMouse" (cb=10)
00:00:00.694896 
00:00:00.694896 [/Devices/pckbd/0/LUN#1/Config/] (level 5)
00:00:00.694898   QueueSize <integer> = 0x0000000000000080 (128, 128 B)
00:00:00.694900 
00:00:00.694900 [/Devices/pcnet/] (level 2)
00:00:00.694902 
00:00:00.694902 [/Devices/pcnet/0/] (level 3)
00:00:00.694903   PCIBusNo      <integer> = 0x0000000000000000 (0)
00:00:00.694905   PCIDeviceNo   <integer> = 0x0000000000000003 (3)
00:00:00.694906   PCIFunctionNo <integer> = 0x0000000000000000 (0)
00:00:00.694907   Trusted       <integer> = 0x0000000000000001 (1)
00:00:00.694908 
00:00:00.694908 [/Devices/pcnet/0/Config/] (level 4)
00:00:00.694910   CableConnected <integer> = 0x0000000000000001 (1)
00:00:00.694911   ChipType       <string>  = "Am79C973" (cb=9)
00:00:00.694912   LineSpeed      <integer> = 0x0000000000000000 (0)
00:00:00.694914   MAC            <bytes>   = "08 00 27 35 cc c0" (cb=6)
00:00:00.694916 
00:00:00.694916 [/Devices/pcnet/0/LUN#0/] (level 4)
00:00:00.694918   Driver <string>  = "NAT" (cb=4)
00:00:00.694919 
00:00:00.694919 [/Devices/pcnet/0/LUN#0/Config/] (level 5)
00:00:00.694921   AliasMode          <integer> = 0x0000000000000000 (0)
00:00:00.694922   DNSProxy           <integer> = 0x0000000000000000 (0)
00:00:00.694924   EnableTFTP         <integer> = 0x0000000000000000 (0)
00:00:00.694925   ForwardBroadcast   <integer> = 0x0000000000000000 (0)
00:00:00.694926   LocalhostReachable <integer> = 0x0000000000000000 (0)
00:00:00.694927   Network            <string>  = "10.0.2.0/24" (cb=12)
00:00:00.694928   PassDomain         <integer> = 0x0000000000000001 (1)
00:00:00.694930   UseHostResolver    <integer> = 0x0000000000000000 (0)
00:00:00.694931 
00:00:00.694931 [/Devices/pcnet/0/LUN#999/] (level 4)
00:00:00.694933   Driver <string>  = "MainStatus" (cb=11)
00:00:00.694934 
00:00:00.694934 [/Devices/pcnet/0/LUN#999/Config/] (level 5)
00:00:00.694936   First                <integer> = 0x0000000000000000 (0)
00:00:00.694939   HasMediumAttachments <integer> = 0x0000000000000000 (0)
00:00:00.694940   Last                 <integer> = 0x0000000000000000 (0)
00:00:00.694941   iLedSet              <integer> = 0x0000000000000002 (2)
00:00:00.694943 
00:00:00.694943 [/Devices/piix3ide/] (level 2)
00:00:00.694945 
00:00:00.694945 [/Devices/piix3ide/0/] (level 3)
00:00:00.694947   PCIBusNo      <integer> = 0x0000000000000000 (0)
00:00:00.694948   PCIDeviceNo   <integer> = 0x0000000000000001 (1)
00:00:00.694949   PCIFunctionNo <integer> = 0x0000000000000001 (1)
00:00:00.694950   Trusted       <integer> = 0x0000000000000001 (1)
00:00:00.694951 
00:00:00.694951 [/Devices/piix3ide/0/Config/] (level 4)
00:00:00.694953   Type <string>  = "PIIX4" (cb=6)
00:00:00.694954 
00:00:00.694954 [/Devices/piix3ide/0/LUN#0/] (level 4)
00:00:00.694956   Driver <string>  = "VD" (cb=3)
00:00:00.694957 
00:00:00.694958 [/Devices/piix3ide/0/LUN#0/Config/] (level 5)
00:00:00.694959   Format    <string>  = "VDI" (cb=4)
00:00:00.694960   Mountable <integer> = 0x0000000000000000 (0)
00:00:00.694961   Path      <string>  = "C:\Users\RhythmicCarnage\Desktop\CyberStorm\deploy\virtualbox\CyberStorm.vdi" (cb=77)
00:00:00.694963   Type      <string>  = "HardDisk" (cb=9)
00:00:00.694964 
00:00:00.694964 [/Devices/piix3ide/0/LUN#0/Config/VDConfig/] (level 6)
00:00:00.694966   AllocationBlockSize <string>  = "1048576" (cb=8)
00:00:00.694967 
00:00:00.694968 [/Devices/piix3ide/0/LUN#999/] (level 4)
00:00:00.694969   Driver <string>  = "MainStatus" (cb=11)
00:00:00.694970 
00:00:00.694970 [/Devices/piix3ide/0/LUN#999/Config/] (level 5)
00:00:00.694972   DeviceInstance       <string>  = "piix3ide/0" (cb=11)
00:00:00.694974   First                <integer> = 0x0000000000000000 (0)
00:00:00.694975   HasMediumAttachments <integer> = 0x0000000000000001 (1)
00:00:00.694976   Last                 <integer> = 0x0000000000000003 (3)
00:00:00.694978   iLedSet              <integer> = 0x0000000000000001 (1)
00:00:00.694979 
00:00:00.694979 [/Devices/sb16/] (level 2)
00:00:00.694981 
00:00:00.694981 [/Devices/sb16/0/] (level 3)
00:00:00.694983   Trusted <integer> = 0x0000000000000001 (1)
00:00:00.694984 
00:00:00.694984 [/Devices/sb16/0/AudioConfig/] (level 4)
00:00:00.694986 
00:00:00.694986 [/Devices/sb16/0/Config/] (level 4)
00:00:00.694988   DMA          <integer> = 0x0000000000000001 (1)
00:00:00.694989   DMA16        <integer> = 0x0000000000000005 (5)
00:00:00.694990   DebugEnabled <integer> = 0x0000000000000000 (0)
00:00:00.694991   IRQ          <integer> = 0x0000000000000005 (5)
00:00:00.694993   Port         <integer> = 0x0000000000000220 (544)
00:00:00.694994   Version      <integer> = 0x0000000000000405 (1 029)
00:00:00.694995 
00:00:00.694996 [/Devices/sb16/0/LUN#0/] (level 4)
00:00:00.694997   Driver <string>  = "AUDIO" (cb=6)
00:00:00.694998 
00:00:00.694999 [/Devices/sb16/0/LUN#0/AttachedDriver/] (level 5)
00:00:00.695001   Driver <string>  = "HostAudioWas" (cb=13)
00:00:00.695002 
00:00:00.695002 [/Devices/sb16/0/LUN#0/AttachedDriver/Config/] (level 6)
00:00:00.695004   VmName <string>  = "CyberStorm" (cb=11)
00:00:00.695005   VmUuid <string>  = "921e6abc-16fc-4bf6-8ec9-3244a0e6ae01" (cb=37)
00:00:00.695006 
00:00:00.695006 [/Devices/sb16/0/LUN#0/Config/] (level 5)
00:00:00.695008   DriverName    <string>  = "HostAudioWas" (cb=13)
00:00:00.695009   InputEnabled  <integer> = 0x0000000000000000 (0)
00:00:00.695010   OutputEnabled <integer> = 0x0000000000000001 (1)
00:00:00.695011 
00:00:00.695012 [/Devices/sb16/0/LUN#1/] (level 4)
00:00:00.695013   Driver <string>  = "AUDIO" (cb=6)
00:00:00.695014 
00:00:00.695015 [/Devices/sb16/0/LUN#2/] (level 4)
00:00:00.695016   Driver <string>  = "AUDIO" (cb=6)
00:00:00.695017 
00:00:00.695017 [/Devices/serial/] (level 2)
00:00:00.695019 
00:00:00.695019 [/Devices/vga/] (level 2)
00:00:00.695020 
00:00:00.695021 [/Devices/vga/0/] (level 3)
00:00:00.695022   PCIBusNo      <integer> = 0x0000000000000000 (0)
00:00:00.695024   PCIDeviceNo   <integer> = 0x0000000000000002 (2)
00:00:00.695026   PCIFunctionNo <integer> = 0x0000000000000000 (0)
00:00:00.695027   Trusted       <integer> = 0x0000000000000001 (1)
00:00:00.695028 
00:00:00.695029 [/Devices/vga/0/Config/] (level 4)
00:00:00.695031   3DEnabled             <integer> = 0x0000000000000000 (0)
00:00:00.695032   CustomVideoModes      <integer> = 0x0000000000000000 (0)
00:00:00.695033   FadeIn                <integer> = 0x0000000000000001 (1)
00:00:00.695035   FadeOut               <integer> = 0x0000000000000001 (1)
00:00:00.695036   HeightReduction       <integer> = 0x0000000000000000 (0)
00:00:00.695037   LogoFile              <string>  = "" (cb=1)
00:00:00.695039   LogoTime              <integer> = 0x0000000000000000 (0)
00:00:00.695040   MonitorCount          <integer> = 0x0000000000000001 (1)
00:00:00.695041   ShowBootMenu          <integer> = 0x0000000000000002 (2)
00:00:00.695042   VMSVGA3dEnabled       <integer> = 0x0000000000000000 (0)
00:00:00.695044   VMSVGAEnabled         <integer> = 0x0000000000000001 (1)
00:00:00.695045   VRamSize              <integer> = 0x0000000001000000 (16 777 216, 16.0 MiB)
00:00:00.695047   VmSvga3               <integer> = 0x0000000000000000 (0)
00:00:00.695048   VmSvgaExposeLegacyVga <integer> = 0x0000000000000001 (1)
00:00:00.695050 
00:00:00.695050 [/Devices/vga/0/LUN#0/] (level 4)
00:00:00.695052   Driver <string>  = "MainDisplay" (cb=12)
00:00:00.695052 
00:00:00.695053 [/Devices/vga/0/LUN#0/Config/] (level 5)
00:00:00.695055 
00:00:00.695055 [/Devices/vga/0/LUN#999/] (level 4)
00:00:00.695057   Driver <string>  = "MainStatus" (cb=11)
00:00:00.695058 
00:00:00.695058 [/Devices/vga/0/LUN#999/Config/] (level 5)
00:00:00.695060   First                <integer> = 0x0000000000000000 (0)
00:00:00.695061   HasMediumAttachments <integer> = 0x0000000000000000 (0)
00:00:00.695062   Last                 <integer> = 0x0000000000000000 (0)
00:00:00.695064   iLedSet              <integer> = 0x0000000000000000 (0)
00:00:00.695065 
00:00:00.695066 [/Devices/virtio-net/] (level 2)
00:00:00.695067 
00:00:00.695067 [/EM/] (level 1)
00:00:00.695068   TripleFaultReset <integer> = 0x0000000000000000 (0)
00:00:00.695069 
00:00:00.695070 [/GCM/] (level 1)
00:00:00.695071 
00:00:00.695071 [/GIM/] (level 1)
00:00:00.695072   Provider <string>  = "None" (cb=5)
00:00:00.695073 
00:00:00.695074 [/HM/] (level 1)
00:00:00.695075   64bitEnabled        <integer> = 0x0000000000000000 (0)
00:00:00.695077   EnableLargePages    <integer> = 0x0000000000000001 (1)
00:00:00.695078   EnableNestedPaging  <integer> = 0x0000000000000001 (1)
00:00:00.695079   EnableUX            <integer> = 0x0000000000000001 (1)
00:00:00.695080   EnableVPID          <integer> = 0x0000000000000001 (1)
00:00:00.695081   Exclusive           <integer> = 0x0000000000000000 (0)
00:00:00.695083   HMForced            <integer> = 0x0000000000000001 (1)
00:00:00.695084   IBPBOnVMEntry       <integer> = 0x0000000000000000 (0)
00:00:00.695085   IBPBOnVMExit        <integer> = 0x0000000000000000 (0)
00:00:00.695086   L1DFlushOnSched     <integer> = 0x0000000000000001 (1)
00:00:00.695088   L1DFlushOnVMEntry   <integer> = 0x0000000000000000 (0)
00:00:00.695089   MDSClearOnSched     <integer> = 0x0000000000000001 (1)
00:00:00.695090   MDSClearOnVMEntry   <integer> = 0x0000000000000000 (0)
00:00:00.695091   SpecCtrlByHost      <integer> = 0x0000000000000000 (0)
00:00:00.695092   SvmVirtVmsaveVmload <integer> = 0x0000000000000000 (0)
00:00:00.695093   UseNEMInstead       <integer> = 0x0000000000000000 (0)
00:00:00.695094 
00:00:00.695094 [/MM/] (level 1)
00:00:00.695095   CanUseLargerHeap <integer> = 0x0000000000000000 (0)
00:00:00.695096 
00:00:00.695097 [/NEM/] (level 1)
00:00:00.695098   Allow64BitGuests  <integer> = 0x0000000000000000 (0)
00:00:00.695099   IBPBOnVMEntry     <integer> = 0x0000000000000000 (0)
00:00:00.695100   IBPBOnVMExit      <integer> = 0x0000000000000000 (0)
00:00:00.695101   L1DFlushOnSched   <integer> = 0x0000000000000001 (1)
00:00:00.695104   L1DFlushOnVMEntry <integer> = 0x0000000000000000 (0)
00:00:00.695105   MDSClearOnSched   <integer> = 0x0000000000000001 (1)
00:00:00.695106   MDSClearOnVMEntry <integer> = 0x0000000000000000 (0)
00:00:00.695107 
00:00:00.695107 [/PDM/] (level 1)
00:00:00.695108 
00:00:00.695109 [/PDM/AsyncCompletion/] (level 2)
00:00:00.695110 
00:00:00.695110 [/PDM/AsyncCompletion/File/] (level 3)
00:00:00.695112 
00:00:00.695112 [/PDM/AsyncCompletion/File/BwGroups/] (level 4)
00:00:00.695114 
00:00:00.695114 [/PDM/BlkCache/] (level 2)
00:00:00.695116   CacheSize <integer> = 0x0000000000500000 (5 242 880, 5.0 MiB)
00:00:00.695117 
00:00:00.695118 [/PDM/Devices/] (level 2)
00:00:00.695119 
00:00:00.695119 [/PDM/Drivers/] (level 2)
00:00:00.695121 
00:00:00.695121 [/PDM/Drivers/VBoxC/] (level 3)
00:00:00.695123   Path <string>  = "VBoxC" (cb=6)
00:00:00.695123 
00:00:00.695124 [/PDM/NetworkShaper/] (level 2)
00:00:00.695125 
00:00:00.695125 [/PDM/NetworkShaper/BwGroups/] (level 3)
00:00:00.695127 
00:00:00.695127 [/TM/] (level 1)
00:00:00.695128   UTCOffset <integer> = 0x0000000000000000 (0)
00:00:00.695129 
00:00:00.695130 ********************* End of CFGM dump **********************
00:00:00.695221 HM: HMR3Init: Attempting fall back to NEM: AMD-V is not available
00:00:00.764890 NEM:  info: Found optional import WinHvPlatform.dll!WHvQueryGpaRangeDirtyBitmap.
00:00:00.764905 NEM:  info: Found optional import WinHvPlatform.dll!WHvResumePartitionTime.
00:00:00.764908 NEM:  info: Found optional import WinHvPlatform.dll!WHvSuspendPartitionTime.
00:00:00.764912 NEM:  info: Found optional import WinHvPlatform.dll!WHvRequestInterrupt.
00:00:00.764915 NEM:  info: Found optional import WinHvPlatform.dll!WHvGetVirtualProcessorXsaveState.
00:00:00.764919 NEM:  info: Found optional import WinHvPlatform.dll!WHvSetVirtualProcessorXsaveState.
00:00:00.764923 NEM:  info: Failed to import WinHvPlatform.dll!WHvGetVirtualProcessorState: VERR_SYMBOL_NOT_FOUND
00:00:00.764939 NEM:  info: Failed to import WinHvPlatform.dll!WHvSetVirtualProcessorState: VERR_SYMBOL_NOT_FOUND
00:00:00.764943 NEM:  info: Found optional import WinHvPlatform.dll!WHvGetVirtualProcessorInterruptControllerState.
00:00:00.764946 NEM:  info: Found optional import WinHvPlatform.dll!WHvSetVirtualProcessorInterruptControllerState.
00:00:00.764949 NEM:  info: Found optional import WinHvPlatform.dll!WHvGetVirtualProcessorInterruptControllerState2.
00:00:00.764953 NEM:  info: Found optional import WinHvPlatform.dll!WHvSetVirtualProcessorInterruptControllerState2.
00:00:00.764957 NEM:  info: Found optional import vid.dll!VidGetHvPartitionId.
00:00:00.764960 NEM:  info: Found optional import vid.dll!VidGetPartitionProperty.
00:00:00.765017 NEM: WHvCapabilityCodeHypervisorPresent is TRUE, so this might work...
00:00:00.765023 NEM: WHvCapabilityCodeExtendedVmExits      = 0x00000000000003ff
00:00:00.765027 NEM:                           X64CpuidExit: 1
00:00:00.765030 NEM:                             X64MsrExit: 1
00:00:00.765034 NEM:                          ExceptionExit: 1
00:00:00.765037 NEM:                           X64RdtscExit: 1
00:00:00.765040 NEM:                     X64ApicSmiExitTrap: 1
00:00:00.765043 NEM:                          HypercallExit: 1
00:00:00.765046 NEM:                X64ApicInitSipiExitTrap: 1
00:00:00.765049 NEM:              X64ApicWriteLint0ExitTrap: 1
00:00:00.765052 NEM:              X64ApicWriteLint1ExitTrap: 1
00:00:00.765055 NEM:                X64ApicWriteSvrExitTrap: 1
00:00:00.765058 NEM:                 UnknownSynicConnection: 0
00:00:00.765061 NEM:              RetargetUnknownVpciDevice: 0
00:00:00.765064 NEM:                X64ApicWriteLdrExitTrap: 0
00:00:00.765067 NEM:                X64ApicWriteDfrExitTrap: 0
00:00:00.765070 NEM:                     GpaAccessFaultExit: 0
00:00:00.765073 NEM: WHvCapabilityCodeFeatures             = 0x000000000000007f
00:00:00.765079 NEM:                           PartialUnmap: 1
00:00:00.765082 NEM:                     LocalApicEmulation: 1
00:00:00.765086 NEM:                                  Xsave: 1
00:00:00.765090 NEM:                      DirtyPageTracking: 1
00:00:00.765093 NEM:                     SpeculationControl: 1
00:00:00.765096 NEM:                         ApicRemoteRead: 1
00:00:00.765099 NEM:                            IdleSuspend: 1
00:00:00.765102 NEM:                VirtualPciDeviceSupport: 0
00:00:00.765105 NEM:                           IommuSupport: 0
00:00:00.765108 NEM:                         VpHotAddRemove: 0
00:00:00.765114 NEM: Supported xsave features: 0x381f
00:00:00.765118 NEM:                           XsaveSupport: 1
00:00:00.765121 NEM:                        XsaveoptSupport: 1
00:00:00.765124 NEM:                             AvxSupport: 1
00:00:00.765127 NEM:                            Avx2Support: 1
00:00:00.765130 NEM:                             FmaSupport: 1
00:00:00.765133 NEM:                             MpxSupport: 0
00:00:00.765136 NEM:                          Avx512Support: 0
00:00:00.765140 NEM:                        Avx512DQSupport: 0
00:00:00.765143 NEM:                        Avx512BWSupport: 0
00:00:00.765146 NEM:                        Avx512VLSupport: 0
00:00:00.765149 NEM:                       XsaveCompSupport: 1
00:00:00.765156 NEM:                 XsaveSupervisorSupport: 1
00:00:00.765160 NEM:                            Xcr1Support: 1
00:00:00.765164 NEM:                    Avx512BitalgSupport: 0
00:00:00.765167 NEM:                      Avx512IfmaSupport: 0
00:00:00.765170 NEM:                      Avx512VBmiSupport: 0
00:00:00.765173 NEM:                     Avx512VBmi2Support: 0
00:00:00.765176 NEM:                      Avx512VnniSupport: 0
00:00:00.765179 NEM:                            GfniSupport: 0
00:00:00.765182 NEM:                            VaesSupport: 0
00:00:00.765186 NEM:                 Avx512VPopcntdqSupport: 0
00:00:00.765189 NEM:                      VpclmulqdqSupport: 0
00:00:00.765192 NEM:                      Avx512Bf16Support: 0
00:00:00.765195 NEM:              Avx512Vp2IntersectSupport: 0
00:00:00.765198 NEM:                      Avx512Fp16Support: 0
00:00:00.765201 NEM:                             XfdSupport: 0
00:00:00.765204 NEM:                         AmxTileSupport: 0
00:00:00.765207 NEM:                         AmxBf16Support: 0
00:00:00.765210 NEM:                         AmxInt8Support: 0
00:00:00.765213 NEM:                         AvxVnniSupport: 0
00:00:00.765216 NEM: Supported exception exit bitmap: 0xf7dfb
00:00:00.765222 NEM: WHvCapabilityCodeProcessorVendor      = 0 - AMD
00:00:00.765229 NEM: WHvCapabilityCodeProcessorFeatures    = 0x000006cb66f39fbf
00:00:00.765233 NEM:                            Sse3Support: 1
00:00:00.765236 NEM:                        LahfSahfSupport: 1
00:00:00.765239 NEM:                           Ssse3Support: 1
00:00:00.765242 NEM:                          Sse4_1Support: 1
00:00:00.765247 NEM:                          Sse4_2Support: 1
00:00:00.765250 NEM:                           Sse4aSupport: 1
00:00:00.765253 NEM:                             XopSupport: 0
00:00:00.765256 NEM:                          PopCntSupport: 1
00:00:00.765259 NEM:                      Cmpxchg16bSupport: 1
00:00:00.765262 NEM:                       Altmovcr8Support: 1
00:00:00.765265 NEM:                           LzcntSupport: 1
00:00:00.765268 NEM:                     MisAlignSseSupport: 1
00:00:00.765271 NEM:                          MmxExtSupport: 1
00:00:00.765274 NEM:                        Amd3DNowSupport: 0
00:00:00.765277 NEM:                ExtendedAmd3DNowSupport: 0
00:00:00.765280 NEM:                         Page1GbSupport: 1
00:00:00.765283 NEM:                             AesSupport: 1
00:00:00.765287 NEM:                       PclmulqdqSupport: 1
00:00:00.765290 NEM:                            PcidSupport: 0
00:00:00.765293 NEM:                            Fma4Support: 0
00:00:00.765296 NEM:                            F16CSupport: 1
00:00:00.765299 NEM:                          RdRandSupport: 1
00:00:00.765302 NEM:                        RdWrFsGsSupport: 1
00:00:00.765305 NEM:                            SmepSupport: 1
00:00:00.765309 NEM:              EnhancedFastStringSupport: 0
00:00:00.765312 NEM:                            Bmi1Support: 1
00:00:00.765315 NEM:                            Bmi2Support: 1
00:00:00.765318 NEM:                              Reserved1: 0
00:00:00.765321 NEM:                           MovbeSupport: 1
00:00:00.765324 NEM:                          Npiep1Support: 1
00:00:00.765327 NEM:                   DepX87FPUSaveSupport: 0
00:00:00.765330 NEM:                          RdSeedSupport: 1
00:00:00.765333 NEM:                             AdxSupport: 1
00:00:00.765337 NEM:                   IntelPrefetchSupport: 0
00:00:00.765340 NEM:                            SmapSupport: 1
00:00:00.765343 NEM:                             HleSupport: 0
00:00:00.765346 NEM:                             RtmSupport: 0
00:00:00.765349 NEM:                          RdtscpSupport: 1
00:00:00.765352 NEM:                      ClflushoptSupport: 1
00:00:00.765355 NEM:                            ClwbSupport: 0
00:00:00.765358 NEM:                             ShaSupport: 1
00:00:00.765362 NEM:                X87PointersSavedSupport: 1
00:00:00.765366 NEM:                         InvpcidSupport: 0
00:00:00.765369 NEM:                            IbrsSupport: 0
00:00:00.765373 NEM:                           StibpSupport: 0
00:00:00.765376 NEM:                            IbpbSupport: 0
00:00:00.765379 NEM:                              Reserved2: 0
00:00:00.765382 NEM:                            SsbdSupport: 0
00:00:00.765385 NEM:                 FastShortRepMovSupport: 0
00:00:00.765388 NEM:                              Reserved3: 0
00:00:00.765391 NEM:                                 RdclNo: 0
00:00:00.765394 NEM:                         IbrsAllSupport: 0
00:00:00.765397 NEM:                              Reserved4: 0
00:00:00.765401 NEM:                                  SsbNo: 0
00:00:00.765404 NEM:                                 RsbANo: 0
00:00:00.765407 NEM:                              Reserved5: 0
00:00:00.765410 NEM:                           RdPidSupport: 0
00:00:00.765413 NEM:                            UmipSupport: 0
00:00:00.765416 NEM:                           MdsNoSupport: 0
00:00:00.765419 NEM:                         MdClearSupport: 0
00:00:00.765423 NEM:                           TaaNoSupport: 0
00:00:00.765426 NEM:                         TsxCtrlSupport: 0
00:00:00.765429 NEM:                              Reserved6: 0
00:00:00.765434 NEM: WHvCapabilityCodeProcessorClFlushSize = 2^8
00:00:00.765438 NEM: Warning! Unknown capability 0x4 returning: 3f 00 00 00 00 00 00 00 00 00 00 00 00 00 00 00 00 00 00 00 00 00 00 00
00:00:00.766056 NEM: Warning! Unknown capability 0x1003 returning: 1f 38 00 00 00 00 00 00 00 00 00 00 00 00 00 00 00 00 00 00 00 00 00 00
00:00:00.766082 NEM: Warning! Unknown capability 0x1004 returning: f0 89 82 e2 00 00 00 00 00 00 00 00 00 00 00 00 00 00 00 00 00 00 00 00
00:00:00.766092 NEM: Warning! Unknown capability 0x1005 returning: 00 c2 eb 0b 00 00 00 00 00 00 00 00 00 00 00 00 00 00 00 00 00 00 00 00
00:00:00.766100 NEM: Warning! Unknown capability 0x1006 returning: 02 00 00 00 00 00 00 00 bf 9f f3 66 cb 06 00 00 04 00 00 00 00 00 00 00
00:00:00.767394 NEM: Created partition 00000215ed7432a0. APIC emulation mode: VirtualBox
00:00:00.767426 PGM: Enabling NEM mode
00:00:00.767537 NEM:
00:00:00.767537 NEM: NEMR3Init: Snail execution mode is active!
00:00:00.767538 NEM: Note! VirtualBox is not able to run at its full potential in this execution mode.
00:00:00.767538 NEM:       To see VirtualBox run at max speed you need to disable all Windows features
00:00:00.767538 NEM:       making use of Hyper-V.  That is a moving target, so google how and carefully
00:00:00.767539 NEM:       consider the consequences of disabling these features.
00:00:00.767539 NEM:
00:00:00.767569 CPUM: No hardware-virtualization capability detected
00:00:00.767575 CPUM: fXStateHostMask=0x7; host XCR0=0x7
00:00:00.771683 CPUM: Matched host CPU AMD 0x17/0x8/0x2 AMD_Zen_Ryzen with CPU DB entry 'AMD Ryzen 7 1800X Eight-Core' (AMD 0x17/0x1/0x1 AMD_Zen_Ryzen)
00:00:00.783305 CPUM: MXCSR_MASK=0x2ffff (host: 0x2ffff)
00:00:00.783345 CPUM: Microcode revision 0x08008202
00:00:00.783368 CPUM: MSR fudge: 0x00000017 IA32_PLATFORM_ID
00:00:00.783407 CPUM: MSR fudge: 0x000001a0 IA32_MISC_ENABLE
00:00:00.783425 CPUM: MSR fudge: 0x000002ff IA32_MTRR_DEF_TYPE
00:00:00.783442 CPUM: MSR fudge: 0x0000002c P4_EBC_FREQUENCY_ID
00:00:00.783534 CPUM: Set SSBD not required flag for AMD to work around some buggy Linux kernels!
00:00:00.783539 CPUM: Enabled MTRR read-write support
00:00:00.783544 CPUM: Enabled fixed-range MTRRs and 16 (virtualized) variable-range MTRRs
00:00:00.785426 NEM: HvPartitionPropertyProcessorVendor=0x0 (0)
00:00:00.785445 NEM: cbXSaveArea=832
00:00:00.785463 NEM: Default XSAVE area returned by Hyper-V
00:00:00.785465 0000006f4d1fdbb0/0000: 00 00 00 00 00 00 00 00-00 00 00 00 00 00 00 00 ................
00:00:00.785468 0000006f4d1fdbc0/0010: 00 00 00 00 00 00 00 00-80 1f 00 00 ff ff 02 00 ................
00:00:00.785470 0000006f4d1fdbd0/0020: 00 00 00 00 00 00 00 00-00 00 00 00 00 00 00 00 ................
00:00:00.785472 0000006f4d1fdbe0/0030: 00 00 00 00 00 00 00 00-00 00 00 00 00 00 00 00 ................
00:00:00.785473 0000006f4d1fdbf0/0040: 00 00 00 00 00 00 00 00-00 00 00 00 00 00 00 00 ................
00:00:00.785475 0000006f4d1fdc00/0050: 00 00 00 00 00 00 00 00-00 00 00 00 00 00 00 00 ................
00:00:00.785476 0000006f4d1fdc10/0060: 00 00 00 00 00 00 00 00-00 00 00 00 00 00 00 00 ................
00:00:00.785478 0000006f4d1fdc20/0070: 00 00 00 00 00 00 00 00-00 00 00 00 00 00 00 00 ................
00:00:00.785480 0000006f4d1fdc30/0080: 00 00 00 00 00 00 00 00-00 00 00 00 00 00 00 00 ................
00:00:00.785481 0000006f4d1fdc40/0090: 00 00 00 00 00 00 00 00-00 00 00 00 00 00 00 00 ................
00:00:00.785483 0000006f4d1fdc50/00a0: 00 00 00 00 00 00 00 00-00 00 00 00 00 00 00 00 ................
00:00:00.785484 0000006f4d1fdc60/00b0: 00 00 00 00 00 00 00 00-00 00 00 00 00 00 00 00 ................
00:00:00.785486 0000006f4d1fdc70/00c0: 00 00 00 00 00 00 00 00-00 00 00 00 00 00 00 00 ................
00:00:00.785487 0000006f4d1fdc80/00d0: 00 00 00 00 00 00 00 00-00 00 00 00 00 00 00 00 ................
00:00:00.785489 0000006f4d1fdc90/00e0: 00 00 00 00 00 00 00 00-00 00 00 00 00 00 00 00 ................
00:00:00.785490 0000006f4d1fdca0/00f0: 00 00 00 00 00 00 00 00-00 00 00 00 00 00 00 00 ................
00:00:00.785492 0000006f4d1fdcb0/0100: 00 00 00 00 00 00 00 00-00 00 00 00 00 00 00 00 ................
00:00:00.785493 0000006f4d1fdcc0/0110: 00 00 00 00 00 00 00 00-00 00 00 00 00 00 00 00 ................
00:00:00.785495 0000006f4d1fdcd0/0120: 00 00 00 00 00 00 00 00-00 00 00 00 00 00 00 00 ................
00:00:00.785496 0000006f4d1fdce0/0130: 00 00 00 00 00 00 00 00-00 00 00 00 00 00 00 00 ................
00:00:00.785498 0000006f4d1fdcf0/0140: 00 00 00 00 00 00 00 00-00 00 00 00 00 00 00 00 ................
00:00:00.785499 0000006f4d1fdd00/0150: 00 00 00 00 00 00 00 00-00 00 00 00 00 00 00 00 ................
00:00:00.785501 0000006f4d1fdd10/0160: 00 00 00 00 00 00 00 00-00 00 00 00 00 00 00 00 ................
00:00:00.785502 0000006f4d1fdd20/0170: 00 00 00 00 00 00 00 00-00 00 00 00 00 00 00 00 ................
00:00:00.785504 0000006f4d1fdd30/0180: 00 00 00 00 00 00 00 00-00 00 00 00 00 00 00 00 ................
00:00:00.785505 0000006f4d1fdd40/0190: 00 00 00 00 00 00 00 00-00 00 00 00 00 00 00 00 ................
00:00:00.785507 0000006f4d1fdd50/01a0: 00 00 00 00 00 00 00 00-00 00 00 00 00 00 00 00 ................
00:00:00.785508 0000006f4d1fdd60/01b0: 00 00 00 00 00 00 00 00-00 00 00 00 00 00 00 00 ................
00:00:00.785510 0000006f4d1fdd70/01c0: 00 00 00 00 00 00 00 00-00 00 00 00 00 00 00 00 ................
00:00:00.785511 0000006f4d1fdd80/01d0: 00 00 00 00 00 00 00 00-00 00 00 00 00 00 00 00 ................
00:00:00.785513 0000006f4d1fdd90/01e0: 00 00 00 00 00 00 00 00-00 00 00 00 00 00 00 00 ................
00:00:00.785515 0000006f4d1fdda0/01f0: 00 00 00 00 00 00 00 00-00 00 00 00 00 00 00 00 ................
00:00:00.785516 0000006f4d1fddb0/0200: 02 00 00 00 00 00 00 00-07 00 00 00 00 00 00 80 ................
00:00:00.785518 0000006f4d1fddc0/0210: 00 00 00 00 00 00 00 00-00 00 00 00 00 00 00 00 ................
00:00:00.785519 0000006f4d1fddd0/0220: 00 00 00 00 00 00 00 00-00 00 00 00 00 00 00 00 ................
00:00:00.785521 0000006f4d1fdde0/0230: 00 00 00 00 00 00 00 00-00 00 00 00 00 00 00 00 ................
00:00:00.785522 0000006f4d1fddf0/0240: 00 00 00 00 00 00 00 00-00 00 00 00 00 00 00 00 ................
00:00:00.785524 0000006f4d1fde00/0250: 00 00 00 00 00 00 00 00-00 00 00 00 00 00 00 00 ................
00:00:00.785525 0000006f4d1fde10/0260: 00 00 00 00 00 00 00 00-00 00 00 00 00 00 00 00 ................
00:00:00.785527 0000006f4d1fde20/0270: 00 00 00 00 00 00 00 00-00 00 00 00 00 00 00 00 ................
00:00:00.785528 0000006f4d1fde30/0280: 00 00 00 00 00 00 00 00-00 00 00 00 00 00 00 00 ................
00:00:00.785530 0000006f4d1fde40/0290: 00 00 00 00 00 00 00 00-00 00 00 00 00 00 00 00 ................
00:00:00.785531 0000006f4d1fde50/02a0: 00 00 00 00 00 00 00 00-00 00 00 00 00 00 00 00 ................
00:00:00.785533 0000006f4d1fde60/02b0: 00 00 00 00 00 00 00 00-00 00 00 00 00 00 00 00 ................
00:00:00.785534 0000006f4d1fde70/02c0: 00 00 00 00 00 00 00 00-00 00 00 00 00 00 00 00 ................
00:00:00.785536 0000006f4d1fde80/02d0: 00 00 00 00 00 00 00 00-00 00 00 00 00 00 00 00 ................
00:00:00.785537 0000006f4d1fde90/02e0: 00 00 00 00 00 00 00 00-00 00 00 00 00 00 00 00 ................
00:00:00.785539 0000006f4d1fdea0/02f0: 00 00 00 00 00 00 00 00-00 00 00 00 00 00 00 00 ................
00:00:00.785540 0000006f4d1fdeb0/0300: 00 00 00 00 00 00 00 00-00 00 00 00 00 00 00 00 ................
00:00:00.785542 0000006f4d1fdec0/0310: 00 00 00 00 00 00 00 00-00 00 00 00 00 00 00 00 ................
00:00:00.785543 0000006f4d1fded0/0320: 00 00 00 00 00 00 00 00-00 00 00 00 00 00 00 00 ................
00:00:00.785545 0000006f4d1fdee0/0330: 00 00 00 00 00 00 00 00-00 00 00 00 00 00 00 00 ................
00:00:00.785556 NEM: Successfully set up partition (device handle 0000000000000b50, partition ID 0x8a)
00:00:00.785730 PGM: Host paging mode: AMD64+PGE+NX
00:00:00.785741 PGM: PGMPool: cMaxPages=256 (u64MaxPages=64)
00:00:00.785744 PGM: pgmR3PoolInit: cMaxPages=0x100 cMaxUsers=0x200 cMaxPhysExts=0x200 fCacheEnable=true
00:00:00.791562 SUPLib: MEM_LARGE_PAGES works!
00:00:00.791842 TM: GIP - u32Mode=3 (Invariant) u32UpdateHz=93 u32UpdateIntervalNS=10741500 enmUseTscDelta=2 (Practically Zero) fGetGipCpu=0x2b cCpus=16
00:00:00.791850 TM: GIP - u64CpuHz=3 800 205 671 (0xe2828967)  SUPGetCpuHzFromGip => 3 800 205 671
00:00:00.791855 TM: GIP - CPU: iCpuSet=0x0 idCpu=0x0 idApic=0x0 iGipCpu=0x2 i64TSCDelta=0 enmState=3 u64CpuHz=3800199759(*) cErrors=0
00:00:00.791860 TM: GIP - CPU: iCpuSet=0x1 idCpu=0x1 idApic=0x1 iGipCpu=0x1 i64TSCDelta=0 enmState=3 u64CpuHz=3800206701(*) cErrors=0
00:00:00.791864 TM: GIP - CPU: iCpuSet=0x2 idCpu=0x2 idApic=0x2 iGipCpu=0x7 i64TSCDelta=0 enmState=3 u64CpuHz=3800205164(*) cErrors=0
00:00:00.791868 TM: GIP - CPU: iCpuSet=0x3 idCpu=0x3 idApic=0x3 iGipCpu=0x5 i64TSCDelta=0 enmState=3 u64CpuHz=3800205413(*) cErrors=0
00:00:00.791871 TM: GIP - CPU: iCpuSet=0x4 idCpu=0x4 idApic=0x4 iGipCpu=0x0 i64TSCDelta=0 enmState=3 u64CpuHz=3800205671(*) cErrors=0
00:00:00.791875 TM: GIP - CPU: iCpuSet=0x5 idCpu=0x5 idApic=0x5 iGipCpu=0x6 i64TSCDelta=0 enmState=3 u64CpuHz=3800205515(*) cErrors=0
00:00:00.791879 TM: GIP - CPU: iCpuSet=0x6 idCpu=0x6 idApic=0x6 iGipCpu=0x4 i64TSCDelta=0 enmState=3 u64CpuHz=3800205870(*) cErrors=0
00:00:00.791883 TM: GIP - CPU: iCpuSet=0x7 idCpu=0x7 idApic=0x7 iGipCpu=0x3 i64TSCDelta=0 enmState=3 u64CpuHz=3800204823(*) cErrors=0
00:00:00.791886 TM: GIP - CPU: iCpuSet=0x8 idCpu=0x8 idApic=0x8 iGipCpu=0xa i64TSCDelta=0 enmState=3 u64CpuHz=3800205628(*) cErrors=0
00:00:00.791890 TM: GIP - CPU: iCpuSet=0x9 idCpu=0x9 idApic=0x9 iGipCpu=0x8 i64TSCDelta=0 enmState=3 u64CpuHz=3800205576(*) cErrors=0
00:00:00.791893 TM: GIP - CPU: iCpuSet=0xa idCpu=0xa idApic=0xa iGipCpu=0xd i64TSCDelta=0 enmState=3 u64CpuHz=3800205529(*) cErrors=0
00:00:00.791897 TM: GIP - CPU: iCpuSet=0xb idCpu=0xb idApic=0xb iGipCpu=0xe i64TSCDelta=0 enmState=3 u64CpuHz=3800205671(*) cErrors=0
00:00:00.791901 TM: GIP - CPU: iCpuSet=0xc idCpu=0xc idApic=0xc iGipCpu=0x9 i64TSCDelta=0 enmState=3 u64CpuHz=3800205494(*) cErrors=0
00:00:00.791904 TM: GIP - CPU: iCpuSet=0xd idCpu=0xd idApic=0xd iGipCpu=0xc i64TSCDelta=0 enmState=3 u64CpuHz=3800205648(*) cErrors=0
00:00:00.791908 TM: GIP - CPU: iCpuSet=0xe idCpu=0xe idApic=0xe iGipCpu=0xf i64TSCDelta=0 enmState=3 u64CpuHz=3800206701(*) cErrors=0
00:00:00.791939 TM: GIP - CPU: iCpuSet=0xf idCpu=0xf idApic=0xf iGipCpu=0xb i64TSCDelta=0 enmState=3 u64CpuHz=3800205483(*) cErrors=0
00:00:00.791952 TM: NEM overrides the /TM/TSCModeSwitchAllowed setting.
00:00:00.791967 TM:     cTSCTicksPerSecond=3 800 205 671 (0xe2828967) enmTSCMode=4 (NativeApi) TSCMultiplier=1
00:00:00.791970 TM: cTSCTicksPerSecondHost=3 800 205 671 (0xe2828967)
00:00:00.791970 TM: TSCTiedToExecution=false TSCNotTiedToHalt=false
00:00:00.792925 EMR3Init: fIemExecutesAll=false fGuruOnTripleFault=true
00:00:00.793149 IEM: TargetCpu=CURRENT, Microarch=AMD_Zen_Ryzen aidxTargetCpuEflFlavour={2,0}
00:00:00.793878 GIM: Using provider 'None' (Implementation version: 0)
00:00:00.793901 GCM: Initialized - Fixer bits: 0x0
00:00:00.793992 AIOMgr: Default manager type is 'Async'
00:00:00.794000 AIOMgr: Default file backend is 'NonBuffered'
00:00:00.794062 BlkCache: Cache successfully initialized. Cache size is 5242880 bytes
00:00:00.794070 BlkCache: Cache commit interval is 10000 ms
00:00:00.794076 BlkCache: Cache commit threshold is 2621440 bytes
00:00:01.185552 PcBios: [SMP] BIOS with 1 CPUs
00:00:01.185574 PcBios: Using the 386+ BIOS image.
00:00:01.185944 PcBios: fCheckShutdownStatusForSoftReset=true  fClearShutdownStatusOnHardReset=true
00:00:01.186110 PDM: VirtualBox APIC backend registered
00:00:01.186157 CPUM: SetGuestCpuIdFeature: Enabled xAPIC
00:00:01.186554 PIT: mode=3 count=0x10000 (65536) - 18.20 Hz (ch=0)
00:00:01.187023 VMMDev: cbDefaultBudget: 1 073 741 824 (40000000)
00:00:01.203331 Shared Folders service loaded
00:00:01.214319 Guest Control service loaded
00:00:01.231532 VGA: Using the 386+ BIOS image.
00:00:01.233392 DrvVD: Flushes will be ignored
00:00:01.233404 DrvVD: Async flushes will be passed to the disk
00:00:01.233674 VD: VDInit finished with VINF_SUCCESS
00:00:01.233781 VD: Opening the disk took 364031 ns
00:00:01.233823 PIIX3 ATA: LUN#0: disk, PCHS=65/16/63, total number of sectors 65536
00:00:01.233870 PIIX3 ATA: LUN#1: no unit
00:00:01.233913 PIIX3 ATA: LUN#2: no unit
00:00:01.233919 PIIX3 ATA: LUN#3: no unit
00:00:01.233973 PIIX3 ATA: Ctl#0: finished processing RESET
00:00:01.234018 PIIX3 ATA: Ctl#1: finished processing RESET
00:00:01.249988 Audio Mixer: Setting sink 'SB16 Mixer/PCM Output' -- channel volumes: ba ba ba ba ba ba ba ba ba ba ba ba
00:00:01.275734 WasAPI: Input device is: {Default} (iface 00000215ed74c760)
00:00:01.277639 WasAPI: Output device is: {Default} (iface 00000215ed74c7b0)
00:00:01.283206 Audio: Found 9 devices for driver 'WasAPI'
00:00:01.283218 Audio: Device 'Headphones (High Definition Audio Device)':
00:00:01.283219 Audio:   ID              = {0.0.0.00000000}.{12380492-75b7-42bc-b789-0d1d8d1f4e3b}
00:00:01.283219 Audio:   Usage           = output
00:00:01.283220 Audio:   Flags           = DEFAULT_OUT
00:00:01.283220 Audio:   Input channels  = 0
00:00:01.283221 Audio:   Output channels = 2
00:00:01.283224 Audio: Device 'Headphones (High Definition Audio Device)':
00:00:01.283225 Audio:   ID              = {0.0.0.00000000}.{12380492-75b7-42bc-b789-0d1d8d1f4e3b}
00:00:01.283225 Audio:   Usage           = output
00:00:01.283225 Audio:   Flags           = NONE
00:00:01.283225 Audio:   Input channels  = 0
00:00:01.283226 Audio:   Output channels = 2
00:00:01.283229 Audio: Device 'Digital Audio (S/PDIF) (High Definition Audio Device)':
00:00:01.283229 Audio:   ID              = {0.0.0.00000000}.{2ca71d41-bb09-4c97-9aaf-cabbc6fbe5ab}
00:00:01.283229 Audio:   Usage           = output
00:00:01.283230 Audio:   Flags           = NONE
00:00:01.283230 Audio:   Input channels  = 0
00:00:01.283230 Audio:   Output channels = 2
00:00:01.283233 Audio: Device '100012589 (NVIDIA High Definition Audio)':
00:00:01.283234 Audio:   ID              = {0.0.0.00000000}.{3f36c4ff-500a-4cd3-9a35-77b5981f1155}
00:00:01.283234 Audio:   Usage           = output
00:00:01.283234 Audio:   Flags           = NONE
00:00:01.283234 Audio:   Input channels  = 0
00:00:01.283235 Audio:   Output channels = 2
00:00:01.283237 Audio: Device 'Speakers (2- USB Audio CODEC )':
00:00:01.283238 Audio:   ID              = {0.0.0.00000000}.{566bb4ca-cb36-4deb-843b-246f6c5c5982}
00:00:01.283238 Audio:   Usage           = output
00:00:01.283238 Audio:   Flags           = NONE
00:00:01.283238 Audio:   Input channels  = 0
00:00:01.283239 Audio:   Output channels = 2
00:00:01.283247 Audio: Device '100012589 (NVIDIA High Definition Audio)':
00:00:01.283247 Audio:   ID              = {0.0.0.00000000}.{fdb7b4cc-b13a-4c66-ac46-5302e0b66d2f}
00:00:01.283247 Audio:   Usage           = output
00:00:01.283248 Audio:   Flags           = NONE
00:00:01.283248 Audio:   Input channels  = 0
00:00:01.283248 Audio:   Output channels = 2
00:00:01.283254 Audio: Device 'Microphone (NexiGo HD Webcam Audio)':
00:00:01.283254 Audio:   ID              = {0.0.1.00000000}.{8830d0fa-5126-4de0-babf-090349e9c6f6}
00:00:01.283254 Audio:   Usage           = input
00:00:01.283254 Audio:   Flags           = DEFAULT_IN
00:00:01.283255 Audio:   Input channels  = 2
00:00:01.283255 Audio:   Output channels = 0
00:00:01.283258 Audio: Device 'Microphone (2- USB Audio CODEC )':
00:00:01.283258 Audio:   ID              = {0.0.1.00000000}.{2cdb81b1-e1eb-4201-a0a4-fc6057072946}
00:00:01.283259 Audio:   Usage           = input
00:00:01.283259 Audio:   Flags           = NONE
00:00:01.283259 Audio:   Input channels  = 1
00:00:01.283259 Audio:   Output channels = 0
00:00:01.283262 Audio: Device 'Microphone (NexiGo HD Webcam Audio)':
00:00:01.283262 Audio:   ID              = {0.0.1.00000000}.{8830d0fa-5126-4de0-babf-090349e9c6f6}
00:00:01.283263 Audio:   Usage           = input
00:00:01.283263 Audio:   Flags           = NONE
00:00:01.283263 Audio:   Input channels  = 2
00:00:01.283264 Audio:   Output channels = 0
00:00:01.283533 PGM: The CPU physical address width is 48 bits
00:00:01.283541 PGM: PGMR3InitFinalize: 4 MB PSE mask 0000ffffffffffff -> VINF_SUCCESS
00:00:01.283550 TM: TMR3InitFinalize: fTSCModeSwitchAllowed=false
00:00:01.283811 CPUM: Mapped 1.0MiB (1048576 bytes) of RAM using fixed-range MTRRs
00:00:01.283820 CPUM: Mapped 64.0MiB (67108864 bytes) of RAM using 1 variable-range MTRRs
00:00:01.283934 VMM: Thread-context hooks unavailable
00:00:01.283939 VMM: RTThreadPreemptIsPending() can be trusted
00:00:01.283942 VMM: Kernel preemption is possible
00:00:01.283953 EM: Exit history optimizations: enabled=true enabled-r0=true enabled-r0-no-preemption=false
00:00:01.286276 PcBios: ATA LUN#0 LCHS=65/16/63
00:00:01.286290 APIC: fPostedIntrsEnabled=false fVirtApicRegsEnabled=false fSupportsTscDeadline=false
00:00:01.286295 TMR3UtcNow: nsNow=1 776 891 649 833 330 900 nsPrev=0 -> cNsDelta=1 776 891 649 833 330 900 (offLag=0 offVirtualSync=0 offVirtualSyncGivenUp=0, NowAgain=1 776 891 649 833 330 900)
00:00:01.286361 VMM: fUsePeriodicPreemptionTimers=true
00:00:01.286368 CPUM: Logical host processors: 16 present, 16 max, 16 online, online mask: 000000000000ffff
00:00:01.286369 CPUM: Physical host cores: 8
00:00:01.286370 ************************ CPUID dump *************************
00:00:01.288673          Raw Standard CPUID Leaves
00:00:01.288673      Leaf/sub-leaf  eax      ebx      ecx      edx
00:00:01.288675 Gst: 00000000/0000  0000000d 68747541 444d4163 69746e65
00:00:01.288677 Hst:                0000000d 68747541 444d4163 69746e65
00:00:01.288677 Gst: 00000001/0000  00800f82 00010800 76d83203 178bfbbf
00:00:01.288678 Hst:                00800f82 01100800 fed83203 178bfbff
00:00:01.288679 Gst: 00000002/0000  00000000 00000000 00000000 00000000
00:00:01.288680 Hst:                00000000 00000000 00000000 00000000
00:00:01.288680 Gst: 00000003/0000  00000000 00000000 00000000 00000000
00:00:01.288681 Hst:                00000000 00000000 00000000 00000000
00:00:01.288681 Gst: 00000004/0000  00000000 00000000 00000000 00000000
00:00:01.288682 Hst:                00000000 00000000 00000000 00000000
00:00:01.288682 Gst: 00000005/0000  00000000 00000000 00000000 00000000
00:00:01.288683 Hst:                00000000 00000000 00000000 00000000
00:00:01.288683 Gst: 00000006/0000  00000004 00000000 00000000 00000000
00:00:01.288684 Hst:                00000000 00000000 00000001 00000000
00:00:01.288685 Gst: 00000007/0000  00000000 208c0129 00000000 00000000
00:00:01.288685 Hst:                00000000 209c01a9 00000000 00000000
00:00:01.288686 Gst: 00000007/0001  00000000 00000000 00000000 00000000
00:00:01.288686 Hst:                00000000 00000000 00000000 00000000
00:00:01.288687 Gst: 00000007/0002  00000000 00000000 00000000 00000000
00:00:01.288687 Hst:                00000000 00000000 00000000 00000000
00:00:01.288688 Gst: 00000008/0000  00000000 00000000 00000000 00000000
00:00:01.288689 Hst:                00000000 00000000 00000000 00000000
00:00:01.288689 Gst: 00000009/0000  00000000 00000000 00000000 00000000
00:00:01.288690 Hst:                00000000 00000000 00000000 00000000
00:00:01.288690 Gst: 0000000a/0000  00000000 00000000 00000000 00000000
00:00:01.288691 Hst:                00000000 00000000 00000000 00000000
00:00:01.288691 Gst: 0000000b/0000  00000000 00000000 00000000 00000000
00:00:01.288692 Hst:                00000000 00000000 00000000 00000000
00:00:01.288692 Gst: 0000000c/0000  00000000 00000000 00000000 00000000
00:00:01.288693 Hst:                00000000 00000000 00000000 00000000
00:00:01.288693 Gst: 0000000d/0000  00000007 00000340 00000340 00000000
00:00:01.288694 Hst:                00000007 00000340 00000340 00000000
00:00:01.288695 Gst: 0000000d/0001  00000000 00000340 00000000 00000000
00:00:01.288695 Hst:                0000000f 00000340 00000000 00000000
00:00:01.288696 Gst: 0000000d/0002  00000100 00000240 00000000 00000000
00:00:01.288696 Hst:                00000100 00000240 00000000 00000000
00:00:01.288697 Gst: 0000000d/0003  00000000 00000000 00000000 00000000
00:00:01.288697 Hst:                00000000 00000000 00000000 00000000
00:00:01.288698                                Name: AuthenticAMD
00:00:01.288699                            Supports: 0x00000000-0x0000000d
00:00:01.288700                              Family: 15 	Extended: 8 	Effective: 23
00:00:01.288701                               Model:  8 	Extended: 0 	Effective: 8
00:00:01.288702                            Stepping: 2
00:00:01.288703                                Type: 0 (primary)
00:00:01.288703                             APIC ID: 0x00
00:00:01.288704                        Logical CPUs: 1
00:00:01.288705                        CLFLUSH Size: 8
00:00:01.288705                            Brand ID: 0x00
00:00:01.288706 Features
00:00:01.288706   Mnemonic - Description                                  = Guest (Host)
00:00:01.288708   FPU - x87 FPU on Chip                                   = 1 (1)
00:00:01.288709   VME - Virtual 8086 Mode Enhancements                    = 1 (1)
00:00:01.288710   DE - Debugging extensions                               = 1 (1)
00:00:01.288711   PSE - Page Size Extension                               = 1 (1)
00:00:01.288712   TSC - Time Stamp Counter                                = 1 (1)
00:00:01.288714   MSR - Model Specific Registers                          = 1 (1)
00:00:01.288715   PAE - Physical Address Extension                        = 0 (1)
00:00:01.288716   MCE - Machine Check Exception                           = 1 (1)
00:00:01.288716   CX8 - CMPXCHG8B instruction                             = 1 (1)
00:00:01.288717   APIC - APIC On-Chip                                     = 1 (1)
00:00:01.288718   SEP - SYSENTER and SYSEXIT Present                      = 1 (1)
00:00:01.288719   MTRR - Memory Type Range Registers                      = 1 (1)
00:00:01.288720   PGE - PTE Global Bit                                    = 1 (1)
00:00:01.288721   MCA - Machine Check Architecture                        = 1 (1)
00:00:01.288721   CMOV - Conditional Move instructions                    = 1 (1)
00:00:01.288722   PAT - Page Attribute Table                              = 1 (1)
00:00:01.288723   PSE-36 - 36-bit Page Size Extension                     = 1 (1)
00:00:01.288724   PSN - Processor Serial Number                           = 0 (0)
00:00:01.288725   CLFSH - CLFLUSH instruction                             = 1 (1)
00:00:01.288725   DS - Debug Store                                        = 0 (0)
00:00:01.288726   ACPI - Thermal Mon. & Soft. Clock Ctrl.                 = 0 (0)
00:00:01.288727   MMX - Intel MMX Technology                              = 1 (1)
00:00:01.288728   FXSR - FXSAVE and FXRSTOR instructions                  = 1 (1)
00:00:01.288729   SSE - SSE support                                       = 1 (1)
00:00:01.288730   SSE2 - SSE2 support                                     = 1 (1)
00:00:01.288730   SS - Self Snoop                                         = 0 (0)
00:00:01.288731   HTT - Hyper-Threading Technology                        = 1 (1)
00:00:01.288732   TM - Therm. Monitor                                     = 0 (0)
00:00:01.288733   PBE - Pending Break Enabled                             = 0 (0)
00:00:01.288734   SSE3 - SSE3 support                                     = 1 (1)
00:00:01.288735   PCLMUL - PCLMULQDQ support (for AES-GCM)                = 1 (1)
00:00:01.288736   DTES64 - DS Area 64-bit Layout                          = 0 (0)
00:00:01.288736   MONITOR - MONITOR/MWAIT instructions                    = 0 (0)
00:00:01.288737   CPL-DS - CPL Qualified Debug Store                      = 0 (0)
00:00:01.288738   VMX - Virtual Machine Extensions                        = 0 (0)
00:00:01.288739   SMX - Safer Mode Extensions                             = 0 (0)
00:00:01.288739   EST - Enhanced SpeedStep Technology                     = 0 (0)
00:00:01.288740   TM2 - Terminal Monitor 2                                = 0 (0)
00:00:01.288741   SSSE3 - Supplemental Streaming SIMD Extensions 3        = 1 (1)
00:00:01.288742   CNTX-ID - L1 Context ID                                 = 0 (0)
00:00:01.288743   SDBG - Silicon Debug interface                          = 0 (0)
00:00:01.288743   FMA - Fused Multiply Add extensions                     = 1 (1)
00:00:01.288744   CX16 - CMPXCHG16B instruction                           = 1 (1)
00:00:01.288745   TPRUPDATE - xTPR Update Control                         = 0 (0)
00:00:01.288746   PDCM - Perf/Debug Capability MSR                        = 0 (0)
00:00:01.288746   PCID - Process Context Identifiers                      = 0 (0)
00:00:01.288747   DCA - Direct Cache Access                               = 0 (0)
00:00:01.288748   SSE4_1 - SSE4_1 support                                 = 1 (1)
00:00:01.288749   SSE4_2 - SSE4_2 support                                 = 1 (1)
00:00:01.288750   X2APIC - x2APIC support                                 = 0 (0)
00:00:01.288751   MOVBE - MOVBE instruction                               = 1 (1)
00:00:01.288751   POPCNT - POPCNT instruction                             = 1 (1)
00:00:01.288752   TSCDEADL - Time Stamp Counter Deadline                  = 0 (0)
00:00:01.288753   AES - AES instructions                                  = 1 (1)
00:00:01.288754   XSAVE - XSAVE instruction                               = 1 (1)
00:00:01.288755   OSXSAVE - OSXSAVE instruction                           = 0 (1)
00:00:01.288755   AVX - AVX support                                       = 1 (1)
00:00:01.288756   F16C - 16-bit floating point conversion instructions    = 1 (1)
00:00:01.288757   RDRAND - RDRAND instruction                             = 1 (1)
00:00:01.288758   HVP - Hypervisor Present (we're a guest)                = 0 (1)
00:00:01.288759 Structured Extended Feature Flags Enumeration (leaf 7):
00:00:01.288759 Sub-leaf 0
00:00:01.288759   Mnemonic - Description                                  = Guest (Host)
00:00:01.288760   FSGSBASE - RDFSBASE/RDGSBASE/WRFSBASE/WRGSBASE instr.   = 1 (1)
00:00:01.288761   TSCADJUST - Supports MSR_IA32_TSC_ADJUST                = 0 (0)
00:00:01.288762   SGX - Supports Software Guard Extensions                = 0 (0)
00:00:01.288762   BMI1 - Advanced Bit Manipulation extension 1            = 1 (1)
00:00:01.288763   HLE - Hardware Lock Elision                             = 0 (0)
00:00:01.288764   AVX2 - Advanced Vector Extensions 2                     = 1 (1)
00:00:01.288766   FDP_EXCPTN_ONLY - FPU DP only updated on exceptions     = 0 (0)
00:00:01.288767   SMEP - Supervisor Mode Execution Prevention             = 0 (1)
00:00:01.288767   BMI2 - Advanced Bit Manipulation extension 2            = 1 (1)
00:00:01.288768   ERMS - Enhanced REP MOVSB/STOSB instructions            = 0 (0)
00:00:01.288769   INVPCID - INVPCID instruction                           = 0 (0)
00:00:01.288769   RTM - Restricted Transactional Memory                   = 0 (0)
00:00:01.288770   PQM - Platform Quality of Service Monitoring            = 0 (0)
00:00:01.288771   DEPFPU_CS_DS - Deprecates FPU CS, FPU DS values if set  = 0 (0)
00:00:01.288771   MPE - Intel Memory Protection Extensions                = 0 (0)
00:00:01.288772   PQE - Platform Quality of Service Enforcement           = 0 (0)
00:00:01.288773   AVX512F - AVX512 Foundation instructions                = 0 (0)
00:00:01.288773   AVX512DQ - Supports the AVX512DQ instructions           = 0 (0)
00:00:01.288774   RDSEED - RDSEED instruction                             = 1 (1)
00:00:01.288775   ADX - ADCX/ADOX instructions                            = 1 (1)
00:00:01.288776   SMAP - Supervisor Mode Access Prevention                = 0 (1)
00:00:01.288777   AVX512_IFMA - Supports the AVX512_IFMA instructions     = 0 (0)
00:00:01.288777   CLFLUSHOPT - CLFLUSHOPT (Cache Line Flush) instruction  = 1 (1)
00:00:01.288778   CLWB - CLWB instruction                                 = 0 (0)
00:00:01.288779   INTEL_PT - Intel Processor Trace                        = 0 (0)
00:00:01.288779   AVX512PF - AVX512 Prefetch instructions                 = 0 (0)
00:00:01.288780   AVX512ER - AVX512 Exponential & Reciprocal instructions = 0 (0)
00:00:01.288781   AVX512CD - AVX512 Conflict Detection instructions       = 0 (0)
00:00:01.288781   SHA - Secure Hash Algorithm extensions                  = 1 (1)
00:00:01.288782   AVX512BW - Supports the AVX512BW instructions           = 0 (0)
00:00:01.288783   AVX512VL - Supports the AVX512VL instructions           = 0 (0)
00:00:01.288783   PREFETCHWT1 - PREFETCHWT1 instruction                   = 0 (0)
00:00:01.288784   AVX512_VBMI - Supports the AVX512_VBMI instructions     = 0 (0)
00:00:01.288785   UMIP - User mode insturction prevention                 = 0 (0)
00:00:01.288785   PKU - Protection Key for Usermode pages                 = 0 (0)
00:00:01.288786   OSPKE - CR4.PKU mirror                                  = 0 (0)
00:00:01.288787   WAITPKG - TPAUSE, UMONITOR & UMWAIT support             = 0 (0)
00:00:01.288788   AVX512_VBMI2 - Supports the AVX512_VBMI2 instructions   = 0 (0)
00:00:01.288788   CET_SS - CET shadow stack support                       = 0 (0)
00:00:01.288789   GFNI - Supports the GFNI instruction set                = 0 (0)
00:00:01.288790   VAES - Supports the VEX encoded AES instruction set     = 0 (0)
00:00:01.288790   VPCLMULQDQ - Supports the VPCLMULQDQ instruction        = 0 (0)
00:00:01.288791   AVX512_VNNI - Supports the AVX512_VNNI instructions     = 0 (0)
00:00:01.288792   AVX512_BITALG - Supports the AVX512_BITALG instructions = 0 (0)
00:00:01.288792   TME_EN - Supports 4 IA32_TME_ MSRs                      = 0 (0)
00:00:01.288793   AVX512_VPOPCNTDQ - Supports the AVX512_VPOPCNTDQ instructions = 0 (0)
00:00:01.288794   LA57 - 57-bit linear addresses                          = 0 (0)
00:00:01.288794   MAWAU - Value used by BNDLDX & BNDSTX                   = 0x0 (0x0)
00:00:01.288795   RDPID - Read processor ID support                       = 0 (0)
00:00:01.288796   KEY_LOCKER - Supports Key Locker                        = 0 (0)
00:00:01.288797   BUS_LOCK_DETECT - Supports OS bus-lock detection        = 0 (0)
00:00:01.288797   CLDEMOTE - Supports cache line demote                   = 0 (0)
00:00:01.288798   MOVDIRI - Supports the MOVDIRI instruction              = 0 (0)
00:00:01.288799   MOVDIRI64B - Supports the MOVDIRI64B instruction        = 0 (0)
00:00:01.288800   ENQCMD - Supports the Eqnqueue Stores                   = 0 (0)
00:00:01.288800   SGX_LC - Supports SGX Launch Configuration              = 0 (0)
00:00:01.288801   PKS - Supports protection keys for supervisor pages     = 0 (0)
00:00:01.288802  Sub-leaf 2
00:00:01.288802   Mnemonic - Description                                  = Guest (Host)
00:00:01.288804   PSFD - Supports IA32_SPEC_CTRL[7] (PSFD)                = 0 (0)
00:00:01.288805   IPRED_CTRL - Supports IA32_SPEC_CTRL[4:3] (IPRED_DIS)   = 0 (0)
00:00:01.288805   RRSBA_CTRL - Supports IA32_SPEC_CTRL[6:5] (RRSBA_DIS)   = 0 (0)
00:00:01.288806   DDPD_U - Supports IA32_SPEC_CTRL[8] (DDPD_U)            = 0 (0)
00:00:01.288807   BHI_CTRL - Supports IA32_SPEC_CTRL[10] (BHI_DIS_S)      = 0 (0)
00:00:01.288807   MCDT_NO - No MXCSR Config Dependent Timing issues       = 0 (0)
00:00:01.288808   UC_LOCK_DIS - Supports UC-lock disable and causing #AC  = 0 (0)
00:00:01.288808   MONITOR_MITG_NO - No MONITOR/UMONITOR power issues      = 0 (0)
00:00:01.288809 Processor Extended State Enumeration (leaf 0xd):
00:00:01.288810    XSAVE area cur/max size by XCR0, Guest: 0x340/0x340
00:00:01.288811    XSAVE area cur/max size by XCR0,  Host: 0x340/0x340
00:00:01.288811                    Valid XCR0 bits, Guest: 0x00000000`00000007 ( x87 SSE YMM_Hi128 )
00:00:01.288813                    Valid XCR0 bits,  Host: 0x00000000`00000007 ( x87 SSE YMM_Hi128 )
00:00:01.288814                     XSAVE features, Guest
00:00:01.288815                     XSAVE features,  Host XSAVEOPT XSAVEC XGETBC1 XSAVES
00:00:01.288816       XSAVE area cur size XCR0|XSS, Guest: 0x340
00:00:01.288817       XSAVE area cur size XCR0|XSS,  Host: 0x340
00:00:01.288817                Valid IA32_XSS bits, Guest: 0x00000000`00000000
00:00:01.288818                Valid IA32_XSS bits,  Host: 0x00000000`00000000
00:00:01.288819   State #2, Guest: off=0x0240, cb=0x0100 IA32_XSS-bit -- YMM_Hi128
00:00:01.288820   State #2,  Host:  off=0x0240, cb=0x0100 IA32_XSS-bit -- YMM_Hi128
00:00:01.288825          Raw Hypervisor CPUID Leaves
00:00:01.288825      Leaf/sub-leaf  eax      ebx      ecx      edx
00:00:01.288826 Hst: 40000000/0000  4000000c 7263694d 666f736f 76482074
00:00:01.288827 Hst: 40000001/0000  31237648 00000000 00000000 00000000
00:00:01.288827 Hst: 40000002/0000  00004a61 000a0000 00000007 00001c0d
00:00:01.288828 Hst: 40000003/0000  0000bfff 002bb9ff 00000002 11fffbf2
00:00:01.288829 Hst: 40000004/0000  00042d1c 00000000 00000000 00000000
00:00:01.288830 Hst: 40000005/0000  00000400 00000400 00000c90 00000000
00:00:01.288830 Hst: 40000006/0000  000200ae 00000000 00000000 00000000
00:00:01.288831 Hst: 40000007/0000  80000007 00000003 00000000 00000000
00:00:01.288832 Hst: 40000008/0000  00100001 00000001 0000cccc 00000000
00:00:01.288832 Hst: 40000009/0000  00000000 00000000 00000000 00000000
00:00:01.288833 Hst: 4000000a/0000  00000000 00000000 00000000 00000000
00:00:01.288834 Hst: 4000000b/0000  00000000 00000000 00000000 00000000
00:00:01.288834 Hst: 4000000c/0000  00000000 00000000 00000000 00000000
00:00:01.288835          Raw Extended CPUID Leaves
00:00:01.288835      Leaf/sub-leaf  eax      ebx      ecx      edx
00:00:01.288836 Gst: 80000000/0000  8000001f 68747541 444d4163 69746e65
00:00:01.288837 Hst:                8000001f 68747541 444d4163 69746e65
00:00:01.288837 Gst: 80000001/0000  00800f82 20000000 000001f1 0bc3fb3f
00:00:01.288838 Hst:                00800f82 20000000 004023f3 2fd3fbff
00:00:01.288839 Gst: 80000002/0000  20444d41 657a7952 2037206e 30303732
00:00:01.288840 Hst:                20444d41 657a7952 2037206e 30303732
00:00:01.288840 Gst: 80000003/0000  69452058 2d746867 65726f43 6f725020
00:00:01.288841 Hst:                69452058 2d746867 65726f43 6f725020
00:00:01.288842 Gst: 80000004/0000  73736563 2020726f 20202020 00202020
00:00:01.288843 Hst:                73736563 2020726f 20202020 00202020
00:00:01.288844 Gst: 80000005/0000  ff40ff40 ff40ff40 20080140 40040140
00:00:01.288844 Hst:                ff40ff40 ff40ff40 20080140 40040140
00:00:01.288845 Gst: 80000006/0000  26006400 66006400 02006140 00808140
00:00:01.288846 Hst:                26006400 66006400 02006140 00808140
00:00:01.288847 Gst: 80000007/0000  00000000 00000000 00000000 00000100
00:00:01.288847 Hst:                00000000 0000001b 00000000 00004789
00:00:01.288848 Gst: 80000008/0000  00003030 04000000 00000000 00000000
00:00:01.288849 Hst:                00003030 02000005 0000400f 00000000
00:00:01.288849 Gst: 80000009/0000  00000000 00000000 00000000 00000000
00:00:01.288850 Hst:                00000000 00000000 00000000 00000000
00:00:01.288850 Gst: 8000000a/0000  00000000 00000000 00000000 00000000
00:00:01.288851 Hst:                00000000 00000000 00000000 00000000
00:00:01.288852 Gst: 8000000b/0000  00000000 00000000 00000000 00000000
00:00:01.288852 Hst:                00000000 00000000 00000000 00000000
00:00:01.288853 Gst: 8000000c/0000  00000000 00000000 00000000 00000000
00:00:01.288853 Hst:                00000000 00000000 00000000 00000000
00:00:01.288854 Gst: 8000000d/0000  00000000 00000000 00000000 00000000
00:00:01.288855 Hst:                00000000 00000000 00000000 00000000
00:00:01.288855 Gst: 8000000e/0000  00000000 00000000 00000000 00000000
00:00:01.288856 Hst:                00000000 00000000 00000000 00000000
00:00:01.288856 Gst: 8000000f/0000  00000000 00000000 00000000 00000000
00:00:01.288857 Hst:                00000000 00000000 00000000 00000000
00:00:01.288857 Gst: 80000010/0000  00000000 00000000 00000000 00000000
00:00:01.288858 Hst:                00000000 00000000 00000000 00000000
00:00:01.288859 Gst: 80000011/0000  00000000 00000000 00000000 00000000
00:00:01.288859 Hst:                00000000 00000000 00000000 00000000
00:00:01.288860 Gst: 80000012/0000  00000000 00000000 00000000 00000000
00:00:01.288860 Hst:                00000000 00000000 00000000 00000000
00:00:01.288861 Gst: 80000013/0000  00000000 00000000 00000000 00000000
00:00:01.288862 Hst:                00000000 00000000 00000000 00000000
00:00:01.288862 Gst: 80000014/0000  00000000 00000000 00000000 00000000
00:00:01.288863 Hst:                00000000 00000000 00000000 00000000
00:00:01.288863 Gst: 80000015/0000  00000000 00000000 00000000 00000000
00:00:01.288864 Hst:                00000000 00000000 00000000 00000000
00:00:01.288864 Gst: 80000016/0000  00000000 00000000 00000000 00000000
00:00:01.288865 Hst:                00000000 00000000 00000000 00000000
00:00:01.288866 Gst: 80000017/0000  00000000 00000000 00000000 00000000
00:00:01.288866 Hst:                00000000 00000000 00000000 00000000
00:00:01.288867 Gst: 80000018/0000  00000000 00000000 00000000 00000000
00:00:01.288867 Hst:                00000000 00000000 00000000 00000000
00:00:01.288868 Gst: 80000019/0000  00000000 00000000 00000000 00000000
00:00:01.288869 Hst:                00000000 00000000 00000000 00000000
00:00:01.288869 Gst: 8000001a/0000  00000003 00000000 00000000 00000000
00:00:01.288870 Hst:                00000003 00000000 00000000 00000000
00:00:01.288870 Gst: 8000001b/0000  00000000 00000000 00000000 00000000
00:00:01.288871 Hst:                00000000 00000000 00000000 00000000
00:00:01.288871 Gst: 8000001c/0000  00000000 00000000 00000000 00000000
00:00:01.288872 Hst:                00000000 00000000 00000000 00000000
00:00:01.288873 Gst: 8000001d/0000  00000121 01c0003f 0000003f 00000000
00:00:01.288873 Hst:                00004121 01c0003f 0000003f 00000000
00:00:01.288874 Gst: 8000001d/0001  00000122 00c0003f 000000ff 00000000
00:00:01.288875 Hst:                00004122 00c0003f 000000ff 00000000
00:00:01.288875 Gst: 8000001d/0002  00000143 01c0003f 000003ff 00000002
00:00:01.288876 Hst:                00004143 01c0003f 000003ff 00000002
00:00:01.288877 Gst: 8000001d/0003  00000163 03c0003f 00001fff 00000001
00:00:01.288877 Hst:                0001c163 03c0003f 00001fff 00000001
00:00:01.288878 Gst: 8000001d/0004  00000000 00000000 00000000 00000000
00:00:01.288879 Hst:                00000000 00000000 00000000 00000000
00:00:01.288879 Gst: 8000001e/0000  00000000 00000000 00000000 00000000
00:00:01.288880 Hst:                00000001 00000100 00000000 00000000
00:00:01.288880 Gst: 8000001f/0000  00000000 00000000 00000000 00000000
00:00:01.288881 Hst:                00000000 00000000 00000000 00000000
00:00:01.288882 Ext Name:                        AuthenticAMD
00:00:01.288882 Ext Supports:                    0x80000000-0x8000001f
00:00:01.288883 Family:                          15  	Extended: 8 	Effective: 23
00:00:01.288883 Model:                           8  	Extended: 0 	Effective: 8
00:00:01.288884 Stepping:                        2
00:00:01.288884 Brand ID:                        0x000
00:00:01.288884 Ext Features
00:00:01.288884   Mnemonic - Description                                  = Guest (Host)
00:00:01.288886   FPU - x87 FPU on Chip                                   = 1 (1)
00:00:01.288886   VME - Virtual 8086 Mode Enhancements                    = 1 (1)
00:00:01.288887   DE - Debugging extensions                               = 1 (1)
00:00:01.288888   PSE - Page Size Extension                               = 1 (1)
00:00:01.288889   TSC - Time Stamp Counter                                = 1 (1)
00:00:01.288890   MSR - K86 Model Specific Registers                      = 1 (1)
00:00:01.288890   PAE - Physical Address Extension                        = 0 (1)
00:00:01.288891   MCE - Machine Check Exception                           = 0 (1)
00:00:01.288892   CX8 - CMPXCHG8B instruction                             = 1 (1)
00:00:01.288893   APIC - APIC On-Chip                                     = 1 (1)
00:00:01.288894   SEP - SYSCALL/SYSRET                                    = 1 (1)
00:00:01.288895   MTRR - Memory Type Range Registers                      = 1 (1)
00:00:01.288895   PGE - PTE Global Bit                                    = 1 (1)
00:00:01.288896   MCA - Machine Check Architecture                        = 1 (1)
00:00:01.288897   CMOV - Conditional Move instructions                    = 1 (1)
00:00:01.288898   PAT - Page Attribute Table                              = 1 (1)
00:00:01.288898   PSE-36 - 36-bit Page Size Extension                     = 1 (1)
00:00:01.288899   NX - No-Execute/Execute-Disable                         = 0 (1)
00:00:01.288900   AXMMX - AMD Extensions to MMX instructions              = 1 (1)
00:00:01.288901   MMX - Intel MMX Technology                              = 1 (1)
00:00:01.288902   FXSR - FXSAVE and FXRSTOR Instructions                  = 1 (1)
00:00:01.288902   FFXSR - AMD fast FXSAVE and FXRSTOR instructions        = 1 (1)
00:00:01.288903   Page1GB - 1 GB large page                               = 0 (1)
00:00:01.288904   RDTSCP - RDTSCP instruction                             = 1 (1)
00:00:01.288905   LM - AMD64 Long Mode                                    = 0 (1)
00:00:01.288907   3DNOWEXT - AMD Extensions to 3DNow                      = 0 (0)
00:00:01.288908   3DNOW - AMD 3DNow                                       = 0 (0)
00:00:01.288910   LahfSahf - LAHF/SAHF support in 64-bit mode             = 1 (1)
00:00:01.288911   CmpLegacy - Core multi-processing legacy mode           = 0 (1)
00:00:01.288912   SVM - AMD Secure Virtual Machine extensions             = 0 (0)
00:00:01.288912   EXTAPIC - AMD Extended APIC registers                   = 0 (0)
00:00:01.288913   CR8L - AMD LOCK MOV CR0 means MOV CR8                   = 1 (1)
00:00:01.288914   ABM - AMD Advanced Bit Manipulation                     = 1 (1)
00:00:01.288915   SSE4A - SSE4A instructions                              = 1 (1)
00:00:01.288915   MISALIGNSSE - AMD Misaligned SSE mode                   = 1 (1)
00:00:01.288916   3DNOWPRF - AMD PREFETCH and PREFETCHW instructions      = 1 (1)
00:00:01.288917   OSVW - AMD OS Visible Workaround                        = 0 (1)
00:00:01.288918   IBS - Instruct Based Sampling                           = 0 (0)
00:00:01.288918   XOP - Extended Operation support                        = 0 (0)
00:00:01.288919   SKINIT - SKINIT, STGI, and DEV support                  = 0 (0)
00:00:01.288920   WDT - AMD Watchdog Timer support                        = 0 (1)
00:00:01.288921   LWP - Lightweight Profiling support                     = 0 (0)
00:00:01.288921   FMA4 - Four operand FMA instruction support             = 0 (0)
00:00:01.288922   TCE - Translation Cache Extension support               = 0 (0)
00:00:01.288923   NodeId - NodeId in MSR C001_100C                        = 0 (0)
00:00:01.288923   TBM - Trailing Bit Manipulation instructions            = 0 (0)
00:00:01.288924   TOPOEXT - Topology Extensions                           = 0 (1)
00:00:01.288925   PRFEXTCORE - Performance Counter Extensions support     = 0 (0)
00:00:01.288926   PRFEXTNB - NB Performance Counter Extensions support    = 0 (0)
00:00:01.288926   DATABPEXT - Data-access Breakpoint Extension            = 0 (0)
00:00:01.288927   PERFTSC - Performance Time Stamp Counter                = 0 (0)
00:00:01.288927   PCX_L2I - L2I/L3 Performance Counter Extensions         = 0 (0)
00:00:01.288928   MONITORX - MWAITX and MONITORX instructions             = 0 (0)
00:00:01.288929   AddrMaskExt - BP Addressing masking extended to bit 31  = 0 (0)
00:00:01.288930 Full Name:                       "AMD Ryzen 7 2700X Eight-Core Processor         "
00:00:01.288930 TLB 2/4M Instr/Uni:              fully  64 entries
00:00:01.288931 TLB 2/4M Data:                   fully  64 entries
00:00:01.288931 TLB 4K Instr/Uni:                fully  64 entries
00:00:01.288931 TLB 4K Data:                     fully  64 entries
00:00:01.288932 L1 Instr Cache Line Size:        64 bytes
00:00:01.288932 L1 Instr Cache Lines Per Tag:    1
00:00:01.288933 L1 Instr Cache Associativity:    4 way
00:00:01.288933 L1 Instr Cache Size:             64 KB
00:00:01.288933 L1 Data Cache Line Size:         64 bytes
00:00:01.288934 L1 Data Cache Lines Per Tag:     1
00:00:01.288934 L1 Data Cache Associativity:     8 way
00:00:01.288934 L1 Data Cache Size:              32 KB
00:00:01.288935 L2 TLB 2/4M Instr/Uni:           8 way  1024 entries
00:00:01.288935 L2 TLB 2/4M Data:                2 way  1536 entries
00:00:01.288935 L2 TLB 4K Instr/Uni:             8 way  1024 entries
00:00:01.288936 L2 TLB 4K Data:                  8 way  1536 entries
00:00:01.288936 L2 Cache Line Size:              64 bytes
00:00:01.288936 L2 Cache Lines Per Tag:          1
00:00:01.288937 L2 Cache Associativity:          8 way 
00:00:01.288937 L2 Cache Size:                   512 KB
00:00:01.288939 L3 Cache Line Size:              64 bytes
00:00:01.288939 L3 Cache Lines Per Tag:          1
00:00:01.288939 L3 Cache Associativity:          16 way
00:00:01.288940 L3 Cache Size:                   16384 KB
00:00:01.288940 APM Features EDX
00:00:01.288940   Mnemonic - Description                                  = Guest (Host)
00:00:01.288943   TS - Temperature Sensor                                 = 0 (1)
00:00:01.288944   FID - Frequency ID control                              = 0 (0)
00:00:01.288944   VID - Voltage ID control                                = 0 (0)
00:00:01.288946   TTP - Thermal Trip                                      = 0 (1)
00:00:01.288948   TM - Hardware Thermal Control (HTC)                     = 0 (0)
00:00:01.288949   100MHzSteps - 100 MHz Multiplier control                = 0 (0)
00:00:01.288950   HwPstate - Hardware P-state control                     = 0 (1)
00:00:01.288951   TscInvariant - Invariant Time Stamp Counter             = 1 (1)
00:00:01.288952   CPB - Core Performance Boost                            = 0 (1)
00:00:01.288956   EffFreqRO - Read-only Effective Frequency Interface     = 0 (1)
00:00:01.288957   ProcFdbkIf - Processor Feedback Interface               = 0 (0)
00:00:01.288958   ProcPwrRep - Core power reporting interface support     = 0 (0)
00:00:01.288959   ConnectedStandby - Connected Standby                    = 0 (0)
00:00:01.288960   RAPL - Running average power limit                      = 0 (1)
00:00:01.288961 Ext Features ext IDs EBX
00:00:01.288961   Mnemonic - Description                                  = Guest (Host)
00:00:01.288973   CLZERO - Clear zero instruction (cacheline)             = 0 (1)
00:00:01.288974   IRPerf - Instructions retired count support             = 0 (0)
00:00:01.288975   XSaveErPtr - Save/restore error pointers (FXSAVE/RSTOR) = 0 (1)
00:00:01.288976   INVLPGB - INVLPGB and TLBSYNC instructions              = 0 (0)
00:00:01.288977   RDPRU - RDPRU instruction                               = 0 (0)
00:00:01.288978   BE - Bandwidth Enforcement extension                    = 0 (0)
00:00:01.288978   MCOMMIT - MCOMMIT instruction                           = 0 (0)
00:00:01.288979   WBNOINVD - WBNOINVD instruction                         = 0 (0)
00:00:01.288980   IBPB - Supports the IBPB command in IA32_PRED_CMD       = 0 (0)
00:00:01.288981   INT_WBINVD - WBINVD/WBNOINVD interruptible              = 0 (0)
00:00:01.288982   IBRS - Indirect Branch Restricted Speculation           = 0 (0)
00:00:01.288982   STIBP - Single Thread Indirect Branch Prediction        = 0 (0)
00:00:01.288983   IbrsAlwaysOn - Processor prefers that IBRS be left on   = 0 (0)
00:00:01.288984   StibpAlwaysOn - Processor prefers that STIBP be left on = 0 (0)
00:00:01.288984   IbrsPreferred - IBRS preferred over software solution   = 0 (0)
00:00:01.288985   IbrsSameMode - IBRS limits same mode speculation        = 0 (0)
00:00:01.288985   EferLmsleUnsupported - EFER.LMSLE is unsupported        = 0 (0)
00:00:01.288986   INVLPGBnestedPages - INVLPGB for nested translation     = 0 (0)
00:00:01.288987   PPIN - Protected processor inventory number             = 0 (0)
00:00:01.288987   SSBD - Speculative Store Bypass Disable                 = 0 (0)
00:00:01.288988   SsbdVirtSpecCtrl - Use VIRT_SPEC_CTL for SSBD           = 0 (1)
00:00:01.288989   SsbdNotRequired - SSBD not needed on this processor     = 1 (0)
00:00:01.288989   CPPC - Collaborative Processor Performance Control      = 0 (0)
00:00:01.288990   PSFD - Predictive Store Forward Disable                 = 0 (0)
00:00:01.288990   BTC_NO - Unaffected by branch type confusion            = 0 (0)
00:00:01.288991   IBPB_RET - Clears RA predictor when PRED_CMD.IBPB set   = 0 (0)
00:00:01.288992 Physical Address Width:          48 bits
00:00:01.288992 Virtual Address Width:           48 bits
00:00:01.288992 Guest Physical Address Width:    48 bits (0)
00:00:01.288993 Physical Core Count:             1
00:00:01.288993 APIC ID size:                    1 (0x1)
00:00:01.288994 Performance TSC size:            40 bits
00:00:01.288994 Max page count for INVLPGB:      0x3030
00:00:01.288994 Max ECX for RDPRU:               0x0
00:00:01.288996 ********************* End of CPUID dump *********************
00:00:01.289044 VMEmt: Halt method global1 (5)
00:00:01.289114 VMEmt: HaltedGlobal1 config: cNsSpinBlockThresholdCfg=50000
00:00:01.289123 Changing the VM state from 'CREATING' to 'CREATED'
00:00:01.289998 NAT: DNS settings changed, triggering update
00:00:01.290009 NAT DNS Update: Stored 1263225675 as nameserver #0
00:00:01.290012 NAT DNS Update: Stored 1280068427 as nameserver #1
00:00:01.290016 NAT DNS Update: Stored 2 total nameservers
00:00:01.290294 Changing the VM state from 'CREATED' to 'POWERING_ON'
00:00:01.290574 Changing the VM state from 'POWERING_ON' to 'RUNNING'
00:00:01.290585 Console: Machine state changed to 'Running'
00:00:01.292884 VMMDev: Guest Log: BIOS: VirtualBox 7.2.6
00:00:01.293124 PCI: Setting up resources and interrupts
00:00:01.293312 PIT: mode=2 count=0x10000 (65536) - 18.20 Hz (ch=0)
00:00:01.314532 Display::i_handleDisplayResize: uScreenId=0 pvVRAM=0000000000000000 w=720 h=400 bpp=0 cbLine=0x0 flags=0x0 origin=0,0
00:00:01.315025 VMMDev: Guest Log: CPUID EDX: 0x178bfbbf
00:00:01.315142 PIIX3 ATA: Ctl#0: RESET, DevSel=0 AIOIf=0 CmdIf0=0x00 (-1 usec ago) CmdIf1=0x00 (-1 usec ago)
00:00:01.315206 PIIX3 ATA: Ctl#0: finished processing RESET
00:00:01.315596 VMMDev: Guest Log: BIOS: ata0-0: PCHS=65/16/63 LCHS=65/16/63
00:00:01.354746 PIT: mode=2 count=0x48d3 (18643) - 64.00 Hz (ch=0)
00:00:01.361486 Display::i_handleDisplayResize: uScreenId=0 pvVRAM=00000215f54f0000 w=640 h=480 bpp=32 cbLine=0xA00 flags=0x0 origin=0,0
00:00:01.437286 VBoxHeadless: starting event loop
00:00:03.829169 PIT: mode=2 count=0x10000 (65536) - 18.20 Hz (ch=0)
00:00:03.829393 VMMDev: Guest Log: BIOS: Boot : bseqnr=1, bootseq=0002
00:00:03.829673 VMMDev: Guest Log: BIOS: Booting from Hard Disk...
00:00:03.836003 Display::i_handleDisplayResize: uScreenId=0 pvVRAM=0000000000000000 w=720 h=400 bpp=0 cbLine=0x0 flags=0x0 origin=0,0
00:00:03.844339 WasAPI: Looking up or creating cache entry (caching is set to enabled, iface 00000215ed74c7b0, async init)
00:00:03.844417 Audio: Warning: Scheduling hint of stream '[WasAPI] Output:0' is bigger (1000ms) than used period size (0ms)
00:00:03.844514 Audio Mixer: Setting sink 'SB16 Mixer/PCM Output' -- channel volumes: ba ba ba ba ba ba ba ba ba ba ba ba
00:00:03.857478 Display::i_handleDisplayResize: uScreenId=0 pvVRAM=00000215f54f0000 w=640 h=400 bpp=0 cbLine=0x140 flags=0x0 origin=0,0
