00:00:00.373850 VirtualBox VM 7.2.6 r172322 win.amd64 (Jan 15 2026 18:08:50) release log
00:00:00.373852 Log opened 2026-04-26T19:33:22.296040800Z
00:00:00.373853 Build Type: release
00:00:00.373854 OS Product: Windows 10
00:00:00.374031 OS Release: 10.0.19045.7184
00:00:00.374032 OS Service Pack: 
00:00:00.451062 DMI Product Name: System Product Name
00:00:00.454268 DMI Product Version: System Version
00:00:00.454288 Firmware type: UEFI
00:00:00.454629 Secure Boot: Enabled
00:00:00.454636 Host RAM: 32692MB (31.9GB) total, 17751MB (17.3GB) available
00:00:00.454639 Executable: C:\Program Files\Oracle\VirtualBox\VBoxHeadless.exe
00:00:00.454639 Process ID: 19696
00:00:00.454640 Package type: WINDOWS_64BITS_GENERIC
00:00:00.454640 Windows Features:
00:00:00.454640   Core Isolation (Memory Integrity): DISABLED
00:00:00.455455 Installed Extension Packs:
00:00:00.455468   None installed!
00:00:00.455954 Console: Machine state changed to 'Starting'
00:00:00.515628 SUP: seg #0: R   0x00000000 LB 0x00001000
00:00:00.515645 SUP: seg #1: R X 0x00001000 LB 0x00204000
00:00:00.515649 SUP: seg #2: R   0x00205000 LB 0x00053000
00:00:00.515653 SUP: seg #3: RW  0x00258000 LB 0x00013000
00:00:00.515657 SUP: seg #4: R   0x0026b000 LB 0x00013000
00:00:00.515660 SUP: seg #5: RW  0x0027e000 LB 0x00004000
00:00:00.515663 SUP: seg #6: R   0x00282000 LB 0x00007000
00:00:00.515666 SUP: seg #7: R X 0x00289000 LB 0x00002000
00:00:00.515669 SUP: seg #8: R   0x0028b000 LB 0x00007000
00:00:00.519168 SUP: Loaded VMMR0.r0 (C:\Program Files\Oracle\VirtualBox/VMMR0.r0) at 0xXXXXXXXXXXXXXXXX - ModuleInit at XXXXXXXXXXXXXXXX and ModuleTerm at XXXXXXXXXXXXXXXX using the native ring-0 loader
00:00:00.519224 SUP: VMMR0EntryEx located at XXXXXXXXXXXXXXXX and VMMR0EntryFast at XXXXXXXXXXXXXXXX
00:00:00.519228 SUP: windbg> .reload /f C:\Program Files\Oracle\VirtualBox/VMMR0.r0=0xXXXXXXXXXXXXXXXX
00:00:00.522965 Guest architecture: x86
00:00:00.523015 Guest OS type: 'Other'
00:00:00.523740 fHMForced=true - No raw-mode support in this build!
00:00:00.523750 Using execution engine 1
00:00:00.526350 File system of 'C:\Users\RhythmicCarnage\Desktop\CyberStorm\deploy\virtualbox\CyberStorm.vdi' is ntfs
00:00:00.629342 Shared Clipboard: Initialized OLE
00:00:00.629399 Shared Clipboard: Service loaded
00:00:00.629407 Shared Clipboard: Mode: Off
00:00:00.629464 Shared Clipboard: Service running in headless mode
00:00:00.641519 Drag and drop service loaded
00:00:00.641535 Drag and drop mode: Off
00:00:00.642660 Audio: Detected default audio driver type is 'HostAudioWas'
00:00:00.726765 ************************* CFGM dump *************************
00:00:00.726774 [/] (level 0)
00:00:00.726775   CpuExecutionCap   <integer> = 0x0000000000000064 (100)
00:00:00.726778   EnablePAE         <integer> = 0x0000000000000000 (0)
00:00:00.726779   HMEnabled         <integer> = 0x0000000000000001 (1)
00:00:00.726780   MemBalloonSize    <integer> = 0x0000000000000000 (0, 0 B)
00:00:00.726784   Name              <string>  = "CyberStorm" (cb=11)
00:00:00.726785   NumCPUs           <integer> = 0x0000000000000001 (1)
00:00:00.726786   PageFusionAllowed <integer> = 0x0000000000000000 (0)
00:00:00.726787   RamHoleSize       <integer> = 0x0000000020000000 (536 870 912, 512.0 MiB)
00:00:00.726788   RamSize           <integer> = 0x0000000004000000 (67 108 864, 64.0 MiB)
00:00:00.726790   TimerMillies      <integer> = 0x000000000000000a (10)
00:00:00.726790   UUID              <bytes>   = "a5 0b 5f ca c3 be ad 4d ac a0 43 e3 97 5f 37 0e" (cb=16)
00:00:00.726857 
00:00:00.726857 [/CPUM/] (level 1)
00:00:00.726859   Enable64bit        <integer> = 0x0000000000000000 (0)
00:00:00.726860   GuestCpuName       <string>  = "host" (cb=5)
00:00:00.726860   NestedHWVirt       <integer> = 0x0000000000000000 (0)
00:00:00.726861   PortableCpuIdLevel <integer> = 0x0000000000000000 (0)
00:00:00.726862   SpecCtrl           <integer> = 0x0000000000000000 (0)
00:00:00.726863 
00:00:00.726863 [/CPUM/IsaExts/] (level 2)
00:00:00.726864 
00:00:00.726864 [/DBGC/] (level 1)
00:00:00.726865   GlobalInitScript <string>  = "C:\Users\RhythmicCarnage\.VirtualBox/dbgc-init" (cb=47)
00:00:00.726866   HistoryFile      <string>  = "C:\Users\RhythmicCarnage\.VirtualBox/dbgc-history" (cb=50)
00:00:00.726867   LocalInitScript  <string>  = "C:\Users\RhythmicCarnage\Desktop\CyberStorm\deploy\virtualbox\CyberStorm/dbgc-init" (cb=83)
00:00:00.726867 
00:00:00.726868 [/DBGF/] (level 1)
00:00:00.726868   Path <string>  = "C:\Users\RhythmicCarnage\Desktop\CyberStorm\deploy\virtualbox\CyberStorm/debug/;C:\Users\RhythmicCarnage\Desktop\CyberStorm\deploy\virtualbox\CyberStorm/;cache*C:\Users\RhythmicCarnage\Desktop\CyberStorm\deploy\virtualbox\CyberStorm/dbgcache/;C:\Users\RhythmicCarnage\" (cb=269)
00:00:00.726869 
00:00:00.726870 [/Devices/] (level 1)
00:00:00.726870 
00:00:00.726871 [/Devices/3c501/] (level 2)
00:00:00.726872 
00:00:00.726872 [/Devices/8237A/] (level 2)
00:00:00.726873 
00:00:00.726873 [/Devices/8237A/0/] (level 3)
00:00:00.726874   Trusted <integer> = 0x0000000000000001 (1)
00:00:00.726874 
00:00:00.726875 [/Devices/VMMDev/] (level 2)
00:00:00.726876 
00:00:00.726876 [/Devices/VMMDev/0/] (level 3)
00:00:00.726877   PCIBusNo      <integer> = 0x0000000000000000 (0)
00:00:00.726878   PCIDeviceNo   <integer> = 0x0000000000000004 (4)
00:00:00.726878   PCIFunctionNo <integer> = 0x0000000000000000 (0)
00:00:00.726879   Trusted       <integer> = 0x0000000000000001 (1)
00:00:00.726880 
00:00:00.726880 [/Devices/VMMDev/0/Config/] (level 4)
00:00:00.726881   GuestCoreDumpDir <string>  = "C:\Users\RhythmicCarnage\Desktop\CyberStorm\deploy\virtualbox\CyberStorm\Snapshots" (cb=83)
00:00:00.726882 
00:00:00.726882 [/Devices/VMMDev/0/LUN#0/] (level 4)
00:00:00.726883   Driver <string>  = "HGCM" (cb=5)
00:00:00.726884 
00:00:00.726884 [/Devices/VMMDev/0/LUN#0/Config/] (level 5)
00:00:00.726885 
00:00:00.726885 [/Devices/VMMDev/0/LUN#999/] (level 4)
00:00:00.726887   Driver <string>  = "MainStatus" (cb=11)
00:00:00.726887 
00:00:00.726887 [/Devices/VMMDev/0/LUN#999/Config/] (level 5)
00:00:00.727011   First                <integer> = 0x0000000000000000 (0)
00:00:00.727012   HasMediumAttachments <integer> = 0x0000000000000000 (0)
00:00:00.727013   Last                 <integer> = 0x0000000000000000 (0)
00:00:00.727014   iLedSet              <integer> = 0x0000000000000003 (3)
00:00:00.727014 
00:00:00.727015 [/Devices/acpi/] (level 2)
00:00:00.727016 
00:00:00.727016 [/Devices/acpi/0/] (level 3)
00:00:00.727017   PCIBusNo      <integer> = 0x0000000000000000 (0)
00:00:00.727018   PCIDeviceNo   <integer> = 0x0000000000000007 (7)
00:00:00.727018   PCIFunctionNo <integer> = 0x0000000000000000 (0)
00:00:00.727019   Trusted       <integer> = 0x0000000000000001 (1)
00:00:00.727019 
00:00:00.727020 [/Devices/acpi/0/Config/] (level 4)
00:00:00.727022   CpuHotPlug          <integer> = 0x0000000000000000 (0)
00:00:00.727022   FdcEnabled          <integer> = 0x0000000000000000 (0)
00:00:00.727023   HostBusPciAddress   <integer> = 0x0000000000000000 (0)
00:00:00.727024   HpetEnabled         <integer> = 0x0000000000000000 (0)
00:00:00.727024   IOAPIC              <integer> = 0x0000000000000000 (0)
00:00:00.727025   IocPciAddress       <integer> = 0x0000000000010000 (65 536)
00:00:00.727026   NumCPUs             <integer> = 0x0000000000000001 (1)
00:00:00.727027   Parallel0IoPortBase <integer> = 0x0000000000000000 (0)
00:00:00.727028   Parallel0Irq        <integer> = 0x0000000000000000 (0)
00:00:00.727028   Parallel1IoPortBase <integer> = 0x0000000000000000 (0)
00:00:00.727029   Parallel1Irq        <integer> = 0x0000000000000000 (0)
00:00:00.727030   Serial0IoPortBase   <integer> = 0x0000000000000000 (0)
00:00:00.727030   Serial0Irq          <integer> = 0x0000000000000000 (0)
00:00:00.727031   Serial1IoPortBase   <integer> = 0x0000000000000000 (0)
00:00:00.727032   Serial1Irq          <integer> = 0x0000000000000000 (0)
00:00:00.727032   ShowCpu             <integer> = 0x0000000000000000 (0)
00:00:00.727033   ShowRtc             <integer> = 0x0000000000000000 (0)
00:00:00.727034   SmcEnabled          <integer> = 0x0000000000000000 (0)
00:00:00.727035 
00:00:00.727035 [/Devices/acpi/0/LUN#0/] (level 4)
00:00:00.727036   Driver <string>  = "ACPIHost" (cb=9)
00:00:00.727037 
00:00:00.727037 [/Devices/acpi/0/LUN#0/Config/] (level 5)
00:00:00.727038 
00:00:00.727038 [/Devices/apic/] (level 2)
00:00:00.727039 
00:00:00.727039 [/Devices/apic/0/] (level 3)
00:00:00.727040   Trusted <integer> = 0x0000000000000001 (1)
00:00:00.727041 
00:00:00.727041 [/Devices/apic/0/Config/] (level 4)
00:00:00.727042   IOAPIC  <integer> = 0x0000000000000000 (0)
00:00:00.727042   Mode    <integer> = 0x0000000000000002 (2)
00:00:00.727043   NumCPUs <integer> = 0x0000000000000001 (1)
00:00:00.727044 
00:00:00.727044 [/Devices/dp8390/] (level 2)
00:00:00.727045 
00:00:00.727045 [/Devices/e1000/] (level 2)
00:00:00.727046 
00:00:00.727046 [/Devices/i8254/] (level 2)
00:00:00.727047 
00:00:00.727047 [/Devices/i8254/0/] (level 3)
00:00:00.727048 
00:00:00.727048 [/Devices/i8254/0/Config/] (level 4)
00:00:00.727049 
00:00:00.727049 [/Devices/i8259/] (level 2)
00:00:00.727050 
00:00:00.727050 [/Devices/i8259/0/] (level 3)
00:00:00.727051   Trusted <integer> = 0x0000000000000001 (1)
00:00:00.727052 
00:00:00.727052 [/Devices/i8259/0/Config/] (level 4)
00:00:00.727053 
00:00:00.727053 [/Devices/mc146818/] (level 2)
00:00:00.727054 
00:00:00.727054 [/Devices/mc146818/0/] (level 3)
00:00:00.727055 
00:00:00.727055 [/Devices/mc146818/0/Config/] (level 4)
00:00:00.727056   UseUTC <integer> = 0x0000000000000000 (0)
00:00:00.727057 
00:00:00.727057 [/Devices/parallel/] (level 2)
00:00:00.727058 
00:00:00.727058 [/Devices/pcarch/] (level 2)
00:00:00.727059 
00:00:00.727059 [/Devices/pcarch/0/] (level 3)
00:00:00.727060   Trusted <integer> = 0x0000000000000001 (1)
00:00:00.727061 
00:00:00.727061 [/Devices/pcarch/0/Config/] (level 4)
00:00:00.727062 
00:00:00.727062 [/Devices/pcbios/] (level 2)
00:00:00.727063 
00:00:00.727063 [/Devices/pcbios/0/] (level 3)
00:00:00.727064   Trusted <integer> = 0x0000000000000001 (1)
00:00:00.727064 
00:00:00.727065 [/Devices/pcbios/0/Config/] (level 4)
00:00:00.727066   APIC            <integer> = 0x0000000000000001 (1)
00:00:00.727067   BootDevice0     <string>  = "IDE" (cb=4)
00:00:00.727067   BootDevice1     <string>  = "NONE" (cb=5)
00:00:00.727068   BootDevice2     <string>  = "NONE" (cb=5)
00:00:00.727069   BootDevice3     <string>  = "NONE" (cb=5)
00:00:00.727069   DmiSystemSerial <string>  = "VirtualBox-<DmiSystemUuid>" (cb=27)
00:00:00.727070   FloppyDevice    <string>  = "i82078" (cb=7)
00:00:00.727070   HardDiskDevice  <string>  = "piix3ide" (cb=9)
00:00:00.727071   IOAPIC          <integer> = 0x0000000000000000 (0)
00:00:00.727072   McfgBase        <integer> = 0x0000000000000000 (0)
00:00:00.727073   McfgLength      <integer> = 0x0000000000000000 (0)
00:00:00.727073   NumCPUs         <integer> = 0x0000000000000001 (1)
00:00:00.727074   PXEDebug        <integer> = 0x0000000000000000 (0)
00:00:00.727075   UUID            <bytes>   = "a5 0b 5f ca c3 be ad 4d ac a0 43 e3 97 5f 37 0e" (cb=16)
00:00:00.727077   UuidLe          <integer> = 0x0000000000000001 (1)
00:00:00.727078 
00:00:00.727078 [/Devices/pcbios/0/Config/NetBoot/] (level 5)
00:00:00.727079 
00:00:00.727079 [/Devices/pcbios/0/Config/NetBoot/0/] (level 6)
00:00:00.727081   NIC           <integer> = 0x0000000000000000 (0)
00:00:00.727081   PCIBusNo      <integer> = 0x0000000000000000 (0)
00:00:00.727082   PCIDeviceNo   <integer> = 0x0000000000000003 (3)
00:00:00.727083   PCIFunctionNo <integer> = 0x0000000000000000 (0)
00:00:00.727083 
00:00:00.727083 [/Devices/pci/] (level 2)
00:00:00.727084 
00:00:00.727084 [/Devices/pci/0/] (level 3)
00:00:00.727085   Trusted <integer> = 0x0000000000000001 (1)
00:00:00.727086 
00:00:00.727086 [/Devices/pci/0/Config/] (level 4)
00:00:00.727087   IOAPIC <integer> = 0x0000000000000000 (0)
00:00:00.727088 
00:00:00.727088 [/Devices/pcibridge/] (level 2)
00:00:00.727089 
00:00:00.727089 [/Devices/pckbd/] (level 2)
00:00:00.727090 
00:00:00.727090 [/Devices/pckbd/0/] (level 3)
00:00:00.727091   Trusted <integer> = 0x0000000000000001 (1)
00:00:00.727091 
00:00:00.727091 [/Devices/pckbd/0/Config/] (level 4)
00:00:00.727092 
00:00:00.727093 [/Devices/pckbd/0/LUN#0/] (level 4)
00:00:00.727094   Driver <string>  = "KeyboardQueue" (cb=14)
00:00:00.727094 
00:00:00.727094 [/Devices/pckbd/0/LUN#0/AttachedDriver/] (level 5)
00:00:00.727096   Driver <string>  = "MainKeyboard" (cb=13)
00:00:00.727096 
00:00:00.727096 [/Devices/pckbd/0/LUN#0/Config/] (level 5)
00:00:00.727097   QueueSize <integer> = 0x0000000000000040 (64, 64 B)
00:00:00.727098 
00:00:00.727099 [/Devices/pckbd/0/LUN#1/] (level 4)
00:00:00.727100   Driver <string>  = "MouseQueue" (cb=11)
00:00:00.727100 
00:00:00.727100 [/Devices/pckbd/0/LUN#1/AttachedDriver/] (level 5)
00:00:00.727101   Driver <string>  = "MainMouse" (cb=10)
00:00:00.727102 
00:00:00.727102 [/Devices/pckbd/0/LUN#1/Config/] (level 5)
00:00:00.727103   QueueSize <integer> = 0x0000000000000080 (128, 128 B)
00:00:00.727104 
00:00:00.727105 [/Devices/pcnet/] (level 2)
00:00:00.727105 
00:00:00.727106 [/Devices/pcnet/0/] (level 3)
00:00:00.727106   PCIBusNo      <integer> = 0x0000000000000000 (0)
00:00:00.727107   PCIDeviceNo   <integer> = 0x0000000000000003 (3)
00:00:00.727108   PCIFunctionNo <integer> = 0x0000000000000000 (0)
00:00:00.727108   Trusted       <integer> = 0x0000000000000001 (1)
00:00:00.727109 
00:00:00.727109 [/Devices/pcnet/0/Config/] (level 4)
00:00:00.727110   CableConnected <integer> = 0x0000000000000001 (1)
00:00:00.727111   ChipType       <string>  = "Am79C973" (cb=9)
00:00:00.727112   LineSpeed      <integer> = 0x0000000000000000 (0)
00:00:00.727112   MAC            <bytes>   = "08 00 27 ca 67 48" (cb=6)
00:00:00.727114 
00:00:00.727114 [/Devices/pcnet/0/LUN#0/] (level 4)
00:00:00.727115   Driver <string>  = "NAT" (cb=4)
00:00:00.727116 
00:00:00.727116 [/Devices/pcnet/0/LUN#0/Config/] (level 5)
00:00:00.727117   AliasMode          <integer> = 0x0000000000000000 (0)
00:00:00.727118   DNSProxy           <integer> = 0x0000000000000000 (0)
00:00:00.727119   EnableTFTP         <integer> = 0x0000000000000000 (0)
00:00:00.727119   ForwardBroadcast   <integer> = 0x0000000000000000 (0)
00:00:00.727120   LocalhostReachable <integer> = 0x0000000000000000 (0)
00:00:00.727121   Network            <string>  = "10.0.2.0/24" (cb=12)
00:00:00.727121   PassDomain         <integer> = 0x0000000000000001 (1)
00:00:00.727122   UseHostResolver    <integer> = 0x0000000000000000 (0)
00:00:00.727123 
00:00:00.727123 [/Devices/pcnet/0/LUN#999/] (level 4)
00:00:00.727124   Driver <string>  = "MainStatus" (cb=11)
00:00:00.727125 
00:00:00.727125 [/Devices/pcnet/0/LUN#999/Config/] (level 5)
00:00:00.727126   First                <integer> = 0x0000000000000000 (0)
00:00:00.727127   HasMediumAttachments <integer> = 0x0000000000000000 (0)
00:00:00.727128   Last                 <integer> = 0x0000000000000000 (0)
00:00:00.727128   iLedSet              <integer> = 0x0000000000000002 (2)
00:00:00.727129 
00:00:00.727129 [/Devices/piix3ide/] (level 2)
00:00:00.727130 
00:00:00.727130 [/Devices/piix3ide/0/] (level 3)
00:00:00.727131   PCIBusNo      <integer> = 0x0000000000000000 (0)
00:00:00.727132   PCIDeviceNo   <integer> = 0x0000000000000001 (1)
00:00:00.727133   PCIFunctionNo <integer> = 0x0000000000000001 (1)
00:00:00.727133   Trusted       <integer> = 0x0000000000000001 (1)
00:00:00.727134 
00:00:00.727134 [/Devices/piix3ide/0/Config/] (level 4)
00:00:00.727135   Type <string>  = "PIIX4" (cb=6)
00:00:00.727136 
00:00:00.727136 [/Devices/piix3ide/0/LUN#0/] (level 4)
00:00:00.727137   Driver <string>  = "VD" (cb=3)
00:00:00.727138 
00:00:00.727138 [/Devices/piix3ide/0/LUN#0/Config/] (level 5)
00:00:00.727139   Format    <string>  = "VDI" (cb=4)
00:00:00.727140   Mountable <integer> = 0x0000000000000000 (0)
00:00:00.727140   Path      <string>  = "C:\Users\RhythmicCarnage\Desktop\CyberStorm\deploy\virtualbox\CyberStorm.vdi" (cb=77)
00:00:00.727141   Type      <string>  = "HardDisk" (cb=9)
00:00:00.727142 
00:00:00.727142 [/Devices/piix3ide/0/LUN#0/Config/VDConfig/] (level 6)
00:00:00.727143   AllocationBlockSize <string>  = "1048576" (cb=8)
00:00:00.727144 
00:00:00.727144 [/Devices/piix3ide/0/LUN#999/] (level 4)
00:00:00.727145   Driver <string>  = "MainStatus" (cb=11)
00:00:00.727146 
00:00:00.727146 [/Devices/piix3ide/0/LUN#999/Config/] (level 5)
00:00:00.727147   DeviceInstance       <string>  = "piix3ide/0" (cb=11)
00:00:00.727148   First                <integer> = 0x0000000000000000 (0)
00:00:00.727149   HasMediumAttachments <integer> = 0x0000000000000001 (1)
00:00:00.727149   Last                 <integer> = 0x0000000000000003 (3)
00:00:00.727150   iLedSet              <integer> = 0x0000000000000001 (1)
00:00:00.727151 
00:00:00.727151 [/Devices/sb16/] (level 2)
00:00:00.727152 
00:00:00.727152 [/Devices/sb16/0/] (level 3)
00:00:00.727153   Trusted <integer> = 0x0000000000000001 (1)
00:00:00.727154 
00:00:00.727154 [/Devices/sb16/0/AudioConfig/] (level 4)
00:00:00.727155 
00:00:00.727155 [/Devices/sb16/0/Config/] (level 4)
00:00:00.727156   DMA          <integer> = 0x0000000000000001 (1)
00:00:00.727157   DMA16        <integer> = 0x0000000000000005 (5)
00:00:00.727158   DebugEnabled <integer> = 0x0000000000000000 (0)
00:00:00.727158   IRQ          <integer> = 0x0000000000000005 (5)
00:00:00.727159   Port         <integer> = 0x0000000000000220 (544)
00:00:00.727160   Version      <integer> = 0x0000000000000405 (1 029)
00:00:00.727161 
00:00:00.727161 [/Devices/sb16/0/LUN#0/] (level 4)
00:00:00.727162   Driver <string>  = "AUDIO" (cb=6)
00:00:00.727162 
00:00:00.727163 [/Devices/sb16/0/LUN#0/AttachedDriver/] (level 5)
00:00:00.727164   Driver <string>  = "HostAudioWas" (cb=13)
00:00:00.727164 
00:00:00.727165 [/Devices/sb16/0/LUN#0/AttachedDriver/Config/] (level 6)
00:00:00.727166   VmName <string>  = "CyberStorm" (cb=11)
00:00:00.727166   VmUuid <string>  = "ca5f0ba5-bec3-4dad-aca0-43e3975f370e" (cb=37)
00:00:00.727167 
00:00:00.727167 [/Devices/sb16/0/LUN#0/Config/] (level 5)
00:00:00.727168   DriverName    <string>  = "HostAudioWas" (cb=13)
00:00:00.727169   InputEnabled  <integer> = 0x0000000000000000 (0)
00:00:00.727170   OutputEnabled <integer> = 0x0000000000000001 (1)
00:00:00.727170 
00:00:00.727171 [/Devices/sb16/0/LUN#1/] (level 4)
00:00:00.727172   Driver <string>  = "AUDIO" (cb=6)
00:00:00.727172 
00:00:00.727172 [/Devices/sb16/0/LUN#2/] (level 4)
00:00:00.727173   Driver <string>  = "AUDIO" (cb=6)
00:00:00.727174 
00:00:00.727174 [/Devices/serial/] (level 2)
00:00:00.727175 
00:00:00.727175 [/Devices/vga/] (level 2)
00:00:00.727176 
00:00:00.727176 [/Devices/vga/0/] (level 3)
00:00:00.727177   PCIBusNo      <integer> = 0x0000000000000000 (0)
00:00:00.727178   PCIDeviceNo   <integer> = 0x0000000000000002 (2)
00:00:00.727178   PCIFunctionNo <integer> = 0x0000000000000000 (0)
00:00:00.727179   Trusted       <integer> = 0x0000000000000001 (1)
00:00:00.727179 
00:00:00.727180 [/Devices/vga/0/Config/] (level 4)
00:00:00.727181   3DEnabled             <integer> = 0x0000000000000000 (0)
00:00:00.727182   CustomVideoModes      <integer> = 0x0000000000000000 (0)
00:00:00.727182   FadeIn                <integer> = 0x0000000000000001 (1)
00:00:00.727183   FadeOut               <integer> = 0x0000000000000001 (1)
00:00:00.727184   HeightReduction       <integer> = 0x0000000000000000 (0)
00:00:00.727185   LogoFile              <string>  = "" (cb=1)
00:00:00.727185   LogoTime              <integer> = 0x0000000000000000 (0)
00:00:00.727186   MonitorCount          <integer> = 0x0000000000000001 (1)
00:00:00.727187   ShowBootMenu          <integer> = 0x0000000000000002 (2)
00:00:00.727188   VMSVGA3dEnabled       <integer> = 0x0000000000000000 (0)
00:00:00.727188   VMSVGAEnabled         <integer> = 0x0000000000000001 (1)
00:00:00.727189   VRamSize              <integer> = 0x0000000001000000 (16 777 216, 16.0 MiB)
00:00:00.727190   VmSvga3               <integer> = 0x0000000000000000 (0)
00:00:00.727191   VmSvgaExposeLegacyVga <integer> = 0x0000000000000001 (1)
00:00:00.727192 
00:00:00.727192 [/Devices/vga/0/LUN#0/] (level 4)
00:00:00.727193   Driver <string>  = "MainDisplay" (cb=12)
00:00:00.727194 
00:00:00.727194 [/Devices/vga/0/LUN#0/Config/] (level 5)
00:00:00.727195 
00:00:00.727195 [/Devices/vga/0/LUN#999/] (level 4)
00:00:00.727196   Driver <string>  = "MainStatus" (cb=11)
00:00:00.727196 
00:00:00.727197 [/Devices/vga/0/LUN#999/Config/] (level 5)
00:00:00.727198   First                <integer> = 0x0000000000000000 (0)
00:00:00.727199   HasMediumAttachments <integer> = 0x0000000000000000 (0)
00:00:00.727199   Last                 <integer> = 0x0000000000000000 (0)
00:00:00.727200   iLedSet              <integer> = 0x0000000000000000 (0)
00:00:00.727201 
00:00:00.727201 [/Devices/virtio-net/] (level 2)
00:00:00.727202 
00:00:00.727202 [/EM/] (level 1)
00:00:00.727203   TripleFaultReset <integer> = 0x0000000000000000 (0)
00:00:00.727203 
00:00:00.727204 [/GCM/] (level 1)
00:00:00.727204 
00:00:00.727204 [/GIM/] (level 1)
00:00:00.727205   Provider <string>  = "None" (cb=5)
00:00:00.727205 
00:00:00.727206 [/HM/] (level 1)
00:00:00.727207   64bitEnabled        <integer> = 0x0000000000000000 (0)
00:00:00.727208   EnableLargePages    <integer> = 0x0000000000000001 (1)
00:00:00.727209   EnableNestedPaging  <integer> = 0x0000000000000001 (1)
00:00:00.727209   EnableUX            <integer> = 0x0000000000000001 (1)
00:00:00.727210   EnableVPID          <integer> = 0x0000000000000001 (1)
00:00:00.727211   Exclusive           <integer> = 0x0000000000000000 (0)
00:00:00.727211   HMForced            <integer> = 0x0000000000000001 (1)
00:00:00.727212   IBPBOnVMEntry       <integer> = 0x0000000000000000 (0)
00:00:00.727213   IBPBOnVMExit        <integer> = 0x0000000000000000 (0)
00:00:00.727214   L1DFlushOnSched     <integer> = 0x0000000000000001 (1)
00:00:00.727214   L1DFlushOnVMEntry   <integer> = 0x0000000000000000 (0)
00:00:00.727215   MDSClearOnSched     <integer> = 0x0000000000000001 (1)
00:00:00.727216   MDSClearOnVMEntry   <integer> = 0x0000000000000000 (0)
00:00:00.727216   SpecCtrlByHost      <integer> = 0x0000000000000000 (0)
00:00:00.727217   SvmVirtVmsaveVmload <integer> = 0x0000000000000000 (0)
00:00:00.727217   UseNEMInstead       <integer> = 0x0000000000000000 (0)
00:00:00.727218 
00:00:00.727218 [/MM/] (level 1)
00:00:00.727219   CanUseLargerHeap <integer> = 0x0000000000000000 (0)
00:00:00.727219 
00:00:00.727220 [/NEM/] (level 1)
00:00:00.727220   Allow64BitGuests  <integer> = 0x0000000000000000 (0)
00:00:00.727221   IBPBOnVMEntry     <integer> = 0x0000000000000000 (0)
00:00:00.727222   IBPBOnVMExit      <integer> = 0x0000000000000000 (0)
00:00:00.727222   L1DFlushOnSched   <integer> = 0x0000000000000001 (1)
00:00:00.727223   L1DFlushOnVMEntry <integer> = 0x0000000000000000 (0)
00:00:00.727223   MDSClearOnSched   <integer> = 0x0000000000000001 (1)
00:00:00.727224   MDSClearOnVMEntry <integer> = 0x0000000000000000 (0)
00:00:00.727224 
00:00:00.727225 [/PDM/] (level 1)
00:00:00.727225 
00:00:00.727225 [/PDM/AsyncCompletion/] (level 2)
00:00:00.727226 
00:00:00.727226 [/PDM/AsyncCompletion/File/] (level 3)
00:00:00.727227 
00:00:00.727228 [/PDM/AsyncCompletion/File/BwGroups/] (level 4)
00:00:00.727229 
00:00:00.727229 [/PDM/BlkCache/] (level 2)
00:00:00.727230   CacheSize <integer> = 0x0000000000500000 (5 242 880, 5.0 MiB)
00:00:00.727231 
00:00:00.727231 [/PDM/Devices/] (level 2)
00:00:00.727232 
00:00:00.727232 [/PDM/Drivers/] (level 2)
00:00:00.727233 
00:00:00.727233 [/PDM/Drivers/VBoxC/] (level 3)
00:00:00.727234   Path <string>  = "VBoxC" (cb=6)
00:00:00.727234 
00:00:00.727234 [/PDM/NetworkShaper/] (level 2)
00:00:00.727235 
00:00:00.727235 [/PDM/NetworkShaper/BwGroups/] (level 3)
00:00:00.727236 
00:00:00.727236 [/TM/] (level 1)
00:00:00.727237   UTCOffset <integer> = 0x0000000000000000 (0)
00:00:00.727238 
00:00:00.727238 ********************* End of CFGM dump **********************
00:00:00.727315 HM: HMR3Init: Attempting fall back to NEM: AMD-V is not available
00:00:00.807937 NEM:  info: Found optional import WinHvPlatform.dll!WHvQueryGpaRangeDirtyBitmap.
00:00:00.807955 NEM:  info: Found optional import WinHvPlatform.dll!WHvResumePartitionTime.
00:00:00.807959 NEM:  info: Found optional import WinHvPlatform.dll!WHvSuspendPartitionTime.
00:00:00.807962 NEM:  info: Found optional import WinHvPlatform.dll!WHvRequestInterrupt.
00:00:00.807966 NEM:  info: Found optional import WinHvPlatform.dll!WHvGetVirtualProcessorXsaveState.
00:00:00.807969 NEM:  info: Found optional import WinHvPlatform.dll!WHvSetVirtualProcessorXsaveState.
00:00:00.807974 NEM:  info: Failed to import WinHvPlatform.dll!WHvGetVirtualProcessorState: VERR_SYMBOL_NOT_FOUND
00:00:00.807993 NEM:  info: Failed to import WinHvPlatform.dll!WHvSetVirtualProcessorState: VERR_SYMBOL_NOT_FOUND
00:00:00.807997 NEM:  info: Found optional import WinHvPlatform.dll!WHvGetVirtualProcessorInterruptControllerState.
00:00:00.808001 NEM:  info: Found optional import WinHvPlatform.dll!WHvSetVirtualProcessorInterruptControllerState.
00:00:00.808004 NEM:  info: Found optional import WinHvPlatform.dll!WHvGetVirtualProcessorInterruptControllerState2.
00:00:00.808007 NEM:  info: Found optional import WinHvPlatform.dll!WHvSetVirtualProcessorInterruptControllerState2.
00:00:00.808012 NEM:  info: Found optional import vid.dll!VidGetHvPartitionId.
00:00:00.808015 NEM:  info: Found optional import vid.dll!VidGetPartitionProperty.
00:00:00.808080 NEM: WHvCapabilityCodeHypervisorPresent is TRUE, so this might work...
00:00:00.808085 NEM: WHvCapabilityCodeExtendedVmExits      = 0x00000000000003ff
00:00:00.808089 NEM:                           X64CpuidExit: 1
00:00:00.808093 NEM:                             X64MsrExit: 1
00:00:00.808096 NEM:                          ExceptionExit: 1
00:00:00.808100 NEM:                           X64RdtscExit: 1
00:00:00.808103 NEM:                     X64ApicSmiExitTrap: 1
00:00:00.808106 NEM:                          HypercallExit: 1
00:00:00.808109 NEM:                X64ApicInitSipiExitTrap: 1
00:00:00.808112 NEM:              X64ApicWriteLint0ExitTrap: 1
00:00:00.808115 NEM:              X64ApicWriteLint1ExitTrap: 1
00:00:00.808118 NEM:                X64ApicWriteSvrExitTrap: 1
00:00:00.808122 NEM:                 UnknownSynicConnection: 0
00:00:00.808124 NEM:              RetargetUnknownVpciDevice: 0
00:00:00.808127 NEM:                X64ApicWriteLdrExitTrap: 0
00:00:00.808130 NEM:                X64ApicWriteDfrExitTrap: 0
00:00:00.808133 NEM:                     GpaAccessFaultExit: 0
00:00:00.808137 NEM: WHvCapabilityCodeFeatures             = 0x000000000000007f
00:00:00.808142 NEM:                           PartialUnmap: 1
00:00:00.808145 NEM:                     LocalApicEmulation: 1
00:00:00.808150 NEM:                                  Xsave: 1
00:00:00.808153 NEM:                      DirtyPageTracking: 1
00:00:00.808156 NEM:                     SpeculationControl: 1
00:00:00.808159 NEM:                         ApicRemoteRead: 1
00:00:00.808162 NEM:                            IdleSuspend: 1
00:00:00.808165 NEM:                VirtualPciDeviceSupport: 0
00:00:00.808168 NEM:                           IommuSupport: 0
00:00:00.808171 NEM:                         VpHotAddRemove: 0
00:00:00.808178 NEM: Supported xsave features: 0x381f
00:00:00.808182 NEM:                           XsaveSupport: 1
00:00:00.808185 NEM:                        XsaveoptSupport: 1
00:00:00.808188 NEM:                             AvxSupport: 1
00:00:00.808191 NEM:                            Avx2Support: 1
00:00:00.808194 NEM:                             FmaSupport: 1
00:00:00.808197 NEM:                             MpxSupport: 0
00:00:00.808200 NEM:                          Avx512Support: 0
00:00:00.808203 NEM:                        Avx512DQSupport: 0
00:00:00.808206 NEM:                        Avx512BWSupport: 0
00:00:00.808209 NEM:                        Avx512VLSupport: 0
00:00:00.808212 NEM:                       XsaveCompSupport: 1
00:00:00.808220 NEM:                 XsaveSupervisorSupport: 1
00:00:00.808225 NEM:                            Xcr1Support: 1
00:00:00.808228 NEM:                    Avx512BitalgSupport: 0
00:00:00.808231 NEM:                      Avx512IfmaSupport: 0
00:00:00.808234 NEM:                      Avx512VBmiSupport: 0
00:00:00.808237 NEM:                     Avx512VBmi2Support: 0
00:00:00.808240 NEM:                      Avx512VnniSupport: 0
00:00:00.808243 NEM:                            GfniSupport: 0
00:00:00.808246 NEM:                            VaesSupport: 0
00:00:00.808249 NEM:                 Avx512VPopcntdqSupport: 0
00:00:00.808252 NEM:                      VpclmulqdqSupport: 0
00:00:00.808255 NEM:                      Avx512Bf16Support: 0
00:00:00.808258 NEM:              Avx512Vp2IntersectSupport: 0
00:00:00.808261 NEM:                      Avx512Fp16Support: 0
00:00:00.808264 NEM:                             XfdSupport: 0
00:00:00.808267 NEM:                         AmxTileSupport: 0
00:00:00.808270 NEM:                         AmxBf16Support: 0
00:00:00.808273 NEM:                         AmxInt8Support: 0
00:00:00.808276 NEM:                         AvxVnniSupport: 0
00:00:00.808279 NEM: Supported exception exit bitmap: 0xf7dfb
00:00:00.808285 NEM: WHvCapabilityCodeProcessorVendor      = 0 - AMD
00:00:00.808292 NEM: WHvCapabilityCodeProcessorFeatures    = 0x000006cb66f39fbf
00:00:00.808295 NEM:                            Sse3Support: 1
00:00:00.808299 NEM:                        LahfSahfSupport: 1
00:00:00.808302 NEM:                           Ssse3Support: 1
00:00:00.808305 NEM:                          Sse4_1Support: 1
00:00:00.808310 NEM:                          Sse4_2Support: 1
00:00:00.808313 NEM:                           Sse4aSupport: 1
00:00:00.808316 NEM:                             XopSupport: 0
00:00:00.808319 NEM:                          PopCntSupport: 1
00:00:00.808322 NEM:                      Cmpxchg16bSupport: 1
00:00:00.808325 NEM:                       Altmovcr8Support: 1
00:00:00.808328 NEM:                           LzcntSupport: 1
00:00:00.808331 NEM:                     MisAlignSseSupport: 1
00:00:00.808334 NEM:                          MmxExtSupport: 1
00:00:00.808338 NEM:                        Amd3DNowSupport: 0
00:00:00.808341 NEM:                ExtendedAmd3DNowSupport: 0
00:00:00.808344 NEM:                         Page1GbSupport: 1
00:00:00.808347 NEM:                             AesSupport: 1
00:00:00.808350 NEM:                       PclmulqdqSupport: 1
00:00:00.808353 NEM:                            PcidSupport: 0
00:00:00.808356 NEM:                            Fma4Support: 0
00:00:00.808359 NEM:                            F16CSupport: 1
00:00:00.808362 NEM:                          RdRandSupport: 1
00:00:00.808365 NEM:                        RdWrFsGsSupport: 1
00:00:00.808368 NEM:                            SmepSupport: 1
00:00:00.808371 NEM:              EnhancedFastStringSupport: 0
00:00:00.808374 NEM:                            Bmi1Support: 1
00:00:00.808377 NEM:                            Bmi2Support: 1
00:00:00.808380 NEM:                              Reserved1: 0
00:00:00.808383 NEM:                           MovbeSupport: 1
00:00:00.808387 NEM:                          Npiep1Support: 1
00:00:00.808390 NEM:                   DepX87FPUSaveSupport: 0
00:00:00.808393 NEM:                          RdSeedSupport: 1
00:00:00.808396 NEM:                             AdxSupport: 1
00:00:00.808399 NEM:                   IntelPrefetchSupport: 0
00:00:00.808402 NEM:                            SmapSupport: 1
00:00:00.808405 NEM:                             HleSupport: 0
00:00:00.808408 NEM:                             RtmSupport: 0
00:00:00.808411 NEM:                          RdtscpSupport: 1
00:00:00.808414 NEM:                      ClflushoptSupport: 1
00:00:00.808417 NEM:                            ClwbSupport: 0
00:00:00.808420 NEM:                             ShaSupport: 1
00:00:00.808425 NEM:                X87PointersSavedSupport: 1
00:00:00.808429 NEM:                         InvpcidSupport: 0
00:00:00.808432 NEM:                            IbrsSupport: 0
00:00:00.808435 NEM:                           StibpSupport: 0
00:00:00.808438 NEM:                            IbpbSupport: 0
00:00:00.808441 NEM:                              Reserved2: 0
00:00:00.808444 NEM:                            SsbdSupport: 0
00:00:00.808448 NEM:                 FastShortRepMovSupport: 0
00:00:00.808454 NEM:                              Reserved3: 0
00:00:00.808458 NEM:                                 RdclNo: 0
00:00:00.808461 NEM:                         IbrsAllSupport: 0
00:00:00.808464 NEM:                              Reserved4: 0
00:00:00.808467 NEM:                                  SsbNo: 0
00:00:00.808470 NEM:                                 RsbANo: 0
00:00:00.808473 NEM:                              Reserved5: 0
00:00:00.808476 NEM:                           RdPidSupport: 0
00:00:00.808479 NEM:                            UmipSupport: 0
00:00:00.808482 NEM:                           MdsNoSupport: 0
00:00:00.808486 NEM:                         MdClearSupport: 0
00:00:00.808489 NEM:                           TaaNoSupport: 0
00:00:00.808492 NEM:                         TsxCtrlSupport: 0
00:00:00.808495 NEM:                              Reserved6: 0
00:00:00.808500 NEM: WHvCapabilityCodeProcessorClFlushSize = 2^8
00:00:00.808504 NEM: Warning! Unknown capability 0x4 returning: 3f 00 00 00 00 00 00 00 00 00 00 00 00 00 00 00 00 00 00 00 00 00 00 00
00:00:00.808963 NEM: Warning! Unknown capability 0x1003 returning: 1f 38 00 00 00 00 00 00 00 00 00 00 00 00 00 00 00 00 00 00 00 00 00 00
00:00:00.808979 NEM: Warning! Unknown capability 0x1004 returning: f0 89 82 e2 00 00 00 00 00 00 00 00 00 00 00 00 00 00 00 00 00 00 00 00
00:00:00.808985 NEM: Warning! Unknown capability 0x1005 returning: 00 c2 eb 0b 00 00 00 00 00 00 00 00 00 00 00 00 00 00 00 00 00 00 00 00
00:00:00.808990 NEM: Warning! Unknown capability 0x1006 returning: 02 00 00 00 00 00 00 00 bf 9f f3 66 cb 06 00 00 04 00 00 00 00 00 00 00
00:00:00.809743 NEM: Created partition 000002879073adf0. APIC emulation mode: VirtualBox
00:00:00.809765 PGM: Enabling NEM mode
00:00:00.809836 NEM:
00:00:00.809836 NEM: NEMR3Init: Snail execution mode is active!
00:00:00.809836 NEM: Note! VirtualBox is not able to run at its full potential in this execution mode.
00:00:00.809836 NEM:       To see VirtualBox run at max speed you need to disable all Windows features
00:00:00.809837 NEM:       making use of Hyper-V.  That is a moving target, so google how and carefully
00:00:00.809837 NEM:       consider the consequences of disabling these features.
00:00:00.809837 NEM:
00:00:00.809860 CPUM: No hardware-virtualization capability detected
00:00:00.809864 CPUM: fXStateHostMask=0x7; host XCR0=0x7
00:00:00.812234 CPUM: Matched host CPU AMD 0x17/0x8/0x2 AMD_Zen_Ryzen with CPU DB entry 'AMD Ryzen 7 1800X Eight-Core' (AMD 0x17/0x1/0x1 AMD_Zen_Ryzen)
00:00:00.823280 CPUM: MXCSR_MASK=0x2ffff (host: 0x2ffff)
00:00:00.823327 CPUM: Microcode revision 0x08008202
00:00:00.823350 CPUM: MSR fudge: 0x00000017 IA32_PLATFORM_ID
00:00:00.823391 CPUM: MSR fudge: 0x000001a0 IA32_MISC_ENABLE
00:00:00.823408 CPUM: MSR fudge: 0x000002ff IA32_MTRR_DEF_TYPE
00:00:00.823426 CPUM: MSR fudge: 0x0000002c P4_EBC_FREQUENCY_ID
00:00:00.823525 CPUM: Set SSBD not required flag for AMD to work around some buggy Linux kernels!
00:00:00.823529 CPUM: Enabled MTRR read-write support
00:00:00.823535 CPUM: Enabled fixed-range MTRRs and 16 (virtualized) variable-range MTRRs
00:00:00.825361 NEM: HvPartitionPropertyProcessorVendor=0x0 (0)
00:00:00.825385 NEM: cbXSaveArea=832
00:00:00.825404 NEM: Default XSAVE area returned by Hyper-V
00:00:00.825406 000000fbf16fda00/0000: 00 00 00 00 00 00 00 00-00 00 00 00 00 00 00 00 ................
00:00:00.825409 000000fbf16fda10/0010: 00 00 00 00 00 00 00 00-80 1f 00 00 ff ff 02 00 ................
00:00:00.825411 000000fbf16fda20/0020: 00 00 00 00 00 00 00 00-00 00 00 00 00 00 00 00 ................
00:00:00.825413 000000fbf16fda30/0030: 00 00 00 00 00 00 00 00-00 00 00 00 00 00 00 00 ................
00:00:00.825414 000000fbf16fda40/0040: 00 00 00 00 00 00 00 00-00 00 00 00 00 00 00 00 ................
00:00:00.825416 000000fbf16fda50/0050: 00 00 00 00 00 00 00 00-00 00 00 00 00 00 00 00 ................
00:00:00.825418 000000fbf16fda60/0060: 00 00 00 00 00 00 00 00-00 00 00 00 00 00 00 00 ................
00:00:00.825420 000000fbf16fda70/0070: 00 00 00 00 00 00 00 00-00 00 00 00 00 00 00 00 ................
00:00:00.825421 000000fbf16fda80/0080: 00 00 00 00 00 00 00 00-00 00 00 00 00 00 00 00 ................
00:00:00.825423 000000fbf16fda90/0090: 00 00 00 00 00 00 00 00-00 00 00 00 00 00 00 00 ................
00:00:00.825424 000000fbf16fdaa0/00a0: 00 00 00 00 00 00 00 00-00 00 00 00 00 00 00 00 ................
00:00:00.825426 000000fbf16fdab0/00b0: 00 00 00 00 00 00 00 00-00 00 00 00 00 00 00 00 ................
00:00:00.825427 000000fbf16fdac0/00c0: 00 00 00 00 00 00 00 00-00 00 00 00 00 00 00 00 ................
00:00:00.825429 000000fbf16fdad0/00d0: 00 00 00 00 00 00 00 00-00 00 00 00 00 00 00 00 ................
00:00:00.825431 000000fbf16fdae0/00e0: 00 00 00 00 00 00 00 00-00 00 00 00 00 00 00 00 ................
00:00:00.825432 000000fbf16fdaf0/00f0: 00 00 00 00 00 00 00 00-00 00 00 00 00 00 00 00 ................
00:00:00.825434 000000fbf16fdb00/0100: 00 00 00 00 00 00 00 00-00 00 00 00 00 00 00 00 ................
00:00:00.825435 000000fbf16fdb10/0110: 00 00 00 00 00 00 00 00-00 00 00 00 00 00 00 00 ................
00:00:00.825437 000000fbf16fdb20/0120: 00 00 00 00 00 00 00 00-00 00 00 00 00 00 00 00 ................
00:00:00.825438 000000fbf16fdb30/0130: 00 00 00 00 00 00 00 00-00 00 00 00 00 00 00 00 ................
00:00:00.825440 000000fbf16fdb40/0140: 00 00 00 00 00 00 00 00-00 00 00 00 00 00 00 00 ................
00:00:00.825441 000000fbf16fdb50/0150: 00 00 00 00 00 00 00 00-00 00 00 00 00 00 00 00 ................
00:00:00.825443 000000fbf16fdb60/0160: 00 00 00 00 00 00 00 00-00 00 00 00 00 00 00 00 ................
00:00:00.825444 000000fbf16fdb70/0170: 00 00 00 00 00 00 00 00-00 00 00 00 00 00 00 00 ................
00:00:00.825446 000000fbf16fdb80/0180: 00 00 00 00 00 00 00 00-00 00 00 00 00 00 00 00 ................
00:00:00.825448 000000fbf16fdb90/0190: 00 00 00 00 00 00 00 00-00 00 00 00 00 00 00 00 ................
00:00:00.825449 000000fbf16fdba0/01a0: 00 00 00 00 00 00 00 00-00 00 00 00 00 00 00 00 ................
00:00:00.825451 000000fbf16fdbb0/01b0: 00 00 00 00 00 00 00 00-00 00 00 00 00 00 00 00 ................
00:00:00.825452 000000fbf16fdbc0/01c0: 00 00 00 00 00 00 00 00-00 00 00 00 00 00 00 00 ................
00:00:00.825454 000000fbf16fdbd0/01d0: 00 00 00 00 00 00 00 00-00 00 00 00 00 00 00 00 ................
00:00:00.825455 000000fbf16fdbe0/01e0: 00 00 00 00 00 00 00 00-00 00 00 00 00 00 00 00 ................
00:00:00.825457 000000fbf16fdbf0/01f0: 00 00 00 00 00 00 00 00-00 00 00 00 00 00 00 00 ................
00:00:00.825458 000000fbf16fdc00/0200: 02 00 00 00 00 00 00 00-07 00 00 00 00 00 00 80 ................
00:00:00.825460 000000fbf16fdc10/0210: 00 00 00 00 00 00 00 00-00 00 00 00 00 00 00 00 ................
00:00:00.825461 000000fbf16fdc20/0220: 00 00 00 00 00 00 00 00-00 00 00 00 00 00 00 00 ................
00:00:00.825463 000000fbf16fdc30/0230: 00 00 00 00 00 00 00 00-00 00 00 00 00 00 00 00 ................
00:00:00.825464 000000fbf16fdc40/0240: 00 00 00 00 00 00 00 00-00 00 00 00 00 00 00 00 ................
00:00:00.825466 000000fbf16fdc50/0250: 00 00 00 00 00 00 00 00-00 00 00 00 00 00 00 00 ................
00:00:00.825467 000000fbf16fdc60/0260: 00 00 00 00 00 00 00 00-00 00 00 00 00 00 00 00 ................
00:00:00.825469 000000fbf16fdc70/0270: 00 00 00 00 00 00 00 00-00 00 00 00 00 00 00 00 ................
00:00:00.825471 000000fbf16fdc80/0280: 00 00 00 00 00 00 00 00-00 00 00 00 00 00 00 00 ................
00:00:00.825472 000000fbf16fdc90/0290: 00 00 00 00 00 00 00 00-00 00 00 00 00 00 00 00 ................
00:00:00.825474 000000fbf16fdca0/02a0: 00 00 00 00 00 00 00 00-00 00 00 00 00 00 00 00 ................
00:00:00.825475 000000fbf16fdcb0/02b0: 00 00 00 00 00 00 00 00-00 00 00 00 00 00 00 00 ................
00:00:00.825477 000000fbf16fdcc0/02c0: 00 00 00 00 00 00 00 00-00 00 00 00 00 00 00 00 ................
00:00:00.825478 000000fbf16fdcd0/02d0: 00 00 00 00 00 00 00 00-00 00 00 00 00 00 00 00 ................
00:00:00.825480 000000fbf16fdce0/02e0: 00 00 00 00 00 00 00 00-00 00 00 00 00 00 00 00 ................
00:00:00.825481 000000fbf16fdcf0/02f0: 00 00 00 00 00 00 00 00-00 00 00 00 00 00 00 00 ................
00:00:00.825483 000000fbf16fdd00/0300: 00 00 00 00 00 00 00 00-00 00 00 00 00 00 00 00 ................
00:00:00.825484 000000fbf16fdd10/0310: 00 00 00 00 00 00 00 00-00 00 00 00 00 00 00 00 ................
00:00:00.825486 000000fbf16fdd20/0320: 00 00 00 00 00 00 00 00-00 00 00 00 00 00 00 00 ................
00:00:00.825487 000000fbf16fdd30/0330: 00 00 00 00 00 00 00 00-00 00 00 00 00 00 00 00 ................
00:00:00.825498 NEM: Successfully set up partition (device handle 0000000000000a54, partition ID 0x158)
00:00:00.825800 PGM: Host paging mode: AMD64+PGE+NX
00:00:00.825812 PGM: PGMPool: cMaxPages=256 (u64MaxPages=64)
00:00:00.825816 PGM: pgmR3PoolInit: cMaxPages=0x100 cMaxUsers=0x200 cMaxPhysExts=0x200 fCacheEnable=true
00:00:00.844672 SUPLib: MEM_LARGE_PAGES works!
00:00:00.844952 TM: GIP - u32Mode=3 (Invariant) u32UpdateHz=93 u32UpdateIntervalNS=10741500 enmUseTscDelta=2 (Practically Zero) fGetGipCpu=0x2b cCpus=16
00:00:00.844960 TM: GIP - u64CpuHz=3 800 205 671 (0xe2828967)  SUPGetCpuHzFromGip => 3 800 205 671
00:00:00.844966 TM: GIP - CPU: iCpuSet=0x0 idCpu=0x0 idApic=0x0 iGipCpu=0x2 i64TSCDelta=0 enmState=3 u64CpuHz=3800199759(*) cErrors=0
00:00:00.844971 TM: GIP - CPU: iCpuSet=0x1 idCpu=0x1 idApic=0x1 iGipCpu=0x1 i64TSCDelta=0 enmState=3 u64CpuHz=3800206701(*) cErrors=0
00:00:00.844975 TM: GIP - CPU: iCpuSet=0x2 idCpu=0x2 idApic=0x2 iGipCpu=0x7 i64TSCDelta=0 enmState=3 u64CpuHz=3800205164(*) cErrors=0
00:00:00.844979 TM: GIP - CPU: iCpuSet=0x3 idCpu=0x3 idApic=0x3 iGipCpu=0x5 i64TSCDelta=0 enmState=3 u64CpuHz=3800205413(*) cErrors=0
00:00:00.844982 TM: GIP - CPU: iCpuSet=0x4 idCpu=0x4 idApic=0x4 iGipCpu=0x0 i64TSCDelta=0 enmState=3 u64CpuHz=3800205671(*) cErrors=0
00:00:00.844986 TM: GIP - CPU: iCpuSet=0x5 idCpu=0x5 idApic=0x5 iGipCpu=0x6 i64TSCDelta=0 enmState=3 u64CpuHz=3800205515(*) cErrors=0
00:00:00.844990 TM: GIP - CPU: iCpuSet=0x6 idCpu=0x6 idApic=0x6 iGipCpu=0x4 i64TSCDelta=0 enmState=3 u64CpuHz=3800205870(*) cErrors=0
00:00:00.844994 TM: GIP - CPU: iCpuSet=0x7 idCpu=0x7 idApic=0x7 iGipCpu=0x3 i64TSCDelta=0 enmState=3 u64CpuHz=3800204823(*) cErrors=0
00:00:00.844997 TM: GIP - CPU: iCpuSet=0x8 idCpu=0x8 idApic=0x8 iGipCpu=0xa i64TSCDelta=0 enmState=3 u64CpuHz=3800205628(*) cErrors=0
00:00:00.845001 TM: GIP - CPU: iCpuSet=0x9 idCpu=0x9 idApic=0x9 iGipCpu=0x8 i64TSCDelta=0 enmState=3 u64CpuHz=3800205576(*) cErrors=0
00:00:00.845004 TM: GIP - CPU: iCpuSet=0xa idCpu=0xa idApic=0xa iGipCpu=0xd i64TSCDelta=0 enmState=3 u64CpuHz=3800205529(*) cErrors=0
00:00:00.845008 TM: GIP - CPU: iCpuSet=0xb idCpu=0xb idApic=0xb iGipCpu=0xe i64TSCDelta=0 enmState=3 u64CpuHz=3800205671(*) cErrors=0
00:00:00.845011 TM: GIP - CPU: iCpuSet=0xc idCpu=0xc idApic=0xc iGipCpu=0x9 i64TSCDelta=0 enmState=3 u64CpuHz=3800205494(*) cErrors=0
00:00:00.845015 TM: GIP - CPU: iCpuSet=0xd idCpu=0xd idApic=0xd iGipCpu=0xc i64TSCDelta=0 enmState=3 u64CpuHz=3800205648(*) cErrors=0
00:00:00.845018 TM: GIP - CPU: iCpuSet=0xe idCpu=0xe idApic=0xe iGipCpu=0xf i64TSCDelta=0 enmState=3 u64CpuHz=3800206701(*) cErrors=0
00:00:00.845022 TM: GIP - CPU: iCpuSet=0xf idCpu=0xf idApic=0xf iGipCpu=0xb i64TSCDelta=0 enmState=3 u64CpuHz=3800205483(*) cErrors=0
00:00:00.845030 TM: NEM overrides the /TM/TSCModeSwitchAllowed setting.
00:00:00.845041 TM:     cTSCTicksPerSecond=3 800 205 671 (0xe2828967) enmTSCMode=4 (NativeApi) TSCMultiplier=1
00:00:00.845043 TM: cTSCTicksPerSecondHost=3 800 205 671 (0xe2828967)
00:00:00.845044 TM: TSCTiedToExecution=false TSCNotTiedToHalt=false
00:00:00.845777 EMR3Init: fIemExecutesAll=false fGuruOnTripleFault=true
00:00:00.845909 IEM: TargetCpu=CURRENT, Microarch=AMD_Zen_Ryzen aidxTargetCpuEflFlavour={2,0}
00:00:00.846343 GIM: Using provider 'None' (Implementation version: 0)
00:00:00.846356 GCM: Initialized - Fixer bits: 0x0
00:00:00.846417 AIOMgr: Default manager type is 'Async'
00:00:00.846422 AIOMgr: Default file backend is 'NonBuffered'
00:00:00.846466 BlkCache: Cache successfully initialized. Cache size is 5242880 bytes
00:00:00.846471 BlkCache: Cache commit interval is 10000 ms
00:00:00.846474 BlkCache: Cache commit threshold is 2621440 bytes
00:00:01.239080 PcBios: [SMP] BIOS with 1 CPUs
00:00:01.239102 PcBios: Using the 386+ BIOS image.
00:00:01.239508 PcBios: fCheckShutdownStatusForSoftReset=true  fClearShutdownStatusOnHardReset=true
00:00:01.239671 PDM: VirtualBox APIC backend registered
00:00:01.239717 CPUM: SetGuestCpuIdFeature: Enabled xAPIC
00:00:01.240099 PIT: mode=3 count=0x10000 (65536) - 18.20 Hz (ch=0)
00:00:01.240570 VMMDev: cbDefaultBudget: 1 073 741 824 (40000000)
00:00:01.254777 Shared Folders service loaded
00:00:01.264788 Guest Control service loaded
00:00:01.280139 VGA: Using the 386+ BIOS image.
00:00:01.281504 DrvVD: Flushes will be ignored
00:00:01.281518 DrvVD: Async flushes will be passed to the disk
00:00:01.281773 VD: VDInit finished with VINF_SUCCESS
00:00:01.281881 VD: Opening the disk took 351655 ns
00:00:01.281925 PIIX3 ATA: LUN#0: disk, PCHS=65/16/63, total number of sectors 65536
00:00:01.281973 PIIX3 ATA: LUN#1: no unit
00:00:01.282013 PIIX3 ATA: LUN#2: no unit
00:00:01.282019 PIIX3 ATA: LUN#3: no unit
00:00:01.282098 PIIX3 ATA: Ctl#1: finished processing RESET
00:00:01.282153 PIIX3 ATA: Ctl#0: finished processing RESET
00:00:01.301388 Audio Mixer: Setting sink 'SB16 Mixer/PCM Output' -- channel volumes: ba ba ba ba ba ba ba ba ba ba ba ba
00:00:01.338226 WasAPI: Input device is: {Default} (iface 0000028790740ad0)
00:00:01.341385 WasAPI: Output device is: {Default} (iface 0000028790740800)
00:00:01.351340 Audio: Found 10 devices for driver 'WasAPI'
00:00:01.351357 Audio: Device 'Headphones (High Definition Audio Device)':
00:00:01.351358 Audio:   ID              = {0.0.0.00000000}.{12380492-75b7-42bc-b789-0d1d8d1f4e3b}
00:00:01.351358 Audio:   Usage           = output
00:00:01.351359 Audio:   Flags           = DEFAULT_OUT
00:00:01.351359 Audio:   Input channels  = 0
00:00:01.351360 Audio:   Output channels = 2
00:00:01.351363 Audio: Device 'Headphones (High Definition Audio Device)':
00:00:01.351364 Audio:   ID              = {0.0.0.00000000}.{12380492-75b7-42bc-b789-0d1d8d1f4e3b}
00:00:01.351364 Audio:   Usage           = output
00:00:01.351364 Audio:   Flags           = NONE
00:00:01.351364 Audio:   Input channels  = 0
00:00:01.351365 Audio:   Output channels = 2
00:00:01.351368 Audio: Device 'Digital Audio (S/PDIF) (High Definition Audio Device)':
00:00:01.351369 Audio:   ID              = {0.0.0.00000000}.{2ca71d41-bb09-4c97-9aaf-cabbc6fbe5ab}
00:00:01.351369 Audio:   Usage           = output
00:00:01.351369 Audio:   Flags           = NONE
00:00:01.351370 Audio:   Input channels  = 0
00:00:01.351370 Audio:   Output channels = 2
00:00:01.351373 Audio: Device '100012589 (NVIDIA High Definition Audio)':
00:00:01.351373 Audio:   ID              = {0.0.0.00000000}.{3f36c4ff-500a-4cd3-9a35-77b5981f1155}
00:00:01.351374 Audio:   Usage           = output
00:00:01.351374 Audio:   Flags           = NONE
00:00:01.351374 Audio:   Input channels  = 0
00:00:01.351374 Audio:   Output channels = 2
00:00:01.351377 Audio: Device 'Speakers (2- USB Audio CODEC )':
00:00:01.351378 Audio:   ID              = {0.0.0.00000000}.{566bb4ca-cb36-4deb-843b-246f6c5c5982}
00:00:01.351378 Audio:   Usage           = output
00:00:01.351378 Audio:   Flags           = NONE
00:00:01.351378 Audio:   Input channels  = 0
00:00:01.351379 Audio:   Output channels = 2
00:00:01.351388 Audio: Device '100012589 (NVIDIA High Definition Audio)':
00:00:01.351388 Audio:   ID              = {0.0.0.00000000}.{fdb7b4cc-b13a-4c66-ac46-5302e0b66d2f}
00:00:01.351388 Audio:   Usage           = output
00:00:01.351389 Audio:   Flags           = NONE
00:00:01.351389 Audio:   Input channels  = 0
00:00:01.351389 Audio:   Output channels = 2
00:00:01.351394 Audio: Device 'Microphone (2- USB Audio CODEC )':
00:00:01.351394 Audio:   ID              = {0.0.1.00000000}.{2cdb81b1-e1eb-4201-a0a4-fc6057072946}
00:00:01.351395 Audio:   Usage           = input
00:00:01.351395 Audio:   Flags           = DEFAULT_IN
00:00:01.351395 Audio:   Input channels  = 1
00:00:01.351396 Audio:   Output channels = 0
00:00:01.351399 Audio: Device 'Microphone (2- USB Audio CODEC )':
00:00:01.351399 Audio:   ID              = {0.0.1.00000000}.{2cdb81b1-e1eb-4201-a0a4-fc6057072946}
00:00:01.351399 Audio:   Usage           = input
00:00:01.351400 Audio:   Flags           = NONE
00:00:01.351400 Audio:   Input channels  = 1
00:00:01.351400 Audio:   Output channels = 0
00:00:01.351403 Audio: Device 'Microphone (Rocksmith USB Guitar Adapter)':
00:00:01.351403 Audio:   ID              = {0.0.1.00000000}.{74e37aa4-b434-4b56-82c7-3a68e6a50cfb}
00:00:01.351404 Audio:   Usage           = input
00:00:01.351404 Audio:   Flags           = NONE
00:00:01.351404 Audio:   Input channels  = 1
00:00:01.351404 Audio:   Output channels = 0
00:00:01.351407 Audio: Device 'Microphone (NexiGo HD Webcam Audio)':
00:00:01.351407 Audio:   ID              = {0.0.1.00000000}.{8830d0fa-5126-4de0-babf-090349e9c6f6}
00:00:01.351408 Audio:   Usage           = input
00:00:01.351408 Audio:   Flags           = NONE
00:00:01.351408 Audio:   Input channels  = 2
00:00:01.351409 Audio:   Output channels = 0
00:00:01.351824 PGM: The CPU physical address width is 48 bits
00:00:01.351832 PGM: PGMR3InitFinalize: 4 MB PSE mask 0000ffffffffffff -> VINF_SUCCESS
00:00:01.351842 TM: TMR3InitFinalize: fTSCModeSwitchAllowed=false
00:00:01.352600 CPUM: Mapped 1.0MiB (1048576 bytes) of RAM using fixed-range MTRRs
00:00:01.352613 CPUM: Mapped 64.0MiB (67108864 bytes) of RAM using 1 variable-range MTRRs
00:00:01.352724 VMM: Thread-context hooks unavailable
00:00:01.352731 VMM: RTThreadPreemptIsPending() can be trusted
00:00:01.352734 VMM: Kernel preemption is possible
00:00:01.352749 EM: Exit history optimizations: enabled=true enabled-r0=true enabled-r0-no-preemption=false
00:00:01.354585 PcBios: ATA LUN#0 LCHS=65/16/63
00:00:01.354621 APIC: fPostedIntrsEnabled=false fVirtApicRegsEnabled=false fSupportsTscDeadline=false
00:00:01.354628 TMR3UtcNow: nsNow=1 777 232 003 276 403 000 nsPrev=0 -> cNsDelta=1 777 232 003 276 403 000 (offLag=0 offVirtualSync=0 offVirtualSyncGivenUp=0, NowAgain=1 777 232 003 276 403 000)
00:00:01.354738 VMM: fUsePeriodicPreemptionTimers=true
00:00:01.354747 CPUM: Logical host processors: 16 present, 16 max, 16 online, online mask: 000000000000ffff
00:00:01.354748 CPUM: Physical host cores: 8
00:00:01.354749 ************************ CPUID dump *************************
00:00:01.357063          Raw Standard CPUID Leaves
00:00:01.357063      Leaf/sub-leaf  eax      ebx      ecx      edx
00:00:01.357065 Gst: 00000000/0000  0000000d 68747541 444d4163 69746e65
00:00:01.357067 Hst:                0000000d 68747541 444d4163 69746e65
00:00:01.357067 Gst: 00000001/0000  00800f82 00010800 76d83203 178bfbbf
00:00:01.357068 Hst:                00800f82 07100800 fed83203 178bfbff
00:00:01.357069 Gst: 00000002/0000  00000000 00000000 00000000 00000000
00:00:01.357070 Hst:                00000000 00000000 00000000 00000000
00:00:01.357070 Gst: 00000003/0000  00000000 00000000 00000000 00000000
00:00:01.357071 Hst:                00000000 00000000 00000000 00000000
00:00:01.357071 Gst: 00000004/0000  00000000 00000000 00000000 00000000
00:00:01.357072 Hst:                00000000 00000000 00000000 00000000
00:00:01.357073 Gst: 00000005/0000  00000000 00000000 00000000 00000000
00:00:01.357073 Hst:                00000000 00000000 00000000 00000000
00:00:01.357074 Gst: 00000006/0000  00000004 00000000 00000000 00000000
00:00:01.357074 Hst:                00000000 00000000 00000001 00000000
00:00:01.357075 Gst: 00000007/0000  00000000 208c0129 00000000 00000000
00:00:01.357075 Hst:                00000000 209c01a9 00000000 00000000
00:00:01.357076 Gst: 00000007/0001  00000000 00000000 00000000 00000000
00:00:01.357077 Hst:                00000000 00000000 00000000 00000000
00:00:01.357077 Gst: 00000007/0002  00000000 00000000 00000000 00000000
00:00:01.357078 Hst:                00000000 00000000 00000000 00000000
00:00:01.357078 Gst: 00000008/0000  00000000 00000000 00000000 00000000
00:00:01.357079 Hst:                00000000 00000000 00000000 00000000
00:00:01.357079 Gst: 00000009/0000  00000000 00000000 00000000 00000000
00:00:01.357080 Hst:                00000000 00000000 00000000 00000000
00:00:01.357080 Gst: 0000000a/0000  00000000 00000000 00000000 00000000
00:00:01.357081 Hst:                00000000 00000000 00000000 00000000
00:00:01.357081 Gst: 0000000b/0000  00000000 00000000 00000000 00000000
00:00:01.357082 Hst:                00000000 00000000 00000000 00000000
00:00:01.357083 Gst: 0000000c/0000  00000000 00000000 00000000 00000000
00:00:01.357083 Hst:                00000000 00000000 00000000 00000000
00:00:01.357084 Gst: 0000000d/0000  00000007 00000340 00000340 00000000
00:00:01.357084 Hst:                00000007 00000340 00000340 00000000
00:00:01.357085 Gst: 0000000d/0001  00000000 00000340 00000000 00000000
00:00:01.357085 Hst:                0000000f 00000340 00000000 00000000
00:00:01.357086 Gst: 0000000d/0002  00000100 00000240 00000000 00000000
00:00:01.357086 Hst:                00000100 00000240 00000000 00000000
00:00:01.357087 Gst: 0000000d/0003  00000000 00000000 00000000 00000000
00:00:01.357088 Hst:                00000000 00000000 00000000 00000000
00:00:01.357088                                Name: AuthenticAMD
00:00:01.357089                            Supports: 0x00000000-0x0000000d
00:00:01.357090                              Family: 15 	Extended: 8 	Effective: 23
00:00:01.357091                               Model:  8 	Extended: 0 	Effective: 8
00:00:01.357092                            Stepping: 2
00:00:01.357093                                Type: 0 (primary)
00:00:01.357094                             APIC ID: 0x00
00:00:01.357094                        Logical CPUs: 1
00:00:01.357095                        CLFLUSH Size: 8
00:00:01.357096                            Brand ID: 0x00
00:00:01.357096 Features
00:00:01.357097   Mnemonic - Description                                  = Guest (Host)
00:00:01.357098   FPU - x87 FPU on Chip                                   = 1 (1)
00:00:01.357099   VME - Virtual 8086 Mode Enhancements                    = 1 (1)
00:00:01.357100   DE - Debugging extensions                               = 1 (1)
00:00:01.357101   PSE - Page Size Extension                               = 1 (1)
00:00:01.357102   TSC - Time Stamp Counter                                = 1 (1)
00:00:01.357105   MSR - Model Specific Registers                          = 1 (1)
00:00:01.357105   PAE - Physical Address Extension                        = 0 (1)
00:00:01.357106   MCE - Machine Check Exception                           = 1 (1)
00:00:01.357107   CX8 - CMPXCHG8B instruction                             = 1 (1)
00:00:01.357108   APIC - APIC On-Chip                                     = 1 (1)
00:00:01.357109   SEP - SYSENTER and SYSEXIT Present                      = 1 (1)
00:00:01.357110   MTRR - Memory Type Range Registers                      = 1 (1)
00:00:01.357111   PGE - PTE Global Bit                                    = 1 (1)
00:00:01.357111   MCA - Machine Check Architecture                        = 1 (1)
00:00:01.357112   CMOV - Conditional Move instructions                    = 1 (1)
00:00:01.357113   PAT - Page Attribute Table                              = 1 (1)
00:00:01.357114   PSE-36 - 36-bit Page Size Extension                     = 1 (1)
00:00:01.357115   PSN - Processor Serial Number                           = 0 (0)
00:00:01.357115   CLFSH - CLFLUSH instruction                             = 1 (1)
00:00:01.357116   DS - Debug Store                                        = 0 (0)
00:00:01.357117   ACPI - Thermal Mon. & Soft. Clock Ctrl.                 = 0 (0)
00:00:01.357118   MMX - Intel MMX Technology                              = 1 (1)
00:00:01.357119   FXSR - FXSAVE and FXRSTOR instructions                  = 1 (1)
00:00:01.357119   SSE - SSE support                                       = 1 (1)
00:00:01.357120   SSE2 - SSE2 support                                     = 1 (1)
00:00:01.357121   SS - Self Snoop                                         = 0 (0)
00:00:01.357122   HTT - Hyper-Threading Technology                        = 1 (1)
00:00:01.357123   TM - Therm. Monitor                                     = 0 (0)
00:00:01.357124   PBE - Pending Break Enabled                             = 0 (0)
00:00:01.357125   SSE3 - SSE3 support                                     = 1 (1)
00:00:01.357126   PCLMUL - PCLMULQDQ support (for AES-GCM)                = 1 (1)
00:00:01.357126   DTES64 - DS Area 64-bit Layout                          = 0 (0)
00:00:01.357127   MONITOR - MONITOR/MWAIT instructions                    = 0 (0)
00:00:01.357128   CPL-DS - CPL Qualified Debug Store                      = 0 (0)
00:00:01.357129   VMX - Virtual Machine Extensions                        = 0 (0)
00:00:01.357130   SMX - Safer Mode Extensions                             = 0 (0)
00:00:01.357130   EST - Enhanced SpeedStep Technology                     = 0 (0)
00:00:01.357131   TM2 - Terminal Monitor 2                                = 0 (0)
00:00:01.357132   SSSE3 - Supplemental Streaming SIMD Extensions 3        = 1 (1)
00:00:01.357133   CNTX-ID - L1 Context ID                                 = 0 (0)
00:00:01.357133   SDBG - Silicon Debug interface                          = 0 (0)
00:00:01.357134   FMA - Fused Multiply Add extensions                     = 1 (1)
00:00:01.357135   CX16 - CMPXCHG16B instruction                           = 1 (1)
00:00:01.357136   TPRUPDATE - xTPR Update Control                         = 0 (0)
00:00:01.357137   PDCM - Perf/Debug Capability MSR                        = 0 (0)
00:00:01.357137   PCID - Process Context Identifiers                      = 0 (0)
00:00:01.357138   DCA - Direct Cache Access                               = 0 (0)
00:00:01.357139   SSE4_1 - SSE4_1 support                                 = 1 (1)
00:00:01.357140   SSE4_2 - SSE4_2 support                                 = 1 (1)
00:00:01.357141   X2APIC - x2APIC support                                 = 0 (0)
00:00:01.357142   MOVBE - MOVBE instruction                               = 1 (1)
00:00:01.357142   POPCNT - POPCNT instruction                             = 1 (1)
00:00:01.357143   TSCDEADL - Time Stamp Counter Deadline                  = 0 (0)
00:00:01.357144   AES - AES instructions                                  = 1 (1)
00:00:01.357145   XSAVE - XSAVE instruction                               = 1 (1)
00:00:01.357146   OSXSAVE - OSXSAVE instruction                           = 0 (1)
00:00:01.357147   AVX - AVX support                                       = 1 (1)
00:00:01.357147   F16C - 16-bit floating point conversion instructions    = 1 (1)
00:00:01.357148   RDRAND - RDRAND instruction                             = 1 (1)
00:00:01.357149   HVP - Hypervisor Present (we're a guest)                = 0 (1)
00:00:01.357150 Structured Extended Feature Flags Enumeration (leaf 7):
00:00:01.357150 Sub-leaf 0
00:00:01.357150   Mnemonic - Description                                  = Guest (Host)
00:00:01.357151   FSGSBASE - RDFSBASE/RDGSBASE/WRFSBASE/WRGSBASE instr.   = 1 (1)
00:00:01.357152   TSCADJUST - Supports MSR_IA32_TSC_ADJUST                = 0 (0)
00:00:01.357153   SGX - Supports Software Guard Extensions                = 0 (0)
00:00:01.357153   BMI1 - Advanced Bit Manipulation extension 1            = 1 (1)
00:00:01.357154   HLE - Hardware Lock Elision                             = 0 (0)
00:00:01.357155   AVX2 - Advanced Vector Extensions 2                     = 1 (1)
00:00:01.357157   FDP_EXCPTN_ONLY - FPU DP only updated on exceptions     = 0 (0)
00:00:01.357158   SMEP - Supervisor Mode Execution Prevention             = 0 (1)
00:00:01.357158   BMI2 - Advanced Bit Manipulation extension 2            = 1 (1)
00:00:01.357159   ERMS - Enhanced REP MOVSB/STOSB instructions            = 0 (0)
00:00:01.357160   INVPCID - INVPCID instruction                           = 0 (0)
00:00:01.357160   RTM - Restricted Transactional Memory                   = 0 (0)
00:00:01.357161   PQM - Platform Quality of Service Monitoring            = 0 (0)
00:00:01.357162   DEPFPU_CS_DS - Deprecates FPU CS, FPU DS values if set  = 0 (0)
00:00:01.357162   MPE - Intel Memory Protection Extensions                = 0 (0)
00:00:01.357163   PQE - Platform Quality of Service Enforcement           = 0 (0)
00:00:01.357164   AVX512F - AVX512 Foundation instructions                = 0 (0)
00:00:01.357164   AVX512DQ - Supports the AVX512DQ instructions           = 0 (0)
00:00:01.357165   RDSEED - RDSEED instruction                             = 1 (1)
00:00:01.357166   ADX - ADCX/ADOX instructions                            = 1 (1)
00:00:01.357167   SMAP - Supervisor Mode Access Prevention                = 0 (1)
00:00:01.357168   AVX512_IFMA - Supports the AVX512_IFMA instructions     = 0 (0)
00:00:01.357168   CLFLUSHOPT - CLFLUSHOPT (Cache Line Flush) instruction  = 1 (1)
00:00:01.357169   CLWB - CLWB instruction                                 = 0 (0)
00:00:01.357170   INTEL_PT - Intel Processor Trace                        = 0 (0)
00:00:01.357170   AVX512PF - AVX512 Prefetch instructions                 = 0 (0)
00:00:01.357171   AVX512ER - AVX512 Exponential & Reciprocal instructions = 0 (0)
00:00:01.357172   AVX512CD - AVX512 Conflict Detection instructions       = 0 (0)
00:00:01.357172   SHA - Secure Hash Algorithm extensions                  = 1 (1)
00:00:01.357173   AVX512BW - Supports the AVX512BW instructions           = 0 (0)
00:00:01.357174   AVX512VL - Supports the AVX512VL instructions           = 0 (0)
00:00:01.357174   PREFETCHWT1 - PREFETCHWT1 instruction                   = 0 (0)
00:00:01.357175   AVX512_VBMI - Supports the AVX512_VBMI instructions     = 0 (0)
00:00:01.357176   UMIP - User mode insturction prevention                 = 0 (0)
00:00:01.357176   PKU - Protection Key for Usermode pages                 = 0 (0)
00:00:01.357177   OSPKE - CR4.PKU mirror                                  = 0 (0)
00:00:01.357178   WAITPKG - TPAUSE, UMONITOR & UMWAIT support             = 0 (0)
00:00:01.357179   AVX512_VBMI2 - Supports the AVX512_VBMI2 instructions   = 0 (0)
00:00:01.357179   CET_SS - CET shadow stack support                       = 0 (0)
00:00:01.357180   GFNI - Supports the GFNI instruction set                = 0 (0)
00:00:01.357181   VAES - Supports the VEX encoded AES instruction set     = 0 (0)
00:00:01.357181   VPCLMULQDQ - Supports the VPCLMULQDQ instruction        = 0 (0)
00:00:01.357182   AVX512_VNNI - Supports the AVX512_VNNI instructions     = 0 (0)
00:00:01.357183   AVX512_BITALG - Supports the AVX512_BITALG instructions = 0 (0)
00:00:01.357183   TME_EN - Supports 4 IA32_TME_ MSRs                      = 0 (0)
00:00:01.357184   AVX512_VPOPCNTDQ - Supports the AVX512_VPOPCNTDQ instructions = 0 (0)
00:00:01.357185   LA57 - 57-bit linear addresses                          = 0 (0)
00:00:01.357185   MAWAU - Value used by BNDLDX & BNDSTX                   = 0x0 (0x0)
00:00:01.357186   RDPID - Read processor ID support                       = 0 (0)
00:00:01.357187   KEY_LOCKER - Supports Key Locker                        = 0 (0)
00:00:01.357188   BUS_LOCK_DETECT - Supports OS bus-lock detection        = 0 (0)
00:00:01.357189   CLDEMOTE - Supports cache line demote                   = 0 (0)
00:00:01.357189   MOVDIRI - Supports the MOVDIRI instruction              = 0 (0)
00:00:01.357190   MOVDIRI64B - Supports the MOVDIRI64B instruction        = 0 (0)
00:00:01.357191   ENQCMD - Supports the Eqnqueue Stores                   = 0 (0)
00:00:01.357191   SGX_LC - Supports SGX Launch Configuration              = 0 (0)
00:00:01.357192   PKS - Supports protection keys for supervisor pages     = 0 (0)
00:00:01.357193  Sub-leaf 2
00:00:01.357193   Mnemonic - Description                                  = Guest (Host)
00:00:01.357195   PSFD - Supports IA32_SPEC_CTRL[7] (PSFD)                = 0 (0)
00:00:01.357196   IPRED_CTRL - Supports IA32_SPEC_CTRL[4:3] (IPRED_DIS)   = 0 (0)
00:00:01.357196   RRSBA_CTRL - Supports IA32_SPEC_CTRL[6:5] (RRSBA_DIS)   = 0 (0)
00:00:01.357197   DDPD_U - Supports IA32_SPEC_CTRL[8] (DDPD_U)            = 0 (0)
00:00:01.357198   BHI_CTRL - Supports IA32_SPEC_CTRL[10] (BHI_DIS_S)      = 0 (0)
00:00:01.357198   MCDT_NO - No MXCSR Config Dependent Timing issues       = 0 (0)
00:00:01.357199   UC_LOCK_DIS - Supports UC-lock disable and causing #AC  = 0 (0)
00:00:01.357200   MONITOR_MITG_NO - No MONITOR/UMONITOR power issues      = 0 (0)
00:00:01.357200 Processor Extended State Enumeration (leaf 0xd):
00:00:01.357201    XSAVE area cur/max size by XCR0, Guest: 0x340/0x340
00:00:01.357201    XSAVE area cur/max size by XCR0,  Host: 0x340/0x340
00:00:01.357202                    Valid XCR0 bits, Guest: 0x00000000`00000007 ( x87 SSE YMM_Hi128 )
00:00:01.357204                    Valid XCR0 bits,  Host: 0x00000000`00000007 ( x87 SSE YMM_Hi128 )
00:00:01.357205                     XSAVE features, Guest
00:00:01.357206                     XSAVE features,  Host XSAVEOPT XSAVEC XGETBC1 XSAVES
00:00:01.357207       XSAVE area cur size XCR0|XSS, Guest: 0x340
00:00:01.357208       XSAVE area cur size XCR0|XSS,  Host: 0x340
00:00:01.357208                Valid IA32_XSS bits, Guest: 0x00000000`00000000
00:00:01.357209                Valid IA32_XSS bits,  Host: 0x00000000`00000000
00:00:01.357210   State #2, Guest: off=0x0240, cb=0x0100 IA32_XSS-bit -- YMM_Hi128
00:00:01.357211   State #2,  Host:  off=0x0240, cb=0x0100 IA32_XSS-bit -- YMM_Hi128
00:00:01.357216          Raw Hypervisor CPUID Leaves
00:00:01.357217      Leaf/sub-leaf  eax      ebx      ecx      edx
00:00:01.357217 Hst: 40000000/0000  4000000c 7263694d 666f736f 76482074
00:00:01.357218 Hst: 40000001/0000  31237648 00000000 00000000 00000000
00:00:01.357219 Hst: 40000002/0000  00004a61 000a0000 00000007 00001c0d
00:00:01.357220 Hst: 40000003/0000  0000bfff 002bb9ff 00000002 11fffbf2
00:00:01.357220 Hst: 40000004/0000  00042d1c 00000000 00000000 00000000
00:00:01.357221 Hst: 40000005/0000  00000400 00000400 00000c90 00000000
00:00:01.357222 Hst: 40000006/0000  000200ae 00000000 00000000 00000000
00:00:01.357222 Hst: 40000007/0000  80000007 00000003 00000000 00000000
00:00:01.357223 Hst: 40000008/0000  00100001 00000001 0000cccc 00000000
00:00:01.357224 Hst: 40000009/0000  00000000 00000000 00000000 00000000
00:00:01.357224 Hst: 4000000a/0000  00000000 00000000 00000000 00000000
00:00:01.357225 Hst: 4000000b/0000  00000000 00000000 00000000 00000000
00:00:01.357226 Hst: 4000000c/0000  00000000 00000000 00000000 00000000
00:00:01.357227          Raw Extended CPUID Leaves
00:00:01.357227      Leaf/sub-leaf  eax      ebx      ecx      edx
00:00:01.357227 Gst: 80000000/0000  8000001f 68747541 444d4163 69746e65
00:00:01.357228 Hst:                8000001f 68747541 444d4163 69746e65
00:00:01.357229 Gst: 80000001/0000  00800f82 20000000 000001f1 0bc3fb3f
00:00:01.357230 Hst:                00800f82 20000000 004023f3 2fd3fbff
00:00:01.357230 Gst: 80000002/0000  20444d41 657a7952 2037206e 30303732
00:00:01.357231 Hst:                20444d41 657a7952 2037206e 30303732
00:00:01.357232 Gst: 80000003/0000  69452058 2d746867 65726f43 6f725020
00:00:01.357233 Hst:                69452058 2d746867 65726f43 6f725020
00:00:01.357234 Gst: 80000004/0000  73736563 2020726f 20202020 00202020
00:00:01.357234 Hst:                73736563 2020726f 20202020 00202020
00:00:01.357235 Gst: 80000005/0000  ff40ff40 ff40ff40 20080140 40040140
00:00:01.357236 Hst:                ff40ff40 ff40ff40 20080140 40040140
00:00:01.357237 Gst: 80000006/0000  26006400 66006400 02006140 00808140
00:00:01.357237 Hst:                26006400 66006400 02006140 00808140
00:00:01.357238 Gst: 80000007/0000  00000000 00000000 00000000 00000100
00:00:01.357239 Hst:                00000000 0000001b 00000000 00004789
00:00:01.357240 Gst: 80000008/0000  00003030 04000000 00000000 00000000
00:00:01.357240 Hst:                00003030 02000005 0000400f 00000000
00:00:01.357241 Gst: 80000009/0000  00000000 00000000 00000000 00000000
00:00:01.357242 Hst:                00000000 00000000 00000000 00000000
00:00:01.357242 Gst: 8000000a/0000  00000000 00000000 00000000 00000000
00:00:01.357243 Hst:                00000000 00000000 00000000 00000000
00:00:01.357243 Gst: 8000000b/0000  00000000 00000000 00000000 00000000
00:00:01.357244 Hst:                00000000 00000000 00000000 00000000
00:00:01.357244 Gst: 8000000c/0000  00000000 00000000 00000000 00000000
00:00:01.357245 Hst:                00000000 00000000 00000000 00000000
00:00:01.357246 Gst: 8000000d/0000  00000000 00000000 00000000 00000000
00:00:01.357246 Hst:                00000000 00000000 00000000 00000000
00:00:01.357247 Gst: 8000000e/0000  00000000 00000000 00000000 00000000
00:00:01.357247 Hst:                00000000 00000000 00000000 00000000
00:00:01.357248 Gst: 8000000f/0000  00000000 00000000 00000000 00000000
00:00:01.357249 Hst:                00000000 00000000 00000000 00000000
00:00:01.357249 Gst: 80000010/0000  00000000 00000000 00000000 00000000
00:00:01.357250 Hst:                00000000 00000000 00000000 00000000
00:00:01.357250 Gst: 80000011/0000  00000000 00000000 00000000 00000000
00:00:01.357251 Hst:                00000000 00000000 00000000 00000000
00:00:01.357251 Gst: 80000012/0000  00000000 00000000 00000000 00000000
00:00:01.357252 Hst:                00000000 00000000 00000000 00000000
00:00:01.357253 Gst: 80000013/0000  00000000 00000000 00000000 00000000
00:00:01.357253 Hst:                00000000 00000000 00000000 00000000
00:00:01.357254 Gst: 80000014/0000  00000000 00000000 00000000 00000000
00:00:01.357254 Hst:                00000000 00000000 00000000 00000000
00:00:01.357255 Gst: 80000015/0000  00000000 00000000 00000000 00000000
00:00:01.357256 Hst:                00000000 00000000 00000000 00000000
00:00:01.357256 Gst: 80000016/0000  00000000 00000000 00000000 00000000
00:00:01.357257 Hst:                00000000 00000000 00000000 00000000
00:00:01.357257 Gst: 80000017/0000  00000000 00000000 00000000 00000000
00:00:01.357258 Hst:                00000000 00000000 00000000 00000000
00:00:01.357258 Gst: 80000018/0000  00000000 00000000 00000000 00000000
00:00:01.357259 Hst:                00000000 00000000 00000000 00000000
00:00:01.357260 Gst: 80000019/0000  00000000 00000000 00000000 00000000
00:00:01.357260 Hst:                00000000 00000000 00000000 00000000
00:00:01.357261 Gst: 8000001a/0000  00000003 00000000 00000000 00000000
00:00:01.357261 Hst:                00000003 00000000 00000000 00000000
00:00:01.357262 Gst: 8000001b/0000  00000000 00000000 00000000 00000000
00:00:01.357263 Hst:                00000000 00000000 00000000 00000000
00:00:01.357263 Gst: 8000001c/0000  00000000 00000000 00000000 00000000
00:00:01.357264 Hst:                00000000 00000000 00000000 00000000
00:00:01.357264 Gst: 8000001d/0000  00000121 01c0003f 0000003f 00000000
00:00:01.357265 Hst:                00004121 01c0003f 0000003f 00000000
00:00:01.357266 Gst: 8000001d/0001  00000122 00c0003f 000000ff 00000000
00:00:01.357266 Hst:                00004122 00c0003f 000000ff 00000000
00:00:01.357267 Gst: 8000001d/0002  00000143 01c0003f 000003ff 00000002
00:00:01.357268 Hst:                00004143 01c0003f 000003ff 00000002
00:00:01.357268 Gst: 8000001d/0003  00000163 03c0003f 00001fff 00000001
00:00:01.357269 Hst:                0001c163 03c0003f 00001fff 00000001
00:00:01.357270 Gst: 8000001d/0004  00000000 00000000 00000000 00000000
00:00:01.357270 Hst:                00000000 00000000 00000000 00000000
00:00:01.357271 Gst: 8000001e/0000  00000000 00000000 00000000 00000000
00:00:01.357272 Hst:                00000007 00000103 00000000 00000000
00:00:01.357272 Gst: 8000001f/0000  00000000 00000000 00000000 00000000
00:00:01.357273 Hst:                00000000 00000000 00000000 00000000
00:00:01.357273 Ext Name:                        AuthenticAMD
00:00:01.357274 Ext Supports:                    0x80000000-0x8000001f
00:00:01.357274 Family:                          15  	Extended: 8 	Effective: 23
00:00:01.357275 Model:                           8  	Extended: 0 	Effective: 8
00:00:01.357276 Stepping:                        2
00:00:01.357276 Brand ID:                        0x000
00:00:01.357276 Ext Features
00:00:01.357276   Mnemonic - Description                                  = Guest (Host)
00:00:01.357278   FPU - x87 FPU on Chip                                   = 1 (1)
00:00:01.357278   VME - Virtual 8086 Mode Enhancements                    = 1 (1)
00:00:01.357279   DE - Debugging extensions                               = 1 (1)
00:00:01.357280   PSE - Page Size Extension                               = 1 (1)
00:00:01.357281   TSC - Time Stamp Counter                                = 1 (1)
00:00:01.357282   MSR - K86 Model Specific Registers                      = 1 (1)
00:00:01.357283   PAE - Physical Address Extension                        = 0 (1)
00:00:01.357283   MCE - Machine Check Exception                           = 0 (1)
00:00:01.357284   CX8 - CMPXCHG8B instruction                             = 1 (1)
00:00:01.357285   APIC - APIC On-Chip                                     = 1 (1)
00:00:01.357286   SEP - SYSCALL/SYSRET                                    = 1 (1)
00:00:01.357287   MTRR - Memory Type Range Registers                      = 1 (1)
00:00:01.357287   PGE - PTE Global Bit                                    = 1 (1)
00:00:01.357288   MCA - Machine Check Architecture                        = 1 (1)
00:00:01.357289   CMOV - Conditional Move instructions                    = 1 (1)
00:00:01.357290   PAT - Page Attribute Table                              = 1 (1)
00:00:01.357291   PSE-36 - 36-bit Page Size Extension                     = 1 (1)
00:00:01.357291   NX - No-Execute/Execute-Disable                         = 0 (1)
00:00:01.357292   AXMMX - AMD Extensions to MMX instructions              = 1 (1)
00:00:01.357293   MMX - Intel MMX Technology                              = 1 (1)
00:00:01.357294   FXSR - FXSAVE and FXRSTOR Instructions                  = 1 (1)
00:00:01.357294   FFXSR - AMD fast FXSAVE and FXRSTOR instructions        = 1 (1)
00:00:01.357295   Page1GB - 1 GB large page                               = 0 (1)
00:00:01.357296   RDTSCP - RDTSCP instruction                             = 1 (1)
00:00:01.357297   LM - AMD64 Long Mode                                    = 0 (1)
00:00:01.357299   3DNOWEXT - AMD Extensions to 3DNow                      = 0 (0)
00:00:01.357300   3DNOW - AMD 3DNow                                       = 0 (0)
00:00:01.357301   LahfSahf - LAHF/SAHF support in 64-bit mode             = 1 (1)
00:00:01.357302   CmpLegacy - Core multi-processing legacy mode           = 0 (1)
00:00:01.357302   SVM - AMD Secure Virtual Machine extensions             = 0 (0)
00:00:01.357303   EXTAPIC - AMD Extended APIC registers                   = 0 (0)
00:00:01.357304   CR8L - AMD LOCK MOV CR0 means MOV CR8                   = 1 (1)
00:00:01.357304   ABM - AMD Advanced Bit Manipulation                     = 1 (1)
00:00:01.357305   SSE4A - SSE4A instructions                              = 1 (1)
00:00:01.357306   MISALIGNSSE - AMD Misaligned SSE mode                   = 1 (1)
00:00:01.357307   3DNOWPRF - AMD PREFETCH and PREFETCHW instructions      = 1 (1)
00:00:01.357307   OSVW - AMD OS Visible Workaround                        = 0 (1)
00:00:01.357308   IBS - Instruct Based Sampling                           = 0 (0)
00:00:01.357309   XOP - Extended Operation support                        = 0 (0)
00:00:01.357310   SKINIT - SKINIT, STGI, and DEV support                  = 0 (0)
00:00:01.357310   WDT - AMD Watchdog Timer support                        = 0 (1)
00:00:01.357311   LWP - Lightweight Profiling support                     = 0 (0)
00:00:01.357312   FMA4 - Four operand FMA instruction support             = 0 (0)
00:00:01.357313   TCE - Translation Cache Extension support               = 0 (0)
00:00:01.357313   NodeId - NodeId in MSR C001_100C                        = 0 (0)
00:00:01.357314   TBM - Trailing Bit Manipulation instructions            = 0 (0)
00:00:01.357315   TOPOEXT - Topology Extensions                           = 0 (1)
00:00:01.357316   PRFEXTCORE - Performance Counter Extensions support     = 0 (0)
00:00:01.357316   PRFEXTNB - NB Performance Counter Extensions support    = 0 (0)
00:00:01.357317   DATABPEXT - Data-access Breakpoint Extension            = 0 (0)
00:00:01.357317   PERFTSC - Performance Time Stamp Counter                = 0 (0)
00:00:01.357318   PCX_L2I - L2I/L3 Performance Counter Extensions         = 0 (0)
00:00:01.357319   MONITORX - MWAITX and MONITORX instructions             = 0 (0)
00:00:01.357319   AddrMaskExt - BP Addressing masking extended to bit 31  = 0 (0)
00:00:01.357320 Full Name:                       "AMD Ryzen 7 2700X Eight-Core Processor         "
00:00:01.357321 TLB 2/4M Instr/Uni:              fully  64 entries
00:00:01.357321 TLB 2/4M Data:                   fully  64 entries
00:00:01.357322 TLB 4K Instr/Uni:                fully  64 entries
00:00:01.357322 TLB 4K Data:                     fully  64 entries
00:00:01.357323 L1 Instr Cache Line Size:        64 bytes
00:00:01.357323 L1 Instr Cache Lines Per Tag:    1
00:00:01.357324 L1 Instr Cache Associativity:    4 way
00:00:01.357324 L1 Instr Cache Size:             64 KB
00:00:01.357324 L1 Data Cache Line Size:         64 bytes
00:00:01.357325 L1 Data Cache Lines Per Tag:     1
00:00:01.357325 L1 Data Cache Associativity:     8 way
00:00:01.357325 L1 Data Cache Size:              32 KB
00:00:01.357326 L2 TLB 2/4M Instr/Uni:           8 way  1024 entries
00:00:01.357326 L2 TLB 2/4M Data:                2 way  1536 entries
00:00:01.357327 L2 TLB 4K Instr/Uni:             8 way  1024 entries
00:00:01.357327 L2 TLB 4K Data:                  8 way  1536 entries
00:00:01.357327 L2 Cache Line Size:              64 bytes
00:00:01.357328 L2 Cache Lines Per Tag:          1
00:00:01.357328 L2 Cache Associativity:          8 way 
00:00:01.357328 L2 Cache Size:                   512 KB
00:00:01.357330 L3 Cache Line Size:              64 bytes
00:00:01.357330 L3 Cache Lines Per Tag:          1
00:00:01.357331 L3 Cache Associativity:          16 way
00:00:01.357331 L3 Cache Size:                   16384 KB
00:00:01.357331 APM Features EDX
00:00:01.357332   Mnemonic - Description                                  = Guest (Host)
00:00:01.357334   TS - Temperature Sensor                                 = 0 (1)
00:00:01.357335   FID - Frequency ID control                              = 0 (0)
00:00:01.357336   VID - Voltage ID control                                = 0 (0)
00:00:01.357336   TTP - Thermal Trip                                      = 0 (1)
00:00:01.357337   TM - Hardware Thermal Control (HTC)                     = 0 (0)
00:00:01.357338   100MHzSteps - 100 MHz Multiplier control                = 0 (0)
00:00:01.357339   HwPstate - Hardware P-state control                     = 0 (1)
00:00:01.357340   TscInvariant - Invariant Time Stamp Counter             = 1 (1)
00:00:01.357340   CPB - Core Performance Boost                            = 0 (1)
00:00:01.357341   EffFreqRO - Read-only Effective Frequency Interface     = 0 (1)
00:00:01.357342   ProcFdbkIf - Processor Feedback Interface               = 0 (0)
00:00:01.357342   ProcPwrRep - Core power reporting interface support     = 0 (0)
00:00:01.357343   ConnectedStandby - Connected Standby                    = 0 (0)
00:00:01.357344   RAPL - Running average power limit                      = 0 (1)
00:00:01.357345 Ext Features ext IDs EBX
00:00:01.357345   Mnemonic - Description                                  = Guest (Host)
00:00:01.357346   CLZERO - Clear zero instruction (cacheline)             = 0 (1)
00:00:01.357347   IRPerf - Instructions retired count support             = 0 (0)
00:00:01.357347   XSaveErPtr - Save/restore error pointers (FXSAVE/RSTOR) = 0 (1)
00:00:01.357348   INVLPGB - INVLPGB and TLBSYNC instructions              = 0 (0)
00:00:01.357349   RDPRU - RDPRU instruction                               = 0 (0)
00:00:01.357349   BE - Bandwidth Enforcement extension                    = 0 (0)
00:00:01.357350   MCOMMIT - MCOMMIT instruction                           = 0 (0)
00:00:01.357351   WBNOINVD - WBNOINVD instruction                         = 0 (0)
00:00:01.357352   IBPB - Supports the IBPB command in IA32_PRED_CMD       = 0 (0)
00:00:01.357352   INT_WBINVD - WBINVD/WBNOINVD interruptible              = 0 (0)
00:00:01.357353   IBRS - Indirect Branch Restricted Speculation           = 0 (0)
00:00:01.357354   STIBP - Single Thread Indirect Branch Prediction        = 0 (0)
00:00:01.357354   IbrsAlwaysOn - Processor prefers that IBRS be left on   = 0 (0)
00:00:01.357355   StibpAlwaysOn - Processor prefers that STIBP be left on = 0 (0)
00:00:01.357355   IbrsPreferred - IBRS preferred over software solution   = 0 (0)
00:00:01.357356   IbrsSameMode - IBRS limits same mode speculation        = 0 (0)
00:00:01.357357   EferLmsleUnsupported - EFER.LMSLE is unsupported        = 0 (0)
00:00:01.357357   INVLPGBnestedPages - INVLPGB for nested translation     = 0 (0)
00:00:01.357358   PPIN - Protected processor inventory number             = 0 (0)
00:00:01.357359   SSBD - Speculative Store Bypass Disable                 = 0 (0)
00:00:01.357359   SsbdVirtSpecCtrl - Use VIRT_SPEC_CTL for SSBD           = 0 (1)
00:00:01.357360   SsbdNotRequired - SSBD not needed on this processor     = 1 (0)
00:00:01.357361   CPPC - Collaborative Processor Performance Control      = 0 (0)
00:00:01.357361   PSFD - Predictive Store Forward Disable                 = 0 (0)
00:00:01.357362   BTC_NO - Unaffected by branch type confusion            = 0 (0)
00:00:01.357363   IBPB_RET - Clears RA predictor when PRED_CMD.IBPB set   = 0 (0)
00:00:01.357363 Physical Address Width:          48 bits
00:00:01.357363 Virtual Address Width:           48 bits
00:00:01.357364 Guest Physical Address Width:    48 bits (0)
00:00:01.357364 Physical Core Count:             1
00:00:01.357364 APIC ID size:                    1 (0x1)
00:00:01.357365 Performance TSC size:            40 bits
00:00:01.357365 Max page count for INVLPGB:      0x3030
00:00:01.357366 Max ECX for RDPRU:               0x0
00:00:01.357368 ********************* End of CPUID dump *********************
00:00:01.357425 VMEmt: Halt method global1 (5)
00:00:01.357519 VMEmt: HaltedGlobal1 config: cNsSpinBlockThresholdCfg=50000
00:00:01.357528 Changing the VM state from 'CREATING' to 'CREATED'
00:00:01.358455 NAT: DNS settings changed, triggering update
00:00:01.358465 NAT DNS Update: Stored 1263225675 as nameserver #0
00:00:01.358469 NAT DNS Update: Stored 1280068427 as nameserver #1
00:00:01.358472 NAT DNS Update: Stored 2 total nameservers
00:00:01.358749 Changing the VM state from 'CREATED' to 'POWERING_ON'
00:00:01.359160 Changing the VM state from 'POWERING_ON' to 'RUNNING'
00:00:01.359172 Console: Machine state changed to 'Running'
00:00:01.360958 VMMDev: Guest Log: BIOS: VirtualBox 7.2.6
00:00:01.361171 PCI: Setting up resources and interrupts
00:00:01.361332 PIT: mode=2 count=0x10000 (65536) - 18.20 Hz (ch=0)
00:00:01.381792 Display::i_handleDisplayResize: uScreenId=0 pvVRAM=0000000000000000 w=720 h=400 bpp=0 cbLine=0x0 flags=0x0 origin=0,0
00:00:01.382277 VMMDev: Guest Log: CPUID EDX: 0x178bfbbf
00:00:01.382394 PIIX3 ATA: Ctl#0: RESET, DevSel=0 AIOIf=0 CmdIf0=0x00 (-1 usec ago) CmdIf1=0x00 (-1 usec ago)
00:00:01.382517 PIIX3 ATA: Ctl#0: finished processing RESET
00:00:01.382910 VMMDev: Guest Log: BIOS: ata0-0: PCHS=65/16/63 LCHS=65/16/63
00:00:01.421157 PIT: mode=2 count=0x48d3 (18643) - 64.00 Hz (ch=0)
00:00:01.427181 Display::i_handleDisplayResize: uScreenId=0 pvVRAM=0000028798400000 w=640 h=480 bpp=32 cbLine=0xA00 flags=0x0 origin=0,0
00:00:01.458835 VBoxHeadless: starting event loop
00:00:03.896026 PIT: mode=2 count=0x10000 (65536) - 18.20 Hz (ch=0)
00:00:03.896251 VMMDev: Guest Log: BIOS: Boot : bseqnr=1, bootseq=0002
00:00:03.896530 VMMDev: Guest Log: BIOS: Booting from Hard Disk...
00:00:03.897164 Display::i_handleDisplayResize: uScreenId=0 pvVRAM=0000000000000000 w=720 h=400 bpp=0 cbLine=0x0 flags=0x0 origin=0,0
00:00:03.913156 WasAPI: Looking up or creating cache entry (caching is set to enabled, iface 0000028790740800, async init)
00:00:03.913243 Audio: Warning: Scheduling hint of stream '[WasAPI] Output:0' is bigger (1000ms) than used period size (0ms)
00:00:03.913342 Audio Mixer: Setting sink 'SB16 Mixer/PCM Output' -- channel volumes: ba ba ba ba ba ba ba ba ba ba ba ba
00:00:03.917698 Display::i_handleDisplayResize: uScreenId=0 pvVRAM=0000028798400000 w=640 h=400 bpp=0 cbLine=0x140 flags=0x0 origin=0,0
