00:00:00.432081 VirtualBox VM 7.2.6 r172322 win.amd64 (Jan 15 2026 18:08:50) release log
00:00:00.432083 Log opened 2026-04-17T19:46:47.065024400Z
00:00:00.432084 Build Type: release
00:00:00.432086 OS Product: Windows 10
00:00:00.432301 OS Release: 10.0.19045.7184
00:00:00.432302 OS Service Pack: 
00:00:00.566004 DMI Product Name: System Product Name
00:00:00.569690 DMI Product Version: System Version
00:00:00.569703 Firmware type: UEFI
00:00:00.570089 Secure Boot: Enabled
00:00:00.570098 Host RAM: 32692MB (31.9GB) total, 22238MB (21.7GB) available
00:00:00.570102 Executable: C:\Program Files\Oracle\VirtualBox\VBoxHeadless.exe
00:00:00.570102 Process ID: 5008
00:00:00.570103 Package type: WINDOWS_64BITS_GENERIC
00:00:00.570104 Windows Features:
00:00:00.570104   Core Isolation (Memory Integrity): DISABLED
00:00:00.571028 Installed Extension Packs:
00:00:00.571042   None installed!
00:00:00.571804 Console: Machine state changed to 'Starting'
00:00:00.662634 SUP: seg #0: R   0x00000000 LB 0x00001000
00:00:00.662649 SUP: seg #1: R X 0x00001000 LB 0x00204000
00:00:00.662653 SUP: seg #2: R   0x00205000 LB 0x00053000
00:00:00.662657 SUP: seg #3: RW  0x00258000 LB 0x00013000
00:00:00.662661 SUP: seg #4: R   0x0026b000 LB 0x00013000
00:00:00.662664 SUP: seg #5: RW  0x0027e000 LB 0x00004000
00:00:00.662667 SUP: seg #6: R   0x00282000 LB 0x00007000
00:00:00.662670 SUP: seg #7: R X 0x00289000 LB 0x00002000
00:00:00.662673 SUP: seg #8: R   0x0028b000 LB 0x00007000
00:00:00.666183 SUP: Loaded VMMR0.r0 (C:\Program Files\Oracle\VirtualBox/VMMR0.r0) at 0xXXXXXXXXXXXXXXXX - ModuleInit at XXXXXXXXXXXXXXXX and ModuleTerm at XXXXXXXXXXXXXXXX using the native ring-0 loader
00:00:00.666220 SUP: VMMR0EntryEx located at XXXXXXXXXXXXXXXX and VMMR0EntryFast at XXXXXXXXXXXXXXXX
00:00:00.666224 SUP: windbg> .reload /f C:\Program Files\Oracle\VirtualBox/VMMR0.r0=0xXXXXXXXXXXXXXXXX
00:00:00.669841 Guest architecture: x86
00:00:00.669887 Guest OS type: 'Other'
00:00:00.670503 fHMForced=true - No raw-mode support in this build!
00:00:00.670514 Using execution engine 1
00:00:00.673010 File system of 'C:\Users\RhythmicCarnage\Desktop\CyberStorm\build\cyberstorm.vfd' (Floppy) is ntfs
00:00:00.803507 Shared Clipboard: Initialized OLE
00:00:00.803564 Shared Clipboard: Service loaded
00:00:00.803577 Shared Clipboard: Mode: Off
00:00:00.803627 Shared Clipboard: Service running in headless mode
00:00:00.820655 Drag and drop service loaded
00:00:00.820669 Drag and drop mode: Off
00:00:00.821766 Audio: Detected default audio driver type is 'HostAudioWas'
00:00:00.914210 ************************* CFGM dump *************************
00:00:00.914228 [/] (level 0)
00:00:00.914229   CpuExecutionCap   <integer> = 0x0000000000000064 (100)
00:00:00.914231   EnablePAE         <integer> = 0x0000000000000000 (0)
00:00:00.914232   HMEnabled         <integer> = 0x0000000000000001 (1)
00:00:00.914233   MemBalloonSize    <integer> = 0x0000000000000000 (0, 0 B)
00:00:00.914237   Name              <string>  = "CyberStorm" (cb=11)
00:00:00.914238   NumCPUs           <integer> = 0x0000000000000001 (1)
00:00:00.914239   PageFusionAllowed <integer> = 0x0000000000000000 (0)
00:00:00.914239   RamHoleSize       <integer> = 0x0000000020000000 (536 870 912, 512.0 MiB)
00:00:00.914241   RamSize           <integer> = 0x0000000002000000 (33 554 432, 32.0 MiB)
00:00:00.914242   TimerMillies      <integer> = 0x000000000000000a (10)
00:00:00.914243   UUID              <bytes>   = "c5 7d 5f f0 9e bc 34 40 a5 7c 11 21 b6 e1 51 08" (cb=16)
00:00:00.914245 
00:00:00.914246 [/CPUM/] (level 1)
00:00:00.914247   Enable64bit        <integer> = 0x0000000000000000 (0)
00:00:00.914248   GuestCpuName       <string>  = "host" (cb=5)
00:00:00.914248   NestedHWVirt       <integer> = 0x0000000000000000 (0)
00:00:00.914249   PortableCpuIdLevel <integer> = 0x0000000000000000 (0)
00:00:00.914250   SpecCtrl           <integer> = 0x0000000000000000 (0)
00:00:00.914250 
00:00:00.914250 [/CPUM/IsaExts/] (level 2)
00:00:00.914251 
00:00:00.914252 [/DBGC/] (level 1)
00:00:00.914252   GlobalInitScript <string>  = "C:\Users\RhythmicCarnage\.VirtualBox/dbgc-init" (cb=47)
00:00:00.914253   HistoryFile      <string>  = "C:\Users\RhythmicCarnage\.VirtualBox/dbgc-history" (cb=50)
00:00:00.914254   LocalInitScript  <string>  = "C:\Users\RhythmicCarnage\Desktop\CyberStorm\deploy\virtualbox\CyberStorm/dbgc-init" (cb=83)
00:00:00.914254 
00:00:00.914255 [/DBGF/] (level 1)
00:00:00.914255   Path <string>  = "C:\Users\RhythmicCarnage\Desktop\CyberStorm\deploy\virtualbox\CyberStorm/debug/;C:\Users\RhythmicCarnage\Desktop\CyberStorm\deploy\virtualbox\CyberStorm/;cache*C:\Users\RhythmicCarnage\Desktop\CyberStorm\deploy\virtualbox\CyberStorm/dbgcache/;C:\Users\RhythmicCarnage\" (cb=269)
00:00:00.914256 
00:00:00.914256 [/Devices/] (level 1)
00:00:00.914257 
00:00:00.914257 [/Devices/3c501/] (level 2)
00:00:00.914258 
00:00:00.914258 [/Devices/8237A/] (level 2)
00:00:00.914259 
00:00:00.914259 [/Devices/8237A/0/] (level 3)
00:00:00.914260   Trusted <integer> = 0x0000000000000001 (1)
00:00:00.914261 
00:00:00.914261 [/Devices/VMMDev/] (level 2)
00:00:00.914262 
00:00:00.914262 [/Devices/VMMDev/0/] (level 3)
00:00:00.914263   PCIBusNo      <integer> = 0x0000000000000000 (0)
00:00:00.914264   PCIDeviceNo   <integer> = 0x0000000000000004 (4)
00:00:00.914265   PCIFunctionNo <integer> = 0x0000000000000000 (0)
00:00:00.914265   Trusted       <integer> = 0x0000000000000001 (1)
00:00:00.914266 
00:00:00.914266 [/Devices/VMMDev/0/Config/] (level 4)
00:00:00.914267   GuestCoreDumpDir <string>  = "C:\Users\RhythmicCarnage\Desktop\CyberStorm\deploy\virtualbox\CyberStorm\Snapshots" (cb=83)
00:00:00.914268 
00:00:00.914268 [/Devices/VMMDev/0/LUN#0/] (level 4)
00:00:00.914269   Driver <string>  = "HGCM" (cb=5)
00:00:00.914270 
00:00:00.914270 [/Devices/VMMDev/0/LUN#0/Config/] (level 5)
00:00:00.914271 
00:00:00.914271 [/Devices/VMMDev/0/LUN#999/] (level 4)
00:00:00.914272   Driver <string>  = "MainStatus" (cb=11)
00:00:00.914273 
00:00:00.914273 [/Devices/VMMDev/0/LUN#999/Config/] (level 5)
00:00:00.914274   First                <integer> = 0x0000000000000000 (0)
00:00:00.914275   HasMediumAttachments <integer> = 0x0000000000000000 (0)
00:00:00.914276   Last                 <integer> = 0x0000000000000000 (0)
00:00:00.914277   iLedSet              <integer> = 0x0000000000000003 (3)
00:00:00.914278 
00:00:00.914278 [/Devices/acpi/] (level 2)
00:00:00.914279 
00:00:00.914279 [/Devices/acpi/0/] (level 3)
00:00:00.914280   PCIBusNo      <integer> = 0x0000000000000000 (0)
00:00:00.914280   PCIDeviceNo   <integer> = 0x0000000000000007 (7)
00:00:00.914281   PCIFunctionNo <integer> = 0x0000000000000000 (0)
00:00:00.914282   Trusted       <integer> = 0x0000000000000001 (1)
00:00:00.914282 
00:00:00.914282 [/Devices/acpi/0/Config/] (level 4)
00:00:00.914284   CpuHotPlug          <integer> = 0x0000000000000000 (0)
00:00:00.914284   FdcEnabled          <integer> = 0x0000000000000001 (1)
00:00:00.914285   HostBusPciAddress   <integer> = 0x0000000000000000 (0)
00:00:00.914286   HpetEnabled         <integer> = 0x0000000000000000 (0)
00:00:00.914286   IOAPIC              <integer> = 0x0000000000000000 (0)
00:00:00.914287   IocPciAddress       <integer> = 0x0000000000010000 (65 536)
00:00:00.914288   NumCPUs             <integer> = 0x0000000000000001 (1)
00:00:00.914289   Parallel0IoPortBase <integer> = 0x0000000000000000 (0)
00:00:00.914289   Parallel0Irq        <integer> = 0x0000000000000000 (0)
00:00:00.914290   Parallel1IoPortBase <integer> = 0x0000000000000000 (0)
00:00:00.914291   Parallel1Irq        <integer> = 0x0000000000000000 (0)
00:00:00.914291   Serial0IoPortBase   <integer> = 0x0000000000000000 (0)
00:00:00.914292   Serial0Irq          <integer> = 0x0000000000000000 (0)
00:00:00.914293   Serial1IoPortBase   <integer> = 0x0000000000000000 (0)
00:00:00.914293   Serial1Irq          <integer> = 0x0000000000000000 (0)
00:00:00.914294   ShowCpu             <integer> = 0x0000000000000000 (0)
00:00:00.914295   ShowRtc             <integer> = 0x0000000000000000 (0)
00:00:00.914296   SmcEnabled          <integer> = 0x0000000000000000 (0)
00:00:00.914296 
00:00:00.914296 [/Devices/acpi/0/LUN#0/] (level 4)
00:00:00.914297   Driver <string>  = "ACPIHost" (cb=9)
00:00:00.914298 
00:00:00.914298 [/Devices/acpi/0/LUN#0/Config/] (level 5)
00:00:00.914299 
00:00:00.914300 [/Devices/apic/] (level 2)
00:00:00.914300 
00:00:00.914301 [/Devices/apic/0/] (level 3)
00:00:00.914302   Trusted <integer> = 0x0000000000000001 (1)
00:00:00.914302 
00:00:00.914302 [/Devices/apic/0/Config/] (level 4)
00:00:00.914303   IOAPIC  <integer> = 0x0000000000000000 (0)
00:00:00.914304   Mode    <integer> = 0x0000000000000002 (2)
00:00:00.914305   NumCPUs <integer> = 0x0000000000000001 (1)
00:00:00.914305 
00:00:00.914306 [/Devices/dp8390/] (level 2)
00:00:00.914306 
00:00:00.914307 [/Devices/e1000/] (level 2)
00:00:00.914307 
00:00:00.914308 [/Devices/i82078/] (level 2)
00:00:00.914308 
00:00:00.914308 [/Devices/i82078/0/] (level 3)
00:00:00.914309   Trusted <integer> = 0x0000000000000001 (1)
00:00:00.914310 
00:00:00.914310 [/Devices/i82078/0/Config/] (level 4)
00:00:00.914311   DMA       <integer> = 0x0000000000000002 (2)
00:00:00.914312   IOBase    <integer> = 0x00000000000003f0 (1 008)
00:00:00.914313   IRQ       <integer> = 0x0000000000000006 (6)
00:00:00.914313   MemMapped <integer> = 0x0000000000000000 (0)
00:00:00.914314 
00:00:00.914314 [/Devices/i82078/0/LUN#0/] (level 4)
00:00:00.914315   Driver <string>  = "VD" (cb=3)
00:00:00.914316 
00:00:00.914316 [/Devices/i82078/0/LUN#0/Config/] (level 5)
00:00:00.914317   Format        <string>  = "RAW" (cb=4)
00:00:00.914318   MaybeReadOnly <integer> = 0x0000000000000001 (1)
00:00:00.914319   Mountable     <integer> = 0x0000000000000001 (1)
00:00:00.914319   Path          <string>  = "C:\Users\RhythmicCarnage\Desktop\CyberStorm\build\cyberstorm.vfd" (cb=65)
00:00:00.914320   Type          <string>  = "Floppy 1.44" (cb=12)
00:00:00.914321 
00:00:00.914321 [/Devices/i82078/0/LUN#999/] (level 4)
00:00:00.914322   Driver <string>  = "MainStatus" (cb=11)
00:00:00.914323 
00:00:00.914323 [/Devices/i82078/0/LUN#999/Config/] (level 5)
00:00:00.914324   DeviceInstance       <string>  = "i82078/0" (cb=9)
00:00:00.914325   First                <integer> = 0x0000000000000000 (0)
00:00:00.914326   HasMediumAttachments <integer> = 0x0000000000000001 (1)
00:00:00.914326   Last                 <integer> = 0x0000000000000001 (1)
00:00:00.914327   iLedSet              <integer> = 0x0000000000000001 (1)
00:00:00.914328 
00:00:00.914328 [/Devices/i8254/] (level 2)
00:00:00.914329 
00:00:00.914329 [/Devices/i8254/0/] (level 3)
00:00:00.914330 
00:00:00.914331 [/Devices/i8254/0/Config/] (level 4)
00:00:00.914331 
00:00:00.914332 [/Devices/i8259/] (level 2)
00:00:00.914332 
00:00:00.914333 [/Devices/i8259/0/] (level 3)
00:00:00.914334   Trusted <integer> = 0x0000000000000001 (1)
00:00:00.914334 
00:00:00.914334 [/Devices/i8259/0/Config/] (level 4)
00:00:00.914335 
00:00:00.914336 [/Devices/mc146818/] (level 2)
00:00:00.914336 
00:00:00.914337 [/Devices/mc146818/0/] (level 3)
00:00:00.914337 
00:00:00.914338 [/Devices/mc146818/0/Config/] (level 4)
00:00:00.914339   UseUTC <integer> = 0x0000000000000000 (0)
00:00:00.914339 
00:00:00.914339 [/Devices/parallel/] (level 2)
00:00:00.914340 
00:00:00.914340 [/Devices/pcarch/] (level 2)
00:00:00.914341 
00:00:00.914341 [/Devices/pcarch/0/] (level 3)
00:00:00.914342   Trusted <integer> = 0x0000000000000001 (1)
00:00:00.914343 
00:00:00.914343 [/Devices/pcarch/0/Config/] (level 4)
00:00:00.914344 
00:00:00.914344 [/Devices/pcbios/] (level 2)
00:00:00.914345 
00:00:00.914345 [/Devices/pcbios/0/] (level 3)
00:00:00.914346   Trusted <integer> = 0x0000000000000001 (1)
00:00:00.914347 
00:00:00.914347 [/Devices/pcbios/0/Config/] (level 4)
00:00:00.914348   APIC            <integer> = 0x0000000000000001 (1)
00:00:00.914349   BootDevice0     <string>  = "FLOPPY" (cb=7)
00:00:00.914349   BootDevice1     <string>  = "NONE" (cb=5)
00:00:00.914350   BootDevice2     <string>  = "NONE" (cb=5)
00:00:00.914351   BootDevice3     <string>  = "NONE" (cb=5)
00:00:00.914351   DmiSystemSerial <string>  = "VirtualBox-<DmiSystemUuid>" (cb=27)
00:00:00.914352   FloppyDevice    <string>  = "i82078" (cb=7)
00:00:00.914352   HardDiskDevice  <string>  = "piix3ide" (cb=9)
00:00:00.914353   IOAPIC          <integer> = 0x0000000000000000 (0)
00:00:00.914354   McfgBase        <integer> = 0x0000000000000000 (0)
00:00:00.914354   McfgLength      <integer> = 0x0000000000000000 (0)
00:00:00.914355   NumCPUs         <integer> = 0x0000000000000001 (1)
00:00:00.914356   PXEDebug        <integer> = 0x0000000000000000 (0)
00:00:00.914356   UUID            <bytes>   = "c5 7d 5f f0 9e bc 34 40 a5 7c 11 21 b6 e1 51 08" (cb=16)
00:00:00.914359   UuidLe          <integer> = 0x0000000000000001 (1)
00:00:00.914359 
00:00:00.914359 [/Devices/pcbios/0/Config/NetBoot/] (level 5)
00:00:00.914361 
00:00:00.914361 [/Devices/pcbios/0/Config/NetBoot/0/] (level 6)
00:00:00.914362   NIC           <integer> = 0x0000000000000000 (0)
00:00:00.914363   PCIBusNo      <integer> = 0x0000000000000000 (0)
00:00:00.914364   PCIDeviceNo   <integer> = 0x0000000000000003 (3)
00:00:00.914364   PCIFunctionNo <integer> = 0x0000000000000000 (0)
00:00:00.914365 
00:00:00.914365 [/Devices/pci/] (level 2)
00:00:00.914366 
00:00:00.914366 [/Devices/pci/0/] (level 3)
00:00:00.914367   Trusted <integer> = 0x0000000000000001 (1)
00:00:00.914367 
00:00:00.914368 [/Devices/pci/0/Config/] (level 4)
00:00:00.914369   IOAPIC <integer> = 0x0000000000000000 (0)
00:00:00.914369 
00:00:00.914369 [/Devices/pcibridge/] (level 2)
00:00:00.914370 
00:00:00.914370 [/Devices/pckbd/] (level 2)
00:00:00.914371 
00:00:00.914371 [/Devices/pckbd/0/] (level 3)
00:00:00.914372   Trusted <integer> = 0x0000000000000001 (1)
00:00:00.914373 
00:00:00.914373 [/Devices/pckbd/0/Config/] (level 4)
00:00:00.914374 
00:00:00.914374 [/Devices/pckbd/0/LUN#0/] (level 4)
00:00:00.914375   Driver <string>  = "KeyboardQueue" (cb=14)
00:00:00.914376 
00:00:00.914376 [/Devices/pckbd/0/LUN#0/AttachedDriver/] (level 5)
00:00:00.914377   Driver <string>  = "MainKeyboard" (cb=13)
00:00:00.914377 
00:00:00.914378 [/Devices/pckbd/0/LUN#0/Config/] (level 5)
00:00:00.914379   QueueSize <integer> = 0x0000000000000040 (64, 64 B)
00:00:00.914380 
00:00:00.914380 [/Devices/pckbd/0/LUN#1/] (level 4)
00:00:00.914381   Driver <string>  = "MouseQueue" (cb=11)
00:00:00.914381 
00:00:00.914382 [/Devices/pckbd/0/LUN#1/AttachedDriver/] (level 5)
00:00:00.914383   Driver <string>  = "MainMouse" (cb=10)
00:00:00.914383 
00:00:00.914383 [/Devices/pckbd/0/LUN#1/Config/] (level 5)
00:00:00.914385   QueueSize <integer> = 0x0000000000000080 (128, 128 B)
00:00:00.914385 
00:00:00.914386 [/Devices/pcnet/] (level 2)
00:00:00.914386 
00:00:00.914387 [/Devices/pcnet/0/] (level 3)
00:00:00.914388   PCIBusNo      <integer> = 0x0000000000000000 (0)
00:00:00.914388   PCIDeviceNo   <integer> = 0x0000000000000003 (3)
00:00:00.914389   PCIFunctionNo <integer> = 0x0000000000000000 (0)
00:00:00.914389   Trusted       <integer> = 0x0000000000000001 (1)
00:00:00.914390 
00:00:00.914390 [/Devices/pcnet/0/Config/] (level 4)
00:00:00.914391   CableConnected <integer> = 0x0000000000000001 (1)
00:00:00.914392   ChipType       <string>  = "Am79C973" (cb=9)
00:00:00.914393   LineSpeed      <integer> = 0x0000000000000000 (0)
00:00:00.914393   MAC            <bytes>   = "08 00 27 7b e5 e8" (cb=6)
00:00:00.914395 
00:00:00.914395 [/Devices/pcnet/0/LUN#0/] (level 4)
00:00:00.914396   Driver <string>  = "NAT" (cb=4)
00:00:00.914396 
00:00:00.914396 [/Devices/pcnet/0/LUN#0/Config/] (level 5)
00:00:00.914398   AliasMode          <integer> = 0x0000000000000000 (0)
00:00:00.914398   DNSProxy           <integer> = 0x0000000000000000 (0)
00:00:00.914399   EnableTFTP         <integer> = 0x0000000000000000 (0)
00:00:00.914400   ForwardBroadcast   <integer> = 0x0000000000000000 (0)
00:00:00.914401   LocalhostReachable <integer> = 0x0000000000000001 (1)
00:00:00.914401   Network            <string>  = "10.0.2.0/24" (cb=12)
00:00:00.914402   PassDomain         <integer> = 0x0000000000000001 (1)
00:00:00.914403   UseHostResolver    <integer> = 0x0000000000000000 (0)
00:00:00.914403 
00:00:00.914403 [/Devices/pcnet/0/LUN#999/] (level 4)
00:00:00.914404   Driver <string>  = "MainStatus" (cb=11)
00:00:00.914405 
00:00:00.914405 [/Devices/pcnet/0/LUN#999/Config/] (level 5)
00:00:00.914406   First                <integer> = 0x0000000000000000 (0)
00:00:00.914407   HasMediumAttachments <integer> = 0x0000000000000000 (0)
00:00:00.914408   Last                 <integer> = 0x0000000000000000 (0)
00:00:00.914408   iLedSet              <integer> = 0x0000000000000002 (2)
00:00:00.914409 
00:00:00.914409 [/Devices/sb16/] (level 2)
00:00:00.914410 
00:00:00.914410 [/Devices/sb16/0/] (level 3)
00:00:00.914411   Trusted <integer> = 0x0000000000000001 (1)
00:00:00.914412 
00:00:00.914412 [/Devices/sb16/0/AudioConfig/] (level 4)
00:00:00.914413 
00:00:00.914413 [/Devices/sb16/0/Config/] (level 4)
00:00:00.914414   DMA          <integer> = 0x0000000000000001 (1)
00:00:00.914415   DMA16        <integer> = 0x0000000000000005 (5)
00:00:00.914416   DebugEnabled <integer> = 0x0000000000000000 (0)
00:00:00.914416   IRQ          <integer> = 0x0000000000000005 (5)
00:00:00.914417   Port         <integer> = 0x0000000000000220 (544)
00:00:00.914418   Version      <integer> = 0x0000000000000405 (1 029)
00:00:00.914419 
00:00:00.914419 [/Devices/sb16/0/LUN#0/] (level 4)
00:00:00.914420   Driver <string>  = "AUDIO" (cb=6)
00:00:00.914420 
00:00:00.914421 [/Devices/sb16/0/LUN#0/AttachedDriver/] (level 5)
00:00:00.914422   Driver <string>  = "HostAudioWas" (cb=13)
00:00:00.914422 
00:00:00.914422 [/Devices/sb16/0/LUN#0/AttachedDriver/Config/] (level 6)
00:00:00.914424   VmName <string>  = "CyberStorm" (cb=11)
00:00:00.914424   VmUuid <string>  = "f05f7dc5-bc9e-4034-a57c-1121b6e15108" (cb=37)
00:00:00.914425 
00:00:00.914425 [/Devices/sb16/0/LUN#0/Config/] (level 5)
00:00:00.914426   DriverName    <string>  = "HostAudioWas" (cb=13)
00:00:00.914427   InputEnabled  <integer> = 0x0000000000000000 (0)
00:00:00.914427   OutputEnabled <integer> = 0x0000000000000001 (1)
00:00:00.914428 
00:00:00.914428 [/Devices/sb16/0/LUN#1/] (level 4)
00:00:00.914429   Driver <string>  = "AUDIO" (cb=6)
00:00:00.914429 
00:00:00.914430 [/Devices/sb16/0/LUN#2/] (level 4)
00:00:00.914431   Driver <string>  = "AUDIO" (cb=6)
00:00:00.914431 
00:00:00.914431 [/Devices/serial/] (level 2)
00:00:00.914432 
00:00:00.914432 [/Devices/vga/] (level 2)
00:00:00.914433 
00:00:00.914433 [/Devices/vga/0/] (level 3)
00:00:00.914434   PCIBusNo      <integer> = 0x0000000000000000 (0)
00:00:00.914435   PCIDeviceNo   <integer> = 0x0000000000000002 (2)
00:00:00.914435   PCIFunctionNo <integer> = 0x0000000000000000 (0)
00:00:00.914436   Trusted       <integer> = 0x0000000000000001 (1)
00:00:00.914437 
00:00:00.914437 [/Devices/vga/0/Config/] (level 4)
00:00:00.914438   3DEnabled        <integer> = 0x0000000000000000 (0)
00:00:00.914439   CustomVideoModes <integer> = 0x0000000000000000 (0)
00:00:00.914439   FadeIn           <integer> = 0x0000000000000001 (1)
00:00:00.914440   FadeOut          <integer> = 0x0000000000000001 (1)
00:00:00.914441   HeightReduction  <integer> = 0x0000000000000000 (0)
00:00:00.914441   LogoFile         <string>  = "" (cb=1)
00:00:00.914442   LogoTime         <integer> = 0x0000000000000000 (0)
00:00:00.914443   MonitorCount     <integer> = 0x0000000000000001 (1)
00:00:00.914443   ShowBootMenu     <integer> = 0x0000000000000002 (2)
00:00:00.914444   VRamSize         <integer> = 0x0000000000800000 (8 388 608, 8.0 MiB)
00:00:00.914445 
00:00:00.914445 [/Devices/vga/0/LUN#0/] (level 4)
00:00:00.914446   Driver <string>  = "MainDisplay" (cb=12)
00:00:00.914447 
00:00:00.914447 [/Devices/vga/0/LUN#0/Config/] (level 5)
00:00:00.914448 
00:00:00.914448 [/Devices/vga/0/LUN#999/] (level 4)
00:00:00.914449   Driver <string>  = "MainStatus" (cb=11)
00:00:00.914450 
00:00:00.914450 [/Devices/vga/0/LUN#999/Config/] (level 5)
00:00:00.914451   First                <integer> = 0x0000000000000000 (0)
00:00:00.914452   HasMediumAttachments <integer> = 0x0000000000000000 (0)
00:00:00.914452   Last                 <integer> = 0x0000000000000000 (0)
00:00:00.914453   iLedSet              <integer> = 0x0000000000000000 (0)
00:00:00.914454 
00:00:00.914454 [/Devices/virtio-net/] (level 2)
00:00:00.914455 
00:00:00.914455 [/EM/] (level 1)
00:00:00.914456   TripleFaultReset <integer> = 0x0000000000000000 (0)
00:00:00.914456 
00:00:00.914457 [/GCM/] (level 1)
00:00:00.914457 
00:00:00.914457 [/GIM/] (level 1)
00:00:00.914458   Provider <string>  = "None" (cb=5)
00:00:00.914459 
00:00:00.914459 [/HM/] (level 1)
00:00:00.914460   64bitEnabled        <integer> = 0x0000000000000000 (0)
00:00:00.914461   EnableLargePages    <integer> = 0x0000000000000001 (1)
00:00:00.914461   EnableNestedPaging  <integer> = 0x0000000000000001 (1)
00:00:00.914462   EnableUX            <integer> = 0x0000000000000001 (1)
00:00:00.914463   EnableVPID          <integer> = 0x0000000000000001 (1)
00:00:00.914463   Exclusive           <integer> = 0x0000000000000000 (0)
00:00:00.914464   HMForced            <integer> = 0x0000000000000001 (1)
00:00:00.914465   IBPBOnVMEntry       <integer> = 0x0000000000000000 (0)
00:00:00.914465   IBPBOnVMExit        <integer> = 0x0000000000000000 (0)
00:00:00.914466   L1DFlushOnSched     <integer> = 0x0000000000000001 (1)
00:00:00.914467   L1DFlushOnVMEntry   <integer> = 0x0000000000000000 (0)
00:00:00.914467   MDSClearOnSched     <integer> = 0x0000000000000001 (1)
00:00:00.914468   MDSClearOnVMEntry   <integer> = 0x0000000000000000 (0)
00:00:00.914468   SpecCtrlByHost      <integer> = 0x0000000000000000 (0)
00:00:00.914469   SvmVirtVmsaveVmload <integer> = 0x0000000000000000 (0)
00:00:00.914470   UseNEMInstead       <integer> = 0x0000000000000000 (0)
00:00:00.914470 
00:00:00.914471 [/MM/] (level 1)
00:00:00.914471   CanUseLargerHeap <integer> = 0x0000000000000000 (0)
00:00:00.914472 
00:00:00.914472 [/NEM/] (level 1)
00:00:00.914473   Allow64BitGuests  <integer> = 0x0000000000000000 (0)
00:00:00.914473   IBPBOnVMEntry     <integer> = 0x0000000000000000 (0)
00:00:00.914474   IBPBOnVMExit      <integer> = 0x0000000000000000 (0)
00:00:00.914475   L1DFlushOnSched   <integer> = 0x0000000000000001 (1)
00:00:00.914475   L1DFlushOnVMEntry <integer> = 0x0000000000000000 (0)
00:00:00.914476   MDSClearOnSched   <integer> = 0x0000000000000001 (1)
00:00:00.914476   MDSClearOnVMEntry <integer> = 0x0000000000000000 (0)
00:00:00.914477 
00:00:00.914477 [/PDM/] (level 1)
00:00:00.914478 
00:00:00.914478 [/PDM/AsyncCompletion/] (level 2)
00:00:00.914479 
00:00:00.914479 [/PDM/AsyncCompletion/File/] (level 3)
00:00:00.914480 
00:00:00.914480 [/PDM/AsyncCompletion/File/BwGroups/] (level 4)
00:00:00.914481 
00:00:00.914481 [/PDM/BlkCache/] (level 2)
00:00:00.914482   CacheSize <integer> = 0x0000000000500000 (5 242 880, 5.0 MiB)
00:00:00.914483 
00:00:00.914483 [/PDM/Devices/] (level 2)
00:00:00.914484 
00:00:00.914484 [/PDM/Drivers/] (level 2)
00:00:00.914485 
00:00:00.914485 [/PDM/Drivers/VBoxC/] (level 3)
00:00:00.914486   Path <string>  = "VBoxC" (cb=6)
00:00:00.914486 
00:00:00.914486 [/PDM/NetworkShaper/] (level 2)
00:00:00.914487 
00:00:00.914487 [/PDM/NetworkShaper/BwGroups/] (level 3)
00:00:00.914488 
00:00:00.914488 [/TM/] (level 1)
00:00:00.914489   UTCOffset <integer> = 0x0000000000000000 (0)
00:00:00.914490 
00:00:00.914490 ********************* End of CFGM dump **********************
00:00:00.914586 HM: HMR3Init: Attempting fall back to NEM: AMD-V is not available
00:00:00.985963 NEM:  info: Found optional import WinHvPlatform.dll!WHvQueryGpaRangeDirtyBitmap.
00:00:00.985978 NEM:  info: Found optional import WinHvPlatform.dll!WHvResumePartitionTime.
00:00:00.985982 NEM:  info: Found optional import WinHvPlatform.dll!WHvSuspendPartitionTime.
00:00:00.985986 NEM:  info: Found optional import WinHvPlatform.dll!WHvRequestInterrupt.
00:00:00.985994 NEM:  info: Found optional import WinHvPlatform.dll!WHvGetVirtualProcessorXsaveState.
00:00:00.985999 NEM:  info: Found optional import WinHvPlatform.dll!WHvSetVirtualProcessorXsaveState.
00:00:00.986003 NEM:  info: Failed to import WinHvPlatform.dll!WHvGetVirtualProcessorState: VERR_SYMBOL_NOT_FOUND
00:00:00.986031 NEM:  info: Failed to import WinHvPlatform.dll!WHvSetVirtualProcessorState: VERR_SYMBOL_NOT_FOUND
00:00:00.986036 NEM:  info: Found optional import WinHvPlatform.dll!WHvGetVirtualProcessorInterruptControllerState.
00:00:00.986039 NEM:  info: Found optional import WinHvPlatform.dll!WHvSetVirtualProcessorInterruptControllerState.
00:00:00.986042 NEM:  info: Found optional import WinHvPlatform.dll!WHvGetVirtualProcessorInterruptControllerState2.
00:00:00.986046 NEM:  info: Found optional import WinHvPlatform.dll!WHvSetVirtualProcessorInterruptControllerState2.
00:00:00.986050 NEM:  info: Found optional import vid.dll!VidGetHvPartitionId.
00:00:00.986054 NEM:  info: Found optional import vid.dll!VidGetPartitionProperty.
00:00:00.986115 NEM: WHvCapabilityCodeHypervisorPresent is TRUE, so this might work...
00:00:00.986120 NEM: WHvCapabilityCodeExtendedVmExits      = 0x00000000000003ff
00:00:00.986124 NEM:                           X64CpuidExit: 1
00:00:00.986128 NEM:                             X64MsrExit: 1
00:00:00.986131 NEM:                          ExceptionExit: 1
00:00:00.986135 NEM:                           X64RdtscExit: 1
00:00:00.986138 NEM:                     X64ApicSmiExitTrap: 1
00:00:00.986141 NEM:                          HypercallExit: 1
00:00:00.986144 NEM:                X64ApicInitSipiExitTrap: 1
00:00:00.986147 NEM:              X64ApicWriteLint0ExitTrap: 1
00:00:00.986150 NEM:              X64ApicWriteLint1ExitTrap: 1
00:00:00.986153 NEM:                X64ApicWriteSvrExitTrap: 1
00:00:00.986156 NEM:                 UnknownSynicConnection: 0
00:00:00.986159 NEM:              RetargetUnknownVpciDevice: 0
00:00:00.986162 NEM:                X64ApicWriteLdrExitTrap: 0
00:00:00.986165 NEM:                X64ApicWriteDfrExitTrap: 0
00:00:00.986168 NEM:                     GpaAccessFaultExit: 0
00:00:00.986172 NEM: WHvCapabilityCodeFeatures             = 0x000000000000007f
00:00:00.986183 NEM:                           PartialUnmap: 1
00:00:00.986186 NEM:                     LocalApicEmulation: 1
00:00:00.986194 NEM:                                  Xsave: 1
00:00:00.986197 NEM:                      DirtyPageTracking: 1
00:00:00.986200 NEM:                     SpeculationControl: 1
00:00:00.986203 NEM:                         ApicRemoteRead: 1
00:00:00.986206 NEM:                            IdleSuspend: 1
00:00:00.986210 NEM:                VirtualPciDeviceSupport: 0
00:00:00.986213 NEM:                           IommuSupport: 0
00:00:00.986216 NEM:                         VpHotAddRemove: 0
00:00:00.986223 NEM: Supported xsave features: 0x381f
00:00:00.986226 NEM:                           XsaveSupport: 1
00:00:00.986229 NEM:                        XsaveoptSupport: 1
00:00:00.986233 NEM:                             AvxSupport: 1
00:00:00.986236 NEM:                            Avx2Support: 1
00:00:00.986239 NEM:                             FmaSupport: 1
00:00:00.986242 NEM:                             MpxSupport: 0
00:00:00.986245 NEM:                          Avx512Support: 0
00:00:00.986249 NEM:                        Avx512DQSupport: 0
00:00:00.986252 NEM:                        Avx512BWSupport: 0
00:00:00.986255 NEM:                        Avx512VLSupport: 0
00:00:00.986258 NEM:                       XsaveCompSupport: 1
00:00:00.986261 NEM:                 XsaveSupervisorSupport: 1
00:00:00.986264 NEM:                            Xcr1Support: 1
00:00:00.986267 NEM:                    Avx512BitalgSupport: 0
00:00:00.986270 NEM:                      Avx512IfmaSupport: 0
00:00:00.986273 NEM:                      Avx512VBmiSupport: 0
00:00:00.986277 NEM:                     Avx512VBmi2Support: 0
00:00:00.986280 NEM:                      Avx512VnniSupport: 0
00:00:00.986284 NEM:                            GfniSupport: 0
00:00:00.986289 NEM:                            VaesSupport: 0
00:00:00.986292 NEM:                 Avx512VPopcntdqSupport: 0
00:00:00.986295 NEM:                      VpclmulqdqSupport: 0
00:00:00.986298 NEM:                      Avx512Bf16Support: 0
00:00:00.986301 NEM:              Avx512Vp2IntersectSupport: 0
00:00:00.986304 NEM:                      Avx512Fp16Support: 0
00:00:00.986307 NEM:                             XfdSupport: 0
00:00:00.986310 NEM:                         AmxTileSupport: 0
00:00:00.986314 NEM:                         AmxBf16Support: 0
00:00:00.986317 NEM:                         AmxInt8Support: 0
00:00:00.986320 NEM:                         AvxVnniSupport: 0
00:00:00.986323 NEM: Supported exception exit bitmap: 0xf7dfb
00:00:00.986329 NEM: WHvCapabilityCodeProcessorVendor      = 0 - AMD
00:00:00.986336 NEM: WHvCapabilityCodeProcessorFeatures    = 0x000006cb66f39fbf
00:00:00.986339 NEM:                            Sse3Support: 1
00:00:00.986342 NEM:                        LahfSahfSupport: 1
00:00:00.986346 NEM:                           Ssse3Support: 1
00:00:00.986349 NEM:                          Sse4_1Support: 1
00:00:00.986357 NEM:                          Sse4_2Support: 1
00:00:00.986360 NEM:                           Sse4aSupport: 1
00:00:00.986364 NEM:                             XopSupport: 0
00:00:00.986367 NEM:                          PopCntSupport: 1
00:00:00.986370 NEM:                      Cmpxchg16bSupport: 1
00:00:00.986373 NEM:                       Altmovcr8Support: 1
00:00:00.986376 NEM:                           LzcntSupport: 1
00:00:00.986379 NEM:                     MisAlignSseSupport: 1
00:00:00.986382 NEM:                          MmxExtSupport: 1
00:00:00.986385 NEM:                        Amd3DNowSupport: 0
00:00:00.986388 NEM:                ExtendedAmd3DNowSupport: 0
00:00:00.986391 NEM:                         Page1GbSupport: 1
00:00:00.986395 NEM:                             AesSupport: 1
00:00:00.986398 NEM:                       PclmulqdqSupport: 1
00:00:00.986401 NEM:                            PcidSupport: 0
00:00:00.986404 NEM:                            Fma4Support: 0
00:00:00.986407 NEM:                            F16CSupport: 1
00:00:00.986410 NEM:                          RdRandSupport: 1
00:00:00.986413 NEM:                        RdWrFsGsSupport: 1
00:00:00.986417 NEM:                            SmepSupport: 1
00:00:00.986420 NEM:              EnhancedFastStringSupport: 0
00:00:00.986423 NEM:                            Bmi1Support: 1
00:00:00.986426 NEM:                            Bmi2Support: 1
00:00:00.986429 NEM:                              Reserved1: 0
00:00:00.986432 NEM:                           MovbeSupport: 1
00:00:00.986435 NEM:                          Npiep1Support: 1
00:00:00.986438 NEM:                   DepX87FPUSaveSupport: 0
00:00:00.986441 NEM:                          RdSeedSupport: 1
00:00:00.986444 NEM:                             AdxSupport: 1
00:00:00.986448 NEM:                   IntelPrefetchSupport: 0
00:00:00.986451 NEM:                            SmapSupport: 1
00:00:00.986454 NEM:                             HleSupport: 0
00:00:00.986457 NEM:                             RtmSupport: 0
00:00:00.986460 NEM:                          RdtscpSupport: 1
00:00:00.986463 NEM:                      ClflushoptSupport: 1
00:00:00.986466 NEM:                            ClwbSupport: 0
00:00:00.986469 NEM:                             ShaSupport: 1
00:00:00.986472 NEM:                X87PointersSavedSupport: 1
00:00:00.986475 NEM:                         InvpcidSupport: 0
00:00:00.986479 NEM:                            IbrsSupport: 0
00:00:00.986482 NEM:                           StibpSupport: 0
00:00:00.986485 NEM:                            IbpbSupport: 0
00:00:00.986488 NEM:                              Reserved2: 0
00:00:00.986491 NEM:                            SsbdSupport: 0
00:00:00.986494 NEM:                 FastShortRepMovSupport: 0
00:00:00.986499 NEM:                              Reserved3: 0
00:00:00.986503 NEM:                                 RdclNo: 0
00:00:00.986506 NEM:                         IbrsAllSupport: 0
00:00:00.986509 NEM:                              Reserved4: 0
00:00:00.986512 NEM:                                  SsbNo: 0
00:00:00.986516 NEM:                                 RsbANo: 0
00:00:00.986519 NEM:                              Reserved5: 0
00:00:00.986522 NEM:                           RdPidSupport: 0
00:00:00.986526 NEM:                            UmipSupport: 0
00:00:00.986529 NEM:                           MdsNoSupport: 0
00:00:00.986532 NEM:                         MdClearSupport: 0
00:00:00.986535 NEM:                           TaaNoSupport: 0
00:00:00.986538 NEM:                         TsxCtrlSupport: 0
00:00:00.986542 NEM:                              Reserved6: 0
00:00:00.986548 NEM: WHvCapabilityCodeProcessorClFlushSize = 2^8
00:00:00.986552 NEM: Warning! Unknown capability 0x4 returning: 3f 00 00 00 00 00 00 00 00 00 00 00 00 00 00 00 00 00 00 00 00 00 00 00
00:00:00.986987 NEM: Warning! Unknown capability 0x1003 returning: 1f 38 00 00 00 00 00 00 00 00 00 00 00 00 00 00 00 00 00 00 00 00 00 00
00:00:00.987002 NEM: Warning! Unknown capability 0x1004 returning: f0 89 82 e2 00 00 00 00 00 00 00 00 00 00 00 00 00 00 00 00 00 00 00 00
00:00:00.987007 NEM: Warning! Unknown capability 0x1005 returning: 00 c2 eb 0b 00 00 00 00 00 00 00 00 00 00 00 00 00 00 00 00 00 00 00 00
00:00:00.987012 NEM: Warning! Unknown capability 0x1006 returning: 02 00 00 00 00 00 00 00 bf 9f f3 66 cb 06 00 00 04 00 00 00 00 00 00 00
00:00:00.987765 NEM: Created partition 000001b3183456d0. APIC emulation mode: VirtualBox
00:00:00.987816 PGM: Enabling NEM mode
00:00:00.987890 NEM:
00:00:00.987891 NEM: NEMR3Init: Snail execution mode is active!
00:00:00.987891 NEM: Note! VirtualBox is not able to run at its full potential in this execution mode.
00:00:00.987891 NEM:       To see VirtualBox run at max speed you need to disable all Windows features
00:00:00.987891 NEM:       making use of Hyper-V.  That is a moving target, so google how and carefully
00:00:00.987891 NEM:       consider the consequences of disabling these features.
00:00:00.987891 NEM:
00:00:00.987923 CPUM: No hardware-virtualization capability detected
00:00:00.987927 CPUM: fXStateHostMask=0x7; host XCR0=0x7
00:00:00.990400 CPUM: Matched host CPU AMD 0x17/0x8/0x2 AMD_Zen_Ryzen with CPU DB entry 'AMD Ryzen 7 1800X Eight-Core' (AMD 0x17/0x1/0x1 AMD_Zen_Ryzen)
00:00:01.003041 CPUM: MXCSR_MASK=0x2ffff (host: 0x2ffff)
00:00:01.003088 CPUM: Microcode revision 0x08008202
00:00:01.003126 CPUM: MSR fudge: 0x00000017 IA32_PLATFORM_ID
00:00:01.003170 CPUM: MSR fudge: 0x000001a0 IA32_MISC_ENABLE
00:00:01.003188 CPUM: MSR fudge: 0x000002ff IA32_MTRR_DEF_TYPE
00:00:01.003206 CPUM: MSR fudge: 0x0000002c P4_EBC_FREQUENCY_ID
00:00:01.003309 CPUM: Set SSBD not required flag for AMD to work around some buggy Linux kernels!
00:00:01.003313 CPUM: Enabled MTRR read-write support
00:00:01.003322 CPUM: Enabled fixed-range MTRRs and 16 (virtualized) variable-range MTRRs
00:00:01.015815 NEM: HvPartitionPropertyProcessorVendor=0x0 (0)
00:00:01.015861 NEM: cbXSaveArea=832
00:00:01.015884 NEM: Default XSAVE area returned by Hyper-V
00:00:01.015887 00000037040fd4e0/0000: 00 00 00 00 00 00 00 00-00 00 00 00 00 00 00 00 ................
00:00:01.015890 00000037040fd4f0/0010: 00 00 00 00 00 00 00 00-80 1f 00 00 ff ff 02 00 ................
00:00:01.015892 00000037040fd500/0020: 00 00 00 00 00 00 00 00-00 00 00 00 00 00 00 00 ................
00:00:01.015893 00000037040fd510/0030: 00 00 00 00 00 00 00 00-00 00 00 00 00 00 00 00 ................
00:00:01.015895 00000037040fd520/0040: 00 00 00 00 00 00 00 00-00 00 00 00 00 00 00 00 ................
00:00:01.015897 00000037040fd530/0050: 00 00 00 00 00 00 00 00-00 00 00 00 00 00 00 00 ................
00:00:01.015899 00000037040fd540/0060: 00 00 00 00 00 00 00 00-00 00 00 00 00 00 00 00 ................
00:00:01.015900 00000037040fd550/0070: 00 00 00 00 00 00 00 00-00 00 00 00 00 00 00 00 ................
00:00:01.015902 00000037040fd560/0080: 00 00 00 00 00 00 00 00-00 00 00 00 00 00 00 00 ................
00:00:01.015904 00000037040fd570/0090: 00 00 00 00 00 00 00 00-00 00 00 00 00 00 00 00 ................
00:00:01.015905 00000037040fd580/00a0: 00 00 00 00 00 00 00 00-00 00 00 00 00 00 00 00 ................
00:00:01.015907 00000037040fd590/00b0: 00 00 00 00 00 00 00 00-00 00 00 00 00 00 00 00 ................
00:00:01.015908 00000037040fd5a0/00c0: 00 00 00 00 00 00 00 00-00 00 00 00 00 00 00 00 ................
00:00:01.015910 00000037040fd5b0/00d0: 00 00 00 00 00 00 00 00-00 00 00 00 00 00 00 00 ................
00:00:01.015912 00000037040fd5c0/00e0: 00 00 00 00 00 00 00 00-00 00 00 00 00 00 00 00 ................
00:00:01.015913 00000037040fd5d0/00f0: 00 00 00 00 00 00 00 00-00 00 00 00 00 00 00 00 ................
00:00:01.015915 00000037040fd5e0/0100: 00 00 00 00 00 00 00 00-00 00 00 00 00 00 00 00 ................
00:00:01.015917 00000037040fd5f0/0110: 00 00 00 00 00 00 00 00-00 00 00 00 00 00 00 00 ................
00:00:01.015918 00000037040fd600/0120: 00 00 00 00 00 00 00 00-00 00 00 00 00 00 00 00 ................
00:00:01.015920 00000037040fd610/0130: 00 00 00 00 00 00 00 00-00 00 00 00 00 00 00 00 ................
00:00:01.015921 00000037040fd620/0140: 00 00 00 00 00 00 00 00-00 00 00 00 00 00 00 00 ................
00:00:01.015923 00000037040fd630/0150: 00 00 00 00 00 00 00 00-00 00 00 00 00 00 00 00 ................
00:00:01.015925 00000037040fd640/0160: 00 00 00 00 00 00 00 00-00 00 00 00 00 00 00 00 ................
00:00:01.015926 00000037040fd650/0170: 00 00 00 00 00 00 00 00-00 00 00 00 00 00 00 00 ................
00:00:01.015928 00000037040fd660/0180: 00 00 00 00 00 00 00 00-00 00 00 00 00 00 00 00 ................
00:00:01.015930 00000037040fd670/0190: 00 00 00 00 00 00 00 00-00 00 00 00 00 00 00 00 ................
00:00:01.015931 00000037040fd680/01a0: 00 00 00 00 00 00 00 00-00 00 00 00 00 00 00 00 ................
00:00:01.015933 00000037040fd690/01b0: 00 00 00 00 00 00 00 00-00 00 00 00 00 00 00 00 ................
00:00:01.015934 00000037040fd6a0/01c0: 00 00 00 00 00 00 00 00-00 00 00 00 00 00 00 00 ................
00:00:01.015936 00000037040fd6b0/01d0: 00 00 00 00 00 00 00 00-00 00 00 00 00 00 00 00 ................
00:00:01.015938 00000037040fd6c0/01e0: 00 00 00 00 00 00 00 00-00 00 00 00 00 00 00 00 ................
00:00:01.015939 00000037040fd6d0/01f0: 00 00 00 00 00 00 00 00-00 00 00 00 00 00 00 00 ................
00:00:01.015941 00000037040fd6e0/0200: 02 00 00 00 00 00 00 00-07 00 00 00 00 00 00 80 ................
00:00:01.015943 00000037040fd6f0/0210: 00 00 00 00 00 00 00 00-00 00 00 00 00 00 00 00 ................
00:00:01.015944 00000037040fd700/0220: 00 00 00 00 00 00 00 00-00 00 00 00 00 00 00 00 ................
00:00:01.015946 00000037040fd710/0230: 00 00 00 00 00 00 00 00-00 00 00 00 00 00 00 00 ................
00:00:01.015947 00000037040fd720/0240: 00 00 00 00 00 00 00 00-00 00 00 00 00 00 00 00 ................
00:00:01.015949 00000037040fd730/0250: 00 00 00 00 00 00 00 00-00 00 00 00 00 00 00 00 ................
00:00:01.015951 00000037040fd740/0260: 00 00 00 00 00 00 00 00-00 00 00 00 00 00 00 00 ................
00:00:01.015952 00000037040fd750/0270: 00 00 00 00 00 00 00 00-00 00 00 00 00 00 00 00 ................
00:00:01.015954 00000037040fd760/0280: 00 00 00 00 00 00 00 00-00 00 00 00 00 00 00 00 ................
00:00:01.015956 00000037040fd770/0290: 00 00 00 00 00 00 00 00-00 00 00 00 00 00 00 00 ................
00:00:01.015957 00000037040fd780/02a0: 00 00 00 00 00 00 00 00-00 00 00 00 00 00 00 00 ................
00:00:01.015959 00000037040fd790/02b0: 00 00 00 00 00 00 00 00-00 00 00 00 00 00 00 00 ................
00:00:01.015960 00000037040fd7a0/02c0: 00 00 00 00 00 00 00 00-00 00 00 00 00 00 00 00 ................
00:00:01.015962 00000037040fd7b0/02d0: 00 00 00 00 00 00 00 00-00 00 00 00 00 00 00 00 ................
00:00:01.015964 00000037040fd7c0/02e0: 00 00 00 00 00 00 00 00-00 00 00 00 00 00 00 00 ................
00:00:01.015965 00000037040fd7d0/02f0: 00 00 00 00 00 00 00 00-00 00 00 00 00 00 00 00 ................
00:00:01.015967 00000037040fd7e0/0300: 00 00 00 00 00 00 00 00-00 00 00 00 00 00 00 00 ................
00:00:01.015968 00000037040fd7f0/0310: 00 00 00 00 00 00 00 00-00 00 00 00 00 00 00 00 ................
00:00:01.015970 00000037040fd800/0320: 00 00 00 00 00 00 00 00-00 00 00 00 00 00 00 00 ................
00:00:01.015972 00000037040fd810/0330: 00 00 00 00 00 00 00 00-00 00 00 00 00 00 00 00 ................
00:00:01.015986 NEM: Successfully set up partition (device handle 0000000000000b80, partition ID 0x2)
00:00:01.016267 PGM: Host paging mode: AMD64+PGE+NX
00:00:01.016289 PGM: PGMPool: cMaxPages=256 (u64MaxPages=48)
00:00:01.016293 PGM: pgmR3PoolInit: cMaxPages=0x100 cMaxUsers=0x200 cMaxPhysExts=0x200 fCacheEnable=true
00:00:01.060543 SUPLib: MEM_LARGE_PAGES works!
00:00:01.060791 TM: GIP - u32Mode=3 (Invariant) u32UpdateHz=93 u32UpdateIntervalNS=10741500 enmUseTscDelta=2 (Practically Zero) fGetGipCpu=0x2b cCpus=16
00:00:01.060800 TM: GIP - u64CpuHz=3 800 205 671 (0xe2828967)  SUPGetCpuHzFromGip => 3 800 205 671
00:00:01.060805 TM: GIP - CPU: iCpuSet=0x0 idCpu=0x0 idApic=0x0 iGipCpu=0x2 i64TSCDelta=0 enmState=3 u64CpuHz=3800199759(*) cErrors=0
00:00:01.060810 TM: GIP - CPU: iCpuSet=0x1 idCpu=0x1 idApic=0x1 iGipCpu=0x1 i64TSCDelta=0 enmState=3 u64CpuHz=3800206701(*) cErrors=0
00:00:01.060814 TM: GIP - CPU: iCpuSet=0x2 idCpu=0x2 idApic=0x2 iGipCpu=0x7 i64TSCDelta=0 enmState=3 u64CpuHz=3800205164(*) cErrors=0
00:00:01.060818 TM: GIP - CPU: iCpuSet=0x3 idCpu=0x3 idApic=0x3 iGipCpu=0x5 i64TSCDelta=0 enmState=3 u64CpuHz=3800205413(*) cErrors=0
00:00:01.060822 TM: GIP - CPU: iCpuSet=0x4 idCpu=0x4 idApic=0x4 iGipCpu=0x0 i64TSCDelta=0 enmState=3 u64CpuHz=3800205671(*) cErrors=0
00:00:01.060825 TM: GIP - CPU: iCpuSet=0x5 idCpu=0x5 idApic=0x5 iGipCpu=0x6 i64TSCDelta=0 enmState=3 u64CpuHz=3800205515(*) cErrors=0
00:00:01.060829 TM: GIP - CPU: iCpuSet=0x6 idCpu=0x6 idApic=0x6 iGipCpu=0x4 i64TSCDelta=0 enmState=3 u64CpuHz=3800205870(*) cErrors=0
00:00:01.060833 TM: GIP - CPU: iCpuSet=0x7 idCpu=0x7 idApic=0x7 iGipCpu=0x3 i64TSCDelta=0 enmState=3 u64CpuHz=3800204823(*) cErrors=0
00:00:01.060836 TM: GIP - CPU: iCpuSet=0x8 idCpu=0x8 idApic=0x8 iGipCpu=0xa i64TSCDelta=0 enmState=3 u64CpuHz=3800205628(*) cErrors=0
00:00:01.060840 TM: GIP - CPU: iCpuSet=0x9 idCpu=0x9 idApic=0x9 iGipCpu=0x8 i64TSCDelta=0 enmState=3 u64CpuHz=3800205576(*) cErrors=0
00:00:01.060843 TM: GIP - CPU: iCpuSet=0xa idCpu=0xa idApic=0xa iGipCpu=0xd i64TSCDelta=0 enmState=3 u64CpuHz=3800205529(*) cErrors=0
00:00:01.060847 TM: GIP - CPU: iCpuSet=0xb idCpu=0xb idApic=0xb iGipCpu=0xe i64TSCDelta=0 enmState=3 u64CpuHz=3800205671(*) cErrors=0
00:00:01.060850 TM: GIP - CPU: iCpuSet=0xc idCpu=0xc idApic=0xc iGipCpu=0x9 i64TSCDelta=0 enmState=3 u64CpuHz=3800205494(*) cErrors=0
00:00:01.060854 TM: GIP - CPU: iCpuSet=0xd idCpu=0xd idApic=0xd iGipCpu=0xc i64TSCDelta=0 enmState=3 u64CpuHz=3800205648(*) cErrors=0
00:00:01.060857 TM: GIP - CPU: iCpuSet=0xe idCpu=0xe idApic=0xe iGipCpu=0xf i64TSCDelta=0 enmState=3 u64CpuHz=3800206701(*) cErrors=0
00:00:01.060861 TM: GIP - CPU: iCpuSet=0xf idCpu=0xf idApic=0xf iGipCpu=0xb i64TSCDelta=0 enmState=3 u64CpuHz=3800205483(*) cErrors=0
00:00:01.060869 TM: NEM overrides the /TM/TSCModeSwitchAllowed setting.
00:00:01.060894 TM:     cTSCTicksPerSecond=3 800 205 671 (0xe2828967) enmTSCMode=4 (NativeApi) TSCMultiplier=1
00:00:01.060899 TM: cTSCTicksPerSecondHost=3 800 205 671 (0xe2828967)
00:00:01.060900 TM: TSCTiedToExecution=false TSCNotTiedToHalt=false
00:00:01.061555 EMR3Init: fIemExecutesAll=false fGuruOnTripleFault=true
00:00:01.061707 IEM: TargetCpu=CURRENT, Microarch=AMD_Zen_Ryzen aidxTargetCpuEflFlavour={2,0}
00:00:01.062180 GIM: Using provider 'None' (Implementation version: 0)
00:00:01.062197 GCM: Initialized - Fixer bits: 0x0
00:00:01.062271 AIOMgr: Default manager type is 'Async'
00:00:01.062279 AIOMgr: Default file backend is 'NonBuffered'
00:00:01.062346 BlkCache: Cache successfully initialized. Cache size is 5242880 bytes
00:00:01.062351 BlkCache: Cache commit interval is 10000 ms
00:00:01.062354 BlkCache: Cache commit threshold is 2621440 bytes
00:00:01.513054 PcBios: [SMP] BIOS with 1 CPUs
00:00:01.513086 PcBios: Using the 386+ BIOS image.
00:00:01.513536 PcBios: fCheckShutdownStatusForSoftReset=true  fClearShutdownStatusOnHardReset=true
00:00:01.513758 PDM: VirtualBox APIC backend registered
00:00:01.513817 CPUM: SetGuestCpuIdFeature: Enabled xAPIC
00:00:01.514245 PIT: mode=3 count=0x10000 (65536) - 18.20 Hz (ch=0)
00:00:01.514743 VMMDev: cbDefaultBudget: 1 073 741 824 (40000000)
00:00:01.537756 Shared Folders service loaded
00:00:01.555656 Guest Control service loaded
00:00:01.580322 VGA: Using the 386+ BIOS image.
00:00:01.580994 DrvVD: Flushes will be ignored
00:00:01.581002 DrvVD: Async flushes will be passed to the disk
00:00:01.581258 VD: VDInit finished with VINF_SUCCESS
00:00:01.581343 VD: Opening the disk took 326312 ns
00:00:01.581399 FDC: 1.44 MB 3"1/2 floppy disk (2 h 80 t 18 s) rw
00:00:01.596599 Audio Mixer: Setting sink 'SB16 Mixer/PCM Output' -- channel volumes: ba ba ba ba ba ba ba ba ba ba ba ba
00:00:01.624196 WasAPI: Input device is: {Default} (iface 000001b3181bf000)
00:00:01.626053 WasAPI: Output device is: {Default} (iface 000001b3181bf320)
00:00:01.631573 Audio: Found 9 devices for driver 'WasAPI'
00:00:01.631586 Audio: Device 'Headphones (High Definition Audio Device)':
00:00:01.631586 Audio:   ID              = {0.0.0.00000000}.{12380492-75b7-42bc-b789-0d1d8d1f4e3b}
00:00:01.631587 Audio:   Usage           = output
00:00:01.631588 Audio:   Flags           = DEFAULT_OUT
00:00:01.631588 Audio:   Input channels  = 0
00:00:01.631589 Audio:   Output channels = 2
00:00:01.631592 Audio: Device 'Headphones (High Definition Audio Device)':
00:00:01.631593 Audio:   ID              = {0.0.0.00000000}.{12380492-75b7-42bc-b789-0d1d8d1f4e3b}
00:00:01.631593 Audio:   Usage           = output
00:00:01.631593 Audio:   Flags           = NONE
00:00:01.631594 Audio:   Input channels  = 0
00:00:01.631594 Audio:   Output channels = 2
00:00:01.631597 Audio: Device 'Digital Audio (S/PDIF) (High Definition Audio Device)':
00:00:01.631598 Audio:   ID              = {0.0.0.00000000}.{2ca71d41-bb09-4c97-9aaf-cabbc6fbe5ab}
00:00:01.631598 Audio:   Usage           = output
00:00:01.631598 Audio:   Flags           = NONE
00:00:01.631598 Audio:   Input channels  = 0
00:00:01.631599 Audio:   Output channels = 2
00:00:01.631602 Audio: Device '100012589 (NVIDIA High Definition Audio)':
00:00:01.631602 Audio:   ID              = {0.0.0.00000000}.{3f36c4ff-500a-4cd3-9a35-77b5981f1155}
00:00:01.631603 Audio:   Usage           = output
00:00:01.631603 Audio:   Flags           = NONE
00:00:01.631603 Audio:   Input channels  = 0
00:00:01.631603 Audio:   Output channels = 2
00:00:01.631606 Audio: Device 'Speakers (2- USB Audio CODEC )':
00:00:01.631607 Audio:   ID              = {0.0.0.00000000}.{566bb4ca-cb36-4deb-843b-246f6c5c5982}
00:00:01.631607 Audio:   Usage           = output
00:00:01.631607 Audio:   Flags           = NONE
00:00:01.631608 Audio:   Input channels  = 0
00:00:01.631608 Audio:   Output channels = 2
00:00:01.631611 Audio: Device '100012589 (NVIDIA High Definition Audio)':
00:00:01.631611 Audio:   ID              = {0.0.0.00000000}.{fdb7b4cc-b13a-4c66-ac46-5302e0b66d2f}
00:00:01.631612 Audio:   Usage           = output
00:00:01.631612 Audio:   Flags           = NONE
00:00:01.631612 Audio:   Input channels  = 0
00:00:01.631612 Audio:   Output channels = 2
00:00:01.631615 Audio: Device 'Microphone (NexiGo HD Webcam Audio)':
00:00:01.631616 Audio:   ID              = {0.0.1.00000000}.{8830d0fa-5126-4de0-babf-090349e9c6f6}
00:00:01.631616 Audio:   Usage           = input
00:00:01.631616 Audio:   Flags           = DEFAULT_IN
00:00:01.631617 Audio:   Input channels  = 2
00:00:01.631617 Audio:   Output channels = 0
00:00:01.631700 Audio: Device 'Microphone (2- USB Audio CODEC )':
00:00:01.631700 Audio:   ID              = {0.0.1.00000000}.{2cdb81b1-e1eb-4201-a0a4-fc6057072946}
00:00:01.631700 Audio:   Usage           = input
00:00:01.631701 Audio:   Flags           = NONE
00:00:01.631701 Audio:   Input channels  = 1
00:00:01.631701 Audio:   Output channels = 0
00:00:01.631709 Audio: Device 'Microphone (NexiGo HD Webcam Audio)':
00:00:01.631709 Audio:   ID              = {0.0.1.00000000}.{8830d0fa-5126-4de0-babf-090349e9c6f6}
00:00:01.631709 Audio:   Usage           = input
00:00:01.631709 Audio:   Flags           = NONE
00:00:01.631710 Audio:   Input channels  = 2
00:00:01.631710 Audio:   Output channels = 0
00:00:01.632060 PGM: The CPU physical address width is 48 bits
00:00:01.632068 PGM: PGMR3InitFinalize: 4 MB PSE mask 0000ffffffffffff -> VINF_SUCCESS
00:00:01.632081 TM: TMR3InitFinalize: fTSCModeSwitchAllowed=false
00:00:01.632401 CPUM: Mapped 1.0MiB (1048576 bytes) of RAM using fixed-range MTRRs
00:00:01.632410 CPUM: Mapped 32.0MiB (33554432 bytes) of RAM using 1 variable-range MTRRs
00:00:01.632517 VMM: Thread-context hooks unavailable
00:00:01.632523 VMM: RTThreadPreemptIsPending() can be trusted
00:00:01.632527 VMM: Kernel preemption is possible
00:00:01.632541 EM: Exit history optimizations: enabled=true enabled-r0=true enabled-r0-no-preemption=false
00:00:01.632563 APIC: fPostedIntrsEnabled=false fVirtApicRegsEnabled=false fSupportsTscDeadline=false
00:00:01.632568 TMR3UtcNow: nsNow=1 776 455 208 265 381 200 nsPrev=0 -> cNsDelta=1 776 455 208 265 381 200 (offLag=0 offVirtualSync=0 offVirtualSyncGivenUp=0, NowAgain=1 776 455 208 265 381 200)
00:00:01.632642 VMM: fUsePeriodicPreemptionTimers=true
00:00:01.632681 CPUM: Logical host processors: 16 present, 16 max, 16 online, online mask: 000000000000ffff
00:00:01.632683 CPUM: Physical host cores: 8
00:00:01.632683 ************************ CPUID dump *************************
00:00:01.635173          Raw Standard CPUID Leaves
00:00:01.635174      Leaf/sub-leaf  eax      ebx      ecx      edx
00:00:01.635178 Gst: 00000000/0000  0000000d 68747541 444d4163 69746e65
00:00:01.635180 Hst:                0000000d 68747541 444d4163 69746e65
00:00:01.635181 Gst: 00000001/0000  00800f82 00010800 76d83203 178bfbbf
00:00:01.635182 Hst:                00800f82 03100800 fed83203 178bfbff
00:00:01.635183 Gst: 00000002/0000  00000000 00000000 00000000 00000000
00:00:01.635184 Hst:                00000000 00000000 00000000 00000000
00:00:01.635185 Gst: 00000003/0000  00000000 00000000 00000000 00000000
00:00:01.635185 Hst:                00000000 00000000 00000000 00000000
00:00:01.635186 Gst: 00000004/0000  00000000 00000000 00000000 00000000
00:00:01.635187 Hst:                00000000 00000000 00000000 00000000
00:00:01.635187 Gst: 00000005/0000  00000000 00000000 00000000 00000000
00:00:01.635188 Hst:                00000000 00000000 00000000 00000000
00:00:01.635189 Gst: 00000006/0000  00000004 00000000 00000000 00000000
00:00:01.635189 Hst:                00000000 00000000 00000001 00000000
00:00:01.635190 Gst: 00000007/0000  00000000 208c0129 00000000 00000000
00:00:01.635191 Hst:                00000000 209c01a9 00000000 00000000
00:00:01.635191 Gst: 00000007/0001  00000000 00000000 00000000 00000000
00:00:01.635192 Hst:                00000000 00000000 00000000 00000000
00:00:01.635193 Gst: 00000007/0002  00000000 00000000 00000000 00000000
00:00:01.635193 Hst:                00000000 00000000 00000000 00000000
00:00:01.635194 Gst: 00000008/0000  00000000 00000000 00000000 00000000
00:00:01.635195 Hst:                00000000 00000000 00000000 00000000
00:00:01.635195 Gst: 00000009/0000  00000000 00000000 00000000 00000000
00:00:01.635196 Hst:                00000000 00000000 00000000 00000000
00:00:01.635197 Gst: 0000000a/0000  00000000 00000000 00000000 00000000
00:00:01.635197 Hst:                00000000 00000000 00000000 00000000
00:00:01.635198 Gst: 0000000b/0000  00000000 00000000 00000000 00000000
00:00:01.635199 Hst:                00000000 00000000 00000000 00000000
00:00:01.635199 Gst: 0000000c/0000  00000000 00000000 00000000 00000000
00:00:01.635200 Hst:                00000000 00000000 00000000 00000000
00:00:01.635201 Gst: 0000000d/0000  00000007 00000340 00000340 00000000
00:00:01.635201 Hst:                00000007 00000340 00000340 00000000
00:00:01.635202 Gst: 0000000d/0001  00000000 00000340 00000000 00000000
00:00:01.635203 Hst:                0000000f 00000340 00000000 00000000
00:00:01.635203 Gst: 0000000d/0002  00000100 00000240 00000000 00000000
00:00:01.635204 Hst:                00000100 00000240 00000000 00000000
00:00:01.635205 Gst: 0000000d/0003  00000000 00000000 00000000 00000000
00:00:01.635206 Hst:                00000000 00000000 00000000 00000000
00:00:01.635206                                Name: AuthenticAMD
00:00:01.635207                            Supports: 0x00000000-0x0000000d
00:00:01.635209                              Family: 15 	Extended: 8 	Effective: 23
00:00:01.635211                               Model:  8 	Extended: 0 	Effective: 8
00:00:01.635212                            Stepping: 2
00:00:01.635213                                Type: 0 (primary)
00:00:01.635214                             APIC ID: 0x00
00:00:01.635215                        Logical CPUs: 1
00:00:01.635216                        CLFLUSH Size: 8
00:00:01.635216                            Brand ID: 0x00
00:00:01.635218 Features
00:00:01.635218   Mnemonic - Description                                  = Guest (Host)
00:00:01.635220   FPU - x87 FPU on Chip                                   = 1 (1)
00:00:01.635221   VME - Virtual 8086 Mode Enhancements                    = 1 (1)
00:00:01.635223   DE - Debugging extensions                               = 1 (1)
00:00:01.635224   PSE - Page Size Extension                               = 1 (1)
00:00:01.635225   TSC - Time Stamp Counter                                = 1 (1)
00:00:01.635231   MSR - Model Specific Registers                          = 1 (1)
00:00:01.635232   PAE - Physical Address Extension                        = 0 (1)
00:00:01.635234   MCE - Machine Check Exception                           = 1 (1)
00:00:01.635235   CX8 - CMPXCHG8B instruction                             = 1 (1)
00:00:01.635236   APIC - APIC On-Chip                                     = 1 (1)
00:00:01.635237   SEP - SYSENTER and SYSEXIT Present                      = 1 (1)
00:00:01.635238   MTRR - Memory Type Range Registers                      = 1 (1)
00:00:01.635239   PGE - PTE Global Bit                                    = 1 (1)
00:00:01.635240   MCA - Machine Check Architecture                        = 1 (1)
00:00:01.635242   CMOV - Conditional Move instructions                    = 1 (1)
00:00:01.635243   PAT - Page Attribute Table                              = 1 (1)
00:00:01.635244   PSE-36 - 36-bit Page Size Extension                     = 1 (1)
00:00:01.635245   PSN - Processor Serial Number                           = 0 (0)
00:00:01.635246   CLFSH - CLFLUSH instruction                             = 1 (1)
00:00:01.635247   DS - Debug Store                                        = 0 (0)
00:00:01.635249   ACPI - Thermal Mon. & Soft. Clock Ctrl.                 = 0 (0)
00:00:01.635250   MMX - Intel MMX Technology                              = 1 (1)
00:00:01.635251   FXSR - FXSAVE and FXRSTOR instructions                  = 1 (1)
00:00:01.635252   SSE - SSE support                                       = 1 (1)
00:00:01.635253   SSE2 - SSE2 support                                     = 1 (1)
00:00:01.635254   SS - Self Snoop                                         = 0 (0)
00:00:01.635256   HTT - Hyper-Threading Technology                        = 1 (1)
00:00:01.635257   TM - Therm. Monitor                                     = 0 (0)
00:00:01.635258   PBE - Pending Break Enabled                             = 0 (0)
00:00:01.635259   SSE3 - SSE3 support                                     = 1 (1)
00:00:01.635261   PCLMUL - PCLMULQDQ support (for AES-GCM)                = 1 (1)
00:00:01.635262   DTES64 - DS Area 64-bit Layout                          = 0 (0)
00:00:01.635263   MONITOR - MONITOR/MWAIT instructions                    = 0 (0)
00:00:01.635264   CPL-DS - CPL Qualified Debug Store                      = 0 (0)
00:00:01.635265   VMX - Virtual Machine Extensions                        = 0 (0)
00:00:01.635266   SMX - Safer Mode Extensions                             = 0 (0)
00:00:01.635267   EST - Enhanced SpeedStep Technology                     = 0 (0)
00:00:01.635268   TM2 - Terminal Monitor 2                                = 0 (0)
00:00:01.635269   SSSE3 - Supplemental Streaming SIMD Extensions 3        = 1 (1)
00:00:01.635270   CNTX-ID - L1 Context ID                                 = 0 (0)
00:00:01.635272   SDBG - Silicon Debug interface                          = 0 (0)
00:00:01.635273   FMA - Fused Multiply Add extensions                     = 1 (1)
00:00:01.635274   CX16 - CMPXCHG16B instruction                           = 1 (1)
00:00:01.635275   TPRUPDATE - xTPR Update Control                         = 0 (0)
00:00:01.635276   PDCM - Perf/Debug Capability MSR                        = 0 (0)
00:00:01.635277   PCID - Process Context Identifiers                      = 0 (0)
00:00:01.635278   DCA - Direct Cache Access                               = 0 (0)
00:00:01.635279   SSE4_1 - SSE4_1 support                                 = 1 (1)
00:00:01.635281   SSE4_2 - SSE4_2 support                                 = 1 (1)
00:00:01.635282   X2APIC - x2APIC support                                 = 0 (0)
00:00:01.635283   MOVBE - MOVBE instruction                               = 1 (1)
00:00:01.635284   POPCNT - POPCNT instruction                             = 1 (1)
00:00:01.635286   TSCDEADL - Time Stamp Counter Deadline                  = 0 (0)
00:00:01.635287   AES - AES instructions                                  = 1 (1)
00:00:01.635288   XSAVE - XSAVE instruction                               = 1 (1)
00:00:01.635289   OSXSAVE - OSXSAVE instruction                           = 0 (1)
00:00:01.635290   AVX - AVX support                                       = 1 (1)
00:00:01.635292   F16C - 16-bit floating point conversion instructions    = 1 (1)
00:00:01.635292   RDRAND - RDRAND instruction                             = 1 (1)
00:00:01.635293   HVP - Hypervisor Present (we're a guest)                = 0 (1)
00:00:01.635295 Structured Extended Feature Flags Enumeration (leaf 7):
00:00:01.635295 Sub-leaf 0
00:00:01.635295   Mnemonic - Description                                  = Guest (Host)
00:00:01.635297   FSGSBASE - RDFSBASE/RDGSBASE/WRFSBASE/WRGSBASE instr.   = 1 (1)
00:00:01.635297   TSCADJUST - Supports MSR_IA32_TSC_ADJUST                = 0 (0)
00:00:01.635298   SGX - Supports Software Guard Extensions                = 0 (0)
00:00:01.635299   BMI1 - Advanced Bit Manipulation extension 1            = 1 (1)
00:00:01.635300   HLE - Hardware Lock Elision                             = 0 (0)
00:00:01.635301   AVX2 - Advanced Vector Extensions 2                     = 1 (1)
00:00:01.635306   FDP_EXCPTN_ONLY - FPU DP only updated on exceptions     = 0 (0)
00:00:01.635307   SMEP - Supervisor Mode Execution Prevention             = 0 (1)
00:00:01.635308   BMI2 - Advanced Bit Manipulation extension 2            = 1 (1)
00:00:01.635309   ERMS - Enhanced REP MOVSB/STOSB instructions            = 0 (0)
00:00:01.635310   INVPCID - INVPCID instruction                           = 0 (0)
00:00:01.635311   RTM - Restricted Transactional Memory                   = 0 (0)
00:00:01.635312   PQM - Platform Quality of Service Monitoring            = 0 (0)
00:00:01.635313   DEPFPU_CS_DS - Deprecates FPU CS, FPU DS values if set  = 0 (0)
00:00:01.635314   MPE - Intel Memory Protection Extensions                = 0 (0)
00:00:01.635315   PQE - Platform Quality of Service Enforcement           = 0 (0)
00:00:01.635315   AVX512F - AVX512 Foundation instructions                = 0 (0)
00:00:01.635316   AVX512DQ - Supports the AVX512DQ instructions           = 0 (0)
00:00:01.635317   RDSEED - RDSEED instruction                             = 1 (1)
00:00:01.635318   ADX - ADCX/ADOX instructions                            = 1 (1)
00:00:01.635319   SMAP - Supervisor Mode Access Prevention                = 0 (1)
00:00:01.635320   AVX512_IFMA - Supports the AVX512_IFMA instructions     = 0 (0)
00:00:01.635321   CLFLUSHOPT - CLFLUSHOPT (Cache Line Flush) instruction  = 1 (1)
00:00:01.635322   CLWB - CLWB instruction                                 = 0 (0)
00:00:01.635323   INTEL_PT - Intel Processor Trace                        = 0 (0)
00:00:01.635324   AVX512PF - AVX512 Prefetch instructions                 = 0 (0)
00:00:01.635325   AVX512ER - AVX512 Exponential & Reciprocal instructions = 0 (0)
00:00:01.635326   AVX512CD - AVX512 Conflict Detection instructions       = 0 (0)
00:00:01.635327   SHA - Secure Hash Algorithm extensions                  = 1 (1)
00:00:01.635328   AVX512BW - Supports the AVX512BW instructions           = 0 (0)
00:00:01.635328   AVX512VL - Supports the AVX512VL instructions           = 0 (0)
00:00:01.635329   PREFETCHWT1 - PREFETCHWT1 instruction                   = 0 (0)
00:00:01.635330   AVX512_VBMI - Supports the AVX512_VBMI instructions     = 0 (0)
00:00:01.635331   UMIP - User mode insturction prevention                 = 0 (0)
00:00:01.635332   PKU - Protection Key for Usermode pages                 = 0 (0)
00:00:01.635333   OSPKE - CR4.PKU mirror                                  = 0 (0)
00:00:01.635334   WAITPKG - TPAUSE, UMONITOR & UMWAIT support             = 0 (0)
00:00:01.635335   AVX512_VBMI2 - Supports the AVX512_VBMI2 instructions   = 0 (0)
00:00:01.635336   CET_SS - CET shadow stack support                       = 0 (0)
00:00:01.635337   GFNI - Supports the GFNI instruction set                = 0 (0)
00:00:01.635338   VAES - Supports the VEX encoded AES instruction set     = 0 (0)
00:00:01.635339   VPCLMULQDQ - Supports the VPCLMULQDQ instruction        = 0 (0)
00:00:01.635340   AVX512_VNNI - Supports the AVX512_VNNI instructions     = 0 (0)
00:00:01.635340   AVX512_BITALG - Supports the AVX512_BITALG instructions = 0 (0)
00:00:01.635341   TME_EN - Supports 4 IA32_TME_ MSRs                      = 0 (0)
00:00:01.635342   AVX512_VPOPCNTDQ - Supports the AVX512_VPOPCNTDQ instructions = 0 (0)
00:00:01.635343   LA57 - 57-bit linear addresses                          = 0 (0)
00:00:01.635344   MAWAU - Value used by BNDLDX & BNDSTX                   = 0x0 (0x0)
00:00:01.635345   RDPID - Read processor ID support                       = 0 (0)
00:00:01.635346   KEY_LOCKER - Supports Key Locker                        = 0 (0)
00:00:01.635347   BUS_LOCK_DETECT - Supports OS bus-lock detection        = 0 (0)
00:00:01.635348   CLDEMOTE - Supports cache line demote                   = 0 (0)
00:00:01.635349   MOVDIRI - Supports the MOVDIRI instruction              = 0 (0)
00:00:01.635350   MOVDIRI64B - Supports the MOVDIRI64B instruction        = 0 (0)
00:00:01.635351   ENQCMD - Supports the Eqnqueue Stores                   = 0 (0)
00:00:01.635352   SGX_LC - Supports SGX Launch Configuration              = 0 (0)
00:00:01.635353   PKS - Supports protection keys for supervisor pages     = 0 (0)
00:00:01.635353  Sub-leaf 2
00:00:01.635354   Mnemonic - Description                                  = Guest (Host)
00:00:01.635359   PSFD - Supports IA32_SPEC_CTRL[7] (PSFD)                = 0 (0)
00:00:01.635360   IPRED_CTRL - Supports IA32_SPEC_CTRL[4:3] (IPRED_DIS)   = 0 (0)
00:00:01.635360   RRSBA_CTRL - Supports IA32_SPEC_CTRL[6:5] (RRSBA_DIS)   = 0 (0)
00:00:01.635361   DDPD_U - Supports IA32_SPEC_CTRL[8] (DDPD_U)            = 0 (0)
00:00:01.635362   BHI_CTRL - Supports IA32_SPEC_CTRL[10] (BHI_DIS_S)      = 0 (0)
00:00:01.635363   MCDT_NO - No MXCSR Config Dependent Timing issues       = 0 (0)
00:00:01.635363   UC_LOCK_DIS - Supports UC-lock disable and causing #AC  = 0 (0)
00:00:01.635364   MONITOR_MITG_NO - No MONITOR/UMONITOR power issues      = 0 (0)
00:00:01.635365 Processor Extended State Enumeration (leaf 0xd):
00:00:01.635365    XSAVE area cur/max size by XCR0, Guest: 0x340/0x340
00:00:01.635366    XSAVE area cur/max size by XCR0,  Host: 0x340/0x340
00:00:01.635367                    Valid XCR0 bits, Guest: 0x00000000`00000007 ( x87 SSE YMM_Hi128 )
00:00:01.635369                    Valid XCR0 bits,  Host: 0x00000000`00000007 ( x87 SSE YMM_Hi128 )
00:00:01.635371                     XSAVE features, Guest
00:00:01.635372                     XSAVE features,  Host XSAVEOPT XSAVEC XGETBC1 XSAVES
00:00:01.635373       XSAVE area cur size XCR0|XSS, Guest: 0x340
00:00:01.635374       XSAVE area cur size XCR0|XSS,  Host: 0x340
00:00:01.635375                Valid IA32_XSS bits, Guest: 0x00000000`00000000
00:00:01.635376                Valid IA32_XSS bits,  Host: 0x00000000`00000000
00:00:01.635376   State #2, Guest: off=0x0240, cb=0x0100 IA32_XSS-bit -- YMM_Hi128
00:00:01.635378   State #2,  Host:  off=0x0240, cb=0x0100 IA32_XSS-bit -- YMM_Hi128
00:00:01.635383          Raw Hypervisor CPUID Leaves
00:00:01.635383      Leaf/sub-leaf  eax      ebx      ecx      edx
00:00:01.635384 Hst: 40000000/0000  4000000c 7263694d 666f736f 76482074
00:00:01.635385 Hst: 40000001/0000  31237648 00000000 00000000 00000000
00:00:01.635386 Hst: 40000002/0000  00004a61 000a0000 00000007 00001c0d
00:00:01.635387 Hst: 40000003/0000  0000bfff 002bb9ff 00000002 11fffbf2
00:00:01.635388 Hst: 40000004/0000  00042d1c 00000000 00000000 00000000
00:00:01.635388 Hst: 40000005/0000  00000400 00000400 00000c90 00000000
00:00:01.635389 Hst: 40000006/0000  000200ae 00000000 00000000 00000000
00:00:01.635390 Hst: 40000007/0000  80000007 00000003 00000000 00000000
00:00:01.635391 Hst: 40000008/0000  00100001 00000001 0000cccc 00000000
00:00:01.635392 Hst: 40000009/0000  00000000 00000000 00000000 00000000
00:00:01.635392 Hst: 4000000a/0000  00000000 00000000 00000000 00000000
00:00:01.635393 Hst: 4000000b/0000  00000000 00000000 00000000 00000000
00:00:01.635394 Hst: 4000000c/0000  00000000 00000000 00000000 00000000
00:00:01.635395          Raw Extended CPUID Leaves
00:00:01.635395      Leaf/sub-leaf  eax      ebx      ecx      edx
00:00:01.635395 Gst: 80000000/0000  8000001f 68747541 444d4163 69746e65
00:00:01.635396 Hst:                8000001f 68747541 444d4163 69746e65
00:00:01.635397 Gst: 80000001/0000  00800f82 20000000 000001f1 0bc3fb3f
00:00:01.635398 Hst:                00800f82 20000000 004023f3 2fd3fbff
00:00:01.635399 Gst: 80000002/0000  20444d41 657a7952 2037206e 30303732
00:00:01.635400 Hst:                20444d41 657a7952 2037206e 30303732
00:00:01.635401 Gst: 80000003/0000  69452058 2d746867 65726f43 6f725020
00:00:01.635402 Hst:                69452058 2d746867 65726f43 6f725020
00:00:01.635403 Gst: 80000004/0000  73736563 2020726f 20202020 00202020
00:00:01.635403 Hst:                73736563 2020726f 20202020 00202020
00:00:01.635404 Gst: 80000005/0000  ff40ff40 ff40ff40 20080140 40040140
00:00:01.635405 Hst:                ff40ff40 ff40ff40 20080140 40040140
00:00:01.635406 Gst: 80000006/0000  26006400 66006400 02006140 00808140
00:00:01.635407 Hst:                26006400 66006400 02006140 00808140
00:00:01.635408 Gst: 80000007/0000  00000000 00000000 00000000 00000100
00:00:01.635409 Hst:                00000000 0000001b 00000000 00004789
00:00:01.635409 Gst: 80000008/0000  00003030 04000000 00000000 00000000
00:00:01.635410 Hst:                00003030 02000005 0000400f 00000000
00:00:01.635411 Gst: 80000009/0000  00000000 00000000 00000000 00000000
00:00:01.635412 Hst:                00000000 00000000 00000000 00000000
00:00:01.635412 Gst: 8000000a/0000  00000000 00000000 00000000 00000000
00:00:01.635413 Hst:                00000000 00000000 00000000 00000000
00:00:01.635414 Gst: 8000000b/0000  00000000 00000000 00000000 00000000
00:00:01.635414 Hst:                00000000 00000000 00000000 00000000
00:00:01.635415 Gst: 8000000c/0000  00000000 00000000 00000000 00000000
00:00:01.635416 Hst:                00000000 00000000 00000000 00000000
00:00:01.635416 Gst: 8000000d/0000  00000000 00000000 00000000 00000000
00:00:01.635417 Hst:                00000000 00000000 00000000 00000000
00:00:01.635418 Gst: 8000000e/0000  00000000 00000000 00000000 00000000
00:00:01.635419 Hst:                00000000 00000000 00000000 00000000
00:00:01.635419 Gst: 8000000f/0000  00000000 00000000 00000000 00000000
00:00:01.635420 Hst:                00000000 00000000 00000000 00000000
00:00:01.635421 Gst: 80000010/0000  00000000 00000000 00000000 00000000
00:00:01.635421 Hst:                00000000 00000000 00000000 00000000
00:00:01.635422 Gst: 80000011/0000  00000000 00000000 00000000 00000000
00:00:01.635423 Hst:                00000000 00000000 00000000 00000000
00:00:01.635423 Gst: 80000012/0000  00000000 00000000 00000000 00000000
00:00:01.635424 Hst:                00000000 00000000 00000000 00000000
00:00:01.635425 Gst: 80000013/0000  00000000 00000000 00000000 00000000
00:00:01.635425 Hst:                00000000 00000000 00000000 00000000
00:00:01.635426 Gst: 80000014/0000  00000000 00000000 00000000 00000000
00:00:01.635427 Hst:                00000000 00000000 00000000 00000000
00:00:01.635427 Gst: 80000015/0000  00000000 00000000 00000000 00000000
00:00:01.635428 Hst:                00000000 00000000 00000000 00000000
00:00:01.635429 Gst: 80000016/0000  00000000 00000000 00000000 00000000
00:00:01.635430 Hst:                00000000 00000000 00000000 00000000
00:00:01.635430 Gst: 80000017/0000  00000000 00000000 00000000 00000000
00:00:01.635431 Hst:                00000000 00000000 00000000 00000000
00:00:01.635432 Gst: 80000018/0000  00000000 00000000 00000000 00000000
00:00:01.635432 Hst:                00000000 00000000 00000000 00000000
00:00:01.635433 Gst: 80000019/0000  00000000 00000000 00000000 00000000
00:00:01.635434 Hst:                00000000 00000000 00000000 00000000
00:00:01.635434 Gst: 8000001a/0000  00000003 00000000 00000000 00000000
00:00:01.635435 Hst:                00000003 00000000 00000000 00000000
00:00:01.635436 Gst: 8000001b/0000  00000000 00000000 00000000 00000000
00:00:01.635437 Hst:                00000000 00000000 00000000 00000000
00:00:01.635437 Gst: 8000001c/0000  00000000 00000000 00000000 00000000
00:00:01.635438 Hst:                00000000 00000000 00000000 00000000
00:00:01.635439 Gst: 8000001d/0000  00000121 01c0003f 0000003f 00000000
00:00:01.635439 Hst:                00004121 01c0003f 0000003f 00000000
00:00:01.635440 Gst: 8000001d/0001  00000122 00c0003f 000000ff 00000000
00:00:01.635441 Hst:                00004122 00c0003f 000000ff 00000000
00:00:01.635442 Gst: 8000001d/0002  00000143 01c0003f 000003ff 00000002
00:00:01.635443 Hst:                00004143 01c0003f 000003ff 00000002
00:00:01.635443 Gst: 8000001d/0003  00000163 03c0003f 00001fff 00000001
00:00:01.635444 Hst:                0001c163 03c0003f 00001fff 00000001
00:00:01.635445 Gst: 8000001d/0004  00000000 00000000 00000000 00000000
00:00:01.635446 Hst:                00000000 00000000 00000000 00000000
00:00:01.635446 Gst: 8000001e/0000  00000000 00000000 00000000 00000000
00:00:01.635447 Hst:                00000003 00000101 00000000 00000000
00:00:01.635448 Gst: 8000001f/0000  00000000 00000000 00000000 00000000
00:00:01.635449 Hst:                00000000 00000000 00000000 00000000
00:00:01.635449 Ext Name:                        AuthenticAMD
00:00:01.635450 Ext Supports:                    0x80000000-0x8000001f
00:00:01.635450 Family:                          15  	Extended: 8 	Effective: 23
00:00:01.635451 Model:                           8  	Extended: 0 	Effective: 8
00:00:01.635451 Stepping:                        2
00:00:01.635452 Brand ID:                        0x000
00:00:01.635452 Ext Features
00:00:01.635452   Mnemonic - Description                                  = Guest (Host)
00:00:01.635454   FPU - x87 FPU on Chip                                   = 1 (1)
00:00:01.635455   VME - Virtual 8086 Mode Enhancements                    = 1 (1)
00:00:01.635456   DE - Debugging extensions                               = 1 (1)
00:00:01.635457   PSE - Page Size Extension                               = 1 (1)
00:00:01.635458   TSC - Time Stamp Counter                                = 1 (1)
00:00:01.635460   MSR - K86 Model Specific Registers                      = 1 (1)
00:00:01.635461   PAE - Physical Address Extension                        = 0 (1)
00:00:01.635462   MCE - Machine Check Exception                           = 0 (1)
00:00:01.635463   CX8 - CMPXCHG8B instruction                             = 1 (1)
00:00:01.635464   APIC - APIC On-Chip                                     = 1 (1)
00:00:01.635465   SEP - SYSCALL/SYSRET                                    = 1 (1)
00:00:01.635466   MTRR - Memory Type Range Registers                      = 1 (1)
00:00:01.635467   PGE - PTE Global Bit                                    = 1 (1)
00:00:01.635469   MCA - Machine Check Architecture                        = 1 (1)
00:00:01.635470   CMOV - Conditional Move instructions                    = 1 (1)
00:00:01.635471   PAT - Page Attribute Table                              = 1 (1)
00:00:01.635472   PSE-36 - 36-bit Page Size Extension                     = 1 (1)
00:00:01.635473   NX - No-Execute/Execute-Disable                         = 0 (1)
00:00:01.635474   AXMMX - AMD Extensions to MMX instructions              = 1 (1)
00:00:01.635475   MMX - Intel MMX Technology                              = 1 (1)
00:00:01.635476   FXSR - FXSAVE and FXRSTOR Instructions                  = 1 (1)
00:00:01.635477   FFXSR - AMD fast FXSAVE and FXRSTOR instructions        = 1 (1)
00:00:01.635478   Page1GB - 1 GB large page                               = 0 (1)
00:00:01.635479   RDTSCP - RDTSCP instruction                             = 1 (1)
00:00:01.635480   LM - AMD64 Long Mode                                    = 0 (1)
00:00:01.635486   3DNOWEXT - AMD Extensions to 3DNow                      = 0 (0)
00:00:01.635487   3DNOW - AMD 3DNow                                       = 0 (0)
00:00:01.635489   LahfSahf - LAHF/SAHF support in 64-bit mode             = 1 (1)
00:00:01.635490   CmpLegacy - Core multi-processing legacy mode           = 0 (1)
00:00:01.635491   SVM - AMD Secure Virtual Machine extensions             = 0 (0)
00:00:01.635491   EXTAPIC - AMD Extended APIC registers                   = 0 (0)
00:00:01.635492   CR8L - AMD LOCK MOV CR0 means MOV CR8                   = 1 (1)
00:00:01.635493   ABM - AMD Advanced Bit Manipulation                     = 1 (1)
00:00:01.635494   SSE4A - SSE4A instructions                              = 1 (1)
00:00:01.635496   MISALIGNSSE - AMD Misaligned SSE mode                   = 1 (1)
00:00:01.635497   3DNOWPRF - AMD PREFETCH and PREFETCHW instructions      = 1 (1)
00:00:01.635497   OSVW - AMD OS Visible Workaround                        = 0 (1)
00:00:01.635498   IBS - Instruct Based Sampling                           = 0 (0)
00:00:01.635500   XOP - Extended Operation support                        = 0 (0)
00:00:01.635501   SKINIT - SKINIT, STGI, and DEV support                  = 0 (0)
00:00:01.635502   WDT - AMD Watchdog Timer support                        = 0 (1)
00:00:01.635503   LWP - Lightweight Profiling support                     = 0 (0)
00:00:01.635504   FMA4 - Four operand FMA instruction support             = 0 (0)
00:00:01.635505   TCE - Translation Cache Extension support               = 0 (0)
00:00:01.635505   NodeId - NodeId in MSR C001_100C                        = 0 (0)
00:00:01.635507   TBM - Trailing Bit Manipulation instructions            = 0 (0)
00:00:01.635507   TOPOEXT - Topology Extensions                           = 0 (1)
00:00:01.635509   PRFEXTCORE - Performance Counter Extensions support     = 0 (0)
00:00:01.635509   PRFEXTNB - NB Performance Counter Extensions support    = 0 (0)
00:00:01.635510   DATABPEXT - Data-access Breakpoint Extension            = 0 (0)
00:00:01.635511   PERFTSC - Performance Time Stamp Counter                = 0 (0)
00:00:01.635512   PCX_L2I - L2I/L3 Performance Counter Extensions         = 0 (0)
00:00:01.635513   MONITORX - MWAITX and MONITORX instructions             = 0 (0)
00:00:01.635514   AddrMaskExt - BP Addressing masking extended to bit 31  = 0 (0)
00:00:01.635514 Full Name:                       "AMD Ryzen 7 2700X Eight-Core Processor         "
00:00:01.635515 TLB 2/4M Instr/Uni:              fully  64 entries
00:00:01.635515 TLB 2/4M Data:                   fully  64 entries
00:00:01.635516 TLB 4K Instr/Uni:                fully  64 entries
00:00:01.635516 TLB 4K Data:                     fully  64 entries
00:00:01.635517 L1 Instr Cache Line Size:        64 bytes
00:00:01.635518 L1 Instr Cache Lines Per Tag:    1
00:00:01.635518 L1 Instr Cache Associativity:    4 way
00:00:01.635518 L1 Instr Cache Size:             64 KB
00:00:01.635519 L1 Data Cache Line Size:         64 bytes
00:00:01.635519 L1 Data Cache Lines Per Tag:     1
00:00:01.635519 L1 Data Cache Associativity:     8 way
00:00:01.635520 L1 Data Cache Size:              32 KB
00:00:01.635520 L2 TLB 2/4M Instr/Uni:           8 way  1024 entries
00:00:01.635521 L2 TLB 2/4M Data:                2 way  1536 entries
00:00:01.635521 L2 TLB 4K Instr/Uni:             8 way  1024 entries
00:00:01.635522 L2 TLB 4K Data:                  8 way  1536 entries
00:00:01.635522 L2 Cache Line Size:              64 bytes
00:00:01.635522 L2 Cache Lines Per Tag:          1
00:00:01.635523 L2 Cache Associativity:          8 way 
00:00:01.635523 L2 Cache Size:                   512 KB
00:00:01.635527 L3 Cache Line Size:              64 bytes
00:00:01.635527 L3 Cache Lines Per Tag:          1
00:00:01.635527 L3 Cache Associativity:          16 way
00:00:01.635528 L3 Cache Size:                   16384 KB
00:00:01.635528 APM Features EDX
00:00:01.635528   Mnemonic - Description                                  = Guest (Host)
00:00:01.635533   TS - Temperature Sensor                                 = 0 (1)
00:00:01.635535   FID - Frequency ID control                              = 0 (0)
00:00:01.635536   VID - Voltage ID control                                = 0 (0)
00:00:01.635537   TTP - Thermal Trip                                      = 0 (1)
00:00:01.635538   TM - Hardware Thermal Control (HTC)                     = 0 (0)
00:00:01.635540   100MHzSteps - 100 MHz Multiplier control                = 0 (0)
00:00:01.635540   HwPstate - Hardware P-state control                     = 0 (1)
00:00:01.635542   TscInvariant - Invariant Time Stamp Counter             = 1 (1)
00:00:01.635542   CPB - Core Performance Boost                            = 0 (1)
00:00:01.635544   EffFreqRO - Read-only Effective Frequency Interface     = 0 (1)
00:00:01.635544   ProcFdbkIf - Processor Feedback Interface               = 0 (0)
00:00:01.635545   ProcPwrRep - Core power reporting interface support     = 0 (0)
00:00:01.635546   ConnectedStandby - Connected Standby                    = 0 (0)
00:00:01.635547   RAPL - Running average power limit                      = 0 (1)
00:00:01.635548 Ext Features ext IDs EBX
00:00:01.635549   Mnemonic - Description                                  = Guest (Host)
00:00:01.635550   CLZERO - Clear zero instruction (cacheline)             = 0 (1)
00:00:01.635551   IRPerf - Instructions retired count support             = 0 (0)
00:00:01.635552   XSaveErPtr - Save/restore error pointers (FXSAVE/RSTOR) = 0 (1)
00:00:01.635552   INVLPGB - INVLPGB and TLBSYNC instructions              = 0 (0)
00:00:01.635553   RDPRU - RDPRU instruction                               = 0 (0)
00:00:01.635554   BE - Bandwidth Enforcement extension                    = 0 (0)
00:00:01.635555   MCOMMIT - MCOMMIT instruction                           = 0 (0)
00:00:01.635557   WBNOINVD - WBNOINVD instruction                         = 0 (0)
00:00:01.635558   IBPB - Supports the IBPB command in IA32_PRED_CMD       = 0 (0)
00:00:01.635558   INT_WBINVD - WBINVD/WBNOINVD interruptible              = 0 (0)
00:00:01.635559   IBRS - Indirect Branch Restricted Speculation           = 0 (0)
00:00:01.635560   STIBP - Single Thread Indirect Branch Prediction        = 0 (0)
00:00:01.635561   IbrsAlwaysOn - Processor prefers that IBRS be left on   = 0 (0)
00:00:01.635562   StibpAlwaysOn - Processor prefers that STIBP be left on = 0 (0)
00:00:01.635562   IbrsPreferred - IBRS preferred over software solution   = 0 (0)
00:00:01.635563   IbrsSameMode - IBRS limits same mode speculation        = 0 (0)
00:00:01.635564   EferLmsleUnsupported - EFER.LMSLE is unsupported        = 0 (0)
00:00:01.635565   INVLPGBnestedPages - INVLPGB for nested translation     = 0 (0)
00:00:01.635565   PPIN - Protected processor inventory number             = 0 (0)
00:00:01.635566   SSBD - Speculative Store Bypass Disable                 = 0 (0)
00:00:01.635567   SsbdVirtSpecCtrl - Use VIRT_SPEC_CTL for SSBD           = 0 (1)
00:00:01.635568   SsbdNotRequired - SSBD not needed on this processor     = 1 (0)
00:00:01.635569   CPPC - Collaborative Processor Performance Control      = 0 (0)
00:00:01.635570   PSFD - Predictive Store Forward Disable                 = 0 (0)
00:00:01.635571   BTC_NO - Unaffected by branch type confusion            = 0 (0)
00:00:01.635571   IBPB_RET - Clears RA predictor when PRED_CMD.IBPB set   = 0 (0)
00:00:01.635572 Physical Address Width:          48 bits
00:00:01.635573 Virtual Address Width:           48 bits
00:00:01.635573 Guest Physical Address Width:    48 bits (0)
00:00:01.635574 Physical Core Count:             1
00:00:01.635574 APIC ID size:                    1 (0x1)
00:00:01.635574 Performance TSC size:            40 bits
00:00:01.635575 Max page count for INVLPGB:      0x3030
00:00:01.635575 Max ECX for RDPRU:               0x0
00:00:01.635578 ********************* End of CPUID dump *********************
00:00:01.635641 VMEmt: Halt method global1 (5)
00:00:01.635751 VMEmt: HaltedGlobal1 config: cNsSpinBlockThresholdCfg=50000
00:00:01.635767 Changing the VM state from 'CREATING' to 'CREATED'
00:00:01.637027 NAT: DNS settings changed, triggering update
00:00:01.637037 NAT DNS Update: Stored 1263225675 as nameserver #0
00:00:01.637040 NAT DNS Update: Stored 1280068427 as nameserver #1
00:00:01.637044 NAT DNS Update: Stored 2 total nameservers
00:00:01.637456 Changing the VM state from 'CREATED' to 'POWERING_ON'
00:00:01.637512 Changing the VM state from 'POWERING_ON' to 'RUNNING'
00:00:01.637523 Console: Machine state changed to 'Running'
00:00:01.639382 VMMDev: Guest Log: BIOS: VirtualBox 7.2.6
00:00:01.639627 PCI: Setting up resources and interrupts
00:00:01.639781 PIT: mode=2 count=0x10000 (65536) - 18.20 Hz (ch=0)
00:00:01.660298 Display::i_handleDisplayResize: uScreenId=0 pvVRAM=0000000000000000 w=720 h=400 bpp=0 cbLine=0x0 flags=0x0 origin=0,0
00:00:01.660831 VMMDev: Guest Log: CPUID EDX: 0x178bfbbf
00:00:01.661361 VMMDev: Guest Log: BIOS: No PCI IDE controller, not probing IDE
00:00:01.696757 PIT: mode=2 count=0x48d3 (18643) - 64.00 Hz (ch=0)
00:00:01.710087 Display::i_handleDisplayResize: uScreenId=0 pvVRAM=000001b31d0b0000 w=640 h=480 bpp=32 cbLine=0xA00 flags=0x0 origin=0,0
00:00:02.075086 VBoxHeadless: starting event loop
00:00:04.175715 PIT: mode=2 count=0x10000 (65536) - 18.20 Hz (ch=0)
00:00:04.176087 VMMDev: Guest Log: BIOS: Boot : bseqnr=1, bootseq=0001
00:00:04.179999 Display::i_handleDisplayResize: uScreenId=0 pvVRAM=0000000000000000 w=720 h=400 bpp=0 cbLine=0x0 flags=0x0 origin=0,0
00:00:04.197326 VMMDev: Guest Log: BIOS: Booting from Floppy...
00:00:04.221466 WasAPI: Looking up or creating cache entry (caching is set to enabled, iface 000001b3181bf320, async init)
00:00:04.221557 Audio: Warning: Scheduling hint of stream '[WasAPI] Output:0' is bigger (1000ms) than used period size (0ms)
00:00:04.221661 Audio Mixer: Setting sink 'SB16 Mixer/PCM Output' -- channel volumes: ba ba ba ba ba ba ba ba ba ba ba ba
00:00:04.223488 Display::i_handleDisplayResize: uScreenId=0 pvVRAM=000001b31d0b0000 w=640 h=400 bpp=0 cbLine=0x140 flags=0x0 origin=0,0
