00:00:00.377292 VirtualBox VM 7.2.6 r172322 win.amd64 (Jan 15 2026 18:08:50) release log
00:00:00.377294 Log opened 2026-04-22T21:06:18.060175600Z
00:00:00.377295 Build Type: release
00:00:00.377296 OS Product: Windows 10
00:00:00.377474 OS Release: 10.0.19045.7184
00:00:00.377475 OS Service Pack: 
00:00:00.451082 DMI Product Name: System Product Name
00:00:00.454204 DMI Product Version: System Version
00:00:00.454219 Firmware type: UEFI
00:00:00.454536 Secure Boot: Enabled
00:00:00.454543 Host RAM: 32692MB (31.9GB) total, 20500MB (20.0GB) available
00:00:00.454545 Executable: C:\Program Files\Oracle\VirtualBox\VBoxHeadless.exe
00:00:00.454546 Process ID: 44484
00:00:00.454547 Package type: WINDOWS_64BITS_GENERIC
00:00:00.454547 Windows Features:
00:00:00.454547   Core Isolation (Memory Integrity): DISABLED
00:00:00.455346 Installed Extension Packs:
00:00:00.455359   None installed!
00:00:00.455943 Console: Machine state changed to 'Starting'
00:00:00.526685 SUP: seg #0: R   0x00000000 LB 0x00001000
00:00:00.526703 SUP: seg #1: R X 0x00001000 LB 0x00204000
00:00:00.526707 SUP: seg #2: R   0x00205000 LB 0x00053000
00:00:00.526711 SUP: seg #3: RW  0x00258000 LB 0x00013000
00:00:00.526714 SUP: seg #4: R   0x0026b000 LB 0x00013000
00:00:00.526718 SUP: seg #5: RW  0x0027e000 LB 0x00004000
00:00:00.526721 SUP: seg #6: R   0x00282000 LB 0x00007000
00:00:00.526724 SUP: seg #7: R X 0x00289000 LB 0x00002000
00:00:00.526727 SUP: seg #8: R   0x0028b000 LB 0x00007000
00:00:00.530345 SUP: Loaded VMMR0.r0 (C:\Program Files\Oracle\VirtualBox/VMMR0.r0) at 0xXXXXXXXXXXXXXXXX - ModuleInit at XXXXXXXXXXXXXXXX and ModuleTerm at XXXXXXXXXXXXXXXX using the native ring-0 loader
00:00:00.530388 SUP: VMMR0EntryEx located at XXXXXXXXXXXXXXXX and VMMR0EntryFast at XXXXXXXXXXXXXXXX
00:00:00.530392 SUP: windbg> .reload /f C:\Program Files\Oracle\VirtualBox/VMMR0.r0=0xXXXXXXXXXXXXXXXX
00:00:00.534732 Guest architecture: x86
00:00:00.534801 Guest OS type: 'Other'
00:00:00.535489 fHMForced=true - No raw-mode support in this build!
00:00:00.535503 Using execution engine 1
00:00:00.538209 File system of 'C:\Users\RhythmicCarnage\Desktop\CyberStorm\deploy\virtualbox\CyberStorm.vdi' is ntfs
00:00:00.643234 Shared Clipboard: Initialized OLE
00:00:00.643282 Shared Clipboard: Service loaded
00:00:00.643294 Shared Clipboard: Mode: Off
00:00:00.643337 Shared Clipboard: Service running in headless mode
00:00:00.653831 Drag and drop service loaded
00:00:00.653845 Drag and drop mode: Off
00:00:00.654795 Audio: Detected default audio driver type is 'HostAudioWas'
00:00:00.741151 ************************* CFGM dump *************************
00:00:00.741151 [/] (level 0)
00:00:00.741151   CpuExecutionCap   <integer> = 0x0000000000000064 (100)
00:00:00.741151   EnablePAE         <integer> = 0x0000000000000000 (0)
00:00:00.741151   HMEnabled         <integer> = 0x0000000000000001 (1)
00:00:00.741151   MemBalloonSize    <integer> = 0x0000000000000000 (0, 0 B)
00:00:00.741151   Name              <string>  = "CyberStorm" (cb=11)
00:00:00.741151   NumCPUs           <integer> = 0x0000000000000001 (1)
00:00:00.741151   PageFusionAllowed <integer> = 0x0000000000000000 (0)
00:00:00.741151   RamHoleSize       <integer> = 0x0000000020000000 (536 870 912, 512.0 MiB)
00:00:00.741151   RamSize           <integer> = 0x0000000004000000 (67 108 864, 64.0 MiB)
00:00:00.741151   TimerMillies      <integer> = 0x000000000000000a (10)
00:00:00.741151   UUID              <bytes>   = "34 a2 7d 5b 35 f5 fd 46 90 ec 48 85 97 df 3e 9b" (cb=16)
00:00:00.741151 
00:00:00.741151 [/CPUM/] (level 1)
00:00:00.741151   Enable64bit        <integer> = 0x0000000000000000 (0)
00:00:00.741151   GuestCpuName       <string>  = "host" (cb=5)
00:00:00.741151   NestedHWVirt       <integer> = 0x0000000000000000 (0)
00:00:00.741151   PortableCpuIdLevel <integer> = 0x0000000000000000 (0)
00:00:00.741151   SpecCtrl           <integer> = 0x0000000000000000 (0)
00:00:00.741151 
00:00:00.741151 [/CPUM/IsaExts/] (level 2)
00:00:00.741151 
00:00:00.741151 [/DBGC/] (level 1)
00:00:00.741151   GlobalInitScript <string>  = "C:\Users\RhythmicCarnage\.VirtualBox/dbgc-init" (cb=47)
00:00:00.741151   HistoryFile      <string>  = "C:\Users\RhythmicCarnage\.VirtualBox/dbgc-history" (cb=50)
00:00:00.741151   LocalInitScript  <string>  = "C:\Users\RhythmicCarnage\Desktop\CyberStorm\deploy\virtualbox\CyberStorm/dbgc-init" (cb=83)
00:00:00.741151 
00:00:00.741151 [/DBGF/] (level 1)
00:00:00.741151   Path <string>  = "C:\Users\RhythmicCarnage\Desktop\CyberStorm\deploy\virtualbox\CyberStorm/debug/;C:\Users\RhythmicCarnage\Desktop\CyberStorm\deploy\virtualbox\CyberStorm/;cache*C:\Users\RhythmicCarnage\Desktop\CyberStorm\deploy\virtualbox\CyberStorm/dbgcache/;C:\Users\RhythmicCarnage\" (cb=269)
00:00:00.741151 
00:00:00.741151 [/Devices/] (level 1)
00:00:00.741151 
00:00:00.741151 [/Devices/3c501/] (level 2)
00:00:00.741151 
00:00:00.741151 [/Devices/8237A/] (level 2)
00:00:00.741151 
00:00:00.741151 [/Devices/8237A/0/] (level 3)
00:00:00.741151   Trusted <integer> = 0x0000000000000001 (1)
00:00:00.741151 
00:00:00.741151 [/Devices/VMMDev/] (level 2)
00:00:00.741151 
00:00:00.741151 [/Devices/VMMDev/0/] (level 3)
00:00:00.741151   PCIBusNo      <integer> = 0x0000000000000000 (0)
00:00:00.741151   PCIDeviceNo   <integer> = 0x0000000000000004 (4)
00:00:00.741151   PCIFunctionNo <integer> = 0x0000000000000000 (0)
00:00:00.741151   Trusted       <integer> = 0x0000000000000001 (1)
00:00:00.741151 
00:00:00.741151 [/Devices/VMMDev/0/Config/] (level 4)
00:00:00.741151   GuestCoreDumpDir <string>  = "C:\Users\RhythmicCarnage\Desktop\CyberStorm\deploy\virtualbox\CyberStorm\Snapshots" (cb=83)
00:00:00.741151 
00:00:00.741151 [/Devices/VMMDev/0/LUN#0/] (level 4)
00:00:00.741151   Driver <string>  = "HGCM" (cb=5)
00:00:00.741151 
00:00:00.741151 [/Devices/VMMDev/0/LUN#0/Config/] (level 5)
00:00:00.741151 
00:00:00.741151 [/Devices/VMMDev/0/LUN#999/] (level 4)
00:00:00.741151   Driver <string>  = "MainStatus" (cb=11)
00:00:00.741151 
00:00:00.741151 [/Devices/VMMDev/0/LUN#999/Config/] (level 5)
00:00:00.741151   First                <integer> = 0x0000000000000000 (0)
00:00:00.741151   HasMediumAttachments <integer> = 0x0000000000000000 (0)
00:00:00.741151   Last                 <integer> = 0x0000000000000000 (0)
00:00:00.741151   iLedSet              <integer> = 0x0000000000000003 (3)
00:00:00.741151 
00:00:00.741151 [/Devices/acpi/] (level 2)
00:00:00.741151 
00:00:00.741151 [/Devices/acpi/0/] (level 3)
00:00:00.741151   PCIBusNo      <integer> = 0x0000000000000000 (0)
00:00:00.741151   PCIDeviceNo   <integer> = 0x0000000000000007 (7)
00:00:00.741151   PCIFunctionNo <integer> = 0x0000000000000000 (0)
00:00:00.741151   Trusted       <integer> = 0x0000000000000001 (1)
00:00:00.741151 
00:00:00.741151 [/Devices/acpi/0/Config/] (level 4)
00:00:00.741151   CpuHotPlug          <integer> = 0x0000000000000000 (0)
00:00:00.741151   FdcEnabled          <integer> = 0x0000000000000000 (0)
00:00:00.741151   HostBusPciAddress   <integer> = 0x0000000000000000 (0)
00:00:00.741151   HpetEnabled         <integer> = 0x0000000000000000 (0)
00:00:00.741151   IOAPIC              <integer> = 0x0000000000000000 (0)
00:00:00.741151   IocPciAddress       <integer> = 0x0000000000010000 (65 536)
00:00:00.741151   NumCPUs             <integer> = 0x0000000000000001 (1)
00:00:00.741151   Parallel0IoPortBase <integer> = 0x0000000000000000 (0)
00:00:00.741151   Parallel0Irq        <integer> = 0x0000000000000000 (0)
00:00:00.741151   Parallel1IoPortBase <integer> = 0x0000000000000000 (0)
00:00:00.741151   Parallel1Irq        <integer> = 0x0000000000000000 (0)
00:00:00.741151   Serial0IoPortBase   <integer> = 0x0000000000000000 (0)
00:00:00.741151   Serial0Irq          <integer> = 0x0000000000000000 (0)
00:00:00.741151   Serial1IoPortBase   <integer> = 0x0000000000000000 (0)
00:00:00.741151   Serial1Irq          <integer> = 0x0000000000000000 (0)
00:00:00.741151   ShowCpu             <integer> = 0x0000000000000000 (0)
00:00:00.741151   ShowRtc             <integer> = 0x0000000000000000 (0)
00:00:00.741151   SmcEnabled          <integer> = 0x0000000000000000 (0)
00:00:00.741151 
00:00:00.741151 [/Devices/acpi/0/LUN#0/] (level 4)
00:00:00.741151   Driver <string>  = "ACPIHost" (cb=9)
00:00:00.741151 
00:00:00.741151 [/Devices/acpi/0/LUN#0/Config/] (level 5)
00:00:00.741151 
00:00:00.741151 [/Devices/apic/] (level 2)
00:00:00.741151 
00:00:00.741151 [/Devices/apic/0/] (level 3)
00:00:00.741151   Trusted <integer> = 0x0000000000000001 (1)
00:00:00.741151 
00:00:00.741151 [/Devices/apic/0/Config/] (level 4)
00:00:00.741151   IOAPIC  <integer> = 0x0000000000000000 (0)
00:00:00.741151   Mode    <integer> = 0x0000000000000002 (2)
00:00:00.741151   NumCPUs <integer> = 0x0000000000000001 (1)
00:00:00.741151 
00:00:00.741151 [/Devices/dp8390/] (level 2)
00:00:00.741151 
00:00:00.741151 [/Devices/e1000/] (level 2)
00:00:00.741151 
00:00:00.741151 [/Devices/i8254/] (level 2)
00:00:00.741151 
00:00:00.741151 [/Devices/i8254/0/] (level 3)
00:00:00.741151 
00:00:00.741151 [/Devices/i8254/0/Config/] (level 4)
00:00:00.741151 
00:00:00.741151 [/Devices/i8259/] (level 2)
00:00:00.741151 
00:00:00.741151 [/Devices/i8259/0/] (level 3)
00:00:00.741151   Trusted <integer> = 0x0000000000000001 (1)
00:00:00.741151 
00:00:00.741151 [/Devices/i8259/0/Config/] (level 4)
00:00:00.741151 
00:00:00.741151 [/Devices/mc146818/] (level 2)
00:00:00.741151 
00:00:00.741151 [/Devices/mc146818/0/] (level 3)
00:00:00.741151 
00:00:00.741151 [/Devices/mc146818/0/Config/] (level 4)
00:00:00.741151   UseUTC <integer> = 0x0000000000000000 (0)
00:00:00.741151 
00:00:00.741151 [/Devices/parallel/] (level 2)
00:00:00.741151 
00:00:00.741151 [/Devices/pcarch/] (level 2)
00:00:00.741151 
00:00:00.741151 [/Devices/pcarch/0/] (level 3)
00:00:00.741151   Trusted <integer> = 0x0000000000000001 (1)
00:00:00.741151 
00:00:00.741151 [/Devices/pcarch/0/Config/] (level 4)
00:00:00.741151 
00:00:00.741151 [/Devices/pcbios/] (level 2)
00:00:00.741151 
00:00:00.741151 [/Devices/pcbios/0/] (level 3)
00:00:00.741151   Trusted <integer> = 0x0000000000000001 (1)
00:00:00.741151 
00:00:00.741151 [/Devices/pcbios/0/Config/] (level 4)
00:00:00.741151   APIC            <integer> = 0x0000000000000001 (1)
00:00:00.741151   BootDevice0     <string>  = "IDE" (cb=4)
00:00:00.741151   BootDevice1     <string>  = "NONE" (cb=5)
00:00:00.741151   BootDevice2     <string>  = "NONE" (cb=5)
00:00:00.741151   BootDevice3     <string>  = "NONE" (cb=5)
00:00:00.741151   DmiSystemSerial <string>  = "VirtualBox-<DmiSystemUuid>" (cb=27)
00:00:00.741151   FloppyDevice    <string>  = "i82078" (cb=7)
00:00:00.741151   HardDiskDevice  <string>  = "piix3ide" (cb=9)
00:00:00.741151   IOAPIC          <integer> = 0x0000000000000000 (0)
00:00:00.741151   McfgBase        <integer> = 0x0000000000000000 (0)
00:00:00.741151   McfgLength      <integer> = 0x0000000000000000 (0)
00:00:00.741151   NumCPUs         <integer> = 0x0000000000000001 (1)
00:00:00.741151   PXEDebug        <integer> = 0x0000000000000000 (0)
00:00:00.741151   UUID            <bytes>   = "34 a2 7d 5b 35 f5 fd 46 90 ec 48 85 97 df 3e 9b" (cb=16)
00:00:00.741151   UuidLe          <integer> = 0x0000000000000001 (1)
00:00:00.741151 
00:00:00.741151 [/Devices/pcbios/0/Config/NetBoot/] (level 5)
00:00:00.741151 
00:00:00.741151 [/Devices/pcbios/0/Config/NetBoot/0/] (level 6)
00:00:00.741151   NIC           <integer> = 0x0000000000000000 (0)
00:00:00.741151   PCIBusNo      <integer> = 0x0000000000000000 (0)
00:00:00.741151   PCIDeviceNo   <integer> = 0x0000000000000003 (3)
00:00:00.741151   PCIFunctionNo <integer> = 0x0000000000000000 (0)
00:00:00.741151 
00:00:00.741151 [/Devices/pci/] (level 2)
00:00:00.741151 
00:00:00.741151 [/Devices/pci/0/] (level 3)
00:00:00.741151   Trusted <integer> = 0x0000000000000001 (1)
00:00:00.741151 
00:00:00.741151 [/Devices/pci/0/Config/] (level 4)
00:00:00.741151   IOAPIC <integer> = 0x0000000000000000 (0)
00:00:00.741151 
00:00:00.741151 [/Devices/pcibridge/] (level 2)
00:00:00.741151 
00:00:00.741151 [/Devices/pckbd/] (level 2)
00:00:00.741151 
00:00:00.741151 [/Devices/pckbd/0/] (level 3)
00:00:00.741151   Trusted <integer> = 0x0000000000000001 (1)
00:00:00.741151 
00:00:00.741151 [/Devices/pckbd/0/Config/] (level 4)
00:00:00.741151 
00:00:00.741151 [/Devices/pckbd/0/LUN#0/] (level 4)
00:00:00.741151   Driver <string>  = "KeyboardQueue" (cb=14)
00:00:00.741151 
00:00:00.741151 [/Devices/pckbd/0/LUN#0/AttachedDriver/] (level 5)
00:00:00.741151   Driver <string>  = "MainKeyboard" (cb=13)
00:00:00.741151 
00:00:00.741151 [/Devices/pckbd/0/LUN#0/Config/] (level 5)
00:00:00.741151   QueueSize <integer> = 0x0000000000000040 (64, 64 B)
00:00:00.741151 
00:00:00.741151 [/Devices/pckbd/0/LUN#1/] (level 4)
00:00:00.741151   Driver <string>  = "MouseQueue" (cb=11)
00:00:00.741151 
00:00:00.741151 [/Devices/pckbd/0/LUN#1/AttachedDriver/] (level 5)
00:00:00.741151   Driver <string>  = "MainMouse" (cb=10)
00:00:00.741151 
00:00:00.741151 [/Devices/pckbd/0/LUN#1/Config/] (level 5)
00:00:00.741151   QueueSize <integer> = 0x0000000000000080 (128, 128 B)
00:00:00.741151 
00:00:00.741151 [/Devices/pcnet/] (level 2)
00:00:00.741151 
00:00:00.741151 [/Devices/pcnet/0/] (level 3)
00:00:00.741151   PCIBusNo      <integer> = 0x0000000000000000 (0)
00:00:00.741151   PCIDeviceNo   <integer> = 0x0000000000000003 (3)
00:00:00.741151   PCIFunctionNo <integer> = 0x0000000000000000 (0)
00:00:00.741151   Trusted       <integer> = 0x0000000000000001 (1)
00:00:00.741151 
00:00:00.741151 [/Devices/pcnet/0/Config/] (level 4)
00:00:00.741151   CableConnected <integer> = 0x0000000000000001 (1)
00:00:00.741151   ChipType       <string>  = "Am79C973" (cb=9)
00:00:00.741151   LineSpeed      <integer> = 0x0000000000000000 (0)
00:00:00.741151   MAC            <bytes>   = "08 00 27 e6 79 34" (cb=6)
00:00:00.741151 
00:00:00.741151 [/Devices/pcnet/0/LUN#0/] (level 4)
00:00:00.741151   Driver <string>  = "NAT" (cb=4)
00:00:00.741151 
00:00:00.741151 [/Devices/pcnet/0/LUN#0/Config/] (level 5)
00:00:00.741151   AliasMode          <integer> = 0x0000000000000000 (0)
00:00:00.741151   DNSProxy           <integer> = 0x0000000000000000 (0)
00:00:00.741151   EnableTFTP         <integer> = 0x0000000000000000 (0)
00:00:00.741151   ForwardBroadcast   <integer> = 0x0000000000000000 (0)
00:00:00.741151   LocalhostReachable <integer> = 0x0000000000000000 (0)
00:00:00.741151   Network            <string>  = "10.0.2.0/24" (cb=12)
00:00:00.741151   PassDomain         <integer> = 0x0000000000000001 (1)
00:00:00.741151   UseHostResolver    <integer> = 0x0000000000000000 (0)
00:00:00.741151 
00:00:00.741151 [/Devices/pcnet/0/LUN#999/] (level 4)
00:00:00.741151   Driver <string>  = "MainStatus" (cb=11)
00:00:00.741151 
00:00:00.741151 [/Devices/pcnet/0/LUN#999/Config/] (level 5)
00:00:00.741151   First                <integer> = 0x0000000000000000 (0)
00:00:00.741151   HasMediumAttachments <integer> = 0x0000000000000000 (0)
00:00:00.741151   Last                 <integer> = 0x0000000000000000 (0)
00:00:00.741151   iLedSet              <integer> = 0x0000000000000002 (2)
00:00:00.741151 
00:00:00.741151 [/Devices/piix3ide/] (level 2)
00:00:00.741151 
00:00:00.741151 [/Devices/piix3ide/0/] (level 3)
00:00:00.741151   PCIBusNo      <integer> = 0x0000000000000000 (0)
00:00:00.741151   PCIDeviceNo   <integer> = 0x0000000000000001 (1)
00:00:00.741151   PCIFunctionNo <integer> = 0x0000000000000001 (1)
00:00:00.741151   Trusted       <integer> = 0x0000000000000001 (1)
00:00:00.741151 
00:00:00.741151 [/Devices/piix3ide/0/Config/] (level 4)
00:00:00.741151   Type <string>  = "PIIX4" (cb=6)
00:00:00.741151 
00:00:00.741151 [/Devices/piix3ide/0/LUN#0/] (level 4)
00:00:00.741151   Driver <string>  = "VD" (cb=3)
00:00:00.741151 
00:00:00.741151 [/Devices/piix3ide/0/LUN#0/Config/] (level 5)
00:00:00.741151   Format    <string>  = "VDI" (cb=4)
00:00:00.741151   Mountable <integer> = 0x0000000000000000 (0)
00:00:00.741151   Path      <string>  = "C:\Users\RhythmicCarnage\Desktop\CyberStorm\deploy\virtualbox\CyberStorm.vdi" (cb=77)
00:00:00.741151   Type      <string>  = "HardDisk" (cb=9)
00:00:00.741151 
00:00:00.741151 [/Devices/piix3ide/0/LUN#0/Config/VDConfig/] (level 6)
00:00:00.741151   AllocationBlockSize <string>  = "1048576" (cb=8)
00:00:00.741151 
00:00:00.741151 [/Devices/piix3ide/0/LUN#999/] (level 4)
00:00:00.741151   Driver <string>  = "MainStatus" (cb=11)
00:00:00.741151 
00:00:00.741151 [/Devices/piix3ide/0/LUN#999/Config/] (level 5)
00:00:00.741151   DeviceInstance       <string>  = "piix3ide/0" (cb=11)
00:00:00.741151   First                <integer> = 0x0000000000000000 (0)
00:00:00.741151   HasMediumAttachments <integer> = 0x0000000000000001 (1)
00:00:00.741151   Last                 <integer> = 0x0000000000000003 (3)
00:00:00.741151   iLedSet              <integer> = 0x0000000000000001 (1)
00:00:00.741151 
00:00:00.741151 [/Devices/sb16/] (level 2)
00:00:00.741151 
00:00:00.741151 [/Devices/sb16/0/] (level 3)
00:00:00.741151   Trusted <integer> = 0x0000000000000001 (1)
00:00:00.741151 
00:00:00.741151 [/Devices/sb16/0/AudioConfig/] (level 4)
00:00:00.741151 
00:00:00.741151 [/Devices/sb16/0/Config/] (level 4)
00:00:00.741151   DMA          <integer> = 0x0000000000000001 (1)
00:00:00.741151   DMA16        <integer> = 0x0000000000000005 (5)
00:00:00.741151   DebugEnabled <integer> = 0x0000000000000000 (0)
00:00:00.741151   IRQ          <integer> = 0x0000000000000005 (5)
00:00:00.741151   Port         <integer> = 0x0000000000000220 (544)
00:00:00.741151   Version      <integer> = 0x0000000000000405 (1 029)
00:00:00.741151 
00:00:00.741151 [/Devices/sb16/0/LUN#0/] (level 4)
00:00:00.741151   Driver <string>  = "AUDIO" (cb=6)
00:00:00.741151 
00:00:00.741151 [/Devices/sb16/0/LUN#0/AttachedDriver/] (level 5)
00:00:00.741151   Driver <string>  = "HostAudioWas" (cb=13)
00:00:00.741151 
00:00:00.741151 [/Devices/sb16/0/LUN#0/AttachedDriver/Config/] (level 6)
00:00:00.741151   VmName <string>  = "CyberStorm" (cb=11)
00:00:00.741151   VmUuid <string>  = "5b7da234-f535-46fd-90ec-488597df3e9b" (cb=37)
00:00:00.741151 
00:00:00.741152 [/Devices/sb16/0/LUN#0/Config/] (level 5)
00:00:00.741152   DriverName    <string>  = "HostAudioWas" (cb=13)
00:00:00.741152   InputEnabled  <integer> = 0x0000000000000000 (0)
00:00:00.741152   OutputEnabled <integer> = 0x0000000000000001 (1)
00:00:00.741152 
00:00:00.741152 [/Devices/sb16/0/LUN#1/] (level 4)
00:00:00.741152   Driver <string>  = "AUDIO" (cb=6)
00:00:00.741152 
00:00:00.741152 [/Devices/sb16/0/LUN#2/] (level 4)
00:00:00.741152   Driver <string>  = "AUDIO" (cb=6)
00:00:00.741152 
00:00:00.741152 [/Devices/serial/] (level 2)
00:00:00.741152 
00:00:00.741152 [/Devices/vga/] (level 2)
00:00:00.741152 
00:00:00.741152 [/Devices/vga/0/] (level 3)
00:00:00.741152   PCIBusNo      <integer> = 0x0000000000000000 (0)
00:00:00.741152   PCIDeviceNo   <integer> = 0x0000000000000002 (2)
00:00:00.741152   PCIFunctionNo <integer> = 0x0000000000000000 (0)
00:00:00.741152   Trusted       <integer> = 0x0000000000000001 (1)
00:00:00.741152 
00:00:00.741152 [/Devices/vga/0/Config/] (level 4)
00:00:00.741152   3DEnabled             <integer> = 0x0000000000000000 (0)
00:00:00.741152   CustomVideoModes      <integer> = 0x0000000000000000 (0)
00:00:00.741152   FadeIn                <integer> = 0x0000000000000001 (1)
00:00:00.741152   FadeOut               <integer> = 0x0000000000000001 (1)
00:00:00.741152   HeightReduction       <integer> = 0x0000000000000000 (0)
00:00:00.741152   LogoFile              <string>  = "" (cb=1)
00:00:00.741152   LogoTime              <integer> = 0x0000000000000000 (0)
00:00:00.741152   MonitorCount          <integer> = 0x0000000000000001 (1)
00:00:00.741152   ShowBootMenu          <integer> = 0x0000000000000002 (2)
00:00:00.741152   VMSVGA3dEnabled       <integer> = 0x0000000000000000 (0)
00:00:00.741152   VMSVGAEnabled         <integer> = 0x0000000000000001 (1)
00:00:00.741152   VRamSize              <integer> = 0x0000000001000000 (16 777 216, 16.0 MiB)
00:00:00.741152   VmSvga3               <integer> = 0x0000000000000000 (0)
00:00:00.741152   VmSvgaExposeLegacyVga <integer> = 0x0000000000000001 (1)
00:00:00.741152 
00:00:00.741152 [/Devices/vga/0/LUN#0/] (level 4)
00:00:00.741152   Driver <string>  = "MainDisplay" (cb=12)
00:00:00.741152 
00:00:00.741152 [/Devices/vga/0/LUN#0/Config/] (level 5)
00:00:00.741152 
00:00:00.741152 [/Devices/vga/0/LUN#999/] (level 4)
00:00:00.741152   Driver <string>  = "MainStatus" (cb=11)
00:00:00.741152 
00:00:00.741152 [/Devices/vga/0/LUN#999/Config/] (level 5)
00:00:00.741152   First                <integer> = 0x0000000000000000 (0)
00:00:00.741152   HasMediumAttachments <integer> = 0x0000000000000000 (0)
00:00:00.741152   Last                 <integer> = 0x0000000000000000 (0)
00:00:00.741152   iLedSet              <integer> = 0x0000000000000000 (0)
00:00:00.741152 
00:00:00.741152 [/Devices/virtio-net/] (level 2)
00:00:00.741152 
00:00:00.741152 [/EM/] (level 1)
00:00:00.741152   TripleFaultReset <integer> = 0x0000000000000000 (0)
00:00:00.741152 
00:00:00.741152 [/GCM/] (level 1)
00:00:00.741152 
00:00:00.741152 [/GIM/] (level 1)
00:00:00.741152   Provider <string>  = "None" (cb=5)
00:00:00.741152 
00:00:00.741152 [/HM/] (level 1)
00:00:00.741152   64bitEnabled        <integer> = 0x0000000000000000 (0)
00:00:00.741152   EnableLargePages    <integer> = 0x0000000000000001 (1)
00:00:00.741152   EnableNestedPaging  <integer> = 0x0000000000000001 (1)
00:00:00.741152   EnableUX            <integer> = 0x0000000000000001 (1)
00:00:00.741152   EnableVPID          <integer> = 0x0000000000000001 (1)
00:00:00.741152   Exclusive           <integer> = 0x0000000000000000 (0)
00:00:00.741152   HMForced            <integer> = 0x0000000000000001 (1)
00:00:00.741152   IBPBOnVMEntry       <integer> = 0x0000000000000000 (0)
00:00:00.741152   IBPBOnVMExit        <integer> = 0x0000000000000000 (0)
00:00:00.741152   L1DFlushOnSched     <integer> = 0x0000000000000001 (1)
00:00:00.741152   L1DFlushOnVMEntry   <integer> = 0x0000000000000000 (0)
00:00:00.741152   MDSClearOnSched     <integer> = 0x0000000000000001 (1)
00:00:00.741152   MDSClearOnVMEntry   <integer> = 0x0000000000000000 (0)
00:00:00.741152   SpecCtrlByHost      <integer> = 0x0000000000000000 (0)
00:00:00.741152   SvmVirtVmsaveVmload <integer> = 0x0000000000000000 (0)
00:00:00.741152   UseNEMInstead       <integer> = 0x0000000000000000 (0)
00:00:00.741152 
00:00:00.741152 [/MM/] (level 1)
00:00:00.741152   CanUseLargerHeap <integer> = 0x0000000000000000 (0)
00:00:00.741152 
00:00:00.741152 [/NEM/] (level 1)
00:00:00.741152   Allow64BitGuests  <integer> = 0x0000000000000000 (0)
00:00:00.741152   IBPBOnVMEntry     <integer> = 0x0000000000000000 (0)
00:00:00.741152   IBPBOnVMExit      <integer> = 0x0000000000000000 (0)
00:00:00.741152   L1DFlushOnSched   <integer> = 0x0000000000000001 (1)
00:00:00.741152   L1DFlushOnVMEntry <integer> = 0x0000000000000000 (0)
00:00:00.741152   MDSClearOnSched   <integer> = 0x0000000000000001 (1)
00:00:00.741152   MDSClearOnVMEntry <integer> = 0x0000000000000000 (0)
00:00:00.741152 
00:00:00.741152 [/PDM/] (level 1)
00:00:00.741152 
00:00:00.741152 [/PDM/AsyncCompletion/] (level 2)
00:00:00.741152 
00:00:00.741152 [/PDM/AsyncCompletion/File/] (level 3)
00:00:00.741152 
00:00:00.741152 [/PDM/AsyncCompletion/File/BwGroups/] (level 4)
00:00:00.741152 
00:00:00.741152 [/PDM/BlkCache/] (level 2)
00:00:00.741152   CacheSize <integer> = 0x0000000000500000 (5 242 880, 5.0 MiB)
00:00:00.741152 
00:00:00.741152 [/PDM/Devices/] (level 2)
00:00:00.741152 
00:00:00.741152 [/PDM/Drivers/] (level 2)
00:00:00.741152 
00:00:00.741152 [/PDM/Drivers/VBoxC/] (level 3)
00:00:00.741152   Path <string>  = "VBoxC" (cb=6)
00:00:00.741152 
00:00:00.741152 [/PDM/NetworkShaper/] (level 2)
00:00:00.741152 
00:00:00.741152 [/PDM/NetworkShaper/BwGroups/] (level 3)
00:00:00.741152 
00:00:00.741152 [/TM/] (level 1)
00:00:00.741152   UTCOffset <integer> = 0x0000000000000000 (0)
00:00:00.741152 
00:00:00.741152 ********************* End of CFGM dump **********************
00:00:00.741152 HM: HMR3Init: Attempting fall back to NEM: AMD-V is not available
00:00:00.810512 NEM:  info: Found optional import WinHvPlatform.dll!WHvQueryGpaRangeDirtyBitmap.
00:00:00.810534 NEM:  info: Found optional import WinHvPlatform.dll!WHvResumePartitionTime.
00:00:00.810538 NEM:  info: Found optional import WinHvPlatform.dll!WHvSuspendPartitionTime.
00:00:00.810542 NEM:  info: Found optional import WinHvPlatform.dll!WHvRequestInterrupt.
00:00:00.810545 NEM:  info: Found optional import WinHvPlatform.dll!WHvGetVirtualProcessorXsaveState.
00:00:00.810549 NEM:  info: Found optional import WinHvPlatform.dll!WHvSetVirtualProcessorXsaveState.
00:00:00.810554 NEM:  info: Failed to import WinHvPlatform.dll!WHvGetVirtualProcessorState: VERR_SYMBOL_NOT_FOUND
00:00:00.810573 NEM:  info: Failed to import WinHvPlatform.dll!WHvSetVirtualProcessorState: VERR_SYMBOL_NOT_FOUND
00:00:00.810577 NEM:  info: Found optional import WinHvPlatform.dll!WHvGetVirtualProcessorInterruptControllerState.
00:00:00.810580 NEM:  info: Found optional import WinHvPlatform.dll!WHvSetVirtualProcessorInterruptControllerState.
00:00:00.810584 NEM:  info: Found optional import WinHvPlatform.dll!WHvGetVirtualProcessorInterruptControllerState2.
00:00:00.810587 NEM:  info: Found optional import WinHvPlatform.dll!WHvSetVirtualProcessorInterruptControllerState2.
00:00:00.810592 NEM:  info: Found optional import vid.dll!VidGetHvPartitionId.
00:00:00.810596 NEM:  info: Found optional import vid.dll!VidGetPartitionProperty.
00:00:00.810665 NEM: WHvCapabilityCodeHypervisorPresent is TRUE, so this might work...
00:00:00.810671 NEM: WHvCapabilityCodeExtendedVmExits      = 0x00000000000003ff
00:00:00.810675 NEM:                           X64CpuidExit: 1
00:00:00.810679 NEM:                             X64MsrExit: 1
00:00:00.810682 NEM:                          ExceptionExit: 1
00:00:00.810685 NEM:                           X64RdtscExit: 1
00:00:00.810689 NEM:                     X64ApicSmiExitTrap: 1
00:00:00.810692 NEM:                          HypercallExit: 1
00:00:00.810695 NEM:                X64ApicInitSipiExitTrap: 1
00:00:00.810698 NEM:              X64ApicWriteLint0ExitTrap: 1
00:00:00.810701 NEM:              X64ApicWriteLint1ExitTrap: 1
00:00:00.810705 NEM:                X64ApicWriteSvrExitTrap: 1
00:00:00.810708 NEM:                 UnknownSynicConnection: 0
00:00:00.810711 NEM:              RetargetUnknownVpciDevice: 0
00:00:00.810714 NEM:                X64ApicWriteLdrExitTrap: 0
00:00:00.810717 NEM:                X64ApicWriteDfrExitTrap: 0
00:00:00.810720 NEM:                     GpaAccessFaultExit: 0
00:00:00.810723 NEM: WHvCapabilityCodeFeatures             = 0x000000000000007f
00:00:00.810730 NEM:                           PartialUnmap: 1
00:00:00.810733 NEM:                     LocalApicEmulation: 1
00:00:00.810737 NEM:                                  Xsave: 1
00:00:00.810741 NEM:                      DirtyPageTracking: 1
00:00:00.810744 NEM:                     SpeculationControl: 1
00:00:00.810747 NEM:                         ApicRemoteRead: 1
00:00:00.810750 NEM:                            IdleSuspend: 1
00:00:00.810753 NEM:                VirtualPciDeviceSupport: 0
00:00:00.810756 NEM:                           IommuSupport: 0
00:00:00.810759 NEM:                         VpHotAddRemove: 0
00:00:00.810767 NEM: Supported xsave features: 0x381f
00:00:00.810770 NEM:                           XsaveSupport: 1
00:00:00.810773 NEM:                        XsaveoptSupport: 1
00:00:00.810776 NEM:                             AvxSupport: 1
00:00:00.810779 NEM:                            Avx2Support: 1
00:00:00.810783 NEM:                             FmaSupport: 1
00:00:00.810786 NEM:                             MpxSupport: 0
00:00:00.810789 NEM:                          Avx512Support: 0
00:00:00.810792 NEM:                        Avx512DQSupport: 0
00:00:00.810795 NEM:                        Avx512BWSupport: 0
00:00:00.810798 NEM:                        Avx512VLSupport: 0
00:00:00.810801 NEM:                       XsaveCompSupport: 1
00:00:00.810811 NEM:                 XsaveSupervisorSupport: 1
00:00:00.810816 NEM:                            Xcr1Support: 1
00:00:00.810819 NEM:                    Avx512BitalgSupport: 0
00:00:00.810822 NEM:                      Avx512IfmaSupport: 0
00:00:00.810825 NEM:                      Avx512VBmiSupport: 0
00:00:00.810828 NEM:                     Avx512VBmi2Support: 0
00:00:00.810831 NEM:                      Avx512VnniSupport: 0
00:00:00.810834 NEM:                            GfniSupport: 0
00:00:00.810837 NEM:                            VaesSupport: 0
00:00:00.810841 NEM:                 Avx512VPopcntdqSupport: 0
00:00:00.810844 NEM:                      VpclmulqdqSupport: 0
00:00:00.810847 NEM:                      Avx512Bf16Support: 0
00:00:00.810850 NEM:              Avx512Vp2IntersectSupport: 0
00:00:00.810853 NEM:                      Avx512Fp16Support: 0
00:00:00.810856 NEM:                             XfdSupport: 0
00:00:00.810859 NEM:                         AmxTileSupport: 0
00:00:00.810862 NEM:                         AmxBf16Support: 0
00:00:00.810866 NEM:                         AmxInt8Support: 0
00:00:00.810869 NEM:                         AvxVnniSupport: 0
00:00:00.810872 NEM: Supported exception exit bitmap: 0xf7dfb
00:00:00.810878 NEM: WHvCapabilityCodeProcessorVendor      = 0 - AMD
00:00:00.810885 NEM: WHvCapabilityCodeProcessorFeatures    = 0x000006cb66f39fbf
00:00:00.810889 NEM:                            Sse3Support: 1
00:00:00.810892 NEM:                        LahfSahfSupport: 1
00:00:00.810896 NEM:                           Ssse3Support: 1
00:00:00.810899 NEM:                          Sse4_1Support: 1
00:00:00.810904 NEM:                          Sse4_2Support: 1
00:00:00.810907 NEM:                           Sse4aSupport: 1
00:00:00.810910 NEM:                             XopSupport: 0
00:00:00.810914 NEM:                          PopCntSupport: 1
00:00:00.810917 NEM:                      Cmpxchg16bSupport: 1
00:00:00.810920 NEM:                       Altmovcr8Support: 1
00:00:00.810923 NEM:                           LzcntSupport: 1
00:00:00.810926 NEM:                     MisAlignSseSupport: 1
00:00:00.810929 NEM:                          MmxExtSupport: 1
00:00:00.810932 NEM:                        Amd3DNowSupport: 0
00:00:00.810935 NEM:                ExtendedAmd3DNowSupport: 0
00:00:00.810939 NEM:                         Page1GbSupport: 1
00:00:00.810942 NEM:                             AesSupport: 1
00:00:00.810945 NEM:                       PclmulqdqSupport: 1
00:00:00.810948 NEM:                            PcidSupport: 0
00:00:00.810951 NEM:                            Fma4Support: 0
00:00:00.810955 NEM:                            F16CSupport: 1
00:00:00.810958 NEM:                          RdRandSupport: 1
00:00:00.810961 NEM:                        RdWrFsGsSupport: 1
00:00:00.810964 NEM:                            SmepSupport: 1
00:00:00.810967 NEM:              EnhancedFastStringSupport: 0
00:00:00.810970 NEM:                            Bmi1Support: 1
00:00:00.810973 NEM:                            Bmi2Support: 1
00:00:00.810976 NEM:                              Reserved1: 0
00:00:00.810979 NEM:                           MovbeSupport: 1
00:00:00.810982 NEM:                          Npiep1Support: 1
00:00:00.810985 NEM:                   DepX87FPUSaveSupport: 0
00:00:00.810988 NEM:                          RdSeedSupport: 1
00:00:00.810992 NEM:                             AdxSupport: 1
00:00:00.810995 NEM:                   IntelPrefetchSupport: 0
00:00:00.810998 NEM:                            SmapSupport: 1
00:00:00.811001 NEM:                             HleSupport: 0
00:00:00.811004 NEM:                             RtmSupport: 0
00:00:00.811007 NEM:                          RdtscpSupport: 1
00:00:00.811010 NEM:                      ClflushoptSupport: 1
00:00:00.811013 NEM:                            ClwbSupport: 0
00:00:00.811016 NEM:                             ShaSupport: 1
00:00:00.811021 NEM:                X87PointersSavedSupport: 1
00:00:00.811025 NEM:                         InvpcidSupport: 0
00:00:00.811029 NEM:                            IbrsSupport: 0
00:00:00.811032 NEM:                           StibpSupport: 0
00:00:00.811035 NEM:                            IbpbSupport: 0
00:00:00.811039 NEM:                              Reserved2: 0
00:00:00.811042 NEM:                            SsbdSupport: 0
00:00:00.811045 NEM:                 FastShortRepMovSupport: 0
00:00:00.811048 NEM:                              Reserved3: 0
00:00:00.811051 NEM:                                 RdclNo: 0
00:00:00.811055 NEM:                         IbrsAllSupport: 0
00:00:00.811058 NEM:                              Reserved4: 0
00:00:00.811061 NEM:                                  SsbNo: 0
00:00:00.811064 NEM:                                 RsbANo: 0
00:00:00.811067 NEM:                              Reserved5: 0
00:00:00.811071 NEM:                           RdPidSupport: 0
00:00:00.811074 NEM:                            UmipSupport: 0
00:00:00.811077 NEM:                           MdsNoSupport: 0
00:00:00.811080 NEM:                         MdClearSupport: 0
00:00:00.811083 NEM:                           TaaNoSupport: 0
00:00:00.811086 NEM:                         TsxCtrlSupport: 0
00:00:00.811090 NEM:                              Reserved6: 0
00:00:00.811096 NEM: WHvCapabilityCodeProcessorClFlushSize = 2^8
00:00:00.811100 NEM: Warning! Unknown capability 0x4 returning: 3f 00 00 00 00 00 00 00 00 00 00 00 00 00 00 00 00 00 00 00 00 00 00 00
00:00:00.811633 NEM: Warning! Unknown capability 0x1003 returning: 1f 38 00 00 00 00 00 00 00 00 00 00 00 00 00 00 00 00 00 00 00 00 00 00
00:00:00.811648 NEM: Warning! Unknown capability 0x1004 returning: f0 89 82 e2 00 00 00 00 00 00 00 00 00 00 00 00 00 00 00 00 00 00 00 00
00:00:00.811653 NEM: Warning! Unknown capability 0x1005 returning: 00 c2 eb 0b 00 00 00 00 00 00 00 00 00 00 00 00 00 00 00 00 00 00 00 00
00:00:00.811657 NEM: Warning! Unknown capability 0x1006 returning: 02 00 00 00 00 00 00 00 bf 9f f3 66 cb 06 00 00 04 00 00 00 00 00 00 00
00:00:00.812407 NEM: Created partition 000001a25ab3f210. APIC emulation mode: VirtualBox
00:00:00.812441 PGM: Enabling NEM mode
00:00:00.812518 NEM:
00:00:00.812519 NEM: NEMR3Init: Snail execution mode is active!
00:00:00.812519 NEM: Note! VirtualBox is not able to run at its full potential in this execution mode.
00:00:00.812519 NEM:       To see VirtualBox run at max speed you need to disable all Windows features
00:00:00.812519 NEM:       making use of Hyper-V.  That is a moving target, so google how and carefully
00:00:00.812519 NEM:       consider the consequences of disabling these features.
00:00:00.812519 NEM:
00:00:00.812548 CPUM: No hardware-virtualization capability detected
00:00:00.812552 CPUM: fXStateHostMask=0x7; host XCR0=0x7
00:00:00.814961 CPUM: Matched host CPU AMD 0x17/0x8/0x2 AMD_Zen_Ryzen with CPU DB entry 'AMD Ryzen 7 1800X Eight-Core' (AMD 0x17/0x1/0x1 AMD_Zen_Ryzen)
00:00:00.830398 CPUM: MXCSR_MASK=0x2ffff (host: 0x2ffff)
00:00:00.830471 CPUM: Microcode revision 0x08008202
00:00:00.830504 CPUM: MSR fudge: 0x00000017 IA32_PLATFORM_ID
00:00:00.830579 CPUM: MSR fudge: 0x000001a0 IA32_MISC_ENABLE
00:00:00.830606 CPUM: MSR fudge: 0x000002ff IA32_MTRR_DEF_TYPE
00:00:00.830632 CPUM: MSR fudge: 0x0000002c P4_EBC_FREQUENCY_ID
00:00:00.830795 CPUM: Set SSBD not required flag for AMD to work around some buggy Linux kernels!
00:00:00.830802 CPUM: Enabled MTRR read-write support
00:00:00.830808 CPUM: Enabled fixed-range MTRRs and 16 (virtualized) variable-range MTRRs
00:00:00.833086 NEM: HvPartitionPropertyProcessorVendor=0x0 (0)
00:00:00.833145 NEM: cbXSaveArea=832
00:00:00.833178 NEM: Default XSAVE area returned by Hyper-V
00:00:00.833182 0000001d8f0fd510/0000: 00 00 00 00 00 00 00 00-00 00 00 00 00 00 00 00 ................
00:00:00.833186 0000001d8f0fd520/0010: 00 00 00 00 00 00 00 00-80 1f 00 00 ff ff 02 00 ................
00:00:00.833189 0000001d8f0fd530/0020: 00 00 00 00 00 00 00 00-00 00 00 00 00 00 00 00 ................
00:00:00.833192 0000001d8f0fd540/0030: 00 00 00 00 00 00 00 00-00 00 00 00 00 00 00 00 ................
00:00:00.833194 0000001d8f0fd550/0040: 00 00 00 00 00 00 00 00-00 00 00 00 00 00 00 00 ................
00:00:00.833197 0000001d8f0fd560/0050: 00 00 00 00 00 00 00 00-00 00 00 00 00 00 00 00 ................
00:00:00.833200 0000001d8f0fd570/0060: 00 00 00 00 00 00 00 00-00 00 00 00 00 00 00 00 ................
00:00:00.833202 0000001d8f0fd580/0070: 00 00 00 00 00 00 00 00-00 00 00 00 00 00 00 00 ................
00:00:00.833205 0000001d8f0fd590/0080: 00 00 00 00 00 00 00 00-00 00 00 00 00 00 00 00 ................
00:00:00.833208 0000001d8f0fd5a0/0090: 00 00 00 00 00 00 00 00-00 00 00 00 00 00 00 00 ................
00:00:00.833210 0000001d8f0fd5b0/00a0: 00 00 00 00 00 00 00 00-00 00 00 00 00 00 00 00 ................
00:00:00.833212 0000001d8f0fd5c0/00b0: 00 00 00 00 00 00 00 00-00 00 00 00 00 00 00 00 ................
00:00:00.833215 0000001d8f0fd5d0/00c0: 00 00 00 00 00 00 00 00-00 00 00 00 00 00 00 00 ................
00:00:00.833217 0000001d8f0fd5e0/00d0: 00 00 00 00 00 00 00 00-00 00 00 00 00 00 00 00 ................
00:00:00.833219 0000001d8f0fd5f0/00e0: 00 00 00 00 00 00 00 00-00 00 00 00 00 00 00 00 ................
00:00:00.833221 0000001d8f0fd600/00f0: 00 00 00 00 00 00 00 00-00 00 00 00 00 00 00 00 ................
00:00:00.833224 0000001d8f0fd610/0100: 00 00 00 00 00 00 00 00-00 00 00 00 00 00 00 00 ................
00:00:00.833226 0000001d8f0fd620/0110: 00 00 00 00 00 00 00 00-00 00 00 00 00 00 00 00 ................
00:00:00.833229 0000001d8f0fd630/0120: 00 00 00 00 00 00 00 00-00 00 00 00 00 00 00 00 ................
00:00:00.833231 0000001d8f0fd640/0130: 00 00 00 00 00 00 00 00-00 00 00 00 00 00 00 00 ................
00:00:00.833233 0000001d8f0fd650/0140: 00 00 00 00 00 00 00 00-00 00 00 00 00 00 00 00 ................
00:00:00.833235 0000001d8f0fd660/0150: 00 00 00 00 00 00 00 00-00 00 00 00 00 00 00 00 ................
00:00:00.833237 0000001d8f0fd670/0160: 00 00 00 00 00 00 00 00-00 00 00 00 00 00 00 00 ................
00:00:00.833240 0000001d8f0fd680/0170: 00 00 00 00 00 00 00 00-00 00 00 00 00 00 00 00 ................
00:00:00.833242 0000001d8f0fd690/0180: 00 00 00 00 00 00 00 00-00 00 00 00 00 00 00 00 ................
00:00:00.833244 0000001d8f0fd6a0/0190: 00 00 00 00 00 00 00 00-00 00 00 00 00 00 00 00 ................
00:00:00.833247 0000001d8f0fd6b0/01a0: 00 00 00 00 00 00 00 00-00 00 00 00 00 00 00 00 ................
00:00:00.833249 0000001d8f0fd6c0/01b0: 00 00 00 00 00 00 00 00-00 00 00 00 00 00 00 00 ................
00:00:00.833251 0000001d8f0fd6d0/01c0: 00 00 00 00 00 00 00 00-00 00 00 00 00 00 00 00 ................
00:00:00.833254 0000001d8f0fd6e0/01d0: 00 00 00 00 00 00 00 00-00 00 00 00 00 00 00 00 ................
00:00:00.833256 0000001d8f0fd6f0/01e0: 00 00 00 00 00 00 00 00-00 00 00 00 00 00 00 00 ................
00:00:00.833258 0000001d8f0fd700/01f0: 00 00 00 00 00 00 00 00-00 00 00 00 00 00 00 00 ................
00:00:00.833261 0000001d8f0fd710/0200: 02 00 00 00 00 00 00 00-07 00 00 00 00 00 00 80 ................
00:00:00.833263 0000001d8f0fd720/0210: 00 00 00 00 00 00 00 00-00 00 00 00 00 00 00 00 ................
00:00:00.833266 0000001d8f0fd730/0220: 00 00 00 00 00 00 00 00-00 00 00 00 00 00 00 00 ................
00:00:00.833268 0000001d8f0fd740/0230: 00 00 00 00 00 00 00 00-00 00 00 00 00 00 00 00 ................
00:00:00.833271 0000001d8f0fd750/0240: 00 00 00 00 00 00 00 00-00 00 00 00 00 00 00 00 ................
00:00:00.833273 0000001d8f0fd760/0250: 00 00 00 00 00 00 00 00-00 00 00 00 00 00 00 00 ................
00:00:00.833276 0000001d8f0fd770/0260: 00 00 00 00 00 00 00 00-00 00 00 00 00 00 00 00 ................
00:00:00.833278 0000001d8f0fd780/0270: 00 00 00 00 00 00 00 00-00 00 00 00 00 00 00 00 ................
00:00:00.833281 0000001d8f0fd790/0280: 00 00 00 00 00 00 00 00-00 00 00 00 00 00 00 00 ................
00:00:00.833283 0000001d8f0fd7a0/0290: 00 00 00 00 00 00 00 00-00 00 00 00 00 00 00 00 ................
00:00:00.833286 0000001d8f0fd7b0/02a0: 00 00 00 00 00 00 00 00-00 00 00 00 00 00 00 00 ................
00:00:00.833288 0000001d8f0fd7c0/02b0: 00 00 00 00 00 00 00 00-00 00 00 00 00 00 00 00 ................
00:00:00.833291 0000001d8f0fd7d0/02c0: 00 00 00 00 00 00 00 00-00 00 00 00 00 00 00 00 ................
00:00:00.833293 0000001d8f0fd7e0/02d0: 00 00 00 00 00 00 00 00-00 00 00 00 00 00 00 00 ................
00:00:00.833296 0000001d8f0fd7f0/02e0: 00 00 00 00 00 00 00 00-00 00 00 00 00 00 00 00 ................
00:00:00.833298 0000001d8f0fd800/02f0: 00 00 00 00 00 00 00 00-00 00 00 00 00 00 00 00 ................
00:00:00.833300 0000001d8f0fd810/0300: 00 00 00 00 00 00 00 00-00 00 00 00 00 00 00 00 ................
00:00:00.833302 0000001d8f0fd820/0310: 00 00 00 00 00 00 00 00-00 00 00 00 00 00 00 00 ................
00:00:00.833304 0000001d8f0fd830/0320: 00 00 00 00 00 00 00 00-00 00 00 00 00 00 00 00 ................
00:00:00.833307 0000001d8f0fd840/0330: 00 00 00 00 00 00 00 00-00 00 00 00 00 00 00 00 ................
00:00:00.833329 NEM: Successfully set up partition (device handle 0000000000000a80, partition ID 0x8e)
00:00:00.833669 PGM: Host paging mode: AMD64+PGE+NX
00:00:00.833688 PGM: PGMPool: cMaxPages=256 (u64MaxPages=64)
00:00:00.833693 PGM: pgmR3PoolInit: cMaxPages=0x100 cMaxUsers=0x200 cMaxPhysExts=0x200 fCacheEnable=true
00:00:00.848115 SUPLib: MEM_LARGE_PAGES works!
00:00:00.848416 TM: GIP - u32Mode=3 (Invariant) u32UpdateHz=93 u32UpdateIntervalNS=10741500 enmUseTscDelta=2 (Practically Zero) fGetGipCpu=0x2b cCpus=16
00:00:00.848424 TM: GIP - u64CpuHz=3 800 205 671 (0xe2828967)  SUPGetCpuHzFromGip => 3 800 205 671
00:00:00.848430 TM: GIP - CPU: iCpuSet=0x0 idCpu=0x0 idApic=0x0 iGipCpu=0x2 i64TSCDelta=0 enmState=3 u64CpuHz=3800199759(*) cErrors=0
00:00:00.848435 TM: GIP - CPU: iCpuSet=0x1 idCpu=0x1 idApic=0x1 iGipCpu=0x1 i64TSCDelta=0 enmState=3 u64CpuHz=3800206701(*) cErrors=0
00:00:00.848439 TM: GIP - CPU: iCpuSet=0x2 idCpu=0x2 idApic=0x2 iGipCpu=0x7 i64TSCDelta=0 enmState=3 u64CpuHz=3800205164(*) cErrors=0
00:00:00.848443 TM: GIP - CPU: iCpuSet=0x3 idCpu=0x3 idApic=0x3 iGipCpu=0x5 i64TSCDelta=0 enmState=3 u64CpuHz=3800205413(*) cErrors=0
00:00:00.848447 TM: GIP - CPU: iCpuSet=0x4 idCpu=0x4 idApic=0x4 iGipCpu=0x0 i64TSCDelta=0 enmState=3 u64CpuHz=3800205671(*) cErrors=0
00:00:00.848450 TM: GIP - CPU: iCpuSet=0x5 idCpu=0x5 idApic=0x5 iGipCpu=0x6 i64TSCDelta=0 enmState=3 u64CpuHz=3800205515(*) cErrors=0
00:00:00.848454 TM: GIP - CPU: iCpuSet=0x6 idCpu=0x6 idApic=0x6 iGipCpu=0x4 i64TSCDelta=0 enmState=3 u64CpuHz=3800205870(*) cErrors=0
00:00:00.848458 TM: GIP - CPU: iCpuSet=0x7 idCpu=0x7 idApic=0x7 iGipCpu=0x3 i64TSCDelta=0 enmState=3 u64CpuHz=3800204823(*) cErrors=0
00:00:00.848461 TM: GIP - CPU: iCpuSet=0x8 idCpu=0x8 idApic=0x8 iGipCpu=0xa i64TSCDelta=0 enmState=3 u64CpuHz=3800205628(*) cErrors=0
00:00:00.848465 TM: GIP - CPU: iCpuSet=0x9 idCpu=0x9 idApic=0x9 iGipCpu=0x8 i64TSCDelta=0 enmState=3 u64CpuHz=3800205576(*) cErrors=0
00:00:00.848468 TM: GIP - CPU: iCpuSet=0xa idCpu=0xa idApic=0xa iGipCpu=0xd i64TSCDelta=0 enmState=3 u64CpuHz=3800205529(*) cErrors=0
00:00:00.848472 TM: GIP - CPU: iCpuSet=0xb idCpu=0xb idApic=0xb iGipCpu=0xe i64TSCDelta=0 enmState=3 u64CpuHz=3800205671(*) cErrors=0
00:00:00.848475 TM: GIP - CPU: iCpuSet=0xc idCpu=0xc idApic=0xc iGipCpu=0x9 i64TSCDelta=0 enmState=3 u64CpuHz=3800205494(*) cErrors=0
00:00:00.848479 TM: GIP - CPU: iCpuSet=0xd idCpu=0xd idApic=0xd iGipCpu=0xc i64TSCDelta=0 enmState=3 u64CpuHz=3800205648(*) cErrors=0
00:00:00.848482 TM: GIP - CPU: iCpuSet=0xe idCpu=0xe idApic=0xe iGipCpu=0xf i64TSCDelta=0 enmState=3 u64CpuHz=3800206701(*) cErrors=0
00:00:00.848492 TM: GIP - CPU: iCpuSet=0xf idCpu=0xf idApic=0xf iGipCpu=0xb i64TSCDelta=0 enmState=3 u64CpuHz=3800205483(*) cErrors=0
00:00:00.848501 TM: NEM overrides the /TM/TSCModeSwitchAllowed setting.
00:00:00.848513 TM:     cTSCTicksPerSecond=3 800 205 671 (0xe2828967) enmTSCMode=4 (NativeApi) TSCMultiplier=1
00:00:00.848516 TM: cTSCTicksPerSecondHost=3 800 205 671 (0xe2828967)
00:00:00.848517 TM: TSCTiedToExecution=false TSCNotTiedToHalt=false
00:00:00.849296 EMR3Init: fIemExecutesAll=false fGuruOnTripleFault=true
00:00:00.849455 IEM: TargetCpu=CURRENT, Microarch=AMD_Zen_Ryzen aidxTargetCpuEflFlavour={2,0}
00:00:00.849985 GIM: Using provider 'None' (Implementation version: 0)
00:00:00.850006 GCM: Initialized - Fixer bits: 0x0
00:00:00.850071 AIOMgr: Default manager type is 'Async'
00:00:00.850076 AIOMgr: Default file backend is 'NonBuffered'
00:00:00.850128 BlkCache: Cache successfully initialized. Cache size is 5242880 bytes
00:00:00.850133 BlkCache: Cache commit interval is 10000 ms
00:00:00.850136 BlkCache: Cache commit threshold is 2621440 bytes
00:00:01.249728 PcBios: [SMP] BIOS with 1 CPUs
00:00:01.249751 PcBios: Using the 386+ BIOS image.
00:00:01.250170 PcBios: fCheckShutdownStatusForSoftReset=true  fClearShutdownStatusOnHardReset=true
00:00:01.250359 PDM: VirtualBox APIC backend registered
00:00:01.250410 CPUM: SetGuestCpuIdFeature: Enabled xAPIC
00:00:01.250795 PIT: mode=3 count=0x10000 (65536) - 18.20 Hz (ch=0)
00:00:01.251040 VMMDev: cbDefaultBudget: 1 073 741 824 (40000000)
00:00:01.265635 Shared Folders service loaded
00:00:01.275758 Guest Control service loaded
00:00:01.293458 VGA: Using the 386+ BIOS image.
00:00:01.295041 DrvVD: Flushes will be ignored
00:00:01.295051 DrvVD: Async flushes will be passed to the disk
00:00:01.295332 VD: VDInit finished with VINF_SUCCESS
00:00:01.295443 VD: Opening the disk took 380953 ns
00:00:01.295486 PIIX3 ATA: LUN#0: disk, PCHS=65/16/63, total number of sectors 65536
00:00:01.295535 PIIX3 ATA: LUN#1: no unit
00:00:01.295577 PIIX3 ATA: LUN#2: no unit
00:00:01.295582 PIIX3 ATA: LUN#3: no unit
00:00:01.295636 PIIX3 ATA: Ctl#0: finished processing RESET
00:00:01.295662 PIIX3 ATA: Ctl#1: finished processing RESET
00:00:01.309063 Audio Mixer: Setting sink 'SB16 Mixer/PCM Output' -- channel volumes: ba ba ba ba ba ba ba ba ba ba ba ba
00:00:01.334544 WasAPI: Input device is: {Default} (iface 000001a25ab4b620)
00:00:01.336837 WasAPI: Output device is: {Default} (iface 000001a25ab4b300)
00:00:01.342594 Audio: Found 9 devices for driver 'WasAPI'
00:00:01.342606 Audio: Device 'Headphones (High Definition Audio Device)':
00:00:01.342607 Audio:   ID              = {0.0.0.00000000}.{12380492-75b7-42bc-b789-0d1d8d1f4e3b}
00:00:01.342607 Audio:   Usage           = output
00:00:01.342608 Audio:   Flags           = DEFAULT_OUT
00:00:01.342608 Audio:   Input channels  = 0
00:00:01.342609 Audio:   Output channels = 2
00:00:01.342612 Audio: Device 'Headphones (High Definition Audio Device)':
00:00:01.342613 Audio:   ID              = {0.0.0.00000000}.{12380492-75b7-42bc-b789-0d1d8d1f4e3b}
00:00:01.342613 Audio:   Usage           = output
00:00:01.342613 Audio:   Flags           = NONE
00:00:01.342614 Audio:   Input channels  = 0
00:00:01.342614 Audio:   Output channels = 2
00:00:01.342617 Audio: Device 'Digital Audio (S/PDIF) (High Definition Audio Device)':
00:00:01.342617 Audio:   ID              = {0.0.0.00000000}.{2ca71d41-bb09-4c97-9aaf-cabbc6fbe5ab}
00:00:01.342618 Audio:   Usage           = output
00:00:01.342618 Audio:   Flags           = NONE
00:00:01.342618 Audio:   Input channels  = 0
00:00:01.342619 Audio:   Output channels = 2
00:00:01.342622 Audio: Device '100012589 (NVIDIA High Definition Audio)':
00:00:01.342622 Audio:   ID              = {0.0.0.00000000}.{3f36c4ff-500a-4cd3-9a35-77b5981f1155}
00:00:01.342622 Audio:   Usage           = output
00:00:01.342623 Audio:   Flags           = NONE
00:00:01.342623 Audio:   Input channels  = 0
00:00:01.342623 Audio:   Output channels = 2
00:00:01.342626 Audio: Device 'Speakers (2- USB Audio CODEC )':
00:00:01.342627 Audio:   ID              = {0.0.0.00000000}.{566bb4ca-cb36-4deb-843b-246f6c5c5982}
00:00:01.342627 Audio:   Usage           = output
00:00:01.342627 Audio:   Flags           = NONE
00:00:01.342627 Audio:   Input channels  = 0
00:00:01.342628 Audio:   Output channels = 2
00:00:01.342637 Audio: Device '100012589 (NVIDIA High Definition Audio)':
00:00:01.342637 Audio:   ID              = {0.0.0.00000000}.{fdb7b4cc-b13a-4c66-ac46-5302e0b66d2f}
00:00:01.342638 Audio:   Usage           = output
00:00:01.342638 Audio:   Flags           = NONE
00:00:01.342638 Audio:   Input channels  = 0
00:00:01.342638 Audio:   Output channels = 2
00:00:01.342644 Audio: Device 'Microphone (NexiGo HD Webcam Audio)':
00:00:01.342644 Audio:   ID              = {0.0.1.00000000}.{8830d0fa-5126-4de0-babf-090349e9c6f6}
00:00:01.342644 Audio:   Usage           = input
00:00:01.342644 Audio:   Flags           = DEFAULT_IN
00:00:01.342645 Audio:   Input channels  = 2
00:00:01.342645 Audio:   Output channels = 0
00:00:01.342648 Audio: Device 'Microphone (2- USB Audio CODEC )':
00:00:01.342648 Audio:   ID              = {0.0.1.00000000}.{2cdb81b1-e1eb-4201-a0a4-fc6057072946}
00:00:01.342649 Audio:   Usage           = input
00:00:01.342649 Audio:   Flags           = NONE
00:00:01.342649 Audio:   Input channels  = 1
00:00:01.342649 Audio:   Output channels = 0
00:00:01.342652 Audio: Device 'Microphone (NexiGo HD Webcam Audio)':
00:00:01.342652 Audio:   ID              = {0.0.1.00000000}.{8830d0fa-5126-4de0-babf-090349e9c6f6}
00:00:01.342653 Audio:   Usage           = input
00:00:01.342653 Audio:   Flags           = NONE
00:00:01.342653 Audio:   Input channels  = 2
00:00:01.342654 Audio:   Output channels = 0
00:00:01.342913 PGM: The CPU physical address width is 48 bits
00:00:01.342921 PGM: PGMR3InitFinalize: 4 MB PSE mask 0000ffffffffffff -> VINF_SUCCESS
00:00:01.342930 TM: TMR3InitFinalize: fTSCModeSwitchAllowed=false
00:00:01.343211 CPUM: Mapped 1.0MiB (1048576 bytes) of RAM using fixed-range MTRRs
00:00:01.343219 CPUM: Mapped 64.0MiB (67108864 bytes) of RAM using 1 variable-range MTRRs
00:00:01.343324 VMM: Thread-context hooks unavailable
00:00:01.343330 VMM: RTThreadPreemptIsPending() can be trusted
00:00:01.343334 VMM: Kernel preemption is possible
00:00:01.343344 EM: Exit history optimizations: enabled=true enabled-r0=true enabled-r0-no-preemption=false
00:00:01.345894 PcBios: ATA LUN#0 LCHS=65/16/63
00:00:01.345906 APIC: fPostedIntrsEnabled=false fVirtApicRegsEnabled=false fSupportsTscDeadline=false
00:00:01.345912 TMR3UtcNow: nsNow=1 776 891 979 028 328 100 nsPrev=0 -> cNsDelta=1 776 891 979 028 328 100 (offLag=0 offVirtualSync=0 offVirtualSyncGivenUp=0, NowAgain=1 776 891 979 028 328 100)
00:00:01.345981 VMM: fUsePeriodicPreemptionTimers=true
00:00:01.345988 CPUM: Logical host processors: 16 present, 16 max, 16 online, online mask: 000000000000ffff
00:00:01.345989 CPUM: Physical host cores: 8
00:00:01.345989 ************************ CPUID dump *************************
00:00:01.348291          Raw Standard CPUID Leaves
00:00:01.348291      Leaf/sub-leaf  eax      ebx      ecx      edx
00:00:01.348293 Gst: 00000000/0000  0000000d 68747541 444d4163 69746e65
00:00:01.348294 Hst:                0000000d 68747541 444d4163 69746e65
00:00:01.348295 Gst: 00000001/0000  00800f82 00010800 76d83203 178bfbbf
00:00:01.348296 Hst:                00800f82 01100800 fed83203 178bfbff
00:00:01.348297 Gst: 00000002/0000  00000000 00000000 00000000 00000000
00:00:01.348298 Hst:                00000000 00000000 00000000 00000000
00:00:01.348298 Gst: 00000003/0000  00000000 00000000 00000000 00000000
00:00:01.348299 Hst:                00000000 00000000 00000000 00000000
00:00:01.348299 Gst: 00000004/0000  00000000 00000000 00000000 00000000
00:00:01.348300 Hst:                00000000 00000000 00000000 00000000
00:00:01.348300 Gst: 00000005/0000  00000000 00000000 00000000 00000000
00:00:01.348301 Hst:                00000000 00000000 00000000 00000000
00:00:01.348302 Gst: 00000006/0000  00000004 00000000 00000000 00000000
00:00:01.348302 Hst:                00000000 00000000 00000001 00000000
00:00:01.348303 Gst: 00000007/0000  00000000 208c0129 00000000 00000000
00:00:01.348303 Hst:                00000000 209c01a9 00000000 00000000
00:00:01.348304 Gst: 00000007/0001  00000000 00000000 00000000 00000000
00:00:01.348304 Hst:                00000000 00000000 00000000 00000000
00:00:01.348305 Gst: 00000007/0002  00000000 00000000 00000000 00000000
00:00:01.348306 Hst:                00000000 00000000 00000000 00000000
00:00:01.348306 Gst: 00000008/0000  00000000 00000000 00000000 00000000
00:00:01.348307 Hst:                00000000 00000000 00000000 00000000
00:00:01.348307 Gst: 00000009/0000  00000000 00000000 00000000 00000000
00:00:01.348308 Hst:                00000000 00000000 00000000 00000000
00:00:01.348308 Gst: 0000000a/0000  00000000 00000000 00000000 00000000
00:00:01.348309 Hst:                00000000 00000000 00000000 00000000
00:00:01.348309 Gst: 0000000b/0000  00000000 00000000 00000000 00000000
00:00:01.348310 Hst:                00000000 00000000 00000000 00000000
00:00:01.348311 Gst: 0000000c/0000  00000000 00000000 00000000 00000000
00:00:01.348311 Hst:                00000000 00000000 00000000 00000000
00:00:01.348312 Gst: 0000000d/0000  00000007 00000340 00000340 00000000
00:00:01.348312 Hst:                00000007 00000340 00000340 00000000
00:00:01.348313 Gst: 0000000d/0001  00000000 00000340 00000000 00000000
00:00:01.348314 Hst:                0000000f 00000340 00000000 00000000
00:00:01.348314 Gst: 0000000d/0002  00000100 00000240 00000000 00000000
00:00:01.348315 Hst:                00000100 00000240 00000000 00000000
00:00:01.348315 Gst: 0000000d/0003  00000000 00000000 00000000 00000000
00:00:01.348316 Hst:                00000000 00000000 00000000 00000000
00:00:01.348317                                Name: AuthenticAMD
00:00:01.348317                            Supports: 0x00000000-0x0000000d
00:00:01.348319                              Family: 15 	Extended: 8 	Effective: 23
00:00:01.348320                               Model:  8 	Extended: 0 	Effective: 8
00:00:01.348321                            Stepping: 2
00:00:01.348321                                Type: 0 (primary)
00:00:01.348322                             APIC ID: 0x00
00:00:01.348323                        Logical CPUs: 1
00:00:01.348323                        CLFLUSH Size: 8
00:00:01.348324                            Brand ID: 0x00
00:00:01.348325 Features
00:00:01.348325   Mnemonic - Description                                  = Guest (Host)
00:00:01.348327   FPU - x87 FPU on Chip                                   = 1 (1)
00:00:01.348328   VME - Virtual 8086 Mode Enhancements                    = 1 (1)
00:00:01.348329   DE - Debugging extensions                               = 1 (1)
00:00:01.348330   PSE - Page Size Extension                               = 1 (1)
00:00:01.348331   TSC - Time Stamp Counter                                = 1 (1)
00:00:01.348333   MSR - Model Specific Registers                          = 1 (1)
00:00:01.348334   PAE - Physical Address Extension                        = 0 (1)
00:00:01.348335   MCE - Machine Check Exception                           = 1 (1)
00:00:01.348336   CX8 - CMPXCHG8B instruction                             = 1 (1)
00:00:01.348336   APIC - APIC On-Chip                                     = 1 (1)
00:00:01.348337   SEP - SYSENTER and SYSEXIT Present                      = 1 (1)
00:00:01.348338   MTRR - Memory Type Range Registers                      = 1 (1)
00:00:01.348339   PGE - PTE Global Bit                                    = 1 (1)
00:00:01.348340   MCA - Machine Check Architecture                        = 1 (1)
00:00:01.348341   CMOV - Conditional Move instructions                    = 1 (1)
00:00:01.348341   PAT - Page Attribute Table                              = 1 (1)
00:00:01.348342   PSE-36 - 36-bit Page Size Extension                     = 1 (1)
00:00:01.348343   PSN - Processor Serial Number                           = 0 (0)
00:00:01.348344   CLFSH - CLFLUSH instruction                             = 1 (1)
00:00:01.348345   DS - Debug Store                                        = 0 (0)
00:00:01.348346   ACPI - Thermal Mon. & Soft. Clock Ctrl.                 = 0 (0)
00:00:01.348346   MMX - Intel MMX Technology                              = 1 (1)
00:00:01.348347   FXSR - FXSAVE and FXRSTOR instructions                  = 1 (1)
00:00:01.348348   SSE - SSE support                                       = 1 (1)
00:00:01.348349   SSE2 - SSE2 support                                     = 1 (1)
00:00:01.348350   SS - Self Snoop                                         = 0 (0)
00:00:01.348351   HTT - Hyper-Threading Technology                        = 1 (1)
00:00:01.348352   TM - Therm. Monitor                                     = 0 (0)
00:00:01.348352   PBE - Pending Break Enabled                             = 0 (0)
00:00:01.348353   SSE3 - SSE3 support                                     = 1 (1)
00:00:01.348354   PCLMUL - PCLMULQDQ support (for AES-GCM)                = 1 (1)
00:00:01.348355   DTES64 - DS Area 64-bit Layout                          = 0 (0)
00:00:01.348356   MONITOR - MONITOR/MWAIT instructions                    = 0 (0)
00:00:01.348357   CPL-DS - CPL Qualified Debug Store                      = 0 (0)
00:00:01.348357   VMX - Virtual Machine Extensions                        = 0 (0)
00:00:01.348358   SMX - Safer Mode Extensions                             = 0 (0)
00:00:01.348359   EST - Enhanced SpeedStep Technology                     = 0 (0)
00:00:01.348360   TM2 - Terminal Monitor 2                                = 0 (0)
00:00:01.348360   SSSE3 - Supplemental Streaming SIMD Extensions 3        = 1 (1)
00:00:01.348361   CNTX-ID - L1 Context ID                                 = 0 (0)
00:00:01.348362   SDBG - Silicon Debug interface                          = 0 (0)
00:00:01.348363   FMA - Fused Multiply Add extensions                     = 1 (1)
00:00:01.348364   CX16 - CMPXCHG16B instruction                           = 1 (1)
00:00:01.348364   TPRUPDATE - xTPR Update Control                         = 0 (0)
00:00:01.348365   PDCM - Perf/Debug Capability MSR                        = 0 (0)
00:00:01.348366   PCID - Process Context Identifiers                      = 0 (0)
00:00:01.348367   DCA - Direct Cache Access                               = 0 (0)
00:00:01.348368   SSE4_1 - SSE4_1 support                                 = 1 (1)
00:00:01.348368   SSE4_2 - SSE4_2 support                                 = 1 (1)
00:00:01.348369   X2APIC - x2APIC support                                 = 0 (0)
00:00:01.348370   MOVBE - MOVBE instruction                               = 1 (1)
00:00:01.348371   POPCNT - POPCNT instruction                             = 1 (1)
00:00:01.348372   TSCDEADL - Time Stamp Counter Deadline                  = 0 (0)
00:00:01.348373   AES - AES instructions                                  = 1 (1)
00:00:01.348373   XSAVE - XSAVE instruction                               = 1 (1)
00:00:01.348374   OSXSAVE - OSXSAVE instruction                           = 0 (1)
00:00:01.348375   AVX - AVX support                                       = 1 (1)
00:00:01.348376   F16C - 16-bit floating point conversion instructions    = 1 (1)
00:00:01.348377   RDRAND - RDRAND instruction                             = 1 (1)
00:00:01.348377   HVP - Hypervisor Present (we're a guest)                = 0 (1)
00:00:01.348378 Structured Extended Feature Flags Enumeration (leaf 7):
00:00:01.348379 Sub-leaf 0
00:00:01.348379   Mnemonic - Description                                  = Guest (Host)
00:00:01.348380   FSGSBASE - RDFSBASE/RDGSBASE/WRFSBASE/WRGSBASE instr.   = 1 (1)
00:00:01.348381   TSCADJUST - Supports MSR_IA32_TSC_ADJUST                = 0 (0)
00:00:01.348381   SGX - Supports Software Guard Extensions                = 0 (0)
00:00:01.348382   BMI1 - Advanced Bit Manipulation extension 1            = 1 (1)
00:00:01.348383   HLE - Hardware Lock Elision                             = 0 (0)
00:00:01.348384   AVX2 - Advanced Vector Extensions 2                     = 1 (1)
00:00:01.348385   FDP_EXCPTN_ONLY - FPU DP only updated on exceptions     = 0 (0)
00:00:01.348386   SMEP - Supervisor Mode Execution Prevention             = 0 (1)
00:00:01.348387   BMI2 - Advanced Bit Manipulation extension 2            = 1 (1)
00:00:01.348387   ERMS - Enhanced REP MOVSB/STOSB instructions            = 0 (0)
00:00:01.348388   INVPCID - INVPCID instruction                           = 0 (0)
00:00:01.348389   RTM - Restricted Transactional Memory                   = 0 (0)
00:00:01.348390   PQM - Platform Quality of Service Monitoring            = 0 (0)
00:00:01.348390   DEPFPU_CS_DS - Deprecates FPU CS, FPU DS values if set  = 0 (0)
00:00:01.348391   MPE - Intel Memory Protection Extensions                = 0 (0)
00:00:01.348392   PQE - Platform Quality of Service Enforcement           = 0 (0)
00:00:01.348392   AVX512F - AVX512 Foundation instructions                = 0 (0)
00:00:01.348393   AVX512DQ - Supports the AVX512DQ instructions           = 0 (0)
00:00:01.348394   RDSEED - RDSEED instruction                             = 1 (1)
00:00:01.348394   ADX - ADCX/ADOX instructions                            = 1 (1)
00:00:01.348395   SMAP - Supervisor Mode Access Prevention                = 0 (1)
00:00:01.348396   AVX512_IFMA - Supports the AVX512_IFMA instructions     = 0 (0)
00:00:01.348397   CLFLUSHOPT - CLFLUSHOPT (Cache Line Flush) instruction  = 1 (1)
00:00:01.348397   CLWB - CLWB instruction                                 = 0 (0)
00:00:01.348398   INTEL_PT - Intel Processor Trace                        = 0 (0)
00:00:01.348399   AVX512PF - AVX512 Prefetch instructions                 = 0 (0)
00:00:01.348400   AVX512ER - AVX512 Exponential & Reciprocal instructions = 0 (0)
00:00:01.348400   AVX512CD - AVX512 Conflict Detection instructions       = 0 (0)
00:00:01.348401   SHA - Secure Hash Algorithm extensions                  = 1 (1)
00:00:01.348401   AVX512BW - Supports the AVX512BW instructions           = 0 (0)
00:00:01.348402   AVX512VL - Supports the AVX512VL instructions           = 0 (0)
00:00:01.348403   PREFETCHWT1 - PREFETCHWT1 instruction                   = 0 (0)
00:00:01.348404   AVX512_VBMI - Supports the AVX512_VBMI instructions     = 0 (0)
00:00:01.348404   UMIP - User mode insturction prevention                 = 0 (0)
00:00:01.348405   PKU - Protection Key for Usermode pages                 = 0 (0)
00:00:01.348406   OSPKE - CR4.PKU mirror                                  = 0 (0)
00:00:01.348406   WAITPKG - TPAUSE, UMONITOR & UMWAIT support             = 0 (0)
00:00:01.348407   AVX512_VBMI2 - Supports the AVX512_VBMI2 instructions   = 0 (0)
00:00:01.348408   CET_SS - CET shadow stack support                       = 0 (0)
00:00:01.348408   GFNI - Supports the GFNI instruction set                = 0 (0)
00:00:01.348409   VAES - Supports the VEX encoded AES instruction set     = 0 (0)
00:00:01.348410   VPCLMULQDQ - Supports the VPCLMULQDQ instruction        = 0 (0)
00:00:01.348410   AVX512_VNNI - Supports the AVX512_VNNI instructions     = 0 (0)
00:00:01.348411   AVX512_BITALG - Supports the AVX512_BITALG instructions = 0 (0)
00:00:01.348412   TME_EN - Supports 4 IA32_TME_ MSRs                      = 0 (0)
00:00:01.348412   AVX512_VPOPCNTDQ - Supports the AVX512_VPOPCNTDQ instructions = 0 (0)
00:00:01.348413   LA57 - 57-bit linear addresses                          = 0 (0)
00:00:01.348414   MAWAU - Value used by BNDLDX & BNDSTX                   = 0x0 (0x0)
00:00:01.348415   RDPID - Read processor ID support                       = 0 (0)
00:00:01.348415   KEY_LOCKER - Supports Key Locker                        = 0 (0)
00:00:01.348416   BUS_LOCK_DETECT - Supports OS bus-lock detection        = 0 (0)
00:00:01.348417   CLDEMOTE - Supports cache line demote                   = 0 (0)
00:00:01.348418   MOVDIRI - Supports the MOVDIRI instruction              = 0 (0)
00:00:01.348418   MOVDIRI64B - Supports the MOVDIRI64B instruction        = 0 (0)
00:00:01.348419   ENQCMD - Supports the Eqnqueue Stores                   = 0 (0)
00:00:01.348420   SGX_LC - Supports SGX Launch Configuration              = 0 (0)
00:00:01.348420   PKS - Supports protection keys for supervisor pages     = 0 (0)
00:00:01.348421  Sub-leaf 2
00:00:01.348421   Mnemonic - Description                                  = Guest (Host)
00:00:01.348423   PSFD - Supports IA32_SPEC_CTRL[7] (PSFD)                = 0 (0)
00:00:01.348424   IPRED_CTRL - Supports IA32_SPEC_CTRL[4:3] (IPRED_DIS)   = 0 (0)
00:00:01.348425   RRSBA_CTRL - Supports IA32_SPEC_CTRL[6:5] (RRSBA_DIS)   = 0 (0)
00:00:01.348425   DDPD_U - Supports IA32_SPEC_CTRL[8] (DDPD_U)            = 0 (0)
00:00:01.348426   BHI_CTRL - Supports IA32_SPEC_CTRL[10] (BHI_DIS_S)      = 0 (0)
00:00:01.348426   MCDT_NO - No MXCSR Config Dependent Timing issues       = 0 (0)
00:00:01.348427   UC_LOCK_DIS - Supports UC-lock disable and causing #AC  = 0 (0)
00:00:01.348428   MONITOR_MITG_NO - No MONITOR/UMONITOR power issues      = 0 (0)
00:00:01.348429 Processor Extended State Enumeration (leaf 0xd):
00:00:01.348429    XSAVE area cur/max size by XCR0, Guest: 0x340/0x340
00:00:01.348430    XSAVE area cur/max size by XCR0,  Host: 0x340/0x340
00:00:01.348430                    Valid XCR0 bits, Guest: 0x00000000`00000007 ( x87 SSE YMM_Hi128 )
00:00:01.348432                    Valid XCR0 bits,  Host: 0x00000000`00000007 ( x87 SSE YMM_Hi128 )
00:00:01.348433                     XSAVE features, Guest
00:00:01.348434                     XSAVE features,  Host XSAVEOPT XSAVEC XGETBC1 XSAVES
00:00:01.348436       XSAVE area cur size XCR0|XSS, Guest: 0x340
00:00:01.348436       XSAVE area cur size XCR0|XSS,  Host: 0x340
00:00:01.348437                Valid IA32_XSS bits, Guest: 0x00000000`00000000
00:00:01.348437                Valid IA32_XSS bits,  Host: 0x00000000`00000000
00:00:01.348438   State #2, Guest: off=0x0240, cb=0x0100 IA32_XSS-bit -- YMM_Hi128
00:00:01.348439   State #2,  Host:  off=0x0240, cb=0x0100 IA32_XSS-bit -- YMM_Hi128
00:00:01.348445          Raw Hypervisor CPUID Leaves
00:00:01.348445      Leaf/sub-leaf  eax      ebx      ecx      edx
00:00:01.348445 Hst: 40000000/0000  4000000c 7263694d 666f736f 76482074
00:00:01.348446 Hst: 40000001/0000  31237648 00000000 00000000 00000000
00:00:01.348447 Hst: 40000002/0000  00004a61 000a0000 00000007 00001c0d
00:00:01.348448 Hst: 40000003/0000  0000bfff 002bb9ff 00000002 11fffbf2
00:00:01.348449 Hst: 40000004/0000  00042d1c 00000000 00000000 00000000
00:00:01.348449 Hst: 40000005/0000  00000400 00000400 00000c90 00000000
00:00:01.348450 Hst: 40000006/0000  000200ae 00000000 00000000 00000000
00:00:01.348451 Hst: 40000007/0000  80000007 00000003 00000000 00000000
00:00:01.348451 Hst: 40000008/0000  00100001 00000001 0000cccc 00000000
00:00:01.348452 Hst: 40000009/0000  00000000 00000000 00000000 00000000
00:00:01.348453 Hst: 4000000a/0000  00000000 00000000 00000000 00000000
00:00:01.348453 Hst: 4000000b/0000  00000000 00000000 00000000 00000000
00:00:01.348454 Hst: 4000000c/0000  00000000 00000000 00000000 00000000
00:00:01.348455          Raw Extended CPUID Leaves
00:00:01.348455      Leaf/sub-leaf  eax      ebx      ecx      edx
00:00:01.348455 Gst: 80000000/0000  8000001f 68747541 444d4163 69746e65
00:00:01.348456 Hst:                8000001f 68747541 444d4163 69746e65
00:00:01.348457 Gst: 80000001/0000  00800f82 20000000 000001f1 0bc3fb3f
00:00:01.348458 Hst:                00800f82 20000000 004023f3 2fd3fbff
00:00:01.348459 Gst: 80000002/0000  20444d41 657a7952 2037206e 30303732
00:00:01.348459 Hst:                20444d41 657a7952 2037206e 30303732
00:00:01.348460 Gst: 80000003/0000  69452058 2d746867 65726f43 6f725020
00:00:01.348461 Hst:                69452058 2d746867 65726f43 6f725020
00:00:01.348462 Gst: 80000004/0000  73736563 2020726f 20202020 00202020
00:00:01.348462 Hst:                73736563 2020726f 20202020 00202020
00:00:01.348463 Gst: 80000005/0000  ff40ff40 ff40ff40 20080140 40040140
00:00:01.348464 Hst:                ff40ff40 ff40ff40 20080140 40040140
00:00:01.348465 Gst: 80000006/0000  26006400 66006400 02006140 00808140
00:00:01.348466 Hst:                26006400 66006400 02006140 00808140
00:00:01.348466 Gst: 80000007/0000  00000000 00000000 00000000 00000100
00:00:01.348467 Hst:                00000000 0000001b 00000000 00004789
00:00:01.348468 Gst: 80000008/0000  00003030 04000000 00000000 00000000
00:00:01.348468 Hst:                00003030 02000005 0000400f 00000000
00:00:01.348469 Gst: 80000009/0000  00000000 00000000 00000000 00000000
00:00:01.348470 Hst:                00000000 00000000 00000000 00000000
00:00:01.348470 Gst: 8000000a/0000  00000000 00000000 00000000 00000000
00:00:01.348471 Hst:                00000000 00000000 00000000 00000000
00:00:01.348471 Gst: 8000000b/0000  00000000 00000000 00000000 00000000
00:00:01.348472 Hst:                00000000 00000000 00000000 00000000
00:00:01.348472 Gst: 8000000c/0000  00000000 00000000 00000000 00000000
00:00:01.348473 Hst:                00000000 00000000 00000000 00000000
00:00:01.348474 Gst: 8000000d/0000  00000000 00000000 00000000 00000000
00:00:01.348474 Hst:                00000000 00000000 00000000 00000000
00:00:01.348475 Gst: 8000000e/0000  00000000 00000000 00000000 00000000
00:00:01.348475 Hst:                00000000 00000000 00000000 00000000
00:00:01.348476 Gst: 8000000f/0000  00000000 00000000 00000000 00000000
00:00:01.348476 Hst:                00000000 00000000 00000000 00000000
00:00:01.348477 Gst: 80000010/0000  00000000 00000000 00000000 00000000
00:00:01.348478 Hst:                00000000 00000000 00000000 00000000
00:00:01.348478 Gst: 80000011/0000  00000000 00000000 00000000 00000000
00:00:01.348479 Hst:                00000000 00000000 00000000 00000000
00:00:01.348479 Gst: 80000012/0000  00000000 00000000 00000000 00000000
00:00:01.348480 Hst:                00000000 00000000 00000000 00000000
00:00:01.348480 Gst: 80000013/0000  00000000 00000000 00000000 00000000
00:00:01.348481 Hst:                00000000 00000000 00000000 00000000
00:00:01.348482 Gst: 80000014/0000  00000000 00000000 00000000 00000000
00:00:01.348482 Hst:                00000000 00000000 00000000 00000000
00:00:01.348483 Gst: 80000015/0000  00000000 00000000 00000000 00000000
00:00:01.348483 Hst:                00000000 00000000 00000000 00000000
00:00:01.348484 Gst: 80000016/0000  00000000 00000000 00000000 00000000
00:00:01.348485 Hst:                00000000 00000000 00000000 00000000
00:00:01.348485 Gst: 80000017/0000  00000000 00000000 00000000 00000000
00:00:01.348486 Hst:                00000000 00000000 00000000 00000000
00:00:01.348486 Gst: 80000018/0000  00000000 00000000 00000000 00000000
00:00:01.348487 Hst:                00000000 00000000 00000000 00000000
00:00:01.348487 Gst: 80000019/0000  00000000 00000000 00000000 00000000
00:00:01.348488 Hst:                00000000 00000000 00000000 00000000
00:00:01.348489 Gst: 8000001a/0000  00000003 00000000 00000000 00000000
00:00:01.348489 Hst:                00000003 00000000 00000000 00000000
00:00:01.348490 Gst: 8000001b/0000  00000000 00000000 00000000 00000000
00:00:01.348490 Hst:                00000000 00000000 00000000 00000000
00:00:01.348491 Gst: 8000001c/0000  00000000 00000000 00000000 00000000
00:00:01.348491 Hst:                00000000 00000000 00000000 00000000
00:00:01.348492 Gst: 8000001d/0000  00000121 01c0003f 0000003f 00000000
00:00:01.348493 Hst:                00004121 01c0003f 0000003f 00000000
00:00:01.348493 Gst: 8000001d/0001  00000122 00c0003f 000000ff 00000000
00:00:01.348494 Hst:                00004122 00c0003f 000000ff 00000000
00:00:01.348495 Gst: 8000001d/0002  00000143 01c0003f 000003ff 00000002
00:00:01.348495 Hst:                00004143 01c0003f 000003ff 00000002
00:00:01.348496 Gst: 8000001d/0003  00000163 03c0003f 00001fff 00000001
00:00:01.348497 Hst:                0001c163 03c0003f 00001fff 00000001
00:00:01.348497 Gst: 8000001d/0004  00000000 00000000 00000000 00000000
00:00:01.348498 Hst:                00000000 00000000 00000000 00000000
00:00:01.348499 Gst: 8000001e/0000  00000000 00000000 00000000 00000000
00:00:01.348499 Hst:                00000001 00000100 00000000 00000000
00:00:01.348500 Gst: 8000001f/0000  00000000 00000000 00000000 00000000
00:00:01.348501 Hst:                00000000 00000000 00000000 00000000
00:00:01.348501 Ext Name:                        AuthenticAMD
00:00:01.348502 Ext Supports:                    0x80000000-0x8000001f
00:00:01.348502 Family:                          15  	Extended: 8 	Effective: 23
00:00:01.348503 Model:                           8  	Extended: 0 	Effective: 8
00:00:01.348503 Stepping:                        2
00:00:01.348504 Brand ID:                        0x000
00:00:01.348504 Ext Features
00:00:01.348504   Mnemonic - Description                                  = Guest (Host)
00:00:01.348505   FPU - x87 FPU on Chip                                   = 1 (1)
00:00:01.348506   VME - Virtual 8086 Mode Enhancements                    = 1 (1)
00:00:01.348507   DE - Debugging extensions                               = 1 (1)
00:00:01.348508   PSE - Page Size Extension                               = 1 (1)
00:00:01.348509   TSC - Time Stamp Counter                                = 1 (1)
00:00:01.348509   MSR - K86 Model Specific Registers                      = 1 (1)
00:00:01.348510   PAE - Physical Address Extension                        = 0 (1)
00:00:01.348511   MCE - Machine Check Exception                           = 0 (1)
00:00:01.348512   CX8 - CMPXCHG8B instruction                             = 1 (1)
00:00:01.348512   APIC - APIC On-Chip                                     = 1 (1)
00:00:01.348513   SEP - SYSCALL/SYSRET                                    = 1 (1)
00:00:01.348514   MTRR - Memory Type Range Registers                      = 1 (1)
00:00:01.348515   PGE - PTE Global Bit                                    = 1 (1)
00:00:01.348516   MCA - Machine Check Architecture                        = 1 (1)
00:00:01.348517   CMOV - Conditional Move instructions                    = 1 (1)
00:00:01.348517   PAT - Page Attribute Table                              = 1 (1)
00:00:01.348518   PSE-36 - 36-bit Page Size Extension                     = 1 (1)
00:00:01.348519   NX - No-Execute/Execute-Disable                         = 0 (1)
00:00:01.348520   AXMMX - AMD Extensions to MMX instructions              = 1 (1)
00:00:01.348520   MMX - Intel MMX Technology                              = 1 (1)
00:00:01.348521   FXSR - FXSAVE and FXRSTOR Instructions                  = 1 (1)
00:00:01.348522   FFXSR - AMD fast FXSAVE and FXRSTOR instructions        = 1 (1)
00:00:01.348523   Page1GB - 1 GB large page                               = 0 (1)
00:00:01.348523   RDTSCP - RDTSCP instruction                             = 1 (1)
00:00:01.348524   LM - AMD64 Long Mode                                    = 0 (1)
00:00:01.348526   3DNOWEXT - AMD Extensions to 3DNow                      = 0 (0)
00:00:01.348527   3DNOW - AMD 3DNow                                       = 0 (0)
00:00:01.348528   LahfSahf - LAHF/SAHF support in 64-bit mode             = 1 (1)
00:00:01.348529   CmpLegacy - Core multi-processing legacy mode           = 0 (1)
00:00:01.348530   SVM - AMD Secure Virtual Machine extensions             = 0 (0)
00:00:01.348530   EXTAPIC - AMD Extended APIC registers                   = 0 (0)
00:00:01.348531   CR8L - AMD LOCK MOV CR0 means MOV CR8                   = 1 (1)
00:00:01.348532   ABM - AMD Advanced Bit Manipulation                     = 1 (1)
00:00:01.348533   SSE4A - SSE4A instructions                              = 1 (1)
00:00:01.348533   MISALIGNSSE - AMD Misaligned SSE mode                   = 1 (1)
00:00:01.348534   3DNOWPRF - AMD PREFETCH and PREFETCHW instructions      = 1 (1)
00:00:01.348535   OSVW - AMD OS Visible Workaround                        = 0 (1)
00:00:01.348536   IBS - Instruct Based Sampling                           = 0 (0)
00:00:01.348536   XOP - Extended Operation support                        = 0 (0)
00:00:01.348537   SKINIT - SKINIT, STGI, and DEV support                  = 0 (0)
00:00:01.348538   WDT - AMD Watchdog Timer support                        = 0 (1)
00:00:01.348539   LWP - Lightweight Profiling support                     = 0 (0)
00:00:01.348539   FMA4 - Four operand FMA instruction support             = 0 (0)
00:00:01.348540   TCE - Translation Cache Extension support               = 0 (0)
00:00:01.348541   NodeId - NodeId in MSR C001_100C                        = 0 (0)
00:00:01.348542   TBM - Trailing Bit Manipulation instructions            = 0 (0)
00:00:01.348543   TOPOEXT - Topology Extensions                           = 0 (1)
00:00:01.348544   PRFEXTCORE - Performance Counter Extensions support     = 0 (0)
00:00:01.348545   PRFEXTNB - NB Performance Counter Extensions support    = 0 (0)
00:00:01.348546   DATABPEXT - Data-access Breakpoint Extension            = 0 (0)
00:00:01.348547   PERFTSC - Performance Time Stamp Counter                = 0 (0)
00:00:01.348548   PCX_L2I - L2I/L3 Performance Counter Extensions         = 0 (0)
00:00:01.348549   MONITORX - MWAITX and MONITORX instructions             = 0 (0)
00:00:01.348550   AddrMaskExt - BP Addressing masking extended to bit 31  = 0 (0)
00:00:01.348551 Full Name:                       "AMD Ryzen 7 2700X Eight-Core Processor         "
00:00:01.348552 TLB 2/4M Instr/Uni:              fully  64 entries
00:00:01.348552 TLB 2/4M Data:                   fully  64 entries
00:00:01.348553 TLB 4K Instr/Uni:                fully  64 entries
00:00:01.348554 TLB 4K Data:                     fully  64 entries
00:00:01.348554 L1 Instr Cache Line Size:        64 bytes
00:00:01.348555 L1 Instr Cache Lines Per Tag:    1
00:00:01.348555 L1 Instr Cache Associativity:    4 way
00:00:01.348556 L1 Instr Cache Size:             64 KB
00:00:01.348556 L1 Data Cache Line Size:         64 bytes
00:00:01.348557 L1 Data Cache Lines Per Tag:     1
00:00:01.348557 L1 Data Cache Associativity:     8 way
00:00:01.348557 L1 Data Cache Size:              32 KB
00:00:01.348558 L2 TLB 2/4M Instr/Uni:           8 way  1024 entries
00:00:01.348558 L2 TLB 2/4M Data:                2 way  1536 entries
00:00:01.348559 L2 TLB 4K Instr/Uni:             8 way  1024 entries
00:00:01.348559 L2 TLB 4K Data:                  8 way  1536 entries
00:00:01.348560 L2 Cache Line Size:              64 bytes
00:00:01.348560 L2 Cache Lines Per Tag:          1
00:00:01.348560 L2 Cache Associativity:          8 way 
00:00:01.348561 L2 Cache Size:                   512 KB
00:00:01.348563 L3 Cache Line Size:              64 bytes
00:00:01.348563 L3 Cache Lines Per Tag:          1
00:00:01.348563 L3 Cache Associativity:          16 way
00:00:01.348563 L3 Cache Size:                   16384 KB
00:00:01.348564 APM Features EDX
00:00:01.348564   Mnemonic - Description                                  = Guest (Host)
00:00:01.348566   TS - Temperature Sensor                                 = 0 (1)
00:00:01.348567   FID - Frequency ID control                              = 0 (0)
00:00:01.348568   VID - Voltage ID control                                = 0 (0)
00:00:01.348569   TTP - Thermal Trip                                      = 0 (1)
00:00:01.348570   TM - Hardware Thermal Control (HTC)                     = 0 (0)
00:00:01.348571   100MHzSteps - 100 MHz Multiplier control                = 0 (0)
00:00:01.348572   HwPstate - Hardware P-state control                     = 0 (1)
00:00:01.348572   TscInvariant - Invariant Time Stamp Counter             = 1 (1)
00:00:01.348573   CPB - Core Performance Boost                            = 0 (1)
00:00:01.348574   EffFreqRO - Read-only Effective Frequency Interface     = 0 (1)
00:00:01.348575   ProcFdbkIf - Processor Feedback Interface               = 0 (0)
00:00:01.348575   ProcPwrRep - Core power reporting interface support     = 0 (0)
00:00:01.348576   ConnectedStandby - Connected Standby                    = 0 (0)
00:00:01.348577   RAPL - Running average power limit                      = 0 (1)
00:00:01.348578 Ext Features ext IDs EBX
00:00:01.348578   Mnemonic - Description                                  = Guest (Host)
00:00:01.348579   CLZERO - Clear zero instruction (cacheline)             = 0 (1)
00:00:01.348579   IRPerf - Instructions retired count support             = 0 (0)
00:00:01.348580   XSaveErPtr - Save/restore error pointers (FXSAVE/RSTOR) = 0 (1)
00:00:01.348581   INVLPGB - INVLPGB and TLBSYNC instructions              = 0 (0)
00:00:01.348581   RDPRU - RDPRU instruction                               = 0 (0)
00:00:01.348582   BE - Bandwidth Enforcement extension                    = 0 (0)
00:00:01.348583   MCOMMIT - MCOMMIT instruction                           = 0 (0)
00:00:01.348584   WBNOINVD - WBNOINVD instruction                         = 0 (0)
00:00:01.348585   IBPB - Supports the IBPB command in IA32_PRED_CMD       = 0 (0)
00:00:01.348585   INT_WBINVD - WBINVD/WBNOINVD interruptible              = 0 (0)
00:00:01.348586   IBRS - Indirect Branch Restricted Speculation           = 0 (0)
00:00:01.348587   STIBP - Single Thread Indirect Branch Prediction        = 0 (0)
00:00:01.348587   IbrsAlwaysOn - Processor prefers that IBRS be left on   = 0 (0)
00:00:01.348588   StibpAlwaysOn - Processor prefers that STIBP be left on = 0 (0)
00:00:01.348588   IbrsPreferred - IBRS preferred over software solution   = 0 (0)
00:00:01.348589   IbrsSameMode - IBRS limits same mode speculation        = 0 (0)
00:00:01.348590   EferLmsleUnsupported - EFER.LMSLE is unsupported        = 0 (0)
00:00:01.348590   INVLPGBnestedPages - INVLPGB for nested translation     = 0 (0)
00:00:01.348591   PPIN - Protected processor inventory number             = 0 (0)
00:00:01.348592   SSBD - Speculative Store Bypass Disable                 = 0 (0)
00:00:01.348592   SsbdVirtSpecCtrl - Use VIRT_SPEC_CTL for SSBD           = 0 (1)
00:00:01.348593   SsbdNotRequired - SSBD not needed on this processor     = 1 (0)
00:00:01.348594   CPPC - Collaborative Processor Performance Control      = 0 (0)
00:00:01.348594   PSFD - Predictive Store Forward Disable                 = 0 (0)
00:00:01.348595   BTC_NO - Unaffected by branch type confusion            = 0 (0)
00:00:01.348596   IBPB_RET - Clears RA predictor when PRED_CMD.IBPB set   = 0 (0)
00:00:01.348596 Physical Address Width:          48 bits
00:00:01.348597 Virtual Address Width:           48 bits
00:00:01.348597 Guest Physical Address Width:    48 bits (0)
00:00:01.348597 Physical Core Count:             1
00:00:01.348598 APIC ID size:                    1 (0x1)
00:00:01.348598 Performance TSC size:            40 bits
00:00:01.348598 Max page count for INVLPGB:      0x3030
00:00:01.348599 Max ECX for RDPRU:               0x0
00:00:01.348600 ********************* End of CPUID dump *********************
00:00:01.348643 VMEmt: Halt method global1 (5)
00:00:01.348732 VMEmt: HaltedGlobal1 config: cNsSpinBlockThresholdCfg=50000
00:00:01.348743 Changing the VM state from 'CREATING' to 'CREATED'
00:00:01.349715 NAT: DNS settings changed, triggering update
00:00:01.349729 NAT DNS Update: Stored 1263225675 as nameserver #0
00:00:01.349733 NAT DNS Update: Stored 1280068427 as nameserver #1
00:00:01.349737 NAT DNS Update: Stored 2 total nameservers
00:00:01.350152 Changing the VM state from 'CREATED' to 'POWERING_ON'
00:00:01.350399 Changing the VM state from 'POWERING_ON' to 'RUNNING'
00:00:01.350410 Console: Machine state changed to 'Running'
00:00:01.352296 VMMDev: Guest Log: BIOS: VirtualBox 7.2.6
00:00:01.352529 PCI: Setting up resources and interrupts
00:00:01.352695 PIT: mode=2 count=0x10000 (65536) - 18.20 Hz (ch=0)
00:00:01.373307 Display::i_handleDisplayResize: uScreenId=0 pvVRAM=0000000000000000 w=720 h=400 bpp=0 cbLine=0x0 flags=0x0 origin=0,0
00:00:01.373789 VMMDev: Guest Log: CPUID EDX: 0x178bfbbf
00:00:01.373905 PIIX3 ATA: Ctl#0: RESET, DevSel=0 AIOIf=0 CmdIf0=0x00 (-1 usec ago) CmdIf1=0x00 (-1 usec ago)
00:00:01.374271 PIIX3 ATA: Ctl#0: finished processing RESET
00:00:01.374689 VMMDev: Guest Log: BIOS: ata0-0: PCHS=65/16/63 LCHS=65/16/63
00:00:01.417791 PIT: mode=2 count=0x48d3 (18643) - 64.00 Hz (ch=0)
00:00:01.439041 Display::i_handleDisplayResize: uScreenId=0 pvVRAM=000001a263ab0000 w=640 h=480 bpp=32 cbLine=0xA00 flags=0x0 origin=0,0
00:00:01.459455 VBoxHeadless: starting event loop
00:00:03.892042 PIT: mode=2 count=0x10000 (65536) - 18.20 Hz (ch=0)
00:00:03.892268 VMMDev: Guest Log: BIOS: Boot : bseqnr=1, bootseq=0002
00:00:03.892570 VMMDev: Guest Log: BIOS: Booting from Hard Disk...
00:00:03.905288 Display::i_handleDisplayResize: uScreenId=0 pvVRAM=000001a263ab0000 w=640 h=400 bpp=0 cbLine=0x140 flags=0x0 origin=0,0
00:00:03.907656 WasAPI: Looking up or creating cache entry (caching is set to enabled, iface 000001a25ab4b300, async init)
00:00:03.907729 Audio: Warning: Scheduling hint of stream '[WasAPI] Output:0' is bigger (1000ms) than used period size (0ms)
00:00:03.907832 Audio Mixer: Setting sink 'SB16 Mixer/PCM Output' -- channel volumes: ba ba ba ba ba ba ba ba ba ba ba ba
