00:00:00.428528 VirtualBox VM 7.2.6 r172322 win.amd64 (Jan 15 2026 18:08:50) release log
00:00:00.428531 Log opened 2026-04-17T17:23:18.307362800Z
00:00:00.428532 Build Type: release
00:00:00.428534 OS Product: Windows 10
00:00:00.428795 OS Release: 10.0.19045.7058
00:00:00.428796 OS Service Pack: 
00:00:00.504702 DMI Product Name: System Product Name
00:00:00.507566 DMI Product Version: System Version
00:00:00.507577 Firmware type: UEFI
00:00:00.507973 Secure Boot: Enabled
00:00:00.507979 Host RAM: 32692MB (31.9GB) total, 4271MB (4.1GB) available
00:00:00.507982 Executable: C:\Program Files\Oracle\VirtualBox\VBoxHeadless.exe
00:00:00.507982 Process ID: 96472
00:00:00.507982 Package type: WINDOWS_64BITS_GENERIC
00:00:00.507983 Windows Features:
00:00:00.507983   Core Isolation (Memory Integrity): DISABLED
00:00:00.508564 Installed Extension Packs:
00:00:00.508577   None installed!
00:00:00.509069 Console: Machine state changed to 'Starting'
00:00:00.588202 SUP: seg #0: R   0x00000000 LB 0x00001000
00:00:00.588219 SUP: seg #1: R X 0x00001000 LB 0x00204000
00:00:00.588223 SUP: seg #2: R   0x00205000 LB 0x00053000
00:00:00.588226 SUP: seg #3: RW  0x00258000 LB 0x00013000
00:00:00.588230 SUP: seg #4: R   0x0026b000 LB 0x00013000
00:00:00.588233 SUP: seg #5: RW  0x0027e000 LB 0x00004000
00:00:00.588236 SUP: seg #6: R   0x00282000 LB 0x00007000
00:00:00.588240 SUP: seg #7: R X 0x00289000 LB 0x00002000
00:00:00.588243 SUP: seg #8: R   0x0028b000 LB 0x00007000
00:00:00.592418 SUP: Loaded VMMR0.r0 (C:\Program Files\Oracle\VirtualBox/VMMR0.r0) at 0xXXXXXXXXXXXXXXXX - ModuleInit at XXXXXXXXXXXXXXXX and ModuleTerm at XXXXXXXXXXXXXXXX using the native ring-0 loader
00:00:00.592495 SUP: VMMR0EntryEx located at XXXXXXXXXXXXXXXX and VMMR0EntryFast at XXXXXXXXXXXXXXXX
00:00:00.592501 SUP: windbg> .reload /f C:\Program Files\Oracle\VirtualBox/VMMR0.r0=0xXXXXXXXXXXXXXXXX
00:00:00.596207 Guest architecture: x86
00:00:00.596268 Guest OS type: 'Other'
00:00:00.597069 fHMForced=true - No raw-mode support in this build!
00:00:00.597103 Using execution engine 1
00:00:00.600049 File system of 'C:\Users\RhythmicCarnage\Desktop\CyberStorm\build\cyberstorm.vfd' (Floppy) is ntfs
00:00:00.715374 Shared Clipboard: Initialized OLE
00:00:00.715428 Shared Clipboard: Service loaded
00:00:00.715438 Shared Clipboard: Mode: Off
00:00:00.715483 Shared Clipboard: Service running in headless mode
00:00:00.736153 Drag and drop service loaded
00:00:00.736171 Drag and drop mode: Off
00:00:00.737225 Audio: Detected default audio driver type is 'HostAudioWas'
00:00:00.831248 ************************* CFGM dump *************************
00:00:00.831262 [/] (level 0)
00:00:00.831264   CpuExecutionCap   <integer> = 0x0000000000000064 (100)
00:00:00.831266   EnablePAE         <integer> = 0x0000000000000000 (0)
00:00:00.831267   HMEnabled         <integer> = 0x0000000000000001 (1)
00:00:00.831268   MemBalloonSize    <integer> = 0x0000000000000000 (0, 0 B)
00:00:00.831273   Name              <string>  = "CyberStorm" (cb=11)
00:00:00.831274   NumCPUs           <integer> = 0x0000000000000001 (1)
00:00:00.831275   PageFusionAllowed <integer> = 0x0000000000000000 (0)
00:00:00.831275   RamHoleSize       <integer> = 0x0000000020000000 (536 870 912, 512.0 MiB)
00:00:00.831277   RamSize           <integer> = 0x0000000002000000 (33 554 432, 32.0 MiB)
00:00:00.831278   TimerMillies      <integer> = 0x000000000000000a (10)
00:00:00.831279   UUID              <bytes>   = "37 c8 ce 20 87 c6 03 4e 86 2b 9b 27 a8 a1 c7 5c" (cb=16)
00:00:00.831281 
00:00:00.831281 [/CPUM/] (level 1)
00:00:00.831283   Enable64bit        <integer> = 0x0000000000000000 (0)
00:00:00.831284   GuestCpuName       <string>  = "host" (cb=5)
00:00:00.831284   NestedHWVirt       <integer> = 0x0000000000000000 (0)
00:00:00.831285   PortableCpuIdLevel <integer> = 0x0000000000000000 (0)
00:00:00.831285   SpecCtrl           <integer> = 0x0000000000000000 (0)
00:00:00.831286 
00:00:00.831286 [/CPUM/IsaExts/] (level 2)
00:00:00.831287 
00:00:00.831287 [/DBGC/] (level 1)
00:00:00.831288   GlobalInitScript <string>  = "C:\Users\RhythmicCarnage\.VirtualBox/dbgc-init" (cb=47)
00:00:00.831289   HistoryFile      <string>  = "C:\Users\RhythmicCarnage\.VirtualBox/dbgc-history" (cb=50)
00:00:00.831289   LocalInitScript  <string>  = "C:\Users\RhythmicCarnage\Desktop\CyberStorm\deploy\virtualbox\CyberStorm/dbgc-init" (cb=83)
00:00:00.831290 
00:00:00.831290 [/DBGF/] (level 1)
00:00:00.831291   Path <string>  = "C:\Users\RhythmicCarnage\Desktop\CyberStorm\deploy\virtualbox\CyberStorm/debug/;C:\Users\RhythmicCarnage\Desktop\CyberStorm\deploy\virtualbox\CyberStorm/;cache*C:\Users\RhythmicCarnage\Desktop\CyberStorm\deploy\virtualbox\CyberStorm/dbgcache/;C:\Users\RhythmicCarnage\" (cb=269)
00:00:00.831292 
00:00:00.831292 [/Devices/] (level 1)
00:00:00.831293 
00:00:00.831293 [/Devices/3c501/] (level 2)
00:00:00.831294 
00:00:00.831294 [/Devices/8237A/] (level 2)
00:00:00.831295 
00:00:00.831295 [/Devices/8237A/0/] (level 3)
00:00:00.831296   Trusted <integer> = 0x0000000000000001 (1)
00:00:00.831296 
00:00:00.831297 [/Devices/VMMDev/] (level 2)
00:00:00.831297 
00:00:00.831298 [/Devices/VMMDev/0/] (level 3)
00:00:00.831299   PCIBusNo      <integer> = 0x0000000000000000 (0)
00:00:00.831299   PCIDeviceNo   <integer> = 0x0000000000000004 (4)
00:00:00.831300   PCIFunctionNo <integer> = 0x0000000000000000 (0)
00:00:00.831301   Trusted       <integer> = 0x0000000000000001 (1)
00:00:00.831301 
00:00:00.831301 [/Devices/VMMDev/0/Config/] (level 4)
00:00:00.831302   GuestCoreDumpDir <string>  = "C:\Users\RhythmicCarnage\Desktop\CyberStorm\deploy\virtualbox\CyberStorm\Snapshots" (cb=83)
00:00:00.831303 
00:00:00.831303 [/Devices/VMMDev/0/LUN#0/] (level 4)
00:00:00.831304   Driver <string>  = "HGCM" (cb=5)
00:00:00.831305 
00:00:00.831305 [/Devices/VMMDev/0/LUN#0/Config/] (level 5)
00:00:00.831306 
00:00:00.831306 [/Devices/VMMDev/0/LUN#999/] (level 4)
00:00:00.831307   Driver <string>  = "MainStatus" (cb=11)
00:00:00.831308 
00:00:00.831308 [/Devices/VMMDev/0/LUN#999/Config/] (level 5)
00:00:00.831309   First                <integer> = 0x0000000000000000 (0)
00:00:00.831310   HasMediumAttachments <integer> = 0x0000000000000000 (0)
00:00:00.831310   Last                 <integer> = 0x0000000000000000 (0)
00:00:00.831311   iLedSet              <integer> = 0x0000000000000003 (3)
00:00:00.831312 
00:00:00.831312 [/Devices/acpi/] (level 2)
00:00:00.831313 
00:00:00.831313 [/Devices/acpi/0/] (level 3)
00:00:00.831314   PCIBusNo      <integer> = 0x0000000000000000 (0)
00:00:00.831314   PCIDeviceNo   <integer> = 0x0000000000000007 (7)
00:00:00.831315   PCIFunctionNo <integer> = 0x0000000000000000 (0)
00:00:00.831315   Trusted       <integer> = 0x0000000000000001 (1)
00:00:00.831316 
00:00:00.831316 [/Devices/acpi/0/Config/] (level 4)
00:00:00.831317   CpuHotPlug          <integer> = 0x0000000000000000 (0)
00:00:00.831318   FdcEnabled          <integer> = 0x0000000000000001 (1)
00:00:00.831319   HostBusPciAddress   <integer> = 0x0000000000000000 (0)
00:00:00.831319   HpetEnabled         <integer> = 0x0000000000000000 (0)
00:00:00.831320   IOAPIC              <integer> = 0x0000000000000000 (0)
00:00:00.831320   IocPciAddress       <integer> = 0x0000000000010000 (65 536)
00:00:00.831321   NumCPUs             <integer> = 0x0000000000000001 (1)
00:00:00.831322   Parallel0IoPortBase <integer> = 0x0000000000000000 (0)
00:00:00.831322   Parallel0Irq        <integer> = 0x0000000000000000 (0)
00:00:00.831323   Parallel1IoPortBase <integer> = 0x0000000000000000 (0)
00:00:00.831323   Parallel1Irq        <integer> = 0x0000000000000000 (0)
00:00:00.831324   Serial0IoPortBase   <integer> = 0x0000000000000000 (0)
00:00:00.831324   Serial0Irq          <integer> = 0x0000000000000000 (0)
00:00:00.831325   Serial1IoPortBase   <integer> = 0x0000000000000000 (0)
00:00:00.831326   Serial1Irq          <integer> = 0x0000000000000000 (0)
00:00:00.831326   ShowCpu             <integer> = 0x0000000000000000 (0)
00:00:00.831327   ShowRtc             <integer> = 0x0000000000000000 (0)
00:00:00.831327   SmcEnabled          <integer> = 0x0000000000000000 (0)
00:00:00.831328 
00:00:00.831328 [/Devices/acpi/0/LUN#0/] (level 4)
00:00:00.831329   Driver <string>  = "ACPIHost" (cb=9)
00:00:00.831330 
00:00:00.831330 [/Devices/acpi/0/LUN#0/Config/] (level 5)
00:00:00.831331 
00:00:00.831331 [/Devices/apic/] (level 2)
00:00:00.831332 
00:00:00.831332 [/Devices/apic/0/] (level 3)
00:00:00.831333   Trusted <integer> = 0x0000000000000001 (1)
00:00:00.831333 
00:00:00.831334 [/Devices/apic/0/Config/] (level 4)
00:00:00.831335   IOAPIC  <integer> = 0x0000000000000000 (0)
00:00:00.831335   Mode    <integer> = 0x0000000000000002 (2)
00:00:00.831336   NumCPUs <integer> = 0x0000000000000001 (1)
00:00:00.831336 
00:00:00.831336 [/Devices/dp8390/] (level 2)
00:00:00.831337 
00:00:00.831337 [/Devices/e1000/] (level 2)
00:00:00.831338 
00:00:00.831338 [/Devices/i82078/] (level 2)
00:00:00.831339 
00:00:00.831339 [/Devices/i82078/0/] (level 3)
00:00:00.831340   Trusted <integer> = 0x0000000000000001 (1)
00:00:00.831341 
00:00:00.831341 [/Devices/i82078/0/Config/] (level 4)
00:00:00.831342   DMA       <integer> = 0x0000000000000002 (2)
00:00:00.831342   IOBase    <integer> = 0x00000000000003f0 (1 008)
00:00:00.831343   IRQ       <integer> = 0x0000000000000006 (6)
00:00:00.831344   MemMapped <integer> = 0x0000000000000000 (0)
00:00:00.831344 
00:00:00.831344 [/Devices/i82078/0/LUN#0/] (level 4)
00:00:00.831345   Driver <string>  = "VD" (cb=3)
00:00:00.831346 
00:00:00.831346 [/Devices/i82078/0/LUN#0/Config/] (level 5)
00:00:00.831348   Format        <string>  = "RAW" (cb=4)
00:00:00.831348   MaybeReadOnly <integer> = 0x0000000000000001 (1)
00:00:00.831349   Mountable     <integer> = 0x0000000000000001 (1)
00:00:00.831349   Path          <string>  = "C:\Users\RhythmicCarnage\Desktop\CyberStorm\build\cyberstorm.vfd" (cb=65)
00:00:00.831350   Type          <string>  = "Floppy 1.44" (cb=12)
00:00:00.831351 
00:00:00.831351 [/Devices/i82078/0/LUN#999/] (level 4)
00:00:00.831352   Driver <string>  = "MainStatus" (cb=11)
00:00:00.831352 
00:00:00.831353 [/Devices/i82078/0/LUN#999/Config/] (level 5)
00:00:00.831354   DeviceInstance       <string>  = "i82078/0" (cb=9)
00:00:00.831354   First                <integer> = 0x0000000000000000 (0)
00:00:00.831355   HasMediumAttachments <integer> = 0x0000000000000001 (1)
00:00:00.831356   Last                 <integer> = 0x0000000000000001 (1)
00:00:00.831356   iLedSet              <integer> = 0x0000000000000001 (1)
00:00:00.831357 
00:00:00.831357 [/Devices/i8254/] (level 2)
00:00:00.831358 
00:00:00.831358 [/Devices/i8254/0/] (level 3)
00:00:00.831359 
00:00:00.831359 [/Devices/i8254/0/Config/] (level 4)
00:00:00.831360 
00:00:00.831360 [/Devices/i8259/] (level 2)
00:00:00.831361 
00:00:00.831361 [/Devices/i8259/0/] (level 3)
00:00:00.831362   Trusted <integer> = 0x0000000000000001 (1)
00:00:00.831362 
00:00:00.831362 [/Devices/i8259/0/Config/] (level 4)
00:00:00.831363 
00:00:00.831363 [/Devices/mc146818/] (level 2)
00:00:00.831364 
00:00:00.831364 [/Devices/mc146818/0/] (level 3)
00:00:00.831365 
00:00:00.831365 [/Devices/mc146818/0/Config/] (level 4)
00:00:00.831366   UseUTC <integer> = 0x0000000000000000 (0)
00:00:00.831366 
00:00:00.831367 [/Devices/parallel/] (level 2)
00:00:00.831367 
00:00:00.831367 [/Devices/pcarch/] (level 2)
00:00:00.831368 
00:00:00.831368 [/Devices/pcarch/0/] (level 3)
00:00:00.831369   Trusted <integer> = 0x0000000000000001 (1)
00:00:00.831369 
00:00:00.831370 [/Devices/pcarch/0/Config/] (level 4)
00:00:00.831370 
00:00:00.831371 [/Devices/pcbios/] (level 2)
00:00:00.831371 
00:00:00.831371 [/Devices/pcbios/0/] (level 3)
00:00:00.831372   Trusted <integer> = 0x0000000000000001 (1)
00:00:00.831373 
00:00:00.831373 [/Devices/pcbios/0/Config/] (level 4)
00:00:00.831374   APIC            <integer> = 0x0000000000000001 (1)
00:00:00.831375   BootDevice0     <string>  = "FLOPPY" (cb=7)
00:00:00.831376   BootDevice1     <string>  = "NONE" (cb=5)
00:00:00.831376   BootDevice2     <string>  = "NONE" (cb=5)
00:00:00.831377   BootDevice3     <string>  = "NONE" (cb=5)
00:00:00.831377   DmiSystemSerial <string>  = "VirtualBox-<DmiSystemUuid>" (cb=27)
00:00:00.831378   FloppyDevice    <string>  = "i82078" (cb=7)
00:00:00.831379   HardDiskDevice  <string>  = "piix3ide" (cb=9)
00:00:00.831379   IOAPIC          <integer> = 0x0000000000000000 (0)
00:00:00.831380   McfgBase        <integer> = 0x0000000000000000 (0)
00:00:00.831380   McfgLength      <integer> = 0x0000000000000000 (0)
00:00:00.831381   NumCPUs         <integer> = 0x0000000000000001 (1)
00:00:00.831381   PXEDebug        <integer> = 0x0000000000000000 (0)
00:00:00.831382   UUID            <bytes>   = "37 c8 ce 20 87 c6 03 4e 86 2b 9b 27 a8 a1 c7 5c" (cb=16)
00:00:00.831384   UuidLe          <integer> = 0x0000000000000001 (1)
00:00:00.831384 
00:00:00.831385 [/Devices/pcbios/0/Config/NetBoot/] (level 5)
00:00:00.831386 
00:00:00.831386 [/Devices/pcbios/0/Config/NetBoot/0/] (level 6)
00:00:00.831387   NIC           <integer> = 0x0000000000000000 (0)
00:00:00.831388   PCIBusNo      <integer> = 0x0000000000000000 (0)
00:00:00.831388   PCIDeviceNo   <integer> = 0x0000000000000003 (3)
00:00:00.831389   PCIFunctionNo <integer> = 0x0000000000000000 (0)
00:00:00.831389 
00:00:00.831389 [/Devices/pci/] (level 2)
00:00:00.831390 
00:00:00.831390 [/Devices/pci/0/] (level 3)
00:00:00.831391   Trusted <integer> = 0x0000000000000001 (1)
00:00:00.831392 
00:00:00.831392 [/Devices/pci/0/Config/] (level 4)
00:00:00.831393   IOAPIC <integer> = 0x0000000000000000 (0)
00:00:00.831393 
00:00:00.831393 [/Devices/pcibridge/] (level 2)
00:00:00.831394 
00:00:00.831394 [/Devices/pckbd/] (level 2)
00:00:00.831395 
00:00:00.831395 [/Devices/pckbd/0/] (level 3)
00:00:00.831396   Trusted <integer> = 0x0000000000000001 (1)
00:00:00.831396 
00:00:00.831396 [/Devices/pckbd/0/Config/] (level 4)
00:00:00.831397 
00:00:00.831397 [/Devices/pckbd/0/LUN#0/] (level 4)
00:00:00.831398   Driver <string>  = "KeyboardQueue" (cb=14)
00:00:00.831399 
00:00:00.831399 [/Devices/pckbd/0/LUN#0/AttachedDriver/] (level 5)
00:00:00.831400   Driver <string>  = "MainKeyboard" (cb=13)
00:00:00.831400 
00:00:00.831400 [/Devices/pckbd/0/LUN#0/Config/] (level 5)
00:00:00.831401   QueueSize <integer> = 0x0000000000000040 (64, 64 B)
00:00:00.831402 
00:00:00.831402 [/Devices/pckbd/0/LUN#1/] (level 4)
00:00:00.831403   Driver <string>  = "MouseQueue" (cb=11)
00:00:00.831404 
00:00:00.831404 [/Devices/pckbd/0/LUN#1/AttachedDriver/] (level 5)
00:00:00.831405   Driver <string>  = "MainMouse" (cb=10)
00:00:00.831405 
00:00:00.831406 [/Devices/pckbd/0/LUN#1/Config/] (level 5)
00:00:00.831406   QueueSize <integer> = 0x0000000000000080 (128, 128 B)
00:00:00.831407 
00:00:00.831407 [/Devices/pcnet/] (level 2)
00:00:00.831408 
00:00:00.831408 [/Devices/pcnet/0/] (level 3)
00:00:00.831409   PCIBusNo      <integer> = 0x0000000000000000 (0)
00:00:00.831410   PCIDeviceNo   <integer> = 0x0000000000000003 (3)
00:00:00.831410   PCIFunctionNo <integer> = 0x0000000000000000 (0)
00:00:00.831411   Trusted       <integer> = 0x0000000000000001 (1)
00:00:00.831411 
00:00:00.831411 [/Devices/pcnet/0/Config/] (level 4)
00:00:00.831412   CableConnected <integer> = 0x0000000000000001 (1)
00:00:00.831413   ChipType       <string>  = "Am79C973" (cb=9)
00:00:00.831414   LineSpeed      <integer> = 0x0000000000000000 (0)
00:00:00.831414   MAC            <bytes>   = "08 00 27 5b f9 d9" (cb=6)
00:00:00.831415 
00:00:00.831416 [/Devices/pcnet/0/LUN#0/] (level 4)
00:00:00.831416   Driver <string>  = "NAT" (cb=4)
00:00:00.831417 
00:00:00.831417 [/Devices/pcnet/0/LUN#0/Config/] (level 5)
00:00:00.831418   AliasMode          <integer> = 0x0000000000000000 (0)
00:00:00.831419   DNSProxy           <integer> = 0x0000000000000000 (0)
00:00:00.831420   EnableTFTP         <integer> = 0x0000000000000000 (0)
00:00:00.831420   ForwardBroadcast   <integer> = 0x0000000000000000 (0)
00:00:00.831421   LocalhostReachable <integer> = 0x0000000000000001 (1)
00:00:00.831421   Network            <string>  = "10.0.2.0/24" (cb=12)
00:00:00.831422   PassDomain         <integer> = 0x0000000000000001 (1)
00:00:00.831423   UseHostResolver    <integer> = 0x0000000000000000 (0)
00:00:00.831423 
00:00:00.831423 [/Devices/pcnet/0/LUN#999/] (level 4)
00:00:00.831424   Driver <string>  = "MainStatus" (cb=11)
00:00:00.831425 
00:00:00.831425 [/Devices/pcnet/0/LUN#999/Config/] (level 5)
00:00:00.831426   First                <integer> = 0x0000000000000000 (0)
00:00:00.831426   HasMediumAttachments <integer> = 0x0000000000000000 (0)
00:00:00.831427   Last                 <integer> = 0x0000000000000000 (0)
00:00:00.831428   iLedSet              <integer> = 0x0000000000000002 (2)
00:00:00.831428 
00:00:00.831428 [/Devices/sb16/] (level 2)
00:00:00.831429 
00:00:00.831429 [/Devices/sb16/0/] (level 3)
00:00:00.831430   Trusted <integer> = 0x0000000000000001 (1)
00:00:00.831430 
00:00:00.831431 [/Devices/sb16/0/AudioConfig/] (level 4)
00:00:00.831431 
00:00:00.831432 [/Devices/sb16/0/Config/] (level 4)
00:00:00.831433   DMA          <integer> = 0x0000000000000001 (1)
00:00:00.831433   DMA16        <integer> = 0x0000000000000005 (5)
00:00:00.831434   DebugEnabled <integer> = 0x0000000000000000 (0)
00:00:00.831435   IRQ          <integer> = 0x0000000000000005 (5)
00:00:00.831435   Port         <integer> = 0x0000000000000220 (544)
00:00:00.831436   Version      <integer> = 0x0000000000000405 (1 029)
00:00:00.831436 
00:00:00.831437 [/Devices/sb16/0/LUN#0/] (level 4)
00:00:00.831437   Driver <string>  = "AUDIO" (cb=6)
00:00:00.831438 
00:00:00.831438 [/Devices/sb16/0/LUN#0/AttachedDriver/] (level 5)
00:00:00.831439   Driver <string>  = "HostAudioWas" (cb=13)
00:00:00.831440 
00:00:00.831440 [/Devices/sb16/0/LUN#0/AttachedDriver/Config/] (level 6)
00:00:00.831441   VmName <string>  = "CyberStorm" (cb=11)
00:00:00.831441   VmUuid <string>  = "20cec837-c687-4e03-862b-9b27a8a1c75c" (cb=37)
00:00:00.831442 
00:00:00.831442 [/Devices/sb16/0/LUN#0/Config/] (level 5)
00:00:00.831443   DriverName    <string>  = "HostAudioWas" (cb=13)
00:00:00.831444   InputEnabled  <integer> = 0x0000000000000000 (0)
00:00:00.831444   OutputEnabled <integer> = 0x0000000000000001 (1)
00:00:00.831445 
00:00:00.831445 [/Devices/sb16/0/LUN#1/] (level 4)
00:00:00.831446   Driver <string>  = "AUDIO" (cb=6)
00:00:00.831446 
00:00:00.831446 [/Devices/sb16/0/LUN#2/] (level 4)
00:00:00.831453   Driver <string>  = "AUDIO" (cb=6)
00:00:00.831453 
00:00:00.831454 [/Devices/serial/] (level 2)
00:00:00.831455 
00:00:00.831455 [/Devices/vga/] (level 2)
00:00:00.831456 
00:00:00.831456 [/Devices/vga/0/] (level 3)
00:00:00.831457   PCIBusNo      <integer> = 0x0000000000000000 (0)
00:00:00.831458   PCIDeviceNo   <integer> = 0x0000000000000002 (2)
00:00:00.831459   PCIFunctionNo <integer> = 0x0000000000000000 (0)
00:00:00.831459   Trusted       <integer> = 0x0000000000000001 (1)
00:00:00.831460 
00:00:00.831460 [/Devices/vga/0/Config/] (level 4)
00:00:00.831461   3DEnabled        <integer> = 0x0000000000000000 (0)
00:00:00.831462   CustomVideoModes <integer> = 0x0000000000000000 (0)
00:00:00.831462   FadeIn           <integer> = 0x0000000000000001 (1)
00:00:00.831463   FadeOut          <integer> = 0x0000000000000001 (1)
00:00:00.831464   HeightReduction  <integer> = 0x0000000000000000 (0)
00:00:00.831464   LogoFile         <string>  = "" (cb=1)
00:00:00.831465   LogoTime         <integer> = 0x0000000000000000 (0)
00:00:00.831466   MonitorCount     <integer> = 0x0000000000000001 (1)
00:00:00.831466   ShowBootMenu     <integer> = 0x0000000000000002 (2)
00:00:00.831467   VRamSize         <integer> = 0x0000000000800000 (8 388 608, 8.0 MiB)
00:00:00.831468 
00:00:00.831468 [/Devices/vga/0/LUN#0/] (level 4)
00:00:00.831469   Driver <string>  = "MainDisplay" (cb=12)
00:00:00.831470 
00:00:00.831470 [/Devices/vga/0/LUN#0/Config/] (level 5)
00:00:00.831471 
00:00:00.831471 [/Devices/vga/0/LUN#999/] (level 4)
00:00:00.831472   Driver <string>  = "MainStatus" (cb=11)
00:00:00.831473 
00:00:00.831473 [/Devices/vga/0/LUN#999/Config/] (level 5)
00:00:00.831474   First                <integer> = 0x0000000000000000 (0)
00:00:00.831475   HasMediumAttachments <integer> = 0x0000000000000000 (0)
00:00:00.831475   Last                 <integer> = 0x0000000000000000 (0)
00:00:00.831476   iLedSet              <integer> = 0x0000000000000000 (0)
00:00:00.831477 
00:00:00.831477 [/Devices/virtio-net/] (level 2)
00:00:00.831478 
00:00:00.831478 [/EM/] (level 1)
00:00:00.831479   TripleFaultReset <integer> = 0x0000000000000000 (0)
00:00:00.831480 
00:00:00.831480 [/GCM/] (level 1)
00:00:00.831480 
00:00:00.831481 [/GIM/] (level 1)
00:00:00.831481   Provider <string>  = "None" (cb=5)
00:00:00.831482 
00:00:00.831482 [/HM/] (level 1)
00:00:00.831484   64bitEnabled        <integer> = 0x0000000000000000 (0)
00:00:00.831484   EnableLargePages    <integer> = 0x0000000000000001 (1)
00:00:00.831485   EnableNestedPaging  <integer> = 0x0000000000000001 (1)
00:00:00.831486   EnableUX            <integer> = 0x0000000000000001 (1)
00:00:00.831486   EnableVPID          <integer> = 0x0000000000000001 (1)
00:00:00.831487   Exclusive           <integer> = 0x0000000000000000 (0)
00:00:00.831488   HMForced            <integer> = 0x0000000000000001 (1)
00:00:00.831488   IBPBOnVMEntry       <integer> = 0x0000000000000000 (0)
00:00:00.831489   IBPBOnVMExit        <integer> = 0x0000000000000000 (0)
00:00:00.831490   L1DFlushOnSched     <integer> = 0x0000000000000001 (1)
00:00:00.831490   L1DFlushOnVMEntry   <integer> = 0x0000000000000000 (0)
00:00:00.831491   MDSClearOnSched     <integer> = 0x0000000000000001 (1)
00:00:00.831491   MDSClearOnVMEntry   <integer> = 0x0000000000000000 (0)
00:00:00.831492   SpecCtrlByHost      <integer> = 0x0000000000000000 (0)
00:00:00.831492   SvmVirtVmsaveVmload <integer> = 0x0000000000000000 (0)
00:00:00.831493   UseNEMInstead       <integer> = 0x0000000000000000 (0)
00:00:00.831493 
00:00:00.831494 [/MM/] (level 1)
00:00:00.831494   CanUseLargerHeap <integer> = 0x0000000000000000 (0)
00:00:00.831495 
00:00:00.831495 [/NEM/] (level 1)
00:00:00.831495   Allow64BitGuests  <integer> = 0x0000000000000000 (0)
00:00:00.831496   IBPBOnVMEntry     <integer> = 0x0000000000000000 (0)
00:00:00.831496   IBPBOnVMExit      <integer> = 0x0000000000000000 (0)
00:00:00.831497   L1DFlushOnSched   <integer> = 0x0000000000000001 (1)
00:00:00.831498   L1DFlushOnVMEntry <integer> = 0x0000000000000000 (0)
00:00:00.831498   MDSClearOnSched   <integer> = 0x0000000000000001 (1)
00:00:00.831499   MDSClearOnVMEntry <integer> = 0x0000000000000000 (0)
00:00:00.831499 
00:00:00.831499 [/PDM/] (level 1)
00:00:00.831500 
00:00:00.831500 [/PDM/AsyncCompletion/] (level 2)
00:00:00.831501 
00:00:00.831501 [/PDM/AsyncCompletion/File/] (level 3)
00:00:00.831502 
00:00:00.831502 [/PDM/AsyncCompletion/File/BwGroups/] (level 4)
00:00:00.831503 
00:00:00.831503 [/PDM/BlkCache/] (level 2)
00:00:00.831504   CacheSize <integer> = 0x0000000000500000 (5 242 880, 5.0 MiB)
00:00:00.831505 
00:00:00.831505 [/PDM/Devices/] (level 2)
00:00:00.831505 
00:00:00.831506 [/PDM/Drivers/] (level 2)
00:00:00.831506 
00:00:00.831506 [/PDM/Drivers/VBoxC/] (level 3)
00:00:00.831507   Path <string>  = "VBoxC" (cb=6)
00:00:00.831508 
00:00:00.831508 [/PDM/NetworkShaper/] (level 2)
00:00:00.831509 
00:00:00.831509 [/PDM/NetworkShaper/BwGroups/] (level 3)
00:00:00.831509 
00:00:00.831510 [/TM/] (level 1)
00:00:00.831510   UTCOffset <integer> = 0x0000000000000000 (0)
00:00:00.831511 
00:00:00.831511 ********************* End of CFGM dump **********************
00:00:00.831588 HM: HMR3Init: Attempting fall back to NEM: AMD-V is not available
00:00:00.902838 NEM:  info: Found optional import WinHvPlatform.dll!WHvQueryGpaRangeDirtyBitmap.
00:00:00.902862 NEM:  info: Found optional import WinHvPlatform.dll!WHvResumePartitionTime.
00:00:00.902867 NEM:  info: Found optional import WinHvPlatform.dll!WHvSuspendPartitionTime.
00:00:00.902870 NEM:  info: Found optional import WinHvPlatform.dll!WHvRequestInterrupt.
00:00:00.902884 NEM:  info: Found optional import WinHvPlatform.dll!WHvGetVirtualProcessorXsaveState.
00:00:00.902888 NEM:  info: Found optional import WinHvPlatform.dll!WHvSetVirtualProcessorXsaveState.
00:00:00.902893 NEM:  info: Failed to import WinHvPlatform.dll!WHvGetVirtualProcessorState: VERR_SYMBOL_NOT_FOUND
00:00:00.902918 NEM:  info: Failed to import WinHvPlatform.dll!WHvSetVirtualProcessorState: VERR_SYMBOL_NOT_FOUND
00:00:00.902922 NEM:  info: Found optional import WinHvPlatform.dll!WHvGetVirtualProcessorInterruptControllerState.
00:00:00.902926 NEM:  info: Found optional import WinHvPlatform.dll!WHvSetVirtualProcessorInterruptControllerState.
00:00:00.902930 NEM:  info: Found optional import WinHvPlatform.dll!WHvGetVirtualProcessorInterruptControllerState2.
00:00:00.902933 NEM:  info: Found optional import WinHvPlatform.dll!WHvSetVirtualProcessorInterruptControllerState2.
00:00:00.902939 NEM:  info: Found optional import vid.dll!VidGetHvPartitionId.
00:00:00.902942 NEM:  info: Found optional import vid.dll!VidGetPartitionProperty.
00:00:00.903029 NEM: WHvCapabilityCodeHypervisorPresent is TRUE, so this might work...
00:00:00.903034 NEM: WHvCapabilityCodeExtendedVmExits      = 0x00000000000003ff
00:00:00.903039 NEM:                           X64CpuidExit: 1
00:00:00.903042 NEM:                             X64MsrExit: 1
00:00:00.903046 NEM:                          ExceptionExit: 1
00:00:00.903049 NEM:                           X64RdtscExit: 1
00:00:00.903053 NEM:                     X64ApicSmiExitTrap: 1
00:00:00.903056 NEM:                          HypercallExit: 1
00:00:00.903059 NEM:                X64ApicInitSipiExitTrap: 1
00:00:00.903062 NEM:              X64ApicWriteLint0ExitTrap: 1
00:00:00.903065 NEM:              X64ApicWriteLint1ExitTrap: 1
00:00:00.903068 NEM:                X64ApicWriteSvrExitTrap: 1
00:00:00.903071 NEM:                 UnknownSynicConnection: 0
00:00:00.903074 NEM:              RetargetUnknownVpciDevice: 0
00:00:00.903078 NEM:                X64ApicWriteLdrExitTrap: 0
00:00:00.903081 NEM:                X64ApicWriteDfrExitTrap: 0
00:00:00.903084 NEM:                     GpaAccessFaultExit: 0
00:00:00.903087 NEM: WHvCapabilityCodeFeatures             = 0x000000000000007f
00:00:00.903094 NEM:                           PartialUnmap: 1
00:00:00.903097 NEM:                     LocalApicEmulation: 1
00:00:00.903102 NEM:                                  Xsave: 1
00:00:00.903105 NEM:                      DirtyPageTracking: 1
00:00:00.903108 NEM:                     SpeculationControl: 1
00:00:00.903111 NEM:                         ApicRemoteRead: 1
00:00:00.903115 NEM:                            IdleSuspend: 1
00:00:00.903118 NEM:                VirtualPciDeviceSupport: 0
00:00:00.903121 NEM:                           IommuSupport: 0
00:00:00.903124 NEM:                         VpHotAddRemove: 0
00:00:00.903131 NEM: Supported xsave features: 0x381f
00:00:00.903134 NEM:                           XsaveSupport: 1
00:00:00.903138 NEM:                        XsaveoptSupport: 1
00:00:00.903141 NEM:                             AvxSupport: 1
00:00:00.903144 NEM:                            Avx2Support: 1
00:00:00.903147 NEM:                             FmaSupport: 1
00:00:00.903150 NEM:                             MpxSupport: 0
00:00:00.903153 NEM:                          Avx512Support: 0
00:00:00.903156 NEM:                        Avx512DQSupport: 0
00:00:00.903160 NEM:                        Avx512BWSupport: 0
00:00:00.903163 NEM:                        Avx512VLSupport: 0
00:00:00.903166 NEM:                       XsaveCompSupport: 1
00:00:00.903169 NEM:                 XsaveSupervisorSupport: 1
00:00:00.903172 NEM:                            Xcr1Support: 1
00:00:00.903175 NEM:                    Avx512BitalgSupport: 0
00:00:00.903178 NEM:                      Avx512IfmaSupport: 0
00:00:00.903181 NEM:                      Avx512VBmiSupport: 0
00:00:00.903184 NEM:                     Avx512VBmi2Support: 0
00:00:00.903187 NEM:                      Avx512VnniSupport: 0
00:00:00.903194 NEM:                            GfniSupport: 0
00:00:00.903198 NEM:                            VaesSupport: 0
00:00:00.903201 NEM:                 Avx512VPopcntdqSupport: 0
00:00:00.903204 NEM:                      VpclmulqdqSupport: 0
00:00:00.903207 NEM:                      Avx512Bf16Support: 0
00:00:00.903211 NEM:              Avx512Vp2IntersectSupport: 0
00:00:00.903214 NEM:                      Avx512Fp16Support: 0
00:00:00.903217 NEM:                             XfdSupport: 0
00:00:00.903220 NEM:                         AmxTileSupport: 0
00:00:00.903223 NEM:                         AmxBf16Support: 0
00:00:00.903226 NEM:                         AmxInt8Support: 0
00:00:00.903229 NEM:                         AvxVnniSupport: 0
00:00:00.903233 NEM: Supported exception exit bitmap: 0xf7dfb
00:00:00.903238 NEM: WHvCapabilityCodeProcessorVendor      = 0 - AMD
00:00:00.903245 NEM: WHvCapabilityCodeProcessorFeatures    = 0x000006cb66f39fbf
00:00:00.903249 NEM:                            Sse3Support: 1
00:00:00.903253 NEM:                        LahfSahfSupport: 1
00:00:00.903256 NEM:                           Ssse3Support: 1
00:00:00.903259 NEM:                          Sse4_1Support: 1
00:00:00.903264 NEM:                          Sse4_2Support: 1
00:00:00.903267 NEM:                           Sse4aSupport: 1
00:00:00.903270 NEM:                             XopSupport: 0
00:00:00.903274 NEM:                          PopCntSupport: 1
00:00:00.903277 NEM:                      Cmpxchg16bSupport: 1
00:00:00.903280 NEM:                       Altmovcr8Support: 1
00:00:00.903283 NEM:                           LzcntSupport: 1
00:00:00.903286 NEM:                     MisAlignSseSupport: 1
00:00:00.903289 NEM:                          MmxExtSupport: 1
00:00:00.903292 NEM:                        Amd3DNowSupport: 0
00:00:00.903295 NEM:                ExtendedAmd3DNowSupport: 0
00:00:00.903298 NEM:                         Page1GbSupport: 1
00:00:00.903301 NEM:                             AesSupport: 1
00:00:00.903305 NEM:                       PclmulqdqSupport: 1
00:00:00.903308 NEM:                            PcidSupport: 0
00:00:00.903311 NEM:                            Fma4Support: 0
00:00:00.903314 NEM:                            F16CSupport: 1
00:00:00.903318 NEM:                          RdRandSupport: 1
00:00:00.903321 NEM:                        RdWrFsGsSupport: 1
00:00:00.903324 NEM:                            SmepSupport: 1
00:00:00.903327 NEM:              EnhancedFastStringSupport: 0
00:00:00.903330 NEM:                            Bmi1Support: 1
00:00:00.903333 NEM:                            Bmi2Support: 1
00:00:00.903337 NEM:                              Reserved1: 0
00:00:00.903340 NEM:                           MovbeSupport: 1
00:00:00.903343 NEM:                          Npiep1Support: 1
00:00:00.903346 NEM:                   DepX87FPUSaveSupport: 0
00:00:00.903349 NEM:                          RdSeedSupport: 1
00:00:00.903352 NEM:                             AdxSupport: 1
00:00:00.903355 NEM:                   IntelPrefetchSupport: 0
00:00:00.903358 NEM:                            SmapSupport: 1
00:00:00.903362 NEM:                             HleSupport: 0
00:00:00.903365 NEM:                             RtmSupport: 0
00:00:00.903368 NEM:                          RdtscpSupport: 1
00:00:00.903371 NEM:                      ClflushoptSupport: 1
00:00:00.903374 NEM:                            ClwbSupport: 0
00:00:00.903377 NEM:                             ShaSupport: 1
00:00:00.903380 NEM:                X87PointersSavedSupport: 1
00:00:00.903383 NEM:                         InvpcidSupport: 0
00:00:00.903386 NEM:                            IbrsSupport: 0
00:00:00.903389 NEM:                           StibpSupport: 0
00:00:00.903393 NEM:                            IbpbSupport: 0
00:00:00.903396 NEM:                              Reserved2: 0
00:00:00.903399 NEM:                            SsbdSupport: 0
00:00:00.903402 NEM:                 FastShortRepMovSupport: 0
00:00:00.903407 NEM:                              Reserved3: 0
00:00:00.903411 NEM:                                 RdclNo: 0
00:00:00.903415 NEM:                         IbrsAllSupport: 0
00:00:00.903418 NEM:                              Reserved4: 0
00:00:00.903421 NEM:                                  SsbNo: 0
00:00:00.903424 NEM:                                 RsbANo: 0
00:00:00.903428 NEM:                              Reserved5: 0
00:00:00.903431 NEM:                           RdPidSupport: 0
00:00:00.903434 NEM:                            UmipSupport: 0
00:00:00.903437 NEM:                           MdsNoSupport: 0
00:00:00.903441 NEM:                         MdClearSupport: 0
00:00:00.903444 NEM:                           TaaNoSupport: 0
00:00:00.903447 NEM:                         TsxCtrlSupport: 0
00:00:00.903450 NEM:                              Reserved6: 0
00:00:00.903457 NEM: WHvCapabilityCodeProcessorClFlushSize = 2^8
00:00:00.903461 NEM: Warning! Unknown capability 0x4 returning: 3f 00 00 00 00 00 00 00 00 00 00 00 00 00 00 00 00 00 00 00 00 00 00 00
00:00:00.904273 NEM: Warning! Unknown capability 0x1003 returning: 1f 38 00 00 00 00 00 00 00 00 00 00 00 00 00 00 00 00 00 00 00 00 00 00
00:00:00.904294 NEM: Warning! Unknown capability 0x1004 returning: cd 76 82 e2 00 00 00 00 00 00 00 00 00 00 00 00 00 00 00 00 00 00 00 00
00:00:00.904299 NEM: Warning! Unknown capability 0x1005 returning: 00 c2 eb 0b 00 00 00 00 00 00 00 00 00 00 00 00 00 00 00 00 00 00 00 00
00:00:00.904304 NEM: Warning! Unknown capability 0x1006 returning: 02 00 00 00 00 00 00 00 bf 9f f3 66 cb 06 00 00 04 00 00 00 00 00 00 00
00:00:00.905061 NEM: Created partition 00000254dc75d930. APIC emulation mode: VirtualBox
00:00:00.905088 PGM: Enabling NEM mode
00:00:00.905171 NEM:
00:00:00.905171 NEM: NEMR3Init: Snail execution mode is active!
00:00:00.905171 NEM: Note! VirtualBox is not able to run at its full potential in this execution mode.
00:00:00.905171 NEM:       To see VirtualBox run at max speed you need to disable all Windows features
00:00:00.905172 NEM:       making use of Hyper-V.  That is a moving target, so google how and carefully
00:00:00.905172 NEM:       consider the consequences of disabling these features.
00:00:00.905172 NEM:
00:00:00.905201 CPUM: No hardware-virtualization capability detected
00:00:00.905205 CPUM: fXStateHostMask=0x7; host XCR0=0x7
00:00:00.907596 CPUM: Matched host CPU AMD 0x17/0x8/0x2 AMD_Zen_Ryzen with CPU DB entry 'AMD Ryzen 7 1800X Eight-Core' (AMD 0x17/0x1/0x1 AMD_Zen_Ryzen)
00:00:00.926535 CPUM: MXCSR_MASK=0x2ffff (host: 0x2ffff)
00:00:00.926596 CPUM: Microcode revision 0x08008202
00:00:00.926622 CPUM: MSR fudge: 0x00000017 IA32_PLATFORM_ID
00:00:00.926674 CPUM: MSR fudge: 0x000001a0 IA32_MISC_ENABLE
00:00:00.926693 CPUM: MSR fudge: 0x000002ff IA32_MTRR_DEF_TYPE
00:00:00.926710 CPUM: MSR fudge: 0x0000002c P4_EBC_FREQUENCY_ID
00:00:00.926838 CPUM: Set SSBD not required flag for AMD to work around some buggy Linux kernels!
00:00:00.926844 CPUM: Enabled MTRR read-write support
00:00:00.926850 CPUM: Enabled fixed-range MTRRs and 16 (virtualized) variable-range MTRRs
00:00:00.942208 NEM: HvPartitionPropertyProcessorVendor=0x0 (0)
00:00:00.942296 NEM: cbXSaveArea=832
00:00:00.942340 NEM: Default XSAVE area returned by Hyper-V
00:00:00.942344 00000065f57fd570/0000: 00 00 00 00 00 00 00 00-00 00 00 00 00 00 00 00 ................
00:00:00.942347 00000065f57fd580/0010: 00 00 00 00 00 00 00 00-80 1f 00 00 ff ff 02 00 ................
00:00:00.942350 00000065f57fd590/0020: 00 00 00 00 00 00 00 00-00 00 00 00 00 00 00 00 ................
00:00:00.942352 00000065f57fd5a0/0030: 00 00 00 00 00 00 00 00-00 00 00 00 00 00 00 00 ................
00:00:00.942354 00000065f57fd5b0/0040: 00 00 00 00 00 00 00 00-00 00 00 00 00 00 00 00 ................
00:00:00.942357 00000065f57fd5c0/0050: 00 00 00 00 00 00 00 00-00 00 00 00 00 00 00 00 ................
00:00:00.942359 00000065f57fd5d0/0060: 00 00 00 00 00 00 00 00-00 00 00 00 00 00 00 00 ................
00:00:00.942362 00000065f57fd5e0/0070: 00 00 00 00 00 00 00 00-00 00 00 00 00 00 00 00 ................
00:00:00.942364 00000065f57fd5f0/0080: 00 00 00 00 00 00 00 00-00 00 00 00 00 00 00 00 ................
00:00:00.942366 00000065f57fd600/0090: 00 00 00 00 00 00 00 00-00 00 00 00 00 00 00 00 ................
00:00:00.942368 00000065f57fd610/00a0: 00 00 00 00 00 00 00 00-00 00 00 00 00 00 00 00 ................
00:00:00.942370 00000065f57fd620/00b0: 00 00 00 00 00 00 00 00-00 00 00 00 00 00 00 00 ................
00:00:00.942372 00000065f57fd630/00c0: 00 00 00 00 00 00 00 00-00 00 00 00 00 00 00 00 ................
00:00:00.942374 00000065f57fd640/00d0: 00 00 00 00 00 00 00 00-00 00 00 00 00 00 00 00 ................
00:00:00.942376 00000065f57fd650/00e0: 00 00 00 00 00 00 00 00-00 00 00 00 00 00 00 00 ................
00:00:00.942378 00000065f57fd660/00f0: 00 00 00 00 00 00 00 00-00 00 00 00 00 00 00 00 ................
00:00:00.942381 00000065f57fd670/0100: 00 00 00 00 00 00 00 00-00 00 00 00 00 00 00 00 ................
00:00:00.942383 00000065f57fd680/0110: 00 00 00 00 00 00 00 00-00 00 00 00 00 00 00 00 ................
00:00:00.942385 00000065f57fd690/0120: 00 00 00 00 00 00 00 00-00 00 00 00 00 00 00 00 ................
00:00:00.942387 00000065f57fd6a0/0130: 00 00 00 00 00 00 00 00-00 00 00 00 00 00 00 00 ................
00:00:00.942389 00000065f57fd6b0/0140: 00 00 00 00 00 00 00 00-00 00 00 00 00 00 00 00 ................
00:00:00.942391 00000065f57fd6c0/0150: 00 00 00 00 00 00 00 00-00 00 00 00 00 00 00 00 ................
00:00:00.942393 00000065f57fd6d0/0160: 00 00 00 00 00 00 00 00-00 00 00 00 00 00 00 00 ................
00:00:00.942395 00000065f57fd6e0/0170: 00 00 00 00 00 00 00 00-00 00 00 00 00 00 00 00 ................
00:00:00.942398 00000065f57fd6f0/0180: 00 00 00 00 00 00 00 00-00 00 00 00 00 00 00 00 ................
00:00:00.942400 00000065f57fd700/0190: 00 00 00 00 00 00 00 00-00 00 00 00 00 00 00 00 ................
00:00:00.942402 00000065f57fd710/01a0: 00 00 00 00 00 00 00 00-00 00 00 00 00 00 00 00 ................
00:00:00.942405 00000065f57fd720/01b0: 00 00 00 00 00 00 00 00-00 00 00 00 00 00 00 00 ................
00:00:00.942407 00000065f57fd730/01c0: 00 00 00 00 00 00 00 00-00 00 00 00 00 00 00 00 ................
00:00:00.942409 00000065f57fd740/01d0: 00 00 00 00 00 00 00 00-00 00 00 00 00 00 00 00 ................
00:00:00.942412 00000065f57fd750/01e0: 00 00 00 00 00 00 00 00-00 00 00 00 00 00 00 00 ................
00:00:00.942414 00000065f57fd760/01f0: 00 00 00 00 00 00 00 00-00 00 00 00 00 00 00 00 ................
00:00:00.942416 00000065f57fd770/0200: 02 00 00 00 00 00 00 00-07 00 00 00 00 00 00 80 ................
00:00:00.942418 00000065f57fd780/0210: 00 00 00 00 00 00 00 00-00 00 00 00 00 00 00 00 ................
00:00:00.942420 00000065f57fd790/0220: 00 00 00 00 00 00 00 00-00 00 00 00 00 00 00 00 ................
00:00:00.942423 00000065f57fd7a0/0230: 00 00 00 00 00 00 00 00-00 00 00 00 00 00 00 00 ................
00:00:00.942425 00000065f57fd7b0/0240: 00 00 00 00 00 00 00 00-00 00 00 00 00 00 00 00 ................
00:00:00.942427 00000065f57fd7c0/0250: 00 00 00 00 00 00 00 00-00 00 00 00 00 00 00 00 ................
00:00:00.942429 00000065f57fd7d0/0260: 00 00 00 00 00 00 00 00-00 00 00 00 00 00 00 00 ................
00:00:00.942431 00000065f57fd7e0/0270: 00 00 00 00 00 00 00 00-00 00 00 00 00 00 00 00 ................
00:00:00.942432 00000065f57fd7f0/0280: 00 00 00 00 00 00 00 00-00 00 00 00 00 00 00 00 ................
00:00:00.942434 00000065f57fd800/0290: 00 00 00 00 00 00 00 00-00 00 00 00 00 00 00 00 ................
00:00:00.942436 00000065f57fd810/02a0: 00 00 00 00 00 00 00 00-00 00 00 00 00 00 00 00 ................
00:00:00.942437 00000065f57fd820/02b0: 00 00 00 00 00 00 00 00-00 00 00 00 00 00 00 00 ................
00:00:00.942439 00000065f57fd830/02c0: 00 00 00 00 00 00 00 00-00 00 00 00 00 00 00 00 ................
00:00:00.942440 00000065f57fd840/02d0: 00 00 00 00 00 00 00 00-00 00 00 00 00 00 00 00 ................
00:00:00.942442 00000065f57fd850/02e0: 00 00 00 00 00 00 00 00-00 00 00 00 00 00 00 00 ................
00:00:00.942443 00000065f57fd860/02f0: 00 00 00 00 00 00 00 00-00 00 00 00 00 00 00 00 ................
00:00:00.942445 00000065f57fd870/0300: 00 00 00 00 00 00 00 00-00 00 00 00 00 00 00 00 ................
00:00:00.942446 00000065f57fd880/0310: 00 00 00 00 00 00 00 00-00 00 00 00 00 00 00 00 ................
00:00:00.942448 00000065f57fd890/0320: 00 00 00 00 00 00 00 00-00 00 00 00 00 00 00 00 ................
00:00:00.942449 00000065f57fd8a0/0330: 00 00 00 00 00 00 00 00-00 00 00 00 00 00 00 00 ................
00:00:00.942472 NEM: Successfully set up partition (device handle 0000000000000b60, partition ID 0xd7)
00:00:00.942785 PGM: Host paging mode: AMD64+PGE+NX
00:00:00.942798 PGM: PGMPool: cMaxPages=256 (u64MaxPages=48)
00:00:00.942802 PGM: pgmR3PoolInit: cMaxPages=0x100 cMaxUsers=0x200 cMaxPhysExts=0x200 fCacheEnable=true
00:00:00.953414 TM: GIP - u32Mode=3 (Invariant) u32UpdateHz=93 u32UpdateIntervalNS=10741500 enmUseTscDelta=2 (Practically Zero) fGetGipCpu=0x2b cCpus=16
00:00:00.953470 TM: GIP - u64CpuHz=3 800 200 349 (0xe282749d)  SUPGetCpuHzFromGip => 3 800 200 349
00:00:00.953477 TM: GIP - CPU: iCpuSet=0x0 idCpu=0x0 idApic=0x0 iGipCpu=0xa i64TSCDelta=0 enmState=3 u64CpuHz=3800200345(*) cErrors=0
00:00:00.953484 TM: GIP - CPU: iCpuSet=0x1 idCpu=0x1 idApic=0x1 iGipCpu=0x8 i64TSCDelta=0 enmState=3 u64CpuHz=3800200633(*) cErrors=0
00:00:00.953489 TM: GIP - CPU: iCpuSet=0x2 idCpu=0x2 idApic=0x2 iGipCpu=0x3 i64TSCDelta=0 enmState=3 u64CpuHz=3800199581(*) cErrors=0
00:00:00.953494 TM: GIP - CPU: iCpuSet=0x3 idCpu=0x3 idApic=0x3 iGipCpu=0x0 i64TSCDelta=0 enmState=3 u64CpuHz=3800200349(*) cErrors=0
00:00:00.953500 TM: GIP - CPU: iCpuSet=0x4 idCpu=0x4 idApic=0x4 iGipCpu=0x1 i64TSCDelta=0 enmState=3 u64CpuHz=3800137194(*) cErrors=0
00:00:00.953505 TM: GIP - CPU: iCpuSet=0x5 idCpu=0x5 idApic=0x5 iGipCpu=0x2 i64TSCDelta=0 enmState=3 u64CpuHz=3800186282(*) cErrors=0
00:00:00.953510 TM: GIP - CPU: iCpuSet=0x6 idCpu=0x6 idApic=0x6 iGipCpu=0x9 i64TSCDelta=0 enmState=3 u64CpuHz=3800200510(*) cErrors=0
00:00:00.953515 TM: GIP - CPU: iCpuSet=0x7 idCpu=0x7 idApic=0x7 iGipCpu=0xb i64TSCDelta=0 enmState=3 u64CpuHz=3800200796(*) cErrors=0
00:00:00.953519 TM: GIP - CPU: iCpuSet=0x8 idCpu=0x8 idApic=0x8 iGipCpu=0xc i64TSCDelta=0 enmState=3 u64CpuHz=3800200482(*) cErrors=0
00:00:00.953524 TM: GIP - CPU: iCpuSet=0x9 idCpu=0x9 idApic=0x9 iGipCpu=0xf i64TSCDelta=0 enmState=3 u64CpuHz=3800137194(*) cErrors=0
00:00:00.953529 TM: GIP - CPU: iCpuSet=0xa idCpu=0xa idApic=0xa iGipCpu=0x5 i64TSCDelta=0 enmState=3 u64CpuHz=3800200501(*) cErrors=0
00:00:00.953534 TM: GIP - CPU: iCpuSet=0xb idCpu=0xb idApic=0xb iGipCpu=0x6 i64TSCDelta=0 enmState=3 u64CpuHz=3800199803(*) cErrors=0
00:00:00.953539 TM: GIP - CPU: iCpuSet=0xc idCpu=0xc idApic=0xc iGipCpu=0x4 i64TSCDelta=0 enmState=3 u64CpuHz=3800199846(*) cErrors=0
00:00:00.953544 TM: GIP - CPU: iCpuSet=0xd idCpu=0xd idApic=0xd iGipCpu=0x7 i64TSCDelta=0 enmState=3 u64CpuHz=3800200698(*) cErrors=0
00:00:00.953549 TM: GIP - CPU: iCpuSet=0xe idCpu=0xe idApic=0xe iGipCpu=0xd i64TSCDelta=0 enmState=3 u64CpuHz=3800200729(*) cErrors=0
00:00:00.953553 TM: GIP - CPU: iCpuSet=0xf idCpu=0xf idApic=0xf iGipCpu=0xe i64TSCDelta=0 enmState=3 u64CpuHz=3800200349(*) cErrors=0
00:00:00.953564 TM: NEM overrides the /TM/TSCModeSwitchAllowed setting.
00:00:00.953580 TM:     cTSCTicksPerSecond=3 800 200 349 (0xe282749d) enmTSCMode=4 (NativeApi) TSCMultiplier=1
00:00:00.953584 TM: cTSCTicksPerSecondHost=3 800 200 349 (0xe282749d)
00:00:00.953585 TM: TSCTiedToExecution=false TSCNotTiedToHalt=false
00:00:00.954468 EMR3Init: fIemExecutesAll=false fGuruOnTripleFault=true
00:00:00.954725 IEM: TargetCpu=CURRENT, Microarch=AMD_Zen_Ryzen aidxTargetCpuEflFlavour={2,0}
00:00:00.955241 GIM: Using provider 'None' (Implementation version: 0)
00:00:00.955257 GCM: Initialized - Fixer bits: 0x0
00:00:00.955331 AIOMgr: Default manager type is 'Async'
00:00:00.955337 AIOMgr: Default file backend is 'NonBuffered'
00:00:00.955414 BlkCache: Cache successfully initialized. Cache size is 5242880 bytes
00:00:00.955423 BlkCache: Cache commit interval is 10000 ms
00:00:00.955426 BlkCache: Cache commit threshold is 2621440 bytes
00:00:01.457410 PcBios: [SMP] BIOS with 1 CPUs
00:00:01.457435 PcBios: Using the 386+ BIOS image.
00:00:01.457926 PcBios: fCheckShutdownStatusForSoftReset=true  fClearShutdownStatusOnHardReset=true
00:00:01.458106 PDM: VirtualBox APIC backend registered
00:00:01.458162 CPUM: SetGuestCpuIdFeature: Enabled xAPIC
00:00:01.458622 PIT: mode=3 count=0x10000 (65536) - 18.20 Hz (ch=0)
00:00:01.458748 VMMDev: cbDefaultBudget: 1 073 741 824 (40000000)
00:00:01.481612 Shared Folders service loaded
00:00:01.501594 Guest Control service loaded
00:00:01.526186 VGA: Using the 386+ BIOS image.
00:00:01.526619 DrvVD: Flushes will be ignored
00:00:01.526627 DrvVD: Async flushes will be passed to the disk
00:00:01.526900 VD: VDInit finished with VINF_SUCCESS
00:00:01.527009 VD: Opening the disk took 366145 ns
00:00:01.527062 FDC: 1.44 MB 3"1/2 floppy disk (2 h 80 t 18 s) rw
00:00:01.541802 Audio Mixer: Setting sink 'SB16 Mixer/PCM Output' -- channel volumes: ba ba ba ba ba ba ba ba ba ba ba ba
00:00:01.569468 WasAPI: Input device is: {Default} (iface 00000254dc769f00)
00:00:01.571457 WasAPI: Output device is: {Default} (iface 00000254dc769fa0)
00:00:01.578356 Audio: Found 9 devices for driver 'WasAPI'
00:00:01.578393 Audio: Device 'Headphones (High Definition Audio Device)':
00:00:01.578394 Audio:   ID              = {0.0.0.00000000}.{7dda4d42-aaaf-4bdf-9d7b-023246d41f45}
00:00:01.578394 Audio:   Usage           = output
00:00:01.578395 Audio:   Flags           = DEFAULT_OUT
00:00:01.578395 Audio:   Input channels  = 0
00:00:01.578395 Audio:   Output channels = 2
00:00:01.578399 Audio: Device 'Digital Audio (S/PDIF) (High Definition Audio Device)':
00:00:01.578400 Audio:   ID              = {0.0.0.00000000}.{087134d9-ae11-4a9b-82bf-5ad0d13aced6}
00:00:01.578400 Audio:   Usage           = output
00:00:01.578401 Audio:   Flags           = NONE
00:00:01.578401 Audio:   Input channels  = 0
00:00:01.578401 Audio:   Output channels = 2
00:00:01.578404 Audio: Device '100012589 (NVIDIA High Definition Audio)':
00:00:01.578405 Audio:   ID              = {0.0.0.00000000}.{3f36c4ff-500a-4cd3-9a35-77b5981f1155}
00:00:01.578405 Audio:   Usage           = output
00:00:01.578405 Audio:   Flags           = NONE
00:00:01.578406 Audio:   Input channels  = 0
00:00:01.578406 Audio:   Output channels = 2
00:00:01.578409 Audio: Device 'Speakers (2- USB Audio CODEC )':
00:00:01.578410 Audio:   ID              = {0.0.0.00000000}.{566bb4ca-cb36-4deb-843b-246f6c5c5982}
00:00:01.578410 Audio:   Usage           = output
00:00:01.578410 Audio:   Flags           = NONE
00:00:01.578410 Audio:   Input channels  = 0
00:00:01.578411 Audio:   Output channels = 2
00:00:01.578414 Audio: Device 'Headphones (High Definition Audio Device)':
00:00:01.578414 Audio:   ID              = {0.0.0.00000000}.{7dda4d42-aaaf-4bdf-9d7b-023246d41f45}
00:00:01.578415 Audio:   Usage           = output
00:00:01.578415 Audio:   Flags           = NONE
00:00:01.578415 Audio:   Input channels  = 0
00:00:01.578415 Audio:   Output channels = 2
00:00:01.578418 Audio: Device '100012589 (NVIDIA High Definition Audio)':
00:00:01.578419 Audio:   ID              = {0.0.0.00000000}.{fdb7b4cc-b13a-4c66-ac46-5302e0b66d2f}
00:00:01.578419 Audio:   Usage           = output
00:00:01.578419 Audio:   Flags           = NONE
00:00:01.578419 Audio:   Input channels  = 0
00:00:01.578420 Audio:   Output channels = 2
00:00:01.578423 Audio: Device 'Microphone (NexiGo HD Webcam Audio)':
00:00:01.578423 Audio:   ID              = {0.0.1.00000000}.{8830d0fa-5126-4de0-babf-090349e9c6f6}
00:00:01.578423 Audio:   Usage           = input
00:00:01.578424 Audio:   Flags           = DEFAULT_IN
00:00:01.578424 Audio:   Input channels  = 2
00:00:01.578424 Audio:   Output channels = 0
00:00:01.578427 Audio: Device 'Microphone (2- USB Audio CODEC )':
00:00:01.578427 Audio:   ID              = {0.0.1.00000000}.{2cdb81b1-e1eb-4201-a0a4-fc6057072946}
00:00:01.578428 Audio:   Usage           = input
00:00:01.578428 Audio:   Flags           = NONE
00:00:01.578428 Audio:   Input channels  = 1
00:00:01.578428 Audio:   Output channels = 0
00:00:01.578519 Audio: Device 'Microphone (NexiGo HD Webcam Audio)':
00:00:01.578519 Audio:   ID              = {0.0.1.00000000}.{8830d0fa-5126-4de0-babf-090349e9c6f6}
00:00:01.578519 Audio:   Usage           = input
00:00:01.578520 Audio:   Flags           = NONE
00:00:01.578520 Audio:   Input channels  = 2
00:00:01.578520 Audio:   Output channels = 0
00:00:01.578896 PGM: The CPU physical address width is 48 bits
00:00:01.578907 PGM: PGMR3InitFinalize: 4 MB PSE mask 0000ffffffffffff -> VINF_SUCCESS
00:00:01.578917 TM: TMR3InitFinalize: fTSCModeSwitchAllowed=false
00:00:01.579276 CPUM: Mapped 1.0MiB (1048576 bytes) of RAM using fixed-range MTRRs
00:00:01.579286 CPUM: Mapped 32.0MiB (33554432 bytes) of RAM using 1 variable-range MTRRs
00:00:01.579397 VMM: Thread-context hooks unavailable
00:00:01.579404 VMM: RTThreadPreemptIsPending() can be trusted
00:00:01.579407 VMM: Kernel preemption is possible
00:00:01.579420 EM: Exit history optimizations: enabled=true enabled-r0=true enabled-r0-no-preemption=false
00:00:01.579441 APIC: fPostedIntrsEnabled=false fVirtApicRegsEnabled=false fSupportsTscDeadline=false
00:00:01.579448 TMR3UtcNow: nsNow=1 776 446 599 458 467 900 nsPrev=0 -> cNsDelta=1 776 446 599 458 467 900 (offLag=0 offVirtualSync=0 offVirtualSyncGivenUp=0, NowAgain=1 776 446 599 458 467 900)
00:00:01.579545 VMM: fUsePeriodicPreemptionTimers=true
00:00:01.579600 CPUM: Logical host processors: 16 present, 16 max, 16 online, online mask: 000000000000ffff
00:00:01.579601 CPUM: Physical host cores: 8
00:00:01.579602 ************************ CPUID dump *************************
00:00:01.582004          Raw Standard CPUID Leaves
00:00:01.582005      Leaf/sub-leaf  eax      ebx      ecx      edx
00:00:01.582007 Gst: 00000000/0000  0000000d 68747541 444d4163 69746e65
00:00:01.582008 Hst:                0000000d 68747541 444d4163 69746e65
00:00:01.582009 Gst: 00000001/0000  00800f82 00010800 76d83203 178bfbbf
00:00:01.582010 Hst:                00800f82 0b100800 fed83203 178bfbff
00:00:01.582011 Gst: 00000002/0000  00000000 00000000 00000000 00000000
00:00:01.582011 Hst:                00000000 00000000 00000000 00000000
00:00:01.582012 Gst: 00000003/0000  00000000 00000000 00000000 00000000
00:00:01.582013 Hst:                00000000 00000000 00000000 00000000
00:00:01.582013 Gst: 00000004/0000  00000000 00000000 00000000 00000000
00:00:01.582014 Hst:                00000000 00000000 00000000 00000000
00:00:01.582014 Gst: 00000005/0000  00000000 00000000 00000000 00000000
00:00:01.582015 Hst:                00000000 00000000 00000000 00000000
00:00:01.582015 Gst: 00000006/0000  00000004 00000000 00000000 00000000
00:00:01.582016 Hst:                00000000 00000000 00000001 00000000
00:00:01.582016 Gst: 00000007/0000  00000000 208c0129 00000000 00000000
00:00:01.582017 Hst:                00000000 209c01a9 00000000 00000000
00:00:01.582018 Gst: 00000007/0001  00000000 00000000 00000000 00000000
00:00:01.582018 Hst:                00000000 00000000 00000000 00000000
00:00:01.582019 Gst: 00000007/0002  00000000 00000000 00000000 00000000
00:00:01.582019 Hst:                00000000 00000000 00000000 00000000
00:00:01.582020 Gst: 00000008/0000  00000000 00000000 00000000 00000000
00:00:01.582021 Hst:                00000000 00000000 00000000 00000000
00:00:01.582021 Gst: 00000009/0000  00000000 00000000 00000000 00000000
00:00:01.582022 Hst:                00000000 00000000 00000000 00000000
00:00:01.582022 Gst: 0000000a/0000  00000000 00000000 00000000 00000000
00:00:01.582023 Hst:                00000000 00000000 00000000 00000000
00:00:01.582023 Gst: 0000000b/0000  00000000 00000000 00000000 00000000
00:00:01.582024 Hst:                00000000 00000000 00000000 00000000
00:00:01.582024 Gst: 0000000c/0000  00000000 00000000 00000000 00000000
00:00:01.582025 Hst:                00000000 00000000 00000000 00000000
00:00:01.582025 Gst: 0000000d/0000  00000007 00000340 00000340 00000000
00:00:01.582026 Hst:                00000007 00000340 00000340 00000000
00:00:01.582027 Gst: 0000000d/0001  00000000 00000340 00000000 00000000
00:00:01.582027 Hst:                0000000f 00000340 00000000 00000000
00:00:01.582028 Gst: 0000000d/0002  00000100 00000240 00000000 00000000
00:00:01.582028 Hst:                00000100 00000240 00000000 00000000
00:00:01.582029 Gst: 0000000d/0003  00000000 00000000 00000000 00000000
00:00:01.582029 Hst:                00000000 00000000 00000000 00000000
00:00:01.582030                                Name: AuthenticAMD
00:00:01.582031                            Supports: 0x00000000-0x0000000d
00:00:01.582032                              Family: 15 	Extended: 8 	Effective: 23
00:00:01.582033                               Model:  8 	Extended: 0 	Effective: 8
00:00:01.582034                            Stepping: 2
00:00:01.582035                                Type: 0 (primary)
00:00:01.582036                             APIC ID: 0x00
00:00:01.582037                        Logical CPUs: 1
00:00:01.582037                        CLFLUSH Size: 8
00:00:01.582038                            Brand ID: 0x00
00:00:01.582039 Features
00:00:01.582039   Mnemonic - Description                                  = Guest (Host)
00:00:01.582040   FPU - x87 FPU on Chip                                   = 1 (1)
00:00:01.582042   VME - Virtual 8086 Mode Enhancements                    = 1 (1)
00:00:01.582043   DE - Debugging extensions                               = 1 (1)
00:00:01.582044   PSE - Page Size Extension                               = 1 (1)
00:00:01.582045   TSC - Time Stamp Counter                                = 1 (1)
00:00:01.582047   MSR - Model Specific Registers                          = 1 (1)
00:00:01.582048   PAE - Physical Address Extension                        = 0 (1)
00:00:01.582049   MCE - Machine Check Exception                           = 1 (1)
00:00:01.582050   CX8 - CMPXCHG8B instruction                             = 1 (1)
00:00:01.582050   APIC - APIC On-Chip                                     = 1 (1)
00:00:01.582051   SEP - SYSENTER and SYSEXIT Present                      = 1 (1)
00:00:01.582052   MTRR - Memory Type Range Registers                      = 1 (1)
00:00:01.582053   PGE - PTE Global Bit                                    = 1 (1)
00:00:01.582054   MCA - Machine Check Architecture                        = 1 (1)
00:00:01.582055   CMOV - Conditional Move instructions                    = 1 (1)
00:00:01.582055   PAT - Page Attribute Table                              = 1 (1)
00:00:01.582056   PSE-36 - 36-bit Page Size Extension                     = 1 (1)
00:00:01.582057   PSN - Processor Serial Number                           = 0 (0)
00:00:01.582058   CLFSH - CLFLUSH instruction                             = 1 (1)
00:00:01.582059   DS - Debug Store                                        = 0 (0)
00:00:01.582060   ACPI - Thermal Mon. & Soft. Clock Ctrl.                 = 0 (0)
00:00:01.582061   MMX - Intel MMX Technology                              = 1 (1)
00:00:01.582061   FXSR - FXSAVE and FXRSTOR instructions                  = 1 (1)
00:00:01.582062   SSE - SSE support                                       = 1 (1)
00:00:01.582063   SSE2 - SSE2 support                                     = 1 (1)
00:00:01.582064   SS - Self Snoop                                         = 0 (0)
00:00:01.582065   HTT - Hyper-Threading Technology                        = 1 (1)
00:00:01.582066   TM - Therm. Monitor                                     = 0 (0)
00:00:01.582067   PBE - Pending Break Enabled                             = 0 (0)
00:00:01.582068   SSE3 - SSE3 support                                     = 1 (1)
00:00:01.582068   PCLMUL - PCLMULQDQ support (for AES-GCM)                = 1 (1)
00:00:01.582069   DTES64 - DS Area 64-bit Layout                          = 0 (0)
00:00:01.582070   MONITOR - MONITOR/MWAIT instructions                    = 0 (0)
00:00:01.582071   CPL-DS - CPL Qualified Debug Store                      = 0 (0)
00:00:01.582072   VMX - Virtual Machine Extensions                        = 0 (0)
00:00:01.582072   SMX - Safer Mode Extensions                             = 0 (0)
00:00:01.582073   EST - Enhanced SpeedStep Technology                     = 0 (0)
00:00:01.582074   TM2 - Terminal Monitor 2                                = 0 (0)
00:00:01.582075   SSSE3 - Supplemental Streaming SIMD Extensions 3        = 1 (1)
00:00:01.582075   CNTX-ID - L1 Context ID                                 = 0 (0)
00:00:01.582076   SDBG - Silicon Debug interface                          = 0 (0)
00:00:01.582077   FMA - Fused Multiply Add extensions                     = 1 (1)
00:00:01.582078   CX16 - CMPXCHG16B instruction                           = 1 (1)
00:00:01.582079   TPRUPDATE - xTPR Update Control                         = 0 (0)
00:00:01.582079   PDCM - Perf/Debug Capability MSR                        = 0 (0)
00:00:01.582080   PCID - Process Context Identifiers                      = 0 (0)
00:00:01.582081   DCA - Direct Cache Access                               = 0 (0)
00:00:01.582082   SSE4_1 - SSE4_1 support                                 = 1 (1)
00:00:01.582083   SSE4_2 - SSE4_2 support                                 = 1 (1)
00:00:01.582083   X2APIC - x2APIC support                                 = 0 (0)
00:00:01.582084   MOVBE - MOVBE instruction                               = 1 (1)
00:00:01.582085   POPCNT - POPCNT instruction                             = 1 (1)
00:00:01.582086   TSCDEADL - Time Stamp Counter Deadline                  = 0 (0)
00:00:01.582087   AES - AES instructions                                  = 1 (1)
00:00:01.582088   XSAVE - XSAVE instruction                               = 1 (1)
00:00:01.582089   OSXSAVE - OSXSAVE instruction                           = 0 (1)
00:00:01.582089   AVX - AVX support                                       = 1 (1)
00:00:01.582090   F16C - 16-bit floating point conversion instructions    = 1 (1)
00:00:01.582091   RDRAND - RDRAND instruction                             = 1 (1)
00:00:01.582092   HVP - Hypervisor Present (we're a guest)                = 0 (1)
00:00:01.582093 Structured Extended Feature Flags Enumeration (leaf 7):
00:00:01.582093 Sub-leaf 0
00:00:01.582093   Mnemonic - Description                                  = Guest (Host)
00:00:01.582094   FSGSBASE - RDFSBASE/RDGSBASE/WRFSBASE/WRGSBASE instr.   = 1 (1)
00:00:01.582095   TSCADJUST - Supports MSR_IA32_TSC_ADJUST                = 0 (0)
00:00:01.582096   SGX - Supports Software Guard Extensions                = 0 (0)
00:00:01.582096   BMI1 - Advanced Bit Manipulation extension 1            = 1 (1)
00:00:01.582097   HLE - Hardware Lock Elision                             = 0 (0)
00:00:01.582098   AVX2 - Advanced Vector Extensions 2                     = 1 (1)
00:00:01.582100   FDP_EXCPTN_ONLY - FPU DP only updated on exceptions     = 0 (0)
00:00:01.582100   SMEP - Supervisor Mode Execution Prevention             = 0 (1)
00:00:01.582101   BMI2 - Advanced Bit Manipulation extension 2            = 1 (1)
00:00:01.582102   ERMS - Enhanced REP MOVSB/STOSB instructions            = 0 (0)
00:00:01.582102   INVPCID - INVPCID instruction                           = 0 (0)
00:00:01.582103   RTM - Restricted Transactional Memory                   = 0 (0)
00:00:01.582104   PQM - Platform Quality of Service Monitoring            = 0 (0)
00:00:01.582105   DEPFPU_CS_DS - Deprecates FPU CS, FPU DS values if set  = 0 (0)
00:00:01.582105   MPE - Intel Memory Protection Extensions                = 0 (0)
00:00:01.582106   PQE - Platform Quality of Service Enforcement           = 0 (0)
00:00:01.582107   AVX512F - AVX512 Foundation instructions                = 0 (0)
00:00:01.582107   AVX512DQ - Supports the AVX512DQ instructions           = 0 (0)
00:00:01.582108   RDSEED - RDSEED instruction                             = 1 (1)
00:00:01.582109   ADX - ADCX/ADOX instructions                            = 1 (1)
00:00:01.582110   SMAP - Supervisor Mode Access Prevention                = 0 (1)
00:00:01.582111   AVX512_IFMA - Supports the AVX512_IFMA instructions     = 0 (0)
00:00:01.582111   CLFLUSHOPT - CLFLUSHOPT (Cache Line Flush) instruction  = 1 (1)
00:00:01.582112   CLWB - CLWB instruction                                 = 0 (0)
00:00:01.582113   INTEL_PT - Intel Processor Trace                        = 0 (0)
00:00:01.582114   AVX512PF - AVX512 Prefetch instructions                 = 0 (0)
00:00:01.582114   AVX512ER - AVX512 Exponential & Reciprocal instructions = 0 (0)
00:00:01.582115   AVX512CD - AVX512 Conflict Detection instructions       = 0 (0)
00:00:01.582115   SHA - Secure Hash Algorithm extensions                  = 1 (1)
00:00:01.582116   AVX512BW - Supports the AVX512BW instructions           = 0 (0)
00:00:01.582117   AVX512VL - Supports the AVX512VL instructions           = 0 (0)
00:00:01.582118   PREFETCHWT1 - PREFETCHWT1 instruction                   = 0 (0)
00:00:01.582118   AVX512_VBMI - Supports the AVX512_VBMI instructions     = 0 (0)
00:00:01.582119   UMIP - User mode insturction prevention                 = 0 (0)
00:00:01.582120   PKU - Protection Key for Usermode pages                 = 0 (0)
00:00:01.582120   OSPKE - CR4.PKU mirror                                  = 0 (0)
00:00:01.582121   WAITPKG - TPAUSE, UMONITOR & UMWAIT support             = 0 (0)
00:00:01.582122   AVX512_VBMI2 - Supports the AVX512_VBMI2 instructions   = 0 (0)
00:00:01.582123   CET_SS - CET shadow stack support                       = 0 (0)
00:00:01.582123   GFNI - Supports the GFNI instruction set                = 0 (0)
00:00:01.582124   VAES - Supports the VEX encoded AES instruction set     = 0 (0)
00:00:01.582125   VPCLMULQDQ - Supports the VPCLMULQDQ instruction        = 0 (0)
00:00:01.582125   AVX512_VNNI - Supports the AVX512_VNNI instructions     = 0 (0)
00:00:01.582126   AVX512_BITALG - Supports the AVX512_BITALG instructions = 0 (0)
00:00:01.582127   TME_EN - Supports 4 IA32_TME_ MSRs                      = 0 (0)
00:00:01.582127   AVX512_VPOPCNTDQ - Supports the AVX512_VPOPCNTDQ instructions = 0 (0)
00:00:01.582128   LA57 - 57-bit linear addresses                          = 0 (0)
00:00:01.582129   MAWAU - Value used by BNDLDX & BNDSTX                   = 0x0 (0x0)
00:00:01.582130   RDPID - Read processor ID support                       = 0 (0)
00:00:01.582130   KEY_LOCKER - Supports Key Locker                        = 0 (0)
00:00:01.582131   BUS_LOCK_DETECT - Supports OS bus-lock detection        = 0 (0)
00:00:01.582132   CLDEMOTE - Supports cache line demote                   = 0 (0)
00:00:01.582133   MOVDIRI - Supports the MOVDIRI instruction              = 0 (0)
00:00:01.582133   MOVDIRI64B - Supports the MOVDIRI64B instruction        = 0 (0)
00:00:01.582134   ENQCMD - Supports the Eqnqueue Stores                   = 0 (0)
00:00:01.582135   SGX_LC - Supports SGX Launch Configuration              = 0 (0)
00:00:01.582136   PKS - Supports protection keys for supervisor pages     = 0 (0)
00:00:01.582136  Sub-leaf 2
00:00:01.582137   Mnemonic - Description                                  = Guest (Host)
00:00:01.582138   PSFD - Supports IA32_SPEC_CTRL[7] (PSFD)                = 0 (0)
00:00:01.582139   IPRED_CTRL - Supports IA32_SPEC_CTRL[4:3] (IPRED_DIS)   = 0 (0)
00:00:01.582140   RRSBA_CTRL - Supports IA32_SPEC_CTRL[6:5] (RRSBA_DIS)   = 0 (0)
00:00:01.582140   DDPD_U - Supports IA32_SPEC_CTRL[8] (DDPD_U)            = 0 (0)
00:00:01.582141   BHI_CTRL - Supports IA32_SPEC_CTRL[10] (BHI_DIS_S)      = 0 (0)
00:00:01.582142   MCDT_NO - No MXCSR Config Dependent Timing issues       = 0 (0)
00:00:01.582142   UC_LOCK_DIS - Supports UC-lock disable and causing #AC  = 0 (0)
00:00:01.582143   MONITOR_MITG_NO - No MONITOR/UMONITOR power issues      = 0 (0)
00:00:01.582144 Processor Extended State Enumeration (leaf 0xd):
00:00:01.582144    XSAVE area cur/max size by XCR0, Guest: 0x340/0x340
00:00:01.582145    XSAVE area cur/max size by XCR0,  Host: 0x340/0x340
00:00:01.582146                    Valid XCR0 bits, Guest: 0x00000000`00000007 ( x87 SSE YMM_Hi128 )
00:00:01.582148                    Valid XCR0 bits,  Host: 0x00000000`00000007 ( x87 SSE YMM_Hi128 )
00:00:01.582149                     XSAVE features, Guest
00:00:01.582150                     XSAVE features,  Host XSAVEOPT XSAVEC XGETBC1 XSAVES
00:00:01.582151       XSAVE area cur size XCR0|XSS, Guest: 0x340
00:00:01.582152       XSAVE area cur size XCR0|XSS,  Host: 0x340
00:00:01.582152                Valid IA32_XSS bits, Guest: 0x00000000`00000000
00:00:01.582153                Valid IA32_XSS bits,  Host: 0x00000000`00000000
00:00:01.582154   State #2, Guest: off=0x0240, cb=0x0100 IA32_XSS-bit -- YMM_Hi128
00:00:01.582155   State #2,  Host:  off=0x0240, cb=0x0100 IA32_XSS-bit -- YMM_Hi128
00:00:01.582160          Raw Hypervisor CPUID Leaves
00:00:01.582161      Leaf/sub-leaf  eax      ebx      ecx      edx
00:00:01.582161 Hst: 40000000/0000  4000000c 7263694d 666f736f 76482074
00:00:01.582162 Hst: 40000001/0000  31237648 00000000 00000000 00000000
00:00:01.582163 Hst: 40000002/0000  00004a61 000a0000 00000007 00001b92
00:00:01.582164 Hst: 40000003/0000  0000bfff 002bb9ff 00000002 11fffbf2
00:00:01.582165 Hst: 40000004/0000  00042d1c 00000000 00000000 00000000
00:00:01.582165 Hst: 40000005/0000  00000400 00000400 00000c90 00000000
00:00:01.582166 Hst: 40000006/0000  000200ae 00000000 00000000 00000000
00:00:01.582167 Hst: 40000007/0000  80000007 00000003 00000000 00000000
00:00:01.582167 Hst: 40000008/0000  00100001 00000001 0000cccc 00000000
00:00:01.582168 Hst: 40000009/0000  00000000 00000000 00000000 00000000
00:00:01.582169 Hst: 4000000a/0000  00000000 00000000 00000000 00000000
00:00:01.582169 Hst: 4000000b/0000  00000000 00000000 00000000 00000000
00:00:01.582170 Hst: 4000000c/0000  00000000 00000000 00000000 00000000
00:00:01.582171          Raw Extended CPUID Leaves
00:00:01.582171      Leaf/sub-leaf  eax      ebx      ecx      edx
00:00:01.582171 Gst: 80000000/0000  8000001f 68747541 444d4163 69746e65
00:00:01.582172 Hst:                8000001f 68747541 444d4163 69746e65
00:00:01.582173 Gst: 80000001/0000  00800f82 20000000 000001f1 0bc3fb3f
00:00:01.582174 Hst:                00800f82 20000000 004023f3 2fd3fbff
00:00:01.582175 Gst: 80000002/0000  20444d41 657a7952 2037206e 30303732
00:00:01.582175 Hst:                20444d41 657a7952 2037206e 30303732
00:00:01.582176 Gst: 80000003/0000  69452058 2d746867 65726f43 6f725020
00:00:01.582177 Hst:                69452058 2d746867 65726f43 6f725020
00:00:01.582178 Gst: 80000004/0000  73736563 2020726f 20202020 00202020
00:00:01.582179 Hst:                73736563 2020726f 20202020 00202020
00:00:01.582179 Gst: 80000005/0000  ff40ff40 ff40ff40 20080140 40040140
00:00:01.582180 Hst:                ff40ff40 ff40ff40 20080140 40040140
00:00:01.582181 Gst: 80000006/0000  26006400 66006400 02006140 00808140
00:00:01.582182 Hst:                26006400 66006400 02006140 00808140
00:00:01.582182 Gst: 80000007/0000  00000000 00000000 00000000 00000100
00:00:01.582183 Hst:                00000000 0000001b 00000000 00004789
00:00:01.582184 Gst: 80000008/0000  00003030 04000000 00000000 00000000
00:00:01.582184 Hst:                00003030 02000005 0000400f 00000000
00:00:01.582185 Gst: 80000009/0000  00000000 00000000 00000000 00000000
00:00:01.582186 Hst:                00000000 00000000 00000000 00000000
00:00:01.582186 Gst: 8000000a/0000  00000000 00000000 00000000 00000000
00:00:01.582187 Hst:                00000000 00000000 00000000 00000000
00:00:01.582187 Gst: 8000000b/0000  00000000 00000000 00000000 00000000
00:00:01.582188 Hst:                00000000 00000000 00000000 00000000
00:00:01.582189 Gst: 8000000c/0000  00000000 00000000 00000000 00000000
00:00:01.582189 Hst:                00000000 00000000 00000000 00000000
00:00:01.582190 Gst: 8000000d/0000  00000000 00000000 00000000 00000000
00:00:01.582190 Hst:                00000000 00000000 00000000 00000000
00:00:01.582191 Gst: 8000000e/0000  00000000 00000000 00000000 00000000
00:00:01.582192 Hst:                00000000 00000000 00000000 00000000
00:00:01.582192 Gst: 8000000f/0000  00000000 00000000 00000000 00000000
00:00:01.582193 Hst:                00000000 00000000 00000000 00000000
00:00:01.582193 Gst: 80000010/0000  00000000 00000000 00000000 00000000
00:00:01.582194 Hst:                00000000 00000000 00000000 00000000
00:00:01.582194 Gst: 80000011/0000  00000000 00000000 00000000 00000000
00:00:01.582195 Hst:                00000000 00000000 00000000 00000000
00:00:01.582196 Gst: 80000012/0000  00000000 00000000 00000000 00000000
00:00:01.582196 Hst:                00000000 00000000 00000000 00000000
00:00:01.582197 Gst: 80000013/0000  00000000 00000000 00000000 00000000
00:00:01.582197 Hst:                00000000 00000000 00000000 00000000
00:00:01.582198 Gst: 80000014/0000  00000000 00000000 00000000 00000000
00:00:01.582199 Hst:                00000000 00000000 00000000 00000000
00:00:01.582199 Gst: 80000015/0000  00000000 00000000 00000000 00000000
00:00:01.582200 Hst:                00000000 00000000 00000000 00000000
00:00:01.582200 Gst: 80000016/0000  00000000 00000000 00000000 00000000
00:00:01.582201 Hst:                00000000 00000000 00000000 00000000
00:00:01.582201 Gst: 80000017/0000  00000000 00000000 00000000 00000000
00:00:01.582202 Hst:                00000000 00000000 00000000 00000000
00:00:01.582203 Gst: 80000018/0000  00000000 00000000 00000000 00000000
00:00:01.582203 Hst:                00000000 00000000 00000000 00000000
00:00:01.582204 Gst: 80000019/0000  00000000 00000000 00000000 00000000
00:00:01.582204 Hst:                00000000 00000000 00000000 00000000
00:00:01.582205 Gst: 8000001a/0000  00000003 00000000 00000000 00000000
00:00:01.582205 Hst:                00000003 00000000 00000000 00000000
00:00:01.582206 Gst: 8000001b/0000  00000000 00000000 00000000 00000000
00:00:01.582207 Hst:                00000000 00000000 00000000 00000000
00:00:01.582207 Gst: 8000001c/0000  00000000 00000000 00000000 00000000
00:00:01.582208 Hst:                00000000 00000000 00000000 00000000
00:00:01.582208 Gst: 8000001d/0000  00000121 01c0003f 0000003f 00000000
00:00:01.582209 Hst:                00004121 01c0003f 0000003f 00000000
00:00:01.582210 Gst: 8000001d/0001  00000122 00c0003f 000000ff 00000000
00:00:01.582210 Hst:                00004122 00c0003f 000000ff 00000000
00:00:01.582211 Gst: 8000001d/0002  00000143 01c0003f 000003ff 00000002
00:00:01.582212 Hst:                00004143 01c0003f 000003ff 00000002
00:00:01.582212 Gst: 8000001d/0003  00000163 03c0003f 00001fff 00000001
00:00:01.582213 Hst:                0001c163 03c0003f 00001fff 00000001
00:00:01.582214 Gst: 8000001d/0004  00000000 00000000 00000000 00000000
00:00:01.582215 Hst:                00000000 00000000 00000000 00000000
00:00:01.582215 Gst: 8000001e/0000  00000000 00000000 00000000 00000000
00:00:01.582216 Hst:                0000000b 00000105 00000000 00000000
00:00:01.582216 Gst: 8000001f/0000  00000000 00000000 00000000 00000000
00:00:01.582217 Hst:                00000000 00000000 00000000 00000000
00:00:01.582217 Ext Name:                        AuthenticAMD
00:00:01.582218 Ext Supports:                    0x80000000-0x8000001f
00:00:01.582218 Family:                          15  	Extended: 8 	Effective: 23
00:00:01.582219 Model:                           8  	Extended: 0 	Effective: 8
00:00:01.582220 Stepping:                        2
00:00:01.582220 Brand ID:                        0x000
00:00:01.582220 Ext Features
00:00:01.582220   Mnemonic - Description                                  = Guest (Host)
00:00:01.582222   FPU - x87 FPU on Chip                                   = 1 (1)
00:00:01.582223   VME - Virtual 8086 Mode Enhancements                    = 1 (1)
00:00:01.582223   DE - Debugging extensions                               = 1 (1)
00:00:01.582224   PSE - Page Size Extension                               = 1 (1)
00:00:01.582225   TSC - Time Stamp Counter                                = 1 (1)
00:00:01.582226   MSR - K86 Model Specific Registers                      = 1 (1)
00:00:01.582227   PAE - Physical Address Extension                        = 0 (1)
00:00:01.582227   MCE - Machine Check Exception                           = 0 (1)
00:00:01.582228   CX8 - CMPXCHG8B instruction                             = 1 (1)
00:00:01.582229   APIC - APIC On-Chip                                     = 1 (1)
00:00:01.582230   SEP - SYSCALL/SYSRET                                    = 1 (1)
00:00:01.582231   MTRR - Memory Type Range Registers                      = 1 (1)
00:00:01.582231   PGE - PTE Global Bit                                    = 1 (1)
00:00:01.582232   MCA - Machine Check Architecture                        = 1 (1)
00:00:01.582233   CMOV - Conditional Move instructions                    = 1 (1)
00:00:01.582234   PAT - Page Attribute Table                              = 1 (1)
00:00:01.582235   PSE-36 - 36-bit Page Size Extension                     = 1 (1)
00:00:01.582235   NX - No-Execute/Execute-Disable                         = 0 (1)
00:00:01.582236   AXMMX - AMD Extensions to MMX instructions              = 1 (1)
00:00:01.582237   MMX - Intel MMX Technology                              = 1 (1)
00:00:01.582238   FXSR - FXSAVE and FXRSTOR Instructions                  = 1 (1)
00:00:01.582238   FFXSR - AMD fast FXSAVE and FXRSTOR instructions        = 1 (1)
00:00:01.582239   Page1GB - 1 GB large page                               = 0 (1)
00:00:01.582240   RDTSCP - RDTSCP instruction                             = 1 (1)
00:00:01.582241   LM - AMD64 Long Mode                                    = 0 (1)
00:00:01.582243   3DNOWEXT - AMD Extensions to 3DNow                      = 0 (0)
00:00:01.582244   3DNOW - AMD 3DNow                                       = 0 (0)
00:00:01.582245   LahfSahf - LAHF/SAHF support in 64-bit mode             = 1 (1)
00:00:01.582246   CmpLegacy - Core multi-processing legacy mode           = 0 (1)
00:00:01.582246   SVM - AMD Secure Virtual Machine extensions             = 0 (0)
00:00:01.582247   EXTAPIC - AMD Extended APIC registers                   = 0 (0)
00:00:01.582248   CR8L - AMD LOCK MOV CR0 means MOV CR8                   = 1 (1)
00:00:01.582248   ABM - AMD Advanced Bit Manipulation                     = 1 (1)
00:00:01.582249   SSE4A - SSE4A instructions                              = 1 (1)
00:00:01.582250   MISALIGNSSE - AMD Misaligned SSE mode                   = 1 (1)
00:00:01.582251   3DNOWPRF - AMD PREFETCH and PREFETCHW instructions      = 1 (1)
00:00:01.582251   OSVW - AMD OS Visible Workaround                        = 0 (1)
00:00:01.582252   IBS - Instruct Based Sampling                           = 0 (0)
00:00:01.582253   XOP - Extended Operation support                        = 0 (0)
00:00:01.582254   SKINIT - SKINIT, STGI, and DEV support                  = 0 (0)
00:00:01.582254   WDT - AMD Watchdog Timer support                        = 0 (1)
00:00:01.582255   LWP - Lightweight Profiling support                     = 0 (0)
00:00:01.582256   FMA4 - Four operand FMA instruction support             = 0 (0)
00:00:01.582256   TCE - Translation Cache Extension support               = 0 (0)
00:00:01.582257   NodeId - NodeId in MSR C001_100C                        = 0 (0)
00:00:01.582258   TBM - Trailing Bit Manipulation instructions            = 0 (0)
00:00:01.582259   TOPOEXT - Topology Extensions                           = 0 (1)
00:00:01.582259   PRFEXTCORE - Performance Counter Extensions support     = 0 (0)
00:00:01.582260   PRFEXTNB - NB Performance Counter Extensions support    = 0 (0)
00:00:01.582261   DATABPEXT - Data-access Breakpoint Extension            = 0 (0)
00:00:01.582261   PERFTSC - Performance Time Stamp Counter                = 0 (0)
00:00:01.582262   PCX_L2I - L2I/L3 Performance Counter Extensions         = 0 (0)
00:00:01.582263   MONITORX - MWAITX and MONITORX instructions             = 0 (0)
00:00:01.582263   AddrMaskExt - BP Addressing masking extended to bit 31  = 0 (0)
00:00:01.582264 Full Name:                       "AMD Ryzen 7 2700X Eight-Core Processor         "
00:00:01.582264 TLB 2/4M Instr/Uni:              fully  64 entries
00:00:01.582265 TLB 2/4M Data:                   fully  64 entries
00:00:01.582266 TLB 4K Instr/Uni:                fully  64 entries
00:00:01.582266 TLB 4K Data:                     fully  64 entries
00:00:01.582267 L1 Instr Cache Line Size:        64 bytes
00:00:01.582267 L1 Instr Cache Lines Per Tag:    1
00:00:01.582267 L1 Instr Cache Associativity:    4 way
00:00:01.582268 L1 Instr Cache Size:             64 KB
00:00:01.582268 L1 Data Cache Line Size:         64 bytes
00:00:01.582268 L1 Data Cache Lines Per Tag:     1
00:00:01.582269 L1 Data Cache Associativity:     8 way
00:00:01.582269 L1 Data Cache Size:              32 KB
00:00:01.582269 L2 TLB 2/4M Instr/Uni:           8 way  1024 entries
00:00:01.582270 L2 TLB 2/4M Data:                2 way  1536 entries
00:00:01.582270 L2 TLB 4K Instr/Uni:             8 way  1024 entries
00:00:01.582271 L2 TLB 4K Data:                  8 way  1536 entries
00:00:01.582271 L2 Cache Line Size:              64 bytes
00:00:01.582271 L2 Cache Lines Per Tag:          1
00:00:01.582272 L2 Cache Associativity:          8 way 
00:00:01.582272 L2 Cache Size:                   512 KB
00:00:01.582273 L3 Cache Line Size:              64 bytes
00:00:01.582274 L3 Cache Lines Per Tag:          1
00:00:01.582274 L3 Cache Associativity:          16 way
00:00:01.582274 L3 Cache Size:                   16384 KB
00:00:01.582275 APM Features EDX
00:00:01.582275   Mnemonic - Description                                  = Guest (Host)
00:00:01.582277   TS - Temperature Sensor                                 = 0 (1)
00:00:01.582278   FID - Frequency ID control                              = 0 (0)
00:00:01.582279   VID - Voltage ID control                                = 0 (0)
00:00:01.582280   TTP - Thermal Trip                                      = 0 (1)
00:00:01.582281   TM - Hardware Thermal Control (HTC)                     = 0 (0)
00:00:01.582282   100MHzSteps - 100 MHz Multiplier control                = 0 (0)
00:00:01.582282   HwPstate - Hardware P-state control                     = 0 (1)
00:00:01.582283   TscInvariant - Invariant Time Stamp Counter             = 1 (1)
00:00:01.582284   CPB - Core Performance Boost                            = 0 (1)
00:00:01.582285   EffFreqRO - Read-only Effective Frequency Interface     = 0 (1)
00:00:01.582285   ProcFdbkIf - Processor Feedback Interface               = 0 (0)
00:00:01.582286   ProcPwrRep - Core power reporting interface support     = 0 (0)
00:00:01.582287   ConnectedStandby - Connected Standby                    = 0 (0)
00:00:01.582287   RAPL - Running average power limit                      = 0 (1)
00:00:01.582288 Ext Features ext IDs EBX
00:00:01.582289   Mnemonic - Description                                  = Guest (Host)
00:00:01.582289   CLZERO - Clear zero instruction (cacheline)             = 0 (1)
00:00:01.582290   IRPerf - Instructions retired count support             = 0 (0)
00:00:01.582291   XSaveErPtr - Save/restore error pointers (FXSAVE/RSTOR) = 0 (1)
00:00:01.582291   INVLPGB - INVLPGB and TLBSYNC instructions              = 0 (0)
00:00:01.582292   RDPRU - RDPRU instruction                               = 0 (0)
00:00:01.582293   BE - Bandwidth Enforcement extension                    = 0 (0)
00:00:01.582294   MCOMMIT - MCOMMIT instruction                           = 0 (0)
00:00:01.582295   WBNOINVD - WBNOINVD instruction                         = 0 (0)
00:00:01.582295   IBPB - Supports the IBPB command in IA32_PRED_CMD       = 0 (0)
00:00:01.582296   INT_WBINVD - WBINVD/WBNOINVD interruptible              = 0 (0)
00:00:01.582297   IBRS - Indirect Branch Restricted Speculation           = 0 (0)
00:00:01.582297   STIBP - Single Thread Indirect Branch Prediction        = 0 (0)
00:00:01.582298   IbrsAlwaysOn - Processor prefers that IBRS be left on   = 0 (0)
00:00:01.582299   StibpAlwaysOn - Processor prefers that STIBP be left on = 0 (0)
00:00:01.582299   IbrsPreferred - IBRS preferred over software solution   = 0 (0)
00:00:01.582300   IbrsSameMode - IBRS limits same mode speculation        = 0 (0)
00:00:01.582300   EferLmsleUnsupported - EFER.LMSLE is unsupported        = 0 (0)
00:00:01.582301   INVLPGBnestedPages - INVLPGB for nested translation     = 0 (0)
00:00:01.582302   PPIN - Protected processor inventory number             = 0 (0)
00:00:01.582302   SSBD - Speculative Store Bypass Disable                 = 0 (0)
00:00:01.582303   SsbdVirtSpecCtrl - Use VIRT_SPEC_CTL for SSBD           = 0 (1)
00:00:01.582304   SsbdNotRequired - SSBD not needed on this processor     = 1 (0)
00:00:01.582304   CPPC - Collaborative Processor Performance Control      = 0 (0)
00:00:01.582305   PSFD - Predictive Store Forward Disable                 = 0 (0)
00:00:01.582305   BTC_NO - Unaffected by branch type confusion            = 0 (0)
00:00:01.582306   IBPB_RET - Clears RA predictor when PRED_CMD.IBPB set   = 0 (0)
00:00:01.582307 Physical Address Width:          48 bits
00:00:01.582307 Virtual Address Width:           48 bits
00:00:01.582308 Guest Physical Address Width:    48 bits (0)
00:00:01.582308 Physical Core Count:             1
00:00:01.582308 APIC ID size:                    1 (0x1)
00:00:01.582309 Performance TSC size:            40 bits
00:00:01.582309 Max page count for INVLPGB:      0x3030
00:00:01.582309 Max ECX for RDPRU:               0x0
00:00:01.582311 ********************* End of CPUID dump *********************
00:00:01.582356 VMEmt: Halt method global1 (5)
00:00:01.582472 VMEmt: HaltedGlobal1 config: cNsSpinBlockThresholdCfg=50000
00:00:01.582483 Changing the VM state from 'CREATING' to 'CREATED'
00:00:01.583480 NAT: DNS settings changed, triggering update
00:00:01.583492 NAT DNS Update: Stored 1263225675 as nameserver #0
00:00:01.583496 NAT DNS Update: Stored 1280068427 as nameserver #1
00:00:01.583499 NAT DNS Update: Stored 2 total nameservers
00:00:01.583788 Changing the VM state from 'CREATED' to 'POWERING_ON'
00:00:01.583867 Changing the VM state from 'POWERING_ON' to 'RUNNING'
00:00:01.583879 Console: Machine state changed to 'Running'
00:00:01.586167 VMMDev: Guest Log: BIOS: VirtualBox 7.2.6
00:00:01.586451 PCI: Setting up resources and interrupts
00:00:01.586893 PIT: mode=2 count=0x10000 (65536) - 18.20 Hz (ch=0)
00:00:01.607164 Display::i_handleDisplayResize: uScreenId=0 pvVRAM=0000000000000000 w=720 h=400 bpp=0 cbLine=0x0 flags=0x0 origin=0,0
00:00:01.607971 VMMDev: Guest Log: CPUID EDX: 0x178bfbbf
00:00:01.608536 VMMDev: Guest Log: BIOS: No PCI IDE controller, not probing IDE
00:00:01.645493 PIT: mode=2 count=0x48d3 (18643) - 64.00 Hz (ch=0)
00:00:01.648793 Display::i_handleDisplayResize: uScreenId=0 pvVRAM=00000254e2340000 w=640 h=480 bpp=32 cbLine=0xA00 flags=0x0 origin=0,0
00:00:02.012919 VBoxHeadless: starting event loop
00:00:04.118165 Display::i_handleDisplayResize: uScreenId=0 pvVRAM=0000000000000000 w=720 h=400 bpp=0 cbLine=0x0 flags=0x0 origin=0,0
00:00:04.120623 PIT: mode=2 count=0x10000 (65536) - 18.20 Hz (ch=0)
00:00:04.120828 VMMDev: Guest Log: BIOS: Boot : bseqnr=1, bootseq=0001
00:00:04.141349 VMMDev: Guest Log: BIOS: Booting from Floppy...
00:00:04.166657 WasAPI: Looking up or creating cache entry (caching is set to enabled, iface 00000254dc769fa0, async init)
00:00:04.166753 Audio: Warning: Scheduling hint of stream '[WasAPI] Output:0' is bigger (1000ms) than used period size (0ms)
00:00:04.166866 Audio Mixer: Setting sink 'SB16 Mixer/PCM Output' -- channel volumes: ba ba ba ba ba ba ba ba ba ba ba ba
00:00:04.180783 Display::i_handleDisplayResize: uScreenId=0 pvVRAM=00000254e2340000 w=640 h=400 bpp=0 cbLine=0x140 flags=0x0 origin=0,0
