00:00:00.361542 VirtualBox VM 7.2.6 r172322 win.amd64 (Jan 15 2026 18:08:50) release log
00:00:00.361543 Log opened 2026-04-27T01:31:27.168027700Z
00:00:00.361544 Build Type: release
00:00:00.361545 OS Product: Windows 10
00:00:00.361690 OS Release: 10.0.19045.7184
00:00:00.361691 OS Service Pack: 
00:00:00.428215 DMI Product Name: System Product Name
00:00:00.430860 DMI Product Version: System Version
00:00:00.430869 Firmware type: UEFI
00:00:00.431170 Secure Boot: Enabled
00:00:00.431176 Host RAM: 32692MB (31.9GB) total, 19812MB (19.3GB) available
00:00:00.431178 Executable: C:\Program Files\Oracle\VirtualBox\VBoxHeadless.exe
00:00:00.431179 Process ID: 71240
00:00:00.431179 Package type: WINDOWS_64BITS_GENERIC
00:00:00.431180 Windows Features:
00:00:00.431180   Core Isolation (Memory Integrity): DISABLED
00:00:00.431939 Installed Extension Packs:
00:00:00.431949   None installed!
00:00:00.432432 Console: Machine state changed to 'Starting'
00:00:00.491008 SUP: seg #0: R   0x00000000 LB 0x00001000
00:00:00.491025 SUP: seg #1: R X 0x00001000 LB 0x00204000
00:00:00.491029 SUP: seg #2: R   0x00205000 LB 0x00053000
00:00:00.491033 SUP: seg #3: RW  0x00258000 LB 0x00013000
00:00:00.491036 SUP: seg #4: R   0x0026b000 LB 0x00013000
00:00:00.491040 SUP: seg #5: RW  0x0027e000 LB 0x00004000
00:00:00.491043 SUP: seg #6: R   0x00282000 LB 0x00007000
00:00:00.491046 SUP: seg #7: R X 0x00289000 LB 0x00002000
00:00:00.491049 SUP: seg #8: R   0x0028b000 LB 0x00007000
00:00:00.494535 SUP: Loaded VMMR0.r0 (C:\Program Files\Oracle\VirtualBox/VMMR0.r0) at 0xXXXXXXXXXXXXXXXX - ModuleInit at XXXXXXXXXXXXXXXX and ModuleTerm at XXXXXXXXXXXXXXXX using the native ring-0 loader
00:00:00.494564 SUP: VMMR0EntryEx located at XXXXXXXXXXXXXXXX and VMMR0EntryFast at XXXXXXXXXXXXXXXX
00:00:00.494568 SUP: windbg> .reload /f C:\Program Files\Oracle\VirtualBox/VMMR0.r0=0xXXXXXXXXXXXXXXXX
00:00:00.498222 Guest architecture: x86
00:00:00.498270 Guest OS type: 'Other'
00:00:00.498802 fHMForced=true - No raw-mode support in this build!
00:00:00.498813 Using execution engine 1
00:00:00.502017 File system of 'C:\Users\RhythmicCarnage\Desktop\CyberStorm\deploy\virtualbox\CyberStorm.vdi' is ntfs
00:00:00.601045 Shared Clipboard: Initialized OLE
00:00:00.601130 Shared Clipboard: Service loaded
00:00:00.601153 Shared Clipboard: Mode: Off
00:00:00.601220 Shared Clipboard: Service running in headless mode
00:00:00.612591 Drag and drop service loaded
00:00:00.612606 Drag and drop mode: Off
00:00:00.613597 Audio: Detected default audio driver type is 'HostAudioWas'
00:00:00.695933 ************************* CFGM dump *************************
00:00:00.695944 [/] (level 0)
00:00:00.695945   CpuExecutionCap   <integer> = 0x0000000000000064 (100)
00:00:00.695947   EnablePAE         <integer> = 0x0000000000000000 (0)
00:00:00.695948   HMEnabled         <integer> = 0x0000000000000001 (1)
00:00:00.695949   MemBalloonSize    <integer> = 0x0000000000000000 (0, 0 B)
00:00:00.695953   Name              <string>  = "CyberStorm" (cb=11)
00:00:00.695954   NumCPUs           <integer> = 0x0000000000000001 (1)
00:00:00.695955   PageFusionAllowed <integer> = 0x0000000000000000 (0)
00:00:00.695956   RamHoleSize       <integer> = 0x0000000020000000 (536 870 912, 512.0 MiB)
00:00:00.695957   RamSize           <integer> = 0x0000000004000000 (67 108 864, 64.0 MiB)
00:00:00.695958   TimerMillies      <integer> = 0x000000000000000a (10)
00:00:00.695959   UUID              <bytes>   = "18 2d c0 7f 83 6e 3f 4b bd cd 3b 0d cd 93 bd 88" (cb=16)
00:00:00.695962 
00:00:00.695962 [/CPUM/] (level 1)
00:00:00.695963   Enable64bit        <integer> = 0x0000000000000000 (0)
00:00:00.695964   GuestCpuName       <string>  = "host" (cb=5)
00:00:00.695965   NestedHWVirt       <integer> = 0x0000000000000000 (0)
00:00:00.695965   PortableCpuIdLevel <integer> = 0x0000000000000000 (0)
00:00:00.695966   SpecCtrl           <integer> = 0x0000000000000000 (0)
00:00:00.695967 
00:00:00.695967 [/CPUM/IsaExts/] (level 2)
00:00:00.695968 
00:00:00.695968 [/DBGC/] (level 1)
00:00:00.695969   GlobalInitScript <string>  = "C:\Users\RhythmicCarnage\.VirtualBox/dbgc-init" (cb=47)
00:00:00.695970   HistoryFile      <string>  = "C:\Users\RhythmicCarnage\.VirtualBox/dbgc-history" (cb=50)
00:00:00.695970   LocalInitScript  <string>  = "C:\Users\RhythmicCarnage\Desktop\CyberStorm\deploy\virtualbox\CyberStorm/dbgc-init" (cb=83)
00:00:00.695971 
00:00:00.695971 [/DBGF/] (level 1)
00:00:00.695972   Path <string>  = "C:\Users\RhythmicCarnage\Desktop\CyberStorm\deploy\virtualbox\CyberStorm/debug/;C:\Users\RhythmicCarnage\Desktop\CyberStorm\deploy\virtualbox\CyberStorm/;cache*C:\Users\RhythmicCarnage\Desktop\CyberStorm\deploy\virtualbox\CyberStorm/dbgcache/;C:\Users\RhythmicCarnage\" (cb=269)
00:00:00.695973 
00:00:00.695973 [/Devices/] (level 1)
00:00:00.695974 
00:00:00.695974 [/Devices/3c501/] (level 2)
00:00:00.695975 
00:00:00.695975 [/Devices/8237A/] (level 2)
00:00:00.695976 
00:00:00.695976 [/Devices/8237A/0/] (level 3)
00:00:00.695977   Trusted <integer> = 0x0000000000000001 (1)
00:00:00.695978 
00:00:00.695978 [/Devices/VMMDev/] (level 2)
00:00:00.695979 
00:00:00.695979 [/Devices/VMMDev/0/] (level 3)
00:00:00.695980   PCIBusNo      <integer> = 0x0000000000000000 (0)
00:00:00.695981   PCIDeviceNo   <integer> = 0x0000000000000004 (4)
00:00:00.695982   PCIFunctionNo <integer> = 0x0000000000000000 (0)
00:00:00.695982   Trusted       <integer> = 0x0000000000000001 (1)
00:00:00.695983 
00:00:00.695983 [/Devices/VMMDev/0/Config/] (level 4)
00:00:00.695984   GuestCoreDumpDir <string>  = "C:\Users\RhythmicCarnage\Desktop\CyberStorm\deploy\virtualbox\CyberStorm\Snapshots" (cb=83)
00:00:00.695985 
00:00:00.695985 [/Devices/VMMDev/0/LUN#0/] (level 4)
00:00:00.695986   Driver <string>  = "HGCM" (cb=5)
00:00:00.695987 
00:00:00.695987 [/Devices/VMMDev/0/LUN#0/Config/] (level 5)
00:00:00.695992 
00:00:00.695993 [/Devices/VMMDev/0/LUN#999/] (level 4)
00:00:00.695994   Driver <string>  = "MainStatus" (cb=11)
00:00:00.695995 
00:00:00.695995 [/Devices/VMMDev/0/LUN#999/Config/] (level 5)
00:00:00.695996   First                <integer> = 0x0000000000000000 (0)
00:00:00.695997   HasMediumAttachments <integer> = 0x0000000000000000 (0)
00:00:00.695997   Last                 <integer> = 0x0000000000000000 (0)
00:00:00.695998   iLedSet              <integer> = 0x0000000000000003 (3)
00:00:00.695999 
00:00:00.695999 [/Devices/acpi/] (level 2)
00:00:00.696000 
00:00:00.696000 [/Devices/acpi/0/] (level 3)
00:00:00.696002   PCIBusNo      <integer> = 0x0000000000000000 (0)
00:00:00.696002   PCIDeviceNo   <integer> = 0x0000000000000007 (7)
00:00:00.696003   PCIFunctionNo <integer> = 0x0000000000000000 (0)
00:00:00.696004   Trusted       <integer> = 0x0000000000000001 (1)
00:00:00.696004 
00:00:00.696004 [/Devices/acpi/0/Config/] (level 4)
00:00:00.696006   CpuHotPlug          <integer> = 0x0000000000000000 (0)
00:00:00.696007   FdcEnabled          <integer> = 0x0000000000000000 (0)
00:00:00.696008   HostBusPciAddress   <integer> = 0x0000000000000000 (0)
00:00:00.696008   HpetEnabled         <integer> = 0x0000000000000000 (0)
00:00:00.696009   IOAPIC              <integer> = 0x0000000000000000 (0)
00:00:00.696010   IocPciAddress       <integer> = 0x0000000000010000 (65 536)
00:00:00.696011   NumCPUs             <integer> = 0x0000000000000001 (1)
00:00:00.696012   Parallel0IoPortBase <integer> = 0x0000000000000000 (0)
00:00:00.696012   Parallel0Irq        <integer> = 0x0000000000000000 (0)
00:00:00.696013   Parallel1IoPortBase <integer> = 0x0000000000000000 (0)
00:00:00.696014   Parallel1Irq        <integer> = 0x0000000000000000 (0)
00:00:00.696014   Serial0IoPortBase   <integer> = 0x0000000000000000 (0)
00:00:00.696015   Serial0Irq          <integer> = 0x0000000000000000 (0)
00:00:00.696016   Serial1IoPortBase   <integer> = 0x0000000000000000 (0)
00:00:00.696016   Serial1Irq          <integer> = 0x0000000000000000 (0)
00:00:00.696017   ShowCpu             <integer> = 0x0000000000000000 (0)
00:00:00.696018   ShowRtc             <integer> = 0x0000000000000000 (0)
00:00:00.696019   SmcEnabled          <integer> = 0x0000000000000000 (0)
00:00:00.696020 
00:00:00.696020 [/Devices/acpi/0/LUN#0/] (level 4)
00:00:00.696021   Driver <string>  = "ACPIHost" (cb=9)
00:00:00.696022 
00:00:00.696022 [/Devices/acpi/0/LUN#0/Config/] (level 5)
00:00:00.696023 
00:00:00.696023 [/Devices/apic/] (level 2)
00:00:00.696024 
00:00:00.696024 [/Devices/apic/0/] (level 3)
00:00:00.696025   Trusted <integer> = 0x0000000000000001 (1)
00:00:00.696026 
00:00:00.696026 [/Devices/apic/0/Config/] (level 4)
00:00:00.696027   IOAPIC  <integer> = 0x0000000000000000 (0)
00:00:00.696028   Mode    <integer> = 0x0000000000000002 (2)
00:00:00.696028   NumCPUs <integer> = 0x0000000000000001 (1)
00:00:00.696029 
00:00:00.696029 [/Devices/dp8390/] (level 2)
00:00:00.696030 
00:00:00.696030 [/Devices/e1000/] (level 2)
00:00:00.696031 
00:00:00.696031 [/Devices/i8254/] (level 2)
00:00:00.696032 
00:00:00.696032 [/Devices/i8254/0/] (level 3)
00:00:00.696033 
00:00:00.696033 [/Devices/i8254/0/Config/] (level 4)
00:00:00.696034 
00:00:00.696034 [/Devices/i8259/] (level 2)
00:00:00.696035 
00:00:00.696035 [/Devices/i8259/0/] (level 3)
00:00:00.696036   Trusted <integer> = 0x0000000000000001 (1)
00:00:00.696037 
00:00:00.696037 [/Devices/i8259/0/Config/] (level 4)
00:00:00.696038 
00:00:00.696038 [/Devices/mc146818/] (level 2)
00:00:00.696039 
00:00:00.696039 [/Devices/mc146818/0/] (level 3)
00:00:00.696040 
00:00:00.696040 [/Devices/mc146818/0/Config/] (level 4)
00:00:00.696041   UseUTC <integer> = 0x0000000000000000 (0)
00:00:00.696041 
00:00:00.696042 [/Devices/parallel/] (level 2)
00:00:00.696043 
00:00:00.696043 [/Devices/pcarch/] (level 2)
00:00:00.696043 
00:00:00.696044 [/Devices/pcarch/0/] (level 3)
00:00:00.696045   Trusted <integer> = 0x0000000000000001 (1)
00:00:00.696045 
00:00:00.696045 [/Devices/pcarch/0/Config/] (level 4)
00:00:00.696046 
00:00:00.696047 [/Devices/pcbios/] (level 2)
00:00:00.696047 
00:00:00.696048 [/Devices/pcbios/0/] (level 3)
00:00:00.696048   Trusted <integer> = 0x0000000000000001 (1)
00:00:00.696049 
00:00:00.696049 [/Devices/pcbios/0/Config/] (level 4)
00:00:00.696050   APIC            <integer> = 0x0000000000000001 (1)
00:00:00.696051   BootDevice0     <string>  = "IDE" (cb=4)
00:00:00.696052   BootDevice1     <string>  = "NONE" (cb=5)
00:00:00.696052   BootDevice2     <string>  = "NONE" (cb=5)
00:00:00.696053   BootDevice3     <string>  = "NONE" (cb=5)
00:00:00.696053   DmiSystemSerial <string>  = "VirtualBox-<DmiSystemUuid>" (cb=27)
00:00:00.696054   FloppyDevice    <string>  = "i82078" (cb=7)
00:00:00.696055   HardDiskDevice  <string>  = "piix3ide" (cb=9)
00:00:00.696055   IOAPIC          <integer> = 0x0000000000000000 (0)
00:00:00.696056   McfgBase        <integer> = 0x0000000000000000 (0)
00:00:00.696057   McfgLength      <integer> = 0x0000000000000000 (0)
00:00:00.696057   NumCPUs         <integer> = 0x0000000000000001 (1)
00:00:00.696058   PXEDebug        <integer> = 0x0000000000000000 (0)
00:00:00.696059   UUID            <bytes>   = "18 2d c0 7f 83 6e 3f 4b bd cd 3b 0d cd 93 bd 88" (cb=16)
00:00:00.696061   UuidLe          <integer> = 0x0000000000000001 (1)
00:00:00.696062 
00:00:00.696062 [/Devices/pcbios/0/Config/NetBoot/] (level 5)
00:00:00.696063 
00:00:00.696063 [/Devices/pcbios/0/Config/NetBoot/0/] (level 6)
00:00:00.696064   NIC           <integer> = 0x0000000000000000 (0)
00:00:00.696065   PCIBusNo      <integer> = 0x0000000000000000 (0)
00:00:00.696066   PCIDeviceNo   <integer> = 0x0000000000000003 (3)
00:00:00.696067   PCIFunctionNo <integer> = 0x0000000000000000 (0)
00:00:00.696067 
00:00:00.696067 [/Devices/pci/] (level 2)
00:00:00.696068 
00:00:00.696068 [/Devices/pci/0/] (level 3)
00:00:00.696069   Trusted <integer> = 0x0000000000000001 (1)
00:00:00.696070 
00:00:00.696070 [/Devices/pci/0/Config/] (level 4)
00:00:00.696071   IOAPIC <integer> = 0x0000000000000000 (0)
00:00:00.696071 
00:00:00.696072 [/Devices/pcibridge/] (level 2)
00:00:00.696072 
00:00:00.696073 [/Devices/pckbd/] (level 2)
00:00:00.696073 
00:00:00.696073 [/Devices/pckbd/0/] (level 3)
00:00:00.696074   Trusted <integer> = 0x0000000000000001 (1)
00:00:00.696075 
00:00:00.696075 [/Devices/pckbd/0/Config/] (level 4)
00:00:00.696076 
00:00:00.696076 [/Devices/pckbd/0/LUN#0/] (level 4)
00:00:00.696077   Driver <string>  = "KeyboardQueue" (cb=14)
00:00:00.696078 
00:00:00.696078 [/Devices/pckbd/0/LUN#0/AttachedDriver/] (level 5)
00:00:00.696079   Driver <string>  = "MainKeyboard" (cb=13)
00:00:00.696080 
00:00:00.696080 [/Devices/pckbd/0/LUN#0/Config/] (level 5)
00:00:00.696081   QueueSize <integer> = 0x0000000000000040 (64, 64 B)
00:00:00.696082 
00:00:00.696082 [/Devices/pckbd/0/LUN#1/] (level 4)
00:00:00.696083   Driver <string>  = "MouseQueue" (cb=11)
00:00:00.696083 
00:00:00.696084 [/Devices/pckbd/0/LUN#1/AttachedDriver/] (level 5)
00:00:00.696085   Driver <string>  = "MainMouse" (cb=10)
00:00:00.696085 
00:00:00.696085 [/Devices/pckbd/0/LUN#1/Config/] (level 5)
00:00:00.696087   QueueSize <integer> = 0x0000000000000080 (128, 128 B)
00:00:00.696088 
00:00:00.696088 [/Devices/pcnet/] (level 2)
00:00:00.696089 
00:00:00.696089 [/Devices/pcnet/0/] (level 3)
00:00:00.696090   PCIBusNo      <integer> = 0x0000000000000000 (0)
00:00:00.696090   PCIDeviceNo   <integer> = 0x0000000000000003 (3)
00:00:00.696091   PCIFunctionNo <integer> = 0x0000000000000000 (0)
00:00:00.696092   Trusted       <integer> = 0x0000000000000001 (1)
00:00:00.696092 
00:00:00.696093 [/Devices/pcnet/0/Config/] (level 4)
00:00:00.696094   CableConnected <integer> = 0x0000000000000001 (1)
00:00:00.696094   ChipType       <string>  = "Am79C973" (cb=9)
00:00:00.696095   LineSpeed      <integer> = 0x0000000000000000 (0)
00:00:00.696096   MAC            <bytes>   = "08 00 27 9d 04 88" (cb=6)
00:00:00.696097 
00:00:00.696097 [/Devices/pcnet/0/LUN#0/] (level 4)
00:00:00.696098   Driver <string>  = "NAT" (cb=4)
00:00:00.696099 
00:00:00.696099 [/Devices/pcnet/0/LUN#0/Config/] (level 5)
00:00:00.696100   AliasMode          <integer> = 0x0000000000000000 (0)
00:00:00.696101   DNSProxy           <integer> = 0x0000000000000000 (0)
00:00:00.696102   EnableTFTP         <integer> = 0x0000000000000000 (0)
00:00:00.696103   ForwardBroadcast   <integer> = 0x0000000000000000 (0)
00:00:00.696103   LocalhostReachable <integer> = 0x0000000000000000 (0)
00:00:00.696104   Network            <string>  = "10.0.2.0/24" (cb=12)
00:00:00.696105   PassDomain         <integer> = 0x0000000000000001 (1)
00:00:00.696105   UseHostResolver    <integer> = 0x0000000000000000 (0)
00:00:00.696106 
00:00:00.696106 [/Devices/pcnet/0/LUN#999/] (level 4)
00:00:00.696107   Driver <string>  = "MainStatus" (cb=11)
00:00:00.696108 
00:00:00.696108 [/Devices/pcnet/0/LUN#999/Config/] (level 5)
00:00:00.696109   First                <integer> = 0x0000000000000000 (0)
00:00:00.696110   HasMediumAttachments <integer> = 0x0000000000000000 (0)
00:00:00.696110   Last                 <integer> = 0x0000000000000000 (0)
00:00:00.696111   iLedSet              <integer> = 0x0000000000000002 (2)
00:00:00.696112 
00:00:00.696112 [/Devices/piix3ide/] (level 2)
00:00:00.696113 
00:00:00.696113 [/Devices/piix3ide/0/] (level 3)
00:00:00.696114   PCIBusNo      <integer> = 0x0000000000000000 (0)
00:00:00.696115   PCIDeviceNo   <integer> = 0x0000000000000001 (1)
00:00:00.696116   PCIFunctionNo <integer> = 0x0000000000000001 (1)
00:00:00.696116   Trusted       <integer> = 0x0000000000000001 (1)
00:00:00.696117 
00:00:00.696117 [/Devices/piix3ide/0/Config/] (level 4)
00:00:00.696118   Type <string>  = "PIIX4" (cb=6)
00:00:00.696119 
00:00:00.696119 [/Devices/piix3ide/0/LUN#0/] (level 4)
00:00:00.696120   Driver <string>  = "VD" (cb=3)
00:00:00.696120 
00:00:00.696120 [/Devices/piix3ide/0/LUN#0/Config/] (level 5)
00:00:00.696122   Format    <string>  = "VDI" (cb=4)
00:00:00.696122   Mountable <integer> = 0x0000000000000000 (0)
00:00:00.696123   Path      <string>  = "C:\Users\RhythmicCarnage\Desktop\CyberStorm\deploy\virtualbox\CyberStorm.vdi" (cb=77)
00:00:00.696123   Type      <string>  = "HardDisk" (cb=9)
00:00:00.696124 
00:00:00.696124 [/Devices/piix3ide/0/LUN#0/Config/VDConfig/] (level 6)
00:00:00.696125   AllocationBlockSize <string>  = "1048576" (cb=8)
00:00:00.696126 
00:00:00.696126 [/Devices/piix3ide/0/LUN#999/] (level 4)
00:00:00.696127   Driver <string>  = "MainStatus" (cb=11)
00:00:00.696128 
00:00:00.696128 [/Devices/piix3ide/0/LUN#999/Config/] (level 5)
00:00:00.696129   DeviceInstance       <string>  = "piix3ide/0" (cb=11)
00:00:00.696130   First                <integer> = 0x0000000000000000 (0)
00:00:00.696131   HasMediumAttachments <integer> = 0x0000000000000001 (1)
00:00:00.696131   Last                 <integer> = 0x0000000000000003 (3)
00:00:00.696132   iLedSet              <integer> = 0x0000000000000001 (1)
00:00:00.696133 
00:00:00.696133 [/Devices/sb16/] (level 2)
00:00:00.696134 
00:00:00.696134 [/Devices/sb16/0/] (level 3)
00:00:00.696135   Trusted <integer> = 0x0000000000000001 (1)
00:00:00.696136 
00:00:00.696136 [/Devices/sb16/0/AudioConfig/] (level 4)
00:00:00.696137 
00:00:00.696137 [/Devices/sb16/0/Config/] (level 4)
00:00:00.696138   DMA          <integer> = 0x0000000000000001 (1)
00:00:00.696139   DMA16        <integer> = 0x0000000000000005 (5)
00:00:00.696139   DebugEnabled <integer> = 0x0000000000000000 (0)
00:00:00.696140   IRQ          <integer> = 0x0000000000000005 (5)
00:00:00.696141   Port         <integer> = 0x0000000000000220 (544)
00:00:00.696142   Version      <integer> = 0x0000000000000405 (1 029)
00:00:00.696142 
00:00:00.696143 [/Devices/sb16/0/LUN#0/] (level 4)
00:00:00.696144   Driver <string>  = "AUDIO" (cb=6)
00:00:00.696144 
00:00:00.696144 [/Devices/sb16/0/LUN#0/AttachedDriver/] (level 5)
00:00:00.696146   Driver <string>  = "HostAudioWas" (cb=13)
00:00:00.696146 
00:00:00.696146 [/Devices/sb16/0/LUN#0/AttachedDriver/Config/] (level 6)
00:00:00.696147   VmName <string>  = "CyberStorm" (cb=11)
00:00:00.696148   VmUuid <string>  = "7fc02d18-6e83-4b3f-bdcd-3b0dcd93bd88" (cb=37)
00:00:00.696149 
00:00:00.696149 [/Devices/sb16/0/LUN#0/Config/] (level 5)
00:00:00.696150   DriverName    <string>  = "HostAudioWas" (cb=13)
00:00:00.696150   InputEnabled  <integer> = 0x0000000000000000 (0)
00:00:00.696151   OutputEnabled <integer> = 0x0000000000000001 (1)
00:00:00.696152 
00:00:00.696152 [/Devices/sb16/0/LUN#1/] (level 4)
00:00:00.696153   Driver <string>  = "AUDIO" (cb=6)
00:00:00.696153 
00:00:00.696154 [/Devices/sb16/0/LUN#2/] (level 4)
00:00:00.696155   Driver <string>  = "AUDIO" (cb=6)
00:00:00.696155 
00:00:00.696155 [/Devices/serial/] (level 2)
00:00:00.696156 
00:00:00.696156 [/Devices/vga/] (level 2)
00:00:00.696157 
00:00:00.696157 [/Devices/vga/0/] (level 3)
00:00:00.696158   PCIBusNo      <integer> = 0x0000000000000000 (0)
00:00:00.696159   PCIDeviceNo   <integer> = 0x0000000000000002 (2)
00:00:00.696159   PCIFunctionNo <integer> = 0x0000000000000000 (0)
00:00:00.696160   Trusted       <integer> = 0x0000000000000001 (1)
00:00:00.696161 
00:00:00.696161 [/Devices/vga/0/Config/] (level 4)
00:00:00.696162   3DEnabled             <integer> = 0x0000000000000000 (0)
00:00:00.696163   CustomVideoModes      <integer> = 0x0000000000000000 (0)
00:00:00.696163   FadeIn                <integer> = 0x0000000000000001 (1)
00:00:00.696164   FadeOut               <integer> = 0x0000000000000001 (1)
00:00:00.696165   HeightReduction       <integer> = 0x0000000000000000 (0)
00:00:00.696166   LogoFile              <string>  = "" (cb=1)
00:00:00.696166   LogoTime              <integer> = 0x0000000000000000 (0)
00:00:00.696167   MonitorCount          <integer> = 0x0000000000000001 (1)
00:00:00.696168   ShowBootMenu          <integer> = 0x0000000000000002 (2)
00:00:00.696169   VMSVGA3dEnabled       <integer> = 0x0000000000000000 (0)
00:00:00.696169   VMSVGAEnabled         <integer> = 0x0000000000000001 (1)
00:00:00.696170   VRamSize              <integer> = 0x0000000001000000 (16 777 216, 16.0 MiB)
00:00:00.696171   VmSvga3               <integer> = 0x0000000000000000 (0)
00:00:00.696172   VmSvgaExposeLegacyVga <integer> = 0x0000000000000001 (1)
00:00:00.696173 
00:00:00.696173 [/Devices/vga/0/LUN#0/] (level 4)
00:00:00.696174   Driver <string>  = "MainDisplay" (cb=12)
00:00:00.696175 
00:00:00.696175 [/Devices/vga/0/LUN#0/Config/] (level 5)
00:00:00.696176 
00:00:00.696176 [/Devices/vga/0/LUN#999/] (level 4)
00:00:00.696177   Driver <string>  = "MainStatus" (cb=11)
00:00:00.696177 
00:00:00.696178 [/Devices/vga/0/LUN#999/Config/] (level 5)
00:00:00.696179   First                <integer> = 0x0000000000000000 (0)
00:00:00.696180   HasMediumAttachments <integer> = 0x0000000000000000 (0)
00:00:00.696180   Last                 <integer> = 0x0000000000000000 (0)
00:00:00.696181   iLedSet              <integer> = 0x0000000000000000 (0)
00:00:00.696182 
00:00:00.696182 [/Devices/virtio-net/] (level 2)
00:00:00.696183 
00:00:00.696183 [/EM/] (level 1)
00:00:00.696184   TripleFaultReset <integer> = 0x0000000000000000 (0)
00:00:00.696184 
00:00:00.696184 [/GCM/] (level 1)
00:00:00.696185 
00:00:00.696185 [/GIM/] (level 1)
00:00:00.696186   Provider <string>  = "None" (cb=5)
00:00:00.696186 
00:00:00.696187 [/HM/] (level 1)
00:00:00.696187   64bitEnabled        <integer> = 0x0000000000000000 (0)
00:00:00.696188   EnableLargePages    <integer> = 0x0000000000000001 (1)
00:00:00.696189   EnableNestedPaging  <integer> = 0x0000000000000001 (1)
00:00:00.696189   EnableUX            <integer> = 0x0000000000000001 (1)
00:00:00.696190   EnableVPID          <integer> = 0x0000000000000001 (1)
00:00:00.696191   Exclusive           <integer> = 0x0000000000000000 (0)
00:00:00.696192   HMForced            <integer> = 0x0000000000000001 (1)
00:00:00.696192   IBPBOnVMEntry       <integer> = 0x0000000000000000 (0)
00:00:00.696193   IBPBOnVMExit        <integer> = 0x0000000000000000 (0)
00:00:00.696194   L1DFlushOnSched     <integer> = 0x0000000000000001 (1)
00:00:00.696194   L1DFlushOnVMEntry   <integer> = 0x0000000000000000 (0)
00:00:00.696195   MDSClearOnSched     <integer> = 0x0000000000000001 (1)
00:00:00.696196   MDSClearOnVMEntry   <integer> = 0x0000000000000000 (0)
00:00:00.696196   SpecCtrlByHost      <integer> = 0x0000000000000000 (0)
00:00:00.696197   SvmVirtVmsaveVmload <integer> = 0x0000000000000000 (0)
00:00:00.696197   UseNEMInstead       <integer> = 0x0000000000000000 (0)
00:00:00.696198 
00:00:00.696198 [/MM/] (level 1)
00:00:00.696199   CanUseLargerHeap <integer> = 0x0000000000000000 (0)
00:00:00.696200 
00:00:00.696200 [/NEM/] (level 1)
00:00:00.696200   Allow64BitGuests  <integer> = 0x0000000000000000 (0)
00:00:00.696201   IBPBOnVMEntry     <integer> = 0x0000000000000000 (0)
00:00:00.696202   IBPBOnVMExit      <integer> = 0x0000000000000000 (0)
00:00:00.696202   L1DFlushOnSched   <integer> = 0x0000000000000001 (1)
00:00:00.696203   L1DFlushOnVMEntry <integer> = 0x0000000000000000 (0)
00:00:00.696204   MDSClearOnSched   <integer> = 0x0000000000000001 (1)
00:00:00.696204   MDSClearOnVMEntry <integer> = 0x0000000000000000 (0)
00:00:00.696205 
00:00:00.696205 [/PDM/] (level 1)
00:00:00.696205 
00:00:00.696206 [/PDM/AsyncCompletion/] (level 2)
00:00:00.696206 
00:00:00.696207 [/PDM/AsyncCompletion/File/] (level 3)
00:00:00.696208 
00:00:00.696208 [/PDM/AsyncCompletion/File/BwGroups/] (level 4)
00:00:00.696209 
00:00:00.696209 [/PDM/BlkCache/] (level 2)
00:00:00.696210   CacheSize <integer> = 0x0000000000500000 (5 242 880, 5.0 MiB)
00:00:00.696211 
00:00:00.696211 [/PDM/Devices/] (level 2)
00:00:00.696212 
00:00:00.696212 [/PDM/Drivers/] (level 2)
00:00:00.696213 
00:00:00.696213 [/PDM/Drivers/VBoxC/] (level 3)
00:00:00.696214   Path <string>  = "VBoxC" (cb=6)
00:00:00.696214 
00:00:00.696214 [/PDM/NetworkShaper/] (level 2)
00:00:00.696215 
00:00:00.696215 [/PDM/NetworkShaper/BwGroups/] (level 3)
00:00:00.696216 
00:00:00.696216 [/TM/] (level 1)
00:00:00.696217   UTCOffset <integer> = 0x0000000000000000 (0)
00:00:00.696218 
00:00:00.696218 ********************* End of CFGM dump **********************
00:00:00.696278 HM: HMR3Init: Attempting fall back to NEM: AMD-V is not available
00:00:00.758272 NEM:  info: Found optional import WinHvPlatform.dll!WHvQueryGpaRangeDirtyBitmap.
00:00:00.758289 NEM:  info: Found optional import WinHvPlatform.dll!WHvResumePartitionTime.
00:00:00.758293 NEM:  info: Found optional import WinHvPlatform.dll!WHvSuspendPartitionTime.
00:00:00.758296 NEM:  info: Found optional import WinHvPlatform.dll!WHvRequestInterrupt.
00:00:00.758300 NEM:  info: Found optional import WinHvPlatform.dll!WHvGetVirtualProcessorXsaveState.
00:00:00.758303 NEM:  info: Found optional import WinHvPlatform.dll!WHvSetVirtualProcessorXsaveState.
00:00:00.758308 NEM:  info: Failed to import WinHvPlatform.dll!WHvGetVirtualProcessorState: VERR_SYMBOL_NOT_FOUND
00:00:00.758324 NEM:  info: Failed to import WinHvPlatform.dll!WHvSetVirtualProcessorState: VERR_SYMBOL_NOT_FOUND
00:00:00.758329 NEM:  info: Found optional import WinHvPlatform.dll!WHvGetVirtualProcessorInterruptControllerState.
00:00:00.758332 NEM:  info: Found optional import WinHvPlatform.dll!WHvSetVirtualProcessorInterruptControllerState.
00:00:00.758335 NEM:  info: Found optional import WinHvPlatform.dll!WHvGetVirtualProcessorInterruptControllerState2.
00:00:00.758338 NEM:  info: Found optional import WinHvPlatform.dll!WHvSetVirtualProcessorInterruptControllerState2.
00:00:00.758343 NEM:  info: Found optional import vid.dll!VidGetHvPartitionId.
00:00:00.758347 NEM:  info: Found optional import vid.dll!VidGetPartitionProperty.
00:00:00.758407 NEM: WHvCapabilityCodeHypervisorPresent is TRUE, so this might work...
00:00:00.758412 NEM: WHvCapabilityCodeExtendedVmExits      = 0x00000000000003ff
00:00:00.758416 NEM:                           X64CpuidExit: 1
00:00:00.758419 NEM:                             X64MsrExit: 1
00:00:00.758422 NEM:                          ExceptionExit: 1
00:00:00.758426 NEM:                           X64RdtscExit: 1
00:00:00.758429 NEM:                     X64ApicSmiExitTrap: 1
00:00:00.758432 NEM:                          HypercallExit: 1
00:00:00.758435 NEM:                X64ApicInitSipiExitTrap: 1
00:00:00.758438 NEM:              X64ApicWriteLint0ExitTrap: 1
00:00:00.758441 NEM:              X64ApicWriteLint1ExitTrap: 1
00:00:00.758444 NEM:                X64ApicWriteSvrExitTrap: 1
00:00:00.758447 NEM:                 UnknownSynicConnection: 0
00:00:00.758450 NEM:              RetargetUnknownVpciDevice: 0
00:00:00.758453 NEM:                X64ApicWriteLdrExitTrap: 0
00:00:00.758456 NEM:                X64ApicWriteDfrExitTrap: 0
00:00:00.758459 NEM:                     GpaAccessFaultExit: 0
00:00:00.758462 NEM: WHvCapabilityCodeFeatures             = 0x000000000000007f
00:00:00.758468 NEM:                           PartialUnmap: 1
00:00:00.758471 NEM:                     LocalApicEmulation: 1
00:00:00.758479 NEM:                                  Xsave: 1
00:00:00.758482 NEM:                      DirtyPageTracking: 1
00:00:00.758485 NEM:                     SpeculationControl: 1
00:00:00.758488 NEM:                         ApicRemoteRead: 1
00:00:00.758491 NEM:                            IdleSuspend: 1
00:00:00.758494 NEM:                VirtualPciDeviceSupport: 0
00:00:00.758497 NEM:                           IommuSupport: 0
00:00:00.758500 NEM:                         VpHotAddRemove: 0
00:00:00.758507 NEM: Supported xsave features: 0x381f
00:00:00.758510 NEM:                           XsaveSupport: 1
00:00:00.758513 NEM:                        XsaveoptSupport: 1
00:00:00.758517 NEM:                             AvxSupport: 1
00:00:00.758520 NEM:                            Avx2Support: 1
00:00:00.758523 NEM:                             FmaSupport: 1
00:00:00.758526 NEM:                             MpxSupport: 0
00:00:00.758529 NEM:                          Avx512Support: 0
00:00:00.758532 NEM:                        Avx512DQSupport: 0
00:00:00.758535 NEM:                        Avx512BWSupport: 0
00:00:00.758538 NEM:                        Avx512VLSupport: 0
00:00:00.758541 NEM:                       XsaveCompSupport: 1
00:00:00.758549 NEM:                 XsaveSupervisorSupport: 1
00:00:00.758553 NEM:                            Xcr1Support: 1
00:00:00.758557 NEM:                    Avx512BitalgSupport: 0
00:00:00.758560 NEM:                      Avx512IfmaSupport: 0
00:00:00.758563 NEM:                      Avx512VBmiSupport: 0
00:00:00.758566 NEM:                     Avx512VBmi2Support: 0
00:00:00.758569 NEM:                      Avx512VnniSupport: 0
00:00:00.758572 NEM:                            GfniSupport: 0
00:00:00.758575 NEM:                            VaesSupport: 0
00:00:00.758578 NEM:                 Avx512VPopcntdqSupport: 0
00:00:00.758581 NEM:                      VpclmulqdqSupport: 0
00:00:00.758584 NEM:                      Avx512Bf16Support: 0
00:00:00.758587 NEM:              Avx512Vp2IntersectSupport: 0
00:00:00.758590 NEM:                      Avx512Fp16Support: 0
00:00:00.758593 NEM:                             XfdSupport: 0
00:00:00.758597 NEM:                         AmxTileSupport: 0
00:00:00.758600 NEM:                         AmxBf16Support: 0
00:00:00.758603 NEM:                         AmxInt8Support: 0
00:00:00.758606 NEM:                         AvxVnniSupport: 0
00:00:00.758609 NEM: Supported exception exit bitmap: 0xf7dfb
00:00:00.758615 NEM: WHvCapabilityCodeProcessorVendor      = 0 - AMD
00:00:00.758622 NEM: WHvCapabilityCodeProcessorFeatures    = 0x000006cb66f39fbf
00:00:00.758625 NEM:                            Sse3Support: 1
00:00:00.758628 NEM:                        LahfSahfSupport: 1
00:00:00.758631 NEM:                           Ssse3Support: 1
00:00:00.758635 NEM:                          Sse4_1Support: 1
00:00:00.758640 NEM:                          Sse4_2Support: 1
00:00:00.758643 NEM:                           Sse4aSupport: 1
00:00:00.758646 NEM:                             XopSupport: 0
00:00:00.758649 NEM:                          PopCntSupport: 1
00:00:00.758652 NEM:                      Cmpxchg16bSupport: 1
00:00:00.758655 NEM:                       Altmovcr8Support: 1
00:00:00.758658 NEM:                           LzcntSupport: 1
00:00:00.758661 NEM:                     MisAlignSseSupport: 1
00:00:00.758664 NEM:                          MmxExtSupport: 1
00:00:00.758667 NEM:                        Amd3DNowSupport: 0
00:00:00.758670 NEM:                ExtendedAmd3DNowSupport: 0
00:00:00.758673 NEM:                         Page1GbSupport: 1
00:00:00.758676 NEM:                             AesSupport: 1
00:00:00.758679 NEM:                       PclmulqdqSupport: 1
00:00:00.758682 NEM:                            PcidSupport: 0
00:00:00.758686 NEM:                            Fma4Support: 0
00:00:00.758689 NEM:                            F16CSupport: 1
00:00:00.758692 NEM:                          RdRandSupport: 1
00:00:00.758695 NEM:                        RdWrFsGsSupport: 1
00:00:00.758698 NEM:                            SmepSupport: 1
00:00:00.758701 NEM:              EnhancedFastStringSupport: 0
00:00:00.758704 NEM:                            Bmi1Support: 1
00:00:00.758707 NEM:                            Bmi2Support: 1
00:00:00.758710 NEM:                              Reserved1: 0
00:00:00.758713 NEM:                           MovbeSupport: 1
00:00:00.758717 NEM:                          Npiep1Support: 1
00:00:00.758720 NEM:                   DepX87FPUSaveSupport: 0
00:00:00.758723 NEM:                          RdSeedSupport: 1
00:00:00.758726 NEM:                             AdxSupport: 1
00:00:00.758729 NEM:                   IntelPrefetchSupport: 0
00:00:00.758732 NEM:                            SmapSupport: 1
00:00:00.758735 NEM:                             HleSupport: 0
00:00:00.758738 NEM:                             RtmSupport: 0
00:00:00.758741 NEM:                          RdtscpSupport: 1
00:00:00.758744 NEM:                      ClflushoptSupport: 1
00:00:00.758747 NEM:                            ClwbSupport: 0
00:00:00.758750 NEM:                             ShaSupport: 1
00:00:00.758755 NEM:                X87PointersSavedSupport: 1
00:00:00.758759 NEM:                         InvpcidSupport: 0
00:00:00.758762 NEM:                            IbrsSupport: 0
00:00:00.758765 NEM:                           StibpSupport: 0
00:00:00.758768 NEM:                            IbpbSupport: 0
00:00:00.758772 NEM:                              Reserved2: 0
00:00:00.758775 NEM:                            SsbdSupport: 0
00:00:00.758778 NEM:                 FastShortRepMovSupport: 0
00:00:00.758781 NEM:                              Reserved3: 0
00:00:00.758784 NEM:                                 RdclNo: 0
00:00:00.758787 NEM:                         IbrsAllSupport: 0
00:00:00.758790 NEM:                              Reserved4: 0
00:00:00.758793 NEM:                                  SsbNo: 0
00:00:00.758797 NEM:                                 RsbANo: 0
00:00:00.758800 NEM:                              Reserved5: 0
00:00:00.758803 NEM:                           RdPidSupport: 0
00:00:00.758806 NEM:                            UmipSupport: 0
00:00:00.758809 NEM:                           MdsNoSupport: 0
00:00:00.758812 NEM:                         MdClearSupport: 0
00:00:00.758816 NEM:                           TaaNoSupport: 0
00:00:00.758819 NEM:                         TsxCtrlSupport: 0
00:00:00.758822 NEM:                              Reserved6: 0
00:00:00.758828 NEM: WHvCapabilityCodeProcessorClFlushSize = 2^8
00:00:00.758831 NEM: Warning! Unknown capability 0x4 returning: 3f 00 00 00 00 00 00 00 00 00 00 00 00 00 00 00 00 00 00 00 00 00 00 00
00:00:00.759269 NEM: Warning! Unknown capability 0x1003 returning: 1f 38 00 00 00 00 00 00 00 00 00 00 00 00 00 00 00 00 00 00 00 00 00 00
00:00:00.759286 NEM: Warning! Unknown capability 0x1004 returning: f0 89 82 e2 00 00 00 00 00 00 00 00 00 00 00 00 00 00 00 00 00 00 00 00
00:00:00.759291 NEM: Warning! Unknown capability 0x1005 returning: 00 c2 eb 0b 00 00 00 00 00 00 00 00 00 00 00 00 00 00 00 00 00 00 00 00
00:00:00.759296 NEM: Warning! Unknown capability 0x1006 returning: 02 00 00 00 00 00 00 00 bf 9f f3 66 cb 06 00 00 04 00 00 00 00 00 00 00
00:00:00.760060 NEM: Created partition 000001d87932b630. APIC emulation mode: VirtualBox
00:00:00.760083 PGM: Enabling NEM mode
00:00:00.760144 NEM:
00:00:00.760144 NEM: NEMR3Init: Snail execution mode is active!
00:00:00.760144 NEM: Note! VirtualBox is not able to run at its full potential in this execution mode.
00:00:00.760145 NEM:       To see VirtualBox run at max speed you need to disable all Windows features
00:00:00.760145 NEM:       making use of Hyper-V.  That is a moving target, so google how and carefully
00:00:00.760145 NEM:       consider the consequences of disabling these features.
00:00:00.760145 NEM:
00:00:00.760167 CPUM: No hardware-virtualization capability detected
00:00:00.760171 CPUM: fXStateHostMask=0x7; host XCR0=0x7
00:00:00.762526 CPUM: Matched host CPU AMD 0x17/0x8/0x2 AMD_Zen_Ryzen with CPU DB entry 'AMD Ryzen 7 1800X Eight-Core' (AMD 0x17/0x1/0x1 AMD_Zen_Ryzen)
00:00:00.774426 CPUM: MXCSR_MASK=0x2ffff (host: 0x2ffff)
00:00:00.774481 CPUM: Microcode revision 0x08008202
00:00:00.774505 CPUM: MSR fudge: 0x00000017 IA32_PLATFORM_ID
00:00:00.774553 CPUM: MSR fudge: 0x000001a0 IA32_MISC_ENABLE
00:00:00.774571 CPUM: MSR fudge: 0x000002ff IA32_MTRR_DEF_TYPE
00:00:00.774589 CPUM: MSR fudge: 0x0000002c P4_EBC_FREQUENCY_ID
00:00:00.774695 CPUM: Set SSBD not required flag for AMD to work around some buggy Linux kernels!
00:00:00.774700 CPUM: Enabled MTRR read-write support
00:00:00.774706 CPUM: Enabled fixed-range MTRRs and 16 (virtualized) variable-range MTRRs
00:00:00.776429 NEM: HvPartitionPropertyProcessorVendor=0x0 (0)
00:00:00.776458 NEM: cbXSaveArea=832
00:00:00.776475 NEM: Default XSAVE area returned by Hyper-V
00:00:00.776477 00000017a36fd9e0/0000: 00 00 00 00 00 00 00 00-00 00 00 00 00 00 00 00 ................
00:00:00.776480 00000017a36fd9f0/0010: 00 00 00 00 00 00 00 00-80 1f 00 00 ff ff 02 00 ................
00:00:00.776482 00000017a36fda00/0020: 00 00 00 00 00 00 00 00-00 00 00 00 00 00 00 00 ................
00:00:00.776483 00000017a36fda10/0030: 00 00 00 00 00 00 00 00-00 00 00 00 00 00 00 00 ................
00:00:00.776485 00000017a36fda20/0040: 00 00 00 00 00 00 00 00-00 00 00 00 00 00 00 00 ................
00:00:00.776487 00000017a36fda30/0050: 00 00 00 00 00 00 00 00-00 00 00 00 00 00 00 00 ................
00:00:00.776488 00000017a36fda40/0060: 00 00 00 00 00 00 00 00-00 00 00 00 00 00 00 00 ................
00:00:00.776490 00000017a36fda50/0070: 00 00 00 00 00 00 00 00-00 00 00 00 00 00 00 00 ................
00:00:00.776492 00000017a36fda60/0080: 00 00 00 00 00 00 00 00-00 00 00 00 00 00 00 00 ................
00:00:00.776493 00000017a36fda70/0090: 00 00 00 00 00 00 00 00-00 00 00 00 00 00 00 00 ................
00:00:00.776495 00000017a36fda80/00a0: 00 00 00 00 00 00 00 00-00 00 00 00 00 00 00 00 ................
00:00:00.776497 00000017a36fda90/00b0: 00 00 00 00 00 00 00 00-00 00 00 00 00 00 00 00 ................
00:00:00.776498 00000017a36fdaa0/00c0: 00 00 00 00 00 00 00 00-00 00 00 00 00 00 00 00 ................
00:00:00.776500 00000017a36fdab0/00d0: 00 00 00 00 00 00 00 00-00 00 00 00 00 00 00 00 ................
00:00:00.776502 00000017a36fdac0/00e0: 00 00 00 00 00 00 00 00-00 00 00 00 00 00 00 00 ................
00:00:00.776503 00000017a36fdad0/00f0: 00 00 00 00 00 00 00 00-00 00 00 00 00 00 00 00 ................
00:00:00.776505 00000017a36fdae0/0100: 00 00 00 00 00 00 00 00-00 00 00 00 00 00 00 00 ................
00:00:00.776507 00000017a36fdaf0/0110: 00 00 00 00 00 00 00 00-00 00 00 00 00 00 00 00 ................
00:00:00.776508 00000017a36fdb00/0120: 00 00 00 00 00 00 00 00-00 00 00 00 00 00 00 00 ................
00:00:00.776510 00000017a36fdb10/0130: 00 00 00 00 00 00 00 00-00 00 00 00 00 00 00 00 ................
00:00:00.776512 00000017a36fdb20/0140: 00 00 00 00 00 00 00 00-00 00 00 00 00 00 00 00 ................
00:00:00.776513 00000017a36fdb30/0150: 00 00 00 00 00 00 00 00-00 00 00 00 00 00 00 00 ................
00:00:00.776515 00000017a36fdb40/0160: 00 00 00 00 00 00 00 00-00 00 00 00 00 00 00 00 ................
00:00:00.776517 00000017a36fdb50/0170: 00 00 00 00 00 00 00 00-00 00 00 00 00 00 00 00 ................
00:00:00.776518 00000017a36fdb60/0180: 00 00 00 00 00 00 00 00-00 00 00 00 00 00 00 00 ................
00:00:00.776520 00000017a36fdb70/0190: 00 00 00 00 00 00 00 00-00 00 00 00 00 00 00 00 ................
00:00:00.776522 00000017a36fdb80/01a0: 00 00 00 00 00 00 00 00-00 00 00 00 00 00 00 00 ................
00:00:00.776523 00000017a36fdb90/01b0: 00 00 00 00 00 00 00 00-00 00 00 00 00 00 00 00 ................
00:00:00.776525 00000017a36fdba0/01c0: 00 00 00 00 00 00 00 00-00 00 00 00 00 00 00 00 ................
00:00:00.776527 00000017a36fdbb0/01d0: 00 00 00 00 00 00 00 00-00 00 00 00 00 00 00 00 ................
00:00:00.776528 00000017a36fdbc0/01e0: 00 00 00 00 00 00 00 00-00 00 00 00 00 00 00 00 ................
00:00:00.776530 00000017a36fdbd0/01f0: 00 00 00 00 00 00 00 00-00 00 00 00 00 00 00 00 ................
00:00:00.776532 00000017a36fdbe0/0200: 02 00 00 00 00 00 00 00-07 00 00 00 00 00 00 80 ................
00:00:00.776533 00000017a36fdbf0/0210: 00 00 00 00 00 00 00 00-00 00 00 00 00 00 00 00 ................
00:00:00.776535 00000017a36fdc00/0220: 00 00 00 00 00 00 00 00-00 00 00 00 00 00 00 00 ................
00:00:00.776537 00000017a36fdc10/0230: 00 00 00 00 00 00 00 00-00 00 00 00 00 00 00 00 ................
00:00:00.776538 00000017a36fdc20/0240: 00 00 00 00 00 00 00 00-00 00 00 00 00 00 00 00 ................
00:00:00.776540 00000017a36fdc30/0250: 00 00 00 00 00 00 00 00-00 00 00 00 00 00 00 00 ................
00:00:00.776542 00000017a36fdc40/0260: 00 00 00 00 00 00 00 00-00 00 00 00 00 00 00 00 ................
00:00:00.776543 00000017a36fdc50/0270: 00 00 00 00 00 00 00 00-00 00 00 00 00 00 00 00 ................
00:00:00.776545 00000017a36fdc60/0280: 00 00 00 00 00 00 00 00-00 00 00 00 00 00 00 00 ................
00:00:00.776547 00000017a36fdc70/0290: 00 00 00 00 00 00 00 00-00 00 00 00 00 00 00 00 ................
00:00:00.776548 00000017a36fdc80/02a0: 00 00 00 00 00 00 00 00-00 00 00 00 00 00 00 00 ................
00:00:00.776550 00000017a36fdc90/02b0: 00 00 00 00 00 00 00 00-00 00 00 00 00 00 00 00 ................
00:00:00.776551 00000017a36fdca0/02c0: 00 00 00 00 00 00 00 00-00 00 00 00 00 00 00 00 ................
00:00:00.776553 00000017a36fdcb0/02d0: 00 00 00 00 00 00 00 00-00 00 00 00 00 00 00 00 ................
00:00:00.776555 00000017a36fdcc0/02e0: 00 00 00 00 00 00 00 00-00 00 00 00 00 00 00 00 ................
00:00:00.776556 00000017a36fdcd0/02f0: 00 00 00 00 00 00 00 00-00 00 00 00 00 00 00 00 ................
00:00:00.776558 00000017a36fdce0/0300: 00 00 00 00 00 00 00 00-00 00 00 00 00 00 00 00 ................
00:00:00.776560 00000017a36fdcf0/0310: 00 00 00 00 00 00 00 00-00 00 00 00 00 00 00 00 ................
00:00:00.776561 00000017a36fdd00/0320: 00 00 00 00 00 00 00 00-00 00 00 00 00 00 00 00 ................
00:00:00.776563 00000017a36fdd10/0330: 00 00 00 00 00 00 00 00-00 00 00 00 00 00 00 00 ................
00:00:00.776574 NEM: Successfully set up partition (device handle 0000000000000b14, partition ID 0x164)
00:00:00.776765 PGM: Host paging mode: AMD64+PGE+NX
00:00:00.776775 PGM: PGMPool: cMaxPages=256 (u64MaxPages=64)
00:00:00.776779 PGM: pgmR3PoolInit: cMaxPages=0x100 cMaxUsers=0x200 cMaxPhysExts=0x200 fCacheEnable=true
00:00:00.783503 SUPLib: MEM_LARGE_PAGES works!
00:00:00.783900 TM: GIP - u32Mode=3 (Invariant) u32UpdateHz=93 u32UpdateIntervalNS=10741500 enmUseTscDelta=2 (Practically Zero) fGetGipCpu=0x2b cCpus=16
00:00:00.783911 TM: GIP - u64CpuHz=3 800 205 671 (0xe2828967)  SUPGetCpuHzFromGip => 3 800 205 671
00:00:00.783917 TM: GIP - CPU: iCpuSet=0x0 idCpu=0x0 idApic=0x0 iGipCpu=0x2 i64TSCDelta=0 enmState=3 u64CpuHz=3800199759(*) cErrors=0
00:00:00.783922 TM: GIP - CPU: iCpuSet=0x1 idCpu=0x1 idApic=0x1 iGipCpu=0x1 i64TSCDelta=0 enmState=3 u64CpuHz=3800206701(*) cErrors=0
00:00:00.783926 TM: GIP - CPU: iCpuSet=0x2 idCpu=0x2 idApic=0x2 iGipCpu=0x7 i64TSCDelta=0 enmState=3 u64CpuHz=3800205164(*) cErrors=0
00:00:00.783929 TM: GIP - CPU: iCpuSet=0x3 idCpu=0x3 idApic=0x3 iGipCpu=0x5 i64TSCDelta=0 enmState=3 u64CpuHz=3800205413(*) cErrors=0
00:00:00.783933 TM: GIP - CPU: iCpuSet=0x4 idCpu=0x4 idApic=0x4 iGipCpu=0x0 i64TSCDelta=0 enmState=3 u64CpuHz=3800205671(*) cErrors=0
00:00:00.783937 TM: GIP - CPU: iCpuSet=0x5 idCpu=0x5 idApic=0x5 iGipCpu=0x6 i64TSCDelta=0 enmState=3 u64CpuHz=3800205515(*) cErrors=0
00:00:00.783941 TM: GIP - CPU: iCpuSet=0x6 idCpu=0x6 idApic=0x6 iGipCpu=0x4 i64TSCDelta=0 enmState=3 u64CpuHz=3800205870(*) cErrors=0
00:00:00.783944 TM: GIP - CPU: iCpuSet=0x7 idCpu=0x7 idApic=0x7 iGipCpu=0x3 i64TSCDelta=0 enmState=3 u64CpuHz=3800204823(*) cErrors=0
00:00:00.783948 TM: GIP - CPU: iCpuSet=0x8 idCpu=0x8 idApic=0x8 iGipCpu=0xa i64TSCDelta=0 enmState=3 u64CpuHz=3800205628(*) cErrors=0
00:00:00.783952 TM: GIP - CPU: iCpuSet=0x9 idCpu=0x9 idApic=0x9 iGipCpu=0x8 i64TSCDelta=0 enmState=3 u64CpuHz=3800205576(*) cErrors=0
00:00:00.783956 TM: GIP - CPU: iCpuSet=0xa idCpu=0xa idApic=0xa iGipCpu=0xd i64TSCDelta=0 enmState=3 u64CpuHz=3800205529(*) cErrors=0
00:00:00.783959 TM: GIP - CPU: iCpuSet=0xb idCpu=0xb idApic=0xb iGipCpu=0xe i64TSCDelta=0 enmState=3 u64CpuHz=3800205671(*) cErrors=0
00:00:00.783963 TM: GIP - CPU: iCpuSet=0xc idCpu=0xc idApic=0xc iGipCpu=0x9 i64TSCDelta=0 enmState=3 u64CpuHz=3800205494(*) cErrors=0
00:00:00.783966 TM: GIP - CPU: iCpuSet=0xd idCpu=0xd idApic=0xd iGipCpu=0xc i64TSCDelta=0 enmState=3 u64CpuHz=3800205648(*) cErrors=0
00:00:00.783970 TM: GIP - CPU: iCpuSet=0xe idCpu=0xe idApic=0xe iGipCpu=0xf i64TSCDelta=0 enmState=3 u64CpuHz=3800206701(*) cErrors=0
00:00:00.783973 TM: GIP - CPU: iCpuSet=0xf idCpu=0xf idApic=0xf iGipCpu=0xb i64TSCDelta=0 enmState=3 u64CpuHz=3800205483(*) cErrors=0
00:00:00.783984 TM: NEM overrides the /TM/TSCModeSwitchAllowed setting.
00:00:00.784000 TM:     cTSCTicksPerSecond=3 800 205 671 (0xe2828967) enmTSCMode=4 (NativeApi) TSCMultiplier=1
00:00:00.784002 TM: cTSCTicksPerSecondHost=3 800 205 671 (0xe2828967)
00:00:00.784003 TM: TSCTiedToExecution=false TSCNotTiedToHalt=false
00:00:00.784836 EMR3Init: fIemExecutesAll=false fGuruOnTripleFault=true
00:00:00.784992 IEM: TargetCpu=CURRENT, Microarch=AMD_Zen_Ryzen aidxTargetCpuEflFlavour={2,0}
00:00:00.785732 GIM: Using provider 'None' (Implementation version: 0)
00:00:00.785752 GCM: Initialized - Fixer bits: 0x0
00:00:00.785812 AIOMgr: Default manager type is 'Async'
00:00:00.785818 AIOMgr: Default file backend is 'NonBuffered'
00:00:00.785871 BlkCache: Cache successfully initialized. Cache size is 5242880 bytes
00:00:00.785876 BlkCache: Cache commit interval is 10000 ms
00:00:00.785879 BlkCache: Cache commit threshold is 2621440 bytes
00:00:01.178408 PcBios: [SMP] BIOS with 1 CPUs
00:00:01.178430 PcBios: Using the 386+ BIOS image.
00:00:01.178791 PcBios: fCheckShutdownStatusForSoftReset=true  fClearShutdownStatusOnHardReset=true
00:00:01.178952 PDM: VirtualBox APIC backend registered
00:00:01.178998 CPUM: SetGuestCpuIdFeature: Enabled xAPIC
00:00:01.179365 PIT: mode=3 count=0x10000 (65536) - 18.20 Hz (ch=0)
00:00:01.179829 VMMDev: cbDefaultBudget: 1 073 741 824 (40000000)
00:00:01.194149 Shared Folders service loaded
00:00:01.205357 Guest Control service loaded
00:00:01.220193 VGA: Using the 386+ BIOS image.
00:00:01.221525 DrvVD: Flushes will be ignored
00:00:01.221538 DrvVD: Async flushes will be passed to the disk
00:00:01.221813 VD: VDInit finished with VINF_SUCCESS
00:00:01.221920 VD: Opening the disk took 368946 ns
00:00:01.221964 PIIX3 ATA: LUN#0: disk, PCHS=65/16/63, total number of sectors 65536
00:00:01.222010 PIIX3 ATA: LUN#1: no unit
00:00:01.222051 PIIX3 ATA: LUN#2: no unit
00:00:01.222057 PIIX3 ATA: LUN#3: no unit
00:00:01.222112 PIIX3 ATA: Ctl#0: finished processing RESET
00:00:01.222274 PIIX3 ATA: Ctl#1: finished processing RESET
00:00:01.235762 Audio Mixer: Setting sink 'SB16 Mixer/PCM Output' -- channel volumes: ba ba ba ba ba ba ba ba ba ba ba ba
00:00:01.261594 WasAPI: Input device is: {Default} (iface 000001d879336760)
00:00:01.263480 WasAPI: Output device is: {Default} (iface 000001d879336800)
00:00:01.269875 Audio: Found 10 devices for driver 'WasAPI'
00:00:01.269903 Audio: Device 'Headphones (High Definition Audio Device)':
00:00:01.269903 Audio:   ID              = {0.0.0.00000000}.{12380492-75b7-42bc-b789-0d1d8d1f4e3b}
00:00:01.269904 Audio:   Usage           = output
00:00:01.269905 Audio:   Flags           = DEFAULT_OUT
00:00:01.269905 Audio:   Input channels  = 0
00:00:01.269905 Audio:   Output channels = 2
00:00:01.269909 Audio: Device 'Headphones (High Definition Audio Device)':
00:00:01.269910 Audio:   ID              = {0.0.0.00000000}.{12380492-75b7-42bc-b789-0d1d8d1f4e3b}
00:00:01.269910 Audio:   Usage           = output
00:00:01.269910 Audio:   Flags           = NONE
00:00:01.269911 Audio:   Input channels  = 0
00:00:01.269911 Audio:   Output channels = 2
00:00:01.269914 Audio: Device 'Digital Audio (S/PDIF) (High Definition Audio Device)':
00:00:01.269914 Audio:   ID              = {0.0.0.00000000}.{2ca71d41-bb09-4c97-9aaf-cabbc6fbe5ab}
00:00:01.269915 Audio:   Usage           = output
00:00:01.269915 Audio:   Flags           = NONE
00:00:01.269915 Audio:   Input channels  = 0
00:00:01.269915 Audio:   Output channels = 2
00:00:01.269919 Audio: Device '100012589 (NVIDIA High Definition Audio)':
00:00:01.269919 Audio:   ID              = {0.0.0.00000000}.{3f36c4ff-500a-4cd3-9a35-77b5981f1155}
00:00:01.269919 Audio:   Usage           = output
00:00:01.269920 Audio:   Flags           = NONE
00:00:01.269920 Audio:   Input channels  = 0
00:00:01.269920 Audio:   Output channels = 2
00:00:01.269923 Audio: Device 'Speakers (2- USB Audio CODEC )':
00:00:01.269923 Audio:   ID              = {0.0.0.00000000}.{566bb4ca-cb36-4deb-843b-246f6c5c5982}
00:00:01.269924 Audio:   Usage           = output
00:00:01.269924 Audio:   Flags           = NONE
00:00:01.269924 Audio:   Input channels  = 0
00:00:01.269925 Audio:   Output channels = 2
00:00:01.269934 Audio: Device '100012589 (NVIDIA High Definition Audio)':
00:00:01.269934 Audio:   ID              = {0.0.0.00000000}.{fdb7b4cc-b13a-4c66-ac46-5302e0b66d2f}
00:00:01.269935 Audio:   Usage           = output
00:00:01.269935 Audio:   Flags           = NONE
00:00:01.269935 Audio:   Input channels  = 0
00:00:01.269935 Audio:   Output channels = 2
00:00:01.269942 Audio: Device 'Microphone (2- USB Audio CODEC )':
00:00:01.269943 Audio:   ID              = {0.0.1.00000000}.{2cdb81b1-e1eb-4201-a0a4-fc6057072946}
00:00:01.269943 Audio:   Usage           = input
00:00:01.269943 Audio:   Flags           = DEFAULT_IN
00:00:01.269943 Audio:   Input channels  = 1
00:00:01.269944 Audio:   Output channels = 0
00:00:01.269947 Audio: Device 'Microphone (2- USB Audio CODEC )':
00:00:01.269947 Audio:   ID              = {0.0.1.00000000}.{2cdb81b1-e1eb-4201-a0a4-fc6057072946}
00:00:01.269947 Audio:   Usage           = input
00:00:01.269948 Audio:   Flags           = NONE
00:00:01.269948 Audio:   Input channels  = 1
00:00:01.269948 Audio:   Output channels = 0
00:00:01.269951 Audio: Device 'Microphone (Rocksmith USB Guitar Adapter)':
00:00:01.269951 Audio:   ID              = {0.0.1.00000000}.{74e37aa4-b434-4b56-82c7-3a68e6a50cfb}
00:00:01.269952 Audio:   Usage           = input
00:00:01.269952 Audio:   Flags           = NONE
00:00:01.269952 Audio:   Input channels  = 1
00:00:01.269952 Audio:   Output channels = 0
00:00:01.269955 Audio: Device 'Microphone (NexiGo HD Webcam Audio)':
00:00:01.269956 Audio:   ID              = {0.0.1.00000000}.{8830d0fa-5126-4de0-babf-090349e9c6f6}
00:00:01.269956 Audio:   Usage           = input
00:00:01.269956 Audio:   Flags           = NONE
00:00:01.269956 Audio:   Input channels  = 2
00:00:01.269957 Audio:   Output channels = 0
00:00:01.270239 PGM: The CPU physical address width is 48 bits
00:00:01.270248 PGM: PGMR3InitFinalize: 4 MB PSE mask 0000ffffffffffff -> VINF_SUCCESS
00:00:01.270257 TM: TMR3InitFinalize: fTSCModeSwitchAllowed=false
00:00:01.270506 CPUM: Mapped 1.0MiB (1048576 bytes) of RAM using fixed-range MTRRs
00:00:01.270514 CPUM: Mapped 64.0MiB (67108864 bytes) of RAM using 1 variable-range MTRRs
00:00:01.270915 VMM: Thread-context hooks unavailable
00:00:01.270921 VMM: RTThreadPreemptIsPending() can be trusted
00:00:01.270924 VMM: Kernel preemption is possible
00:00:01.270934 EM: Exit history optimizations: enabled=true enabled-r0=true enabled-r0-no-preemption=false
00:00:01.273271 PcBios: ATA LUN#0 LCHS=65/16/63
00:00:01.273283 APIC: fPostedIntrsEnabled=false fVirtApicRegsEnabled=false fSupportsTscDeadline=false
00:00:01.273289 TMR3UtcNow: nsNow=1 777 253 488 079 574 600 nsPrev=0 -> cNsDelta=1 777 253 488 079 574 600 (offLag=0 offVirtualSync=0 offVirtualSyncGivenUp=0, NowAgain=1 777 253 488 079 574 600)
00:00:01.273357 VMM: fUsePeriodicPreemptionTimers=true
00:00:01.273363 CPUM: Logical host processors: 16 present, 16 max, 16 online, online mask: 000000000000ffff
00:00:01.273365 CPUM: Physical host cores: 8
00:00:01.273365 ************************ CPUID dump *************************
00:00:01.275660          Raw Standard CPUID Leaves
00:00:01.275661      Leaf/sub-leaf  eax      ebx      ecx      edx
00:00:01.275662 Gst: 00000000/0000  0000000d 68747541 444d4163 69746e65
00:00:01.275664 Hst:                0000000d 68747541 444d4163 69746e65
00:00:01.275665 Gst: 00000001/0000  00800f82 00010800 76d83203 178bfbbf
00:00:01.275666 Hst:                00800f82 09100800 fed83203 178bfbff
00:00:01.275667 Gst: 00000002/0000  00000000 00000000 00000000 00000000
00:00:01.275667 Hst:                00000000 00000000 00000000 00000000
00:00:01.275668 Gst: 00000003/0000  00000000 00000000 00000000 00000000
00:00:01.275668 Hst:                00000000 00000000 00000000 00000000
00:00:01.275669 Gst: 00000004/0000  00000000 00000000 00000000 00000000
00:00:01.275669 Hst:                00000000 00000000 00000000 00000000
00:00:01.275670 Gst: 00000005/0000  00000000 00000000 00000000 00000000
00:00:01.275671 Hst:                00000000 00000000 00000000 00000000
00:00:01.275671 Gst: 00000006/0000  00000004 00000000 00000000 00000000
00:00:01.275672 Hst:                00000000 00000000 00000001 00000000
00:00:01.275672 Gst: 00000007/0000  00000000 208c0129 00000000 00000000
00:00:01.275673 Hst:                00000000 209c01a9 00000000 00000000
00:00:01.275673 Gst: 00000007/0001  00000000 00000000 00000000 00000000
00:00:01.275674 Hst:                00000000 00000000 00000000 00000000
00:00:01.275675 Gst: 00000007/0002  00000000 00000000 00000000 00000000
00:00:01.275675 Hst:                00000000 00000000 00000000 00000000
00:00:01.275676 Gst: 00000008/0000  00000000 00000000 00000000 00000000
00:00:01.275676 Hst:                00000000 00000000 00000000 00000000
00:00:01.275677 Gst: 00000009/0000  00000000 00000000 00000000 00000000
00:00:01.275677 Hst:                00000000 00000000 00000000 00000000
00:00:01.275678 Gst: 0000000a/0000  00000000 00000000 00000000 00000000
00:00:01.275679 Hst:                00000000 00000000 00000000 00000000
00:00:01.275679 Gst: 0000000b/0000  00000000 00000000 00000000 00000000
00:00:01.275680 Hst:                00000000 00000000 00000000 00000000
00:00:01.275680 Gst: 0000000c/0000  00000000 00000000 00000000 00000000
00:00:01.275681 Hst:                00000000 00000000 00000000 00000000
00:00:01.275681 Gst: 0000000d/0000  00000007 00000340 00000340 00000000
00:00:01.275682 Hst:                00000007 00000340 00000340 00000000
00:00:01.275682 Gst: 0000000d/0001  00000000 00000340 00000000 00000000
00:00:01.275683 Hst:                0000000f 00000340 00000000 00000000
00:00:01.275684 Gst: 0000000d/0002  00000100 00000240 00000000 00000000
00:00:01.275684 Hst:                00000100 00000240 00000000 00000000
00:00:01.275685 Gst: 0000000d/0003  00000000 00000000 00000000 00000000
00:00:01.275685 Hst:                00000000 00000000 00000000 00000000
00:00:01.275686                                Name: AuthenticAMD
00:00:01.275687                            Supports: 0x00000000-0x0000000d
00:00:01.275688                              Family: 15 	Extended: 8 	Effective: 23
00:00:01.275689                               Model:  8 	Extended: 0 	Effective: 8
00:00:01.275690                            Stepping: 2
00:00:01.275691                                Type: 0 (primary)
00:00:01.275692                             APIC ID: 0x00
00:00:01.275693                        Logical CPUs: 1
00:00:01.275693                        CLFLUSH Size: 8
00:00:01.275694                            Brand ID: 0x00
00:00:01.275695 Features
00:00:01.275695   Mnemonic - Description                                  = Guest (Host)
00:00:01.275697   FPU - x87 FPU on Chip                                   = 1 (1)
00:00:01.275698   VME - Virtual 8086 Mode Enhancements                    = 1 (1)
00:00:01.275699   DE - Debugging extensions                               = 1 (1)
00:00:01.275700   PSE - Page Size Extension                               = 1 (1)
00:00:01.275701   TSC - Time Stamp Counter                                = 1 (1)
00:00:01.275703   MSR - Model Specific Registers                          = 1 (1)
00:00:01.275704   PAE - Physical Address Extension                        = 0 (1)
00:00:01.275705   MCE - Machine Check Exception                           = 1 (1)
00:00:01.275705   CX8 - CMPXCHG8B instruction                             = 1 (1)
00:00:01.275706   APIC - APIC On-Chip                                     = 1 (1)
00:00:01.275707   SEP - SYSENTER and SYSEXIT Present                      = 1 (1)
00:00:01.275708   MTRR - Memory Type Range Registers                      = 1 (1)
00:00:01.275709   PGE - PTE Global Bit                                    = 1 (1)
00:00:01.275710   MCA - Machine Check Architecture                        = 1 (1)
00:00:01.275711   CMOV - Conditional Move instructions                    = 1 (1)
00:00:01.275711   PAT - Page Attribute Table                              = 1 (1)
00:00:01.275712   PSE-36 - 36-bit Page Size Extension                     = 1 (1)
00:00:01.275713   PSN - Processor Serial Number                           = 0 (0)
00:00:01.275714   CLFSH - CLFLUSH instruction                             = 1 (1)
00:00:01.275715   DS - Debug Store                                        = 0 (0)
00:00:01.275716   ACPI - Thermal Mon. & Soft. Clock Ctrl.                 = 0 (0)
00:00:01.275716   MMX - Intel MMX Technology                              = 1 (1)
00:00:01.275717   FXSR - FXSAVE and FXRSTOR instructions                  = 1 (1)
00:00:01.275718   SSE - SSE support                                       = 1 (1)
00:00:01.275719   SSE2 - SSE2 support                                     = 1 (1)
00:00:01.275720   SS - Self Snoop                                         = 0 (0)
00:00:01.275721   HTT - Hyper-Threading Technology                        = 1 (1)
00:00:01.275722   TM - Therm. Monitor                                     = 0 (0)
00:00:01.275723   PBE - Pending Break Enabled                             = 0 (0)
00:00:01.275723   SSE3 - SSE3 support                                     = 1 (1)
00:00:01.275724   PCLMUL - PCLMULQDQ support (for AES-GCM)                = 1 (1)
00:00:01.275725   DTES64 - DS Area 64-bit Layout                          = 0 (0)
00:00:01.275726   MONITOR - MONITOR/MWAIT instructions                    = 0 (0)
00:00:01.275727   CPL-DS - CPL Qualified Debug Store                      = 0 (0)
00:00:01.275727   VMX - Virtual Machine Extensions                        = 0 (0)
00:00:01.275728   SMX - Safer Mode Extensions                             = 0 (0)
00:00:01.275729   EST - Enhanced SpeedStep Technology                     = 0 (0)
00:00:01.275730   TM2 - Terminal Monitor 2                                = 0 (0)
00:00:01.275731   SSSE3 - Supplemental Streaming SIMD Extensions 3        = 1 (1)
00:00:01.275731   CNTX-ID - L1 Context ID                                 = 0 (0)
00:00:01.275732   SDBG - Silicon Debug interface                          = 0 (0)
00:00:01.275733   FMA - Fused Multiply Add extensions                     = 1 (1)
00:00:01.275734   CX16 - CMPXCHG16B instruction                           = 1 (1)
00:00:01.275735   TPRUPDATE - xTPR Update Control                         = 0 (0)
00:00:01.275735   PDCM - Perf/Debug Capability MSR                        = 0 (0)
00:00:01.275736   PCID - Process Context Identifiers                      = 0 (0)
00:00:01.275737   DCA - Direct Cache Access                               = 0 (0)
00:00:01.275738   SSE4_1 - SSE4_1 support                                 = 1 (1)
00:00:01.275739   SSE4_2 - SSE4_2 support                                 = 1 (1)
00:00:01.275740   X2APIC - x2APIC support                                 = 0 (0)
00:00:01.275740   MOVBE - MOVBE instruction                               = 1 (1)
00:00:01.275741   POPCNT - POPCNT instruction                             = 1 (1)
00:00:01.275742   TSCDEADL - Time Stamp Counter Deadline                  = 0 (0)
00:00:01.275743   AES - AES instructions                                  = 1 (1)
00:00:01.275744   XSAVE - XSAVE instruction                               = 1 (1)
00:00:01.275745   OSXSAVE - OSXSAVE instruction                           = 0 (1)
00:00:01.275745   AVX - AVX support                                       = 1 (1)
00:00:01.275746   F16C - 16-bit floating point conversion instructions    = 1 (1)
00:00:01.275747   RDRAND - RDRAND instruction                             = 1 (1)
00:00:01.275748   HVP - Hypervisor Present (we're a guest)                = 0 (1)
00:00:01.275749 Structured Extended Feature Flags Enumeration (leaf 7):
00:00:01.275749 Sub-leaf 0
00:00:01.275749   Mnemonic - Description                                  = Guest (Host)
00:00:01.275750   FSGSBASE - RDFSBASE/RDGSBASE/WRFSBASE/WRGSBASE instr.   = 1 (1)
00:00:01.275751   TSCADJUST - Supports MSR_IA32_TSC_ADJUST                = 0 (0)
00:00:01.275752   SGX - Supports Software Guard Extensions                = 0 (0)
00:00:01.275753   BMI1 - Advanced Bit Manipulation extension 1            = 1 (1)
00:00:01.275753   HLE - Hardware Lock Elision                             = 0 (0)
00:00:01.275754   AVX2 - Advanced Vector Extensions 2                     = 1 (1)
00:00:01.275756   FDP_EXCPTN_ONLY - FPU DP only updated on exceptions     = 0 (0)
00:00:01.275757   SMEP - Supervisor Mode Execution Prevention             = 0 (1)
00:00:01.275757   BMI2 - Advanced Bit Manipulation extension 2            = 1 (1)
00:00:01.275758   ERMS - Enhanced REP MOVSB/STOSB instructions            = 0 (0)
00:00:01.275759   INVPCID - INVPCID instruction                           = 0 (0)
00:00:01.275759   RTM - Restricted Transactional Memory                   = 0 (0)
00:00:01.275760   PQM - Platform Quality of Service Monitoring            = 0 (0)
00:00:01.275761   DEPFPU_CS_DS - Deprecates FPU CS, FPU DS values if set  = 0 (0)
00:00:01.275761   MPE - Intel Memory Protection Extensions                = 0 (0)
00:00:01.275762   PQE - Platform Quality of Service Enforcement           = 0 (0)
00:00:01.275763   AVX512F - AVX512 Foundation instructions                = 0 (0)
00:00:01.275764   AVX512DQ - Supports the AVX512DQ instructions           = 0 (0)
00:00:01.275764   RDSEED - RDSEED instruction                             = 1 (1)
00:00:01.275765   ADX - ADCX/ADOX instructions                            = 1 (1)
00:00:01.275766   SMAP - Supervisor Mode Access Prevention                = 0 (1)
00:00:01.275767   AVX512_IFMA - Supports the AVX512_IFMA instructions     = 0 (0)
00:00:01.275768   CLFLUSHOPT - CLFLUSHOPT (Cache Line Flush) instruction  = 1 (1)
00:00:01.275768   CLWB - CLWB instruction                                 = 0 (0)
00:00:01.275769   INTEL_PT - Intel Processor Trace                        = 0 (0)
00:00:01.275770   AVX512PF - AVX512 Prefetch instructions                 = 0 (0)
00:00:01.275770   AVX512ER - AVX512 Exponential & Reciprocal instructions = 0 (0)
00:00:01.275771   AVX512CD - AVX512 Conflict Detection instructions       = 0 (0)
00:00:01.275772   SHA - Secure Hash Algorithm extensions                  = 1 (1)
00:00:01.275772   AVX512BW - Supports the AVX512BW instructions           = 0 (0)
00:00:01.275773   AVX512VL - Supports the AVX512VL instructions           = 0 (0)
00:00:01.275774   PREFETCHWT1 - PREFETCHWT1 instruction                   = 0 (0)
00:00:01.275774   AVX512_VBMI - Supports the AVX512_VBMI instructions     = 0 (0)
00:00:01.275775   UMIP - User mode insturction prevention                 = 0 (0)
00:00:01.275776   PKU - Protection Key for Usermode pages                 = 0 (0)
00:00:01.275777   OSPKE - CR4.PKU mirror                                  = 0 (0)
00:00:01.275777   WAITPKG - TPAUSE, UMONITOR & UMWAIT support             = 0 (0)
00:00:01.275778   AVX512_VBMI2 - Supports the AVX512_VBMI2 instructions   = 0 (0)
00:00:01.275779   CET_SS - CET shadow stack support                       = 0 (0)
00:00:01.275779   GFNI - Supports the GFNI instruction set                = 0 (0)
00:00:01.275780   VAES - Supports the VEX encoded AES instruction set     = 0 (0)
00:00:01.275781   VPCLMULQDQ - Supports the VPCLMULQDQ instruction        = 0 (0)
00:00:01.275781   AVX512_VNNI - Supports the AVX512_VNNI instructions     = 0 (0)
00:00:01.275782   AVX512_BITALG - Supports the AVX512_BITALG instructions = 0 (0)
00:00:01.275783   TME_EN - Supports 4 IA32_TME_ MSRs                      = 0 (0)
00:00:01.275783   AVX512_VPOPCNTDQ - Supports the AVX512_VPOPCNTDQ instructions = 0 (0)
00:00:01.275784   LA57 - 57-bit linear addresses                          = 0 (0)
00:00:01.275785   MAWAU - Value used by BNDLDX & BNDSTX                   = 0x0 (0x0)
00:00:01.275786   RDPID - Read processor ID support                       = 0 (0)
00:00:01.275787   KEY_LOCKER - Supports Key Locker                        = 0 (0)
00:00:01.275787   BUS_LOCK_DETECT - Supports OS bus-lock detection        = 0 (0)
00:00:01.275788   CLDEMOTE - Supports cache line demote                   = 0 (0)
00:00:01.275789   MOVDIRI - Supports the MOVDIRI instruction              = 0 (0)
00:00:01.275789   MOVDIRI64B - Supports the MOVDIRI64B instruction        = 0 (0)
00:00:01.275790   ENQCMD - Supports the Eqnqueue Stores                   = 0 (0)
00:00:01.275791   SGX_LC - Supports SGX Launch Configuration              = 0 (0)
00:00:01.275792   PKS - Supports protection keys for supervisor pages     = 0 (0)
00:00:01.275792  Sub-leaf 2
00:00:01.275793   Mnemonic - Description                                  = Guest (Host)
00:00:01.275794   PSFD - Supports IA32_SPEC_CTRL[7] (PSFD)                = 0 (0)
00:00:01.275795   IPRED_CTRL - Supports IA32_SPEC_CTRL[4:3] (IPRED_DIS)   = 0 (0)
00:00:01.275796   RRSBA_CTRL - Supports IA32_SPEC_CTRL[6:5] (RRSBA_DIS)   = 0 (0)
00:00:01.275796   DDPD_U - Supports IA32_SPEC_CTRL[8] (DDPD_U)            = 0 (0)
00:00:01.275797   BHI_CTRL - Supports IA32_SPEC_CTRL[10] (BHI_DIS_S)      = 0 (0)
00:00:01.275798   MCDT_NO - No MXCSR Config Dependent Timing issues       = 0 (0)
00:00:01.275798   UC_LOCK_DIS - Supports UC-lock disable and causing #AC  = 0 (0)
00:00:01.275799   MONITOR_MITG_NO - No MONITOR/UMONITOR power issues      = 0 (0)
00:00:01.275800 Processor Extended State Enumeration (leaf 0xd):
00:00:01.275800    XSAVE area cur/max size by XCR0, Guest: 0x340/0x340
00:00:01.275801    XSAVE area cur/max size by XCR0,  Host: 0x340/0x340
00:00:01.275802                    Valid XCR0 bits, Guest: 0x00000000`00000007 ( x87 SSE YMM_Hi128 )
00:00:01.275803                    Valid XCR0 bits,  Host: 0x00000000`00000007 ( x87 SSE YMM_Hi128 )
00:00:01.275805                     XSAVE features, Guest
00:00:01.275806                     XSAVE features,  Host XSAVEOPT XSAVEC XGETBC1 XSAVES
00:00:01.275807       XSAVE area cur size XCR0|XSS, Guest: 0x340
00:00:01.275808       XSAVE area cur size XCR0|XSS,  Host: 0x340
00:00:01.275808                Valid IA32_XSS bits, Guest: 0x00000000`00000000
00:00:01.275809                Valid IA32_XSS bits,  Host: 0x00000000`00000000
00:00:01.275810   State #2, Guest: off=0x0240, cb=0x0100 IA32_XSS-bit -- YMM_Hi128
00:00:01.275811   State #2,  Host:  off=0x0240, cb=0x0100 IA32_XSS-bit -- YMM_Hi128
00:00:01.275816          Raw Hypervisor CPUID Leaves
00:00:01.275817      Leaf/sub-leaf  eax      ebx      ecx      edx
00:00:01.275817 Hst: 40000000/0000  4000000c 7263694d 666f736f 76482074
00:00:01.275818 Hst: 40000001/0000  31237648 00000000 00000000 00000000
00:00:01.275819 Hst: 40000002/0000  00004a61 000a0000 00000007 00001c0d
00:00:01.275820 Hst: 40000003/0000  0000bfff 002bb9ff 00000002 11fffbf2
00:00:01.275820 Hst: 40000004/0000  00042d1c 00000000 00000000 00000000
00:00:01.275821 Hst: 40000005/0000  00000400 00000400 00000c90 00000000
00:00:01.275822 Hst: 40000006/0000  000200ae 00000000 00000000 00000000
00:00:01.275822 Hst: 40000007/0000  80000007 00000003 00000000 00000000
00:00:01.275823 Hst: 40000008/0000  00100001 00000001 0000cccc 00000000
00:00:01.275824 Hst: 40000009/0000  00000000 00000000 00000000 00000000
00:00:01.275824 Hst: 4000000a/0000  00000000 00000000 00000000 00000000
00:00:01.275825 Hst: 4000000b/0000  00000000 00000000 00000000 00000000
00:00:01.275826 Hst: 4000000c/0000  00000000 00000000 00000000 00000000
00:00:01.275827          Raw Extended CPUID Leaves
00:00:01.275827      Leaf/sub-leaf  eax      ebx      ecx      edx
00:00:01.275827 Gst: 80000000/0000  8000001f 68747541 444d4163 69746e65
00:00:01.275828 Hst:                8000001f 68747541 444d4163 69746e65
00:00:01.275829 Gst: 80000001/0000  00800f82 20000000 000001f1 0bc3fb3f
00:00:01.275830 Hst:                00800f82 20000000 004023f3 2fd3fbff
00:00:01.275830 Gst: 80000002/0000  20444d41 657a7952 2037206e 30303732
00:00:01.275831 Hst:                20444d41 657a7952 2037206e 30303732
00:00:01.275832 Gst: 80000003/0000  69452058 2d746867 65726f43 6f725020
00:00:01.275833 Hst:                69452058 2d746867 65726f43 6f725020
00:00:01.275833 Gst: 80000004/0000  73736563 2020726f 20202020 00202020
00:00:01.275834 Hst:                73736563 2020726f 20202020 00202020
00:00:01.275835 Gst: 80000005/0000  ff40ff40 ff40ff40 20080140 40040140
00:00:01.275836 Hst:                ff40ff40 ff40ff40 20080140 40040140
00:00:01.275837 Gst: 80000006/0000  26006400 66006400 02006140 00808140
00:00:01.275837 Hst:                26006400 66006400 02006140 00808140
00:00:01.275838 Gst: 80000007/0000  00000000 00000000 00000000 00000100
00:00:01.275839 Hst:                00000000 0000001b 00000000 00004789
00:00:01.275839 Gst: 80000008/0000  00003030 04000000 00000000 00000000
00:00:01.275840 Hst:                00003030 02000005 0000400f 00000000
00:00:01.275841 Gst: 80000009/0000  00000000 00000000 00000000 00000000
00:00:01.275841 Hst:                00000000 00000000 00000000 00000000
00:00:01.275842 Gst: 8000000a/0000  00000000 00000000 00000000 00000000
00:00:01.275843 Hst:                00000000 00000000 00000000 00000000
00:00:01.275843 Gst: 8000000b/0000  00000000 00000000 00000000 00000000
00:00:01.275844 Hst:                00000000 00000000 00000000 00000000
00:00:01.275844 Gst: 8000000c/0000  00000000 00000000 00000000 00000000
00:00:01.275845 Hst:                00000000 00000000 00000000 00000000
00:00:01.275845 Gst: 8000000d/0000  00000000 00000000 00000000 00000000
00:00:01.275846 Hst:                00000000 00000000 00000000 00000000
00:00:01.275847 Gst: 8000000e/0000  00000000 00000000 00000000 00000000
00:00:01.275847 Hst:                00000000 00000000 00000000 00000000
00:00:01.275848 Gst: 8000000f/0000  00000000 00000000 00000000 00000000
00:00:01.275848 Hst:                00000000 00000000 00000000 00000000
00:00:01.275851 Gst: 80000010/0000  00000000 00000000 00000000 00000000
00:00:01.275851 Hst:                00000000 00000000 00000000 00000000
00:00:01.275852 Gst: 80000011/0000  00000000 00000000 00000000 00000000
00:00:01.275853 Hst:                00000000 00000000 00000000 00000000
00:00:01.275853 Gst: 80000012/0000  00000000 00000000 00000000 00000000
00:00:01.275854 Hst:                00000000 00000000 00000000 00000000
00:00:01.275854 Gst: 80000013/0000  00000000 00000000 00000000 00000000
00:00:01.275855 Hst:                00000000 00000000 00000000 00000000
00:00:01.275855 Gst: 80000014/0000  00000000 00000000 00000000 00000000
00:00:01.275856 Hst:                00000000 00000000 00000000 00000000
00:00:01.275857 Gst: 80000015/0000  00000000 00000000 00000000 00000000
00:00:01.275857 Hst:                00000000 00000000 00000000 00000000
00:00:01.275858 Gst: 80000016/0000  00000000 00000000 00000000 00000000
00:00:01.275858 Hst:                00000000 00000000 00000000 00000000
00:00:01.275859 Gst: 80000017/0000  00000000 00000000 00000000 00000000
00:00:01.275859 Hst:                00000000 00000000 00000000 00000000
00:00:01.275860 Gst: 80000018/0000  00000000 00000000 00000000 00000000
00:00:01.275861 Hst:                00000000 00000000 00000000 00000000
00:00:01.275861 Gst: 80000019/0000  00000000 00000000 00000000 00000000
00:00:01.275862 Hst:                00000000 00000000 00000000 00000000
00:00:01.275862 Gst: 8000001a/0000  00000003 00000000 00000000 00000000
00:00:01.275863 Hst:                00000003 00000000 00000000 00000000
00:00:01.275863 Gst: 8000001b/0000  00000000 00000000 00000000 00000000
00:00:01.275864 Hst:                00000000 00000000 00000000 00000000
00:00:01.275865 Gst: 8000001c/0000  00000000 00000000 00000000 00000000
00:00:01.275865 Hst:                00000000 00000000 00000000 00000000
00:00:01.275866 Gst: 8000001d/0000  00000121 01c0003f 0000003f 00000000
00:00:01.275866 Hst:                00004121 01c0003f 0000003f 00000000
00:00:01.275867 Gst: 8000001d/0001  00000122 00c0003f 000000ff 00000000
00:00:01.275868 Hst:                00004122 00c0003f 000000ff 00000000
00:00:01.275868 Gst: 8000001d/0002  00000143 01c0003f 000003ff 00000002
00:00:01.275869 Hst:                00004143 01c0003f 000003ff 00000002
00:00:01.275870 Gst: 8000001d/0003  00000163 03c0003f 00001fff 00000001
00:00:01.275871 Hst:                0001c163 03c0003f 00001fff 00000001
00:00:01.275871 Gst: 8000001d/0004  00000000 00000000 00000000 00000000
00:00:01.275872 Hst:                00000000 00000000 00000000 00000000
00:00:01.275872 Gst: 8000001e/0000  00000000 00000000 00000000 00000000
00:00:01.275873 Hst:                00000009 00000104 00000000 00000000
00:00:01.275874 Gst: 8000001f/0000  00000000 00000000 00000000 00000000
00:00:01.275874 Hst:                00000000 00000000 00000000 00000000
00:00:01.275875 Ext Name:                        AuthenticAMD
00:00:01.275875 Ext Supports:                    0x80000000-0x8000001f
00:00:01.275876 Family:                          15  	Extended: 8 	Effective: 23
00:00:01.275876 Model:                           8  	Extended: 0 	Effective: 8
00:00:01.275877 Stepping:                        2
00:00:01.275877 Brand ID:                        0x000
00:00:01.275878 Ext Features
00:00:01.275878   Mnemonic - Description                                  = Guest (Host)
00:00:01.275879   FPU - x87 FPU on Chip                                   = 1 (1)
00:00:01.275880   VME - Virtual 8086 Mode Enhancements                    = 1 (1)
00:00:01.275881   DE - Debugging extensions                               = 1 (1)
00:00:01.275882   PSE - Page Size Extension                               = 1 (1)
00:00:01.275882   TSC - Time Stamp Counter                                = 1 (1)
00:00:01.275883   MSR - K86 Model Specific Registers                      = 1 (1)
00:00:01.275884   PAE - Physical Address Extension                        = 0 (1)
00:00:01.275885   MCE - Machine Check Exception                           = 0 (1)
00:00:01.275885   CX8 - CMPXCHG8B instruction                             = 1 (1)
00:00:01.275886   APIC - APIC On-Chip                                     = 1 (1)
00:00:01.275887   SEP - SYSCALL/SYSRET                                    = 1 (1)
00:00:01.275888   MTRR - Memory Type Range Registers                      = 1 (1)
00:00:01.275889   PGE - PTE Global Bit                                    = 1 (1)
00:00:01.275890   MCA - Machine Check Architecture                        = 1 (1)
00:00:01.275890   CMOV - Conditional Move instructions                    = 1 (1)
00:00:01.275891   PAT - Page Attribute Table                              = 1 (1)
00:00:01.275892   PSE-36 - 36-bit Page Size Extension                     = 1 (1)
00:00:01.275893   NX - No-Execute/Execute-Disable                         = 0 (1)
00:00:01.275893   AXMMX - AMD Extensions to MMX instructions              = 1 (1)
00:00:01.275894   MMX - Intel MMX Technology                              = 1 (1)
00:00:01.275895   FXSR - FXSAVE and FXRSTOR Instructions                  = 1 (1)
00:00:01.275896   FFXSR - AMD fast FXSAVE and FXRSTOR instructions        = 1 (1)
00:00:01.275896   Page1GB - 1 GB large page                               = 0 (1)
00:00:01.275897   RDTSCP - RDTSCP instruction                             = 1 (1)
00:00:01.275898   LM - AMD64 Long Mode                                    = 0 (1)
00:00:01.275900   3DNOWEXT - AMD Extensions to 3DNow                      = 0 (0)
00:00:01.275901   3DNOW - AMD 3DNow                                       = 0 (0)
00:00:01.275902   LahfSahf - LAHF/SAHF support in 64-bit mode             = 1 (1)
00:00:01.275903   CmpLegacy - Core multi-processing legacy mode           = 0 (1)
00:00:01.275904   SVM - AMD Secure Virtual Machine extensions             = 0 (0)
00:00:01.275904   EXTAPIC - AMD Extended APIC registers                   = 0 (0)
00:00:01.275905   CR8L - AMD LOCK MOV CR0 means MOV CR8                   = 1 (1)
00:00:01.275906   ABM - AMD Advanced Bit Manipulation                     = 1 (1)
00:00:01.275907   SSE4A - SSE4A instructions                              = 1 (1)
00:00:01.275907   MISALIGNSSE - AMD Misaligned SSE mode                   = 1 (1)
00:00:01.275908   3DNOWPRF - AMD PREFETCH and PREFETCHW instructions      = 1 (1)
00:00:01.275909   OSVW - AMD OS Visible Workaround                        = 0 (1)
00:00:01.275910   IBS - Instruct Based Sampling                           = 0 (0)
00:00:01.275910   XOP - Extended Operation support                        = 0 (0)
00:00:01.275911   SKINIT - SKINIT, STGI, and DEV support                  = 0 (0)
00:00:01.275912   WDT - AMD Watchdog Timer support                        = 0 (1)
00:00:01.275913   LWP - Lightweight Profiling support                     = 0 (0)
00:00:01.275914   FMA4 - Four operand FMA instruction support             = 0 (0)
00:00:01.275914   TCE - Translation Cache Extension support               = 0 (0)
00:00:01.275915   NodeId - NodeId in MSR C001_100C                        = 0 (0)
00:00:01.275916   TBM - Trailing Bit Manipulation instructions            = 0 (0)
00:00:01.275916   TOPOEXT - Topology Extensions                           = 0 (1)
00:00:01.275917   PRFEXTCORE - Performance Counter Extensions support     = 0 (0)
00:00:01.275918   PRFEXTNB - NB Performance Counter Extensions support    = 0 (0)
00:00:01.275919   DATABPEXT - Data-access Breakpoint Extension            = 0 (0)
00:00:01.275919   PERFTSC - Performance Time Stamp Counter                = 0 (0)
00:00:01.275920   PCX_L2I - L2I/L3 Performance Counter Extensions         = 0 (0)
00:00:01.275921   MONITORX - MWAITX and MONITORX instructions             = 0 (0)
00:00:01.275921   AddrMaskExt - BP Addressing masking extended to bit 31  = 0 (0)
00:00:01.275922 Full Name:                       "AMD Ryzen 7 2700X Eight-Core Processor         "
00:00:01.275923 TLB 2/4M Instr/Uni:              fully  64 entries
00:00:01.275923 TLB 2/4M Data:                   fully  64 entries
00:00:01.275924 TLB 4K Instr/Uni:                fully  64 entries
00:00:01.275924 TLB 4K Data:                     fully  64 entries
00:00:01.275925 L1 Instr Cache Line Size:        64 bytes
00:00:01.275925 L1 Instr Cache Lines Per Tag:    1
00:00:01.275925 L1 Instr Cache Associativity:    4 way
00:00:01.275926 L1 Instr Cache Size:             64 KB
00:00:01.275926 L1 Data Cache Line Size:         64 bytes
00:00:01.275926 L1 Data Cache Lines Per Tag:     1
00:00:01.275927 L1 Data Cache Associativity:     8 way
00:00:01.275927 L1 Data Cache Size:              32 KB
00:00:01.275927 L2 TLB 2/4M Instr/Uni:           8 way  1024 entries
00:00:01.275928 L2 TLB 2/4M Data:                2 way  1536 entries
00:00:01.275928 L2 TLB 4K Instr/Uni:             8 way  1024 entries
00:00:01.275929 L2 TLB 4K Data:                  8 way  1536 entries
00:00:01.275929 L2 Cache Line Size:              64 bytes
00:00:01.275929 L2 Cache Lines Per Tag:          1
00:00:01.275929 L2 Cache Associativity:          8 way 
00:00:01.275930 L2 Cache Size:                   512 KB
00:00:01.275931 L3 Cache Line Size:              64 bytes
00:00:01.275932 L3 Cache Lines Per Tag:          1
00:00:01.275932 L3 Cache Associativity:          16 way
00:00:01.275932 L3 Cache Size:                   16384 KB
00:00:01.275933 APM Features EDX
00:00:01.275933   Mnemonic - Description                                  = Guest (Host)
00:00:01.275935   TS - Temperature Sensor                                 = 0 (1)
00:00:01.275936   FID - Frequency ID control                              = 0 (0)
00:00:01.275937   VID - Voltage ID control                                = 0 (0)
00:00:01.275938   TTP - Thermal Trip                                      = 0 (1)
00:00:01.275939   TM - Hardware Thermal Control (HTC)                     = 0 (0)
00:00:01.275939   100MHzSteps - 100 MHz Multiplier control                = 0 (0)
00:00:01.275940   HwPstate - Hardware P-state control                     = 0 (1)
00:00:01.275941   TscInvariant - Invariant Time Stamp Counter             = 1 (1)
00:00:01.275942   CPB - Core Performance Boost                            = 0 (1)
00:00:01.275942   EffFreqRO - Read-only Effective Frequency Interface     = 0 (1)
00:00:01.275943   ProcFdbkIf - Processor Feedback Interface               = 0 (0)
00:00:01.275944   ProcPwrRep - Core power reporting interface support     = 0 (0)
00:00:01.275944   ConnectedStandby - Connected Standby                    = 0 (0)
00:00:01.275945   RAPL - Running average power limit                      = 0 (1)
00:00:01.275946 Ext Features ext IDs EBX
00:00:01.275946   Mnemonic - Description                                  = Guest (Host)
00:00:01.275947   CLZERO - Clear zero instruction (cacheline)             = 0 (1)
00:00:01.275948   IRPerf - Instructions retired count support             = 0 (0)
00:00:01.275949   XSaveErPtr - Save/restore error pointers (FXSAVE/RSTOR) = 0 (1)
00:00:01.275949   INVLPGB - INVLPGB and TLBSYNC instructions              = 0 (0)
00:00:01.275950   RDPRU - RDPRU instruction                               = 0 (0)
00:00:01.275951   BE - Bandwidth Enforcement extension                    = 0 (0)
00:00:01.275951   MCOMMIT - MCOMMIT instruction                           = 0 (0)
00:00:01.275952   WBNOINVD - WBNOINVD instruction                         = 0 (0)
00:00:01.275953   IBPB - Supports the IBPB command in IA32_PRED_CMD       = 0 (0)
00:00:01.275954   INT_WBINVD - WBINVD/WBNOINVD interruptible              = 0 (0)
00:00:01.275954   IBRS - Indirect Branch Restricted Speculation           = 0 (0)
00:00:01.275955   STIBP - Single Thread Indirect Branch Prediction        = 0 (0)
00:00:01.275955   IbrsAlwaysOn - Processor prefers that IBRS be left on   = 0 (0)
00:00:01.275956   StibpAlwaysOn - Processor prefers that STIBP be left on = 0 (0)
00:00:01.275957   IbrsPreferred - IBRS preferred over software solution   = 0 (0)
00:00:01.275957   IbrsSameMode - IBRS limits same mode speculation        = 0 (0)
00:00:01.275958   EferLmsleUnsupported - EFER.LMSLE is unsupported        = 0 (0)
00:00:01.275958   INVLPGBnestedPages - INVLPGB for nested translation     = 0 (0)
00:00:01.275959   PPIN - Protected processor inventory number             = 0 (0)
00:00:01.275960   SSBD - Speculative Store Bypass Disable                 = 0 (0)
00:00:01.275960   SsbdVirtSpecCtrl - Use VIRT_SPEC_CTL for SSBD           = 0 (1)
00:00:01.275961   SsbdNotRequired - SSBD not needed on this processor     = 1 (0)
00:00:01.275962   CPPC - Collaborative Processor Performance Control      = 0 (0)
00:00:01.275962   PSFD - Predictive Store Forward Disable                 = 0 (0)
00:00:01.275963   BTC_NO - Unaffected by branch type confusion            = 0 (0)
00:00:01.275964   IBPB_RET - Clears RA predictor when PRED_CMD.IBPB set   = 0 (0)
00:00:01.275964 Physical Address Width:          48 bits
00:00:01.275965 Virtual Address Width:           48 bits
00:00:01.275965 Guest Physical Address Width:    48 bits (0)
00:00:01.275965 Physical Core Count:             1
00:00:01.275966 APIC ID size:                    1 (0x1)
00:00:01.275966 Performance TSC size:            40 bits
00:00:01.275966 Max page count for INVLPGB:      0x3030
00:00:01.275967 Max ECX for RDPRU:               0x0
00:00:01.275968 ********************* End of CPUID dump *********************
00:00:01.276011 VMEmt: Halt method global1 (5)
00:00:01.276082 VMEmt: HaltedGlobal1 config: cNsSpinBlockThresholdCfg=50000
00:00:01.276090 Changing the VM state from 'CREATING' to 'CREATED'
00:00:01.276997 NAT: DNS settings changed, triggering update
00:00:01.277006 NAT DNS Update: Stored 1263225675 as nameserver #0
00:00:01.277010 NAT DNS Update: Stored 1280068427 as nameserver #1
00:00:01.277013 NAT DNS Update: Stored 2 total nameservers
00:00:01.277279 Changing the VM state from 'CREATED' to 'POWERING_ON'
00:00:01.277476 Changing the VM state from 'POWERING_ON' to 'RUNNING'
00:00:01.277484 Console: Machine state changed to 'Running'
00:00:01.279249 VMMDev: Guest Log: BIOS: VirtualBox 7.2.6
00:00:01.279458 PCI: Setting up resources and interrupts
00:00:01.279616 PIT: mode=2 count=0x10000 (65536) - 18.20 Hz (ch=0)
00:00:01.300146 Display::i_handleDisplayResize: uScreenId=0 pvVRAM=0000000000000000 w=720 h=400 bpp=0 cbLine=0x0 flags=0x0 origin=0,0
00:00:01.300677 VMMDev: Guest Log: CPUID EDX: 0x178bfbbf
00:00:01.300804 PIIX3 ATA: Ctl#0: RESET, DevSel=0 AIOIf=0 CmdIf0=0x00 (-1 usec ago) CmdIf1=0x00 (-1 usec ago)
00:00:01.300837 PIIX3 ATA: Ctl#0: finished processing RESET
00:00:01.301279 VMMDev: Guest Log: BIOS: ata0-0: PCHS=65/16/63 LCHS=65/16/63
00:00:01.339216 PIT: mode=2 count=0x48d3 (18643) - 64.00 Hz (ch=0)
00:00:01.350353 Display::i_handleDisplayResize: uScreenId=0 pvVRAM=000001d8007a0000 w=640 h=480 bpp=32 cbLine=0xA00 flags=0x0 origin=0,0
00:00:01.435791 VBoxHeadless: starting event loop
00:00:03.813565 PIT: mode=2 count=0x10000 (65536) - 18.20 Hz (ch=0)
00:00:03.813798 VMMDev: Guest Log: BIOS: Boot : bseqnr=1, bootseq=0002
00:00:03.814088 VMMDev: Guest Log: BIOS: Booting from Hard Disk...
00:00:03.823030 Display::i_handleDisplayResize: uScreenId=0 pvVRAM=000001d8007a0000 w=640 h=400 bpp=0 cbLine=0x140 flags=0x0 origin=0,0
00:00:03.829826 WasAPI: Looking up or creating cache entry (caching is set to enabled, iface 000001d879336800, async init)
00:00:03.829896 Audio: Warning: Scheduling hint of stream '[WasAPI] Output:0' is bigger (1000ms) than used period size (0ms)
00:00:03.829998 Audio Mixer: Setting sink 'SB16 Mixer/PCM Output' -- channel volumes: ba ba ba ba ba ba ba ba ba ba ba ba
