00:00:00.470398 VirtualBox VM 7.0.10 r158379 win.amd64 (Jul 12 2023 18:34:34) release log
00:00:00.470403 Log opened 2026-04-09T02:01:19.100493500Z
00:00:00.470404 Build Type: release
00:00:00.470409 OS Product: Windows 10
00:00:00.470410 OS Release: 10.0.19045
00:00:00.470411 OS Service Pack: 
00:00:00.542231 DMI Product Name: System Product Name
00:00:00.545347 DMI Product Version: System Version
00:00:00.545359 Firmware type: UEFI
00:00:00.545802 Secure Boot: VERR_PRIVILEGE_NOT_HELD
00:00:00.545821 Host RAM: 32692MB (31.9GB) total, 11852MB (11.5GB) available
00:00:00.545824 Executable: C:\Program Files\Oracle\VirtualBox\VBoxHeadless.exe
00:00:00.545824 Process ID: 42968
00:00:00.545825 Package type: WINDOWS_64BITS_GENERIC
00:00:00.546358 Installed Extension Packs:
00:00:00.546371   None installed!
00:00:00.546982 Console: Machine state changed to 'Starting'
00:00:00.663615 SUP: seg #0: R   0x00000000 LB 0x00001000
00:00:00.663641 SUP: seg #1: R X 0x00001000 LB 0x00179000
00:00:00.663647 SUP: seg #2: R   0x0017a000 LB 0x00051000
00:00:00.663651 SUP: seg #3: RW  0x001cb000 LB 0x00013000
00:00:00.663655 SUP: seg #4: R   0x001de000 LB 0x00011000
00:00:00.663660 SUP: seg #5: RW  0x001ef000 LB 0x00004000
00:00:00.663663 SUP: seg #6: R   0x001f3000 LB 0x00010000
00:00:00.663667 SUP: seg #7: R X 0x00203000 LB 0x00002000
00:00:00.663670 SUP: seg #8: R   0x00205000 LB 0x00007000
00:00:00.667344 SUP: Loaded VMMR0.r0 (C:\Program Files\Oracle\VirtualBox/VMMR0.r0) at 0xXXXXXXXXXXXXXXXX - ModuleInit at XXXXXXXXXXXXXXXX and ModuleTerm at XXXXXXXXXXXXXXXX using the native ring-0 loader
00:00:00.667394 SUP: VMMR0EntryEx located at XXXXXXXXXXXXXXXX and VMMR0EntryFast at XXXXXXXXXXXXXXXX
00:00:00.667399 SUP: windbg> .reload /f C:\Program Files\Oracle\VirtualBox/VMMR0.r0=0xXXXXXXXXXXXXXXXX
00:00:00.670947 Guest OS type: 'Other'
00:00:00.671579 fHMForced=true - No raw-mode support in this build!
00:00:00.673938 File system of 'C:\Users\RhythmicCarnage\Desktop\CyberStorm\build\cyberstorm.vfd' (Floppy) is ntfs
00:00:00.677936 Audio: Detected default audio driver type is 'HostAudioWas'
00:00:00.697035 Shared Clipboard: Service loaded
00:00:00.697054 Shared Clipboard: Mode: Off
00:00:00.697104 Shared Clipboard: Service running in headless mode
00:00:00.713566 Drag and drop service loaded
00:00:00.713582 Drag and drop mode: Off
00:00:00.875165 ************************* CFGM dump *************************
00:00:00.875170 [/] (level 0)
00:00:00.875172   CpuExecutionCap   <integer> = 0x0000000000000064 (100)
00:00:00.875173   EnablePAE         <integer> = 0x0000000000000001 (1)
00:00:00.875174   HMEnabled         <integer> = 0x0000000000000001 (1)
00:00:00.875175   MemBalloonSize    <integer> = 0x0000000000000000 (0, 0 B)
00:00:00.875179   Name              <string>  = "CyberStorm" (cb=11)
00:00:00.875180   NumCPUs           <integer> = 0x0000000000000001 (1)
00:00:00.875180   PageFusionAllowed <integer> = 0x0000000000000000 (0)
00:00:00.875181   RamHoleSize       <integer> = 0x0000000020000000 (536 870 912, 512.0 MiB)
00:00:00.875182   RamSize           <integer> = 0x0000000002000000 (33 554 432, 32.0 MiB)
00:00:00.875184   TimerMillies      <integer> = 0x000000000000000a (10)
00:00:00.875184   UUID              <bytes>   = "75 b0 7c df 1a 2f 71 4b 85 ae ff 02 41 ab ec 31" (cb=16)
00:00:00.875188 
00:00:00.875189 [/CPUM/] (level 1)
00:00:00.875190   Enable64bit        <integer> = 0x0000000000000000 (0)
00:00:00.875190   GuestCpuName       <string>  = "host" (cb=5)
00:00:00.875191   NestedHWVirt       <integer> = 0x0000000000000000 (0)
00:00:00.875192   PortableCpuIdLevel <integer> = 0x0000000000000000 (0)
00:00:00.875192   SpecCtrl           <integer> = 0x0000000000000000 (0)
00:00:00.875193 
00:00:00.875193 [/CPUM/IsaExts/] (level 2)
00:00:00.875194 
00:00:00.875194 [/DBGC/] (level 1)
00:00:00.875195   GlobalInitScript <string>  = "C:\Users\RhythmicCarnage\.VirtualBox/dbgc-init" (cb=47)
00:00:00.875196   HistoryFile      <string>  = "C:\Users\RhythmicCarnage\.VirtualBox/dbgc-history" (cb=50)
00:00:00.875197   LocalInitScript  <string>  = "C:\Users\RhythmicCarnage\Desktop\CyberStorm\deploy\virtualbox\CyberStorm/dbgc-init" (cb=83)
00:00:00.875197 
00:00:00.875197 [/DBGF/] (level 1)
00:00:00.875198   Path <string>  = "C:\Users\RhythmicCarnage\Desktop\CyberStorm\deploy\virtualbox\CyberStorm/debug/;C:\Users\RhythmicCarnage\Desktop\CyberStorm\deploy\virtualbox\CyberStorm/;cache*C:\Users\RhythmicCarnage\Desktop\CyberStorm\deploy\virtualbox\CyberStorm/dbgcache/;C:\Users\RhythmicCarnage\" (cb=269)
00:00:00.875199 
00:00:00.875199 [/Devices/] (level 1)
00:00:00.875200 
00:00:00.875200 [/Devices/3c501/] (level 2)
00:00:00.875201 
00:00:00.875201 [/Devices/8237A/] (level 2)
00:00:00.875202 
00:00:00.875202 [/Devices/8237A/0/] (level 3)
00:00:00.875203   Trusted <integer> = 0x0000000000000001 (1)
00:00:00.875204 
00:00:00.875204 [/Devices/VMMDev/] (level 2)
00:00:00.875205 
00:00:00.875205 [/Devices/VMMDev/0/] (level 3)
00:00:00.875207   PCIBusNo      <integer> = 0x0000000000000000 (0)
00:00:00.875207   PCIDeviceNo   <integer> = 0x0000000000000004 (4)
00:00:00.875208   PCIFunctionNo <integer> = 0x0000000000000000 (0)
00:00:00.875209   Trusted       <integer> = 0x0000000000000001 (1)
00:00:00.875209 
00:00:00.875209 [/Devices/VMMDev/0/Config/] (level 4)
00:00:00.875211   GuestCoreDumpDir <string>  = "C:\Users\RhythmicCarnage\Desktop\CyberStorm\deploy\virtualbox\CyberStorm\Snapshots" (cb=83)
00:00:00.875211 
00:00:00.875212 [/Devices/VMMDev/0/LUN#0/] (level 4)
00:00:00.875213   Driver <string>  = "HGCM" (cb=5)
00:00:00.875213 
00:00:00.875213 [/Devices/VMMDev/0/LUN#0/Config/] (level 5)
00:00:00.875214 
00:00:00.875215 [/Devices/VMMDev/0/LUN#999/] (level 4)
00:00:00.875216   Driver <string>  = "MainStatus" (cb=11)
00:00:00.875216 
00:00:00.875216 [/Devices/VMMDev/0/LUN#999/Config/] (level 5)
00:00:00.875218   First                <integer> = 0x0000000000000000 (0)
00:00:00.875218   HasMediumAttachments <integer> = 0x0000000000000000 (0)
00:00:00.875219   Last                 <integer> = 0x0000000000000000 (0)
00:00:00.875220   iLedSet              <integer> = 0x0000000000000003 (3)
00:00:00.875221 
00:00:00.875221 [/Devices/acpi/] (level 2)
00:00:00.875222 
00:00:00.875222 [/Devices/acpi/0/] (level 3)
00:00:00.875223   PCIBusNo      <integer> = 0x0000000000000000 (0)
00:00:00.875223   PCIDeviceNo   <integer> = 0x0000000000000007 (7)
00:00:00.875224   PCIFunctionNo <integer> = 0x0000000000000000 (0)
00:00:00.875224   Trusted       <integer> = 0x0000000000000001 (1)
00:00:00.875225 
00:00:00.875225 [/Devices/acpi/0/Config/] (level 4)
00:00:00.875227   CpuHotPlug          <integer> = 0x0000000000000000 (0)
00:00:00.875227   FdcEnabled          <integer> = 0x0000000000000001 (1)
00:00:00.875228   HostBusPciAddress   <integer> = 0x0000000000000000 (0)
00:00:00.875229   HpetEnabled         <integer> = 0x0000000000000000 (0)
00:00:00.875229   IOAPIC              <integer> = 0x0000000000000000 (0)
00:00:00.875230   IocPciAddress       <integer> = 0x0000000000010000 (65 536)
00:00:00.875231   NumCPUs             <integer> = 0x0000000000000001 (1)
00:00:00.875231   Parallel0IoPortBase <integer> = 0x0000000000000000 (0)
00:00:00.875232   Parallel0Irq        <integer> = 0x0000000000000000 (0)
00:00:00.875233   Parallel1IoPortBase <integer> = 0x0000000000000000 (0)
00:00:00.875233   Parallel1Irq        <integer> = 0x0000000000000000 (0)
00:00:00.875234   Serial0IoPortBase   <integer> = 0x0000000000000000 (0)
00:00:00.875234   Serial0Irq          <integer> = 0x0000000000000000 (0)
00:00:00.875235   Serial1IoPortBase   <integer> = 0x0000000000000000 (0)
00:00:00.875236   Serial1Irq          <integer> = 0x0000000000000000 (0)
00:00:00.875236   ShowCpu             <integer> = 0x0000000000000000 (0)
00:00:00.875237   ShowRtc             <integer> = 0x0000000000000000 (0)
00:00:00.875238   SmcEnabled          <integer> = 0x0000000000000000 (0)
00:00:00.875238 
00:00:00.875238 [/Devices/acpi/0/LUN#0/] (level 4)
00:00:00.875239   Driver <string>  = "ACPIHost" (cb=9)
00:00:00.875240 
00:00:00.875240 [/Devices/acpi/0/LUN#0/Config/] (level 5)
00:00:00.875241 
00:00:00.875242 [/Devices/apic/] (level 2)
00:00:00.875243 
00:00:00.875243 [/Devices/apic/0/] (level 3)
00:00:00.875244   Trusted <integer> = 0x0000000000000001 (1)
00:00:00.875244 
00:00:00.875244 [/Devices/apic/0/Config/] (level 4)
00:00:00.875246   IOAPIC  <integer> = 0x0000000000000000 (0)
00:00:00.875246   Mode    <integer> = 0x0000000000000002 (2)
00:00:00.875247   NumCPUs <integer> = 0x0000000000000001 (1)
00:00:00.875247 
00:00:00.875247 [/Devices/dp8390/] (level 2)
00:00:00.875248 
00:00:00.875248 [/Devices/e1000/] (level 2)
00:00:00.875249 
00:00:00.875249 [/Devices/i82078/] (level 2)
00:00:00.875250 
00:00:00.875250 [/Devices/i82078/0/] (level 3)
00:00:00.875251   Trusted <integer> = 0x0000000000000001 (1)
00:00:00.875252 
00:00:00.875252 [/Devices/i82078/0/Config/] (level 4)
00:00:00.875253   DMA       <integer> = 0x0000000000000002 (2)
00:00:00.875254   IOBase    <integer> = 0x00000000000003f0 (1 008)
00:00:00.875255   IRQ       <integer> = 0x0000000000000006 (6)
00:00:00.875255   MemMapped <integer> = 0x0000000000000000 (0)
00:00:00.875256 
00:00:00.875256 [/Devices/i82078/0/LUN#0/] (level 4)
00:00:00.875257   Driver <string>  = "VD" (cb=3)
00:00:00.875258 
00:00:00.875258 [/Devices/i82078/0/LUN#0/Config/] (level 5)
00:00:00.875259   Format        <string>  = "RAW" (cb=4)
00:00:00.875260   MaybeReadOnly <integer> = 0x0000000000000001 (1)
00:00:00.875260   Mountable     <integer> = 0x0000000000000001 (1)
00:00:00.875261   Path          <string>  = "C:\Users\RhythmicCarnage\Desktop\CyberStorm\build\cyberstorm.vfd" (cb=65)
00:00:00.875262   Type          <string>  = "Floppy 1.44" (cb=12)
00:00:00.875262 
00:00:00.875263 [/Devices/i82078/0/LUN#999/] (level 4)
00:00:00.875264   Driver <string>  = "MainStatus" (cb=11)
00:00:00.875264 
00:00:00.875264 [/Devices/i82078/0/LUN#999/Config/] (level 5)
00:00:00.875266   DeviceInstance       <string>  = "i82078/0" (cb=9)
00:00:00.875266   First                <integer> = 0x0000000000000000 (0)
00:00:00.875267   HasMediumAttachments <integer> = 0x0000000000000001 (1)
00:00:00.875268   Last                 <integer> = 0x0000000000000001 (1)
00:00:00.875268   iLedSet              <integer> = 0x0000000000000001 (1)
00:00:00.875269 
00:00:00.875269 [/Devices/i8254/] (level 2)
00:00:00.875270 
00:00:00.875270 [/Devices/i8254/0/] (level 3)
00:00:00.875271 
00:00:00.875271 [/Devices/i8254/0/Config/] (level 4)
00:00:00.875272 
00:00:00.875273 [/Devices/i8259/] (level 2)
00:00:00.875273 
00:00:00.875274 [/Devices/i8259/0/] (level 3)
00:00:00.875274   Trusted <integer> = 0x0000000000000001 (1)
00:00:00.875275 
00:00:00.875275 [/Devices/i8259/0/Config/] (level 4)
00:00:00.875276 
00:00:00.875277 [/Devices/mc146818/] (level 2)
00:00:00.875277 
00:00:00.875277 [/Devices/mc146818/0/] (level 3)
00:00:00.875278 
00:00:00.875278 [/Devices/mc146818/0/Config/] (level 4)
00:00:00.875280   UseUTC <integer> = 0x0000000000000000 (0)
00:00:00.875280 
00:00:00.875280 [/Devices/parallel/] (level 2)
00:00:00.875281 
00:00:00.875281 [/Devices/pcarch/] (level 2)
00:00:00.875282 
00:00:00.875282 [/Devices/pcarch/0/] (level 3)
00:00:00.875283   Trusted <integer> = 0x0000000000000001 (1)
00:00:00.875284 
00:00:00.875284 [/Devices/pcarch/0/Config/] (level 4)
00:00:00.875285 
00:00:00.875285 [/Devices/pcbios/] (level 2)
00:00:00.875286 
00:00:00.875286 [/Devices/pcbios/0/] (level 3)
00:00:00.875287   Trusted <integer> = 0x0000000000000001 (1)
00:00:00.875288 
00:00:00.875288 [/Devices/pcbios/0/Config/] (level 4)
00:00:00.875289   APIC           <integer> = 0x0000000000000001 (1)
00:00:00.875290   BootDevice0    <string>  = "FLOPPY" (cb=7)
00:00:00.875291   BootDevice1    <string>  = "NONE" (cb=5)
00:00:00.875291   BootDevice2    <string>  = "NONE" (cb=5)
00:00:00.875292   BootDevice3    <string>  = "NONE" (cb=5)
00:00:00.875292   FloppyDevice   <string>  = "i82078" (cb=7)
00:00:00.875293   HardDiskDevice <string>  = "piix3ide" (cb=9)
00:00:00.875293   IOAPIC         <integer> = 0x0000000000000000 (0)
00:00:00.875294   McfgBase       <integer> = 0x0000000000000000 (0)
00:00:00.875295   McfgLength     <integer> = 0x0000000000000000 (0)
00:00:00.875295   NumCPUs        <integer> = 0x0000000000000001 (1)
00:00:00.875296   PXEDebug       <integer> = 0x0000000000000000 (0)
00:00:00.875297   UUID           <bytes>   = "75 b0 7c df 1a 2f 71 4b 85 ae ff 02 41 ab ec 31" (cb=16)
00:00:00.875299   UuidLe         <integer> = 0x0000000000000001 (1)
00:00:00.875299 
00:00:00.875299 [/Devices/pcbios/0/Config/NetBoot/] (level 5)
00:00:00.875301 
00:00:00.875301 [/Devices/pcbios/0/Config/NetBoot/0/] (level 6)
00:00:00.875302   NIC           <integer> = 0x0000000000000000 (0)
00:00:00.875303   PCIBusNo      <integer> = 0x0000000000000000 (0)
00:00:00.875304   PCIDeviceNo   <integer> = 0x0000000000000003 (3)
00:00:00.875304   PCIFunctionNo <integer> = 0x0000000000000000 (0)
00:00:00.875305 
00:00:00.875305 [/Devices/pci/] (level 2)
00:00:00.875306 
00:00:00.875306 [/Devices/pci/0/] (level 3)
00:00:00.875307   Trusted <integer> = 0x0000000000000001 (1)
00:00:00.875308 
00:00:00.875308 [/Devices/pci/0/Config/] (level 4)
00:00:00.875309   IOAPIC <integer> = 0x0000000000000000 (0)
00:00:00.875310 
00:00:00.875310 [/Devices/pcibridge/] (level 2)
00:00:00.875311 
00:00:00.875311 [/Devices/pckbd/] (level 2)
00:00:00.875312 
00:00:00.875312 [/Devices/pckbd/0/] (level 3)
00:00:00.875313   Trusted <integer> = 0x0000000000000001 (1)
00:00:00.875314 
00:00:00.875314 [/Devices/pckbd/0/Config/] (level 4)
00:00:00.875315 
00:00:00.875315 [/Devices/pckbd/0/LUN#0/] (level 4)
00:00:00.875316   Driver <string>  = "KeyboardQueue" (cb=14)
00:00:00.875317 
00:00:00.875317 [/Devices/pckbd/0/LUN#0/AttachedDriver/] (level 5)
00:00:00.875318   Driver <string>  = "MainKeyboard" (cb=13)
00:00:00.875319 
00:00:00.875319 [/Devices/pckbd/0/LUN#0/Config/] (level 5)
00:00:00.875320   QueueSize <integer> = 0x0000000000000040 (64, 64 B)
00:00:00.875321 
00:00:00.875321 [/Devices/pckbd/0/LUN#1/] (level 4)
00:00:00.875322   Driver <string>  = "MouseQueue" (cb=11)
00:00:00.875323 
00:00:00.875323 [/Devices/pckbd/0/LUN#1/AttachedDriver/] (level 5)
00:00:00.875324   Driver <string>  = "MainMouse" (cb=10)
00:00:00.875325 
00:00:00.875325 [/Devices/pckbd/0/LUN#1/Config/] (level 5)
00:00:00.875326   QueueSize <integer> = 0x0000000000000080 (128, 128 B)
00:00:00.875327 
00:00:00.875327 [/Devices/pcnet/] (level 2)
00:00:00.875328 
00:00:00.875328 [/Devices/pcnet/0/] (level 3)
00:00:00.875329   PCIBusNo      <integer> = 0x0000000000000000 (0)
00:00:00.875330   PCIDeviceNo   <integer> = 0x0000000000000003 (3)
00:00:00.875331   PCIFunctionNo <integer> = 0x0000000000000000 (0)
00:00:00.875331   Trusted       <integer> = 0x0000000000000001 (1)
00:00:00.875332 
00:00:00.875332 [/Devices/pcnet/0/Config/] (level 4)
00:00:00.875333   CableConnected <integer> = 0x0000000000000001 (1)
00:00:00.875334   ChipType       <string>  = "Am79C973" (cb=9)
00:00:00.875335   LineSpeed      <integer> = 0x0000000000000000 (0)
00:00:00.875335   MAC            <bytes>   = "08 00 27 7d 6e 85" (cb=6)
00:00:00.875337 
00:00:00.875337 [/Devices/pcnet/0/LUN#0/] (level 4)
00:00:00.875338   Driver <string>  = "NAT" (cb=4)
00:00:00.875338 
00:00:00.875338 [/Devices/pcnet/0/LUN#0/Config/] (level 5)
00:00:00.875340   AliasMode          <integer> = 0x0000000000000000 (0)
00:00:00.875341   BootFile           <string>  = "CyberStorm.pxe" (cb=15)
00:00:00.875341   DNSProxy           <integer> = 0x0000000000000000 (0)
00:00:00.875342   LocalhostReachable <integer> = 0x0000000000000001 (1)
00:00:00.875343   Network            <string>  = "10.0.2.0/24" (cb=12)
00:00:00.875343   PassDomain         <integer> = 0x0000000000000001 (1)
00:00:00.875344   TFTPPrefix         <string>  = "C:\Users\RhythmicCarnage\.VirtualBox\TFTP" (cb=42)
00:00:00.875345   UseHostResolver    <integer> = 0x0000000000000000 (0)
00:00:00.875345 
00:00:00.875345 [/Devices/pcnet/0/LUN#999/] (level 4)
00:00:00.875346   Driver <string>  = "MainStatus" (cb=11)
00:00:00.875347 
00:00:00.875347 [/Devices/pcnet/0/LUN#999/Config/] (level 5)
00:00:00.875352   First                <integer> = 0x0000000000000000 (0)
00:00:00.875353   HasMediumAttachments <integer> = 0x0000000000000000 (0)
00:00:00.875354   Last                 <integer> = 0x0000000000000000 (0)
00:00:00.875355   iLedSet              <integer> = 0x0000000000000002 (2)
00:00:00.875355 
00:00:00.875356 [/Devices/sb16/] (level 2)
00:00:00.875356 
00:00:00.875357 [/Devices/sb16/0/] (level 3)
00:00:00.875357   Trusted <integer> = 0x0000000000000001 (1)
00:00:00.875358 
00:00:00.875358 [/Devices/sb16/0/AudioConfig/] (level 4)
00:00:00.875359 
00:00:00.875359 [/Devices/sb16/0/Config/] (level 4)
00:00:00.875360   DMA          <integer> = 0x0000000000000001 (1)
00:00:00.875361   DMA16        <integer> = 0x0000000000000005 (5)
00:00:00.875362   DebugEnabled <integer> = 0x0000000000000000 (0)
00:00:00.875362   IRQ          <integer> = 0x0000000000000005 (5)
00:00:00.875363   Port         <integer> = 0x0000000000000220 (544)
00:00:00.875364   Version      <integer> = 0x0000000000000405 (1 029)
00:00:00.875365 
00:00:00.875365 [/Devices/sb16/0/LUN#0/] (level 4)
00:00:00.875366   Driver <string>  = "AUDIO" (cb=6)
00:00:00.875366 
00:00:00.875367 [/Devices/sb16/0/LUN#0/AttachedDriver/] (level 5)
00:00:00.875368   Driver <string>  = "HostAudioWas" (cb=13)
00:00:00.875368 
00:00:00.875369 [/Devices/sb16/0/LUN#0/AttachedDriver/Config/] (level 6)
00:00:00.875370   VmName <string>  = "CyberStorm" (cb=11)
00:00:00.875370   VmUuid <string>  = "df7cb075-2f1a-4b71-85ae-ff0241abec31" (cb=37)
00:00:00.875371 
00:00:00.875371 [/Devices/sb16/0/LUN#0/Config/] (level 5)
00:00:00.875372   DriverName    <string>  = "HostAudioWas" (cb=13)
00:00:00.875373   InputEnabled  <integer> = 0x0000000000000000 (0)
00:00:00.875374   OutputEnabled <integer> = 0x0000000000000001 (1)
00:00:00.875374 
00:00:00.875374 [/Devices/sb16/0/LUN#1/] (level 4)
00:00:00.875375   Driver <string>  = "AUDIO" (cb=6)
00:00:00.875376 
00:00:00.875376 [/Devices/sb16/0/LUN#2/] (level 4)
00:00:00.875377   Driver <string>  = "AUDIO" (cb=6)
00:00:00.875378 
00:00:00.875378 [/Devices/serial/] (level 2)
00:00:00.875379 
00:00:00.875379 [/Devices/vga/] (level 2)
00:00:00.875380 
00:00:00.875380 [/Devices/vga/0/] (level 3)
00:00:00.875381   PCIBusNo      <integer> = 0x0000000000000000 (0)
00:00:00.875381   PCIDeviceNo   <integer> = 0x0000000000000002 (2)
00:00:00.875382   PCIFunctionNo <integer> = 0x0000000000000000 (0)
00:00:00.875383   Trusted       <integer> = 0x0000000000000001 (1)
00:00:00.875383 
00:00:00.875383 [/Devices/vga/0/Config/] (level 4)
00:00:00.875385   3DEnabled        <integer> = 0x0000000000000000 (0)
00:00:00.875385   CustomVideoModes <integer> = 0x0000000000000000 (0)
00:00:00.875386   FadeIn           <integer> = 0x0000000000000001 (1)
00:00:00.875387   FadeOut          <integer> = 0x0000000000000001 (1)
00:00:00.875387   HeightReduction  <integer> = 0x0000000000000000 (0)
00:00:00.875388   LogoFile         <string>  = "" (cb=1)
00:00:00.875388   LogoTime         <integer> = 0x0000000000000000 (0)
00:00:00.875389   MonitorCount     <integer> = 0x0000000000000001 (1)
00:00:00.875390   ShowBootMenu     <integer> = 0x0000000000000002 (2)
00:00:00.875390   VRamSize         <integer> = 0x0000000000800000 (8 388 608, 8.0 MiB)
00:00:00.875391 
00:00:00.875391 [/Devices/vga/0/LUN#0/] (level 4)
00:00:00.875392   Driver <string>  = "MainDisplay" (cb=12)
00:00:00.875393 
00:00:00.875393 [/Devices/vga/0/LUN#0/Config/] (level 5)
00:00:00.875394 
00:00:00.875394 [/Devices/vga/0/LUN#999/] (level 4)
00:00:00.875395   Driver <string>  = "MainStatus" (cb=11)
00:00:00.875396 
00:00:00.875396 [/Devices/vga/0/LUN#999/Config/] (level 5)
00:00:00.875397   First                <integer> = 0x0000000000000000 (0)
00:00:00.875398   HasMediumAttachments <integer> = 0x0000000000000000 (0)
00:00:00.875398   Last                 <integer> = 0x0000000000000000 (0)
00:00:00.875399   iLedSet              <integer> = 0x0000000000000000 (0)
00:00:00.875400 
00:00:00.875400 [/Devices/virtio-net/] (level 2)
00:00:00.875401 
00:00:00.875401 [/EM/] (level 1)
00:00:00.875402   TripleFaultReset <integer> = 0x0000000000000000 (0)
00:00:00.875402 
00:00:00.875403 [/GCM/] (level 1)
00:00:00.875403   FixerSet <integer> = 0x0000000000000000 (0)
00:00:00.875404 
00:00:00.875404 [/GIM/] (level 1)
00:00:00.875405   Provider <string>  = "None" (cb=5)
00:00:00.875406 
00:00:00.875406 [/HM/] (level 1)
00:00:00.875407   64bitEnabled        <integer> = 0x0000000000000000 (0)
00:00:00.875408   EnableLargePages    <integer> = 0x0000000000000001 (1)
00:00:00.875409   EnableNestedPaging  <integer> = 0x0000000000000001 (1)
00:00:00.875409   EnableUX            <integer> = 0x0000000000000001 (1)
00:00:00.875410   EnableVPID          <integer> = 0x0000000000000001 (1)
00:00:00.875411   Exclusive           <integer> = 0x0000000000000000 (0)
00:00:00.875411   HMForced            <integer> = 0x0000000000000001 (1)
00:00:00.875412   IBPBOnVMEntry       <integer> = 0x0000000000000000 (0)
00:00:00.875413   IBPBOnVMExit        <integer> = 0x0000000000000000 (0)
00:00:00.875413   L1DFlushOnSched     <integer> = 0x0000000000000001 (1)
00:00:00.875414   L1DFlushOnVMEntry   <integer> = 0x0000000000000000 (0)
00:00:00.875414   MDSClearOnSched     <integer> = 0x0000000000000001 (1)
00:00:00.875415   MDSClearOnVMEntry   <integer> = 0x0000000000000000 (0)
00:00:00.875415   SpecCtrlByHost      <integer> = 0x0000000000000000 (0)
00:00:00.875416   SvmVirtVmsaveVmload <integer> = 0x0000000000000000 (0)
00:00:00.875417   UseNEMInstead       <integer> = 0x0000000000000000 (0)
00:00:00.875417 
00:00:00.875417 [/MM/] (level 1)
00:00:00.875418   CanUseLargerHeap <integer> = 0x0000000000000000 (0)
00:00:00.875419 
00:00:00.875419 [/NEM/] (level 1)
00:00:00.875420   Allow64BitGuests <integer> = 0x0000000000000000 (0)
00:00:00.875420 
00:00:00.875420 [/PDM/] (level 1)
00:00:00.875421 
00:00:00.875421 [/PDM/AsyncCompletion/] (level 2)
00:00:00.875422 
00:00:00.875422 [/PDM/AsyncCompletion/File/] (level 3)
00:00:00.875423 
00:00:00.875423 [/PDM/AsyncCompletion/File/BwGroups/] (level 4)
00:00:00.875424 
00:00:00.875425 [/PDM/BlkCache/] (level 2)
00:00:00.875425   CacheSize <integer> = 0x0000000000500000 (5 242 880, 5.0 MiB)
00:00:00.875426 
00:00:00.875426 [/PDM/Devices/] (level 2)
00:00:00.875427 
00:00:00.875427 [/PDM/Drivers/] (level 2)
00:00:00.875428 
00:00:00.875428 [/PDM/Drivers/VBoxC/] (level 3)
00:00:00.875429   Path <string>  = "VBoxC" (cb=6)
00:00:00.875430 
00:00:00.875430 [/PDM/NetworkShaper/] (level 2)
00:00:00.875431 
00:00:00.875431 [/PDM/NetworkShaper/BwGroups/] (level 3)
00:00:00.875432 
00:00:00.875432 [/TM/] (level 1)
00:00:00.875433   UTCOffset <integer> = 0x0000000000000000 (0)
00:00:00.875433 
00:00:00.875434 ********************* End of CFGM dump **********************
00:00:00.875499 HM: HMR3Init: Attempting fall back to NEM: AMD-V is not available
00:00:00.937725 NEM:  info: Found optional import WinHvPlatform.dll!WHvQueryGpaRangeDirtyBitmap.
00:00:00.937753 NEM:  info: Found optional import vid.dll!VidGetHvPartitionId.
00:00:00.937758 NEM:  info: Found optional import vid.dll!VidGetPartitionProperty.
00:00:00.937860 NEM: WHvCapabilityCodeHypervisorPresent is TRUE, so this might work...
00:00:00.937866 NEM: WHvCapabilityCodeExtendedVmExits      = 0x00000000000003ff
00:00:00.937873 NEM:                       fExtendedMsrExit: 1
00:00:00.937876 NEM:                     fExtendedCpuIdExit: 1
00:00:00.937880 NEM:                      fExtendedXcptExit: 1
00:00:00.937884 NEM: Warning! Unknown VM exit definitions: 0x3ff
00:00:00.937887 NEM: Warning! Unknown feature definitions: 0x7f
00:00:00.937891 NEM: Supported exception exit bitmap: 0xf7dfb
00:00:00.937898 NEM: WHvCapabilityCodeProcessorVendor      = 0 - AMD
00:00:00.937906 NEM: WHvCapabilityCodeProcessorFeatures    = 0x000006cb66f39fbf
00:00:00.937911 NEM:                            Sse3Support: 1
00:00:00.937922 NEM:                        LahfSahfSupport: 1
00:00:00.937927 NEM:                           Ssse3Support: 1
00:00:00.937931 NEM:                          Sse4_1Support: 1
00:00:00.937934 NEM:                          Sse4_2Support: 1
00:00:00.937938 NEM:                           Sse4aSupport: 1
00:00:00.937941 NEM:                             XopSupport: 0
00:00:00.937944 NEM:                          PopCntSupport: 1
00:00:00.937947 NEM:                      Cmpxchg16bSupport: 1
00:00:00.937951 NEM:                       Altmovcr8Support: 1
00:00:00.937955 NEM:                           LzcntSupport: 1
00:00:00.937958 NEM:                     MisAlignSseSupport: 1
00:00:00.937962 NEM:                          MmxExtSupport: 1
00:00:00.937965 NEM:                        Amd3DNowSupport: 0
00:00:00.937969 NEM:                ExtendedAmd3DNowSupport: 0
00:00:00.937972 NEM:                         Page1GbSupport: 1
00:00:00.937975 NEM:                             AesSupport: 1
00:00:00.937979 NEM:                       PclmulqdqSupport: 1
00:00:00.937982 NEM:                            PcidSupport: 0
00:00:00.937985 NEM:                            Fma4Support: 0
00:00:00.937989 NEM:                            F16CSupport: 1
00:00:00.937992 NEM:                          RdRandSupport: 1
00:00:00.937995 NEM:                        RdWrFsGsSupport: 1
00:00:00.937998 NEM:                            SmepSupport: 1
00:00:00.938002 NEM:              EnhancedFastStringSupport: 0
00:00:00.938005 NEM:                            Bmi1Support: 1
00:00:00.938008 NEM:                            Bmi2Support: 1
00:00:00.938011 NEM:                           MovbeSupport: 1
00:00:00.938015 NEM:                          Npiep1Support: 1
00:00:00.938018 NEM:                   DepX87FPUSaveSupport: 0
00:00:00.938021 NEM:                          RdSeedSupport: 1
00:00:00.938024 NEM:                             AdxSupport: 1
00:00:00.938027 NEM:                   IntelPrefetchSupport: 0
00:00:00.938030 NEM:                            SmapSupport: 1
00:00:00.938034 NEM:                             HleSupport: 0
00:00:00.938037 NEM:                             RtmSupport: 0
00:00:00.938041 NEM:                          RdtscpSupport: 1
00:00:00.938044 NEM:                      ClflushoptSupport: 1
00:00:00.938047 NEM:                            ClwbSupport: 0
00:00:00.938050 NEM:                             ShaSupport: 1
00:00:00.938054 NEM:                X87PointersSavedSupport: 1
00:00:00.938060 NEM: WHvCapabilityCodeProcessorClFlushSize = 2^8
00:00:00.938065 NEM: Warning! Unknown capability 0x4 returning: 3f 00 00 00 00 00 00 00 00 00 00 00 00 00 00 00 00 00 00 00 00 00 00 00
00:00:00.938612 NEM: Warning! Unknown capability 0x1003 returning: 1f 38 00 00 00 00 00 00 00 00 00 00 00 00 00 00 00 00 00 00 00 00 00 00
00:00:00.938626 NEM: Warning! Unknown capability 0x1004 returning: cd 76 82 e2 00 00 00 00 00 00 00 00 00 00 00 00 00 00 00 00 00 00 00 00
00:00:00.938632 NEM: Warning! Unknown capability 0x1005 returning: 00 c2 eb 0b 00 00 00 00 00 00 00 00 00 00 00 00 00 00 00 00 00 00 00 00
00:00:00.938637 NEM: Warning! Unknown capability 0x1006 returning: 02 00 00 00 00 00 00 00 bf 9f f3 66 cb 06 00 00 04 00 00 00 00 00 00 00
00:00:00.939392 NEM: Created partition 000001752fab9760.
00:00:00.939463 NEM:
00:00:00.939464 NEM: NEMR3Init: Snail execution mode is active!
00:00:00.939464 NEM: Note! VirtualBox is not able to run at its full potential in this execution mode.
00:00:00.939464 NEM:       To see VirtualBox run at max speed you need to disable all Windows features
00:00:00.939464 NEM:       making use of Hyper-V.  That is a moving target, so google how and carefully
00:00:00.939464 NEM:       consider the consequences of disabling these features.
00:00:00.939465 NEM:
00:00:00.939492 CPUM: No hardware-virtualization capability detected
00:00:00.939496 CPUM: fXStateHostMask=0x7; initial: 0x7; host XCR0=0x7
00:00:00.942120 CPUM: Matched host CPU AMD 0x17/0x8/0x2 AMD_Zen_Ryzen with CPU DB entry 'AMD Ryzen 7 1800X Eight-Core' (AMD 0x17/0x1/0x1 AMD_Zen_Ryzen)
00:00:00.948696 CPUM: MXCSR_MASK=0x2ffff (host: 0x2ffff)
00:00:00.948741 CPUM: Microcode revision 0x08008202
00:00:00.948758 CPUM: MSR fudge: 0x00000001 IA32_P5_MC_TYPE
00:00:00.948764 CPUM: MSR fudge: 0x00000017 IA32_PLATFORM_ID
00:00:00.948816 CPUM: MSR fudge: 0x0000001b IA32_APIC_BASE
00:00:00.948821 CPUM: MSR fudge: 0x0000008b BIOS_SIGN
00:00:00.948824 CPUM: MSR fudge: 0x000000fe IA32_MTRRCAP
00:00:00.948828 CPUM: MSR fudge: 0x00000179 IA32_MCG_CAP
00:00:00.948831 CPUM: MSR fudge: 0x0000017a IA32_MCG_STATUS
00:00:00.948835 CPUM: MSR fudge: 0x000001a0 IA32_MISC_ENABLE
00:00:00.948851 CPUM: MSR fudge: 0x000001d9 IA32_DEBUGCTL
00:00:00.948855 CPUM: MSR fudge: 0x000001db P6_LAST_BRANCH_FROM_IP
00:00:00.948858 CPUM: MSR fudge: 0x000001dc P6_LAST_BRANCH_TO_IP
00:00:00.948861 CPUM: MSR fudge: 0x000001dd P6_LAST_INT_FROM_IP
00:00:00.948864 CPUM: MSR fudge: 0x000001de P6_LAST_INT_TO_IP
00:00:00.948868 CPUM: MSR fudge: 0x00000277 IA32_PAT
00:00:00.948871 CPUM: MSR fudge: 0x000002ff IA32_MTRR_DEF_TYPE
00:00:00.948887 CPUM: MSR fudge: 0x00000400 IA32_MCi_CTL_STATUS_ADDR_MISC
00:00:00.948904 CPUM: MSR fudge: 0x0000002c P4_EBC_FREQUENCY_ID
00:00:00.948921 CPUM: MSR fudge: 0xc0000103 AMD64_TSC_AUX
00:00:00.949027 CPUM: SetGuestCpuIdFeature: Enabled PAE
00:00:00.949033 CPUM: Set SSBD not required flag for AMD to work around some buggy Linux kernels!
00:00:00.958584 NEM: HvPartitionPropertyProcessorVendor=0x0 (0)
00:00:00.958626 NEM: Successfully set up partition (device handle 0000000000000d18, partition ID 0x9)
00:00:00.958844 PGM: Host paging mode: AMD64+PGE+NX
00:00:00.958853 PGM: PGMPool: cMaxPages=256 (u64MaxPages=48)
00:00:00.958858 PGM: pgmR3PoolInit: cMaxPages=0x100 cMaxUsers=0x200 cMaxPhysExts=0x200 fCacheEnable=true
00:00:00.965900 TM: GIP - u32Mode=3 (Invariant) u32UpdateHz=93 u32UpdateIntervalNS=10741500 enmUseTscDelta=2 (Practically Zero) fGetGipCpu=0x2b cCpus=16
00:00:00.965931 TM: GIP - u64CpuHz=3 800 200 889 (0xe28276b9)  SUPGetCpuHzFromGip => 3 800 200 889
00:00:00.965937 TM: GIP - CPU: iCpuSet=0x0 idCpu=0x0 idApic=0x0 iGipCpu=0x2 i64TSCDelta=0 enmState=3 u64CpuHz=3800192462(*) cErrors=0
00:00:00.965942 TM: GIP - CPU: iCpuSet=0x1 idCpu=0x1 idApic=0x1 iGipCpu=0x8 i64TSCDelta=0 enmState=3 u64CpuHz=3800200726(*) cErrors=0
00:00:00.965946 TM: GIP - CPU: iCpuSet=0x2 idCpu=0x2 idApic=0x2 iGipCpu=0x7 i64TSCDelta=0 enmState=3 u64CpuHz=3800200723(*) cErrors=0
00:00:00.965950 TM: GIP - CPU: iCpuSet=0x3 idCpu=0x3 idApic=0x3 iGipCpu=0x6 i64TSCDelta=0 enmState=3 u64CpuHz=3800200715(*) cErrors=0
00:00:00.965954 TM: GIP - CPU: iCpuSet=0x4 idCpu=0x4 idApic=0x4 iGipCpu=0x9 i64TSCDelta=0 enmState=3 u64CpuHz=3800200772(*) cErrors=0
00:00:00.965958 TM: GIP - CPU: iCpuSet=0x5 idCpu=0x5 idApic=0x5 iGipCpu=0xa i64TSCDelta=0 enmState=3 u64CpuHz=3800200735(*) cErrors=0
00:00:00.965962 TM: GIP - CPU: iCpuSet=0x6 idCpu=0x6 idApic=0x6 iGipCpu=0x1 i64TSCDelta=0 enmState=3 u64CpuHz=3800187664(*) cErrors=0
00:00:00.965966 TM: GIP - CPU: iCpuSet=0x7 idCpu=0x7 idApic=0x7 iGipCpu=0x0 i64TSCDelta=0 enmState=3 u64CpuHz=3800200889(*) cErrors=0
00:00:00.965970 TM: GIP - CPU: iCpuSet=0x8 idCpu=0x8 idApic=0x8 iGipCpu=0xb i64TSCDelta=0 enmState=3 u64CpuHz=3800200791(*) cErrors=0
00:00:00.965974 TM: GIP - CPU: iCpuSet=0x9 idCpu=0x9 idApic=0x9 iGipCpu=0x3 i64TSCDelta=0 enmState=3 u64CpuHz=3800199738(*) cErrors=0
00:00:00.965977 TM: GIP - CPU: iCpuSet=0xa idCpu=0xa idApic=0xa iGipCpu=0xd i64TSCDelta=0 enmState=3 u64CpuHz=3800200815(*) cErrors=0
00:00:00.965981 TM: GIP - CPU: iCpuSet=0xb idCpu=0xb idApic=0xb iGipCpu=0xe i64TSCDelta=0 enmState=3 u64CpuHz=3800200889(*) cErrors=0
00:00:00.965984 TM: GIP - CPU: iCpuSet=0xc idCpu=0xc idApic=0xc iGipCpu=0x5 i64TSCDelta=0 enmState=3 u64CpuHz=3800200537(*) cErrors=0
00:00:00.965988 TM: GIP - CPU: iCpuSet=0xd idCpu=0xd idApic=0xd iGipCpu=0x4 i64TSCDelta=0 enmState=3 u64CpuHz=3800200474(*) cErrors=0
00:00:00.965992 TM: GIP - CPU: iCpuSet=0xe idCpu=0xe idApic=0xe iGipCpu=0xc i64TSCDelta=0 enmState=3 u64CpuHz=3800200825(*) cErrors=0
00:00:00.966000 TM: GIP - CPU: iCpuSet=0xf idCpu=0xf idApic=0xf iGipCpu=0xf i64TSCDelta=0 enmState=3 u64CpuHz=3800187664(*) cErrors=0
00:00:00.966014 TM: NEM overrides the /TM/TSCModeSwitchAllowed setting.
00:00:00.966026 TM:     cTSCTicksPerSecond=3 800 200 889 (0xe28276b9) enmTSCMode=4 (NativeApi)
00:00:00.966028 TM: cTSCTicksPerSecondHost=3 800 200 889 (0xe28276b9)
00:00:00.966029 TM: TSCTiedToExecution=false TSCNotTiedToHalt=false
00:00:00.966804 EMR3Init: fIemExecutesAll=false fGuruOnTripleFault=true
00:00:00.967228 IEM: TargetCpu=CURRENT, Microarch=AMD_Zen_Ryzen aidxTargetCpuEflFlavour={2,0}
00:00:00.967306 GIM: Using provider 'None' (Implementation version: 0)
00:00:00.967320 GCM: Initialized (fixer bits: 0x0)
00:00:00.967388 AIOMgr: Default manager type is 'Async'
00:00:00.967393 AIOMgr: Default file backend is 'NonBuffered'
00:00:00.967448 BlkCache: Cache successfully initialized. Cache size is 5242880 bytes
00:00:00.967453 BlkCache: Cache commit interval is 10000 ms
00:00:00.967456 BlkCache: Cache commit threshold is 2621440 bytes
00:00:01.589749 PcBios: [SMP] BIOS with 1 CPUs
00:00:01.589779 PcBios: Using the 386+ BIOS image.
00:00:01.590142 PcBios: fCheckShutdownStatusForSoftReset=true  fClearShutdownStatusOnHardReset=true
00:00:01.590413 CPUM: SetGuestCpuIdFeature: Enabled xAPIC
00:00:01.590872 PIT: mode=3 count=0x10000 (65536) - 18.20 Hz (ch=0)
00:00:01.591043 VMMDev: cbDefaultBudget: 1 073 741 824 (40000000)
00:00:01.614682 Shared Folders service loaded
00:00:01.632502 Guest Control service loaded
00:00:01.658333 VGA: Using the 386+ BIOS image.
00:00:01.659470 DrvVD: Flushes will be ignored
00:00:01.659481 DrvVD: Async flushes will be passed to the disk
00:00:01.659810 VD: VDInit finished with VINF_SUCCESS
00:00:01.659914 VD: Opening the disk took 412999 ns
00:00:01.659956 FDC: 1.44 MB 3"1/2 floppy disk (2 h 80 t 18 s) rw
00:00:01.673615 NAT: Guest address guess set to 10.0.2.15 by initialization
00:00:01.693449 NAT: DNS#0: 75.75.75.75
00:00:01.693476 NAT: DNS#1: 75.75.76.76
00:00:01.746606 Audio: Found 9 devices for driver 'WasAPI'
00:00:01.746640 Audio: Device 'Headphones (High Definition Audio Device)':
00:00:01.746641 Audio:   ID              = {0.0.0.00000000}.{7dda4d42-aaaf-4bdf-9d7b-023246d41f45}
00:00:01.746641 Audio:   Usage           = output
00:00:01.746642 Audio:   Flags           = DEFAULT_OUT
00:00:01.746642 Audio:   Input channels  = 0
00:00:01.746643 Audio:   Output channels = 2
00:00:01.746648 Audio: Device 'Digital Audio (S/PDIF) (High Definition Audio Device)':
00:00:01.746648 Audio:   ID              = {0.0.0.00000000}.{087134d9-ae11-4a9b-82bf-5ad0d13aced6}
00:00:01.746648 Audio:   Usage           = output
00:00:01.746649 Audio:   Flags           = NONE
00:00:01.746649 Audio:   Input channels  = 0
00:00:01.746649 Audio:   Output channels = 2
00:00:01.746653 Audio: Device '100012589 (NVIDIA High Definition Audio)':
00:00:01.746653 Audio:   ID              = {0.0.0.00000000}.{3f36c4ff-500a-4cd3-9a35-77b5981f1155}
00:00:01.746654 Audio:   Usage           = output
00:00:01.746654 Audio:   Flags           = NONE
00:00:01.746654 Audio:   Input channels  = 0
00:00:01.746654 Audio:   Output channels = 2
00:00:01.746658 Audio: Device 'Speakers (2- USB Audio CODEC )':
00:00:01.746658 Audio:   ID              = {0.0.0.00000000}.{566bb4ca-cb36-4deb-843b-246f6c5c5982}
00:00:01.746658 Audio:   Usage           = output
00:00:01.746659 Audio:   Flags           = NONE
00:00:01.746659 Audio:   Input channels  = 0
00:00:01.746659 Audio:   Output channels = 2
00:00:01.746663 Audio: Device 'Headphones (High Definition Audio Device)':
00:00:01.746663 Audio:   ID              = {0.0.0.00000000}.{7dda4d42-aaaf-4bdf-9d7b-023246d41f45}
00:00:01.746664 Audio:   Usage           = output
00:00:01.746664 Audio:   Flags           = NONE
00:00:01.746664 Audio:   Input channels  = 0
00:00:01.746664 Audio:   Output channels = 2
00:00:01.746668 Audio: Device '100012589 (NVIDIA High Definition Audio)':
00:00:01.746668 Audio:   ID              = {0.0.0.00000000}.{fdb7b4cc-b13a-4c66-ac46-5302e0b66d2f}
00:00:01.746668 Audio:   Usage           = output
00:00:01.746669 Audio:   Flags           = NONE
00:00:01.746669 Audio:   Input channels  = 0
00:00:01.746669 Audio:   Output channels = 2
00:00:01.746685 Audio: Device 'Microphone (NexiGo HD Webcam Audio)':
00:00:01.746685 Audio:   ID              = {0.0.1.00000000}.{8830d0fa-5126-4de0-babf-090349e9c6f6}
00:00:01.746685 Audio:   Usage           = input
00:00:01.746685 Audio:   Flags           = DEFAULT_IN
00:00:01.746686 Audio:   Input channels  = 2
00:00:01.746686 Audio:   Output channels = 0
00:00:01.746694 Audio: Device 'Microphone (2- USB Audio CODEC )':
00:00:01.746694 Audio:   ID              = {0.0.1.00000000}.{2cdb81b1-e1eb-4201-a0a4-fc6057072946}
00:00:01.746694 Audio:   Usage           = input
00:00:01.746695 Audio:   Flags           = NONE
00:00:01.746695 Audio:   Input channels  = 1
00:00:01.746695 Audio:   Output channels = 0
00:00:01.746698 Audio: Device 'Microphone (NexiGo HD Webcam Audio)':
00:00:01.746699 Audio:   ID              = {0.0.1.00000000}.{8830d0fa-5126-4de0-babf-090349e9c6f6}
00:00:01.746699 Audio:   Usage           = input
00:00:01.746699 Audio:   Flags           = NONE
00:00:01.746699 Audio:   Input channels  = 2
00:00:01.746700 Audio:   Output channels = 0
00:00:01.747123 PGM: The CPU physical address width is 48 bits
00:00:01.747132 PGM: PGMR3InitFinalize: 4 MB PSE mask 0000ffffffffffff -> VINF_SUCCESS
00:00:01.747143 TM: TMR3InitFinalize: fTSCModeSwitchAllowed=false
00:00:01.747549 VMM: Thread-context hooks unavailable
00:00:01.747557 VMM: RTThreadPreemptIsPending() can be trusted
00:00:01.747561 VMM: Kernel preemption is possible
00:00:01.747572 EM: Exit history optimizations: enabled=true enabled-r0=true enabled-r0-no-preemption=false
00:00:01.747589 APIC: fPostedIntrsEnabled=false fVirtApicRegsEnabled=false fSupportsTscDeadline=false
00:00:01.747594 TMR3UtcNow: nsNow=1 775 700 080 377 311 000 nsPrev=0 -> cNsDelta=1 775 700 080 377 311 000 (offLag=0 offVirtualSync=0 offVirtualSyncGivenUp=0, NowAgain=1 775 700 080 377 311 000)
00:00:01.747609 VMM: fUsePeriodicPreemptionTimers=true
00:00:01.747657 CPUM: Logical host processors: 16 present, 16 max, 16 online, online mask: 000000000000ffff
00:00:01.747659 CPUM: Physical host cores: 8
00:00:01.747659 ************************* CPUID dump ************************
00:00:01.747665          Raw Standard CPUID Leaves
00:00:01.747665      Leaf/sub-leaf  eax      ebx      ecx      edx
00:00:01.747668 Gst: 00000000/0000  0000000d 68747541 444d4163 69746e65
00:00:01.747669 Hst:                0000000d 68747541 444d4163 69746e65
00:00:01.747670 Gst: 00000001/0000  00800f82 00010800 42d82203 178bfbff
00:00:01.747671 Hst:                00800f82 01100800 fed83203 178bfbff
00:00:01.747673 Gst: 00000002/0000  00000000 00000000 00000000 00000000
00:00:01.747673 Hst:                00000000 00000000 00000000 00000000
00:00:01.747674 Gst: 00000003/0000  00000000 00000000 00000000 00000000
00:00:01.747675 Hst:                00000000 00000000 00000000 00000000
00:00:01.747676 Gst: 00000004/0000  00000000 00000000 00000000 00000000
00:00:01.747677 Hst:                00000000 00000000 00000000 00000000
00:00:01.747678 Gst: 00000005/0000  00000000 00000000 00000000 00000000
00:00:01.747678 Hst:                00000000 00000000 00000000 00000000
00:00:01.747680 Gst: 00000006/0000  00000000 00000000 00000000 00000000
00:00:01.747680 Hst:                00000000 00000000 00000001 00000000
00:00:01.747681 Gst: 00000007/0000  00000000 00840109 00000000 00000000
00:00:01.747682 Hst:                00000000 209c01a9 00000000 00000000
00:00:01.747683 Gst: 00000007/0001  00000000 00000000 00000000 00000000
00:00:01.747683 Hst:                00000000 00000000 00000000 00000000
00:00:01.747685 Gst: 00000008/0000  00000000 00000000 00000000 00000000
00:00:01.747685 Hst:                00000000 00000000 00000000 00000000
00:00:01.747686 Gst: 00000009/0000  00000000 00000000 00000000 00000000
00:00:01.747687 Hst:                00000000 00000000 00000000 00000000
00:00:01.747688 Gst: 0000000a/0000  00000000 00000000 00000000 00000000
00:00:01.747688 Hst:                00000000 00000000 00000000 00000000
00:00:01.747690 Gst: 0000000b/0000  00000000 00000000 00000000 00000000
00:00:01.747690 Hst:                00000000 00000000 00000000 00000000
00:00:01.747691 Gst: 0000000c/0000  00000000 00000000 00000000 00000000
00:00:01.747692 Hst:                00000000 00000000 00000000 00000000
00:00:01.747693 Gst: 0000000d/0000  00000000 00000000 00000000 00000000
00:00:01.747694 Hst:                00000007 00000340 00000340 00000000
00:00:01.747695 Gst: 0000000d/0001  00000000 00000000 00000000 00000000
00:00:01.747696 Hst:                0000000f 00000340 00000000 00000000
00:00:01.747697 Gst: 0000000d/0002  00000000 00000000 00000000 00000000
00:00:01.747698 Hst:                00000100 00000240 00000000 00000000
00:00:01.747699 Gst: 0000000d/0003  00000000 00000000 00000000 00000000
00:00:01.747699 Hst:                00000000 00000000 00000000 00000000
00:00:01.747773                                Name: AuthenticAMD
00:00:01.747774                            Supports: 0x00000000-0x0000000d
00:00:01.747776                              Family: 15 	Extended: 8 	Effective: 23
00:00:01.747777                               Model:  8 	Extended: 0 	Effective: 8
00:00:01.747778                            Stepping: 2
00:00:01.747779                                Type: 0 (primary)
00:00:01.747780                             APIC ID: 0x00
00:00:01.747780                        Logical CPUs: 1
00:00:01.747781                        CLFLUSH Size: 8
00:00:01.747781                            Brand ID: 0x00
00:00:01.747783 Features
00:00:01.747784   Mnemonic - Description                                  = guest (host)
00:00:01.747785   FPU - x87 FPU on Chip                                   = 1 (1)
00:00:01.747786   VME - Virtual 8086 Mode Enhancements                    = 1 (1)
00:00:01.747787   DE - Debugging extensions                               = 1 (1)
00:00:01.747788   PSE - Page Size Extension                               = 1 (1)
00:00:01.747789   TSC - Time Stamp Counter                                = 1 (1)
00:00:01.747790   MSR - Model Specific Registers                          = 1 (1)
00:00:01.747791   PAE - Physical Address Extension                        = 1 (1)
00:00:01.747791   MCE - Machine Check Exception                           = 1 (1)
00:00:01.747792   CX8 - CMPXCHG8B instruction                             = 1 (1)
00:00:01.747793   APIC - APIC On-Chip                                     = 1 (1)
00:00:01.747794   SEP - SYSENTER and SYSEXIT Present                      = 1 (1)
00:00:01.747795   MTRR - Memory Type Range Registers                      = 1 (1)
00:00:01.747795   PGE - PTE Global Bit                                    = 1 (1)
00:00:01.747796   MCA - Machine Check Architecture                        = 1 (1)
00:00:01.747797   CMOV - Conditional Move instructions                    = 1 (1)
00:00:01.747798   PAT - Page Attribute Table                              = 1 (1)
00:00:01.747799   PSE-36 - 36-bit Page Size Extension                     = 1 (1)
00:00:01.747799   PSN - Processor Serial Number                           = 0 (0)
00:00:01.747800   CLFSH - CLFLUSH instruction                             = 1 (1)
00:00:01.747801   DS - Debug Store                                        = 0 (0)
00:00:01.747802   ACPI - Thermal Mon. & Soft. Clock Ctrl.                 = 0 (0)
00:00:01.747803   MMX - Intel MMX Technology                              = 1 (1)
00:00:01.747804   FXSR - FXSAVE and FXRSTOR instructions                  = 1 (1)
00:00:01.747804   SSE - SSE support                                       = 1 (1)
00:00:01.747805   SSE2 - SSE2 support                                     = 1 (1)
00:00:01.747806   SS - Self Snoop                                         = 0 (0)
00:00:01.747807   HTT - Hyper-Threading Technology                        = 1 (1)
00:00:01.747808   TM - Therm. Monitor                                     = 0 (0)
00:00:01.747809   PBE - Pending Break Enabled                             = 0 (0)
00:00:01.747810   SSE3 - SSE3 support                                     = 1 (1)
00:00:01.747811   PCLMUL - PCLMULQDQ support (for AES-GCM)                = 1 (1)
00:00:01.747812   DTES64 - DS Area 64-bit Layout                          = 0 (0)
00:00:01.747812   MONITOR - MONITOR/MWAIT instructions                    = 0 (0)
00:00:01.747813   CPL-DS - CPL Qualified Debug Store                      = 0 (0)
00:00:01.747814   VMX - Virtual Machine Extensions                        = 0 (0)
00:00:01.747815   SMX - Safer Mode Extensions                             = 0 (0)
00:00:01.747817   EST - Enhanced SpeedStep Technology                     = 0 (0)
00:00:01.747818   TM2 - Terminal Monitor 2                                = 0 (0)
00:00:01.747819   SSSE3 - Supplemental Streaming SIMD Extensions 3        = 1 (1)
00:00:01.747819   CNTX-ID - L1 Context ID                                 = 0 (0)
00:00:01.747820   SDBG - Silicon Debug interface                          = 0 (0)
00:00:01.747821   FMA - Fused Multiply Add extensions                     = 0 (1)
00:00:01.747822   CX16 - CMPXCHG16B instruction                           = 1 (1)
00:00:01.747823   TPRUPDATE - xTPR Update Control                         = 0 (0)
00:00:01.747823   PDCM - Perf/Debug Capability MSR                        = 0 (0)
00:00:01.747824   PCID - Process Context Identifiers                      = 0 (0)
00:00:01.747825   DCA - Direct Cache Access                               = 0 (0)
00:00:01.747826   SSE4_1 - SSE4_1 support                                 = 1 (1)
00:00:01.747827   SSE4_2 - SSE4_2 support                                 = 1 (1)
00:00:01.747827   X2APIC - x2APIC support                                 = 0 (0)
00:00:01.747828   MOVBE - MOVBE instruction                               = 1 (1)
00:00:01.747829   POPCNT - POPCNT instruction                             = 1 (1)
00:00:01.747830   TSCDEADL - Time Stamp Counter Deadline                  = 0 (0)
00:00:01.747831   AES - AES instructions                                  = 1 (1)
00:00:01.747832   XSAVE - XSAVE instruction                               = 0 (1)
00:00:01.747833   OSXSAVE - OSXSAVE instruction                           = 0 (1)
00:00:01.747833   AVX - AVX support                                       = 0 (1)
00:00:01.747834   F16C - 16-bit floating point conversion instructions    = 0 (1)
00:00:01.747835   RDRAND - RDRAND instruction                             = 1 (1)
00:00:01.747836   HVP - Hypervisor Present (we're a guest)                = 0 (1)
00:00:01.747838 Structured Extended Feature Flags Enumeration (leaf 7):
00:00:01.747839   Mnemonic - Description                                  = guest (host)
00:00:01.747839   FSGSBASE - RDFSBASE/RDGSBASE/WRFSBASE/WRGSBASE instr.   = 1 (1)
00:00:01.747840   TSCADJUST - Supports MSR_IA32_TSC_ADJUST                = 0 (0)
00:00:01.747841   SGX - Supports Software Guard Extensions                = 0 (0)
00:00:01.747841   BMI1 - Advanced Bit Manipulation extension 1            = 1 (1)
00:00:01.747842   HLE - Hardware Lock Elision                             = 0 (0)
00:00:01.747843   AVX2 - Advanced Vector Extensions 2                     = 0 (1)
00:00:01.747844   FDP_EXCPTN_ONLY - FPU DP only updated on exceptions     = 0 (0)
00:00:01.747844   SMEP - Supervisor Mode Execution Prevention             = 0 (1)
00:00:01.747845   BMI2 - Advanced Bit Manipulation extension 2            = 1 (1)
00:00:01.747846   ERMS - Enhanced REP MOVSB/STOSB instructions            = 0 (0)
00:00:01.747846   INVPCID - INVPCID instruction                           = 0 (0)
00:00:01.747847   RTM - Restricted Transactional Memory                   = 0 (0)
00:00:01.747848   PQM - Platform Quality of Service Monitoring            = 0 (0)
00:00:01.747849   DEPFPU_CS_DS - Deprecates FPU CS, FPU DS values if set  = 0 (0)
00:00:01.747849   MPE - Intel Memory Protection Extensions                = 0 (0)
00:00:01.747850   PQE - Platform Quality of Service Enforcement           = 0 (0)
00:00:01.747851   AVX512F - AVX512 Foundation instructions                = 0 (0)
00:00:01.747851   RDSEED - RDSEED instruction                             = 1 (1)
00:00:01.747852   ADX - ADCX/ADOX instructions                            = 0 (1)
00:00:01.747853   SMAP - Supervisor Mode Access Prevention                = 0 (1)
00:00:01.747854   CLFLUSHOPT - CLFLUSHOPT (Cache Line Flush) instruction  = 1 (1)
00:00:01.747854   INTEL_PT - Intel Processor Trace                        = 0 (0)
00:00:01.747855   AVX512PF - AVX512 Prefetch instructions                 = 0 (0)
00:00:01.747856   AVX512ER - AVX512 Exponential & Reciprocal instructions = 0 (0)
00:00:01.747857   AVX512CD - AVX512 Conflict Detection instructions       = 0 (0)
00:00:01.747858   SHA - Secure Hash Algorithm extensions                  = 0 (1)
00:00:01.747859   PREFETCHWT1 - PREFETCHWT1 instruction                   = 0 (0)
00:00:01.747860   UMIP - User mode insturction prevention                 = 0 (0)
00:00:01.747861   PKU - Protection Key for Usermode pages                 = 0 (0)
00:00:01.747862   OSPKE - CR4.PKU mirror                                  = 0 (0)
00:00:01.747864   MAWAU - Value used by BNDLDX & BNDSTX                   = 0x0 (0x0)
00:00:01.747865   RDPID - Read processor ID support                       = 0 (0)
00:00:01.747866   SGX_LC - Supports SGX Launch Configuration              = 0 (0)
00:00:01.747868 Processor Extended State Enumeration (leaf 0xd):
00:00:01.747869    XSAVE area cur/max size by XCR0, guest: 0x0/0x0
00:00:01.747870     XSAVE area cur/max size by XCR0, host: 0x340/0x340
00:00:01.747871                    Valid XCR0 bits, guest: 0x00000000`00000000
00:00:01.747872                     Valid XCR0 bits, host: 0x00000000`00000007 ( x87 SSE YMM_Hi128 )
00:00:01.747877                     XSAVE features, guest:
00:00:01.747878                      XSAVE features, host: XSAVEOPT XSAVEC XGETBC1 XSAVES
00:00:01.747880       XSAVE area cur size XCR0|XSS, guest: 0x0
00:00:01.747881        XSAVE area cur size XCR0|XSS, host: 0x340
00:00:01.747882                Valid IA32_XSS bits, guest: 0x00000000`00000000
00:00:01.747883                 Valid IA32_XSS bits, host: 0x00000000`00000000
00:00:01.747884   State #2, host:  off=0x0240, cb=0x0100 IA32_XSS-bit -- YMM_Hi128
00:00:01.747932          Raw Extended CPUID Leaves
00:00:01.747933      Leaf/sub-leaf  eax      ebx      ecx      edx
00:00:01.747934 Gst: 80000000/0000  8000001e 68747541 444d4163 69746e65
00:00:01.747935 Hst:                8000001f 68747541 444d4163 69746e65
00:00:01.747936 Gst: 80000001/0000  00800f82 20000000 000001f1 0bd3fb7f
00:00:01.747937 Hst:                00800f82 20000000 004023f3 2fd3fbff
00:00:01.747938 Gst: 80000002/0000  20444d41 657a7952 2037206e 30303732
00:00:01.747939 Hst:                20444d41 657a7952 2037206e 30303732
00:00:01.747941 Gst: 80000003/0000  69452058 2d746867 65726f43 6f725020
00:00:01.747941 Hst:                69452058 2d746867 65726f43 6f725020
00:00:01.747943 Gst: 80000004/0000  73736563 2020726f 20202020 00202020
00:00:01.747943 Hst:                73736563 2020726f 20202020 00202020
00:00:01.747945 Gst: 80000005/0000  ff40ff40 ff40ff40 20080140 40040140
00:00:01.747946 Hst:                ff40ff40 ff40ff40 20080140 40040140
00:00:01.747947 Gst: 80000006/0000  26006400 66006400 02006140 00808140
00:00:01.747948 Hst:                26006400 66006400 02006140 00808140
00:00:01.747949 Gst: 80000007/0000  00000000 00000000 00000000 00000100
00:00:01.747950 Hst:                00000000 0000001b 00000000 00004789
00:00:01.747951 Gst: 80000008/0000  00003030 04000000 00000000 00000000
00:00:01.747952 Hst:                00003030 02000005 0000400f 00000000
00:00:01.747953 Gst: 80000009/0000  00000000 00000000 00000000 00000000
00:00:01.747954 Hst:                00000000 00000000 00000000 00000000
00:00:01.747955 Gst: 8000000a/0000  00000000 00000000 00000000 00000000
00:00:01.747955 Hst:                00000000 00000000 00000000 00000000
00:00:01.747956 Gst: 8000000b/0000  00000000 00000000 00000000 00000000
00:00:01.747957 Hst:                00000000 00000000 00000000 00000000
00:00:01.747958 Gst: 8000000c/0000  00000000 00000000 00000000 00000000
00:00:01.747959 Hst:                00000000 00000000 00000000 00000000
00:00:01.747960 Gst: 8000000d/0000  00000000 00000000 00000000 00000000
00:00:01.747961 Hst:                00000000 00000000 00000000 00000000
00:00:01.747962 Gst: 8000000e/0000  00000000 00000000 00000000 00000000
00:00:01.747962 Hst:                00000000 00000000 00000000 00000000
00:00:01.747964 Gst: 8000000f/0000  00000000 00000000 00000000 00000000
00:00:01.747964 Hst:                00000000 00000000 00000000 00000000
00:00:01.747965 Gst: 80000010/0000  00000000 00000000 00000000 00000000
00:00:01.747966 Hst:                00000000 00000000 00000000 00000000
00:00:01.747967 Gst: 80000011/0000  00000000 00000000 00000000 00000000
00:00:01.747968 Hst:                00000000 00000000 00000000 00000000
00:00:01.747969 Gst: 80000012/0000  00000000 00000000 00000000 00000000
00:00:01.747969 Hst:                00000000 00000000 00000000 00000000
00:00:01.747971 Gst: 80000013/0000  00000000 00000000 00000000 00000000
00:00:01.747971 Hst:                00000000 00000000 00000000 00000000
00:00:01.747972 Gst: 80000014/0000  00000000 00000000 00000000 00000000
00:00:01.747973 Hst:                00000000 00000000 00000000 00000000
00:00:01.747974 Gst: 80000015/0000  00000000 00000000 00000000 00000000
00:00:01.747975 Hst:                00000000 00000000 00000000 00000000
00:00:01.747976 Gst: 80000016/0000  00000000 00000000 00000000 00000000
00:00:01.747977 Hst:                00000000 00000000 00000000 00000000
00:00:01.747978 Gst: 80000017/0000  00000000 00000000 00000000 00000000
00:00:01.747978 Hst:                00000000 00000000 00000000 00000000
00:00:01.747979 Gst: 80000018/0000  00000000 00000000 00000000 00000000
00:00:01.747980 Hst:                00000000 00000000 00000000 00000000
00:00:01.747982 Gst: 80000019/0000  00000000 00000000 00000000 00000000
00:00:01.747982 Hst:                00000000 00000000 00000000 00000000
00:00:01.747983 Gst: 8000001a/0000  00000003 00000000 00000000 00000000
00:00:01.747984 Hst:                00000003 00000000 00000000 00000000
00:00:01.747985 Gst: 8000001b/0000  00000000 00000000 00000000 00000000
00:00:01.747986 Hst:                00000000 00000000 00000000 00000000
00:00:01.747987 Gst: 8000001c/0000  00000000 00000000 00000000 00000000
00:00:01.747987 Hst:                00000000 00000000 00000000 00000000
00:00:01.747989 Gst: 8000001d/0000  00000121 01c0003f 0000003f 00000000
00:00:01.747990 Hst:                00004121 01c0003f 0000003f 00000000
00:00:01.747991 Gst: 8000001d/0001  00000122 00c0003f 000000ff 00000000
00:00:01.747992 Hst:                00004122 00c0003f 000000ff 00000000
00:00:01.747993 Gst: 8000001d/0002  00000143 01c0003f 000003ff 00000002
00:00:01.747994 Hst:                00004143 01c0003f 000003ff 00000002
00:00:01.747995 Gst: 8000001d/0003  00000163 03c0003f 00001fff 00000001
00:00:01.747996 Hst:                0001c163 03c0003f 00001fff 00000001
00:00:01.747997 Gst: 8000001d/0004  00000000 00000000 00000000 00000000
00:00:01.747998 Hst:                00000000 00000000 00000000 00000000
00:00:01.747999 Gst: 8000001e/0000  00000000 00000000 00000000 00000000
00:00:01.748000 Hst:                00000001 00000100 00000000 00000000
00:00:01.748001 Hst: 8000001f/0000  00000000 00000000 00000000 00000000
00:00:01.748002 Ext Name:                        AuthenticAMD
00:00:01.748002 Ext Supports:                    0x80000000-0x8000001e
00:00:01.748003 Family:                          15  	Extended: 8 	Effective: 23
00:00:01.748004 Model:                           8  	Extended: 0 	Effective: 8
00:00:01.748004 Stepping:                        2
00:00:01.748004 Brand ID:                        0x000
00:00:01.748006 Ext Features
00:00:01.748006   Mnemonic - Description                                  = guest (host)
00:00:01.748006   FPU - x87 FPU on Chip                                   = 1 (1)
00:00:01.748007   VME - Virtual 8086 Mode Enhancements                    = 1 (1)
00:00:01.748008   DE - Debugging extensions                               = 1 (1)
00:00:01.748009   PSE - Page Size Extension                               = 1 (1)
00:00:01.748010   TSC - Time Stamp Counter                                = 1 (1)
00:00:01.748011   MSR - K86 Model Specific Registers                      = 1 (1)
00:00:01.748012   PAE - Physical Address Extension                        = 1 (1)
00:00:01.748013   MCE - Machine Check Exception                           = 0 (1)
00:00:01.748013   CX8 - CMPXCHG8B instruction                             = 1 (1)
00:00:01.748014   APIC - APIC On-Chip                                     = 1 (1)
00:00:01.748015   SEP - SYSCALL/SYSRET                                    = 1 (1)
00:00:01.748016   MTRR - Memory Type Range Registers                      = 1 (1)
00:00:01.748017   PGE - PTE Global Bit                                    = 1 (1)
00:00:01.748018   MCA - Machine Check Architecture                        = 1 (1)
00:00:01.748019   CMOV - Conditional Move instructions                    = 1 (1)
00:00:01.748019   PAT - Page Attribute Table                              = 1 (1)
00:00:01.748020   PSE-36 - 36-bit Page Size Extension                     = 1 (1)
00:00:01.748021   NX - No-Execute/Execute-Disable                         = 1 (1)
00:00:01.748022   AXMMX - AMD Extensions to MMX instructions              = 1 (1)
00:00:01.748023   MMX - Intel MMX Technology                              = 1 (1)
00:00:01.748023   FXSR - FXSAVE and FXRSTOR Instructions                  = 1 (1)
00:00:01.748024   FFXSR - AMD fast FXSAVE and FXRSTOR instructions        = 1 (1)
00:00:01.748025   Page1GB - 1 GB large page                               = 0 (1)
00:00:01.748026   RDTSCP - RDTSCP instruction                             = 1 (1)
00:00:01.748027   LM - AMD64 Long Mode                                    = 0 (1)
00:00:01.748028   3DNOWEXT - AMD Extensions to 3DNow                      = 0 (0)
00:00:01.748028   3DNOW - AMD 3DNow                                       = 0 (0)
00:00:01.748029   LahfSahf - LAHF/SAHF support in 64-bit mode             = 1 (1)
00:00:01.748030   CmpLegacy - Core multi-processing legacy mode           = 0 (1)
00:00:01.748031   SVM - AMD Secure Virtual Machine extensions             = 0 (0)
00:00:01.748032   EXTAPIC - AMD Extended APIC registers                   = 0 (0)
00:00:01.748033   CR8L - AMD LOCK MOV CR0 means MOV CR8                   = 1 (1)
00:00:01.748033   ABM - AMD Advanced Bit Manipulation                     = 1 (1)
00:00:01.748034   SSE4A - SSE4A instructions                              = 1 (1)
00:00:01.748035   MISALIGNSSE - AMD Misaligned SSE mode                   = 1 (1)
00:00:01.748036   3DNOWPRF - AMD PREFETCH and PREFETCHW instructions      = 1 (1)
00:00:01.748036   OSVW - AMD OS Visible Workaround                        = 0 (1)
00:00:01.748037   IBS - Instruct Based Sampling                           = 0 (0)
00:00:01.748038   XOP - Extended Operation support                        = 0 (0)
00:00:01.748039   SKINIT - SKINIT, STGI, and DEV support                  = 0 (0)
00:00:01.748040   WDT - AMD Watchdog Timer support                        = 0 (1)
00:00:01.748040   LWP - Lightweight Profiling support                     = 0 (0)
00:00:01.748041   FMA4 - Four operand FMA instruction support             = 0 (0)
00:00:01.748042   NodeId - NodeId in MSR C001_100C                        = 0 (0)
00:00:01.748043   TBM - Trailing Bit Manipulation instructions            = 0 (0)
00:00:01.748043   TOPOEXT - Topology Extensions                           = 0 (1)
00:00:01.748044   PRFEXTCORE - Performance Counter Extensions support     = 0 (0)
00:00:01.748045   PRFEXTNB - NB Performance Counter Extensions support    = 0 (0)
00:00:01.748046   DATABPEXT - Data-access Breakpoint Extension            = 0 (0)
00:00:01.748046   PERFTSC - Performance Time Stamp Counter                = 0 (0)
00:00:01.748047   PCX_L2I - L2I/L3 Performance Counter Extensions         = 0 (0)
00:00:01.748048   MWAITX - MWAITX and MONITORX instructions               = 0 (0)
00:00:01.748049 Full Name:                       "AMD Ryzen 7 2700X Eight-Core Processor         "
00:00:01.748052 TLB 2/4M Instr/Uni:              fully  64 entries
00:00:01.748052 TLB 2/4M Data:                   fully  64 entries
00:00:01.748053 TLB 4K Instr/Uni:                fully  64 entries
00:00:01.748053 TLB 4K Data:                     fully  64 entries
00:00:01.748054 L1 Instr Cache Line Size:        64 bytes
00:00:01.748054 L1 Instr Cache Lines Per Tag:    1
00:00:01.748055 L1 Instr Cache Associativity:    4 way
00:00:01.748055 L1 Instr Cache Size:             64 KB
00:00:01.748056 L1 Data Cache Line Size:         64 bytes
00:00:01.748056 L1 Data Cache Lines Per Tag:     1
00:00:01.748056 L1 Data Cache Associativity:     8 way
00:00:01.748056 L1 Data Cache Size:              32 KB
00:00:01.748057 L2 TLB 2/4M Instr/Uni:           8 way  1024 entries
00:00:01.748057 L2 TLB 2/4M Data:                2 way  1536 entries
00:00:01.748058 L2 TLB 4K Instr/Uni:             8 way  1024 entries
00:00:01.748058 L2 TLB 4K Data:                  8 way  1536 entries
00:00:01.748059 L2 Cache Line Size:              64 bytes
00:00:01.748059 L2 Cache Lines Per Tag:          1
00:00:01.748059 L2 Cache Associativity:          16 way
00:00:01.748060 L2 Cache Size:                   128 KB
00:00:01.748061   TS - Temperature Sensor                                 = 0 (1)
00:00:01.748062   FID - Frequency ID control                              = 0 (0)
00:00:01.748063   VID - Voltage ID control                                = 0 (0)
00:00:01.748064   TTP - Thermal Trip                                      = 0 (1)
00:00:01.748065   TM - Hardware Thermal Control (HTC)                     = 0 (0)
00:00:01.748066   100MHzSteps - 100 MHz Multiplier control                = 0 (0)
00:00:01.748066   HwPstate - Hardware P-state control                     = 0 (1)
00:00:01.748067   TscInvariant - Invariant Time Stamp Counter             = 1 (1)
00:00:01.748068   CBP - Core Performance Boost                            = 0 (1)
00:00:01.748069   EffFreqRO - Read-only Effective Frequency Interface     = 0 (1)
00:00:01.748070   ProcFdbkIf - Processor Feedback Interface               = 0 (0)
00:00:01.748070   ProcPwrRep - Core power reporting interface support     = 0 (0)
00:00:01.748071   14 - Reserved                                           = 0 (1)
00:00:01.748073   CLZERO - Clear zero instruction (cacheline)             = 0 (1)
00:00:01.748074   IRPerf - Instructions retired count support             = 0 (0)
00:00:01.748075   XSaveErPtr - Save/restore error pointers (FXSAVE/RSTOR*) = 0 (1)
00:00:01.748075   RDPRU - RDPRU instruction                               = 0 (0)
00:00:01.748076   MCOMMIT - MCOMMIT instruction                           = 0 (0)
00:00:01.748077   IBPB - Supports the IBPB command in IA32_PRED_CMD       = 0 (0)
00:00:01.748078   25 - Reserved                                           = 0 (1)
00:00:01.748079   26 - Reserved                                           = 1 (0)
00:00:01.748080 Physical Address Width:          48 bits
00:00:01.748080 Virtual Address Width:           48 bits
00:00:01.748080 Guest Physical Address Width:    0 bits
00:00:01.748081 Physical Core Count:             1
00:00:01.748082 
00:00:01.748082 ******************** End of CPUID dump **********************
00:00:01.748126 VMEmt: Halt method global1 (5)
00:00:01.748219 VMEmt: HaltedGlobal1 config: cNsSpinBlockThresholdCfg=50000
00:00:01.748226 Changing the VM state from 'CREATING' to 'CREATED'
00:00:01.749242 Changing the VM state from 'CREATED' to 'POWERING_ON'
00:00:01.749329 Changing the VM state from 'POWERING_ON' to 'RUNNING'
00:00:01.749337 Console: Machine state changed to 'Running'
00:00:01.751233 VMMDev: Guest Log: BIOS: VirtualBox 7.0.10
00:00:01.751465 PCI: Setting up resources and interrupts
00:00:01.751630 PIT: mode=2 count=0x10000 (65536) - 18.20 Hz (ch=0)
00:00:01.771031 Display::i_handleDisplayResize: uScreenId=0 pvVRAM=0000000000000000 w=720 h=400 bpp=0 cbLine=0x0 flags=0x0 origin=0,0
00:00:01.774418 VMMDev: Guest Log: CPUID EDX: 0x178bfbff
00:00:01.775049 VMMDev: Guest Log: BIOS: No PCI IDE controller, not probing IDE
00:00:01.816996 PIT: mode=2 count=0x48d3 (18643) - 64.00 Hz (ch=0)
00:00:01.833576 Display::i_handleDisplayResize: uScreenId=0 pvVRAM=0000017534480000 w=640 h=480 bpp=32 cbLine=0xA00 flags=0x0 origin=0,0
00:00:02.051090 VBoxHeadless: starting event loop
00:00:04.296086 PIT: mode=2 count=0x10000 (65536) - 18.20 Hz (ch=0)
00:00:04.296366 VMMDev: Guest Log: BIOS: Boot : bseqnr=1, bootseq=0001
00:00:04.302661 Display::i_handleDisplayResize: uScreenId=0 pvVRAM=0000000000000000 w=720 h=400 bpp=0 cbLine=0x0 flags=0x0 origin=0,0
00:00:04.317541 VMMDev: Guest Log: BIOS: Booting from Floppy...
00:00:04.343774 Audio: Warning: Scheduling hint of stream '[WasAPI] Output:0' is bigger (107374183400ms) than used period size (0ms)
00:00:04.345603 Display::i_handleDisplayResize: uScreenId=0 pvVRAM=0000017534480000 w=640 h=400 bpp=0 cbLine=0x140 flags=0x0 origin=0,0
