00:00:00.364040 VirtualBox VM 7.2.6 r172322 win.amd64 (Jan 15 2026 18:08:50) release log
00:00:00.364042 Log opened 2026-04-24T18:11:02.924655700Z
00:00:00.364042 Build Type: release
00:00:00.364044 OS Product: Windows 10
00:00:00.364191 OS Release: 10.0.19045.7184
00:00:00.364192 OS Service Pack: 
00:00:00.430098 DMI Product Name: System Product Name
00:00:00.433102 DMI Product Version: System Version
00:00:00.433118 Firmware type: UEFI
00:00:00.433468 Secure Boot: Enabled
00:00:00.433474 Host RAM: 32692MB (31.9GB) total, 19048MB (18.6GB) available
00:00:00.433476 Executable: C:\Program Files\Oracle\VirtualBox\VBoxHeadless.exe
00:00:00.433477 Process ID: 59984
00:00:00.433477 Package type: WINDOWS_64BITS_GENERIC
00:00:00.433478 Windows Features:
00:00:00.433478   Core Isolation (Memory Integrity): DISABLED
00:00:00.434272 Installed Extension Packs:
00:00:00.434286   None installed!
00:00:00.434754 Console: Machine state changed to 'Starting'
00:00:00.493749 SUP: seg #0: R   0x00000000 LB 0x00001000
00:00:00.493765 SUP: seg #1: R X 0x00001000 LB 0x00204000
00:00:00.493770 SUP: seg #2: R   0x00205000 LB 0x00053000
00:00:00.493774 SUP: seg #3: RW  0x00258000 LB 0x00013000
00:00:00.493777 SUP: seg #4: R   0x0026b000 LB 0x00013000
00:00:00.493780 SUP: seg #5: RW  0x0027e000 LB 0x00004000
00:00:00.493784 SUP: seg #6: R   0x00282000 LB 0x00007000
00:00:00.493787 SUP: seg #7: R X 0x00289000 LB 0x00002000
00:00:00.493790 SUP: seg #8: R   0x0028b000 LB 0x00007000
00:00:00.497378 SUP: Loaded VMMR0.r0 (C:\Program Files\Oracle\VirtualBox/VMMR0.r0) at 0xXXXXXXXXXXXXXXXX - ModuleInit at XXXXXXXXXXXXXXXX and ModuleTerm at XXXXXXXXXXXXXXXX using the native ring-0 loader
00:00:00.497414 SUP: VMMR0EntryEx located at XXXXXXXXXXXXXXXX and VMMR0EntryFast at XXXXXXXXXXXXXXXX
00:00:00.497418 SUP: windbg> .reload /f C:\Program Files\Oracle\VirtualBox/VMMR0.r0=0xXXXXXXXXXXXXXXXX
00:00:00.500998 Guest architecture: x86
00:00:00.501049 Guest OS type: 'Other'
00:00:00.501587 fHMForced=true - No raw-mode support in this build!
00:00:00.501599 Using execution engine 1
00:00:00.503907 File system of 'C:\Users\RhythmicCarnage\Desktop\CyberStorm\deploy\virtualbox\CyberStorm.vdi' is ntfs
00:00:00.604543 Shared Clipboard: Initialized OLE
00:00:00.604586 Shared Clipboard: Service loaded
00:00:00.604594 Shared Clipboard: Mode: Off
00:00:00.604643 Shared Clipboard: Service running in headless mode
00:00:00.618065 Drag and drop service loaded
00:00:00.618078 Drag and drop mode: Off
00:00:00.619211 Audio: Detected default audio driver type is 'HostAudioWas'
00:00:00.700435 ************************* CFGM dump *************************
00:00:00.700443 [/] (level 0)
00:00:00.700445   CpuExecutionCap   <integer> = 0x0000000000000064 (100)
00:00:00.700447   EnablePAE         <integer> = 0x0000000000000000 (0)
00:00:00.700448   HMEnabled         <integer> = 0x0000000000000001 (1)
00:00:00.700449   MemBalloonSize    <integer> = 0x0000000000000000 (0, 0 B)
00:00:00.700454   Name              <string>  = "CyberStorm" (cb=11)
00:00:00.700455   NumCPUs           <integer> = 0x0000000000000001 (1)
00:00:00.700456   PageFusionAllowed <integer> = 0x0000000000000000 (0)
00:00:00.700456   RamHoleSize       <integer> = 0x0000000020000000 (536 870 912, 512.0 MiB)
00:00:00.700458   RamSize           <integer> = 0x0000000004000000 (67 108 864, 64.0 MiB)
00:00:00.700459   TimerMillies      <integer> = 0x000000000000000a (10)
00:00:00.700460   UUID              <bytes>   = "26 2b 76 af 4c b7 40 49 a8 a0 e4 71 7a 68 35 97" (cb=16)
00:00:00.700463 
00:00:00.700463 [/CPUM/] (level 1)
00:00:00.700464   Enable64bit        <integer> = 0x0000000000000000 (0)
00:00:00.700465   GuestCpuName       <string>  = "host" (cb=5)
00:00:00.700466   NestedHWVirt       <integer> = 0x0000000000000000 (0)
00:00:00.700466   PortableCpuIdLevel <integer> = 0x0000000000000000 (0)
00:00:00.700467   SpecCtrl           <integer> = 0x0000000000000000 (0)
00:00:00.700468 
00:00:00.700468 [/CPUM/IsaExts/] (level 2)
00:00:00.700469 
00:00:00.700469 [/DBGC/] (level 1)
00:00:00.700470   GlobalInitScript <string>  = "C:\Users\RhythmicCarnage\.VirtualBox/dbgc-init" (cb=47)
00:00:00.700471   HistoryFile      <string>  = "C:\Users\RhythmicCarnage\.VirtualBox/dbgc-history" (cb=50)
00:00:00.700472   LocalInitScript  <string>  = "C:\Users\RhythmicCarnage\Desktop\CyberStorm\deploy\virtualbox\CyberStorm/dbgc-init" (cb=83)
00:00:00.700472 
00:00:00.700473 [/DBGF/] (level 1)
00:00:00.700473   Path <string>  = "C:\Users\RhythmicCarnage\Desktop\CyberStorm\deploy\virtualbox\CyberStorm/debug/;C:\Users\RhythmicCarnage\Desktop\CyberStorm\deploy\virtualbox\CyberStorm/;cache*C:\Users\RhythmicCarnage\Desktop\CyberStorm\deploy\virtualbox\CyberStorm/dbgcache/;C:\Users\RhythmicCarnage\" (cb=269)
00:00:00.700474 
00:00:00.700474 [/Devices/] (level 1)
00:00:00.700475 
00:00:00.700475 [/Devices/3c501/] (level 2)
00:00:00.700476 
00:00:00.700476 [/Devices/8237A/] (level 2)
00:00:00.700477 
00:00:00.700477 [/Devices/8237A/0/] (level 3)
00:00:00.700478   Trusted <integer> = 0x0000000000000001 (1)
00:00:00.700479 
00:00:00.700479 [/Devices/VMMDev/] (level 2)
00:00:00.700480 
00:00:00.700480 [/Devices/VMMDev/0/] (level 3)
00:00:00.700482   PCIBusNo      <integer> = 0x0000000000000000 (0)
00:00:00.700482   PCIDeviceNo   <integer> = 0x0000000000000004 (4)
00:00:00.700483   PCIFunctionNo <integer> = 0x0000000000000000 (0)
00:00:00.700483   Trusted       <integer> = 0x0000000000000001 (1)
00:00:00.700484 
00:00:00.700484 [/Devices/VMMDev/0/Config/] (level 4)
00:00:00.700486   GuestCoreDumpDir <string>  = "C:\Users\RhythmicCarnage\Desktop\CyberStorm\deploy\virtualbox\CyberStorm\Snapshots" (cb=83)
00:00:00.700486 
00:00:00.700487 [/Devices/VMMDev/0/LUN#0/] (level 4)
00:00:00.700488   Driver <string>  = "HGCM" (cb=5)
00:00:00.700488 
00:00:00.700488 [/Devices/VMMDev/0/LUN#0/Config/] (level 5)
00:00:00.700489 
00:00:00.700490 [/Devices/VMMDev/0/LUN#999/] (level 4)
00:00:00.700491   Driver <string>  = "MainStatus" (cb=11)
00:00:00.700491 
00:00:00.700492 [/Devices/VMMDev/0/LUN#999/Config/] (level 5)
00:00:00.700493   First                <integer> = 0x0000000000000000 (0)
00:00:00.700494   HasMediumAttachments <integer> = 0x0000000000000000 (0)
00:00:00.700494   Last                 <integer> = 0x0000000000000000 (0)
00:00:00.700495   iLedSet              <integer> = 0x0000000000000003 (3)
00:00:00.700496 
00:00:00.700496 [/Devices/acpi/] (level 2)
00:00:00.700497 
00:00:00.700497 [/Devices/acpi/0/] (level 3)
00:00:00.700498   PCIBusNo      <integer> = 0x0000000000000000 (0)
00:00:00.700499   PCIDeviceNo   <integer> = 0x0000000000000007 (7)
00:00:00.700499   PCIFunctionNo <integer> = 0x0000000000000000 (0)
00:00:00.700500   Trusted       <integer> = 0x0000000000000001 (1)
00:00:00.700500 
00:00:00.700501 [/Devices/acpi/0/Config/] (level 4)
00:00:00.700502   CpuHotPlug          <integer> = 0x0000000000000000 (0)
00:00:00.700503   FdcEnabled          <integer> = 0x0000000000000000 (0)
00:00:00.700504   HostBusPciAddress   <integer> = 0x0000000000000000 (0)
00:00:00.700504   HpetEnabled         <integer> = 0x0000000000000000 (0)
00:00:00.700505   IOAPIC              <integer> = 0x0000000000000000 (0)
00:00:00.700506   IocPciAddress       <integer> = 0x0000000000010000 (65 536)
00:00:00.700507   NumCPUs             <integer> = 0x0000000000000001 (1)
00:00:00.700508   Parallel0IoPortBase <integer> = 0x0000000000000000 (0)
00:00:00.700508   Parallel0Irq        <integer> = 0x0000000000000000 (0)
00:00:00.700509   Parallel1IoPortBase <integer> = 0x0000000000000000 (0)
00:00:00.700510   Parallel1Irq        <integer> = 0x0000000000000000 (0)
00:00:00.700510   Serial0IoPortBase   <integer> = 0x0000000000000000 (0)
00:00:00.700511   Serial0Irq          <integer> = 0x0000000000000000 (0)
00:00:00.700512   Serial1IoPortBase   <integer> = 0x0000000000000000 (0)
00:00:00.700512   Serial1Irq          <integer> = 0x0000000000000000 (0)
00:00:00.700513   ShowCpu             <integer> = 0x0000000000000000 (0)
00:00:00.700514   ShowRtc             <integer> = 0x0000000000000000 (0)
00:00:00.700515   SmcEnabled          <integer> = 0x0000000000000000 (0)
00:00:00.700515 
00:00:00.700516 [/Devices/acpi/0/LUN#0/] (level 4)
00:00:00.700517   Driver <string>  = "ACPIHost" (cb=9)
00:00:00.700517 
00:00:00.700518 [/Devices/acpi/0/LUN#0/Config/] (level 5)
00:00:00.700519 
00:00:00.700519 [/Devices/apic/] (level 2)
00:00:00.700520 
00:00:00.700520 [/Devices/apic/0/] (level 3)
00:00:00.700521   Trusted <integer> = 0x0000000000000001 (1)
00:00:00.700521 
00:00:00.700522 [/Devices/apic/0/Config/] (level 4)
00:00:00.700523   IOAPIC  <integer> = 0x0000000000000000 (0)
00:00:00.700523   Mode    <integer> = 0x0000000000000002 (2)
00:00:00.700524   NumCPUs <integer> = 0x0000000000000001 (1)
00:00:00.700524 
00:00:00.700525 [/Devices/dp8390/] (level 2)
00:00:00.700525 
00:00:00.700526 [/Devices/e1000/] (level 2)
00:00:00.700526 
00:00:00.700526 [/Devices/i8254/] (level 2)
00:00:00.700527 
00:00:00.700527 [/Devices/i8254/0/] (level 3)
00:00:00.700528 
00:00:00.700528 [/Devices/i8254/0/Config/] (level 4)
00:00:00.700529 
00:00:00.700530 [/Devices/i8259/] (level 2)
00:00:00.700530 
00:00:00.700531 [/Devices/i8259/0/] (level 3)
00:00:00.700531   Trusted <integer> = 0x0000000000000001 (1)
00:00:00.700532 
00:00:00.700532 [/Devices/i8259/0/Config/] (level 4)
00:00:00.700533 
00:00:00.700533 [/Devices/mc146818/] (level 2)
00:00:00.700534 
00:00:00.700534 [/Devices/mc146818/0/] (level 3)
00:00:00.700535 
00:00:00.700535 [/Devices/mc146818/0/Config/] (level 4)
00:00:00.700536   UseUTC <integer> = 0x0000000000000000 (0)
00:00:00.700537 
00:00:00.700537 [/Devices/parallel/] (level 2)
00:00:00.700538 
00:00:00.700538 [/Devices/pcarch/] (level 2)
00:00:00.700539 
00:00:00.700539 [/Devices/pcarch/0/] (level 3)
00:00:00.700540   Trusted <integer> = 0x0000000000000001 (1)
00:00:00.700540 
00:00:00.700541 [/Devices/pcarch/0/Config/] (level 4)
00:00:00.700542 
00:00:00.700542 [/Devices/pcbios/] (level 2)
00:00:00.700543 
00:00:00.700543 [/Devices/pcbios/0/] (level 3)
00:00:00.700544   Trusted <integer> = 0x0000000000000001 (1)
00:00:00.700544 
00:00:00.700544 [/Devices/pcbios/0/Config/] (level 4)
00:00:00.700546   APIC            <integer> = 0x0000000000000001 (1)
00:00:00.700547   BootDevice0     <string>  = "IDE" (cb=4)
00:00:00.700547   BootDevice1     <string>  = "NONE" (cb=5)
00:00:00.700548   BootDevice2     <string>  = "NONE" (cb=5)
00:00:00.700549   BootDevice3     <string>  = "NONE" (cb=5)
00:00:00.700549   DmiSystemSerial <string>  = "VirtualBox-<DmiSystemUuid>" (cb=27)
00:00:00.700550   FloppyDevice    <string>  = "i82078" (cb=7)
00:00:00.700550   HardDiskDevice  <string>  = "piix3ide" (cb=9)
00:00:00.700551   IOAPIC          <integer> = 0x0000000000000000 (0)
00:00:00.700552   McfgBase        <integer> = 0x0000000000000000 (0)
00:00:00.700552   McfgLength      <integer> = 0x0000000000000000 (0)
00:00:00.700553   NumCPUs         <integer> = 0x0000000000000001 (1)
00:00:00.700554   PXEDebug        <integer> = 0x0000000000000000 (0)
00:00:00.700554   UUID            <bytes>   = "26 2b 76 af 4c b7 40 49 a8 a0 e4 71 7a 68 35 97" (cb=16)
00:00:00.700557   UuidLe          <integer> = 0x0000000000000001 (1)
00:00:00.700557 
00:00:00.700558 [/Devices/pcbios/0/Config/NetBoot/] (level 5)
00:00:00.700559 
00:00:00.700559 [/Devices/pcbios/0/Config/NetBoot/0/] (level 6)
00:00:00.700560   NIC           <integer> = 0x0000000000000000 (0)
00:00:00.700561   PCIBusNo      <integer> = 0x0000000000000000 (0)
00:00:00.700562   PCIDeviceNo   <integer> = 0x0000000000000003 (3)
00:00:00.700562   PCIFunctionNo <integer> = 0x0000000000000000 (0)
00:00:00.700563 
00:00:00.700563 [/Devices/pci/] (level 2)
00:00:00.700564 
00:00:00.700564 [/Devices/pci/0/] (level 3)
00:00:00.700565   Trusted <integer> = 0x0000000000000001 (1)
00:00:00.700566 
00:00:00.700566 [/Devices/pci/0/Config/] (level 4)
00:00:00.700567   IOAPIC <integer> = 0x0000000000000000 (0)
00:00:00.700567 
00:00:00.700568 [/Devices/pcibridge/] (level 2)
00:00:00.700568 
00:00:00.700569 [/Devices/pckbd/] (level 2)
00:00:00.700569 
00:00:00.700569 [/Devices/pckbd/0/] (level 3)
00:00:00.700570   Trusted <integer> = 0x0000000000000001 (1)
00:00:00.700571 
00:00:00.700571 [/Devices/pckbd/0/Config/] (level 4)
00:00:00.700572 
00:00:00.700572 [/Devices/pckbd/0/LUN#0/] (level 4)
00:00:00.700573   Driver <string>  = "KeyboardQueue" (cb=14)
00:00:00.700574 
00:00:00.700574 [/Devices/pckbd/0/LUN#0/AttachedDriver/] (level 5)
00:00:00.700575   Driver <string>  = "MainKeyboard" (cb=13)
00:00:00.700576 
00:00:00.700576 [/Devices/pckbd/0/LUN#0/Config/] (level 5)
00:00:00.700577   QueueSize <integer> = 0x0000000000000040 (64, 64 B)
00:00:00.700578 
00:00:00.700578 [/Devices/pckbd/0/LUN#1/] (level 4)
00:00:00.700579   Driver <string>  = "MouseQueue" (cb=11)
00:00:00.700580 
00:00:00.700580 [/Devices/pckbd/0/LUN#1/AttachedDriver/] (level 5)
00:00:00.700581   Driver <string>  = "MainMouse" (cb=10)
00:00:00.700582 
00:00:00.700582 [/Devices/pckbd/0/LUN#1/Config/] (level 5)
00:00:00.700583   QueueSize <integer> = 0x0000000000000080 (128, 128 B)
00:00:00.700584 
00:00:00.700584 [/Devices/pcnet/] (level 2)
00:00:00.700585 
00:00:00.700585 [/Devices/pcnet/0/] (level 3)
00:00:00.700586   PCIBusNo      <integer> = 0x0000000000000000 (0)
00:00:00.700587   PCIDeviceNo   <integer> = 0x0000000000000003 (3)
00:00:00.700587   PCIFunctionNo <integer> = 0x0000000000000000 (0)
00:00:00.700588   Trusted       <integer> = 0x0000000000000001 (1)
00:00:00.700588 
00:00:00.700589 [/Devices/pcnet/0/Config/] (level 4)
00:00:00.700590   CableConnected <integer> = 0x0000000000000001 (1)
00:00:00.700590   ChipType       <string>  = "Am79C973" (cb=9)
00:00:00.700591   LineSpeed      <integer> = 0x0000000000000000 (0)
00:00:00.700592   MAC            <bytes>   = "08 00 27 53 a3 12" (cb=6)
00:00:00.700593 
00:00:00.700593 [/Devices/pcnet/0/LUN#0/] (level 4)
00:00:00.700594   Driver <string>  = "NAT" (cb=4)
00:00:00.700595 
00:00:00.700595 [/Devices/pcnet/0/LUN#0/Config/] (level 5)
00:00:00.700596   AliasMode          <integer> = 0x0000000000000000 (0)
00:00:00.700597   DNSProxy           <integer> = 0x0000000000000000 (0)
00:00:00.700598   EnableTFTP         <integer> = 0x0000000000000000 (0)
00:00:00.700599   ForwardBroadcast   <integer> = 0x0000000000000000 (0)
00:00:00.700599   LocalhostReachable <integer> = 0x0000000000000000 (0)
00:00:00.700600   Network            <string>  = "10.0.2.0/24" (cb=12)
00:00:00.700601   PassDomain         <integer> = 0x0000000000000001 (1)
00:00:00.700601   UseHostResolver    <integer> = 0x0000000000000000 (0)
00:00:00.700602 
00:00:00.700602 [/Devices/pcnet/0/LUN#999/] (level 4)
00:00:00.700603   Driver <string>  = "MainStatus" (cb=11)
00:00:00.700604 
00:00:00.700604 [/Devices/pcnet/0/LUN#999/Config/] (level 5)
00:00:00.700605   First                <integer> = 0x0000000000000000 (0)
00:00:00.700606   HasMediumAttachments <integer> = 0x0000000000000000 (0)
00:00:00.700607   Last                 <integer> = 0x0000000000000000 (0)
00:00:00.700607   iLedSet              <integer> = 0x0000000000000002 (2)
00:00:00.700608 
00:00:00.700609 [/Devices/piix3ide/] (level 2)
00:00:00.700609 
00:00:00.700609 [/Devices/piix3ide/0/] (level 3)
00:00:00.700610   PCIBusNo      <integer> = 0x0000000000000000 (0)
00:00:00.700611   PCIDeviceNo   <integer> = 0x0000000000000001 (1)
00:00:00.700612   PCIFunctionNo <integer> = 0x0000000000000001 (1)
00:00:00.700612   Trusted       <integer> = 0x0000000000000001 (1)
00:00:00.700613 
00:00:00.700613 [/Devices/piix3ide/0/Config/] (level 4)
00:00:00.700614   Type <string>  = "PIIX4" (cb=6)
00:00:00.700615 
00:00:00.700615 [/Devices/piix3ide/0/LUN#0/] (level 4)
00:00:00.700616   Driver <string>  = "VD" (cb=3)
00:00:00.700616 
00:00:00.700617 [/Devices/piix3ide/0/LUN#0/Config/] (level 5)
00:00:00.700618   Format    <string>  = "VDI" (cb=4)
00:00:00.700618   Mountable <integer> = 0x0000000000000000 (0)
00:00:00.700619   Path      <string>  = "C:\Users\RhythmicCarnage\Desktop\CyberStorm\deploy\virtualbox\CyberStorm.vdi" (cb=77)
00:00:00.700620   Type      <string>  = "HardDisk" (cb=9)
00:00:00.700620 
00:00:00.700621 [/Devices/piix3ide/0/LUN#0/Config/VDConfig/] (level 6)
00:00:00.700622   AllocationBlockSize <string>  = "1048576" (cb=8)
00:00:00.700622 
00:00:00.700623 [/Devices/piix3ide/0/LUN#999/] (level 4)
00:00:00.700623   Driver <string>  = "MainStatus" (cb=11)
00:00:00.700624 
00:00:00.700624 [/Devices/piix3ide/0/LUN#999/Config/] (level 5)
00:00:00.700625   DeviceInstance       <string>  = "piix3ide/0" (cb=11)
00:00:00.700626   First                <integer> = 0x0000000000000000 (0)
00:00:00.700627   HasMediumAttachments <integer> = 0x0000000000000001 (1)
00:00:00.700627   Last                 <integer> = 0x0000000000000003 (3)
00:00:00.700628   iLedSet              <integer> = 0x0000000000000001 (1)
00:00:00.700629 
00:00:00.700629 [/Devices/sb16/] (level 2)
00:00:00.700630 
00:00:00.700630 [/Devices/sb16/0/] (level 3)
00:00:00.700631   Trusted <integer> = 0x0000000000000001 (1)
00:00:00.700632 
00:00:00.700632 [/Devices/sb16/0/AudioConfig/] (level 4)
00:00:00.700633 
00:00:00.700633 [/Devices/sb16/0/Config/] (level 4)
00:00:00.700634   DMA          <integer> = 0x0000000000000001 (1)
00:00:00.700635   DMA16        <integer> = 0x0000000000000005 (5)
00:00:00.700636   DebugEnabled <integer> = 0x0000000000000000 (0)
00:00:00.700636   IRQ          <integer> = 0x0000000000000005 (5)
00:00:00.700637   Port         <integer> = 0x0000000000000220 (544)
00:00:00.700638   Version      <integer> = 0x0000000000000405 (1 029)
00:00:00.700639 
00:00:00.700639 [/Devices/sb16/0/LUN#0/] (level 4)
00:00:00.700640   Driver <string>  = "AUDIO" (cb=6)
00:00:00.700640 
00:00:00.700640 [/Devices/sb16/0/LUN#0/AttachedDriver/] (level 5)
00:00:00.700642   Driver <string>  = "HostAudioWas" (cb=13)
00:00:00.700642 
00:00:00.700642 [/Devices/sb16/0/LUN#0/AttachedDriver/Config/] (level 6)
00:00:00.700644   VmName <string>  = "CyberStorm" (cb=11)
00:00:00.700644   VmUuid <string>  = "af762b26-b74c-4940-a8a0-e4717a683597" (cb=37)
00:00:00.700645 
00:00:00.700645 [/Devices/sb16/0/LUN#0/Config/] (level 5)
00:00:00.700646   DriverName    <string>  = "HostAudioWas" (cb=13)
00:00:00.700647   InputEnabled  <integer> = 0x0000000000000000 (0)
00:00:00.700647   OutputEnabled <integer> = 0x0000000000000001 (1)
00:00:00.700648 
00:00:00.700648 [/Devices/sb16/0/LUN#1/] (level 4)
00:00:00.700649   Driver <string>  = "AUDIO" (cb=6)
00:00:00.700650 
00:00:00.700650 [/Devices/sb16/0/LUN#2/] (level 4)
00:00:00.700651   Driver <string>  = "AUDIO" (cb=6)
00:00:00.700651 
00:00:00.700651 [/Devices/serial/] (level 2)
00:00:00.700652 
00:00:00.700652 [/Devices/vga/] (level 2)
00:00:00.700653 
00:00:00.700653 [/Devices/vga/0/] (level 3)
00:00:00.700654   PCIBusNo      <integer> = 0x0000000000000000 (0)
00:00:00.700655   PCIDeviceNo   <integer> = 0x0000000000000002 (2)
00:00:00.700656   PCIFunctionNo <integer> = 0x0000000000000000 (0)
00:00:00.700656   Trusted       <integer> = 0x0000000000000001 (1)
00:00:00.700657 
00:00:00.700657 [/Devices/vga/0/Config/] (level 4)
00:00:00.700658   3DEnabled             <integer> = 0x0000000000000000 (0)
00:00:00.700659   CustomVideoModes      <integer> = 0x0000000000000000 (0)
00:00:00.700660   FadeIn                <integer> = 0x0000000000000001 (1)
00:00:00.700661   FadeOut               <integer> = 0x0000000000000001 (1)
00:00:00.700661   HeightReduction       <integer> = 0x0000000000000000 (0)
00:00:00.700662   LogoFile              <string>  = "" (cb=1)
00:00:00.700663   LogoTime              <integer> = 0x0000000000000000 (0)
00:00:00.700664   MonitorCount          <integer> = 0x0000000000000001 (1)
00:00:00.700664   ShowBootMenu          <integer> = 0x0000000000000002 (2)
00:00:00.700665   VMSVGA3dEnabled       <integer> = 0x0000000000000000 (0)
00:00:00.700666   VMSVGAEnabled         <integer> = 0x0000000000000001 (1)
00:00:00.700666   VRamSize              <integer> = 0x0000000001000000 (16 777 216, 16.0 MiB)
00:00:00.700668   VmSvga3               <integer> = 0x0000000000000000 (0)
00:00:00.700669   VmSvgaExposeLegacyVga <integer> = 0x0000000000000001 (1)
00:00:00.700669 
00:00:00.700670 [/Devices/vga/0/LUN#0/] (level 4)
00:00:00.700671   Driver <string>  = "MainDisplay" (cb=12)
00:00:00.700671 
00:00:00.700671 [/Devices/vga/0/LUN#0/Config/] (level 5)
00:00:00.700672 
00:00:00.700673 [/Devices/vga/0/LUN#999/] (level 4)
00:00:00.700673   Driver <string>  = "MainStatus" (cb=11)
00:00:00.700674 
00:00:00.700675 [/Devices/vga/0/LUN#999/Config/] (level 5)
00:00:00.700676   First                <integer> = 0x0000000000000000 (0)
00:00:00.700677   HasMediumAttachments <integer> = 0x0000000000000000 (0)
00:00:00.700678   Last                 <integer> = 0x0000000000000000 (0)
00:00:00.700679   iLedSet              <integer> = 0x0000000000000000 (0)
00:00:00.700680 
00:00:00.700681 [/Devices/virtio-net/] (level 2)
00:00:00.700682 
00:00:00.700682 [/EM/] (level 1)
00:00:00.700683   TripleFaultReset <integer> = 0x0000000000000000 (0)
00:00:00.700684 
00:00:00.700684 [/GCM/] (level 1)
00:00:00.700685 
00:00:00.700685 [/GIM/] (level 1)
00:00:00.700686   Provider <string>  = "None" (cb=5)
00:00:00.700687 
00:00:00.700687 [/HM/] (level 1)
00:00:00.700689   64bitEnabled        <integer> = 0x0000000000000000 (0)
00:00:00.700690   EnableLargePages    <integer> = 0x0000000000000001 (1)
00:00:00.700692   EnableNestedPaging  <integer> = 0x0000000000000001 (1)
00:00:00.700693   EnableUX            <integer> = 0x0000000000000001 (1)
00:00:00.700695   EnableVPID          <integer> = 0x0000000000000001 (1)
00:00:00.700696   Exclusive           <integer> = 0x000000000000006e (110)
00:00:00.700697   HMForced            <integer> = 0x0000000000000001 (1)
00:00:00.700698   IBPBOnVMEntry       <integer> = 0x0000000000000000 (0)
00:00:00.700699   IBPBOnVMExit        <integer> = 0x0000000000000000 (0)
00:00:00.700700   L1DFlushOnSched     <integer> = 0x0000000000000001 (1)
00:00:00.700701   L1DFlushOnVMEntry   <integer> = 0x0000000000000000 (0)
00:00:00.700702   MDSClearOnSched     <integer> = 0x0000000000000001 (1)
00:00:00.700702   MDSClearOnVMEntry   <integer> = 0x0000000000000000 (0)
00:00:00.700703   SpecCtrlByHost      <integer> = 0x0000000000000000 (0)
00:00:00.700704   SvmVirtVmsaveVmload <integer> = 0x0000000000000000 (0)
00:00:00.700705   UseNEMInstead       <integer> = 0x0000000000000000 (0)
00:00:00.700705 
00:00:00.700706 [/MM/] (level 1)
00:00:00.700706   CanUseLargerHeap <integer> = 0x0000000000000000 (0)
00:00:00.700707 
00:00:00.700707 [/NEM/] (level 1)
00:00:00.700708   Allow64BitGuests  <integer> = 0x0000000000000000 (0)
00:00:00.700709   IBPBOnVMEntry     <integer> = 0x0000000000000000 (0)
00:00:00.700710   IBPBOnVMExit      <integer> = 0x0000000000000000 (0)
00:00:00.700711   L1DFlushOnSched   <integer> = 0x0000000000000001 (1)
00:00:00.700712   L1DFlushOnVMEntry <integer> = 0x0000000000000000 (0)
00:00:00.700712   MDSClearOnSched   <integer> = 0x0000000000000001 (1)
00:00:00.700714   MDSClearOnVMEntry <integer> = 0x0000000000000000 (0)
00:00:00.700716 
00:00:00.700717 [/PDM/] (level 1)
00:00:00.700718 
00:00:00.700718 [/PDM/AsyncCompletion/] (level 2)
00:00:00.700721 
00:00:00.700722 [/PDM/AsyncCompletion/File/] (level 3)
00:00:00.700723 
00:00:00.700723 [/PDM/AsyncCompletion/File/BwGroups/] (level 4)
00:00:00.700725 
00:00:00.700725 [/PDM/BlkCache/] (level 2)
00:00:00.700726   CacheSize <integer> = 0x0000000000500000 (5 242 880, 5.0 MiB)
00:00:00.700727 
00:00:00.700728 [/PDM/Devices/] (level 2)
00:00:00.700729 
00:00:00.700729 [/PDM/Drivers/] (level 2)
00:00:00.700730 
00:00:00.700730 [/PDM/Drivers/VBoxC/] (level 3)
00:00:00.700732   Path <string>  = "VBoxC" (cb=6)
00:00:00.700732 
00:00:00.700732 [/PDM/NetworkShaper/] (level 2)
00:00:00.700733 
00:00:00.700734 [/PDM/NetworkShaper/BwGroups/] (level 3)
00:00:00.700735 
00:00:00.700735 [/TM/] (level 1)
00:00:00.700736   UTCOffset <integer> = 0x0000000000000000 (0)
00:00:00.700736 
00:00:00.700737 ********************* End of CFGM dump **********************
00:00:00.700815 HM: HMR3Init: Attempting fall back to NEM: AMD-V is not available
00:00:00.760270 NEM:  info: Found optional import WinHvPlatform.dll!WHvQueryGpaRangeDirtyBitmap.
00:00:00.760286 NEM:  info: Found optional import WinHvPlatform.dll!WHvResumePartitionTime.
00:00:00.760290 NEM:  info: Found optional import WinHvPlatform.dll!WHvSuspendPartitionTime.
00:00:00.760294 NEM:  info: Found optional import WinHvPlatform.dll!WHvRequestInterrupt.
00:00:00.760297 NEM:  info: Found optional import WinHvPlatform.dll!WHvGetVirtualProcessorXsaveState.
00:00:00.760300 NEM:  info: Found optional import WinHvPlatform.dll!WHvSetVirtualProcessorXsaveState.
00:00:00.760305 NEM:  info: Failed to import WinHvPlatform.dll!WHvGetVirtualProcessorState: VERR_SYMBOL_NOT_FOUND
00:00:00.760322 NEM:  info: Failed to import WinHvPlatform.dll!WHvSetVirtualProcessorState: VERR_SYMBOL_NOT_FOUND
00:00:00.760326 NEM:  info: Found optional import WinHvPlatform.dll!WHvGetVirtualProcessorInterruptControllerState.
00:00:00.760329 NEM:  info: Found optional import WinHvPlatform.dll!WHvSetVirtualProcessorInterruptControllerState.
00:00:00.760333 NEM:  info: Found optional import WinHvPlatform.dll!WHvGetVirtualProcessorInterruptControllerState2.
00:00:00.760336 NEM:  info: Found optional import WinHvPlatform.dll!WHvSetVirtualProcessorInterruptControllerState2.
00:00:00.760340 NEM:  info: Found optional import vid.dll!VidGetHvPartitionId.
00:00:00.760344 NEM:  info: Found optional import vid.dll!VidGetPartitionProperty.
00:00:00.760399 NEM: WHvCapabilityCodeHypervisorPresent is TRUE, so this might work...
00:00:00.760404 NEM: WHvCapabilityCodeExtendedVmExits      = 0x00000000000003ff
00:00:00.760408 NEM:                           X64CpuidExit: 1
00:00:00.760412 NEM:                             X64MsrExit: 1
00:00:00.760415 NEM:                          ExceptionExit: 1
00:00:00.760419 NEM:                           X64RdtscExit: 1
00:00:00.760422 NEM:                     X64ApicSmiExitTrap: 1
00:00:00.760425 NEM:                          HypercallExit: 1
00:00:00.760428 NEM:                X64ApicInitSipiExitTrap: 1
00:00:00.760431 NEM:              X64ApicWriteLint0ExitTrap: 1
00:00:00.760434 NEM:              X64ApicWriteLint1ExitTrap: 1
00:00:00.760437 NEM:                X64ApicWriteSvrExitTrap: 1
00:00:00.760440 NEM:                 UnknownSynicConnection: 0
00:00:00.760443 NEM:              RetargetUnknownVpciDevice: 0
00:00:00.760446 NEM:                X64ApicWriteLdrExitTrap: 0
00:00:00.760449 NEM:                X64ApicWriteDfrExitTrap: 0
00:00:00.760452 NEM:                     GpaAccessFaultExit: 0
00:00:00.760455 NEM: WHvCapabilityCodeFeatures             = 0x000000000000007f
00:00:00.760461 NEM:                           PartialUnmap: 1
00:00:00.760464 NEM:                     LocalApicEmulation: 1
00:00:00.760469 NEM:                                  Xsave: 1
00:00:00.760472 NEM:                      DirtyPageTracking: 1
00:00:00.760475 NEM:                     SpeculationControl: 1
00:00:00.760478 NEM:                         ApicRemoteRead: 1
00:00:00.760481 NEM:                            IdleSuspend: 1
00:00:00.760484 NEM:                VirtualPciDeviceSupport: 0
00:00:00.760487 NEM:                           IommuSupport: 0
00:00:00.760491 NEM:                         VpHotAddRemove: 0
00:00:00.760497 NEM: Supported xsave features: 0x381f
00:00:00.760500 NEM:                           XsaveSupport: 1
00:00:00.760504 NEM:                        XsaveoptSupport: 1
00:00:00.760507 NEM:                             AvxSupport: 1
00:00:00.760510 NEM:                            Avx2Support: 1
00:00:00.760513 NEM:                             FmaSupport: 1
00:00:00.760516 NEM:                             MpxSupport: 0
00:00:00.760519 NEM:                          Avx512Support: 0
00:00:00.760522 NEM:                        Avx512DQSupport: 0
00:00:00.760525 NEM:                        Avx512BWSupport: 0
00:00:00.760528 NEM:                        Avx512VLSupport: 0
00:00:00.760531 NEM:                       XsaveCompSupport: 1
00:00:00.760539 NEM:                 XsaveSupervisorSupport: 1
00:00:00.760543 NEM:                            Xcr1Support: 1
00:00:00.760547 NEM:                    Avx512BitalgSupport: 0
00:00:00.760550 NEM:                      Avx512IfmaSupport: 0
00:00:00.760553 NEM:                      Avx512VBmiSupport: 0
00:00:00.760556 NEM:                     Avx512VBmi2Support: 0
00:00:00.760559 NEM:                      Avx512VnniSupport: 0
00:00:00.760562 NEM:                            GfniSupport: 0
00:00:00.760565 NEM:                            VaesSupport: 0
00:00:00.760568 NEM:                 Avx512VPopcntdqSupport: 0
00:00:00.760571 NEM:                      VpclmulqdqSupport: 0
00:00:00.760574 NEM:                      Avx512Bf16Support: 0
00:00:00.760577 NEM:              Avx512Vp2IntersectSupport: 0
00:00:00.760580 NEM:                      Avx512Fp16Support: 0
00:00:00.760583 NEM:                             XfdSupport: 0
00:00:00.760586 NEM:                         AmxTileSupport: 0
00:00:00.760589 NEM:                         AmxBf16Support: 0
00:00:00.760592 NEM:                         AmxInt8Support: 0
00:00:00.760596 NEM:                         AvxVnniSupport: 0
00:00:00.760599 NEM: Supported exception exit bitmap: 0xf7dfb
00:00:00.760604 NEM: WHvCapabilityCodeProcessorVendor      = 0 - AMD
00:00:00.760611 NEM: WHvCapabilityCodeProcessorFeatures    = 0x000006cb66f39fbf
00:00:00.760615 NEM:                            Sse3Support: 1
00:00:00.760618 NEM:                        LahfSahfSupport: 1
00:00:00.760621 NEM:                           Ssse3Support: 1
00:00:00.760624 NEM:                          Sse4_1Support: 1
00:00:00.760629 NEM:                          Sse4_2Support: 1
00:00:00.760632 NEM:                           Sse4aSupport: 1
00:00:00.760635 NEM:                             XopSupport: 0
00:00:00.760638 NEM:                          PopCntSupport: 1
00:00:00.760642 NEM:                      Cmpxchg16bSupport: 1
00:00:00.760645 NEM:                       Altmovcr8Support: 1
00:00:00.760648 NEM:                           LzcntSupport: 1
00:00:00.760651 NEM:                     MisAlignSseSupport: 1
00:00:00.760654 NEM:                          MmxExtSupport: 1
00:00:00.760657 NEM:                        Amd3DNowSupport: 0
00:00:00.760660 NEM:                ExtendedAmd3DNowSupport: 0
00:00:00.760663 NEM:                         Page1GbSupport: 1
00:00:00.760666 NEM:                             AesSupport: 1
00:00:00.760669 NEM:                       PclmulqdqSupport: 1
00:00:00.760672 NEM:                            PcidSupport: 0
00:00:00.760675 NEM:                            Fma4Support: 0
00:00:00.760683 NEM:                            F16CSupport: 1
00:00:00.760687 NEM:                          RdRandSupport: 1
00:00:00.760690 NEM:                        RdWrFsGsSupport: 1
00:00:00.760693 NEM:                            SmepSupport: 1
00:00:00.760696 NEM:              EnhancedFastStringSupport: 0
00:00:00.760699 NEM:                            Bmi1Support: 1
00:00:00.760703 NEM:                            Bmi2Support: 1
00:00:00.760706 NEM:                              Reserved1: 0
00:00:00.760709 NEM:                           MovbeSupport: 1
00:00:00.760712 NEM:                          Npiep1Support: 1
00:00:00.760715 NEM:                   DepX87FPUSaveSupport: 0
00:00:00.760718 NEM:                          RdSeedSupport: 1
00:00:00.760721 NEM:                             AdxSupport: 1
00:00:00.760724 NEM:                   IntelPrefetchSupport: 0
00:00:00.760727 NEM:                            SmapSupport: 1
00:00:00.760730 NEM:                             HleSupport: 0
00:00:00.760733 NEM:                             RtmSupport: 0
00:00:00.760736 NEM:                          RdtscpSupport: 1
00:00:00.760739 NEM:                      ClflushoptSupport: 1
00:00:00.760743 NEM:                            ClwbSupport: 0
00:00:00.760746 NEM:                             ShaSupport: 1
00:00:00.760750 NEM:                X87PointersSavedSupport: 1
00:00:00.760755 NEM:                         InvpcidSupport: 0
00:00:00.760758 NEM:                            IbrsSupport: 0
00:00:00.760761 NEM:                           StibpSupport: 0
00:00:00.760764 NEM:                            IbpbSupport: 0
00:00:00.760767 NEM:                              Reserved2: 0
00:00:00.760770 NEM:                            SsbdSupport: 0
00:00:00.760773 NEM:                 FastShortRepMovSupport: 0
00:00:00.760776 NEM:                              Reserved3: 0
00:00:00.760780 NEM:                                 RdclNo: 0
00:00:00.760783 NEM:                         IbrsAllSupport: 0
00:00:00.760786 NEM:                              Reserved4: 0
00:00:00.760789 NEM:                                  SsbNo: 0
00:00:00.760792 NEM:                                 RsbANo: 0
00:00:00.760795 NEM:                              Reserved5: 0
00:00:00.760799 NEM:                           RdPidSupport: 0
00:00:00.760802 NEM:                            UmipSupport: 0
00:00:00.760805 NEM:                           MdsNoSupport: 0
00:00:00.760808 NEM:                         MdClearSupport: 0
00:00:00.760811 NEM:                           TaaNoSupport: 0
00:00:00.760814 NEM:                         TsxCtrlSupport: 0
00:00:00.760817 NEM:                              Reserved6: 0
00:00:00.760823 NEM: WHvCapabilityCodeProcessorClFlushSize = 2^8
00:00:00.760827 NEM: Warning! Unknown capability 0x4 returning: 3f 00 00 00 00 00 00 00 00 00 00 00 00 00 00 00 00 00 00 00 00 00 00 00
00:00:00.761250 NEM: Warning! Unknown capability 0x1003 returning: 1f 38 00 00 00 00 00 00 00 00 00 00 00 00 00 00 00 00 00 00 00 00 00 00
00:00:00.761267 NEM: Warning! Unknown capability 0x1004 returning: f0 89 82 e2 00 00 00 00 00 00 00 00 00 00 00 00 00 00 00 00 00 00 00 00
00:00:00.761273 NEM: Warning! Unknown capability 0x1005 returning: 00 c2 eb 0b 00 00 00 00 00 00 00 00 00 00 00 00 00 00 00 00 00 00 00 00
00:00:00.761278 NEM: Warning! Unknown capability 0x1006 returning: 02 00 00 00 00 00 00 00 bf 9f f3 66 cb 06 00 00 04 00 00 00 00 00 00 00
00:00:00.762027 NEM: Created partition 0000019b0af39890. APIC emulation mode: VirtualBox
00:00:00.762048 PGM: Enabling NEM mode
00:00:00.762114 NEM:
00:00:00.762114 NEM: NEMR3Init: Snail execution mode is active!
00:00:00.762114 NEM: Note! VirtualBox is not able to run at its full potential in this execution mode.
00:00:00.762114 NEM:       To see VirtualBox run at max speed you need to disable all Windows features
00:00:00.762114 NEM:       making use of Hyper-V.  That is a moving target, so google how and carefully
00:00:00.762115 NEM:       consider the consequences of disabling these features.
00:00:00.762115 NEM:
00:00:00.762136 CPUM: No hardware-virtualization capability detected
00:00:00.762140 CPUM: fXStateHostMask=0x7; host XCR0=0x7
00:00:00.764546 CPUM: Matched host CPU AMD 0x17/0x8/0x2 AMD_Zen_Ryzen with CPU DB entry 'AMD Ryzen 7 1800X Eight-Core' (AMD 0x17/0x1/0x1 AMD_Zen_Ryzen)
00:00:00.775762 CPUM: MXCSR_MASK=0x2ffff (host: 0x2ffff)
00:00:00.775808 CPUM: Microcode revision 0x08008202
00:00:00.775831 CPUM: MSR fudge: 0x00000017 IA32_PLATFORM_ID
00:00:00.775875 CPUM: MSR fudge: 0x000001a0 IA32_MISC_ENABLE
00:00:00.775893 CPUM: MSR fudge: 0x000002ff IA32_MTRR_DEF_TYPE
00:00:00.775910 CPUM: MSR fudge: 0x0000002c P4_EBC_FREQUENCY_ID
00:00:00.776007 CPUM: Set SSBD not required flag for AMD to work around some buggy Linux kernels!
00:00:00.776012 CPUM: Enabled MTRR read-write support
00:00:00.776017 CPUM: Enabled fixed-range MTRRs and 16 (virtualized) variable-range MTRRs
00:00:00.777624 NEM: HvPartitionPropertyProcessorVendor=0x0 (0)
00:00:00.777646 NEM: cbXSaveArea=832
00:00:00.777664 NEM: Default XSAVE area returned by Hyper-V
00:00:00.777665 00000083aaffdb70/0000: 00 00 00 00 00 00 00 00-00 00 00 00 00 00 00 00 ................
00:00:00.777668 00000083aaffdb80/0010: 00 00 00 00 00 00 00 00-80 1f 00 00 ff ff 02 00 ................
00:00:00.777670 00000083aaffdb90/0020: 00 00 00 00 00 00 00 00-00 00 00 00 00 00 00 00 ................
00:00:00.777672 00000083aaffdba0/0030: 00 00 00 00 00 00 00 00-00 00 00 00 00 00 00 00 ................
00:00:00.777673 00000083aaffdbb0/0040: 00 00 00 00 00 00 00 00-00 00 00 00 00 00 00 00 ................
00:00:00.777675 00000083aaffdbc0/0050: 00 00 00 00 00 00 00 00-00 00 00 00 00 00 00 00 ................
00:00:00.777677 00000083aaffdbd0/0060: 00 00 00 00 00 00 00 00-00 00 00 00 00 00 00 00 ................
00:00:00.777679 00000083aaffdbe0/0070: 00 00 00 00 00 00 00 00-00 00 00 00 00 00 00 00 ................
00:00:00.777680 00000083aaffdbf0/0080: 00 00 00 00 00 00 00 00-00 00 00 00 00 00 00 00 ................
00:00:00.777682 00000083aaffdc00/0090: 00 00 00 00 00 00 00 00-00 00 00 00 00 00 00 00 ................
00:00:00.777683 00000083aaffdc10/00a0: 00 00 00 00 00 00 00 00-00 00 00 00 00 00 00 00 ................
00:00:00.777685 00000083aaffdc20/00b0: 00 00 00 00 00 00 00 00-00 00 00 00 00 00 00 00 ................
00:00:00.777687 00000083aaffdc30/00c0: 00 00 00 00 00 00 00 00-00 00 00 00 00 00 00 00 ................
00:00:00.777688 00000083aaffdc40/00d0: 00 00 00 00 00 00 00 00-00 00 00 00 00 00 00 00 ................
00:00:00.777690 00000083aaffdc50/00e0: 00 00 00 00 00 00 00 00-00 00 00 00 00 00 00 00 ................
00:00:00.777692 00000083aaffdc60/00f0: 00 00 00 00 00 00 00 00-00 00 00 00 00 00 00 00 ................
00:00:00.777693 00000083aaffdc70/0100: 00 00 00 00 00 00 00 00-00 00 00 00 00 00 00 00 ................
00:00:00.777695 00000083aaffdc80/0110: 00 00 00 00 00 00 00 00-00 00 00 00 00 00 00 00 ................
00:00:00.777697 00000083aaffdc90/0120: 00 00 00 00 00 00 00 00-00 00 00 00 00 00 00 00 ................
00:00:00.777698 00000083aaffdca0/0130: 00 00 00 00 00 00 00 00-00 00 00 00 00 00 00 00 ................
00:00:00.777700 00000083aaffdcb0/0140: 00 00 00 00 00 00 00 00-00 00 00 00 00 00 00 00 ................
00:00:00.777702 00000083aaffdcc0/0150: 00 00 00 00 00 00 00 00-00 00 00 00 00 00 00 00 ................
00:00:00.777703 00000083aaffdcd0/0160: 00 00 00 00 00 00 00 00-00 00 00 00 00 00 00 00 ................
00:00:00.777705 00000083aaffdce0/0170: 00 00 00 00 00 00 00 00-00 00 00 00 00 00 00 00 ................
00:00:00.777707 00000083aaffdcf0/0180: 00 00 00 00 00 00 00 00-00 00 00 00 00 00 00 00 ................
00:00:00.777708 00000083aaffdd00/0190: 00 00 00 00 00 00 00 00-00 00 00 00 00 00 00 00 ................
00:00:00.777710 00000083aaffdd10/01a0: 00 00 00 00 00 00 00 00-00 00 00 00 00 00 00 00 ................
00:00:00.777711 00000083aaffdd20/01b0: 00 00 00 00 00 00 00 00-00 00 00 00 00 00 00 00 ................
00:00:00.777713 00000083aaffdd30/01c0: 00 00 00 00 00 00 00 00-00 00 00 00 00 00 00 00 ................
00:00:00.777715 00000083aaffdd40/01d0: 00 00 00 00 00 00 00 00-00 00 00 00 00 00 00 00 ................
00:00:00.777716 00000083aaffdd50/01e0: 00 00 00 00 00 00 00 00-00 00 00 00 00 00 00 00 ................
00:00:00.777718 00000083aaffdd60/01f0: 00 00 00 00 00 00 00 00-00 00 00 00 00 00 00 00 ................
00:00:00.777720 00000083aaffdd70/0200: 02 00 00 00 00 00 00 00-07 00 00 00 00 00 00 80 ................
00:00:00.777721 00000083aaffdd80/0210: 00 00 00 00 00 00 00 00-00 00 00 00 00 00 00 00 ................
00:00:00.777723 00000083aaffdd90/0220: 00 00 00 00 00 00 00 00-00 00 00 00 00 00 00 00 ................
00:00:00.777725 00000083aaffdda0/0230: 00 00 00 00 00 00 00 00-00 00 00 00 00 00 00 00 ................
00:00:00.777726 00000083aaffddb0/0240: 00 00 00 00 00 00 00 00-00 00 00 00 00 00 00 00 ................
00:00:00.777728 00000083aaffddc0/0250: 00 00 00 00 00 00 00 00-00 00 00 00 00 00 00 00 ................
00:00:00.777729 00000083aaffddd0/0260: 00 00 00 00 00 00 00 00-00 00 00 00 00 00 00 00 ................
00:00:00.777731 00000083aaffdde0/0270: 00 00 00 00 00 00 00 00-00 00 00 00 00 00 00 00 ................
00:00:00.777733 00000083aaffddf0/0280: 00 00 00 00 00 00 00 00-00 00 00 00 00 00 00 00 ................
00:00:00.777734 00000083aaffde00/0290: 00 00 00 00 00 00 00 00-00 00 00 00 00 00 00 00 ................
00:00:00.777736 00000083aaffde10/02a0: 00 00 00 00 00 00 00 00-00 00 00 00 00 00 00 00 ................
00:00:00.777738 00000083aaffde20/02b0: 00 00 00 00 00 00 00 00-00 00 00 00 00 00 00 00 ................
00:00:00.777739 00000083aaffde30/02c0: 00 00 00 00 00 00 00 00-00 00 00 00 00 00 00 00 ................
00:00:00.777741 00000083aaffde40/02d0: 00 00 00 00 00 00 00 00-00 00 00 00 00 00 00 00 ................
00:00:00.777743 00000083aaffde50/02e0: 00 00 00 00 00 00 00 00-00 00 00 00 00 00 00 00 ................
00:00:00.777744 00000083aaffde60/02f0: 00 00 00 00 00 00 00 00-00 00 00 00 00 00 00 00 ................
00:00:00.777746 00000083aaffde70/0300: 00 00 00 00 00 00 00 00-00 00 00 00 00 00 00 00 ................
00:00:00.777747 00000083aaffde80/0310: 00 00 00 00 00 00 00 00-00 00 00 00 00 00 00 00 ................
00:00:00.777749 00000083aaffde90/0320: 00 00 00 00 00 00 00 00-00 00 00 00 00 00 00 00 ................
00:00:00.777751 00000083aaffdea0/0330: 00 00 00 00 00 00 00 00-00 00 00 00 00 00 00 00 ................
00:00:00.777762 NEM: Successfully set up partition (device handle 0000000000000b40, partition ID 0x10d)
00:00:00.777940 PGM: Host paging mode: AMD64+PGE+NX
00:00:00.777951 PGM: PGMPool: cMaxPages=256 (u64MaxPages=64)
00:00:00.777954 PGM: pgmR3PoolInit: cMaxPages=0x100 cMaxUsers=0x200 cMaxPhysExts=0x200 fCacheEnable=true
00:00:00.792969 SUPLib: MEM_LARGE_PAGES works!
00:00:00.793252 TM: GIP - u32Mode=3 (Invariant) u32UpdateHz=93 u32UpdateIntervalNS=10741500 enmUseTscDelta=2 (Practically Zero) fGetGipCpu=0x2b cCpus=16
00:00:00.793259 TM: GIP - u64CpuHz=3 800 205 671 (0xe2828967)  SUPGetCpuHzFromGip => 3 800 205 671
00:00:00.793264 TM: GIP - CPU: iCpuSet=0x0 idCpu=0x0 idApic=0x0 iGipCpu=0x2 i64TSCDelta=0 enmState=3 u64CpuHz=3800199759(*) cErrors=0
00:00:00.793269 TM: GIP - CPU: iCpuSet=0x1 idCpu=0x1 idApic=0x1 iGipCpu=0x1 i64TSCDelta=0 enmState=3 u64CpuHz=3800206701(*) cErrors=0
00:00:00.793273 TM: GIP - CPU: iCpuSet=0x2 idCpu=0x2 idApic=0x2 iGipCpu=0x7 i64TSCDelta=0 enmState=3 u64CpuHz=3800205164(*) cErrors=0
00:00:00.793277 TM: GIP - CPU: iCpuSet=0x3 idCpu=0x3 idApic=0x3 iGipCpu=0x5 i64TSCDelta=0 enmState=3 u64CpuHz=3800205413(*) cErrors=0
00:00:00.793281 TM: GIP - CPU: iCpuSet=0x4 idCpu=0x4 idApic=0x4 iGipCpu=0x0 i64TSCDelta=0 enmState=3 u64CpuHz=3800205671(*) cErrors=0
00:00:00.793284 TM: GIP - CPU: iCpuSet=0x5 idCpu=0x5 idApic=0x5 iGipCpu=0x6 i64TSCDelta=0 enmState=3 u64CpuHz=3800205515(*) cErrors=0
00:00:00.793288 TM: GIP - CPU: iCpuSet=0x6 idCpu=0x6 idApic=0x6 iGipCpu=0x4 i64TSCDelta=0 enmState=3 u64CpuHz=3800205870(*) cErrors=0
00:00:00.793291 TM: GIP - CPU: iCpuSet=0x7 idCpu=0x7 idApic=0x7 iGipCpu=0x3 i64TSCDelta=0 enmState=3 u64CpuHz=3800204823(*) cErrors=0
00:00:00.793295 TM: GIP - CPU: iCpuSet=0x8 idCpu=0x8 idApic=0x8 iGipCpu=0xa i64TSCDelta=0 enmState=3 u64CpuHz=3800205628(*) cErrors=0
00:00:00.793298 TM: GIP - CPU: iCpuSet=0x9 idCpu=0x9 idApic=0x9 iGipCpu=0x8 i64TSCDelta=0 enmState=3 u64CpuHz=3800205576(*) cErrors=0
00:00:00.793302 TM: GIP - CPU: iCpuSet=0xa idCpu=0xa idApic=0xa iGipCpu=0xd i64TSCDelta=0 enmState=3 u64CpuHz=3800205529(*) cErrors=0
00:00:00.793305 TM: GIP - CPU: iCpuSet=0xb idCpu=0xb idApic=0xb iGipCpu=0xe i64TSCDelta=0 enmState=3 u64CpuHz=3800205671(*) cErrors=0
00:00:00.793309 TM: GIP - CPU: iCpuSet=0xc idCpu=0xc idApic=0xc iGipCpu=0x9 i64TSCDelta=0 enmState=3 u64CpuHz=3800205494(*) cErrors=0
00:00:00.793312 TM: GIP - CPU: iCpuSet=0xd idCpu=0xd idApic=0xd iGipCpu=0xc i64TSCDelta=0 enmState=3 u64CpuHz=3800205648(*) cErrors=0
00:00:00.793316 TM: GIP - CPU: iCpuSet=0xe idCpu=0xe idApic=0xe iGipCpu=0xf i64TSCDelta=0 enmState=3 u64CpuHz=3800206701(*) cErrors=0
00:00:00.793319 TM: GIP - CPU: iCpuSet=0xf idCpu=0xf idApic=0xf iGipCpu=0xb i64TSCDelta=0 enmState=3 u64CpuHz=3800205483(*) cErrors=0
00:00:00.793327 TM: NEM overrides the /TM/TSCModeSwitchAllowed setting.
00:00:00.793338 TM:     cTSCTicksPerSecond=3 800 205 671 (0xe2828967) enmTSCMode=4 (NativeApi) TSCMultiplier=1
00:00:00.793341 TM: cTSCTicksPerSecondHost=3 800 205 671 (0xe2828967)
00:00:00.793342 TM: TSCTiedToExecution=false TSCNotTiedToHalt=false
00:00:00.794003 EMR3Init: fIemExecutesAll=false fGuruOnTripleFault=true
00:00:00.794137 IEM: TargetCpu=CURRENT, Microarch=AMD_Zen_Ryzen aidxTargetCpuEflFlavour={2,0}
00:00:00.794576 GIM: Using provider 'None' (Implementation version: 0)
00:00:00.794590 GCM: Initialized - Fixer bits: 0x0
00:00:00.794646 AIOMgr: Default manager type is 'Async'
00:00:00.794650 AIOMgr: Default file backend is 'NonBuffered'
00:00:00.794693 BlkCache: Cache successfully initialized. Cache size is 5242880 bytes
00:00:00.794698 BlkCache: Cache commit interval is 10000 ms
00:00:00.794701 BlkCache: Cache commit threshold is 2621440 bytes
00:00:01.193468 PcBios: [SMP] BIOS with 1 CPUs
00:00:01.193490 PcBios: Using the 386+ BIOS image.
00:00:01.193852 PcBios: fCheckShutdownStatusForSoftReset=true  fClearShutdownStatusOnHardReset=true
00:00:01.194021 PDM: VirtualBox APIC backend registered
00:00:01.194088 CPUM: SetGuestCpuIdFeature: Enabled xAPIC
00:00:01.194460 PIT: mode=3 count=0x10000 (65536) - 18.20 Hz (ch=0)
00:00:01.194619 VMMDev: cbDefaultBudget: 1 073 741 824 (40000000)
00:00:01.210769 Shared Folders service loaded
00:00:01.223213 Guest Control service loaded
00:00:01.240369 VGA: Using the 386+ BIOS image.
00:00:01.241813 DrvVD: Flushes will be ignored
00:00:01.241822 DrvVD: Async flushes will be passed to the disk
00:00:01.242147 VD: VDInit finished with VINF_SUCCESS
00:00:01.242255 VD: Opening the disk took 416104 ns
00:00:01.242302 PIIX3 ATA: LUN#0: disk, PCHS=65/16/63, total number of sectors 65536
00:00:01.242351 PIIX3 ATA: LUN#1: no unit
00:00:01.242395 PIIX3 ATA: LUN#2: no unit
00:00:01.242401 PIIX3 ATA: LUN#3: no unit
00:00:01.242464 PIIX3 ATA: Ctl#1: finished processing RESET
00:00:01.242497 PIIX3 ATA: Ctl#0: finished processing RESET
00:00:01.256299 Audio Mixer: Setting sink 'SB16 Mixer/PCM Output' -- channel volumes: ba ba ba ba ba ba ba ba ba ba ba ba
00:00:01.281362 WasAPI: Input device is: {Default} (iface 0000019b0af41810)
00:00:01.283343 WasAPI: Output device is: {Default} (iface 0000019b0af41270)
00:00:01.289100 Audio: Found 9 devices for driver 'WasAPI'
00:00:01.289112 Audio: Device 'Headphones (High Definition Audio Device)':
00:00:01.289113 Audio:   ID              = {0.0.0.00000000}.{12380492-75b7-42bc-b789-0d1d8d1f4e3b}
00:00:01.289113 Audio:   Usage           = output
00:00:01.289114 Audio:   Flags           = DEFAULT_OUT
00:00:01.289114 Audio:   Input channels  = 0
00:00:01.289115 Audio:   Output channels = 2
00:00:01.289118 Audio: Device 'Headphones (High Definition Audio Device)':
00:00:01.289119 Audio:   ID              = {0.0.0.00000000}.{12380492-75b7-42bc-b789-0d1d8d1f4e3b}
00:00:01.289119 Audio:   Usage           = output
00:00:01.289119 Audio:   Flags           = NONE
00:00:01.289120 Audio:   Input channels  = 0
00:00:01.289120 Audio:   Output channels = 2
00:00:01.289123 Audio: Device 'Digital Audio (S/PDIF) (High Definition Audio Device)':
00:00:01.289124 Audio:   ID              = {0.0.0.00000000}.{2ca71d41-bb09-4c97-9aaf-cabbc6fbe5ab}
00:00:01.289124 Audio:   Usage           = output
00:00:01.289124 Audio:   Flags           = NONE
00:00:01.289124 Audio:   Input channels  = 0
00:00:01.289125 Audio:   Output channels = 2
00:00:01.289128 Audio: Device '100012589 (NVIDIA High Definition Audio)':
00:00:01.289128 Audio:   ID              = {0.0.0.00000000}.{3f36c4ff-500a-4cd3-9a35-77b5981f1155}
00:00:01.289129 Audio:   Usage           = output
00:00:01.289129 Audio:   Flags           = NONE
00:00:01.289129 Audio:   Input channels  = 0
00:00:01.289129 Audio:   Output channels = 2
00:00:01.289132 Audio: Device 'Speakers (2- USB Audio CODEC )':
00:00:01.289133 Audio:   ID              = {0.0.0.00000000}.{566bb4ca-cb36-4deb-843b-246f6c5c5982}
00:00:01.289133 Audio:   Usage           = output
00:00:01.289133 Audio:   Flags           = NONE
00:00:01.289133 Audio:   Input channels  = 0
00:00:01.289134 Audio:   Output channels = 2
00:00:01.289142 Audio: Device '100012589 (NVIDIA High Definition Audio)':
00:00:01.289142 Audio:   ID              = {0.0.0.00000000}.{fdb7b4cc-b13a-4c66-ac46-5302e0b66d2f}
00:00:01.289142 Audio:   Usage           = output
00:00:01.289143 Audio:   Flags           = NONE
00:00:01.289143 Audio:   Input channels  = 0
00:00:01.289143 Audio:   Output channels = 2
00:00:01.289148 Audio: Device 'Microphone (NexiGo HD Webcam Audio)':
00:00:01.289149 Audio:   ID              = {0.0.1.00000000}.{8830d0fa-5126-4de0-babf-090349e9c6f6}
00:00:01.289149 Audio:   Usage           = input
00:00:01.289149 Audio:   Flags           = DEFAULT_IN
00:00:01.289150 Audio:   Input channels  = 2
00:00:01.289150 Audio:   Output channels = 0
00:00:01.289153 Audio: Device 'Microphone (2- USB Audio CODEC )':
00:00:01.289153 Audio:   ID              = {0.0.1.00000000}.{2cdb81b1-e1eb-4201-a0a4-fc6057072946}
00:00:01.289154 Audio:   Usage           = input
00:00:01.289154 Audio:   Flags           = NONE
00:00:01.289154 Audio:   Input channels  = 1
00:00:01.289154 Audio:   Output channels = 0
00:00:01.289157 Audio: Device 'Microphone (NexiGo HD Webcam Audio)':
00:00:01.289158 Audio:   ID              = {0.0.1.00000000}.{8830d0fa-5126-4de0-babf-090349e9c6f6}
00:00:01.289158 Audio:   Usage           = input
00:00:01.289158 Audio:   Flags           = NONE
00:00:01.289158 Audio:   Input channels  = 2
00:00:01.289159 Audio:   Output channels = 0
00:00:01.289432 PGM: The CPU physical address width is 48 bits
00:00:01.289441 PGM: PGMR3InitFinalize: 4 MB PSE mask 0000ffffffffffff -> VINF_SUCCESS
00:00:01.289452 TM: TMR3InitFinalize: fTSCModeSwitchAllowed=false
00:00:01.289736 CPUM: Mapped 1.0MiB (1048576 bytes) of RAM using fixed-range MTRRs
00:00:01.289745 CPUM: Mapped 64.0MiB (67108864 bytes) of RAM using 1 variable-range MTRRs
00:00:01.289843 VMM: Thread-context hooks unavailable
00:00:01.289848 VMM: RTThreadPreemptIsPending() can be trusted
00:00:01.289851 VMM: Kernel preemption is possible
00:00:01.289862 EM: Exit history optimizations: enabled=true enabled-r0=true enabled-r0-no-preemption=false
00:00:01.291444 PcBios: ATA LUN#0 LCHS=65/16/63
00:00:01.291459 APIC: fPostedIntrsEnabled=false fVirtApicRegsEnabled=false fSupportsTscDeadline=false
00:00:01.291465 TMR3UtcNow: nsNow=1 777 054 263 852 107 500 nsPrev=0 -> cNsDelta=1 777 054 263 852 107 500 (offLag=0 offVirtualSync=0 offVirtualSyncGivenUp=0, NowAgain=1 777 054 263 852 107 500)
00:00:01.291535 VMM: fUsePeriodicPreemptionTimers=true
00:00:01.291542 CPUM: Logical host processors: 16 present, 16 max, 16 online, online mask: 000000000000ffff
00:00:01.291543 CPUM: Physical host cores: 8
00:00:01.291544 ************************ CPUID dump *************************
00:00:01.293873          Raw Standard CPUID Leaves
00:00:01.293873      Leaf/sub-leaf  eax      ebx      ecx      edx
00:00:01.293874 Gst: 00000000/0000  0000000d 68747541 444d4163 69746e65
00:00:01.293876 Hst:                0000000d 68747541 444d4163 69746e65
00:00:01.293877 Gst: 00000001/0000  00800f82 00010800 76d83203 178bfbbf
00:00:01.293877 Hst:                00800f82 04100800 fed83203 178bfbff
00:00:01.293878 Gst: 00000002/0000  00000000 00000000 00000000 00000000
00:00:01.293879 Hst:                00000000 00000000 00000000 00000000
00:00:01.293879 Gst: 00000003/0000  00000000 00000000 00000000 00000000
00:00:01.293880 Hst:                00000000 00000000 00000000 00000000
00:00:01.293880 Gst: 00000004/0000  00000000 00000000 00000000 00000000
00:00:01.293881 Hst:                00000000 00000000 00000000 00000000
00:00:01.293881 Gst: 00000005/0000  00000000 00000000 00000000 00000000
00:00:01.293882 Hst:                00000000 00000000 00000000 00000000
00:00:01.293883 Gst: 00000006/0000  00000004 00000000 00000000 00000000
00:00:01.293883 Hst:                00000000 00000000 00000001 00000000
00:00:01.293884 Gst: 00000007/0000  00000000 208c0129 00000000 00000000
00:00:01.293884 Hst:                00000000 209c01a9 00000000 00000000
00:00:01.293885 Gst: 00000007/0001  00000000 00000000 00000000 00000000
00:00:01.293885 Hst:                00000000 00000000 00000000 00000000
00:00:01.293886 Gst: 00000007/0002  00000000 00000000 00000000 00000000
00:00:01.293886 Hst:                00000000 00000000 00000000 00000000
00:00:01.293887 Gst: 00000008/0000  00000000 00000000 00000000 00000000
00:00:01.293888 Hst:                00000000 00000000 00000000 00000000
00:00:01.293888 Gst: 00000009/0000  00000000 00000000 00000000 00000000
00:00:01.293889 Hst:                00000000 00000000 00000000 00000000
00:00:01.293889 Gst: 0000000a/0000  00000000 00000000 00000000 00000000
00:00:01.293890 Hst:                00000000 00000000 00000000 00000000
00:00:01.293890 Gst: 0000000b/0000  00000000 00000000 00000000 00000000
00:00:01.293891 Hst:                00000000 00000000 00000000 00000000
00:00:01.293891 Gst: 0000000c/0000  00000000 00000000 00000000 00000000
00:00:01.293892 Hst:                00000000 00000000 00000000 00000000
00:00:01.293892 Gst: 0000000d/0000  00000007 00000340 00000340 00000000
00:00:01.293893 Hst:                00000007 00000340 00000340 00000000
00:00:01.293894 Gst: 0000000d/0001  00000000 00000340 00000000 00000000
00:00:01.293894 Hst:                0000000f 00000340 00000000 00000000
00:00:01.293895 Gst: 0000000d/0002  00000100 00000240 00000000 00000000
00:00:01.293895 Hst:                00000100 00000240 00000000 00000000
00:00:01.293896 Gst: 0000000d/0003  00000000 00000000 00000000 00000000
00:00:01.293896 Hst:                00000000 00000000 00000000 00000000
00:00:01.293897                                Name: AuthenticAMD
00:00:01.293898                            Supports: 0x00000000-0x0000000d
00:00:01.293899                              Family: 15 	Extended: 8 	Effective: 23
00:00:01.293900                               Model:  8 	Extended: 0 	Effective: 8
00:00:01.293901                            Stepping: 2
00:00:01.293902                                Type: 0 (primary)
00:00:01.293902                             APIC ID: 0x00
00:00:01.293903                        Logical CPUs: 1
00:00:01.293904                        CLFLUSH Size: 8
00:00:01.293904                            Brand ID: 0x00
00:00:01.293905 Features
00:00:01.293905   Mnemonic - Description                                  = Guest (Host)
00:00:01.293907   FPU - x87 FPU on Chip                                   = 1 (1)
00:00:01.293908   VME - Virtual 8086 Mode Enhancements                    = 1 (1)
00:00:01.293909   DE - Debugging extensions                               = 1 (1)
00:00:01.293910   PSE - Page Size Extension                               = 1 (1)
00:00:01.293911   TSC - Time Stamp Counter                                = 1 (1)
00:00:01.293913   MSR - Model Specific Registers                          = 1 (1)
00:00:01.293914   PAE - Physical Address Extension                        = 0 (1)
00:00:01.293914   MCE - Machine Check Exception                           = 1 (1)
00:00:01.293915   CX8 - CMPXCHG8B instruction                             = 1 (1)
00:00:01.293916   APIC - APIC On-Chip                                     = 1 (1)
00:00:01.293917   SEP - SYSENTER and SYSEXIT Present                      = 1 (1)
00:00:01.293918   MTRR - Memory Type Range Registers                      = 1 (1)
00:00:01.293918   PGE - PTE Global Bit                                    = 1 (1)
00:00:01.293919   MCA - Machine Check Architecture                        = 1 (1)
00:00:01.293920   CMOV - Conditional Move instructions                    = 1 (1)
00:00:01.293921   PAT - Page Attribute Table                              = 1 (1)
00:00:01.293922   PSE-36 - 36-bit Page Size Extension                     = 1 (1)
00:00:01.293923   PSN - Processor Serial Number                           = 0 (0)
00:00:01.293923   CLFSH - CLFLUSH instruction                             = 1 (1)
00:00:01.293924   DS - Debug Store                                        = 0 (0)
00:00:01.293925   ACPI - Thermal Mon. & Soft. Clock Ctrl.                 = 0 (0)
00:00:01.293926   MMX - Intel MMX Technology                              = 1 (1)
00:00:01.293927   FXSR - FXSAVE and FXRSTOR instructions                  = 1 (1)
00:00:01.293927   SSE - SSE support                                       = 1 (1)
00:00:01.293928   SSE2 - SSE2 support                                     = 1 (1)
00:00:01.293929   SS - Self Snoop                                         = 0 (0)
00:00:01.293930   HTT - Hyper-Threading Technology                        = 1 (1)
00:00:01.293931   TM - Therm. Monitor                                     = 0 (0)
00:00:01.293932   PBE - Pending Break Enabled                             = 0 (0)
00:00:01.293933   SSE3 - SSE3 support                                     = 1 (1)
00:00:01.293933   PCLMUL - PCLMULQDQ support (for AES-GCM)                = 1 (1)
00:00:01.293934   DTES64 - DS Area 64-bit Layout                          = 0 (0)
00:00:01.293935   MONITOR - MONITOR/MWAIT instructions                    = 0 (0)
00:00:01.293936   CPL-DS - CPL Qualified Debug Store                      = 0 (0)
00:00:01.293936   VMX - Virtual Machine Extensions                        = 0 (0)
00:00:01.293937   SMX - Safer Mode Extensions                             = 0 (0)
00:00:01.293938   EST - Enhanced SpeedStep Technology                     = 0 (0)
00:00:01.293939   TM2 - Terminal Monitor 2                                = 0 (0)
00:00:01.293939   SSSE3 - Supplemental Streaming SIMD Extensions 3        = 1 (1)
00:00:01.293940   CNTX-ID - L1 Context ID                                 = 0 (0)
00:00:01.293941   SDBG - Silicon Debug interface                          = 0 (0)
00:00:01.293942   FMA - Fused Multiply Add extensions                     = 1 (1)
00:00:01.293942   CX16 - CMPXCHG16B instruction                           = 1 (1)
00:00:01.293943   TPRUPDATE - xTPR Update Control                         = 0 (0)
00:00:01.293944   PDCM - Perf/Debug Capability MSR                        = 0 (0)
00:00:01.293945   PCID - Process Context Identifiers                      = 0 (0)
00:00:01.293946   DCA - Direct Cache Access                               = 0 (0)
00:00:01.293946   SSE4_1 - SSE4_1 support                                 = 1 (1)
00:00:01.293947   SSE4_2 - SSE4_2 support                                 = 1 (1)
00:00:01.293948   X2APIC - x2APIC support                                 = 0 (0)
00:00:01.293949   MOVBE - MOVBE instruction                               = 1 (1)
00:00:01.293950   POPCNT - POPCNT instruction                             = 1 (1)
00:00:01.293951   TSCDEADL - Time Stamp Counter Deadline                  = 0 (0)
00:00:01.293951   AES - AES instructions                                  = 1 (1)
00:00:01.293952   XSAVE - XSAVE instruction                               = 1 (1)
00:00:01.293953   OSXSAVE - OSXSAVE instruction                           = 0 (1)
00:00:01.293954   AVX - AVX support                                       = 1 (1)
00:00:01.293955   F16C - 16-bit floating point conversion instructions    = 1 (1)
00:00:01.293955   RDRAND - RDRAND instruction                             = 1 (1)
00:00:01.293956   HVP - Hypervisor Present (we're a guest)                = 0 (1)
00:00:01.293957 Structured Extended Feature Flags Enumeration (leaf 7):
00:00:01.293957 Sub-leaf 0
00:00:01.293957   Mnemonic - Description                                  = Guest (Host)
00:00:01.293958   FSGSBASE - RDFSBASE/RDGSBASE/WRFSBASE/WRGSBASE instr.   = 1 (1)
00:00:01.293959   TSCADJUST - Supports MSR_IA32_TSC_ADJUST                = 0 (0)
00:00:01.293960   SGX - Supports Software Guard Extensions                = 0 (0)
00:00:01.293960   BMI1 - Advanced Bit Manipulation extension 1            = 1 (1)
00:00:01.293961   HLE - Hardware Lock Elision                             = 0 (0)
00:00:01.293962   AVX2 - Advanced Vector Extensions 2                     = 1 (1)
00:00:01.293964   FDP_EXCPTN_ONLY - FPU DP only updated on exceptions     = 0 (0)
00:00:01.293964   SMEP - Supervisor Mode Execution Prevention             = 0 (1)
00:00:01.293965   BMI2 - Advanced Bit Manipulation extension 2            = 1 (1)
00:00:01.293966   ERMS - Enhanced REP MOVSB/STOSB instructions            = 0 (0)
00:00:01.293966   INVPCID - INVPCID instruction                           = 0 (0)
00:00:01.293967   RTM - Restricted Transactional Memory                   = 0 (0)
00:00:01.293968   PQM - Platform Quality of Service Monitoring            = 0 (0)
00:00:01.293969   DEPFPU_CS_DS - Deprecates FPU CS, FPU DS values if set  = 0 (0)
00:00:01.293969   MPE - Intel Memory Protection Extensions                = 0 (0)
00:00:01.293970   PQE - Platform Quality of Service Enforcement           = 0 (0)
00:00:01.293971   AVX512F - AVX512 Foundation instructions                = 0 (0)
00:00:01.293971   AVX512DQ - Supports the AVX512DQ instructions           = 0 (0)
00:00:01.293972   RDSEED - RDSEED instruction                             = 1 (1)
00:00:01.293973   ADX - ADCX/ADOX instructions                            = 1 (1)
00:00:01.293974   SMAP - Supervisor Mode Access Prevention                = 0 (1)
00:00:01.293974   AVX512_IFMA - Supports the AVX512_IFMA instructions     = 0 (0)
00:00:01.293975   CLFLUSHOPT - CLFLUSHOPT (Cache Line Flush) instruction  = 1 (1)
00:00:01.293976   CLWB - CLWB instruction                                 = 0 (0)
00:00:01.293976   INTEL_PT - Intel Processor Trace                        = 0 (0)
00:00:01.293977   AVX512PF - AVX512 Prefetch instructions                 = 0 (0)
00:00:01.293978   AVX512ER - AVX512 Exponential & Reciprocal instructions = 0 (0)
00:00:01.293978   AVX512CD - AVX512 Conflict Detection instructions       = 0 (0)
00:00:01.293979   SHA - Secure Hash Algorithm extensions                  = 1 (1)
00:00:01.293980   AVX512BW - Supports the AVX512BW instructions           = 0 (0)
00:00:01.293980   AVX512VL - Supports the AVX512VL instructions           = 0 (0)
00:00:01.293981   PREFETCHWT1 - PREFETCHWT1 instruction                   = 0 (0)
00:00:01.293982   AVX512_VBMI - Supports the AVX512_VBMI instructions     = 0 (0)
00:00:01.293982   UMIP - User mode insturction prevention                 = 0 (0)
00:00:01.293983   PKU - Protection Key for Usermode pages                 = 0 (0)
00:00:01.293984   OSPKE - CR4.PKU mirror                                  = 0 (0)
00:00:01.293985   WAITPKG - TPAUSE, UMONITOR & UMWAIT support             = 0 (0)
00:00:01.293985   AVX512_VBMI2 - Supports the AVX512_VBMI2 instructions   = 0 (0)
00:00:01.293986   CET_SS - CET shadow stack support                       = 0 (0)
00:00:01.293987   GFNI - Supports the GFNI instruction set                = 0 (0)
00:00:01.293987   VAES - Supports the VEX encoded AES instruction set     = 0 (0)
00:00:01.293988   VPCLMULQDQ - Supports the VPCLMULQDQ instruction        = 0 (0)
00:00:01.293989   AVX512_VNNI - Supports the AVX512_VNNI instructions     = 0 (0)
00:00:01.293989   AVX512_BITALG - Supports the AVX512_BITALG instructions = 0 (0)
00:00:01.293990   TME_EN - Supports 4 IA32_TME_ MSRs                      = 0 (0)
00:00:01.293991   AVX512_VPOPCNTDQ - Supports the AVX512_VPOPCNTDQ instructions = 0 (0)
00:00:01.293991   LA57 - 57-bit linear addresses                          = 0 (0)
00:00:01.293992   MAWAU - Value used by BNDLDX & BNDSTX                   = 0x0 (0x0)
00:00:01.293993   RDPID - Read processor ID support                       = 0 (0)
00:00:01.293994   KEY_LOCKER - Supports Key Locker                        = 0 (0)
00:00:01.293994   BUS_LOCK_DETECT - Supports OS bus-lock detection        = 0 (0)
00:00:01.293995   CLDEMOTE - Supports cache line demote                   = 0 (0)
00:00:01.293996   MOVDIRI - Supports the MOVDIRI instruction              = 0 (0)
00:00:01.293996   MOVDIRI64B - Supports the MOVDIRI64B instruction        = 0 (0)
00:00:01.293997   ENQCMD - Supports the Eqnqueue Stores                   = 0 (0)
00:00:01.293998   SGX_LC - Supports SGX Launch Configuration              = 0 (0)
00:00:01.293999   PKS - Supports protection keys for supervisor pages     = 0 (0)
00:00:01.293999  Sub-leaf 2
00:00:01.294000   Mnemonic - Description                                  = Guest (Host)
00:00:01.294001   PSFD - Supports IA32_SPEC_CTRL[7] (PSFD)                = 0 (0)
00:00:01.294002   IPRED_CTRL - Supports IA32_SPEC_CTRL[4:3] (IPRED_DIS)   = 0 (0)
00:00:01.294003   RRSBA_CTRL - Supports IA32_SPEC_CTRL[6:5] (RRSBA_DIS)   = 0 (0)
00:00:01.294003   DDPD_U - Supports IA32_SPEC_CTRL[8] (DDPD_U)            = 0 (0)
00:00:01.294004   BHI_CTRL - Supports IA32_SPEC_CTRL[10] (BHI_DIS_S)      = 0 (0)
00:00:01.294005   MCDT_NO - No MXCSR Config Dependent Timing issues       = 0 (0)
00:00:01.294005   UC_LOCK_DIS - Supports UC-lock disable and causing #AC  = 0 (0)
00:00:01.294006   MONITOR_MITG_NO - No MONITOR/UMONITOR power issues      = 0 (0)
00:00:01.294007 Processor Extended State Enumeration (leaf 0xd):
00:00:01.294007    XSAVE area cur/max size by XCR0, Guest: 0x340/0x340
00:00:01.294008    XSAVE area cur/max size by XCR0,  Host: 0x340/0x340
00:00:01.294008                    Valid XCR0 bits, Guest: 0x00000000`00000007 ( x87 SSE YMM_Hi128 )
00:00:01.294010                    Valid XCR0 bits,  Host: 0x00000000`00000007 ( x87 SSE YMM_Hi128 )
00:00:01.294012                     XSAVE features, Guest
00:00:01.294012                     XSAVE features,  Host XSAVEOPT XSAVEC XGETBC1 XSAVES
00:00:01.294014       XSAVE area cur size XCR0|XSS, Guest: 0x340
00:00:01.294014       XSAVE area cur size XCR0|XSS,  Host: 0x340
00:00:01.294015                Valid IA32_XSS bits, Guest: 0x00000000`00000000
00:00:01.294015                Valid IA32_XSS bits,  Host: 0x00000000`00000000
00:00:01.294016   State #2, Guest: off=0x0240, cb=0x0100 IA32_XSS-bit -- YMM_Hi128
00:00:01.294017   State #2,  Host:  off=0x0240, cb=0x0100 IA32_XSS-bit -- YMM_Hi128
00:00:01.294022          Raw Hypervisor CPUID Leaves
00:00:01.294023      Leaf/sub-leaf  eax      ebx      ecx      edx
00:00:01.294023 Hst: 40000000/0000  4000000c 7263694d 666f736f 76482074
00:00:01.294024 Hst: 40000001/0000  31237648 00000000 00000000 00000000
00:00:01.294025 Hst: 40000002/0000  00004a61 000a0000 00000007 00001c0d
00:00:01.294026 Hst: 40000003/0000  0000bfff 002bb9ff 00000002 11fffbf2
00:00:01.294026 Hst: 40000004/0000  00042d1c 00000000 00000000 00000000
00:00:01.294027 Hst: 40000005/0000  00000400 00000400 00000c90 00000000
00:00:01.294028 Hst: 40000006/0000  000200ae 00000000 00000000 00000000
00:00:01.294028 Hst: 40000007/0000  80000007 00000003 00000000 00000000
00:00:01.294029 Hst: 40000008/0000  00100001 00000001 0000cccc 00000000
00:00:01.294030 Hst: 40000009/0000  00000000 00000000 00000000 00000000
00:00:01.294030 Hst: 4000000a/0000  00000000 00000000 00000000 00000000
00:00:01.294031 Hst: 4000000b/0000  00000000 00000000 00000000 00000000
00:00:01.294032 Hst: 4000000c/0000  00000000 00000000 00000000 00000000
00:00:01.294032          Raw Extended CPUID Leaves
00:00:01.294033      Leaf/sub-leaf  eax      ebx      ecx      edx
00:00:01.294033 Gst: 80000000/0000  8000001f 68747541 444d4163 69746e65
00:00:01.294034 Hst:                8000001f 68747541 444d4163 69746e65
00:00:01.294035 Gst: 80000001/0000  00800f82 20000000 000001f1 0bc3fb3f
00:00:01.294035 Hst:                00800f82 20000000 004023f3 2fd3fbff
00:00:01.294036 Gst: 80000002/0000  20444d41 657a7952 2037206e 30303732
00:00:01.294037 Hst:                20444d41 657a7952 2037206e 30303732
00:00:01.294038 Gst: 80000003/0000  69452058 2d746867 65726f43 6f725020
00:00:01.294038 Hst:                69452058 2d746867 65726f43 6f725020
00:00:01.294039 Gst: 80000004/0000  73736563 2020726f 20202020 00202020
00:00:01.294040 Hst:                73736563 2020726f 20202020 00202020
00:00:01.294041 Gst: 80000005/0000  ff40ff40 ff40ff40 20080140 40040140
00:00:01.294042 Hst:                ff40ff40 ff40ff40 20080140 40040140
00:00:01.294042 Gst: 80000006/0000  26006400 66006400 02006140 00808140
00:00:01.294043 Hst:                26006400 66006400 02006140 00808140
00:00:01.294044 Gst: 80000007/0000  00000000 00000000 00000000 00000100
00:00:01.294045 Hst:                00000000 0000001b 00000000 00004789
00:00:01.294045 Gst: 80000008/0000  00003030 04000000 00000000 00000000
00:00:01.294046 Hst:                00003030 02000005 0000400f 00000000
00:00:01.294046 Gst: 80000009/0000  00000000 00000000 00000000 00000000
00:00:01.294047 Hst:                00000000 00000000 00000000 00000000
00:00:01.294048 Gst: 8000000a/0000  00000000 00000000 00000000 00000000
00:00:01.294048 Hst:                00000000 00000000 00000000 00000000
00:00:01.294049 Gst: 8000000b/0000  00000000 00000000 00000000 00000000
00:00:01.294049 Hst:                00000000 00000000 00000000 00000000
00:00:01.294050 Gst: 8000000c/0000  00000000 00000000 00000000 00000000
00:00:01.294051 Hst:                00000000 00000000 00000000 00000000
00:00:01.294051 Gst: 8000000d/0000  00000000 00000000 00000000 00000000
00:00:01.294052 Hst:                00000000 00000000 00000000 00000000
00:00:01.294052 Gst: 8000000e/0000  00000000 00000000 00000000 00000000
00:00:01.294053 Hst:                00000000 00000000 00000000 00000000
00:00:01.294053 Gst: 8000000f/0000  00000000 00000000 00000000 00000000
00:00:01.294054 Hst:                00000000 00000000 00000000 00000000
00:00:01.294055 Gst: 80000010/0000  00000000 00000000 00000000 00000000
00:00:01.294055 Hst:                00000000 00000000 00000000 00000000
00:00:01.294056 Gst: 80000011/0000  00000000 00000000 00000000 00000000
00:00:01.294056 Hst:                00000000 00000000 00000000 00000000
00:00:01.294057 Gst: 80000012/0000  00000000 00000000 00000000 00000000
00:00:01.294058 Hst:                00000000 00000000 00000000 00000000
00:00:01.294058 Gst: 80000013/0000  00000000 00000000 00000000 00000000
00:00:01.294059 Hst:                00000000 00000000 00000000 00000000
00:00:01.294059 Gst: 80000014/0000  00000000 00000000 00000000 00000000
00:00:01.294060 Hst:                00000000 00000000 00000000 00000000
00:00:01.294060 Gst: 80000015/0000  00000000 00000000 00000000 00000000
00:00:01.294061 Hst:                00000000 00000000 00000000 00000000
00:00:01.294062 Gst: 80000016/0000  00000000 00000000 00000000 00000000
00:00:01.294062 Hst:                00000000 00000000 00000000 00000000
00:00:01.294063 Gst: 80000017/0000  00000000 00000000 00000000 00000000
00:00:01.294063 Hst:                00000000 00000000 00000000 00000000
00:00:01.294064 Gst: 80000018/0000  00000000 00000000 00000000 00000000
00:00:01.294064 Hst:                00000000 00000000 00000000 00000000
00:00:01.294065 Gst: 80000019/0000  00000000 00000000 00000000 00000000
00:00:01.294066 Hst:                00000000 00000000 00000000 00000000
00:00:01.294066 Gst: 8000001a/0000  00000003 00000000 00000000 00000000
00:00:01.294067 Hst:                00000003 00000000 00000000 00000000
00:00:01.294067 Gst: 8000001b/0000  00000000 00000000 00000000 00000000
00:00:01.294068 Hst:                00000000 00000000 00000000 00000000
00:00:01.294069 Gst: 8000001c/0000  00000000 00000000 00000000 00000000
00:00:01.294069 Hst:                00000000 00000000 00000000 00000000
00:00:01.294070 Gst: 8000001d/0000  00000121 01c0003f 0000003f 00000000
00:00:01.294070 Hst:                00004121 01c0003f 0000003f 00000000
00:00:01.294071 Gst: 8000001d/0001  00000122 00c0003f 000000ff 00000000
00:00:01.294072 Hst:                00004122 00c0003f 000000ff 00000000
00:00:01.294072 Gst: 8000001d/0002  00000143 01c0003f 000003ff 00000002
00:00:01.294073 Hst:                00004143 01c0003f 000003ff 00000002
00:00:01.294074 Gst: 8000001d/0003  00000163 03c0003f 00001fff 00000001
00:00:01.294074 Hst:                0001c163 03c0003f 00001fff 00000001
00:00:01.294075 Gst: 8000001d/0004  00000000 00000000 00000000 00000000
00:00:01.294076 Hst:                00000000 00000000 00000000 00000000
00:00:01.294076 Gst: 8000001e/0000  00000000 00000000 00000000 00000000
00:00:01.294077 Hst:                00000004 00000102 00000000 00000000
00:00:01.294078 Gst: 8000001f/0000  00000000 00000000 00000000 00000000
00:00:01.294078 Hst:                00000000 00000000 00000000 00000000
00:00:01.294079 Ext Name:                        AuthenticAMD
00:00:01.294079 Ext Supports:                    0x80000000-0x8000001f
00:00:01.294080 Family:                          15  	Extended: 8 	Effective: 23
00:00:01.294080 Model:                           8  	Extended: 0 	Effective: 8
00:00:01.294081 Stepping:                        2
00:00:01.294081 Brand ID:                        0x000
00:00:01.294081 Ext Features
00:00:01.294082   Mnemonic - Description                                  = Guest (Host)
00:00:01.294083   FPU - x87 FPU on Chip                                   = 1 (1)
00:00:01.294084   VME - Virtual 8086 Mode Enhancements                    = 1 (1)
00:00:01.294084   DE - Debugging extensions                               = 1 (1)
00:00:01.294085   PSE - Page Size Extension                               = 1 (1)
00:00:01.294086   TSC - Time Stamp Counter                                = 1 (1)
00:00:01.294087   MSR - K86 Model Specific Registers                      = 1 (1)
00:00:01.294088   PAE - Physical Address Extension                        = 0 (1)
00:00:01.294088   MCE - Machine Check Exception                           = 0 (1)
00:00:01.294089   CX8 - CMPXCHG8B instruction                             = 1 (1)
00:00:01.294090   APIC - APIC On-Chip                                     = 1 (1)
00:00:01.294091   SEP - SYSCALL/SYSRET                                    = 1 (1)
00:00:01.294092   MTRR - Memory Type Range Registers                      = 1 (1)
00:00:01.294093   PGE - PTE Global Bit                                    = 1 (1)
00:00:01.294093   MCA - Machine Check Architecture                        = 1 (1)
00:00:01.294094   CMOV - Conditional Move instructions                    = 1 (1)
00:00:01.294095   PAT - Page Attribute Table                              = 1 (1)
00:00:01.294096   PSE-36 - 36-bit Page Size Extension                     = 1 (1)
00:00:01.294096   NX - No-Execute/Execute-Disable                         = 0 (1)
00:00:01.294097   AXMMX - AMD Extensions to MMX instructions              = 1 (1)
00:00:01.294098   MMX - Intel MMX Technology                              = 1 (1)
00:00:01.294099   FXSR - FXSAVE and FXRSTOR Instructions                  = 1 (1)
00:00:01.294099   FFXSR - AMD fast FXSAVE and FXRSTOR instructions        = 1 (1)
00:00:01.294100   Page1GB - 1 GB large page                               = 0 (1)
00:00:01.294101   RDTSCP - RDTSCP instruction                             = 1 (1)
00:00:01.294102   LM - AMD64 Long Mode                                    = 0 (1)
00:00:01.294104   3DNOWEXT - AMD Extensions to 3DNow                      = 0 (0)
00:00:01.294105   3DNOW - AMD 3DNow                                       = 0 (0)
00:00:01.294106   LahfSahf - LAHF/SAHF support in 64-bit mode             = 1 (1)
00:00:01.294107   CmpLegacy - Core multi-processing legacy mode           = 0 (1)
00:00:01.294107   SVM - AMD Secure Virtual Machine extensions             = 0 (0)
00:00:01.294108   EXTAPIC - AMD Extended APIC registers                   = 0 (0)
00:00:01.294109   CR8L - AMD LOCK MOV CR0 means MOV CR8                   = 1 (1)
00:00:01.294109   ABM - AMD Advanced Bit Manipulation                     = 1 (1)
00:00:01.294110   SSE4A - SSE4A instructions                              = 1 (1)
00:00:01.294111   MISALIGNSSE - AMD Misaligned SSE mode                   = 1 (1)
00:00:01.294112   3DNOWPRF - AMD PREFETCH and PREFETCHW instructions      = 1 (1)
00:00:01.294112   OSVW - AMD OS Visible Workaround                        = 0 (1)
00:00:01.294113   IBS - Instruct Based Sampling                           = 0 (0)
00:00:01.294114   XOP - Extended Operation support                        = 0 (0)
00:00:01.294115   SKINIT - SKINIT, STGI, and DEV support                  = 0 (0)
00:00:01.294115   WDT - AMD Watchdog Timer support                        = 0 (1)
00:00:01.294116   LWP - Lightweight Profiling support                     = 0 (0)
00:00:01.294117   FMA4 - Four operand FMA instruction support             = 0 (0)
00:00:01.294118   TCE - Translation Cache Extension support               = 0 (0)
00:00:01.294118   NodeId - NodeId in MSR C001_100C                        = 0 (0)
00:00:01.294119   TBM - Trailing Bit Manipulation instructions            = 0 (0)
00:00:01.294120   TOPOEXT - Topology Extensions                           = 0 (1)
00:00:01.294121   PRFEXTCORE - Performance Counter Extensions support     = 0 (0)
00:00:01.294121   PRFEXTNB - NB Performance Counter Extensions support    = 0 (0)
00:00:01.294122   DATABPEXT - Data-access Breakpoint Extension            = 0 (0)
00:00:01.294122   PERFTSC - Performance Time Stamp Counter                = 0 (0)
00:00:01.294123   PCX_L2I - L2I/L3 Performance Counter Extensions         = 0 (0)
00:00:01.294124   MONITORX - MWAITX and MONITORX instructions             = 0 (0)
00:00:01.294124   AddrMaskExt - BP Addressing masking extended to bit 31  = 0 (0)
00:00:01.294125 Full Name:                       "AMD Ryzen 7 2700X Eight-Core Processor         "
00:00:01.294126 TLB 2/4M Instr/Uni:              fully  64 entries
00:00:01.294126 TLB 2/4M Data:                   fully  64 entries
00:00:01.294127 TLB 4K Instr/Uni:                fully  64 entries
00:00:01.294127 TLB 4K Data:                     fully  64 entries
00:00:01.294128 L1 Instr Cache Line Size:        64 bytes
00:00:01.294128 L1 Instr Cache Lines Per Tag:    1
00:00:01.294128 L1 Instr Cache Associativity:    4 way
00:00:01.294129 L1 Instr Cache Size:             64 KB
00:00:01.294129 L1 Data Cache Line Size:         64 bytes
00:00:01.294129 L1 Data Cache Lines Per Tag:     1
00:00:01.294130 L1 Data Cache Associativity:     8 way
00:00:01.294130 L1 Data Cache Size:              32 KB
00:00:01.294130 L2 TLB 2/4M Instr/Uni:           8 way  1024 entries
00:00:01.294131 L2 TLB 2/4M Data:                2 way  1536 entries
00:00:01.294131 L2 TLB 4K Instr/Uni:             8 way  1024 entries
00:00:01.294132 L2 TLB 4K Data:                  8 way  1536 entries
00:00:01.294132 L2 Cache Line Size:              64 bytes
00:00:01.294132 L2 Cache Lines Per Tag:          1
00:00:01.294133 L2 Cache Associativity:          8 way 
00:00:01.294133 L2 Cache Size:                   512 KB
00:00:01.294134 L3 Cache Line Size:              64 bytes
00:00:01.294135 L3 Cache Lines Per Tag:          1
00:00:01.294135 L3 Cache Associativity:          16 way
00:00:01.294135 L3 Cache Size:                   16384 KB
00:00:01.294136 APM Features EDX
00:00:01.294136   Mnemonic - Description                                  = Guest (Host)
00:00:01.294138   TS - Temperature Sensor                                 = 0 (1)
00:00:01.294139   FID - Frequency ID control                              = 0 (0)
00:00:01.294140   VID - Voltage ID control                                = 0 (0)
00:00:01.294141   TTP - Thermal Trip                                      = 0 (1)
00:00:01.294142   TM - Hardware Thermal Control (HTC)                     = 0 (0)
00:00:01.294143   100MHzSteps - 100 MHz Multiplier control                = 0 (0)
00:00:01.294143   HwPstate - Hardware P-state control                     = 0 (1)
00:00:01.294144   TscInvariant - Invariant Time Stamp Counter             = 1 (1)
00:00:01.294145   CPB - Core Performance Boost                            = 0 (1)
00:00:01.294146   EffFreqRO - Read-only Effective Frequency Interface     = 0 (1)
00:00:01.294146   ProcFdbkIf - Processor Feedback Interface               = 0 (0)
00:00:01.294147   ProcPwrRep - Core power reporting interface support     = 0 (0)
00:00:01.294148   ConnectedStandby - Connected Standby                    = 0 (0)
00:00:01.294148   RAPL - Running average power limit                      = 0 (1)
00:00:01.294149 Ext Features ext IDs EBX
00:00:01.294149   Mnemonic - Description                                  = Guest (Host)
00:00:01.294150   CLZERO - Clear zero instruction (cacheline)             = 0 (1)
00:00:01.294151   IRPerf - Instructions retired count support             = 0 (0)
00:00:01.294152   XSaveErPtr - Save/restore error pointers (FXSAVE/RSTOR) = 0 (1)
00:00:01.294152   INVLPGB - INVLPGB and TLBSYNC instructions              = 0 (0)
00:00:01.294153   RDPRU - RDPRU instruction                               = 0 (0)
00:00:01.294154   BE - Bandwidth Enforcement extension                    = 0 (0)
00:00:01.294155   MCOMMIT - MCOMMIT instruction                           = 0 (0)
00:00:01.294155   WBNOINVD - WBNOINVD instruction                         = 0 (0)
00:00:01.294156   IBPB - Supports the IBPB command in IA32_PRED_CMD       = 0 (0)
00:00:01.294157   INT_WBINVD - WBINVD/WBNOINVD interruptible              = 0 (0)
00:00:01.294158   IBRS - Indirect Branch Restricted Speculation           = 0 (0)
00:00:01.294158   STIBP - Single Thread Indirect Branch Prediction        = 0 (0)
00:00:01.294159   IbrsAlwaysOn - Processor prefers that IBRS be left on   = 0 (0)
00:00:01.294159   StibpAlwaysOn - Processor prefers that STIBP be left on = 0 (0)
00:00:01.294160   IbrsPreferred - IBRS preferred over software solution   = 0 (0)
00:00:01.294160   IbrsSameMode - IBRS limits same mode speculation        = 0 (0)
00:00:01.294161   EferLmsleUnsupported - EFER.LMSLE is unsupported        = 0 (0)
00:00:01.294162   INVLPGBnestedPages - INVLPGB for nested translation     = 0 (0)
00:00:01.294162   PPIN - Protected processor inventory number             = 0 (0)
00:00:01.294163   SSBD - Speculative Store Bypass Disable                 = 0 (0)
00:00:01.294164   SsbdVirtSpecCtrl - Use VIRT_SPEC_CTL for SSBD           = 0 (1)
00:00:01.294164   SsbdNotRequired - SSBD not needed on this processor     = 1 (0)
00:00:01.294165   CPPC - Collaborative Processor Performance Control      = 0 (0)
00:00:01.294166   PSFD - Predictive Store Forward Disable                 = 0 (0)
00:00:01.294166   BTC_NO - Unaffected by branch type confusion            = 0 (0)
00:00:01.294167   IBPB_RET - Clears RA predictor when PRED_CMD.IBPB set   = 0 (0)
00:00:01.294168 Physical Address Width:          48 bits
00:00:01.294168 Virtual Address Width:           48 bits
00:00:01.294168 Guest Physical Address Width:    48 bits (0)
00:00:01.294169 Physical Core Count:             1
00:00:01.294169 APIC ID size:                    1 (0x1)
00:00:01.294169 Performance TSC size:            40 bits
00:00:01.294170 Max page count for INVLPGB:      0x3030
00:00:01.294170 Max ECX for RDPRU:               0x0
00:00:01.294171 ********************* End of CPUID dump *********************
00:00:01.294217 VMEmt: Halt method global1 (5)
00:00:01.294280 VMEmt: HaltedGlobal1 config: cNsSpinBlockThresholdCfg=50000
00:00:01.294289 Changing the VM state from 'CREATING' to 'CREATED'
00:00:01.295313 NAT: DNS settings changed, triggering update
00:00:01.295328 NAT DNS Update: Stored 1263225675 as nameserver #0
00:00:01.295332 NAT DNS Update: Stored 1280068427 as nameserver #1
00:00:01.295335 NAT DNS Update: Stored 2 total nameservers
00:00:01.295652 Changing the VM state from 'CREATED' to 'POWERING_ON'
00:00:01.295875 Changing the VM state from 'POWERING_ON' to 'RUNNING'
00:00:01.295886 Console: Machine state changed to 'Running'
00:00:01.297661 VMMDev: Guest Log: BIOS: VirtualBox 7.2.6
00:00:01.297900 PCI: Setting up resources and interrupts
00:00:01.298056 PIT: mode=2 count=0x10000 (65536) - 18.20 Hz (ch=0)
00:00:01.318648 Display::i_handleDisplayResize: uScreenId=0 pvVRAM=0000000000000000 w=720 h=400 bpp=0 cbLine=0x0 flags=0x0 origin=0,0
00:00:01.319141 VMMDev: Guest Log: CPUID EDX: 0x178bfbbf
00:00:01.319258 PIIX3 ATA: Ctl#0: RESET, DevSel=0 AIOIf=0 CmdIf0=0x00 (-1 usec ago) CmdIf1=0x00 (-1 usec ago)
00:00:01.319284 PIIX3 ATA: Ctl#0: finished processing RESET
00:00:01.319678 VMMDev: Guest Log: BIOS: ata0-0: PCHS=65/16/63 LCHS=65/16/63
00:00:01.358226 PIT: mode=2 count=0x48d3 (18643) - 64.00 Hz (ch=0)
00:00:01.364180 Display::i_handleDisplayResize: uScreenId=0 pvVRAM=0000019b13d90000 w=640 h=480 bpp=32 cbLine=0xA00 flags=0x0 origin=0,0
00:00:01.438326 VBoxHeadless: starting event loop
00:00:03.832524 PIT: mode=2 count=0x10000 (65536) - 18.20 Hz (ch=0)
00:00:03.832760 VMMDev: Guest Log: BIOS: Boot : bseqnr=1, bootseq=0002
00:00:03.833076 VMMDev: Guest Log: BIOS: Booting from Hard Disk...
00:00:03.833880 Display::i_handleDisplayResize: uScreenId=0 pvVRAM=0000000000000000 w=720 h=400 bpp=0 cbLine=0x0 flags=0x0 origin=0,0
00:00:03.850062 WasAPI: Looking up or creating cache entry (caching is set to enabled, iface 0000019b0af41270, async init)
00:00:03.850145 Audio: Warning: Scheduling hint of stream '[WasAPI] Output:0' is bigger (1000ms) than used period size (0ms)
00:00:03.850245 Audio Mixer: Setting sink 'SB16 Mixer/PCM Output' -- channel volumes: ba ba ba ba ba ba ba ba ba ba ba ba
00:00:03.855320 Display::i_handleDisplayResize: uScreenId=0 pvVRAM=0000019b13d90000 w=640 h=400 bpp=0 cbLine=0x140 flags=0x0 origin=0,0
