00:00:00.360187 VirtualBox VM 7.2.6 r172322 win.amd64 (Jan 15 2026 18:08:50) release log
00:00:00.360190 Log opened 2026-04-22T21:10:25.138612300Z
00:00:00.360191 Build Type: release
00:00:00.360192 OS Product: Windows 10
00:00:00.360435 OS Release: 10.0.19045.7184
00:00:00.360436 OS Service Pack: 
00:00:00.430287 DMI Product Name: System Product Name
00:00:00.433004 DMI Product Version: System Version
00:00:00.433023 Firmware type: UEFI
00:00:00.433391 Secure Boot: Enabled
00:00:00.433397 Host RAM: 32692MB (31.9GB) total, 20750MB (20.2GB) available
00:00:00.433400 Executable: C:\Program Files\Oracle\VirtualBox\VBoxHeadless.exe
00:00:00.433400 Process ID: 40060
00:00:00.433401 Package type: WINDOWS_64BITS_GENERIC
00:00:00.433401 Windows Features:
00:00:00.433401   Core Isolation (Memory Integrity): DISABLED
00:00:00.434175 Installed Extension Packs:
00:00:00.434189   None installed!
00:00:00.434792 Console: Machine state changed to 'Starting'
00:00:00.491972 SUP: seg #0: R   0x00000000 LB 0x00001000
00:00:00.491989 SUP: seg #1: R X 0x00001000 LB 0x00204000
00:00:00.491993 SUP: seg #2: R   0x00205000 LB 0x00053000
00:00:00.491997 SUP: seg #3: RW  0x00258000 LB 0x00013000
00:00:00.492001 SUP: seg #4: R   0x0026b000 LB 0x00013000
00:00:00.492004 SUP: seg #5: RW  0x0027e000 LB 0x00004000
00:00:00.492007 SUP: seg #6: R   0x00282000 LB 0x00007000
00:00:00.492010 SUP: seg #7: R X 0x00289000 LB 0x00002000
00:00:00.492013 SUP: seg #8: R   0x0028b000 LB 0x00007000
00:00:00.495479 SUP: Loaded VMMR0.r0 (C:\Program Files\Oracle\VirtualBox/VMMR0.r0) at 0xXXXXXXXXXXXXXXXX - ModuleInit at XXXXXXXXXXXXXXXX and ModuleTerm at XXXXXXXXXXXXXXXX using the native ring-0 loader
00:00:00.495517 SUP: VMMR0EntryEx located at XXXXXXXXXXXXXXXX and VMMR0EntryFast at XXXXXXXXXXXXXXXX
00:00:00.495520 SUP: windbg> .reload /f C:\Program Files\Oracle\VirtualBox/VMMR0.r0=0xXXXXXXXXXXXXXXXX
00:00:00.498924 Guest architecture: x86
00:00:00.498979 Guest OS type: 'Other'
00:00:00.499544 fHMForced=true - No raw-mode support in this build!
00:00:00.499560 Using execution engine 1
00:00:00.501978 File system of 'C:\Users\RhythmicCarnage\Desktop\CyberStorm\deploy\virtualbox\CyberStorm.vdi' is ntfs
00:00:00.601322 Shared Clipboard: Initialized OLE
00:00:00.601372 Shared Clipboard: Service loaded
00:00:00.601384 Shared Clipboard: Mode: Off
00:00:00.601429 Shared Clipboard: Service running in headless mode
00:00:00.611640 Drag and drop service loaded
00:00:00.611652 Drag and drop mode: Off
00:00:00.612597 Audio: Detected default audio driver type is 'HostAudioWas'
00:00:00.694760 ************************* CFGM dump *************************
00:00:00.694773 [/] (level 0)
00:00:00.694776   CpuExecutionCap   <integer> = 0x0000000000000064 (100)
00:00:00.694779   EnablePAE         <integer> = 0x0000000000000000 (0)
00:00:00.694781   HMEnabled         <integer> = 0x0000000000000001 (1)
00:00:00.694782   MemBalloonSize    <integer> = 0x0000000000000000 (0, 0 B)
00:00:00.694787   Name              <string>  = "CyberStorm" (cb=11)
00:00:00.694789   NumCPUs           <integer> = 0x0000000000000001 (1)
00:00:00.694790   PageFusionAllowed <integer> = 0x0000000000000000 (0)
00:00:00.694791   RamHoleSize       <integer> = 0x0000000020000000 (536 870 912, 512.0 MiB)
00:00:00.694793   RamSize           <integer> = 0x0000000004000000 (67 108 864, 64.0 MiB)
00:00:00.694795   TimerMillies      <integer> = 0x000000000000000a (10)
00:00:00.694797   UUID              <bytes>   = "5b 67 65 22 6a fb ff 44 92 25 ed 74 35 45 da 86" (cb=16)
00:00:00.694800 
00:00:00.694801 [/CPUM/] (level 1)
00:00:00.694802   Enable64bit        <integer> = 0x0000000000000000 (0)
00:00:00.694803   GuestCpuName       <string>  = "host" (cb=5)
00:00:00.694805   NestedHWVirt       <integer> = 0x0000000000000000 (0)
00:00:00.694806   PortableCpuIdLevel <integer> = 0x0000000000000000 (0)
00:00:00.694807   SpecCtrl           <integer> = 0x0000000000000000 (0)
00:00:00.694808 
00:00:00.694808 [/CPUM/IsaExts/] (level 2)
00:00:00.694810 
00:00:00.694810 [/DBGC/] (level 1)
00:00:00.694811   GlobalInitScript <string>  = "C:\Users\RhythmicCarnage\.VirtualBox/dbgc-init" (cb=47)
00:00:00.694812   HistoryFile      <string>  = "C:\Users\RhythmicCarnage\.VirtualBox/dbgc-history" (cb=50)
00:00:00.694813   LocalInitScript  <string>  = "C:\Users\RhythmicCarnage\Desktop\CyberStorm\deploy\virtualbox\CyberStorm/dbgc-init" (cb=83)
00:00:00.694814 
00:00:00.694815 [/DBGF/] (level 1)
00:00:00.694816   Path <string>  = "C:\Users\RhythmicCarnage\Desktop\CyberStorm\deploy\virtualbox\CyberStorm/debug/;C:\Users\RhythmicCarnage\Desktop\CyberStorm\deploy\virtualbox\CyberStorm/;cache*C:\Users\RhythmicCarnage\Desktop\CyberStorm\deploy\virtualbox\CyberStorm/dbgcache/;C:\Users\RhythmicCarnage\" (cb=269)
00:00:00.694817 
00:00:00.694817 [/Devices/] (level 1)
00:00:00.694818 
00:00:00.694819 [/Devices/3c501/] (level 2)
00:00:00.694820 
00:00:00.694820 [/Devices/8237A/] (level 2)
00:00:00.694821 
00:00:00.694822 [/Devices/8237A/0/] (level 3)
00:00:00.694823   Trusted <integer> = 0x0000000000000001 (1)
00:00:00.694824 
00:00:00.694825 [/Devices/VMMDev/] (level 2)
00:00:00.694826 
00:00:00.694826 [/Devices/VMMDev/0/] (level 3)
00:00:00.694828   PCIBusNo      <integer> = 0x0000000000000000 (0)
00:00:00.694829   PCIDeviceNo   <integer> = 0x0000000000000004 (4)
00:00:00.694830   PCIFunctionNo <integer> = 0x0000000000000000 (0)
00:00:00.694830   Trusted       <integer> = 0x0000000000000001 (1)
00:00:00.694832 
00:00:00.694832 [/Devices/VMMDev/0/Config/] (level 4)
00:00:00.694834   GuestCoreDumpDir <string>  = "C:\Users\RhythmicCarnage\Desktop\CyberStorm\deploy\virtualbox\CyberStorm\Snapshots" (cb=83)
00:00:00.694835 
00:00:00.694835 [/Devices/VMMDev/0/LUN#0/] (level 4)
00:00:00.694837   Driver <string>  = "HGCM" (cb=5)
00:00:00.694837 
00:00:00.694838 [/Devices/VMMDev/0/LUN#0/Config/] (level 5)
00:00:00.694839 
00:00:00.694840 [/Devices/VMMDev/0/LUN#999/] (level 4)
00:00:00.694841   Driver <string>  = "MainStatus" (cb=11)
00:00:00.694842 
00:00:00.694842 [/Devices/VMMDev/0/LUN#999/Config/] (level 5)
00:00:00.694844   First                <integer> = 0x0000000000000000 (0)
00:00:00.694845   HasMediumAttachments <integer> = 0x0000000000000000 (0)
00:00:00.694846   Last                 <integer> = 0x0000000000000000 (0)
00:00:00.694847   iLedSet              <integer> = 0x0000000000000003 (3)
00:00:00.694849 
00:00:00.694849 [/Devices/acpi/] (level 2)
00:00:00.694850 
00:00:00.694851 [/Devices/acpi/0/] (level 3)
00:00:00.694852   PCIBusNo      <integer> = 0x0000000000000000 (0)
00:00:00.694853   PCIDeviceNo   <integer> = 0x0000000000000007 (7)
00:00:00.694854   PCIFunctionNo <integer> = 0x0000000000000000 (0)
00:00:00.694855   Trusted       <integer> = 0x0000000000000001 (1)
00:00:00.694856 
00:00:00.694856 [/Devices/acpi/0/Config/] (level 4)
00:00:00.694858   CpuHotPlug          <integer> = 0x0000000000000000 (0)
00:00:00.694860   FdcEnabled          <integer> = 0x0000000000000000 (0)
00:00:00.694861   HostBusPciAddress   <integer> = 0x0000000000000000 (0)
00:00:00.694862   HpetEnabled         <integer> = 0x0000000000000000 (0)
00:00:00.694863   IOAPIC              <integer> = 0x0000000000000000 (0)
00:00:00.694864   IocPciAddress       <integer> = 0x0000000000010000 (65 536)
00:00:00.694865   NumCPUs             <integer> = 0x0000000000000001 (1)
00:00:00.694866   Parallel0IoPortBase <integer> = 0x0000000000000000 (0)
00:00:00.694867   Parallel0Irq        <integer> = 0x0000000000000000 (0)
00:00:00.694868   Parallel1IoPortBase <integer> = 0x0000000000000000 (0)
00:00:00.694869   Parallel1Irq        <integer> = 0x0000000000000000 (0)
00:00:00.694870   Serial0IoPortBase   <integer> = 0x0000000000000000 (0)
00:00:00.694871   Serial0Irq          <integer> = 0x0000000000000000 (0)
00:00:00.694872   Serial1IoPortBase   <integer> = 0x0000000000000000 (0)
00:00:00.694873   Serial1Irq          <integer> = 0x0000000000000000 (0)
00:00:00.694874   ShowCpu             <integer> = 0x0000000000000000 (0)
00:00:00.694875   ShowRtc             <integer> = 0x0000000000000000 (0)
00:00:00.694876   SmcEnabled          <integer> = 0x0000000000000000 (0)
00:00:00.694877 
00:00:00.694878 [/Devices/acpi/0/LUN#0/] (level 4)
00:00:00.694879   Driver <string>  = "ACPIHost" (cb=9)
00:00:00.694880 
00:00:00.694880 [/Devices/acpi/0/LUN#0/Config/] (level 5)
00:00:00.694882 
00:00:00.694882 [/Devices/apic/] (level 2)
00:00:00.694883 
00:00:00.694884 [/Devices/apic/0/] (level 3)
00:00:00.694885   Trusted <integer> = 0x0000000000000001 (1)
00:00:00.694886 
00:00:00.694886 [/Devices/apic/0/Config/] (level 4)
00:00:00.694888   IOAPIC  <integer> = 0x0000000000000000 (0)
00:00:00.694889   Mode    <integer> = 0x0000000000000002 (2)
00:00:00.694890   NumCPUs <integer> = 0x0000000000000001 (1)
00:00:00.694891 
00:00:00.694891 [/Devices/dp8390/] (level 2)
00:00:00.694892 
00:00:00.694892 [/Devices/e1000/] (level 2)
00:00:00.694894 
00:00:00.694894 [/Devices/i8254/] (level 2)
00:00:00.694895 
00:00:00.694895 [/Devices/i8254/0/] (level 3)
00:00:00.694897 
00:00:00.694897 [/Devices/i8254/0/Config/] (level 4)
00:00:00.694898 
00:00:00.694899 [/Devices/i8259/] (level 2)
00:00:00.694900 
00:00:00.694900 [/Devices/i8259/0/] (level 3)
00:00:00.694901   Trusted <integer> = 0x0000000000000001 (1)
00:00:00.694902 
00:00:00.694903 [/Devices/i8259/0/Config/] (level 4)
00:00:00.694904 
00:00:00.694904 [/Devices/mc146818/] (level 2)
00:00:00.694905 
00:00:00.694906 [/Devices/mc146818/0/] (level 3)
00:00:00.694907 
00:00:00.694907 [/Devices/mc146818/0/Config/] (level 4)
00:00:00.694909   UseUTC <integer> = 0x0000000000000000 (0)
00:00:00.694910 
00:00:00.694910 [/Devices/parallel/] (level 2)
00:00:00.694911 
00:00:00.694911 [/Devices/pcarch/] (level 2)
00:00:00.694913 
00:00:00.694913 [/Devices/pcarch/0/] (level 3)
00:00:00.694914   Trusted <integer> = 0x0000000000000001 (1)
00:00:00.694915 
00:00:00.694915 [/Devices/pcarch/0/Config/] (level 4)
00:00:00.694917 
00:00:00.694917 [/Devices/pcbios/] (level 2)
00:00:00.694918 
00:00:00.694918 [/Devices/pcbios/0/] (level 3)
00:00:00.694920   Trusted <integer> = 0x0000000000000001 (1)
00:00:00.694920 
00:00:00.694921 [/Devices/pcbios/0/Config/] (level 4)
00:00:00.694923   APIC            <integer> = 0x0000000000000001 (1)
00:00:00.694924   BootDevice0     <string>  = "IDE" (cb=4)
00:00:00.694925   BootDevice1     <string>  = "NONE" (cb=5)
00:00:00.694926   BootDevice2     <string>  = "NONE" (cb=5)
00:00:00.694927   BootDevice3     <string>  = "NONE" (cb=5)
00:00:00.694927   DmiSystemSerial <string>  = "VirtualBox-<DmiSystemUuid>" (cb=27)
00:00:00.694928   FloppyDevice    <string>  = "i82078" (cb=7)
00:00:00.694929   HardDiskDevice  <string>  = "piix3ide" (cb=9)
00:00:00.694930   IOAPIC          <integer> = 0x0000000000000000 (0)
00:00:00.694931   McfgBase        <integer> = 0x0000000000000000 (0)
00:00:00.694932   McfgLength      <integer> = 0x0000000000000000 (0)
00:00:00.694933   NumCPUs         <integer> = 0x0000000000000001 (1)
00:00:00.694934   PXEDebug        <integer> = 0x0000000000000000 (0)
00:00:00.694935   UUID            <bytes>   = "5b 67 65 22 6a fb ff 44 92 25 ed 74 35 45 da 86" (cb=16)
00:00:00.694939   UuidLe          <integer> = 0x0000000000000001 (1)
00:00:00.694940 
00:00:00.694940 [/Devices/pcbios/0/Config/NetBoot/] (level 5)
00:00:00.694942 
00:00:00.694942 [/Devices/pcbios/0/Config/NetBoot/0/] (level 6)
00:00:00.694944   NIC           <integer> = 0x0000000000000000 (0)
00:00:00.694945   PCIBusNo      <integer> = 0x0000000000000000 (0)
00:00:00.694946   PCIDeviceNo   <integer> = 0x0000000000000003 (3)
00:00:00.694947   PCIFunctionNo <integer> = 0x0000000000000000 (0)
00:00:00.694948 
00:00:00.694948 [/Devices/pci/] (level 2)
00:00:00.694949 
00:00:00.694949 [/Devices/pci/0/] (level 3)
00:00:00.694951   Trusted <integer> = 0x0000000000000001 (1)
00:00:00.694952 
00:00:00.694952 [/Devices/pci/0/Config/] (level 4)
00:00:00.694953   IOAPIC <integer> = 0x0000000000000000 (0)
00:00:00.694954 
00:00:00.694955 [/Devices/pcibridge/] (level 2)
00:00:00.694956 
00:00:00.694956 [/Devices/pckbd/] (level 2)
00:00:00.694957 
00:00:00.694958 [/Devices/pckbd/0/] (level 3)
00:00:00.694959   Trusted <integer> = 0x0000000000000001 (1)
00:00:00.694960 
00:00:00.694960 [/Devices/pckbd/0/Config/] (level 4)
00:00:00.694961 
00:00:00.694962 [/Devices/pckbd/0/LUN#0/] (level 4)
00:00:00.694963   Driver <string>  = "KeyboardQueue" (cb=14)
00:00:00.694964 
00:00:00.694964 [/Devices/pckbd/0/LUN#0/AttachedDriver/] (level 5)
00:00:00.694966   Driver <string>  = "MainKeyboard" (cb=13)
00:00:00.694967 
00:00:00.694967 [/Devices/pckbd/0/LUN#0/Config/] (level 5)
00:00:00.694969   QueueSize <integer> = 0x0000000000000040 (64, 64 B)
00:00:00.694970 
00:00:00.694971 [/Devices/pckbd/0/LUN#1/] (level 4)
00:00:00.694972   Driver <string>  = "MouseQueue" (cb=11)
00:00:00.694973 
00:00:00.694973 [/Devices/pckbd/0/LUN#1/AttachedDriver/] (level 5)
00:00:00.694975   Driver <string>  = "MainMouse" (cb=10)
00:00:00.694976 
00:00:00.694976 [/Devices/pckbd/0/LUN#1/Config/] (level 5)
00:00:00.694978   QueueSize <integer> = 0x0000000000000080 (128, 128 B)
00:00:00.694979 
00:00:00.694979 [/Devices/pcnet/] (level 2)
00:00:00.694981 
00:00:00.694981 [/Devices/pcnet/0/] (level 3)
00:00:00.694982   PCIBusNo      <integer> = 0x0000000000000000 (0)
00:00:00.694983   PCIDeviceNo   <integer> = 0x0000000000000003 (3)
00:00:00.694984   PCIFunctionNo <integer> = 0x0000000000000000 (0)
00:00:00.694985   Trusted       <integer> = 0x0000000000000001 (1)
00:00:00.694986 
00:00:00.694986 [/Devices/pcnet/0/Config/] (level 4)
00:00:00.694988   CableConnected <integer> = 0x0000000000000001 (1)
00:00:00.694989   ChipType       <string>  = "Am79C973" (cb=9)
00:00:00.694990   LineSpeed      <integer> = 0x0000000000000000 (0)
00:00:00.694991   MAC            <bytes>   = "08 00 27 a5 72 35" (cb=6)
00:00:00.694993 
00:00:00.694993 [/Devices/pcnet/0/LUN#0/] (level 4)
00:00:00.694994   Driver <string>  = "NAT" (cb=4)
00:00:00.694995 
00:00:00.694996 [/Devices/pcnet/0/LUN#0/Config/] (level 5)
00:00:00.694997   AliasMode          <integer> = 0x0000000000000000 (0)
00:00:00.694998   DNSProxy           <integer> = 0x0000000000000000 (0)
00:00:00.694999   EnableTFTP         <integer> = 0x0000000000000000 (0)
00:00:00.695000   ForwardBroadcast   <integer> = 0x0000000000000000 (0)
00:00:00.695001   LocalhostReachable <integer> = 0x0000000000000000 (0)
00:00:00.695002   Network            <string>  = "10.0.2.0/24" (cb=12)
00:00:00.695003   PassDomain         <integer> = 0x0000000000000001 (1)
00:00:00.695004   UseHostResolver    <integer> = 0x0000000000000000 (0)
00:00:00.695005 
00:00:00.695006 [/Devices/pcnet/0/LUN#999/] (level 4)
00:00:00.695007   Driver <string>  = "MainStatus" (cb=11)
00:00:00.695008 
00:00:00.695008 [/Devices/pcnet/0/LUN#999/Config/] (level 5)
00:00:00.695010   First                <integer> = 0x0000000000000000 (0)
00:00:00.695011   HasMediumAttachments <integer> = 0x0000000000000000 (0)
00:00:00.695012   Last                 <integer> = 0x0000000000000000 (0)
00:00:00.695013   iLedSet              <integer> = 0x0000000000000002 (2)
00:00:00.695014 
00:00:00.695014 [/Devices/piix3ide/] (level 2)
00:00:00.695016 
00:00:00.695016 [/Devices/piix3ide/0/] (level 3)
00:00:00.695017   PCIBusNo      <integer> = 0x0000000000000000 (0)
00:00:00.695018   PCIDeviceNo   <integer> = 0x0000000000000001 (1)
00:00:00.695019   PCIFunctionNo <integer> = 0x0000000000000001 (1)
00:00:00.695020   Trusted       <integer> = 0x0000000000000001 (1)
00:00:00.695021 
00:00:00.695021 [/Devices/piix3ide/0/Config/] (level 4)
00:00:00.695023   Type <string>  = "PIIX4" (cb=6)
00:00:00.695024 
00:00:00.695024 [/Devices/piix3ide/0/LUN#0/] (level 4)
00:00:00.695025   Driver <string>  = "VD" (cb=3)
00:00:00.695026 
00:00:00.695027 [/Devices/piix3ide/0/LUN#0/Config/] (level 5)
00:00:00.695028   Format    <string>  = "VDI" (cb=4)
00:00:00.695029   Mountable <integer> = 0x0000000000000000 (0)
00:00:00.695030   Path      <string>  = "C:\Users\RhythmicCarnage\Desktop\CyberStorm\deploy\virtualbox\CyberStorm.vdi" (cb=77)
00:00:00.695031   Type      <string>  = "HardDisk" (cb=9)
00:00:00.695032 
00:00:00.695032 [/Devices/piix3ide/0/LUN#0/Config/VDConfig/] (level 6)
00:00:00.695034   AllocationBlockSize <string>  = "1048576" (cb=8)
00:00:00.695035 
00:00:00.695036 [/Devices/piix3ide/0/LUN#999/] (level 4)
00:00:00.695037   Driver <string>  = "MainStatus" (cb=11)
00:00:00.695038 
00:00:00.695038 [/Devices/piix3ide/0/LUN#999/Config/] (level 5)
00:00:00.695040   DeviceInstance       <string>  = "piix3ide/0" (cb=11)
00:00:00.695041   First                <integer> = 0x0000000000000000 (0)
00:00:00.695042   HasMediumAttachments <integer> = 0x0000000000000001 (1)
00:00:00.695043   Last                 <integer> = 0x0000000000000003 (3)
00:00:00.695044   iLedSet              <integer> = 0x0000000000000001 (1)
00:00:00.695045 
00:00:00.695045 [/Devices/sb16/] (level 2)
00:00:00.695047 
00:00:00.695047 [/Devices/sb16/0/] (level 3)
00:00:00.695048   Trusted <integer> = 0x0000000000000001 (1)
00:00:00.695049 
00:00:00.695049 [/Devices/sb16/0/AudioConfig/] (level 4)
00:00:00.695051 
00:00:00.695051 [/Devices/sb16/0/Config/] (level 4)
00:00:00.695053   DMA          <integer> = 0x0000000000000001 (1)
00:00:00.695054   DMA16        <integer> = 0x0000000000000005 (5)
00:00:00.695055   DebugEnabled <integer> = 0x0000000000000000 (0)
00:00:00.695056   IRQ          <integer> = 0x0000000000000005 (5)
00:00:00.695057   Port         <integer> = 0x0000000000000220 (544)
00:00:00.695058   Version      <integer> = 0x0000000000000405 (1 029)
00:00:00.695059 
00:00:00.695059 [/Devices/sb16/0/LUN#0/] (level 4)
00:00:00.695061   Driver <string>  = "AUDIO" (cb=6)
00:00:00.695062 
00:00:00.695062 [/Devices/sb16/0/LUN#0/AttachedDriver/] (level 5)
00:00:00.695064   Driver <string>  = "HostAudioWas" (cb=13)
00:00:00.695065 
00:00:00.695065 [/Devices/sb16/0/LUN#0/AttachedDriver/Config/] (level 6)
00:00:00.695067   VmName <string>  = "CyberStorm" (cb=11)
00:00:00.695068   VmUuid <string>  = "2265675b-fb6a-44ff-9225-ed743545da86" (cb=37)
00:00:00.695068 
00:00:00.695069 [/Devices/sb16/0/LUN#0/Config/] (level 5)
00:00:00.695070   DriverName    <string>  = "HostAudioWas" (cb=13)
00:00:00.695071   InputEnabled  <integer> = 0x0000000000000000 (0)
00:00:00.695072   OutputEnabled <integer> = 0x0000000000000001 (1)
00:00:00.695073 
00:00:00.695073 [/Devices/sb16/0/LUN#1/] (level 4)
00:00:00.695075   Driver <string>  = "AUDIO" (cb=6)
00:00:00.695076 
00:00:00.695076 [/Devices/sb16/0/LUN#2/] (level 4)
00:00:00.695077   Driver <string>  = "AUDIO" (cb=6)
00:00:00.695078 
00:00:00.695078 [/Devices/serial/] (level 2)
00:00:00.695080 
00:00:00.695080 [/Devices/vga/] (level 2)
00:00:00.695081 
00:00:00.695081 [/Devices/vga/0/] (level 3)
00:00:00.695083   PCIBusNo      <integer> = 0x0000000000000000 (0)
00:00:00.695084   PCIDeviceNo   <integer> = 0x0000000000000002 (2)
00:00:00.695085   PCIFunctionNo <integer> = 0x0000000000000000 (0)
00:00:00.695085   Trusted       <integer> = 0x0000000000000001 (1)
00:00:00.695086 
00:00:00.695087 [/Devices/vga/0/Config/] (level 4)
00:00:00.695088   3DEnabled             <integer> = 0x0000000000000000 (0)
00:00:00.695089   CustomVideoModes      <integer> = 0x0000000000000000 (0)
00:00:00.695090   FadeIn                <integer> = 0x0000000000000001 (1)
00:00:00.695092   FadeOut               <integer> = 0x0000000000000001 (1)
00:00:00.695093   HeightReduction       <integer> = 0x0000000000000000 (0)
00:00:00.695094   LogoFile              <string>  = "" (cb=1)
00:00:00.695095   LogoTime              <integer> = 0x0000000000000000 (0)
00:00:00.695096   MonitorCount          <integer> = 0x0000000000000001 (1)
00:00:00.695097   ShowBootMenu          <integer> = 0x0000000000000002 (2)
00:00:00.695098   VMSVGA3dEnabled       <integer> = 0x0000000000000000 (0)
00:00:00.695099   VMSVGAEnabled         <integer> = 0x0000000000000001 (1)
00:00:00.695100   VRamSize              <integer> = 0x0000000001000000 (16 777 216, 16.0 MiB)
00:00:00.695102   VmSvga3               <integer> = 0x0000000000000000 (0)
00:00:00.695103   VmSvgaExposeLegacyVga <integer> = 0x0000000000000001 (1)
00:00:00.695104 
00:00:00.695104 [/Devices/vga/0/LUN#0/] (level 4)
00:00:00.695106   Driver <string>  = "MainDisplay" (cb=12)
00:00:00.695107 
00:00:00.695107 [/Devices/vga/0/LUN#0/Config/] (level 5)
00:00:00.695108 
00:00:00.695109 [/Devices/vga/0/LUN#999/] (level 4)
00:00:00.695110   Driver <string>  = "MainStatus" (cb=11)
00:00:00.695111 
00:00:00.695111 [/Devices/vga/0/LUN#999/Config/] (level 5)
00:00:00.695113   First                <integer> = 0x0000000000000000 (0)
00:00:00.695114   HasMediumAttachments <integer> = 0x0000000000000000 (0)
00:00:00.695115   Last                 <integer> = 0x0000000000000000 (0)
00:00:00.695116   iLedSet              <integer> = 0x0000000000000000 (0)
00:00:00.695117 
00:00:00.695117 [/Devices/virtio-net/] (level 2)
00:00:00.695119 
00:00:00.695119 [/EM/] (level 1)
00:00:00.695120   TripleFaultReset <integer> = 0x0000000000000000 (0)
00:00:00.695121 
00:00:00.695121 [/GCM/] (level 1)
00:00:00.695122 
00:00:00.695122 [/GIM/] (level 1)
00:00:00.695123   Provider <string>  = "None" (cb=5)
00:00:00.695124 
00:00:00.695124 [/HM/] (level 1)
00:00:00.695126   64bitEnabled        <integer> = 0x0000000000000000 (0)
00:00:00.695127   EnableLargePages    <integer> = 0x0000000000000001 (1)
00:00:00.695128   EnableNestedPaging  <integer> = 0x0000000000000001 (1)
00:00:00.695129   EnableUX            <integer> = 0x0000000000000001 (1)
00:00:00.695130   EnableVPID          <integer> = 0x0000000000000001 (1)
00:00:00.695131   Exclusive           <integer> = 0x0000000000000000 (0)
00:00:00.695132   HMForced            <integer> = 0x0000000000000001 (1)
00:00:00.695133   IBPBOnVMEntry       <integer> = 0x0000000000000000 (0)
00:00:00.695134   IBPBOnVMExit        <integer> = 0x0000000000000000 (0)
00:00:00.695135   L1DFlushOnSched     <integer> = 0x0000000000000001 (1)
00:00:00.695136   L1DFlushOnVMEntry   <integer> = 0x0000000000000000 (0)
00:00:00.695137   MDSClearOnSched     <integer> = 0x0000000000000001 (1)
00:00:00.695138   MDSClearOnVMEntry   <integer> = 0x0000000000000000 (0)
00:00:00.695139   SpecCtrlByHost      <integer> = 0x0000000000000000 (0)
00:00:00.695140   SvmVirtVmsaveVmload <integer> = 0x0000000000000000 (0)
00:00:00.695141   UseNEMInstead       <integer> = 0x0000000000000000 (0)
00:00:00.695142 
00:00:00.695142 [/MM/] (level 1)
00:00:00.695143   CanUseLargerHeap <integer> = 0x0000000000000000 (0)
00:00:00.695144 
00:00:00.695144 [/NEM/] (level 1)
00:00:00.695145   Allow64BitGuests  <integer> = 0x0000000000000000 (0)
00:00:00.695146   IBPBOnVMEntry     <integer> = 0x0000000000000000 (0)
00:00:00.695147   IBPBOnVMExit      <integer> = 0x0000000000000000 (0)
00:00:00.695148   L1DFlushOnSched   <integer> = 0x0000000000000001 (1)
00:00:00.695149   L1DFlushOnVMEntry <integer> = 0x0000000000000000 (0)
00:00:00.695150   MDSClearOnSched   <integer> = 0x0000000000000001 (1)
00:00:00.695151   MDSClearOnVMEntry <integer> = 0x0000000000000000 (0)
00:00:00.695152 
00:00:00.695152 [/PDM/] (level 1)
00:00:00.695153 
00:00:00.695153 [/PDM/AsyncCompletion/] (level 2)
00:00:00.695154 
00:00:00.695155 [/PDM/AsyncCompletion/File/] (level 3)
00:00:00.695156 
00:00:00.695156 [/PDM/AsyncCompletion/File/BwGroups/] (level 4)
00:00:00.695158 
00:00:00.695158 [/PDM/BlkCache/] (level 2)
00:00:00.695159   CacheSize <integer> = 0x0000000000500000 (5 242 880, 5.0 MiB)
00:00:00.695161 
00:00:00.695161 [/PDM/Devices/] (level 2)
00:00:00.695162 
00:00:00.695163 [/PDM/Drivers/] (level 2)
00:00:00.695164 
00:00:00.695164 [/PDM/Drivers/VBoxC/] (level 3)
00:00:00.695165   Path <string>  = "VBoxC" (cb=6)
00:00:00.695166 
00:00:00.695166 [/PDM/NetworkShaper/] (level 2)
00:00:00.695168 
00:00:00.695168 [/PDM/NetworkShaper/BwGroups/] (level 3)
00:00:00.695169 
00:00:00.695169 [/TM/] (level 1)
00:00:00.695170   UTCOffset <integer> = 0x0000000000000000 (0)
00:00:00.695171 
00:00:00.695172 ********************* End of CFGM dump **********************
00:00:00.695263 HM: HMR3Init: Attempting fall back to NEM: AMD-V is not available
00:00:00.757284 NEM:  info: Found optional import WinHvPlatform.dll!WHvQueryGpaRangeDirtyBitmap.
00:00:00.757299 NEM:  info: Found optional import WinHvPlatform.dll!WHvResumePartitionTime.
00:00:00.757303 NEM:  info: Found optional import WinHvPlatform.dll!WHvSuspendPartitionTime.
00:00:00.757306 NEM:  info: Found optional import WinHvPlatform.dll!WHvRequestInterrupt.
00:00:00.757309 NEM:  info: Found optional import WinHvPlatform.dll!WHvGetVirtualProcessorXsaveState.
00:00:00.757313 NEM:  info: Found optional import WinHvPlatform.dll!WHvSetVirtualProcessorXsaveState.
00:00:00.757317 NEM:  info: Failed to import WinHvPlatform.dll!WHvGetVirtualProcessorState: VERR_SYMBOL_NOT_FOUND
00:00:00.757332 NEM:  info: Failed to import WinHvPlatform.dll!WHvSetVirtualProcessorState: VERR_SYMBOL_NOT_FOUND
00:00:00.757337 NEM:  info: Found optional import WinHvPlatform.dll!WHvGetVirtualProcessorInterruptControllerState.
00:00:00.757340 NEM:  info: Found optional import WinHvPlatform.dll!WHvSetVirtualProcessorInterruptControllerState.
00:00:00.757344 NEM:  info: Found optional import WinHvPlatform.dll!WHvGetVirtualProcessorInterruptControllerState2.
00:00:00.757347 NEM:  info: Found optional import WinHvPlatform.dll!WHvSetVirtualProcessorInterruptControllerState2.
00:00:00.757351 NEM:  info: Found optional import vid.dll!VidGetHvPartitionId.
00:00:00.757355 NEM:  info: Found optional import vid.dll!VidGetPartitionProperty.
00:00:00.757412 NEM: WHvCapabilityCodeHypervisorPresent is TRUE, so this might work...
00:00:00.757417 NEM: WHvCapabilityCodeExtendedVmExits      = 0x00000000000003ff
00:00:00.757420 NEM:                           X64CpuidExit: 1
00:00:00.757424 NEM:                             X64MsrExit: 1
00:00:00.757427 NEM:                          ExceptionExit: 1
00:00:00.757431 NEM:                           X64RdtscExit: 1
00:00:00.757434 NEM:                     X64ApicSmiExitTrap: 1
00:00:00.757437 NEM:                          HypercallExit: 1
00:00:00.757440 NEM:                X64ApicInitSipiExitTrap: 1
00:00:00.757443 NEM:              X64ApicWriteLint0ExitTrap: 1
00:00:00.757446 NEM:              X64ApicWriteLint1ExitTrap: 1
00:00:00.757449 NEM:                X64ApicWriteSvrExitTrap: 1
00:00:00.757452 NEM:                 UnknownSynicConnection: 0
00:00:00.757455 NEM:              RetargetUnknownVpciDevice: 0
00:00:00.757459 NEM:                X64ApicWriteLdrExitTrap: 0
00:00:00.757462 NEM:                X64ApicWriteDfrExitTrap: 0
00:00:00.757465 NEM:                     GpaAccessFaultExit: 0
00:00:00.757468 NEM: WHvCapabilityCodeFeatures             = 0x000000000000007f
00:00:00.757474 NEM:                           PartialUnmap: 1
00:00:00.757477 NEM:                     LocalApicEmulation: 1
00:00:00.757482 NEM:                                  Xsave: 1
00:00:00.757485 NEM:                      DirtyPageTracking: 1
00:00:00.757488 NEM:                     SpeculationControl: 1
00:00:00.757491 NEM:                         ApicRemoteRead: 1
00:00:00.757494 NEM:                            IdleSuspend: 1
00:00:00.757497 NEM:                VirtualPciDeviceSupport: 0
00:00:00.757500 NEM:                           IommuSupport: 0
00:00:00.757503 NEM:                         VpHotAddRemove: 0
00:00:00.757510 NEM: Supported xsave features: 0x381f
00:00:00.757513 NEM:                           XsaveSupport: 1
00:00:00.757516 NEM:                        XsaveoptSupport: 1
00:00:00.757519 NEM:                             AvxSupport: 1
00:00:00.757522 NEM:                            Avx2Support: 1
00:00:00.757526 NEM:                             FmaSupport: 1
00:00:00.757529 NEM:                             MpxSupport: 0
00:00:00.757532 NEM:                          Avx512Support: 0
00:00:00.757535 NEM:                        Avx512DQSupport: 0
00:00:00.757538 NEM:                        Avx512BWSupport: 0
00:00:00.757541 NEM:                        Avx512VLSupport: 0
00:00:00.757544 NEM:                       XsaveCompSupport: 1
00:00:00.757551 NEM:                 XsaveSupervisorSupport: 1
00:00:00.757556 NEM:                            Xcr1Support: 1
00:00:00.757559 NEM:                    Avx512BitalgSupport: 0
00:00:00.757562 NEM:                      Avx512IfmaSupport: 0
00:00:00.757565 NEM:                      Avx512VBmiSupport: 0
00:00:00.757568 NEM:                     Avx512VBmi2Support: 0
00:00:00.757571 NEM:                      Avx512VnniSupport: 0
00:00:00.757574 NEM:                            GfniSupport: 0
00:00:00.757577 NEM:                            VaesSupport: 0
00:00:00.757581 NEM:                 Avx512VPopcntdqSupport: 0
00:00:00.757584 NEM:                      VpclmulqdqSupport: 0
00:00:00.757587 NEM:                      Avx512Bf16Support: 0
00:00:00.757590 NEM:              Avx512Vp2IntersectSupport: 0
00:00:00.757593 NEM:                      Avx512Fp16Support: 0
00:00:00.757596 NEM:                             XfdSupport: 0
00:00:00.757599 NEM:                         AmxTileSupport: 0
00:00:00.757602 NEM:                         AmxBf16Support: 0
00:00:00.757605 NEM:                         AmxInt8Support: 0
00:00:00.757608 NEM:                         AvxVnniSupport: 0
00:00:00.757612 NEM: Supported exception exit bitmap: 0xf7dfb
00:00:00.757617 NEM: WHvCapabilityCodeProcessorVendor      = 0 - AMD
00:00:00.757624 NEM: WHvCapabilityCodeProcessorFeatures    = 0x000006cb66f39fbf
00:00:00.757628 NEM:                            Sse3Support: 1
00:00:00.757631 NEM:                        LahfSahfSupport: 1
00:00:00.757634 NEM:                           Ssse3Support: 1
00:00:00.757637 NEM:                          Sse4_1Support: 1
00:00:00.757642 NEM:                          Sse4_2Support: 1
00:00:00.757646 NEM:                           Sse4aSupport: 1
00:00:00.757649 NEM:                             XopSupport: 0
00:00:00.757652 NEM:                          PopCntSupport: 1
00:00:00.757655 NEM:                      Cmpxchg16bSupport: 1
00:00:00.757658 NEM:                       Altmovcr8Support: 1
00:00:00.757661 NEM:                           LzcntSupport: 1
00:00:00.757664 NEM:                     MisAlignSseSupport: 1
00:00:00.757667 NEM:                          MmxExtSupport: 1
00:00:00.757670 NEM:                        Amd3DNowSupport: 0
00:00:00.757673 NEM:                ExtendedAmd3DNowSupport: 0
00:00:00.757676 NEM:                         Page1GbSupport: 1
00:00:00.757679 NEM:                             AesSupport: 1
00:00:00.757683 NEM:                       PclmulqdqSupport: 1
00:00:00.757686 NEM:                            PcidSupport: 0
00:00:00.757689 NEM:                            Fma4Support: 0
00:00:00.757692 NEM:                            F16CSupport: 1
00:00:00.757695 NEM:                          RdRandSupport: 1
00:00:00.757698 NEM:                        RdWrFsGsSupport: 1
00:00:00.757701 NEM:                            SmepSupport: 1
00:00:00.757704 NEM:              EnhancedFastStringSupport: 0
00:00:00.757707 NEM:                            Bmi1Support: 1
00:00:00.757710 NEM:                            Bmi2Support: 1
00:00:00.757713 NEM:                              Reserved1: 0
00:00:00.757716 NEM:                           MovbeSupport: 1
00:00:00.757719 NEM:                          Npiep1Support: 1
00:00:00.757722 NEM:                   DepX87FPUSaveSupport: 0
00:00:00.757725 NEM:                          RdSeedSupport: 1
00:00:00.757728 NEM:                             AdxSupport: 1
00:00:00.757731 NEM:                   IntelPrefetchSupport: 0
00:00:00.757734 NEM:                            SmapSupport: 1
00:00:00.757738 NEM:                             HleSupport: 0
00:00:00.757741 NEM:                             RtmSupport: 0
00:00:00.757744 NEM:                          RdtscpSupport: 1
00:00:00.757747 NEM:                      ClflushoptSupport: 1
00:00:00.757750 NEM:                            ClwbSupport: 0
00:00:00.757753 NEM:                             ShaSupport: 1
00:00:00.757757 NEM:                X87PointersSavedSupport: 1
00:00:00.757761 NEM:                         InvpcidSupport: 0
00:00:00.757764 NEM:                            IbrsSupport: 0
00:00:00.757768 NEM:                           StibpSupport: 0
00:00:00.757771 NEM:                            IbpbSupport: 0
00:00:00.757774 NEM:                              Reserved2: 0
00:00:00.757777 NEM:                            SsbdSupport: 0
00:00:00.757780 NEM:                 FastShortRepMovSupport: 0
00:00:00.757783 NEM:                              Reserved3: 0
00:00:00.757786 NEM:                                 RdclNo: 0
00:00:00.757792 NEM:                         IbrsAllSupport: 0
00:00:00.757795 NEM:                              Reserved4: 0
00:00:00.757798 NEM:                                  SsbNo: 0
00:00:00.757802 NEM:                                 RsbANo: 0
00:00:00.757805 NEM:                              Reserved5: 0
00:00:00.757808 NEM:                           RdPidSupport: 0
00:00:00.757811 NEM:                            UmipSupport: 0
00:00:00.757814 NEM:                           MdsNoSupport: 0
00:00:00.757817 NEM:                         MdClearSupport: 0
00:00:00.757820 NEM:                           TaaNoSupport: 0
00:00:00.757823 NEM:                         TsxCtrlSupport: 0
00:00:00.757826 NEM:                              Reserved6: 0
00:00:00.757832 NEM: WHvCapabilityCodeProcessorClFlushSize = 2^8
00:00:00.757836 NEM: Warning! Unknown capability 0x4 returning: 3f 00 00 00 00 00 00 00 00 00 00 00 00 00 00 00 00 00 00 00 00 00 00 00
00:00:00.758249 NEM: Warning! Unknown capability 0x1003 returning: 1f 38 00 00 00 00 00 00 00 00 00 00 00 00 00 00 00 00 00 00 00 00 00 00
00:00:00.758263 NEM: Warning! Unknown capability 0x1004 returning: f0 89 82 e2 00 00 00 00 00 00 00 00 00 00 00 00 00 00 00 00 00 00 00 00
00:00:00.758269 NEM: Warning! Unknown capability 0x1005 returning: 00 c2 eb 0b 00 00 00 00 00 00 00 00 00 00 00 00 00 00 00 00 00 00 00 00
00:00:00.758274 NEM: Warning! Unknown capability 0x1006 returning: 02 00 00 00 00 00 00 00 bf 9f f3 66 cb 06 00 00 04 00 00 00 00 00 00 00
00:00:00.759112 NEM: Created partition 000001b8ebb5d800. APIC emulation mode: VirtualBox
00:00:00.759140 PGM: Enabling NEM mode
00:00:00.759217 NEM:
00:00:00.759218 NEM: NEMR3Init: Snail execution mode is active!
00:00:00.759218 NEM: Note! VirtualBox is not able to run at its full potential in this execution mode.
00:00:00.759218 NEM:       To see VirtualBox run at max speed you need to disable all Windows features
00:00:00.759219 NEM:       making use of Hyper-V.  That is a moving target, so google how and carefully
00:00:00.759219 NEM:       consider the consequences of disabling these features.
00:00:00.759219 NEM:
00:00:00.759245 CPUM: No hardware-virtualization capability detected
00:00:00.759250 CPUM: fXStateHostMask=0x7; host XCR0=0x7
00:00:00.761645 CPUM: Matched host CPU AMD 0x17/0x8/0x2 AMD_Zen_Ryzen with CPU DB entry 'AMD Ryzen 7 1800X Eight-Core' (AMD 0x17/0x1/0x1 AMD_Zen_Ryzen)
00:00:00.773719 CPUM: MXCSR_MASK=0x2ffff (host: 0x2ffff)
00:00:00.773766 CPUM: Microcode revision 0x08008202
00:00:00.773790 CPUM: MSR fudge: 0x00000017 IA32_PLATFORM_ID
00:00:00.773836 CPUM: MSR fudge: 0x000001a0 IA32_MISC_ENABLE
00:00:00.773854 CPUM: MSR fudge: 0x000002ff IA32_MTRR_DEF_TYPE
00:00:00.773871 CPUM: MSR fudge: 0x0000002c P4_EBC_FREQUENCY_ID
00:00:00.773976 CPUM: Set SSBD not required flag for AMD to work around some buggy Linux kernels!
00:00:00.773980 CPUM: Enabled MTRR read-write support
00:00:00.773985 CPUM: Enabled fixed-range MTRRs and 16 (virtualized) variable-range MTRRs
00:00:00.775896 NEM: HvPartitionPropertyProcessorVendor=0x0 (0)
00:00:00.775915 NEM: cbXSaveArea=832
00:00:00.775933 NEM: Default XSAVE area returned by Hyper-V
00:00:00.775935 000000710fffdba0/0000: 00 00 00 00 00 00 00 00-00 00 00 00 00 00 00 00 ................
00:00:00.775937 000000710fffdbb0/0010: 00 00 00 00 00 00 00 00-80 1f 00 00 ff ff 02 00 ................
00:00:00.775939 000000710fffdbc0/0020: 00 00 00 00 00 00 00 00-00 00 00 00 00 00 00 00 ................
00:00:00.775941 000000710fffdbd0/0030: 00 00 00 00 00 00 00 00-00 00 00 00 00 00 00 00 ................
00:00:00.775943 000000710fffdbe0/0040: 00 00 00 00 00 00 00 00-00 00 00 00 00 00 00 00 ................
00:00:00.775945 000000710fffdbf0/0050: 00 00 00 00 00 00 00 00-00 00 00 00 00 00 00 00 ................
00:00:00.775946 000000710fffdc00/0060: 00 00 00 00 00 00 00 00-00 00 00 00 00 00 00 00 ................
00:00:00.775948 000000710fffdc10/0070: 00 00 00 00 00 00 00 00-00 00 00 00 00 00 00 00 ................
00:00:00.775949 000000710fffdc20/0080: 00 00 00 00 00 00 00 00-00 00 00 00 00 00 00 00 ................
00:00:00.775951 000000710fffdc30/0090: 00 00 00 00 00 00 00 00-00 00 00 00 00 00 00 00 ................
00:00:00.775952 000000710fffdc40/00a0: 00 00 00 00 00 00 00 00-00 00 00 00 00 00 00 00 ................
00:00:00.775954 000000710fffdc50/00b0: 00 00 00 00 00 00 00 00-00 00 00 00 00 00 00 00 ................
00:00:00.775955 000000710fffdc60/00c0: 00 00 00 00 00 00 00 00-00 00 00 00 00 00 00 00 ................
00:00:00.775957 000000710fffdc70/00d0: 00 00 00 00 00 00 00 00-00 00 00 00 00 00 00 00 ................
00:00:00.775958 000000710fffdc80/00e0: 00 00 00 00 00 00 00 00-00 00 00 00 00 00 00 00 ................
00:00:00.775960 000000710fffdc90/00f0: 00 00 00 00 00 00 00 00-00 00 00 00 00 00 00 00 ................
00:00:00.775961 000000710fffdca0/0100: 00 00 00 00 00 00 00 00-00 00 00 00 00 00 00 00 ................
00:00:00.775963 000000710fffdcb0/0110: 00 00 00 00 00 00 00 00-00 00 00 00 00 00 00 00 ................
00:00:00.775965 000000710fffdcc0/0120: 00 00 00 00 00 00 00 00-00 00 00 00 00 00 00 00 ................
00:00:00.775966 000000710fffdcd0/0130: 00 00 00 00 00 00 00 00-00 00 00 00 00 00 00 00 ................
00:00:00.775968 000000710fffdce0/0140: 00 00 00 00 00 00 00 00-00 00 00 00 00 00 00 00 ................
00:00:00.775969 000000710fffdcf0/0150: 00 00 00 00 00 00 00 00-00 00 00 00 00 00 00 00 ................
00:00:00.775971 000000710fffdd00/0160: 00 00 00 00 00 00 00 00-00 00 00 00 00 00 00 00 ................
00:00:00.775972 000000710fffdd10/0170: 00 00 00 00 00 00 00 00-00 00 00 00 00 00 00 00 ................
00:00:00.775974 000000710fffdd20/0180: 00 00 00 00 00 00 00 00-00 00 00 00 00 00 00 00 ................
00:00:00.775975 000000710fffdd30/0190: 00 00 00 00 00 00 00 00-00 00 00 00 00 00 00 00 ................
00:00:00.775977 000000710fffdd40/01a0: 00 00 00 00 00 00 00 00-00 00 00 00 00 00 00 00 ................
00:00:00.775978 000000710fffdd50/01b0: 00 00 00 00 00 00 00 00-00 00 00 00 00 00 00 00 ................
00:00:00.775980 000000710fffdd60/01c0: 00 00 00 00 00 00 00 00-00 00 00 00 00 00 00 00 ................
00:00:00.775981 000000710fffdd70/01d0: 00 00 00 00 00 00 00 00-00 00 00 00 00 00 00 00 ................
00:00:00.775983 000000710fffdd80/01e0: 00 00 00 00 00 00 00 00-00 00 00 00 00 00 00 00 ................
00:00:00.775984 000000710fffdd90/01f0: 00 00 00 00 00 00 00 00-00 00 00 00 00 00 00 00 ................
00:00:00.775986 000000710fffdda0/0200: 02 00 00 00 00 00 00 00-07 00 00 00 00 00 00 80 ................
00:00:00.775987 000000710fffddb0/0210: 00 00 00 00 00 00 00 00-00 00 00 00 00 00 00 00 ................
00:00:00.775989 000000710fffddc0/0220: 00 00 00 00 00 00 00 00-00 00 00 00 00 00 00 00 ................
00:00:00.775990 000000710fffddd0/0230: 00 00 00 00 00 00 00 00-00 00 00 00 00 00 00 00 ................
00:00:00.775992 000000710fffdde0/0240: 00 00 00 00 00 00 00 00-00 00 00 00 00 00 00 00 ................
00:00:00.775993 000000710fffddf0/0250: 00 00 00 00 00 00 00 00-00 00 00 00 00 00 00 00 ................
00:00:00.775995 000000710fffde00/0260: 00 00 00 00 00 00 00 00-00 00 00 00 00 00 00 00 ................
00:00:00.775997 000000710fffde10/0270: 00 00 00 00 00 00 00 00-00 00 00 00 00 00 00 00 ................
00:00:00.775998 000000710fffde20/0280: 00 00 00 00 00 00 00 00-00 00 00 00 00 00 00 00 ................
00:00:00.776000 000000710fffde30/0290: 00 00 00 00 00 00 00 00-00 00 00 00 00 00 00 00 ................
00:00:00.776001 000000710fffde40/02a0: 00 00 00 00 00 00 00 00-00 00 00 00 00 00 00 00 ................
00:00:00.776003 000000710fffde50/02b0: 00 00 00 00 00 00 00 00-00 00 00 00 00 00 00 00 ................
00:00:00.776004 000000710fffde60/02c0: 00 00 00 00 00 00 00 00-00 00 00 00 00 00 00 00 ................
00:00:00.776006 000000710fffde70/02d0: 00 00 00 00 00 00 00 00-00 00 00 00 00 00 00 00 ................
00:00:00.776007 000000710fffde80/02e0: 00 00 00 00 00 00 00 00-00 00 00 00 00 00 00 00 ................
00:00:00.776009 000000710fffde90/02f0: 00 00 00 00 00 00 00 00-00 00 00 00 00 00 00 00 ................
00:00:00.776010 000000710fffdea0/0300: 00 00 00 00 00 00 00 00-00 00 00 00 00 00 00 00 ................
00:00:00.776012 000000710fffdeb0/0310: 00 00 00 00 00 00 00 00-00 00 00 00 00 00 00 00 ................
00:00:00.776013 000000710fffdec0/0320: 00 00 00 00 00 00 00 00-00 00 00 00 00 00 00 00 ................
00:00:00.776015 000000710fffded0/0330: 00 00 00 00 00 00 00 00-00 00 00 00 00 00 00 00 ................
00:00:00.776026 NEM: Successfully set up partition (device handle 0000000000000b64, partition ID 0x91)
00:00:00.776198 PGM: Host paging mode: AMD64+PGE+NX
00:00:00.776208 PGM: PGMPool: cMaxPages=256 (u64MaxPages=64)
00:00:00.776212 PGM: pgmR3PoolInit: cMaxPages=0x100 cMaxUsers=0x200 cMaxPhysExts=0x200 fCacheEnable=true
00:00:00.789922 SUPLib: MEM_LARGE_PAGES works!
00:00:00.790216 TM: GIP - u32Mode=3 (Invariant) u32UpdateHz=93 u32UpdateIntervalNS=10741500 enmUseTscDelta=2 (Practically Zero) fGetGipCpu=0x2b cCpus=16
00:00:00.790224 TM: GIP - u64CpuHz=3 800 205 671 (0xe2828967)  SUPGetCpuHzFromGip => 3 800 205 671
00:00:00.790229 TM: GIP - CPU: iCpuSet=0x0 idCpu=0x0 idApic=0x0 iGipCpu=0x2 i64TSCDelta=0 enmState=3 u64CpuHz=3800199759(*) cErrors=0
00:00:00.790234 TM: GIP - CPU: iCpuSet=0x1 idCpu=0x1 idApic=0x1 iGipCpu=0x1 i64TSCDelta=0 enmState=3 u64CpuHz=3800206701(*) cErrors=0
00:00:00.790238 TM: GIP - CPU: iCpuSet=0x2 idCpu=0x2 idApic=0x2 iGipCpu=0x7 i64TSCDelta=0 enmState=3 u64CpuHz=3800205164(*) cErrors=0
00:00:00.790242 TM: GIP - CPU: iCpuSet=0x3 idCpu=0x3 idApic=0x3 iGipCpu=0x5 i64TSCDelta=0 enmState=3 u64CpuHz=3800205413(*) cErrors=0
00:00:00.790246 TM: GIP - CPU: iCpuSet=0x4 idCpu=0x4 idApic=0x4 iGipCpu=0x0 i64TSCDelta=0 enmState=3 u64CpuHz=3800205671(*) cErrors=0
00:00:00.790250 TM: GIP - CPU: iCpuSet=0x5 idCpu=0x5 idApic=0x5 iGipCpu=0x6 i64TSCDelta=0 enmState=3 u64CpuHz=3800205515(*) cErrors=0
00:00:00.790253 TM: GIP - CPU: iCpuSet=0x6 idCpu=0x6 idApic=0x6 iGipCpu=0x4 i64TSCDelta=0 enmState=3 u64CpuHz=3800205870(*) cErrors=0
00:00:00.790257 TM: GIP - CPU: iCpuSet=0x7 idCpu=0x7 idApic=0x7 iGipCpu=0x3 i64TSCDelta=0 enmState=3 u64CpuHz=3800204823(*) cErrors=0
00:00:00.790261 TM: GIP - CPU: iCpuSet=0x8 idCpu=0x8 idApic=0x8 iGipCpu=0xa i64TSCDelta=0 enmState=3 u64CpuHz=3800205628(*) cErrors=0
00:00:00.790264 TM: GIP - CPU: iCpuSet=0x9 idCpu=0x9 idApic=0x9 iGipCpu=0x8 i64TSCDelta=0 enmState=3 u64CpuHz=3800205576(*) cErrors=0
00:00:00.790268 TM: GIP - CPU: iCpuSet=0xa idCpu=0xa idApic=0xa iGipCpu=0xd i64TSCDelta=0 enmState=3 u64CpuHz=3800205529(*) cErrors=0
00:00:00.790271 TM: GIP - CPU: iCpuSet=0xb idCpu=0xb idApic=0xb iGipCpu=0xe i64TSCDelta=0 enmState=3 u64CpuHz=3800205671(*) cErrors=0
00:00:00.790275 TM: GIP - CPU: iCpuSet=0xc idCpu=0xc idApic=0xc iGipCpu=0x9 i64TSCDelta=0 enmState=3 u64CpuHz=3800205494(*) cErrors=0
00:00:00.790278 TM: GIP - CPU: iCpuSet=0xd idCpu=0xd idApic=0xd iGipCpu=0xc i64TSCDelta=0 enmState=3 u64CpuHz=3800205648(*) cErrors=0
00:00:00.790282 TM: GIP - CPU: iCpuSet=0xe idCpu=0xe idApic=0xe iGipCpu=0xf i64TSCDelta=0 enmState=3 u64CpuHz=3800206701(*) cErrors=0
00:00:00.790285 TM: GIP - CPU: iCpuSet=0xf idCpu=0xf idApic=0xf iGipCpu=0xb i64TSCDelta=0 enmState=3 u64CpuHz=3800205483(*) cErrors=0
00:00:00.790293 TM: NEM overrides the /TM/TSCModeSwitchAllowed setting.
00:00:00.790306 TM:     cTSCTicksPerSecond=3 800 205 671 (0xe2828967) enmTSCMode=4 (NativeApi) TSCMultiplier=1
00:00:00.790308 TM: cTSCTicksPerSecondHost=3 800 205 671 (0xe2828967)
00:00:00.790309 TM: TSCTiedToExecution=false TSCNotTiedToHalt=false
00:00:00.791066 EMR3Init: fIemExecutesAll=false fGuruOnTripleFault=true
00:00:00.791217 IEM: TargetCpu=CURRENT, Microarch=AMD_Zen_Ryzen aidxTargetCpuEflFlavour={2,0}
00:00:00.791641 GIM: Using provider 'None' (Implementation version: 0)
00:00:00.791656 GCM: Initialized - Fixer bits: 0x0
00:00:00.791715 AIOMgr: Default manager type is 'Async'
00:00:00.791720 AIOMgr: Default file backend is 'NonBuffered'
00:00:00.791763 BlkCache: Cache successfully initialized. Cache size is 5242880 bytes
00:00:00.791768 BlkCache: Cache commit interval is 10000 ms
00:00:00.791771 BlkCache: Cache commit threshold is 2621440 bytes
00:00:01.176390 PcBios: [SMP] BIOS with 1 CPUs
00:00:01.176411 PcBios: Using the 386+ BIOS image.
00:00:01.176767 PcBios: fCheckShutdownStatusForSoftReset=true  fClearShutdownStatusOnHardReset=true
00:00:01.176935 PDM: VirtualBox APIC backend registered
00:00:01.176983 CPUM: SetGuestCpuIdFeature: Enabled xAPIC
00:00:01.177355 PIT: mode=3 count=0x10000 (65536) - 18.20 Hz (ch=0)
00:00:01.177825 VMMDev: cbDefaultBudget: 1 073 741 824 (40000000)
00:00:01.191956 Shared Folders service loaded
00:00:01.207467 Guest Control service loaded
00:00:01.224697 VGA: Using the 386+ BIOS image.
00:00:01.226258 DrvVD: Flushes will be ignored
00:00:01.226275 DrvVD: Async flushes will be passed to the disk
00:00:01.226561 VD: VDInit finished with VINF_SUCCESS
00:00:01.226674 VD: Opening the disk took 383030 ns
00:00:01.226716 PIIX3 ATA: LUN#0: disk, PCHS=65/16/63, total number of sectors 65536
00:00:01.226763 PIIX3 ATA: LUN#1: no unit
00:00:01.226800 PIIX3 ATA: LUN#2: no unit
00:00:01.226806 PIIX3 ATA: LUN#3: no unit
00:00:01.226862 PIIX3 ATA: Ctl#0: finished processing RESET
00:00:01.226917 PIIX3 ATA: Ctl#1: finished processing RESET
00:00:01.240397 Audio Mixer: Setting sink 'SB16 Mixer/PCM Output' -- channel volumes: ba ba ba ba ba ba ba ba ba ba ba ba
00:00:01.265807 WasAPI: Input device is: {Default} (iface 000001b8ebb65440)
00:00:01.267788 WasAPI: Output device is: {Default} (iface 000001b8ebb65620)
00:00:01.273460 Audio: Found 9 devices for driver 'WasAPI'
00:00:01.273472 Audio: Device 'Headphones (High Definition Audio Device)':
00:00:01.273472 Audio:   ID              = {0.0.0.00000000}.{12380492-75b7-42bc-b789-0d1d8d1f4e3b}
00:00:01.273473 Audio:   Usage           = output
00:00:01.273473 Audio:   Flags           = DEFAULT_OUT
00:00:01.273474 Audio:   Input channels  = 0
00:00:01.273474 Audio:   Output channels = 2
00:00:01.273478 Audio: Device 'Headphones (High Definition Audio Device)':
00:00:01.273478 Audio:   ID              = {0.0.0.00000000}.{12380492-75b7-42bc-b789-0d1d8d1f4e3b}
00:00:01.273479 Audio:   Usage           = output
00:00:01.273479 Audio:   Flags           = NONE
00:00:01.273479 Audio:   Input channels  = 0
00:00:01.273479 Audio:   Output channels = 2
00:00:01.273482 Audio: Device 'Digital Audio (S/PDIF) (High Definition Audio Device)':
00:00:01.273483 Audio:   ID              = {0.0.0.00000000}.{2ca71d41-bb09-4c97-9aaf-cabbc6fbe5ab}
00:00:01.273483 Audio:   Usage           = output
00:00:01.273483 Audio:   Flags           = NONE
00:00:01.273484 Audio:   Input channels  = 0
00:00:01.273484 Audio:   Output channels = 2
00:00:01.273487 Audio: Device '100012589 (NVIDIA High Definition Audio)':
00:00:01.273487 Audio:   ID              = {0.0.0.00000000}.{3f36c4ff-500a-4cd3-9a35-77b5981f1155}
00:00:01.273488 Audio:   Usage           = output
00:00:01.273488 Audio:   Flags           = NONE
00:00:01.273488 Audio:   Input channels  = 0
00:00:01.273488 Audio:   Output channels = 2
00:00:01.273491 Audio: Device 'Speakers (2- USB Audio CODEC )':
00:00:01.273492 Audio:   ID              = {0.0.0.00000000}.{566bb4ca-cb36-4deb-843b-246f6c5c5982}
00:00:01.273492 Audio:   Usage           = output
00:00:01.273492 Audio:   Flags           = NONE
00:00:01.273492 Audio:   Input channels  = 0
00:00:01.273493 Audio:   Output channels = 2
00:00:01.273501 Audio: Device '100012589 (NVIDIA High Definition Audio)':
00:00:01.273501 Audio:   ID              = {0.0.0.00000000}.{fdb7b4cc-b13a-4c66-ac46-5302e0b66d2f}
00:00:01.273501 Audio:   Usage           = output
00:00:01.273502 Audio:   Flags           = NONE
00:00:01.273502 Audio:   Input channels  = 0
00:00:01.273502 Audio:   Output channels = 2
00:00:01.273507 Audio: Device 'Microphone (NexiGo HD Webcam Audio)':
00:00:01.273508 Audio:   ID              = {0.0.1.00000000}.{8830d0fa-5126-4de0-babf-090349e9c6f6}
00:00:01.273508 Audio:   Usage           = input
00:00:01.273508 Audio:   Flags           = DEFAULT_IN
00:00:01.273508 Audio:   Input channels  = 2
00:00:01.273509 Audio:   Output channels = 0
00:00:01.273512 Audio: Device 'Microphone (2- USB Audio CODEC )':
00:00:01.273512 Audio:   ID              = {0.0.1.00000000}.{2cdb81b1-e1eb-4201-a0a4-fc6057072946}
00:00:01.273512 Audio:   Usage           = input
00:00:01.273513 Audio:   Flags           = NONE
00:00:01.273513 Audio:   Input channels  = 1
00:00:01.273513 Audio:   Output channels = 0
00:00:01.273516 Audio: Device 'Microphone (NexiGo HD Webcam Audio)':
00:00:01.273516 Audio:   ID              = {0.0.1.00000000}.{8830d0fa-5126-4de0-babf-090349e9c6f6}
00:00:01.273517 Audio:   Usage           = input
00:00:01.273517 Audio:   Flags           = NONE
00:00:01.273517 Audio:   Input channels  = 2
00:00:01.273517 Audio:   Output channels = 0
00:00:01.273778 PGM: The CPU physical address width is 48 bits
00:00:01.273786 PGM: PGMR3InitFinalize: 4 MB PSE mask 0000ffffffffffff -> VINF_SUCCESS
00:00:01.273795 TM: TMR3InitFinalize: fTSCModeSwitchAllowed=false
00:00:01.274030 CPUM: Mapped 1.0MiB (1048576 bytes) of RAM using fixed-range MTRRs
00:00:01.274038 CPUM: Mapped 64.0MiB (67108864 bytes) of RAM using 1 variable-range MTRRs
00:00:01.274145 VMM: Thread-context hooks unavailable
00:00:01.274150 VMM: RTThreadPreemptIsPending() can be trusted
00:00:01.274154 VMM: Kernel preemption is possible
00:00:01.274164 EM: Exit history optimizations: enabled=true enabled-r0=true enabled-r0-no-preemption=false
00:00:01.276368 PcBios: ATA LUN#0 LCHS=65/16/63
00:00:01.276383 APIC: fPostedIntrsEnabled=false fVirtApicRegsEnabled=false fSupportsTscDeadline=false
00:00:01.276388 TMR3UtcNow: nsNow=1 776 892 226 055 663 600 nsPrev=0 -> cNsDelta=1 776 892 226 055 663 600 (offLag=0 offVirtualSync=0 offVirtualSyncGivenUp=0, NowAgain=1 776 892 226 055 663 600)
00:00:01.276458 VMM: fUsePeriodicPreemptionTimers=true
00:00:01.276466 CPUM: Logical host processors: 16 present, 16 max, 16 online, online mask: 000000000000ffff
00:00:01.276467 CPUM: Physical host cores: 8
00:00:01.276467 ************************ CPUID dump *************************
00:00:01.278816          Raw Standard CPUID Leaves
00:00:01.278816      Leaf/sub-leaf  eax      ebx      ecx      edx
00:00:01.278818 Gst: 00000000/0000  0000000d 68747541 444d4163 69746e65
00:00:01.278819 Hst:                0000000d 68747541 444d4163 69746e65
00:00:01.278820 Gst: 00000001/0000  00800f82 00010800 76d83203 178bfbbf
00:00:01.278821 Hst:                00800f82 01100800 fed83203 178bfbff
00:00:01.278822 Gst: 00000002/0000  00000000 00000000 00000000 00000000
00:00:01.278822 Hst:                00000000 00000000 00000000 00000000
00:00:01.278823 Gst: 00000003/0000  00000000 00000000 00000000 00000000
00:00:01.278823 Hst:                00000000 00000000 00000000 00000000
00:00:01.278824 Gst: 00000004/0000  00000000 00000000 00000000 00000000
00:00:01.278825 Hst:                00000000 00000000 00000000 00000000
00:00:01.278825 Gst: 00000005/0000  00000000 00000000 00000000 00000000
00:00:01.278826 Hst:                00000000 00000000 00000000 00000000
00:00:01.278826 Gst: 00000006/0000  00000004 00000000 00000000 00000000
00:00:01.278827 Hst:                00000000 00000000 00000001 00000000
00:00:01.278827 Gst: 00000007/0000  00000000 208c0129 00000000 00000000
00:00:01.278828 Hst:                00000000 209c01a9 00000000 00000000
00:00:01.278829 Gst: 00000007/0001  00000000 00000000 00000000 00000000
00:00:01.278829 Hst:                00000000 00000000 00000000 00000000
00:00:01.278830 Gst: 00000007/0002  00000000 00000000 00000000 00000000
00:00:01.278830 Hst:                00000000 00000000 00000000 00000000
00:00:01.278831 Gst: 00000008/0000  00000000 00000000 00000000 00000000
00:00:01.278831 Hst:                00000000 00000000 00000000 00000000
00:00:01.278832 Gst: 00000009/0000  00000000 00000000 00000000 00000000
00:00:01.278832 Hst:                00000000 00000000 00000000 00000000
00:00:01.278833 Gst: 0000000a/0000  00000000 00000000 00000000 00000000
00:00:01.278834 Hst:                00000000 00000000 00000000 00000000
00:00:01.278834 Gst: 0000000b/0000  00000000 00000000 00000000 00000000
00:00:01.278835 Hst:                00000000 00000000 00000000 00000000
00:00:01.278835 Gst: 0000000c/0000  00000000 00000000 00000000 00000000
00:00:01.278836 Hst:                00000000 00000000 00000000 00000000
00:00:01.278836 Gst: 0000000d/0000  00000007 00000340 00000340 00000000
00:00:01.278837 Hst:                00000007 00000340 00000340 00000000
00:00:01.278837 Gst: 0000000d/0001  00000000 00000340 00000000 00000000
00:00:01.278838 Hst:                0000000f 00000340 00000000 00000000
00:00:01.278839 Gst: 0000000d/0002  00000100 00000240 00000000 00000000
00:00:01.278839 Hst:                00000100 00000240 00000000 00000000
00:00:01.278840 Gst: 0000000d/0003  00000000 00000000 00000000 00000000
00:00:01.278840 Hst:                00000000 00000000 00000000 00000000
00:00:01.278841                                Name: AuthenticAMD
00:00:01.278842                            Supports: 0x00000000-0x0000000d
00:00:01.278843                              Family: 15 	Extended: 8 	Effective: 23
00:00:01.278844                               Model:  8 	Extended: 0 	Effective: 8
00:00:01.278845                            Stepping: 2
00:00:01.278846                                Type: 0 (primary)
00:00:01.278847                             APIC ID: 0x00
00:00:01.278847                        Logical CPUs: 1
00:00:01.278848                        CLFLUSH Size: 8
00:00:01.278848                            Brand ID: 0x00
00:00:01.278849 Features
00:00:01.278849   Mnemonic - Description                                  = Guest (Host)
00:00:01.278851   FPU - x87 FPU on Chip                                   = 1 (1)
00:00:01.278852   VME - Virtual 8086 Mode Enhancements                    = 1 (1)
00:00:01.278853   DE - Debugging extensions                               = 1 (1)
00:00:01.278854   PSE - Page Size Extension                               = 1 (1)
00:00:01.278855   TSC - Time Stamp Counter                                = 1 (1)
00:00:01.278858   MSR - Model Specific Registers                          = 1 (1)
00:00:01.278859   PAE - Physical Address Extension                        = 0 (1)
00:00:01.278859   MCE - Machine Check Exception                           = 1 (1)
00:00:01.278860   CX8 - CMPXCHG8B instruction                             = 1 (1)
00:00:01.278861   APIC - APIC On-Chip                                     = 1 (1)
00:00:01.278862   SEP - SYSENTER and SYSEXIT Present                      = 1 (1)
00:00:01.278863   MTRR - Memory Type Range Registers                      = 1 (1)
00:00:01.278864   PGE - PTE Global Bit                                    = 1 (1)
00:00:01.278865   MCA - Machine Check Architecture                        = 1 (1)
00:00:01.278865   CMOV - Conditional Move instructions                    = 1 (1)
00:00:01.278866   PAT - Page Attribute Table                              = 1 (1)
00:00:01.278867   PSE-36 - 36-bit Page Size Extension                     = 1 (1)
00:00:01.278868   PSN - Processor Serial Number                           = 0 (0)
00:00:01.278869   CLFSH - CLFLUSH instruction                             = 1 (1)
00:00:01.278869   DS - Debug Store                                        = 0 (0)
00:00:01.278870   ACPI - Thermal Mon. & Soft. Clock Ctrl.                 = 0 (0)
00:00:01.278871   MMX - Intel MMX Technology                              = 1 (1)
00:00:01.278872   FXSR - FXSAVE and FXRSTOR instructions                  = 1 (1)
00:00:01.278873   SSE - SSE support                                       = 1 (1)
00:00:01.278874   SSE2 - SSE2 support                                     = 1 (1)
00:00:01.278874   SS - Self Snoop                                         = 0 (0)
00:00:01.278875   HTT - Hyper-Threading Technology                        = 1 (1)
00:00:01.278876   TM - Therm. Monitor                                     = 0 (0)
00:00:01.278877   PBE - Pending Break Enabled                             = 0 (0)
00:00:01.278878   SSE3 - SSE3 support                                     = 1 (1)
00:00:01.278879   PCLMUL - PCLMULQDQ support (for AES-GCM)                = 1 (1)
00:00:01.278880   DTES64 - DS Area 64-bit Layout                          = 0 (0)
00:00:01.278880   MONITOR - MONITOR/MWAIT instructions                    = 0 (0)
00:00:01.278881   CPL-DS - CPL Qualified Debug Store                      = 0 (0)
00:00:01.278882   VMX - Virtual Machine Extensions                        = 0 (0)
00:00:01.278883   SMX - Safer Mode Extensions                             = 0 (0)
00:00:01.278883   EST - Enhanced SpeedStep Technology                     = 0 (0)
00:00:01.278884   TM2 - Terminal Monitor 2                                = 0 (0)
00:00:01.278885   SSSE3 - Supplemental Streaming SIMD Extensions 3        = 1 (1)
00:00:01.278886   CNTX-ID - L1 Context ID                                 = 0 (0)
00:00:01.278887   SDBG - Silicon Debug interface                          = 0 (0)
00:00:01.278887   FMA - Fused Multiply Add extensions                     = 1 (1)
00:00:01.278888   CX16 - CMPXCHG16B instruction                           = 1 (1)
00:00:01.278889   TPRUPDATE - xTPR Update Control                         = 0 (0)
00:00:01.278890   PDCM - Perf/Debug Capability MSR                        = 0 (0)
00:00:01.278890   PCID - Process Context Identifiers                      = 0 (0)
00:00:01.278891   DCA - Direct Cache Access                               = 0 (0)
00:00:01.278892   SSE4_1 - SSE4_1 support                                 = 1 (1)
00:00:01.278893   SSE4_2 - SSE4_2 support                                 = 1 (1)
00:00:01.278894   X2APIC - x2APIC support                                 = 0 (0)
00:00:01.278895   MOVBE - MOVBE instruction                               = 1 (1)
00:00:01.278895   POPCNT - POPCNT instruction                             = 1 (1)
00:00:01.278896   TSCDEADL - Time Stamp Counter Deadline                  = 0 (0)
00:00:01.278897   AES - AES instructions                                  = 1 (1)
00:00:01.278898   XSAVE - XSAVE instruction                               = 1 (1)
00:00:01.278899   OSXSAVE - OSXSAVE instruction                           = 0 (1)
00:00:01.278899   AVX - AVX support                                       = 1 (1)
00:00:01.278900   F16C - 16-bit floating point conversion instructions    = 1 (1)
00:00:01.278901   RDRAND - RDRAND instruction                             = 1 (1)
00:00:01.278902   HVP - Hypervisor Present (we're a guest)                = 0 (1)
00:00:01.278903 Structured Extended Feature Flags Enumeration (leaf 7):
00:00:01.278903 Sub-leaf 0
00:00:01.278903   Mnemonic - Description                                  = Guest (Host)
00:00:01.278904   FSGSBASE - RDFSBASE/RDGSBASE/WRFSBASE/WRGSBASE instr.   = 1 (1)
00:00:01.278905   TSCADJUST - Supports MSR_IA32_TSC_ADJUST                = 0 (0)
00:00:01.278906   SGX - Supports Software Guard Extensions                = 0 (0)
00:00:01.278906   BMI1 - Advanced Bit Manipulation extension 1            = 1 (1)
00:00:01.278907   HLE - Hardware Lock Elision                             = 0 (0)
00:00:01.278908   AVX2 - Advanced Vector Extensions 2                     = 1 (1)
00:00:01.278910   FDP_EXCPTN_ONLY - FPU DP only updated on exceptions     = 0 (0)
00:00:01.278910   SMEP - Supervisor Mode Execution Prevention             = 0 (1)
00:00:01.278911   BMI2 - Advanced Bit Manipulation extension 2            = 1 (1)
00:00:01.278912   ERMS - Enhanced REP MOVSB/STOSB instructions            = 0 (0)
00:00:01.278912   INVPCID - INVPCID instruction                           = 0 (0)
00:00:01.278913   RTM - Restricted Transactional Memory                   = 0 (0)
00:00:01.278914   PQM - Platform Quality of Service Monitoring            = 0 (0)
00:00:01.278915   DEPFPU_CS_DS - Deprecates FPU CS, FPU DS values if set  = 0 (0)
00:00:01.278915   MPE - Intel Memory Protection Extensions                = 0 (0)
00:00:01.278916   PQE - Platform Quality of Service Enforcement           = 0 (0)
00:00:01.278917   AVX512F - AVX512 Foundation instructions                = 0 (0)
00:00:01.278917   AVX512DQ - Supports the AVX512DQ instructions           = 0 (0)
00:00:01.278918   RDSEED - RDSEED instruction                             = 1 (1)
00:00:01.278919   ADX - ADCX/ADOX instructions                            = 1 (1)
00:00:01.278920   SMAP - Supervisor Mode Access Prevention                = 0 (1)
00:00:01.278921   AVX512_IFMA - Supports the AVX512_IFMA instructions     = 0 (0)
00:00:01.278921   CLFLUSHOPT - CLFLUSHOPT (Cache Line Flush) instruction  = 1 (1)
00:00:01.278922   CLWB - CLWB instruction                                 = 0 (0)
00:00:01.278923   INTEL_PT - Intel Processor Trace                        = 0 (0)
00:00:01.278924   AVX512PF - AVX512 Prefetch instructions                 = 0 (0)
00:00:01.278924   AVX512ER - AVX512 Exponential & Reciprocal instructions = 0 (0)
00:00:01.278925   AVX512CD - AVX512 Conflict Detection instructions       = 0 (0)
00:00:01.278925   SHA - Secure Hash Algorithm extensions                  = 1 (1)
00:00:01.278926   AVX512BW - Supports the AVX512BW instructions           = 0 (0)
00:00:01.278927   AVX512VL - Supports the AVX512VL instructions           = 0 (0)
00:00:01.278927   PREFETCHWT1 - PREFETCHWT1 instruction                   = 0 (0)
00:00:01.278928   AVX512_VBMI - Supports the AVX512_VBMI instructions     = 0 (0)
00:00:01.278929   UMIP - User mode insturction prevention                 = 0 (0)
00:00:01.278930   PKU - Protection Key for Usermode pages                 = 0 (0)
00:00:01.278930   OSPKE - CR4.PKU mirror                                  = 0 (0)
00:00:01.278931   WAITPKG - TPAUSE, UMONITOR & UMWAIT support             = 0 (0)
00:00:01.278932   AVX512_VBMI2 - Supports the AVX512_VBMI2 instructions   = 0 (0)
00:00:01.278932   CET_SS - CET shadow stack support                       = 0 (0)
00:00:01.278933   GFNI - Supports the GFNI instruction set                = 0 (0)
00:00:01.278934   VAES - Supports the VEX encoded AES instruction set     = 0 (0)
00:00:01.278934   VPCLMULQDQ - Supports the VPCLMULQDQ instruction        = 0 (0)
00:00:01.278935   AVX512_VNNI - Supports the AVX512_VNNI instructions     = 0 (0)
00:00:01.278936   AVX512_BITALG - Supports the AVX512_BITALG instructions = 0 (0)
00:00:01.278936   TME_EN - Supports 4 IA32_TME_ MSRs                      = 0 (0)
00:00:01.278937   AVX512_VPOPCNTDQ - Supports the AVX512_VPOPCNTDQ instructions = 0 (0)
00:00:01.278938   LA57 - 57-bit linear addresses                          = 0 (0)
00:00:01.278939   MAWAU - Value used by BNDLDX & BNDSTX                   = 0x0 (0x0)
00:00:01.278939   RDPID - Read processor ID support                       = 0 (0)
00:00:01.278940   KEY_LOCKER - Supports Key Locker                        = 0 (0)
00:00:01.278941   BUS_LOCK_DETECT - Supports OS bus-lock detection        = 0 (0)
00:00:01.278942   CLDEMOTE - Supports cache line demote                   = 0 (0)
00:00:01.278942   MOVDIRI - Supports the MOVDIRI instruction              = 0 (0)
00:00:01.278943   MOVDIRI64B - Supports the MOVDIRI64B instruction        = 0 (0)
00:00:01.278944   ENQCMD - Supports the Eqnqueue Stores                   = 0 (0)
00:00:01.278945   SGX_LC - Supports SGX Launch Configuration              = 0 (0)
00:00:01.278945   PKS - Supports protection keys for supervisor pages     = 0 (0)
00:00:01.278946  Sub-leaf 2
00:00:01.278946   Mnemonic - Description                                  = Guest (Host)
00:00:01.278948   PSFD - Supports IA32_SPEC_CTRL[7] (PSFD)                = 0 (0)
00:00:01.278949   IPRED_CTRL - Supports IA32_SPEC_CTRL[4:3] (IPRED_DIS)   = 0 (0)
00:00:01.278950   RRSBA_CTRL - Supports IA32_SPEC_CTRL[6:5] (RRSBA_DIS)   = 0 (0)
00:00:01.278950   DDPD_U - Supports IA32_SPEC_CTRL[8] (DDPD_U)            = 0 (0)
00:00:01.278951   BHI_CTRL - Supports IA32_SPEC_CTRL[10] (BHI_DIS_S)      = 0 (0)
00:00:01.278951   MCDT_NO - No MXCSR Config Dependent Timing issues       = 0 (0)
00:00:01.278952   UC_LOCK_DIS - Supports UC-lock disable and causing #AC  = 0 (0)
00:00:01.278953   MONITOR_MITG_NO - No MONITOR/UMONITOR power issues      = 0 (0)
00:00:01.278954 Processor Extended State Enumeration (leaf 0xd):
00:00:01.278954    XSAVE area cur/max size by XCR0, Guest: 0x340/0x340
00:00:01.278955    XSAVE area cur/max size by XCR0,  Host: 0x340/0x340
00:00:01.278955                    Valid XCR0 bits, Guest: 0x00000000`00000007 ( x87 SSE YMM_Hi128 )
00:00:01.278957                    Valid XCR0 bits,  Host: 0x00000000`00000007 ( x87 SSE YMM_Hi128 )
00:00:01.278959                     XSAVE features, Guest
00:00:01.278959                     XSAVE features,  Host XSAVEOPT XSAVEC XGETBC1 XSAVES
00:00:01.278961       XSAVE area cur size XCR0|XSS, Guest: 0x340
00:00:01.278961       XSAVE area cur size XCR0|XSS,  Host: 0x340
00:00:01.278962                Valid IA32_XSS bits, Guest: 0x00000000`00000000
00:00:01.278962                Valid IA32_XSS bits,  Host: 0x00000000`00000000
00:00:01.278963   State #2, Guest: off=0x0240, cb=0x0100 IA32_XSS-bit -- YMM_Hi128
00:00:01.278965   State #2,  Host:  off=0x0240, cb=0x0100 IA32_XSS-bit -- YMM_Hi128
00:00:01.278970          Raw Hypervisor CPUID Leaves
00:00:01.278970      Leaf/sub-leaf  eax      ebx      ecx      edx
00:00:01.278970 Hst: 40000000/0000  4000000c 7263694d 666f736f 76482074
00:00:01.278971 Hst: 40000001/0000  31237648 00000000 00000000 00000000
00:00:01.278972 Hst: 40000002/0000  00004a61 000a0000 00000007 00001c0d
00:00:01.278973 Hst: 40000003/0000  0000bfff 002bb9ff 00000002 11fffbf2
00:00:01.278974 Hst: 40000004/0000  00042d1c 00000000 00000000 00000000
00:00:01.278974 Hst: 40000005/0000  00000400 00000400 00000c90 00000000
00:00:01.278975 Hst: 40000006/0000  000200ae 00000000 00000000 00000000
00:00:01.278976 Hst: 40000007/0000  80000007 00000003 00000000 00000000
00:00:01.278976 Hst: 40000008/0000  00100001 00000001 0000cccc 00000000
00:00:01.278977 Hst: 40000009/0000  00000000 00000000 00000000 00000000
00:00:01.278978 Hst: 4000000a/0000  00000000 00000000 00000000 00000000
00:00:01.278978 Hst: 4000000b/0000  00000000 00000000 00000000 00000000
00:00:01.278979 Hst: 4000000c/0000  00000000 00000000 00000000 00000000
00:00:01.278980          Raw Extended CPUID Leaves
00:00:01.278980      Leaf/sub-leaf  eax      ebx      ecx      edx
00:00:01.278980 Gst: 80000000/0000  8000001f 68747541 444d4163 69746e65
00:00:01.278981 Hst:                8000001f 68747541 444d4163 69746e65
00:00:01.278982 Gst: 80000001/0000  00800f82 20000000 000001f1 0bc3fb3f
00:00:01.278983 Hst:                00800f82 20000000 004023f3 2fd3fbff
00:00:01.278984 Gst: 80000002/0000  20444d41 657a7952 2037206e 30303732
00:00:01.278984 Hst:                20444d41 657a7952 2037206e 30303732
00:00:01.278985 Gst: 80000003/0000  69452058 2d746867 65726f43 6f725020
00:00:01.278986 Hst:                69452058 2d746867 65726f43 6f725020
00:00:01.278987 Gst: 80000004/0000  73736563 2020726f 20202020 00202020
00:00:01.278988 Hst:                73736563 2020726f 20202020 00202020
00:00:01.278988 Gst: 80000005/0000  ff40ff40 ff40ff40 20080140 40040140
00:00:01.278989 Hst:                ff40ff40 ff40ff40 20080140 40040140
00:00:01.278990 Gst: 80000006/0000  26006400 66006400 02006140 00808140
00:00:01.278991 Hst:                26006400 66006400 02006140 00808140
00:00:01.278991 Gst: 80000007/0000  00000000 00000000 00000000 00000100
00:00:01.278992 Hst:                00000000 0000001b 00000000 00004789
00:00:01.278993 Gst: 80000008/0000  00003030 04000000 00000000 00000000
00:00:01.278993 Hst:                00003030 02000005 0000400f 00000000
00:00:01.278994 Gst: 80000009/0000  00000000 00000000 00000000 00000000
00:00:01.278995 Hst:                00000000 00000000 00000000 00000000
00:00:01.278995 Gst: 8000000a/0000  00000000 00000000 00000000 00000000
00:00:01.278996 Hst:                00000000 00000000 00000000 00000000
00:00:01.278996 Gst: 8000000b/0000  00000000 00000000 00000000 00000000
00:00:01.278997 Hst:                00000000 00000000 00000000 00000000
00:00:01.278997 Gst: 8000000c/0000  00000000 00000000 00000000 00000000
00:00:01.278998 Hst:                00000000 00000000 00000000 00000000
00:00:01.278999 Gst: 8000000d/0000  00000000 00000000 00000000 00000000
00:00:01.278999 Hst:                00000000 00000000 00000000 00000000
00:00:01.279000 Gst: 8000000e/0000  00000000 00000000 00000000 00000000
00:00:01.279000 Hst:                00000000 00000000 00000000 00000000
00:00:01.279001 Gst: 8000000f/0000  00000000 00000000 00000000 00000000
00:00:01.279001 Hst:                00000000 00000000 00000000 00000000
00:00:01.279002 Gst: 80000010/0000  00000000 00000000 00000000 00000000
00:00:01.279003 Hst:                00000000 00000000 00000000 00000000
00:00:01.279003 Gst: 80000011/0000  00000000 00000000 00000000 00000000
00:00:01.279004 Hst:                00000000 00000000 00000000 00000000
00:00:01.279004 Gst: 80000012/0000  00000000 00000000 00000000 00000000
00:00:01.279005 Hst:                00000000 00000000 00000000 00000000
00:00:01.279005 Gst: 80000013/0000  00000000 00000000 00000000 00000000
00:00:01.279006 Hst:                00000000 00000000 00000000 00000000
00:00:01.279007 Gst: 80000014/0000  00000000 00000000 00000000 00000000
00:00:01.279007 Hst:                00000000 00000000 00000000 00000000
00:00:01.279008 Gst: 80000015/0000  00000000 00000000 00000000 00000000
00:00:01.279008 Hst:                00000000 00000000 00000000 00000000
00:00:01.279009 Gst: 80000016/0000  00000000 00000000 00000000 00000000
00:00:01.279010 Hst:                00000000 00000000 00000000 00000000
00:00:01.279010 Gst: 80000017/0000  00000000 00000000 00000000 00000000
00:00:01.279011 Hst:                00000000 00000000 00000000 00000000
00:00:01.279011 Gst: 80000018/0000  00000000 00000000 00000000 00000000
00:00:01.279012 Hst:                00000000 00000000 00000000 00000000
00:00:01.279012 Gst: 80000019/0000  00000000 00000000 00000000 00000000
00:00:01.279013 Hst:                00000000 00000000 00000000 00000000
00:00:01.279014 Gst: 8000001a/0000  00000003 00000000 00000000 00000000
00:00:01.279014 Hst:                00000003 00000000 00000000 00000000
00:00:01.279015 Gst: 8000001b/0000  00000000 00000000 00000000 00000000
00:00:01.279015 Hst:                00000000 00000000 00000000 00000000
00:00:01.279016 Gst: 8000001c/0000  00000000 00000000 00000000 00000000
00:00:01.279016 Hst:                00000000 00000000 00000000 00000000
00:00:01.279017 Gst: 8000001d/0000  00000121 01c0003f 0000003f 00000000
00:00:01.279018 Hst:                00004121 01c0003f 0000003f 00000000
00:00:01.279018 Gst: 8000001d/0001  00000122 00c0003f 000000ff 00000000
00:00:01.279019 Hst:                00004122 00c0003f 000000ff 00000000
00:00:01.279020 Gst: 8000001d/0002  00000143 01c0003f 000003ff 00000002
00:00:01.279020 Hst:                00004143 01c0003f 000003ff 00000002
00:00:01.279021 Gst: 8000001d/0003  00000163 03c0003f 00001fff 00000001
00:00:01.279022 Hst:                0001c163 03c0003f 00001fff 00000001
00:00:01.279022 Gst: 8000001d/0004  00000000 00000000 00000000 00000000
00:00:01.279023 Hst:                00000000 00000000 00000000 00000000
00:00:01.279024 Gst: 8000001e/0000  00000000 00000000 00000000 00000000
00:00:01.279024 Hst:                00000001 00000100 00000000 00000000
00:00:01.279025 Gst: 8000001f/0000  00000000 00000000 00000000 00000000
00:00:01.279025 Hst:                00000000 00000000 00000000 00000000
00:00:01.279026 Ext Name:                        AuthenticAMD
00:00:01.279026 Ext Supports:                    0x80000000-0x8000001f
00:00:01.279027 Family:                          15  	Extended: 8 	Effective: 23
00:00:01.279028 Model:                           8  	Extended: 0 	Effective: 8
00:00:01.279028 Stepping:                        2
00:00:01.279028 Brand ID:                        0x000
00:00:01.279029 Ext Features
00:00:01.279029   Mnemonic - Description                                  = Guest (Host)
00:00:01.279030   FPU - x87 FPU on Chip                                   = 1 (1)
00:00:01.279031   VME - Virtual 8086 Mode Enhancements                    = 1 (1)
00:00:01.279032   DE - Debugging extensions                               = 1 (1)
00:00:01.279033   PSE - Page Size Extension                               = 1 (1)
00:00:01.279033   TSC - Time Stamp Counter                                = 1 (1)
00:00:01.279034   MSR - K86 Model Specific Registers                      = 1 (1)
00:00:01.279035   PAE - Physical Address Extension                        = 0 (1)
00:00:01.279036   MCE - Machine Check Exception                           = 0 (1)
00:00:01.279037   CX8 - CMPXCHG8B instruction                             = 1 (1)
00:00:01.279037   APIC - APIC On-Chip                                     = 1 (1)
00:00:01.279038   SEP - SYSCALL/SYSRET                                    = 1 (1)
00:00:01.279039   MTRR - Memory Type Range Registers                      = 1 (1)
00:00:01.279040   PGE - PTE Global Bit                                    = 1 (1)
00:00:01.279041   MCA - Machine Check Architecture                        = 1 (1)
00:00:01.279041   CMOV - Conditional Move instructions                    = 1 (1)
00:00:01.279042   PAT - Page Attribute Table                              = 1 (1)
00:00:01.279043   PSE-36 - 36-bit Page Size Extension                     = 1 (1)
00:00:01.279044   NX - No-Execute/Execute-Disable                         = 0 (1)
00:00:01.279045   AXMMX - AMD Extensions to MMX instructions              = 1 (1)
00:00:01.279045   MMX - Intel MMX Technology                              = 1 (1)
00:00:01.279046   FXSR - FXSAVE and FXRSTOR Instructions                  = 1 (1)
00:00:01.279047   FFXSR - AMD fast FXSAVE and FXRSTOR instructions        = 1 (1)
00:00:01.279047   Page1GB - 1 GB large page                               = 0 (1)
00:00:01.279048   RDTSCP - RDTSCP instruction                             = 1 (1)
00:00:01.279049   LM - AMD64 Long Mode                                    = 0 (1)
00:00:01.279051   3DNOWEXT - AMD Extensions to 3DNow                      = 0 (0)
00:00:01.279052   3DNOW - AMD 3DNow                                       = 0 (0)
00:00:01.279053   LahfSahf - LAHF/SAHF support in 64-bit mode             = 1 (1)
00:00:01.279054   CmpLegacy - Core multi-processing legacy mode           = 0 (1)
00:00:01.279055   SVM - AMD Secure Virtual Machine extensions             = 0 (0)
00:00:01.279055   EXTAPIC - AMD Extended APIC registers                   = 0 (0)
00:00:01.279056   CR8L - AMD LOCK MOV CR0 means MOV CR8                   = 1 (1)
00:00:01.279057   ABM - AMD Advanced Bit Manipulation                     = 1 (1)
00:00:01.279057   SSE4A - SSE4A instructions                              = 1 (1)
00:00:01.279058   MISALIGNSSE - AMD Misaligned SSE mode                   = 1 (1)
00:00:01.279059   3DNOWPRF - AMD PREFETCH and PREFETCHW instructions      = 1 (1)
00:00:01.279060   OSVW - AMD OS Visible Workaround                        = 0 (1)
00:00:01.279060   IBS - Instruct Based Sampling                           = 0 (0)
00:00:01.279061   XOP - Extended Operation support                        = 0 (0)
00:00:01.279062   SKINIT - SKINIT, STGI, and DEV support                  = 0 (0)
00:00:01.279063   WDT - AMD Watchdog Timer support                        = 0 (1)
00:00:01.279064   LWP - Lightweight Profiling support                     = 0 (0)
00:00:01.279064   FMA4 - Four operand FMA instruction support             = 0 (0)
00:00:01.279065   TCE - Translation Cache Extension support               = 0 (0)
00:00:01.279066   NodeId - NodeId in MSR C001_100C                        = 0 (0)
00:00:01.279067   TBM - Trailing Bit Manipulation instructions            = 0 (0)
00:00:01.279067   TOPOEXT - Topology Extensions                           = 0 (1)
00:00:01.279068   PRFEXTCORE - Performance Counter Extensions support     = 0 (0)
00:00:01.279069   PRFEXTNB - NB Performance Counter Extensions support    = 0 (0)
00:00:01.279069   DATABPEXT - Data-access Breakpoint Extension            = 0 (0)
00:00:01.279070   PERFTSC - Performance Time Stamp Counter                = 0 (0)
00:00:01.279071   PCX_L2I - L2I/L3 Performance Counter Extensions         = 0 (0)
00:00:01.279071   MONITORX - MWAITX and MONITORX instructions             = 0 (0)
00:00:01.279072   AddrMaskExt - BP Addressing masking extended to bit 31  = 0 (0)
00:00:01.279073 Full Name:                       "AMD Ryzen 7 2700X Eight-Core Processor         "
00:00:01.279073 TLB 2/4M Instr/Uni:              fully  64 entries
00:00:01.279074 TLB 2/4M Data:                   fully  64 entries
00:00:01.279074 TLB 4K Instr/Uni:                fully  64 entries
00:00:01.279074 TLB 4K Data:                     fully  64 entries
00:00:01.279075 L1 Instr Cache Line Size:        64 bytes
00:00:01.279075 L1 Instr Cache Lines Per Tag:    1
00:00:01.279076 L1 Instr Cache Associativity:    4 way
00:00:01.279076 L1 Instr Cache Size:             64 KB
00:00:01.279077 L1 Data Cache Line Size:         64 bytes
00:00:01.279077 L1 Data Cache Lines Per Tag:     1
00:00:01.279077 L1 Data Cache Associativity:     8 way
00:00:01.279077 L1 Data Cache Size:              32 KB
00:00:01.279078 L2 TLB 2/4M Instr/Uni:           8 way  1024 entries
00:00:01.279078 L2 TLB 2/4M Data:                2 way  1536 entries
00:00:01.279079 L2 TLB 4K Instr/Uni:             8 way  1024 entries
00:00:01.279079 L2 TLB 4K Data:                  8 way  1536 entries
00:00:01.279079 L2 Cache Line Size:              64 bytes
00:00:01.279080 L2 Cache Lines Per Tag:          1
00:00:01.279080 L2 Cache Associativity:          8 way 
00:00:01.279080 L2 Cache Size:                   512 KB
00:00:01.279082 L3 Cache Line Size:              64 bytes
00:00:01.279082 L3 Cache Lines Per Tag:          1
00:00:01.279082 L3 Cache Associativity:          16 way
00:00:01.279083 L3 Cache Size:                   16384 KB
00:00:01.279083 APM Features EDX
00:00:01.279083   Mnemonic - Description                                  = Guest (Host)
00:00:01.279086   TS - Temperature Sensor                                 = 0 (1)
00:00:01.279087   FID - Frequency ID control                              = 0 (0)
00:00:01.279087   VID - Voltage ID control                                = 0 (0)
00:00:01.279088   TTP - Thermal Trip                                      = 0 (1)
00:00:01.279089   TM - Hardware Thermal Control (HTC)                     = 0 (0)
00:00:01.279090   100MHzSteps - 100 MHz Multiplier control                = 0 (0)
00:00:01.279091   HwPstate - Hardware P-state control                     = 0 (1)
00:00:01.279091   TscInvariant - Invariant Time Stamp Counter             = 1 (1)
00:00:01.279092   CPB - Core Performance Boost                            = 0 (1)
00:00:01.279093   EffFreqRO - Read-only Effective Frequency Interface     = 0 (1)
00:00:01.279094   ProcFdbkIf - Processor Feedback Interface               = 0 (0)
00:00:01.279094   ProcPwrRep - Core power reporting interface support     = 0 (0)
00:00:01.279095   ConnectedStandby - Connected Standby                    = 0 (0)
00:00:01.279096   RAPL - Running average power limit                      = 0 (1)
00:00:01.279097 Ext Features ext IDs EBX
00:00:01.279097   Mnemonic - Description                                  = Guest (Host)
00:00:01.279098   CLZERO - Clear zero instruction (cacheline)             = 0 (1)
00:00:01.279098   IRPerf - Instructions retired count support             = 0 (0)
00:00:01.279099   XSaveErPtr - Save/restore error pointers (FXSAVE/RSTOR) = 0 (1)
00:00:01.279100   INVLPGB - INVLPGB and TLBSYNC instructions              = 0 (0)
00:00:01.279100   RDPRU - RDPRU instruction                               = 0 (0)
00:00:01.279101   BE - Bandwidth Enforcement extension                    = 0 (0)
00:00:01.279102   MCOMMIT - MCOMMIT instruction                           = 0 (0)
00:00:01.279103   WBNOINVD - WBNOINVD instruction                         = 0 (0)
00:00:01.279104   IBPB - Supports the IBPB command in IA32_PRED_CMD       = 0 (0)
00:00:01.279104   INT_WBINVD - WBINVD/WBNOINVD interruptible              = 0 (0)
00:00:01.279105   IBRS - Indirect Branch Restricted Speculation           = 0 (0)
00:00:01.279105   STIBP - Single Thread Indirect Branch Prediction        = 0 (0)
00:00:01.279106   IbrsAlwaysOn - Processor prefers that IBRS be left on   = 0 (0)
00:00:01.279107   StibpAlwaysOn - Processor prefers that STIBP be left on = 0 (0)
00:00:01.279107   IbrsPreferred - IBRS preferred over software solution   = 0 (0)
00:00:01.279108   IbrsSameMode - IBRS limits same mode speculation        = 0 (0)
00:00:01.279108   EferLmsleUnsupported - EFER.LMSLE is unsupported        = 0 (0)
00:00:01.279109   INVLPGBnestedPages - INVLPGB for nested translation     = 0 (0)
00:00:01.279110   PPIN - Protected processor inventory number             = 0 (0)
00:00:01.279110   SSBD - Speculative Store Bypass Disable                 = 0 (0)
00:00:01.279111   SsbdVirtSpecCtrl - Use VIRT_SPEC_CTL for SSBD           = 0 (1)
00:00:01.279112   SsbdNotRequired - SSBD not needed on this processor     = 1 (0)
00:00:01.279112   CPPC - Collaborative Processor Performance Control      = 0 (0)
00:00:01.279113   PSFD - Predictive Store Forward Disable                 = 0 (0)
00:00:01.279114   BTC_NO - Unaffected by branch type confusion            = 0 (0)
00:00:01.279114   IBPB_RET - Clears RA predictor when PRED_CMD.IBPB set   = 0 (0)
00:00:01.279115 Physical Address Width:          48 bits
00:00:01.279115 Virtual Address Width:           48 bits
00:00:01.279116 Guest Physical Address Width:    48 bits (0)
00:00:01.279116 Physical Core Count:             1
00:00:01.279116 APIC ID size:                    1 (0x1)
00:00:01.279117 Performance TSC size:            40 bits
00:00:01.279117 Max page count for INVLPGB:      0x3030
00:00:01.279117 Max ECX for RDPRU:               0x0
00:00:01.279119 ********************* End of CPUID dump *********************
00:00:01.279161 VMEmt: Halt method global1 (5)
00:00:01.279225 VMEmt: HaltedGlobal1 config: cNsSpinBlockThresholdCfg=50000
00:00:01.279233 Changing the VM state from 'CREATING' to 'CREATED'
00:00:01.280264 NAT: DNS settings changed, triggering update
00:00:01.280281 NAT DNS Update: Stored 1263225675 as nameserver #0
00:00:01.280287 NAT DNS Update: Stored 1280068427 as nameserver #1
00:00:01.280293 NAT DNS Update: Stored 2 total nameservers
00:00:01.280729 Changing the VM state from 'CREATED' to 'POWERING_ON'
00:00:01.280935 Changing the VM state from 'POWERING_ON' to 'RUNNING'
00:00:01.280944 Console: Machine state changed to 'Running'
00:00:01.282852 VMMDev: Guest Log: BIOS: VirtualBox 7.2.6
00:00:01.283091 PCI: Setting up resources and interrupts
00:00:01.283276 PIT: mode=2 count=0x10000 (65536) - 18.20 Hz (ch=0)
00:00:01.301004 Display::i_handleDisplayResize: uScreenId=0 pvVRAM=0000000000000000 w=720 h=400 bpp=0 cbLine=0x0 flags=0x0 origin=0,0
00:00:01.304873 VMMDev: Guest Log: CPUID EDX: 0x178bfbbf
00:00:01.304995 PIIX3 ATA: Ctl#0: RESET, DevSel=0 AIOIf=0 CmdIf0=0x00 (-1 usec ago) CmdIf1=0x00 (-1 usec ago)
00:00:01.305041 PIIX3 ATA: Ctl#0: finished processing RESET
00:00:01.305482 VMMDev: Guest Log: BIOS: ata0-0: PCHS=65/16/63 LCHS=65/16/63
00:00:01.344619 PIT: mode=2 count=0x48d3 (18643) - 64.00 Hz (ch=0)
00:00:01.365534 Display::i_handleDisplayResize: uScreenId=0 pvVRAM=000001b8f4b10000 w=640 h=480 bpp=32 cbLine=0xA00 flags=0x0 origin=0,0
00:00:01.437661 VBoxHeadless: starting event loop
00:00:03.819127 Display::i_handleDisplayResize: uScreenId=0 pvVRAM=0000000000000000 w=720 h=400 bpp=0 cbLine=0x0 flags=0x0 origin=0,0
00:00:03.819613 PIT: mode=2 count=0x10000 (65536) - 18.20 Hz (ch=0)
00:00:03.819819 VMMDev: Guest Log: BIOS: Boot : bseqnr=1, bootseq=0002
00:00:03.820208 VMMDev: Guest Log: BIOS: Booting from Hard Disk...
00:00:03.833917 WasAPI: Looking up or creating cache entry (caching is set to enabled, iface 000001b8ebb65620, async init)
00:00:03.833999 Audio: Warning: Scheduling hint of stream '[WasAPI] Output:0' is bigger (1000ms) than used period size (0ms)
00:00:03.834102 Audio Mixer: Setting sink 'SB16 Mixer/PCM Output' -- channel volumes: ba ba ba ba ba ba ba ba ba ba ba ba
00:00:03.840606 Display::i_handleDisplayResize: uScreenId=0 pvVRAM=000001b8f4b10000 w=640 h=400 bpp=0 cbLine=0x140 flags=0x0 origin=0,0
