00:00:00.350402 VirtualBox VM 7.2.6 r172322 win.amd64 (Jan 15 2026 18:08:50) release log
00:00:00.350405 Log opened 2026-04-22T21:03:33.313931200Z
00:00:00.350406 Build Type: release
00:00:00.350408 OS Product: Windows 10
00:00:00.350771 OS Release: 10.0.19045.7184
00:00:00.350775 OS Service Pack: 
00:00:00.418265 DMI Product Name: System Product Name
00:00:00.420916 DMI Product Version: System Version
00:00:00.420932 Firmware type: UEFI
00:00:00.421255 Secure Boot: Enabled
00:00:00.421262 Host RAM: 32692MB (31.9GB) total, 20836MB (20.3GB) available
00:00:00.421264 Executable: C:\Program Files\Oracle\VirtualBox\VBoxHeadless.exe
00:00:00.421265 Process ID: 39888
00:00:00.421265 Package type: WINDOWS_64BITS_GENERIC
00:00:00.421266 Windows Features:
00:00:00.421266   Core Isolation (Memory Integrity): DISABLED
00:00:00.422087 Installed Extension Packs:
00:00:00.422103   None installed!
00:00:00.422718 Console: Machine state changed to 'Starting'
00:00:00.479491 SUP: seg #0: R   0x00000000 LB 0x00001000
00:00:00.479512 SUP: seg #1: R X 0x00001000 LB 0x00204000
00:00:00.479516 SUP: seg #2: R   0x00205000 LB 0x00053000
00:00:00.479521 SUP: seg #3: RW  0x00258000 LB 0x00013000
00:00:00.479524 SUP: seg #4: R   0x0026b000 LB 0x00013000
00:00:00.479527 SUP: seg #5: RW  0x0027e000 LB 0x00004000
00:00:00.479530 SUP: seg #6: R   0x00282000 LB 0x00007000
00:00:00.479534 SUP: seg #7: R X 0x00289000 LB 0x00002000
00:00:00.479537 SUP: seg #8: R   0x0028b000 LB 0x00007000
00:00:00.483325 SUP: Loaded VMMR0.r0 (C:\Program Files\Oracle\VirtualBox/VMMR0.r0) at 0xXXXXXXXXXXXXXXXX - ModuleInit at XXXXXXXXXXXXXXXX and ModuleTerm at XXXXXXXXXXXXXXXX using the native ring-0 loader
00:00:00.483360 SUP: VMMR0EntryEx located at XXXXXXXXXXXXXXXX and VMMR0EntryFast at XXXXXXXXXXXXXXXX
00:00:00.483364 SUP: windbg> .reload /f C:\Program Files\Oracle\VirtualBox/VMMR0.r0=0xXXXXXXXXXXXXXXXX
00:00:00.486908 Guest architecture: x86
00:00:00.486953 Guest OS type: 'Other'
00:00:00.487505 fHMForced=true - No raw-mode support in this build!
00:00:00.487518 Using execution engine 1
00:00:00.489845 File system of 'C:\Users\RhythmicCarnage\Desktop\CyberStorm\deploy\virtualbox\CyberStorm.vdi' is ntfs
00:00:00.595905 Shared Clipboard: Initialized OLE
00:00:00.595950 Shared Clipboard: Service loaded
00:00:00.595958 Shared Clipboard: Mode: Off
00:00:00.596006 Shared Clipboard: Service running in headless mode
00:00:00.611361 Drag and drop service loaded
00:00:00.611373 Drag and drop mode: Off
00:00:00.612354 Audio: Detected default audio driver type is 'HostAudioWas'
00:00:00.693539 ************************* CFGM dump *************************
00:00:00.693554 [/] (level 0)
00:00:00.693556   CpuExecutionCap   <integer> = 0x0000000000000064 (100)
00:00:00.693559   EnablePAE         <integer> = 0x0000000000000000 (0)
00:00:00.693561   HMEnabled         <integer> = 0x0000000000000001 (1)
00:00:00.693563   MemBalloonSize    <integer> = 0x0000000000000000 (0, 0 B)
00:00:00.693568   Name              <string>  = "CyberStorm" (cb=11)
00:00:00.693570   NumCPUs           <integer> = 0x0000000000000001 (1)
00:00:00.693572   PageFusionAllowed <integer> = 0x0000000000000000 (0)
00:00:00.693573   RamHoleSize       <integer> = 0x0000000020000000 (536 870 912, 512.0 MiB)
00:00:00.693575   RamSize           <integer> = 0x0000000004000000 (67 108 864, 64.0 MiB)
00:00:00.693577   TimerMillies      <integer> = 0x000000000000000a (10)
00:00:00.693579   UUID              <bytes>   = "60 2c 78 ff 74 36 54 4e a0 a4 28 9e 98 78 e2 72" (cb=16)
00:00:00.693583 
00:00:00.693584 [/CPUM/] (level 1)
00:00:00.693585   Enable64bit        <integer> = 0x0000000000000000 (0)
00:00:00.693587   GuestCpuName       <string>  = "host" (cb=5)
00:00:00.693588   NestedHWVirt       <integer> = 0x0000000000000000 (0)
00:00:00.693589   PortableCpuIdLevel <integer> = 0x0000000000000000 (0)
00:00:00.693590   SpecCtrl           <integer> = 0x0000000000000000 (0)
00:00:00.693592 
00:00:00.693592 [/CPUM/IsaExts/] (level 2)
00:00:00.693594 
00:00:00.693594 [/DBGC/] (level 1)
00:00:00.693595   GlobalInitScript <string>  = "C:\Users\RhythmicCarnage\.VirtualBox/dbgc-init" (cb=47)
00:00:00.693597   HistoryFile      <string>  = "C:\Users\RhythmicCarnage\.VirtualBox/dbgc-history" (cb=50)
00:00:00.693598   LocalInitScript  <string>  = "C:\Users\RhythmicCarnage\Desktop\CyberStorm\deploy\virtualbox\CyberStorm/dbgc-init" (cb=83)
00:00:00.693599 
00:00:00.693599 [/DBGF/] (level 1)
00:00:00.693601   Path <string>  = "C:\Users\RhythmicCarnage\Desktop\CyberStorm\deploy\virtualbox\CyberStorm/debug/;C:\Users\RhythmicCarnage\Desktop\CyberStorm\deploy\virtualbox\CyberStorm/;cache*C:\Users\RhythmicCarnage\Desktop\CyberStorm\deploy\virtualbox\CyberStorm/dbgcache/;C:\Users\RhythmicCarnage\" (cb=269)
00:00:00.693602 
00:00:00.693602 [/Devices/] (level 1)
00:00:00.693603 
00:00:00.693604 [/Devices/3c501/] (level 2)
00:00:00.693605 
00:00:00.693606 [/Devices/8237A/] (level 2)
00:00:00.693607 
00:00:00.693607 [/Devices/8237A/0/] (level 3)
00:00:00.693609   Trusted <integer> = 0x0000000000000001 (1)
00:00:00.693610 
00:00:00.693610 [/Devices/VMMDev/] (level 2)
00:00:00.693612 
00:00:00.693612 [/Devices/VMMDev/0/] (level 3)
00:00:00.693614   PCIBusNo      <integer> = 0x0000000000000000 (0)
00:00:00.693615   PCIDeviceNo   <integer> = 0x0000000000000004 (4)
00:00:00.693616   PCIFunctionNo <integer> = 0x0000000000000000 (0)
00:00:00.693617   Trusted       <integer> = 0x0000000000000001 (1)
00:00:00.693619 
00:00:00.693619 [/Devices/VMMDev/0/Config/] (level 4)
00:00:00.693621   GuestCoreDumpDir <string>  = "C:\Users\RhythmicCarnage\Desktop\CyberStorm\deploy\virtualbox\CyberStorm\Snapshots" (cb=83)
00:00:00.693622 
00:00:00.693622 [/Devices/VMMDev/0/LUN#0/] (level 4)
00:00:00.693624   Driver <string>  = "HGCM" (cb=5)
00:00:00.693625 
00:00:00.693625 [/Devices/VMMDev/0/LUN#0/Config/] (level 5)
00:00:00.693627 
00:00:00.693628 [/Devices/VMMDev/0/LUN#999/] (level 4)
00:00:00.693629   Driver <string>  = "MainStatus" (cb=11)
00:00:00.693630 
00:00:00.693631 [/Devices/VMMDev/0/LUN#999/Config/] (level 5)
00:00:00.693633   First                <integer> = 0x0000000000000000 (0)
00:00:00.693634   HasMediumAttachments <integer> = 0x0000000000000000 (0)
00:00:00.693635   Last                 <integer> = 0x0000000000000000 (0)
00:00:00.693637   iLedSet              <integer> = 0x0000000000000003 (3)
00:00:00.693638 
00:00:00.693639 [/Devices/acpi/] (level 2)
00:00:00.693640 
00:00:00.693640 [/Devices/acpi/0/] (level 3)
00:00:00.693642   PCIBusNo      <integer> = 0x0000000000000000 (0)
00:00:00.693643   PCIDeviceNo   <integer> = 0x0000000000000007 (7)
00:00:00.693644   PCIFunctionNo <integer> = 0x0000000000000000 (0)
00:00:00.693645   Trusted       <integer> = 0x0000000000000001 (1)
00:00:00.693647 
00:00:00.693647 [/Devices/acpi/0/Config/] (level 4)
00:00:00.693650   CpuHotPlug          <integer> = 0x0000000000000000 (0)
00:00:00.693654   FdcEnabled          <integer> = 0x0000000000000000 (0)
00:00:00.693655   HostBusPciAddress   <integer> = 0x0000000000000000 (0)
00:00:00.693656   HpetEnabled         <integer> = 0x0000000000000000 (0)
00:00:00.693657   IOAPIC              <integer> = 0x0000000000000000 (0)
00:00:00.693659   IocPciAddress       <integer> = 0x0000000000010000 (65 536)
00:00:00.693660   NumCPUs             <integer> = 0x0000000000000001 (1)
00:00:00.693662   Parallel0IoPortBase <integer> = 0x0000000000000000 (0)
00:00:00.693663   Parallel0Irq        <integer> = 0x0000000000000000 (0)
00:00:00.693664   Parallel1IoPortBase <integer> = 0x0000000000000000 (0)
00:00:00.693665   Parallel1Irq        <integer> = 0x0000000000000000 (0)
00:00:00.693666   Serial0IoPortBase   <integer> = 0x0000000000000000 (0)
00:00:00.693667   Serial0Irq          <integer> = 0x0000000000000000 (0)
00:00:00.693668   Serial1IoPortBase   <integer> = 0x0000000000000000 (0)
00:00:00.693669   Serial1Irq          <integer> = 0x0000000000000000 (0)
00:00:00.693671   ShowCpu             <integer> = 0x0000000000000000 (0)
00:00:00.693672   ShowRtc             <integer> = 0x0000000000000000 (0)
00:00:00.693673   SmcEnabled          <integer> = 0x0000000000000000 (0)
00:00:00.693675 
00:00:00.693675 [/Devices/acpi/0/LUN#0/] (level 4)
00:00:00.693677   Driver <string>  = "ACPIHost" (cb=9)
00:00:00.693678 
00:00:00.693678 [/Devices/acpi/0/LUN#0/Config/] (level 5)
00:00:00.693680 
00:00:00.693681 [/Devices/apic/] (level 2)
00:00:00.693682 
00:00:00.693682 [/Devices/apic/0/] (level 3)
00:00:00.693684   Trusted <integer> = 0x0000000000000001 (1)
00:00:00.693685 
00:00:00.693685 [/Devices/apic/0/Config/] (level 4)
00:00:00.693687   IOAPIC  <integer> = 0x0000000000000000 (0)
00:00:00.693688   Mode    <integer> = 0x0000000000000002 (2)
00:00:00.693689   NumCPUs <integer> = 0x0000000000000001 (1)
00:00:00.693690 
00:00:00.693691 [/Devices/dp8390/] (level 2)
00:00:00.693692 
00:00:00.693692 [/Devices/e1000/] (level 2)
00:00:00.693694 
00:00:00.693694 [/Devices/i8254/] (level 2)
00:00:00.693695 
00:00:00.693696 [/Devices/i8254/0/] (level 3)
00:00:00.693697 
00:00:00.693698 [/Devices/i8254/0/Config/] (level 4)
00:00:00.693699 
00:00:00.693700 [/Devices/i8259/] (level 2)
00:00:00.693701 
00:00:00.693701 [/Devices/i8259/0/] (level 3)
00:00:00.693703   Trusted <integer> = 0x0000000000000001 (1)
00:00:00.693704 
00:00:00.693704 [/Devices/i8259/0/Config/] (level 4)
00:00:00.693706 
00:00:00.693706 [/Devices/mc146818/] (level 2)
00:00:00.693708 
00:00:00.693708 [/Devices/mc146818/0/] (level 3)
00:00:00.693709 
00:00:00.693710 [/Devices/mc146818/0/Config/] (level 4)
00:00:00.693712   UseUTC <integer> = 0x0000000000000000 (0)
00:00:00.693713 
00:00:00.693713 [/Devices/parallel/] (level 2)
00:00:00.693714 
00:00:00.693715 [/Devices/pcarch/] (level 2)
00:00:00.693716 
00:00:00.693716 [/Devices/pcarch/0/] (level 3)
00:00:00.693718   Trusted <integer> = 0x0000000000000001 (1)
00:00:00.693719 
00:00:00.693719 [/Devices/pcarch/0/Config/] (level 4)
00:00:00.693721 
00:00:00.693721 [/Devices/pcbios/] (level 2)
00:00:00.693723 
00:00:00.693723 [/Devices/pcbios/0/] (level 3)
00:00:00.693724   Trusted <integer> = 0x0000000000000001 (1)
00:00:00.693725 
00:00:00.693726 [/Devices/pcbios/0/Config/] (level 4)
00:00:00.693728   APIC            <integer> = 0x0000000000000001 (1)
00:00:00.693729   BootDevice0     <string>  = "IDE" (cb=4)
00:00:00.693730   BootDevice1     <string>  = "NONE" (cb=5)
00:00:00.693731   BootDevice2     <string>  = "NONE" (cb=5)
00:00:00.693732   BootDevice3     <string>  = "NONE" (cb=5)
00:00:00.693733   DmiSystemSerial <string>  = "VirtualBox-<DmiSystemUuid>" (cb=27)
00:00:00.693734   FloppyDevice    <string>  = "i82078" (cb=7)
00:00:00.693735   HardDiskDevice  <string>  = "piix3ide" (cb=9)
00:00:00.693736   IOAPIC          <integer> = 0x0000000000000000 (0)
00:00:00.693737   McfgBase        <integer> = 0x0000000000000000 (0)
00:00:00.693740   McfgLength      <integer> = 0x0000000000000000 (0)
00:00:00.693741   NumCPUs         <integer> = 0x0000000000000001 (1)
00:00:00.693742   PXEDebug        <integer> = 0x0000000000000000 (0)
00:00:00.693744   UUID            <bytes>   = "60 2c 78 ff 74 36 54 4e a0 a4 28 9e 98 78 e2 72" (cb=16)
00:00:00.693747   UuidLe          <integer> = 0x0000000000000001 (1)
00:00:00.693749 
00:00:00.693749 [/Devices/pcbios/0/Config/NetBoot/] (level 5)
00:00:00.693751 
00:00:00.693751 [/Devices/pcbios/0/Config/NetBoot/0/] (level 6)
00:00:00.693753   NIC           <integer> = 0x0000000000000000 (0)
00:00:00.693755   PCIBusNo      <integer> = 0x0000000000000000 (0)
00:00:00.693756   PCIDeviceNo   <integer> = 0x0000000000000003 (3)
00:00:00.693757   PCIFunctionNo <integer> = 0x0000000000000000 (0)
00:00:00.693758 
00:00:00.693758 [/Devices/pci/] (level 2)
00:00:00.693760 
00:00:00.693760 [/Devices/pci/0/] (level 3)
00:00:00.693762   Trusted <integer> = 0x0000000000000001 (1)
00:00:00.693763 
00:00:00.693763 [/Devices/pci/0/Config/] (level 4)
00:00:00.693765   IOAPIC <integer> = 0x0000000000000000 (0)
00:00:00.693766 
00:00:00.693766 [/Devices/pcibridge/] (level 2)
00:00:00.693767 
00:00:00.693768 [/Devices/pckbd/] (level 2)
00:00:00.693769 
00:00:00.693769 [/Devices/pckbd/0/] (level 3)
00:00:00.693771   Trusted <integer> = 0x0000000000000001 (1)
00:00:00.693772 
00:00:00.693772 [/Devices/pckbd/0/Config/] (level 4)
00:00:00.693774 
00:00:00.693774 [/Devices/pckbd/0/LUN#0/] (level 4)
00:00:00.693776   Driver <string>  = "KeyboardQueue" (cb=14)
00:00:00.693777 
00:00:00.693777 [/Devices/pckbd/0/LUN#0/AttachedDriver/] (level 5)
00:00:00.693779   Driver <string>  = "MainKeyboard" (cb=13)
00:00:00.693780 
00:00:00.693781 [/Devices/pckbd/0/LUN#0/Config/] (level 5)
00:00:00.693782   QueueSize <integer> = 0x0000000000000040 (64, 64 B)
00:00:00.693784 
00:00:00.693784 [/Devices/pckbd/0/LUN#1/] (level 4)
00:00:00.693786   Driver <string>  = "MouseQueue" (cb=11)
00:00:00.693787 
00:00:00.693787 [/Devices/pckbd/0/LUN#1/AttachedDriver/] (level 5)
00:00:00.693789   Driver <string>  = "MainMouse" (cb=10)
00:00:00.693790 
00:00:00.693790 [/Devices/pckbd/0/LUN#1/Config/] (level 5)
00:00:00.693792   QueueSize <integer> = 0x0000000000000080 (128, 128 B)
00:00:00.693794 
00:00:00.693794 [/Devices/pcnet/] (level 2)
00:00:00.693796 
00:00:00.693796 [/Devices/pcnet/0/] (level 3)
00:00:00.693797   PCIBusNo      <integer> = 0x0000000000000000 (0)
00:00:00.693799   PCIDeviceNo   <integer> = 0x0000000000000003 (3)
00:00:00.693800   PCIFunctionNo <integer> = 0x0000000000000000 (0)
00:00:00.693801   Trusted       <integer> = 0x0000000000000001 (1)
00:00:00.693802 
00:00:00.693802 [/Devices/pcnet/0/Config/] (level 4)
00:00:00.693804   CableConnected <integer> = 0x0000000000000001 (1)
00:00:00.693805   ChipType       <string>  = "Am79C973" (cb=9)
00:00:00.693806   LineSpeed      <integer> = 0x0000000000000000 (0)
00:00:00.693807   MAC            <bytes>   = "08 00 27 0d d8 29" (cb=6)
00:00:00.693810 
00:00:00.693810 [/Devices/pcnet/0/LUN#0/] (level 4)
00:00:00.693812   Driver <string>  = "NAT" (cb=4)
00:00:00.693813 
00:00:00.693813 [/Devices/pcnet/0/LUN#0/Config/] (level 5)
00:00:00.693815   AliasMode          <integer> = 0x0000000000000000 (0)
00:00:00.693817   DNSProxy           <integer> = 0x0000000000000000 (0)
00:00:00.693818   EnableTFTP         <integer> = 0x0000000000000000 (0)
00:00:00.693819   ForwardBroadcast   <integer> = 0x0000000000000000 (0)
00:00:00.693820   LocalhostReachable <integer> = 0x0000000000000000 (0)
00:00:00.693821   Network            <string>  = "10.0.2.0/24" (cb=12)
00:00:00.693823   PassDomain         <integer> = 0x0000000000000001 (1)
00:00:00.693824   UseHostResolver    <integer> = 0x0000000000000000 (0)
00:00:00.693825 
00:00:00.693826 [/Devices/pcnet/0/LUN#999/] (level 4)
00:00:00.693827   Driver <string>  = "MainStatus" (cb=11)
00:00:00.693828 
00:00:00.693829 [/Devices/pcnet/0/LUN#999/Config/] (level 5)
00:00:00.693830   First                <integer> = 0x0000000000000000 (0)
00:00:00.693833   HasMediumAttachments <integer> = 0x0000000000000000 (0)
00:00:00.693834   Last                 <integer> = 0x0000000000000000 (0)
00:00:00.693836   iLedSet              <integer> = 0x0000000000000002 (2)
00:00:00.693837 
00:00:00.693838 [/Devices/piix3ide/] (level 2)
00:00:00.693839 
00:00:00.693839 [/Devices/piix3ide/0/] (level 3)
00:00:00.693841   PCIBusNo      <integer> = 0x0000000000000000 (0)
00:00:00.693842   PCIDeviceNo   <integer> = 0x0000000000000001 (1)
00:00:00.693843   PCIFunctionNo <integer> = 0x0000000000000001 (1)
00:00:00.693844   Trusted       <integer> = 0x0000000000000001 (1)
00:00:00.693845 
00:00:00.693846 [/Devices/piix3ide/0/Config/] (level 4)
00:00:00.693847   Type <string>  = "PIIX4" (cb=6)
00:00:00.693848 
00:00:00.693849 [/Devices/piix3ide/0/LUN#0/] (level 4)
00:00:00.693850   Driver <string>  = "VD" (cb=3)
00:00:00.693851 
00:00:00.693852 [/Devices/piix3ide/0/LUN#0/Config/] (level 5)
00:00:00.693854   Format    <string>  = "VDI" (cb=4)
00:00:00.693855   Mountable <integer> = 0x0000000000000000 (0)
00:00:00.693856   Path      <string>  = "C:\Users\RhythmicCarnage\Desktop\CyberStorm\deploy\virtualbox\CyberStorm.vdi" (cb=77)
00:00:00.693857   Type      <string>  = "HardDisk" (cb=9)
00:00:00.693858 
00:00:00.693858 [/Devices/piix3ide/0/LUN#0/Config/VDConfig/] (level 6)
00:00:00.693860   AllocationBlockSize <string>  = "1048576" (cb=8)
00:00:00.693861 
00:00:00.693862 [/Devices/piix3ide/0/LUN#999/] (level 4)
00:00:00.693863   Driver <string>  = "MainStatus" (cb=11)
00:00:00.693864 
00:00:00.693865 [/Devices/piix3ide/0/LUN#999/Config/] (level 5)
00:00:00.693866   DeviceInstance       <string>  = "piix3ide/0" (cb=11)
00:00:00.693868   First                <integer> = 0x0000000000000000 (0)
00:00:00.693869   HasMediumAttachments <integer> = 0x0000000000000001 (1)
00:00:00.693870   Last                 <integer> = 0x0000000000000003 (3)
00:00:00.693872   iLedSet              <integer> = 0x0000000000000001 (1)
00:00:00.693873 
00:00:00.693873 [/Devices/sb16/] (level 2)
00:00:00.693875 
00:00:00.693875 [/Devices/sb16/0/] (level 3)
00:00:00.693877   Trusted <integer> = 0x0000000000000001 (1)
00:00:00.693878 
00:00:00.693878 [/Devices/sb16/0/AudioConfig/] (level 4)
00:00:00.693880 
00:00:00.693880 [/Devices/sb16/0/Config/] (level 4)
00:00:00.693882   DMA          <integer> = 0x0000000000000001 (1)
00:00:00.693883   DMA16        <integer> = 0x0000000000000005 (5)
00:00:00.693884   DebugEnabled <integer> = 0x0000000000000000 (0)
00:00:00.693885   IRQ          <integer> = 0x0000000000000005 (5)
00:00:00.693887   Port         <integer> = 0x0000000000000220 (544)
00:00:00.693888   Version      <integer> = 0x0000000000000405 (1 029)
00:00:00.693890 
00:00:00.693890 [/Devices/sb16/0/LUN#0/] (level 4)
00:00:00.693892   Driver <string>  = "AUDIO" (cb=6)
00:00:00.693892 
00:00:00.693893 [/Devices/sb16/0/LUN#0/AttachedDriver/] (level 5)
00:00:00.693895   Driver <string>  = "HostAudioWas" (cb=13)
00:00:00.693896 
00:00:00.693896 [/Devices/sb16/0/LUN#0/AttachedDriver/Config/] (level 6)
00:00:00.693898   VmName <string>  = "CyberStorm" (cb=11)
00:00:00.693899   VmUuid <string>  = "ff782c60-3674-4e54-a0a4-289e9878e272" (cb=37)
00:00:00.693900 
00:00:00.693900 [/Devices/sb16/0/LUN#0/Config/] (level 5)
00:00:00.693902   DriverName    <string>  = "HostAudioWas" (cb=13)
00:00:00.693903   InputEnabled  <integer> = 0x0000000000000000 (0)
00:00:00.693904   OutputEnabled <integer> = 0x0000000000000001 (1)
00:00:00.693905 
00:00:00.693906 [/Devices/sb16/0/LUN#1/] (level 4)
00:00:00.693907   Driver <string>  = "AUDIO" (cb=6)
00:00:00.693908 
00:00:00.693909 [/Devices/sb16/0/LUN#2/] (level 4)
00:00:00.693910   Driver <string>  = "AUDIO" (cb=6)
00:00:00.693911 
00:00:00.693911 [/Devices/serial/] (level 2)
00:00:00.693913 
00:00:00.693913 [/Devices/vga/] (level 2)
00:00:00.693914 
00:00:00.693915 [/Devices/vga/0/] (level 3)
00:00:00.693917   PCIBusNo      <integer> = 0x0000000000000000 (0)
00:00:00.693918   PCIDeviceNo   <integer> = 0x0000000000000002 (2)
00:00:00.693920   PCIFunctionNo <integer> = 0x0000000000000000 (0)
00:00:00.693921   Trusted       <integer> = 0x0000000000000001 (1)
00:00:00.693922 
00:00:00.693923 [/Devices/vga/0/Config/] (level 4)
00:00:00.693925   3DEnabled             <integer> = 0x0000000000000000 (0)
00:00:00.693926   CustomVideoModes      <integer> = 0x0000000000000000 (0)
00:00:00.693927   FadeIn                <integer> = 0x0000000000000001 (1)
00:00:00.693929   FadeOut               <integer> = 0x0000000000000001 (1)
00:00:00.693930   HeightReduction       <integer> = 0x0000000000000000 (0)
00:00:00.693931   LogoFile              <string>  = "" (cb=1)
00:00:00.693933   LogoTime              <integer> = 0x0000000000000000 (0)
00:00:00.693934   MonitorCount          <integer> = 0x0000000000000001 (1)
00:00:00.693935   ShowBootMenu          <integer> = 0x0000000000000002 (2)
00:00:00.693936   VMSVGA3dEnabled       <integer> = 0x0000000000000000 (0)
00:00:00.693938   VMSVGAEnabled         <integer> = 0x0000000000000001 (1)
00:00:00.693939   VRamSize              <integer> = 0x0000000001000000 (16 777 216, 16.0 MiB)
00:00:00.693941   VmSvga3               <integer> = 0x0000000000000000 (0)
00:00:00.693943   VmSvgaExposeLegacyVga <integer> = 0x0000000000000001 (1)
00:00:00.693944 
00:00:00.693944 [/Devices/vga/0/LUN#0/] (level 4)
00:00:00.693946   Driver <string>  = "MainDisplay" (cb=12)
00:00:00.693947 
00:00:00.693947 [/Devices/vga/0/LUN#0/Config/] (level 5)
00:00:00.693949 
00:00:00.693949 [/Devices/vga/0/LUN#999/] (level 4)
00:00:00.693951   Driver <string>  = "MainStatus" (cb=11)
00:00:00.693952 
00:00:00.693952 [/Devices/vga/0/LUN#999/Config/] (level 5)
00:00:00.693954   First                <integer> = 0x0000000000000000 (0)
00:00:00.693955   HasMediumAttachments <integer> = 0x0000000000000000 (0)
00:00:00.693956   Last                 <integer> = 0x0000000000000000 (0)
00:00:00.693958   iLedSet              <integer> = 0x0000000000000000 (0)
00:00:00.693959 
00:00:00.693960 [/Devices/virtio-net/] (level 2)
00:00:00.693961 
00:00:00.693961 [/EM/] (level 1)
00:00:00.693963   TripleFaultReset <integer> = 0x0000000000000000 (0)
00:00:00.693964 
00:00:00.693964 [/GCM/] (level 1)
00:00:00.693965 
00:00:00.693965 [/GIM/] (level 1)
00:00:00.693966   Provider <string>  = "None" (cb=5)
00:00:00.693967 
00:00:00.693968 [/HM/] (level 1)
00:00:00.693969   64bitEnabled        <integer> = 0x0000000000000000 (0)
00:00:00.693971   EnableLargePages    <integer> = 0x0000000000000001 (1)
00:00:00.693972   EnableNestedPaging  <integer> = 0x0000000000000001 (1)
00:00:00.693973   EnableUX            <integer> = 0x0000000000000001 (1)
00:00:00.693974   EnableVPID          <integer> = 0x0000000000000001 (1)
00:00:00.693975   Exclusive           <integer> = 0x0000000000000000 (0)
00:00:00.693977   HMForced            <integer> = 0x0000000000000001 (1)
00:00:00.693978   IBPBOnVMEntry       <integer> = 0x0000000000000000 (0)
00:00:00.693979   IBPBOnVMExit        <integer> = 0x0000000000000000 (0)
00:00:00.693981   L1DFlushOnSched     <integer> = 0x0000000000000001 (1)
00:00:00.693982   L1DFlushOnVMEntry   <integer> = 0x0000000000000000 (0)
00:00:00.693983   MDSClearOnSched     <integer> = 0x0000000000000001 (1)
00:00:00.693984   MDSClearOnVMEntry   <integer> = 0x0000000000000000 (0)
00:00:00.693985   SpecCtrlByHost      <integer> = 0x0000000000000000 (0)
00:00:00.693986   SvmVirtVmsaveVmload <integer> = 0x0000000000000000 (0)
00:00:00.693987   UseNEMInstead       <integer> = 0x0000000000000000 (0)
00:00:00.693988 
00:00:00.693989 [/MM/] (level 1)
00:00:00.693990   CanUseLargerHeap <integer> = 0x0000000000000000 (0)
00:00:00.693991 
00:00:00.693991 [/NEM/] (level 1)
00:00:00.693992   Allow64BitGuests  <integer> = 0x0000000000000000 (0)
00:00:00.693993   IBPBOnVMEntry     <integer> = 0x0000000000000000 (0)
00:00:00.693994   IBPBOnVMExit      <integer> = 0x0000000000000000 (0)
00:00:00.693996   L1DFlushOnSched   <integer> = 0x0000000000000001 (1)
00:00:00.693998   L1DFlushOnVMEntry <integer> = 0x0000000000000000 (0)
00:00:00.693999   MDSClearOnSched   <integer> = 0x0000000000000001 (1)
00:00:00.694000   MDSClearOnVMEntry <integer> = 0x0000000000000000 (0)
00:00:00.694001 
00:00:00.694002 [/PDM/] (level 1)
00:00:00.694003 
00:00:00.694003 [/PDM/AsyncCompletion/] (level 2)
00:00:00.694004 
00:00:00.694005 [/PDM/AsyncCompletion/File/] (level 3)
00:00:00.694006 
00:00:00.694007 [/PDM/AsyncCompletion/File/BwGroups/] (level 4)
00:00:00.694008 
00:00:00.694009 [/PDM/BlkCache/] (level 2)
00:00:00.694010   CacheSize <integer> = 0x0000000000500000 (5 242 880, 5.0 MiB)
00:00:00.694012 
00:00:00.694012 [/PDM/Devices/] (level 2)
00:00:00.694013 
00:00:00.694014 [/PDM/Drivers/] (level 2)
00:00:00.694015 
00:00:00.694015 [/PDM/Drivers/VBoxC/] (level 3)
00:00:00.694017   Path <string>  = "VBoxC" (cb=6)
00:00:00.694018 
00:00:00.694018 [/PDM/NetworkShaper/] (level 2)
00:00:00.694020 
00:00:00.694020 [/PDM/NetworkShaper/BwGroups/] (level 3)
00:00:00.694021 
00:00:00.694022 [/TM/] (level 1)
00:00:00.694023   UTCOffset <integer> = 0x0000000000000000 (0)
00:00:00.694024 
00:00:00.694024 ********************* End of CFGM dump **********************
00:00:00.694114 HM: HMR3Init: Attempting fall back to NEM: AMD-V is not available
00:00:00.755603 NEM:  info: Found optional import WinHvPlatform.dll!WHvQueryGpaRangeDirtyBitmap.
00:00:00.755621 NEM:  info: Found optional import WinHvPlatform.dll!WHvResumePartitionTime.
00:00:00.755625 NEM:  info: Found optional import WinHvPlatform.dll!WHvSuspendPartitionTime.
00:00:00.755629 NEM:  info: Found optional import WinHvPlatform.dll!WHvRequestInterrupt.
00:00:00.755632 NEM:  info: Found optional import WinHvPlatform.dll!WHvGetVirtualProcessorXsaveState.
00:00:00.755636 NEM:  info: Found optional import WinHvPlatform.dll!WHvSetVirtualProcessorXsaveState.
00:00:00.755641 NEM:  info: Failed to import WinHvPlatform.dll!WHvGetVirtualProcessorState: VERR_SYMBOL_NOT_FOUND
00:00:00.755659 NEM:  info: Failed to import WinHvPlatform.dll!WHvSetVirtualProcessorState: VERR_SYMBOL_NOT_FOUND
00:00:00.755663 NEM:  info: Found optional import WinHvPlatform.dll!WHvGetVirtualProcessorInterruptControllerState.
00:00:00.755667 NEM:  info: Found optional import WinHvPlatform.dll!WHvSetVirtualProcessorInterruptControllerState.
00:00:00.755670 NEM:  info: Found optional import WinHvPlatform.dll!WHvGetVirtualProcessorInterruptControllerState2.
00:00:00.755674 NEM:  info: Found optional import WinHvPlatform.dll!WHvSetVirtualProcessorInterruptControllerState2.
00:00:00.755678 NEM:  info: Found optional import vid.dll!VidGetHvPartitionId.
00:00:00.755681 NEM:  info: Found optional import vid.dll!VidGetPartitionProperty.
00:00:00.755744 NEM: WHvCapabilityCodeHypervisorPresent is TRUE, so this might work...
00:00:00.755749 NEM: WHvCapabilityCodeExtendedVmExits      = 0x00000000000003ff
00:00:00.755753 NEM:                           X64CpuidExit: 1
00:00:00.755757 NEM:                             X64MsrExit: 1
00:00:00.755760 NEM:                          ExceptionExit: 1
00:00:00.755763 NEM:                           X64RdtscExit: 1
00:00:00.755766 NEM:                     X64ApicSmiExitTrap: 1
00:00:00.755770 NEM:                          HypercallExit: 1
00:00:00.755773 NEM:                X64ApicInitSipiExitTrap: 1
00:00:00.755776 NEM:              X64ApicWriteLint0ExitTrap: 1
00:00:00.755779 NEM:              X64ApicWriteLint1ExitTrap: 1
00:00:00.755782 NEM:                X64ApicWriteSvrExitTrap: 1
00:00:00.755785 NEM:                 UnknownSynicConnection: 0
00:00:00.755788 NEM:              RetargetUnknownVpciDevice: 0
00:00:00.755791 NEM:                X64ApicWriteLdrExitTrap: 0
00:00:00.755794 NEM:                X64ApicWriteDfrExitTrap: 0
00:00:00.755797 NEM:                     GpaAccessFaultExit: 0
00:00:00.755800 NEM: WHvCapabilityCodeFeatures             = 0x000000000000007f
00:00:00.755806 NEM:                           PartialUnmap: 1
00:00:00.755809 NEM:                     LocalApicEmulation: 1
00:00:00.755818 NEM:                                  Xsave: 1
00:00:00.755821 NEM:                      DirtyPageTracking: 1
00:00:00.755824 NEM:                     SpeculationControl: 1
00:00:00.755827 NEM:                         ApicRemoteRead: 1
00:00:00.755830 NEM:                            IdleSuspend: 1
00:00:00.755833 NEM:                VirtualPciDeviceSupport: 0
00:00:00.755837 NEM:                           IommuSupport: 0
00:00:00.755840 NEM:                         VpHotAddRemove: 0
00:00:00.755846 NEM: Supported xsave features: 0x381f
00:00:00.755849 NEM:                           XsaveSupport: 1
00:00:00.755853 NEM:                        XsaveoptSupport: 1
00:00:00.755856 NEM:                             AvxSupport: 1
00:00:00.755859 NEM:                            Avx2Support: 1
00:00:00.755862 NEM:                             FmaSupport: 1
00:00:00.755865 NEM:                             MpxSupport: 0
00:00:00.755868 NEM:                          Avx512Support: 0
00:00:00.755871 NEM:                        Avx512DQSupport: 0
00:00:00.755874 NEM:                        Avx512BWSupport: 0
00:00:00.755877 NEM:                        Avx512VLSupport: 0
00:00:00.755880 NEM:                       XsaveCompSupport: 1
00:00:00.755949 NEM:                 XsaveSupervisorSupport: 1
00:00:00.755956 NEM:                            Xcr1Support: 1
00:00:00.755965 NEM:                    Avx512BitalgSupport: 0
00:00:00.755969 NEM:                      Avx512IfmaSupport: 0
00:00:00.755973 NEM:                      Avx512VBmiSupport: 0
00:00:00.755976 NEM:                     Avx512VBmi2Support: 0
00:00:00.755980 NEM:                      Avx512VnniSupport: 0
00:00:00.755984 NEM:                            GfniSupport: 0
00:00:00.755992 NEM:                            VaesSupport: 0
00:00:00.755997 NEM:                 Avx512VPopcntdqSupport: 0
00:00:00.756001 NEM:                      VpclmulqdqSupport: 0
00:00:00.756006 NEM:                      Avx512Bf16Support: 0
00:00:00.756010 NEM:              Avx512Vp2IntersectSupport: 0
00:00:00.756014 NEM:                      Avx512Fp16Support: 0
00:00:00.756018 NEM:                             XfdSupport: 0
00:00:00.756022 NEM:                         AmxTileSupport: 0
00:00:00.756026 NEM:                         AmxBf16Support: 0
00:00:00.756029 NEM:                         AmxInt8Support: 0
00:00:00.756032 NEM:                         AvxVnniSupport: 0
00:00:00.756035 NEM: Supported exception exit bitmap: 0xf7dfb
00:00:00.756043 NEM: WHvCapabilityCodeProcessorVendor      = 0 - AMD
00:00:00.756050 NEM: WHvCapabilityCodeProcessorFeatures    = 0x000006cb66f39fbf
00:00:00.756054 NEM:                            Sse3Support: 1
00:00:00.756057 NEM:                        LahfSahfSupport: 1
00:00:00.756060 NEM:                           Ssse3Support: 1
00:00:00.756064 NEM:                          Sse4_1Support: 1
00:00:00.756070 NEM:                          Sse4_2Support: 1
00:00:00.756073 NEM:                           Sse4aSupport: 1
00:00:00.756076 NEM:                             XopSupport: 0
00:00:00.756079 NEM:                          PopCntSupport: 1
00:00:00.756082 NEM:                      Cmpxchg16bSupport: 1
00:00:00.756085 NEM:                       Altmovcr8Support: 1
00:00:00.756088 NEM:                           LzcntSupport: 1
00:00:00.756091 NEM:                     MisAlignSseSupport: 1
00:00:00.756094 NEM:                          MmxExtSupport: 1
00:00:00.756097 NEM:                        Amd3DNowSupport: 0
00:00:00.756100 NEM:                ExtendedAmd3DNowSupport: 0
00:00:00.756103 NEM:                         Page1GbSupport: 1
00:00:00.756106 NEM:                             AesSupport: 1
00:00:00.756109 NEM:                       PclmulqdqSupport: 1
00:00:00.756112 NEM:                            PcidSupport: 0
00:00:00.756115 NEM:                            Fma4Support: 0
00:00:00.756119 NEM:                            F16CSupport: 1
00:00:00.756122 NEM:                          RdRandSupport: 1
00:00:00.756125 NEM:                        RdWrFsGsSupport: 1
00:00:00.756128 NEM:                            SmepSupport: 1
00:00:00.756131 NEM:              EnhancedFastStringSupport: 0
00:00:00.756134 NEM:                            Bmi1Support: 1
00:00:00.756137 NEM:                            Bmi2Support: 1
00:00:00.756140 NEM:                              Reserved1: 0
00:00:00.756143 NEM:                           MovbeSupport: 1
00:00:00.756147 NEM:                          Npiep1Support: 1
00:00:00.756150 NEM:                   DepX87FPUSaveSupport: 0
00:00:00.756153 NEM:                          RdSeedSupport: 1
00:00:00.756156 NEM:                             AdxSupport: 1
00:00:00.756159 NEM:                   IntelPrefetchSupport: 0
00:00:00.756162 NEM:                            SmapSupport: 1
00:00:00.756165 NEM:                             HleSupport: 0
00:00:00.756168 NEM:                             RtmSupport: 0
00:00:00.756171 NEM:                          RdtscpSupport: 1
00:00:00.756174 NEM:                      ClflushoptSupport: 1
00:00:00.756177 NEM:                            ClwbSupport: 0
00:00:00.756180 NEM:                             ShaSupport: 1
00:00:00.756185 NEM:                X87PointersSavedSupport: 1
00:00:00.756190 NEM:                         InvpcidSupport: 0
00:00:00.756193 NEM:                            IbrsSupport: 0
00:00:00.756196 NEM:                           StibpSupport: 0
00:00:00.756199 NEM:                            IbpbSupport: 0
00:00:00.756202 NEM:                              Reserved2: 0
00:00:00.756205 NEM:                            SsbdSupport: 0
00:00:00.756208 NEM:                 FastShortRepMovSupport: 0
00:00:00.756211 NEM:                              Reserved3: 0
00:00:00.756214 NEM:                                 RdclNo: 0
00:00:00.756218 NEM:                         IbrsAllSupport: 0
00:00:00.756221 NEM:                              Reserved4: 0
00:00:00.756224 NEM:                                  SsbNo: 0
00:00:00.756227 NEM:                                 RsbANo: 0
00:00:00.756230 NEM:                              Reserved5: 0
00:00:00.756233 NEM:                           RdPidSupport: 0
00:00:00.756236 NEM:                            UmipSupport: 0
00:00:00.756240 NEM:                           MdsNoSupport: 0
00:00:00.756243 NEM:                         MdClearSupport: 0
00:00:00.756246 NEM:                           TaaNoSupport: 0
00:00:00.756249 NEM:                         TsxCtrlSupport: 0
00:00:00.756252 NEM:                              Reserved6: 0
00:00:00.756259 NEM: WHvCapabilityCodeProcessorClFlushSize = 2^8
00:00:00.756263 NEM: Warning! Unknown capability 0x4 returning: 3f 00 00 00 00 00 00 00 00 00 00 00 00 00 00 00 00 00 00 00 00 00 00 00
00:00:00.756750 NEM: Warning! Unknown capability 0x1003 returning: 1f 38 00 00 00 00 00 00 00 00 00 00 00 00 00 00 00 00 00 00 00 00 00 00
00:00:00.756766 NEM: Warning! Unknown capability 0x1004 returning: f0 89 82 e2 00 00 00 00 00 00 00 00 00 00 00 00 00 00 00 00 00 00 00 00
00:00:00.756771 NEM: Warning! Unknown capability 0x1005 returning: 00 c2 eb 0b 00 00 00 00 00 00 00 00 00 00 00 00 00 00 00 00 00 00 00 00
00:00:00.756776 NEM: Warning! Unknown capability 0x1006 returning: 02 00 00 00 00 00 00 00 bf 9f f3 66 cb 06 00 00 04 00 00 00 00 00 00 00
00:00:00.757577 NEM: Created partition 000002792c949340. APIC emulation mode: VirtualBox
00:00:00.757599 PGM: Enabling NEM mode
00:00:00.757683 NEM:
00:00:00.757683 NEM: NEMR3Init: Snail execution mode is active!
00:00:00.757683 NEM: Note! VirtualBox is not able to run at its full potential in this execution mode.
00:00:00.757683 NEM:       To see VirtualBox run at max speed you need to disable all Windows features
00:00:00.757684 NEM:       making use of Hyper-V.  That is a moving target, so google how and carefully
00:00:00.757684 NEM:       consider the consequences of disabling these features.
00:00:00.757684 NEM:
00:00:00.757710 CPUM: No hardware-virtualization capability detected
00:00:00.757714 CPUM: fXStateHostMask=0x7; host XCR0=0x7
00:00:00.760158 CPUM: Matched host CPU AMD 0x17/0x8/0x2 AMD_Zen_Ryzen with CPU DB entry 'AMD Ryzen 7 1800X Eight-Core' (AMD 0x17/0x1/0x1 AMD_Zen_Ryzen)
00:00:00.770663 CPUM: MXCSR_MASK=0x2ffff (host: 0x2ffff)
00:00:00.770717 CPUM: Microcode revision 0x08008202
00:00:00.770741 CPUM: MSR fudge: 0x00000017 IA32_PLATFORM_ID
00:00:00.770800 CPUM: MSR fudge: 0x000001a0 IA32_MISC_ENABLE
00:00:00.770818 CPUM: MSR fudge: 0x000002ff IA32_MTRR_DEF_TYPE
00:00:00.770836 CPUM: MSR fudge: 0x0000002c P4_EBC_FREQUENCY_ID
00:00:00.770950 CPUM: Set SSBD not required flag for AMD to work around some buggy Linux kernels!
00:00:00.770956 CPUM: Enabled MTRR read-write support
00:00:00.770961 CPUM: Enabled fixed-range MTRRs and 16 (virtualized) variable-range MTRRs
00:00:00.772679 NEM: HvPartitionPropertyProcessorVendor=0x0 (0)
00:00:00.772708 NEM: cbXSaveArea=832
00:00:00.772725 NEM: Default XSAVE area returned by Hyper-V
00:00:00.772727 000000bb9d6fd970/0000: 00 00 00 00 00 00 00 00-00 00 00 00 00 00 00 00 ................
00:00:00.772730 000000bb9d6fd980/0010: 00 00 00 00 00 00 00 00-80 1f 00 00 ff ff 02 00 ................
00:00:00.772732 000000bb9d6fd990/0020: 00 00 00 00 00 00 00 00-00 00 00 00 00 00 00 00 ................
00:00:00.772734 000000bb9d6fd9a0/0030: 00 00 00 00 00 00 00 00-00 00 00 00 00 00 00 00 ................
00:00:00.772736 000000bb9d6fd9b0/0040: 00 00 00 00 00 00 00 00-00 00 00 00 00 00 00 00 ................
00:00:00.772737 000000bb9d6fd9c0/0050: 00 00 00 00 00 00 00 00-00 00 00 00 00 00 00 00 ................
00:00:00.772739 000000bb9d6fd9d0/0060: 00 00 00 00 00 00 00 00-00 00 00 00 00 00 00 00 ................
00:00:00.772741 000000bb9d6fd9e0/0070: 00 00 00 00 00 00 00 00-00 00 00 00 00 00 00 00 ................
00:00:00.772742 000000bb9d6fd9f0/0080: 00 00 00 00 00 00 00 00-00 00 00 00 00 00 00 00 ................
00:00:00.772744 000000bb9d6fda00/0090: 00 00 00 00 00 00 00 00-00 00 00 00 00 00 00 00 ................
00:00:00.772746 000000bb9d6fda10/00a0: 00 00 00 00 00 00 00 00-00 00 00 00 00 00 00 00 ................
00:00:00.772747 000000bb9d6fda20/00b0: 00 00 00 00 00 00 00 00-00 00 00 00 00 00 00 00 ................
00:00:00.772749 000000bb9d6fda30/00c0: 00 00 00 00 00 00 00 00-00 00 00 00 00 00 00 00 ................
00:00:00.772751 000000bb9d6fda40/00d0: 00 00 00 00 00 00 00 00-00 00 00 00 00 00 00 00 ................
00:00:00.772752 000000bb9d6fda50/00e0: 00 00 00 00 00 00 00 00-00 00 00 00 00 00 00 00 ................
00:00:00.772754 000000bb9d6fda60/00f0: 00 00 00 00 00 00 00 00-00 00 00 00 00 00 00 00 ................
00:00:00.772756 000000bb9d6fda70/0100: 00 00 00 00 00 00 00 00-00 00 00 00 00 00 00 00 ................
00:00:00.772757 000000bb9d6fda80/0110: 00 00 00 00 00 00 00 00-00 00 00 00 00 00 00 00 ................
00:00:00.772759 000000bb9d6fda90/0120: 00 00 00 00 00 00 00 00-00 00 00 00 00 00 00 00 ................
00:00:00.772761 000000bb9d6fdaa0/0130: 00 00 00 00 00 00 00 00-00 00 00 00 00 00 00 00 ................
00:00:00.772762 000000bb9d6fdab0/0140: 00 00 00 00 00 00 00 00-00 00 00 00 00 00 00 00 ................
00:00:00.772764 000000bb9d6fdac0/0150: 00 00 00 00 00 00 00 00-00 00 00 00 00 00 00 00 ................
00:00:00.772765 000000bb9d6fdad0/0160: 00 00 00 00 00 00 00 00-00 00 00 00 00 00 00 00 ................
00:00:00.772767 000000bb9d6fdae0/0170: 00 00 00 00 00 00 00 00-00 00 00 00 00 00 00 00 ................
00:00:00.772768 000000bb9d6fdaf0/0180: 00 00 00 00 00 00 00 00-00 00 00 00 00 00 00 00 ................
00:00:00.772770 000000bb9d6fdb00/0190: 00 00 00 00 00 00 00 00-00 00 00 00 00 00 00 00 ................
00:00:00.772771 000000bb9d6fdb10/01a0: 00 00 00 00 00 00 00 00-00 00 00 00 00 00 00 00 ................
00:00:00.772773 000000bb9d6fdb20/01b0: 00 00 00 00 00 00 00 00-00 00 00 00 00 00 00 00 ................
00:00:00.772774 000000bb9d6fdb30/01c0: 00 00 00 00 00 00 00 00-00 00 00 00 00 00 00 00 ................
00:00:00.772776 000000bb9d6fdb40/01d0: 00 00 00 00 00 00 00 00-00 00 00 00 00 00 00 00 ................
00:00:00.772778 000000bb9d6fdb50/01e0: 00 00 00 00 00 00 00 00-00 00 00 00 00 00 00 00 ................
00:00:00.772779 000000bb9d6fdb60/01f0: 00 00 00 00 00 00 00 00-00 00 00 00 00 00 00 00 ................
00:00:00.772781 000000bb9d6fdb70/0200: 02 00 00 00 00 00 00 00-07 00 00 00 00 00 00 80 ................
00:00:00.772782 000000bb9d6fdb80/0210: 00 00 00 00 00 00 00 00-00 00 00 00 00 00 00 00 ................
00:00:00.772784 000000bb9d6fdb90/0220: 00 00 00 00 00 00 00 00-00 00 00 00 00 00 00 00 ................
00:00:00.772785 000000bb9d6fdba0/0230: 00 00 00 00 00 00 00 00-00 00 00 00 00 00 00 00 ................
00:00:00.772787 000000bb9d6fdbb0/0240: 00 00 00 00 00 00 00 00-00 00 00 00 00 00 00 00 ................
00:00:00.772788 000000bb9d6fdbc0/0250: 00 00 00 00 00 00 00 00-00 00 00 00 00 00 00 00 ................
00:00:00.772790 000000bb9d6fdbd0/0260: 00 00 00 00 00 00 00 00-00 00 00 00 00 00 00 00 ................
00:00:00.772791 000000bb9d6fdbe0/0270: 00 00 00 00 00 00 00 00-00 00 00 00 00 00 00 00 ................
00:00:00.772793 000000bb9d6fdbf0/0280: 00 00 00 00 00 00 00 00-00 00 00 00 00 00 00 00 ................
00:00:00.772794 000000bb9d6fdc00/0290: 00 00 00 00 00 00 00 00-00 00 00 00 00 00 00 00 ................
00:00:00.772796 000000bb9d6fdc10/02a0: 00 00 00 00 00 00 00 00-00 00 00 00 00 00 00 00 ................
00:00:00.772798 000000bb9d6fdc20/02b0: 00 00 00 00 00 00 00 00-00 00 00 00 00 00 00 00 ................
00:00:00.772799 000000bb9d6fdc30/02c0: 00 00 00 00 00 00 00 00-00 00 00 00 00 00 00 00 ................
00:00:00.772801 000000bb9d6fdc40/02d0: 00 00 00 00 00 00 00 00-00 00 00 00 00 00 00 00 ................
00:00:00.772802 000000bb9d6fdc50/02e0: 00 00 00 00 00 00 00 00-00 00 00 00 00 00 00 00 ................
00:00:00.772804 000000bb9d6fdc60/02f0: 00 00 00 00 00 00 00 00-00 00 00 00 00 00 00 00 ................
00:00:00.772805 000000bb9d6fdc70/0300: 00 00 00 00 00 00 00 00-00 00 00 00 00 00 00 00 ................
00:00:00.772807 000000bb9d6fdc80/0310: 00 00 00 00 00 00 00 00-00 00 00 00 00 00 00 00 ................
00:00:00.772808 000000bb9d6fdc90/0320: 00 00 00 00 00 00 00 00-00 00 00 00 00 00 00 00 ................
00:00:00.772810 000000bb9d6fdca0/0330: 00 00 00 00 00 00 00 00-00 00 00 00 00 00 00 00 ................
00:00:00.772821 NEM: Successfully set up partition (device handle 0000000000000b24, partition ID 0x8c)
00:00:00.773212 PGM: Host paging mode: AMD64+PGE+NX
00:00:00.773225 PGM: PGMPool: cMaxPages=256 (u64MaxPages=64)
00:00:00.773228 PGM: pgmR3PoolInit: cMaxPages=0x100 cMaxUsers=0x200 cMaxPhysExts=0x200 fCacheEnable=true
00:00:00.780374 SUPLib: MEM_LARGE_PAGES works!
00:00:00.780650 TM: GIP - u32Mode=3 (Invariant) u32UpdateHz=93 u32UpdateIntervalNS=10741500 enmUseTscDelta=2 (Practically Zero) fGetGipCpu=0x2b cCpus=16
00:00:00.780658 TM: GIP - u64CpuHz=3 800 205 671 (0xe2828967)  SUPGetCpuHzFromGip => 3 800 205 671
00:00:00.780663 TM: GIP - CPU: iCpuSet=0x0 idCpu=0x0 idApic=0x0 iGipCpu=0x2 i64TSCDelta=0 enmState=3 u64CpuHz=3800199759(*) cErrors=0
00:00:00.780668 TM: GIP - CPU: iCpuSet=0x1 idCpu=0x1 idApic=0x1 iGipCpu=0x1 i64TSCDelta=0 enmState=3 u64CpuHz=3800206701(*) cErrors=0
00:00:00.780672 TM: GIP - CPU: iCpuSet=0x2 idCpu=0x2 idApic=0x2 iGipCpu=0x7 i64TSCDelta=0 enmState=3 u64CpuHz=3800205164(*) cErrors=0
00:00:00.780676 TM: GIP - CPU: iCpuSet=0x3 idCpu=0x3 idApic=0x3 iGipCpu=0x5 i64TSCDelta=0 enmState=3 u64CpuHz=3800205413(*) cErrors=0
00:00:00.780679 TM: GIP - CPU: iCpuSet=0x4 idCpu=0x4 idApic=0x4 iGipCpu=0x0 i64TSCDelta=0 enmState=3 u64CpuHz=3800205671(*) cErrors=0
00:00:00.780683 TM: GIP - CPU: iCpuSet=0x5 idCpu=0x5 idApic=0x5 iGipCpu=0x6 i64TSCDelta=0 enmState=3 u64CpuHz=3800205515(*) cErrors=0
00:00:00.780687 TM: GIP - CPU: iCpuSet=0x6 idCpu=0x6 idApic=0x6 iGipCpu=0x4 i64TSCDelta=0 enmState=3 u64CpuHz=3800205870(*) cErrors=0
00:00:00.780691 TM: GIP - CPU: iCpuSet=0x7 idCpu=0x7 idApic=0x7 iGipCpu=0x3 i64TSCDelta=0 enmState=3 u64CpuHz=3800204823(*) cErrors=0
00:00:00.780694 TM: GIP - CPU: iCpuSet=0x8 idCpu=0x8 idApic=0x8 iGipCpu=0xa i64TSCDelta=0 enmState=3 u64CpuHz=3800205628(*) cErrors=0
00:00:00.780698 TM: GIP - CPU: iCpuSet=0x9 idCpu=0x9 idApic=0x9 iGipCpu=0x8 i64TSCDelta=0 enmState=3 u64CpuHz=3800205576(*) cErrors=0
00:00:00.780702 TM: GIP - CPU: iCpuSet=0xa idCpu=0xa idApic=0xa iGipCpu=0xd i64TSCDelta=0 enmState=3 u64CpuHz=3800205529(*) cErrors=0
00:00:00.780705 TM: GIP - CPU: iCpuSet=0xb idCpu=0xb idApic=0xb iGipCpu=0xe i64TSCDelta=0 enmState=3 u64CpuHz=3800205671(*) cErrors=0
00:00:00.780709 TM: GIP - CPU: iCpuSet=0xc idCpu=0xc idApic=0xc iGipCpu=0x9 i64TSCDelta=0 enmState=3 u64CpuHz=3800205494(*) cErrors=0
00:00:00.780712 TM: GIP - CPU: iCpuSet=0xd idCpu=0xd idApic=0xd iGipCpu=0xc i64TSCDelta=0 enmState=3 u64CpuHz=3800205648(*) cErrors=0
00:00:00.780716 TM: GIP - CPU: iCpuSet=0xe idCpu=0xe idApic=0xe iGipCpu=0xf i64TSCDelta=0 enmState=3 u64CpuHz=3800206701(*) cErrors=0
00:00:00.780719 TM: GIP - CPU: iCpuSet=0xf idCpu=0xf idApic=0xf iGipCpu=0xb i64TSCDelta=0 enmState=3 u64CpuHz=3800205483(*) cErrors=0
00:00:00.780727 TM: NEM overrides the /TM/TSCModeSwitchAllowed setting.
00:00:00.780738 TM:     cTSCTicksPerSecond=3 800 205 671 (0xe2828967) enmTSCMode=4 (NativeApi) TSCMultiplier=1
00:00:00.780741 TM: cTSCTicksPerSecondHost=3 800 205 671 (0xe2828967)
00:00:00.780741 TM: TSCTiedToExecution=false TSCNotTiedToHalt=false
00:00:00.781679 EMR3Init: fIemExecutesAll=false fGuruOnTripleFault=true
00:00:00.781908 IEM: TargetCpu=CURRENT, Microarch=AMD_Zen_Ryzen aidxTargetCpuEflFlavour={2,0}
00:00:00.782654 GIM: Using provider 'None' (Implementation version: 0)
00:00:00.782678 GCM: Initialized - Fixer bits: 0x0
00:00:00.782768 AIOMgr: Default manager type is 'Async'
00:00:00.782776 AIOMgr: Default file backend is 'NonBuffered'
00:00:00.782838 BlkCache: Cache successfully initialized. Cache size is 5242880 bytes
00:00:00.782846 BlkCache: Cache commit interval is 10000 ms
00:00:00.782852 BlkCache: Cache commit threshold is 2621440 bytes
00:00:01.172121 PcBios: [SMP] BIOS with 1 CPUs
00:00:01.172144 PcBios: Using the 386+ BIOS image.
00:00:01.172529 PcBios: fCheckShutdownStatusForSoftReset=true  fClearShutdownStatusOnHardReset=true
00:00:01.172694 PDM: VirtualBox APIC backend registered
00:00:01.172747 CPUM: SetGuestCpuIdFeature: Enabled xAPIC
00:00:01.173203 PIT: mode=3 count=0x10000 (65536) - 18.20 Hz (ch=0)
00:00:01.173377 VMMDev: cbDefaultBudget: 1 073 741 824 (40000000)
00:00:01.194374 Shared Folders service loaded
00:00:01.210209 Guest Control service loaded
00:00:01.225307 VGA: Using the 386+ BIOS image.
00:00:01.226694 DrvVD: Flushes will be ignored
00:00:01.226706 DrvVD: Async flushes will be passed to the disk
00:00:01.226957 VD: VDInit finished with VINF_SUCCESS
00:00:01.227063 VD: Opening the disk took 343783 ns
00:00:01.227111 PIIX3 ATA: LUN#0: disk, PCHS=65/16/63, total number of sectors 65536
00:00:01.227160 PIIX3 ATA: LUN#1: no unit
00:00:01.227204 PIIX3 ATA: LUN#2: no unit
00:00:01.227210 PIIX3 ATA: LUN#3: no unit
00:00:01.227268 PIIX3 ATA: Ctl#0: finished processing RESET
00:00:01.227299 PIIX3 ATA: Ctl#1: finished processing RESET
00:00:01.240925 Audio Mixer: Setting sink 'SB16 Mixer/PCM Output' -- channel volumes: ba ba ba ba ba ba ba ba ba ba ba ba
00:00:01.266076 WasAPI: Input device is: {Default} (iface 000002792c951990)
00:00:01.267985 WasAPI: Output device is: {Default} (iface 000002792c951800)
00:00:01.273809 Audio: Found 9 devices for driver 'WasAPI'
00:00:01.273836 Audio: Device 'Headphones (High Definition Audio Device)':
00:00:01.273836 Audio:   ID              = {0.0.0.00000000}.{12380492-75b7-42bc-b789-0d1d8d1f4e3b}
00:00:01.273837 Audio:   Usage           = output
00:00:01.273838 Audio:   Flags           = DEFAULT_OUT
00:00:01.273838 Audio:   Input channels  = 0
00:00:01.273838 Audio:   Output channels = 2
00:00:01.273842 Audio: Device 'Headphones (High Definition Audio Device)':
00:00:01.273842 Audio:   ID              = {0.0.0.00000000}.{12380492-75b7-42bc-b789-0d1d8d1f4e3b}
00:00:01.273843 Audio:   Usage           = output
00:00:01.273843 Audio:   Flags           = NONE
00:00:01.273843 Audio:   Input channels  = 0
00:00:01.273844 Audio:   Output channels = 2
00:00:01.273847 Audio: Device 'Digital Audio (S/PDIF) (High Definition Audio Device)':
00:00:01.273847 Audio:   ID              = {0.0.0.00000000}.{2ca71d41-bb09-4c97-9aaf-cabbc6fbe5ab}
00:00:01.273848 Audio:   Usage           = output
00:00:01.273848 Audio:   Flags           = NONE
00:00:01.273848 Audio:   Input channels  = 0
00:00:01.273848 Audio:   Output channels = 2
00:00:01.273851 Audio: Device '100012589 (NVIDIA High Definition Audio)':
00:00:01.273852 Audio:   ID              = {0.0.0.00000000}.{3f36c4ff-500a-4cd3-9a35-77b5981f1155}
00:00:01.273852 Audio:   Usage           = output
00:00:01.273852 Audio:   Flags           = NONE
00:00:01.273852 Audio:   Input channels  = 0
00:00:01.273853 Audio:   Output channels = 2
00:00:01.273856 Audio: Device 'Speakers (2- USB Audio CODEC )':
00:00:01.273856 Audio:   ID              = {0.0.0.00000000}.{566bb4ca-cb36-4deb-843b-246f6c5c5982}
00:00:01.273856 Audio:   Usage           = output
00:00:01.273856 Audio:   Flags           = NONE
00:00:01.273857 Audio:   Input channels  = 0
00:00:01.273857 Audio:   Output channels = 2
00:00:01.273924 Audio: Device '100012589 (NVIDIA High Definition Audio)':
00:00:01.273925 Audio:   ID              = {0.0.0.00000000}.{fdb7b4cc-b13a-4c66-ac46-5302e0b66d2f}
00:00:01.273925 Audio:   Usage           = output
00:00:01.273925 Audio:   Flags           = NONE
00:00:01.273925 Audio:   Input channels  = 0
00:00:01.273926 Audio:   Output channels = 2
00:00:01.273933 Audio: Device 'Microphone (NexiGo HD Webcam Audio)':
00:00:01.273933 Audio:   ID              = {0.0.1.00000000}.{8830d0fa-5126-4de0-babf-090349e9c6f6}
00:00:01.273933 Audio:   Usage           = input
00:00:01.273934 Audio:   Flags           = DEFAULT_IN
00:00:01.273934 Audio:   Input channels  = 2
00:00:01.273934 Audio:   Output channels = 0
00:00:01.273937 Audio: Device 'Microphone (2- USB Audio CODEC )':
00:00:01.273938 Audio:   ID              = {0.0.1.00000000}.{2cdb81b1-e1eb-4201-a0a4-fc6057072946}
00:00:01.273938 Audio:   Usage           = input
00:00:01.273938 Audio:   Flags           = NONE
00:00:01.273939 Audio:   Input channels  = 1
00:00:01.273939 Audio:   Output channels = 0
00:00:01.273942 Audio: Device 'Microphone (NexiGo HD Webcam Audio)':
00:00:01.273942 Audio:   ID              = {0.0.1.00000000}.{8830d0fa-5126-4de0-babf-090349e9c6f6}
00:00:01.273942 Audio:   Usage           = input
00:00:01.273943 Audio:   Flags           = NONE
00:00:01.273943 Audio:   Input channels  = 2
00:00:01.273943 Audio:   Output channels = 0
00:00:01.274232 PGM: The CPU physical address width is 48 bits
00:00:01.274240 PGM: PGMR3InitFinalize: 4 MB PSE mask 0000ffffffffffff -> VINF_SUCCESS
00:00:01.274249 TM: TMR3InitFinalize: fTSCModeSwitchAllowed=false
00:00:01.274525 CPUM: Mapped 1.0MiB (1048576 bytes) of RAM using fixed-range MTRRs
00:00:01.274534 CPUM: Mapped 64.0MiB (67108864 bytes) of RAM using 1 variable-range MTRRs
00:00:01.274939 VMM: Thread-context hooks unavailable
00:00:01.274945 VMM: RTThreadPreemptIsPending() can be trusted
00:00:01.274949 VMM: Kernel preemption is possible
00:00:01.274959 EM: Exit history optimizations: enabled=true enabled-r0=true enabled-r0-no-preemption=false
00:00:01.278968 PcBios: ATA LUN#0 LCHS=65/16/63
00:00:01.278983 APIC: fPostedIntrsEnabled=false fVirtApicRegsEnabled=false fSupportsTscDeadline=false
00:00:01.278989 TMR3UtcNow: nsNow=1 776 891 814 243 292 400 nsPrev=0 -> cNsDelta=1 776 891 814 243 292 400 (offLag=0 offVirtualSync=0 offVirtualSyncGivenUp=0, NowAgain=1 776 891 814 243 292 400)
00:00:01.279064 VMM: fUsePeriodicPreemptionTimers=true
00:00:01.279071 CPUM: Logical host processors: 16 present, 16 max, 16 online, online mask: 000000000000ffff
00:00:01.279072 CPUM: Physical host cores: 8
00:00:01.279073 ************************ CPUID dump *************************
00:00:01.281373          Raw Standard CPUID Leaves
00:00:01.281373      Leaf/sub-leaf  eax      ebx      ecx      edx
00:00:01.281375 Gst: 00000000/0000  0000000d 68747541 444d4163 69746e65
00:00:01.281376 Hst:                0000000d 68747541 444d4163 69746e65
00:00:01.281377 Gst: 00000001/0000  00800f82 00010800 76d83203 178bfbbf
00:00:01.281378 Hst:                00800f82 01100800 fed83203 178bfbff
00:00:01.281378 Gst: 00000002/0000  00000000 00000000 00000000 00000000
00:00:01.281379 Hst:                00000000 00000000 00000000 00000000
00:00:01.281380 Gst: 00000003/0000  00000000 00000000 00000000 00000000
00:00:01.281380 Hst:                00000000 00000000 00000000 00000000
00:00:01.281381 Gst: 00000004/0000  00000000 00000000 00000000 00000000
00:00:01.281381 Hst:                00000000 00000000 00000000 00000000
00:00:01.281382 Gst: 00000005/0000  00000000 00000000 00000000 00000000
00:00:01.281382 Hst:                00000000 00000000 00000000 00000000
00:00:01.281383 Gst: 00000006/0000  00000004 00000000 00000000 00000000
00:00:01.281383 Hst:                00000000 00000000 00000001 00000000
00:00:01.281384 Gst: 00000007/0000  00000000 208c0129 00000000 00000000
00:00:01.281385 Hst:                00000000 209c01a9 00000000 00000000
00:00:01.281385 Gst: 00000007/0001  00000000 00000000 00000000 00000000
00:00:01.281386 Hst:                00000000 00000000 00000000 00000000
00:00:01.281386 Gst: 00000007/0002  00000000 00000000 00000000 00000000
00:00:01.281387 Hst:                00000000 00000000 00000000 00000000
00:00:01.281387 Gst: 00000008/0000  00000000 00000000 00000000 00000000
00:00:01.281388 Hst:                00000000 00000000 00000000 00000000
00:00:01.281388 Gst: 00000009/0000  00000000 00000000 00000000 00000000
00:00:01.281389 Hst:                00000000 00000000 00000000 00000000
00:00:01.281390 Gst: 0000000a/0000  00000000 00000000 00000000 00000000
00:00:01.281390 Hst:                00000000 00000000 00000000 00000000
00:00:01.281391 Gst: 0000000b/0000  00000000 00000000 00000000 00000000
00:00:01.281391 Hst:                00000000 00000000 00000000 00000000
00:00:01.281392 Gst: 0000000c/0000  00000000 00000000 00000000 00000000
00:00:01.281392 Hst:                00000000 00000000 00000000 00000000
00:00:01.281393 Gst: 0000000d/0000  00000007 00000340 00000340 00000000
00:00:01.281393 Hst:                00000007 00000340 00000340 00000000
00:00:01.281394 Gst: 0000000d/0001  00000000 00000340 00000000 00000000
00:00:01.281395 Hst:                0000000f 00000340 00000000 00000000
00:00:01.281395 Gst: 0000000d/0002  00000100 00000240 00000000 00000000
00:00:01.281396 Hst:                00000100 00000240 00000000 00000000
00:00:01.281396 Gst: 0000000d/0003  00000000 00000000 00000000 00000000
00:00:01.281397 Hst:                00000000 00000000 00000000 00000000
00:00:01.281397                                Name: AuthenticAMD
00:00:01.281398                            Supports: 0x00000000-0x0000000d
00:00:01.281399                              Family: 15 	Extended: 8 	Effective: 23
00:00:01.281400                               Model:  8 	Extended: 0 	Effective: 8
00:00:01.281401                            Stepping: 2
00:00:01.281402                                Type: 0 (primary)
00:00:01.281403                             APIC ID: 0x00
00:00:01.281404                        Logical CPUs: 1
00:00:01.281404                        CLFLUSH Size: 8
00:00:01.281405                            Brand ID: 0x00
00:00:01.281405 Features
00:00:01.281406   Mnemonic - Description                                  = Guest (Host)
00:00:01.281407   FPU - x87 FPU on Chip                                   = 1 (1)
00:00:01.281408   VME - Virtual 8086 Mode Enhancements                    = 1 (1)
00:00:01.281409   DE - Debugging extensions                               = 1 (1)
00:00:01.281410   PSE - Page Size Extension                               = 1 (1)
00:00:01.281411   TSC - Time Stamp Counter                                = 1 (1)
00:00:01.281413   MSR - Model Specific Registers                          = 1 (1)
00:00:01.281414   PAE - Physical Address Extension                        = 0 (1)
00:00:01.281415   MCE - Machine Check Exception                           = 1 (1)
00:00:01.281416   CX8 - CMPXCHG8B instruction                             = 1 (1)
00:00:01.281417   APIC - APIC On-Chip                                     = 1 (1)
00:00:01.281418   SEP - SYSENTER and SYSEXIT Present                      = 1 (1)
00:00:01.281418   MTRR - Memory Type Range Registers                      = 1 (1)
00:00:01.281419   PGE - PTE Global Bit                                    = 1 (1)
00:00:01.281420   MCA - Machine Check Architecture                        = 1 (1)
00:00:01.281421   CMOV - Conditional Move instructions                    = 1 (1)
00:00:01.281422   PAT - Page Attribute Table                              = 1 (1)
00:00:01.281422   PSE-36 - 36-bit Page Size Extension                     = 1 (1)
00:00:01.281423   PSN - Processor Serial Number                           = 0 (0)
00:00:01.281424   CLFSH - CLFLUSH instruction                             = 1 (1)
00:00:01.281425   DS - Debug Store                                        = 0 (0)
00:00:01.281426   ACPI - Thermal Mon. & Soft. Clock Ctrl.                 = 0 (0)
00:00:01.281427   MMX - Intel MMX Technology                              = 1 (1)
00:00:01.281427   FXSR - FXSAVE and FXRSTOR instructions                  = 1 (1)
00:00:01.281428   SSE - SSE support                                       = 1 (1)
00:00:01.281429   SSE2 - SSE2 support                                     = 1 (1)
00:00:01.281430   SS - Self Snoop                                         = 0 (0)
00:00:01.281431   HTT - Hyper-Threading Technology                        = 1 (1)
00:00:01.281432   TM - Therm. Monitor                                     = 0 (0)
00:00:01.281433   PBE - Pending Break Enabled                             = 0 (0)
00:00:01.281433   SSE3 - SSE3 support                                     = 1 (1)
00:00:01.281434   PCLMUL - PCLMULQDQ support (for AES-GCM)                = 1 (1)
00:00:01.281435   DTES64 - DS Area 64-bit Layout                          = 0 (0)
00:00:01.281436   MONITOR - MONITOR/MWAIT instructions                    = 0 (0)
00:00:01.281437   CPL-DS - CPL Qualified Debug Store                      = 0 (0)
00:00:01.281437   VMX - Virtual Machine Extensions                        = 0 (0)
00:00:01.281438   SMX - Safer Mode Extensions                             = 0 (0)
00:00:01.281439   EST - Enhanced SpeedStep Technology                     = 0 (0)
00:00:01.281440   TM2 - Terminal Monitor 2                                = 0 (0)
00:00:01.281440   SSSE3 - Supplemental Streaming SIMD Extensions 3        = 1 (1)
00:00:01.281441   CNTX-ID - L1 Context ID                                 = 0 (0)
00:00:01.281442   SDBG - Silicon Debug interface                          = 0 (0)
00:00:01.281443   FMA - Fused Multiply Add extensions                     = 1 (1)
00:00:01.281444   CX16 - CMPXCHG16B instruction                           = 1 (1)
00:00:01.281444   TPRUPDATE - xTPR Update Control                         = 0 (0)
00:00:01.281445   PDCM - Perf/Debug Capability MSR                        = 0 (0)
00:00:01.281446   PCID - Process Context Identifiers                      = 0 (0)
00:00:01.281447   DCA - Direct Cache Access                               = 0 (0)
00:00:01.281447   SSE4_1 - SSE4_1 support                                 = 1 (1)
00:00:01.281448   SSE4_2 - SSE4_2 support                                 = 1 (1)
00:00:01.281449   X2APIC - x2APIC support                                 = 0 (0)
00:00:01.281450   MOVBE - MOVBE instruction                               = 1 (1)
00:00:01.281451   POPCNT - POPCNT instruction                             = 1 (1)
00:00:01.281452   TSCDEADL - Time Stamp Counter Deadline                  = 0 (0)
00:00:01.281452   AES - AES instructions                                  = 1 (1)
00:00:01.281453   XSAVE - XSAVE instruction                               = 1 (1)
00:00:01.281454   OSXSAVE - OSXSAVE instruction                           = 0 (1)
00:00:01.281455   AVX - AVX support                                       = 1 (1)
00:00:01.281456   F16C - 16-bit floating point conversion instructions    = 1 (1)
00:00:01.281456   RDRAND - RDRAND instruction                             = 1 (1)
00:00:01.281457   HVP - Hypervisor Present (we're a guest)                = 0 (1)
00:00:01.281458 Structured Extended Feature Flags Enumeration (leaf 7):
00:00:01.281458 Sub-leaf 0
00:00:01.281459   Mnemonic - Description                                  = Guest (Host)
00:00:01.281460   FSGSBASE - RDFSBASE/RDGSBASE/WRFSBASE/WRGSBASE instr.   = 1 (1)
00:00:01.281460   TSCADJUST - Supports MSR_IA32_TSC_ADJUST                = 0 (0)
00:00:01.281461   SGX - Supports Software Guard Extensions                = 0 (0)
00:00:01.281462   BMI1 - Advanced Bit Manipulation extension 1            = 1 (1)
00:00:01.281462   HLE - Hardware Lock Elision                             = 0 (0)
00:00:01.281463   AVX2 - Advanced Vector Extensions 2                     = 1 (1)
00:00:01.281465   FDP_EXCPTN_ONLY - FPU DP only updated on exceptions     = 0 (0)
00:00:01.281466   SMEP - Supervisor Mode Execution Prevention             = 0 (1)
00:00:01.281466   BMI2 - Advanced Bit Manipulation extension 2            = 1 (1)
00:00:01.281467   ERMS - Enhanced REP MOVSB/STOSB instructions            = 0 (0)
00:00:01.281468   INVPCID - INVPCID instruction                           = 0 (0)
00:00:01.281469   RTM - Restricted Transactional Memory                   = 0 (0)
00:00:01.281469   PQM - Platform Quality of Service Monitoring            = 0 (0)
00:00:01.281470   DEPFPU_CS_DS - Deprecates FPU CS, FPU DS values if set  = 0 (0)
00:00:01.281471   MPE - Intel Memory Protection Extensions                = 0 (0)
00:00:01.281471   PQE - Platform Quality of Service Enforcement           = 0 (0)
00:00:01.281472   AVX512F - AVX512 Foundation instructions                = 0 (0)
00:00:01.281473   AVX512DQ - Supports the AVX512DQ instructions           = 0 (0)
00:00:01.281473   RDSEED - RDSEED instruction                             = 1 (1)
00:00:01.281474   ADX - ADCX/ADOX instructions                            = 1 (1)
00:00:01.281475   SMAP - Supervisor Mode Access Prevention                = 0 (1)
00:00:01.281476   AVX512_IFMA - Supports the AVX512_IFMA instructions     = 0 (0)
00:00:01.281476   CLFLUSHOPT - CLFLUSHOPT (Cache Line Flush) instruction  = 1 (1)
00:00:01.281477   CLWB - CLWB instruction                                 = 0 (0)
00:00:01.281478   INTEL_PT - Intel Processor Trace                        = 0 (0)
00:00:01.281478   AVX512PF - AVX512 Prefetch instructions                 = 0 (0)
00:00:01.281479   AVX512ER - AVX512 Exponential & Reciprocal instructions = 0 (0)
00:00:01.281480   AVX512CD - AVX512 Conflict Detection instructions       = 0 (0)
00:00:01.281480   SHA - Secure Hash Algorithm extensions                  = 1 (1)
00:00:01.281481   AVX512BW - Supports the AVX512BW instructions           = 0 (0)
00:00:01.281482   AVX512VL - Supports the AVX512VL instructions           = 0 (0)
00:00:01.281482   PREFETCHWT1 - PREFETCHWT1 instruction                   = 0 (0)
00:00:01.281483   AVX512_VBMI - Supports the AVX512_VBMI instructions     = 0 (0)
00:00:01.281484   UMIP - User mode insturction prevention                 = 0 (0)
00:00:01.281484   PKU - Protection Key for Usermode pages                 = 0 (0)
00:00:01.281485   OSPKE - CR4.PKU mirror                                  = 0 (0)
00:00:01.281486   WAITPKG - TPAUSE, UMONITOR & UMWAIT support             = 0 (0)
00:00:01.281487   AVX512_VBMI2 - Supports the AVX512_VBMI2 instructions   = 0 (0)
00:00:01.281487   CET_SS - CET shadow stack support                       = 0 (0)
00:00:01.281488   GFNI - Supports the GFNI instruction set                = 0 (0)
00:00:01.281489   VAES - Supports the VEX encoded AES instruction set     = 0 (0)
00:00:01.281489   VPCLMULQDQ - Supports the VPCLMULQDQ instruction        = 0 (0)
00:00:01.281490   AVX512_VNNI - Supports the AVX512_VNNI instructions     = 0 (0)
00:00:01.281490   AVX512_BITALG - Supports the AVX512_BITALG instructions = 0 (0)
00:00:01.281491   TME_EN - Supports 4 IA32_TME_ MSRs                      = 0 (0)
00:00:01.281492   AVX512_VPOPCNTDQ - Supports the AVX512_VPOPCNTDQ instructions = 0 (0)
00:00:01.281492   LA57 - 57-bit linear addresses                          = 0 (0)
00:00:01.281493   MAWAU - Value used by BNDLDX & BNDSTX                   = 0x0 (0x0)
00:00:01.281494   RDPID - Read processor ID support                       = 0 (0)
00:00:01.281495   KEY_LOCKER - Supports Key Locker                        = 0 (0)
00:00:01.281496   BUS_LOCK_DETECT - Supports OS bus-lock detection        = 0 (0)
00:00:01.281496   CLDEMOTE - Supports cache line demote                   = 0 (0)
00:00:01.281497   MOVDIRI - Supports the MOVDIRI instruction              = 0 (0)
00:00:01.281498   MOVDIRI64B - Supports the MOVDIRI64B instruction        = 0 (0)
00:00:01.281498   ENQCMD - Supports the Eqnqueue Stores                   = 0 (0)
00:00:01.281499   SGX_LC - Supports SGX Launch Configuration              = 0 (0)
00:00:01.281500   PKS - Supports protection keys for supervisor pages     = 0 (0)
00:00:01.281501  Sub-leaf 2
00:00:01.281501   Mnemonic - Description                                  = Guest (Host)
00:00:01.281503   PSFD - Supports IA32_SPEC_CTRL[7] (PSFD)                = 0 (0)
00:00:01.281504   IPRED_CTRL - Supports IA32_SPEC_CTRL[4:3] (IPRED_DIS)   = 0 (0)
00:00:01.281504   RRSBA_CTRL - Supports IA32_SPEC_CTRL[6:5] (RRSBA_DIS)   = 0 (0)
00:00:01.281505   DDPD_U - Supports IA32_SPEC_CTRL[8] (DDPD_U)            = 0 (0)
00:00:01.281505   BHI_CTRL - Supports IA32_SPEC_CTRL[10] (BHI_DIS_S)      = 0 (0)
00:00:01.281506   MCDT_NO - No MXCSR Config Dependent Timing issues       = 0 (0)
00:00:01.281507   UC_LOCK_DIS - Supports UC-lock disable and causing #AC  = 0 (0)
00:00:01.281507   MONITOR_MITG_NO - No MONITOR/UMONITOR power issues      = 0 (0)
00:00:01.281508 Processor Extended State Enumeration (leaf 0xd):
00:00:01.281508    XSAVE area cur/max size by XCR0, Guest: 0x340/0x340
00:00:01.281509    XSAVE area cur/max size by XCR0,  Host: 0x340/0x340
00:00:01.281510                    Valid XCR0 bits, Guest: 0x00000000`00000007 ( x87 SSE YMM_Hi128 )
00:00:01.281511                    Valid XCR0 bits,  Host: 0x00000000`00000007 ( x87 SSE YMM_Hi128 )
00:00:01.281513                     XSAVE features, Guest
00:00:01.281514                     XSAVE features,  Host XSAVEOPT XSAVEC XGETBC1 XSAVES
00:00:01.281515       XSAVE area cur size XCR0|XSS, Guest: 0x340
00:00:01.281515       XSAVE area cur size XCR0|XSS,  Host: 0x340
00:00:01.281516                Valid IA32_XSS bits, Guest: 0x00000000`00000000
00:00:01.281517                Valid IA32_XSS bits,  Host: 0x00000000`00000000
00:00:01.281517   State #2, Guest: off=0x0240, cb=0x0100 IA32_XSS-bit -- YMM_Hi128
00:00:01.281519   State #2,  Host:  off=0x0240, cb=0x0100 IA32_XSS-bit -- YMM_Hi128
00:00:01.281523          Raw Hypervisor CPUID Leaves
00:00:01.281524      Leaf/sub-leaf  eax      ebx      ecx      edx
00:00:01.281524 Hst: 40000000/0000  4000000c 7263694d 666f736f 76482074
00:00:01.281525 Hst: 40000001/0000  31237648 00000000 00000000 00000000
00:00:01.281526 Hst: 40000002/0000  00004a61 000a0000 00000007 00001c0d
00:00:01.281527 Hst: 40000003/0000  0000bfff 002bb9ff 00000002 11fffbf2
00:00:01.281527 Hst: 40000004/0000  00042d1c 00000000 00000000 00000000
00:00:01.281528 Hst: 40000005/0000  00000400 00000400 00000c90 00000000
00:00:01.281529 Hst: 40000006/0000  000200ae 00000000 00000000 00000000
00:00:01.281529 Hst: 40000007/0000  80000007 00000003 00000000 00000000
00:00:01.281530 Hst: 40000008/0000  00100001 00000001 0000cccc 00000000
00:00:01.281531 Hst: 40000009/0000  00000000 00000000 00000000 00000000
00:00:01.281531 Hst: 4000000a/0000  00000000 00000000 00000000 00000000
00:00:01.281532 Hst: 4000000b/0000  00000000 00000000 00000000 00000000
00:00:01.281533 Hst: 4000000c/0000  00000000 00000000 00000000 00000000
00:00:01.281534          Raw Extended CPUID Leaves
00:00:01.281534      Leaf/sub-leaf  eax      ebx      ecx      edx
00:00:01.281534 Gst: 80000000/0000  8000001f 68747541 444d4163 69746e65
00:00:01.281535 Hst:                8000001f 68747541 444d4163 69746e65
00:00:01.281536 Gst: 80000001/0000  00800f82 20000000 000001f1 0bc3fb3f
00:00:01.281536 Hst:                00800f82 20000000 004023f3 2fd3fbff
00:00:01.281537 Gst: 80000002/0000  20444d41 657a7952 2037206e 30303732
00:00:01.281538 Hst:                20444d41 657a7952 2037206e 30303732
00:00:01.281539 Gst: 80000003/0000  69452058 2d746867 65726f43 6f725020
00:00:01.281540 Hst:                69452058 2d746867 65726f43 6f725020
00:00:01.281540 Gst: 80000004/0000  73736563 2020726f 20202020 00202020
00:00:01.281541 Hst:                73736563 2020726f 20202020 00202020
00:00:01.281542 Gst: 80000005/0000  ff40ff40 ff40ff40 20080140 40040140
00:00:01.281543 Hst:                ff40ff40 ff40ff40 20080140 40040140
00:00:01.281543 Gst: 80000006/0000  26006400 66006400 02006140 00808140
00:00:01.281544 Hst:                26006400 66006400 02006140 00808140
00:00:01.281545 Gst: 80000007/0000  00000000 00000000 00000000 00000100
00:00:01.281546 Hst:                00000000 0000001b 00000000 00004789
00:00:01.281546 Gst: 80000008/0000  00003030 04000000 00000000 00000000
00:00:01.281547 Hst:                00003030 02000005 0000400f 00000000
00:00:01.281548 Gst: 80000009/0000  00000000 00000000 00000000 00000000
00:00:01.281548 Hst:                00000000 00000000 00000000 00000000
00:00:01.281549 Gst: 8000000a/0000  00000000 00000000 00000000 00000000
00:00:01.281549 Hst:                00000000 00000000 00000000 00000000
00:00:01.281550 Gst: 8000000b/0000  00000000 00000000 00000000 00000000
00:00:01.281551 Hst:                00000000 00000000 00000000 00000000
00:00:01.281551 Gst: 8000000c/0000  00000000 00000000 00000000 00000000
00:00:01.281552 Hst:                00000000 00000000 00000000 00000000
00:00:01.281552 Gst: 8000000d/0000  00000000 00000000 00000000 00000000
00:00:01.281553 Hst:                00000000 00000000 00000000 00000000
00:00:01.281553 Gst: 8000000e/0000  00000000 00000000 00000000 00000000
00:00:01.281554 Hst:                00000000 00000000 00000000 00000000
00:00:01.281555 Gst: 8000000f/0000  00000000 00000000 00000000 00000000
00:00:01.281555 Hst:                00000000 00000000 00000000 00000000
00:00:01.281556 Gst: 80000010/0000  00000000 00000000 00000000 00000000
00:00:01.281556 Hst:                00000000 00000000 00000000 00000000
00:00:01.281557 Gst: 80000011/0000  00000000 00000000 00000000 00000000
00:00:01.281558 Hst:                00000000 00000000 00000000 00000000
00:00:01.281558 Gst: 80000012/0000  00000000 00000000 00000000 00000000
00:00:01.281559 Hst:                00000000 00000000 00000000 00000000
00:00:01.281559 Gst: 80000013/0000  00000000 00000000 00000000 00000000
00:00:01.281560 Hst:                00000000 00000000 00000000 00000000
00:00:01.281560 Gst: 80000014/0000  00000000 00000000 00000000 00000000
00:00:01.281561 Hst:                00000000 00000000 00000000 00000000
00:00:01.281562 Gst: 80000015/0000  00000000 00000000 00000000 00000000
00:00:01.281562 Hst:                00000000 00000000 00000000 00000000
00:00:01.281563 Gst: 80000016/0000  00000000 00000000 00000000 00000000
00:00:01.281563 Hst:                00000000 00000000 00000000 00000000
00:00:01.281564 Gst: 80000017/0000  00000000 00000000 00000000 00000000
00:00:01.281564 Hst:                00000000 00000000 00000000 00000000
00:00:01.281565 Gst: 80000018/0000  00000000 00000000 00000000 00000000
00:00:01.281566 Hst:                00000000 00000000 00000000 00000000
00:00:01.281566 Gst: 80000019/0000  00000000 00000000 00000000 00000000
00:00:01.281567 Hst:                00000000 00000000 00000000 00000000
00:00:01.281567 Gst: 8000001a/0000  00000003 00000000 00000000 00000000
00:00:01.281568 Hst:                00000003 00000000 00000000 00000000
00:00:01.281568 Gst: 8000001b/0000  00000000 00000000 00000000 00000000
00:00:01.281569 Hst:                00000000 00000000 00000000 00000000
00:00:01.281570 Gst: 8000001c/0000  00000000 00000000 00000000 00000000
00:00:01.281570 Hst:                00000000 00000000 00000000 00000000
00:00:01.281571 Gst: 8000001d/0000  00000121 01c0003f 0000003f 00000000
00:00:01.281572 Hst:                00004121 01c0003f 0000003f 00000000
00:00:01.281572 Gst: 8000001d/0001  00000122 00c0003f 000000ff 00000000
00:00:01.281573 Hst:                00004122 00c0003f 000000ff 00000000
00:00:01.281574 Gst: 8000001d/0002  00000143 01c0003f 000003ff 00000002
00:00:01.281574 Hst:                00004143 01c0003f 000003ff 00000002
00:00:01.281575 Gst: 8000001d/0003  00000163 03c0003f 00001fff 00000001
00:00:01.281576 Hst:                0001c163 03c0003f 00001fff 00000001
00:00:01.281576 Gst: 8000001d/0004  00000000 00000000 00000000 00000000
00:00:01.281577 Hst:                00000000 00000000 00000000 00000000
00:00:01.281577 Gst: 8000001e/0000  00000000 00000000 00000000 00000000
00:00:01.281578 Hst:                00000001 00000100 00000000 00000000
00:00:01.281579 Gst: 8000001f/0000  00000000 00000000 00000000 00000000
00:00:01.281579 Hst:                00000000 00000000 00000000 00000000
00:00:01.281580 Ext Name:                        AuthenticAMD
00:00:01.281580 Ext Supports:                    0x80000000-0x8000001f
00:00:01.281581 Family:                          15  	Extended: 8 	Effective: 23
00:00:01.281581 Model:                           8  	Extended: 0 	Effective: 8
00:00:01.281582 Stepping:                        2
00:00:01.281582 Brand ID:                        0x000
00:00:01.281583 Ext Features
00:00:01.281583   Mnemonic - Description                                  = Guest (Host)
00:00:01.281584   FPU - x87 FPU on Chip                                   = 1 (1)
00:00:01.281585   VME - Virtual 8086 Mode Enhancements                    = 1 (1)
00:00:01.281586   DE - Debugging extensions                               = 1 (1)
00:00:01.281586   PSE - Page Size Extension                               = 1 (1)
00:00:01.281587   TSC - Time Stamp Counter                                = 1 (1)
00:00:01.281588   MSR - K86 Model Specific Registers                      = 1 (1)
00:00:01.281589   PAE - Physical Address Extension                        = 0 (1)
00:00:01.281590   MCE - Machine Check Exception                           = 0 (1)
00:00:01.281590   CX8 - CMPXCHG8B instruction                             = 1 (1)
00:00:01.281591   APIC - APIC On-Chip                                     = 1 (1)
00:00:01.281592   SEP - SYSCALL/SYSRET                                    = 1 (1)
00:00:01.281593   MTRR - Memory Type Range Registers                      = 1 (1)
00:00:01.281594   PGE - PTE Global Bit                                    = 1 (1)
00:00:01.281595   MCA - Machine Check Architecture                        = 1 (1)
00:00:01.281595   CMOV - Conditional Move instructions                    = 1 (1)
00:00:01.281596   PAT - Page Attribute Table                              = 1 (1)
00:00:01.281597   PSE-36 - 36-bit Page Size Extension                     = 1 (1)
00:00:01.281598   NX - No-Execute/Execute-Disable                         = 0 (1)
00:00:01.281598   AXMMX - AMD Extensions to MMX instructions              = 1 (1)
00:00:01.281599   MMX - Intel MMX Technology                              = 1 (1)
00:00:01.281600   FXSR - FXSAVE and FXRSTOR Instructions                  = 1 (1)
00:00:01.281601   FFXSR - AMD fast FXSAVE and FXRSTOR instructions        = 1 (1)
00:00:01.281601   Page1GB - 1 GB large page                               = 0 (1)
00:00:01.281602   RDTSCP - RDTSCP instruction                             = 1 (1)
00:00:01.281603   LM - AMD64 Long Mode                                    = 0 (1)
00:00:01.281605   3DNOWEXT - AMD Extensions to 3DNow                      = 0 (0)
00:00:01.281606   3DNOW - AMD 3DNow                                       = 0 (0)
00:00:01.281608   LahfSahf - LAHF/SAHF support in 64-bit mode             = 1 (1)
00:00:01.281609   CmpLegacy - Core multi-processing legacy mode           = 0 (1)
00:00:01.281610   SVM - AMD Secure Virtual Machine extensions             = 0 (0)
00:00:01.281610   EXTAPIC - AMD Extended APIC registers                   = 0 (0)
00:00:01.281611   CR8L - AMD LOCK MOV CR0 means MOV CR8                   = 1 (1)
00:00:01.281612   ABM - AMD Advanced Bit Manipulation                     = 1 (1)
00:00:01.281613   SSE4A - SSE4A instructions                              = 1 (1)
00:00:01.281613   MISALIGNSSE - AMD Misaligned SSE mode                   = 1 (1)
00:00:01.281614   3DNOWPRF - AMD PREFETCH and PREFETCHW instructions      = 1 (1)
00:00:01.281615   OSVW - AMD OS Visible Workaround                        = 0 (1)
00:00:01.281616   IBS - Instruct Based Sampling                           = 0 (0)
00:00:01.281616   XOP - Extended Operation support                        = 0 (0)
00:00:01.281617   SKINIT - SKINIT, STGI, and DEV support                  = 0 (0)
00:00:01.281618   WDT - AMD Watchdog Timer support                        = 0 (1)
00:00:01.281619   LWP - Lightweight Profiling support                     = 0 (0)
00:00:01.281619   FMA4 - Four operand FMA instruction support             = 0 (0)
00:00:01.281620   TCE - Translation Cache Extension support               = 0 (0)
00:00:01.281621   NodeId - NodeId in MSR C001_100C                        = 0 (0)
00:00:01.281622   TBM - Trailing Bit Manipulation instructions            = 0 (0)
00:00:01.281622   TOPOEXT - Topology Extensions                           = 0 (1)
00:00:01.281623   PRFEXTCORE - Performance Counter Extensions support     = 0 (0)
00:00:01.281624   PRFEXTNB - NB Performance Counter Extensions support    = 0 (0)
00:00:01.281624   DATABPEXT - Data-access Breakpoint Extension            = 0 (0)
00:00:01.281625   PERFTSC - Performance Time Stamp Counter                = 0 (0)
00:00:01.281626   PCX_L2I - L2I/L3 Performance Counter Extensions         = 0 (0)
00:00:01.281626   MONITORX - MWAITX and MONITORX instructions             = 0 (0)
00:00:01.281627   AddrMaskExt - BP Addressing masking extended to bit 31  = 0 (0)
00:00:01.281628 Full Name:                       "AMD Ryzen 7 2700X Eight-Core Processor         "
00:00:01.281628 TLB 2/4M Instr/Uni:              fully  64 entries
00:00:01.281628 TLB 2/4M Data:                   fully  64 entries
00:00:01.281629 TLB 4K Instr/Uni:                fully  64 entries
00:00:01.281629 TLB 4K Data:                     fully  64 entries
00:00:01.281630 L1 Instr Cache Line Size:        64 bytes
00:00:01.281630 L1 Instr Cache Lines Per Tag:    1
00:00:01.281631 L1 Instr Cache Associativity:    4 way
00:00:01.281631 L1 Instr Cache Size:             64 KB
00:00:01.281631 L1 Data Cache Line Size:         64 bytes
00:00:01.281632 L1 Data Cache Lines Per Tag:     1
00:00:01.281632 L1 Data Cache Associativity:     8 way
00:00:01.281632 L1 Data Cache Size:              32 KB
00:00:01.281633 L2 TLB 2/4M Instr/Uni:           8 way  1024 entries
00:00:01.281633 L2 TLB 2/4M Data:                2 way  1536 entries
00:00:01.281634 L2 TLB 4K Instr/Uni:             8 way  1024 entries
00:00:01.281634 L2 TLB 4K Data:                  8 way  1536 entries
00:00:01.281634 L2 Cache Line Size:              64 bytes
00:00:01.281635 L2 Cache Lines Per Tag:          1
00:00:01.281635 L2 Cache Associativity:          8 way 
00:00:01.281635 L2 Cache Size:                   512 KB
00:00:01.281637 L3 Cache Line Size:              64 bytes
00:00:01.281637 L3 Cache Lines Per Tag:          1
00:00:01.281637 L3 Cache Associativity:          16 way
00:00:01.281638 L3 Cache Size:                   16384 KB
00:00:01.281638 APM Features EDX
00:00:01.281638   Mnemonic - Description                                  = Guest (Host)
00:00:01.281641   TS - Temperature Sensor                                 = 0 (1)
00:00:01.281642   FID - Frequency ID control                              = 0 (0)
00:00:01.281642   VID - Voltage ID control                                = 0 (0)
00:00:01.281644   TTP - Thermal Trip                                      = 0 (1)
00:00:01.281645   TM - Hardware Thermal Control (HTC)                     = 0 (0)
00:00:01.281646   100MHzSteps - 100 MHz Multiplier control                = 0 (0)
00:00:01.281647   HwPstate - Hardware P-state control                     = 0 (1)
00:00:01.281647   TscInvariant - Invariant Time Stamp Counter             = 1 (1)
00:00:01.281648   CPB - Core Performance Boost                            = 0 (1)
00:00:01.281649   EffFreqRO - Read-only Effective Frequency Interface     = 0 (1)
00:00:01.281649   ProcFdbkIf - Processor Feedback Interface               = 0 (0)
00:00:01.281650   ProcPwrRep - Core power reporting interface support     = 0 (0)
00:00:01.281651   ConnectedStandby - Connected Standby                    = 0 (0)
00:00:01.281651   RAPL - Running average power limit                      = 0 (1)
00:00:01.281652 Ext Features ext IDs EBX
00:00:01.281653   Mnemonic - Description                                  = Guest (Host)
00:00:01.281654   CLZERO - Clear zero instruction (cacheline)             = 0 (1)
00:00:01.281654   IRPerf - Instructions retired count support             = 0 (0)
00:00:01.281655   XSaveErPtr - Save/restore error pointers (FXSAVE/RSTOR) = 0 (1)
00:00:01.281656   INVLPGB - INVLPGB and TLBSYNC instructions              = 0 (0)
00:00:01.281656   RDPRU - RDPRU instruction                               = 0 (0)
00:00:01.281657   BE - Bandwidth Enforcement extension                    = 0 (0)
00:00:01.281658   MCOMMIT - MCOMMIT instruction                           = 0 (0)
00:00:01.281659   WBNOINVD - WBNOINVD instruction                         = 0 (0)
00:00:01.281659   IBPB - Supports the IBPB command in IA32_PRED_CMD       = 0 (0)
00:00:01.281660   INT_WBINVD - WBINVD/WBNOINVD interruptible              = 0 (0)
00:00:01.281661   IBRS - Indirect Branch Restricted Speculation           = 0 (0)
00:00:01.281661   STIBP - Single Thread Indirect Branch Prediction        = 0 (0)
00:00:01.281662   IbrsAlwaysOn - Processor prefers that IBRS be left on   = 0 (0)
00:00:01.281663   StibpAlwaysOn - Processor prefers that STIBP be left on = 0 (0)
00:00:01.281663   IbrsPreferred - IBRS preferred over software solution   = 0 (0)
00:00:01.281664   IbrsSameMode - IBRS limits same mode speculation        = 0 (0)
00:00:01.281664   EferLmsleUnsupported - EFER.LMSLE is unsupported        = 0 (0)
00:00:01.281665   INVLPGBnestedPages - INVLPGB for nested translation     = 0 (0)
00:00:01.281666   PPIN - Protected processor inventory number             = 0 (0)
00:00:01.281666   SSBD - Speculative Store Bypass Disable                 = 0 (0)
00:00:01.281667   SsbdVirtSpecCtrl - Use VIRT_SPEC_CTL for SSBD           = 0 (1)
00:00:01.281668   SsbdNotRequired - SSBD not needed on this processor     = 1 (0)
00:00:01.281668   CPPC - Collaborative Processor Performance Control      = 0 (0)
00:00:01.281669   PSFD - Predictive Store Forward Disable                 = 0 (0)
00:00:01.281669   BTC_NO - Unaffected by branch type confusion            = 0 (0)
00:00:01.281670   IBPB_RET - Clears RA predictor when PRED_CMD.IBPB set   = 0 (0)
00:00:01.281671 Physical Address Width:          48 bits
00:00:01.281671 Virtual Address Width:           48 bits
00:00:01.281671 Guest Physical Address Width:    48 bits (0)
00:00:01.281672 Physical Core Count:             1
00:00:01.281672 APIC ID size:                    1 (0x1)
00:00:01.281672 Performance TSC size:            40 bits
00:00:01.281673 Max page count for INVLPGB:      0x3030
00:00:01.281673 Max ECX for RDPRU:               0x0
00:00:01.281674 ********************* End of CPUID dump *********************
00:00:01.281748 VMEmt: Halt method global1 (5)
00:00:01.281847 VMEmt: HaltedGlobal1 config: cNsSpinBlockThresholdCfg=50000
00:00:01.281856 Changing the VM state from 'CREATING' to 'CREATED'
00:00:01.283085 NAT: DNS settings changed, triggering update
00:00:01.283096 NAT DNS Update: Stored 1263225675 as nameserver #0
00:00:01.283100 NAT DNS Update: Stored 1280068427 as nameserver #1
00:00:01.283103 NAT DNS Update: Stored 2 total nameservers
00:00:01.283391 Changing the VM state from 'CREATED' to 'POWERING_ON'
00:00:01.283580 Changing the VM state from 'POWERING_ON' to 'RUNNING'
00:00:01.283589 Console: Machine state changed to 'Running'
00:00:01.285361 VMMDev: Guest Log: BIOS: VirtualBox 7.2.6
00:00:01.285574 PCI: Setting up resources and interrupts
00:00:01.285739 PIT: mode=2 count=0x10000 (65536) - 18.20 Hz (ch=0)
00:00:01.306828 Display::i_handleDisplayResize: uScreenId=0 pvVRAM=0000000000000000 w=720 h=400 bpp=0 cbLine=0x0 flags=0x0 origin=0,0
00:00:01.307344 VMMDev: Guest Log: CPUID EDX: 0x178bfbbf
00:00:01.307466 PIIX3 ATA: Ctl#0: RESET, DevSel=0 AIOIf=0 CmdIf0=0x00 (-1 usec ago) CmdIf1=0x00 (-1 usec ago)
00:00:01.307523 PIIX3 ATA: Ctl#0: finished processing RESET
00:00:01.307947 VMMDev: Guest Log: BIOS: ata0-0: PCHS=65/16/63 LCHS=65/16/63
00:00:01.347252 PIT: mode=2 count=0x48d3 (18643) - 64.00 Hz (ch=0)
00:00:01.350475 Display::i_handleDisplayResize: uScreenId=0 pvVRAM=0000027935800000 w=640 h=480 bpp=32 cbLine=0xA00 flags=0x0 origin=0,0
00:00:01.426479 VBoxHeadless: starting event loop
00:00:03.822145 PIT: mode=2 count=0x10000 (65536) - 18.20 Hz (ch=0)
00:00:03.822373 VMMDev: Guest Log: BIOS: Boot : bseqnr=1, bootseq=0002
00:00:03.822685 VMMDev: Guest Log: BIOS: Booting from Hard Disk...
00:00:03.826056 Display::i_handleDisplayResize: uScreenId=0 pvVRAM=0000000000000000 w=720 h=400 bpp=0 cbLine=0x0 flags=0x0 origin=0,0
00:00:03.837402 WasAPI: Looking up or creating cache entry (caching is set to enabled, iface 000002792c951800, async init)
00:00:03.837479 Audio: Warning: Scheduling hint of stream '[WasAPI] Output:0' is bigger (1000ms) than used period size (0ms)
00:00:03.837592 Audio Mixer: Setting sink 'SB16 Mixer/PCM Output' -- channel volumes: ba ba ba ba ba ba ba ba ba ba ba ba
00:00:03.847529 Display::i_handleDisplayResize: uScreenId=0 pvVRAM=0000027935800000 w=640 h=400 bpp=0 cbLine=0x140 flags=0x0 origin=0,0
