00:00:00.453141 VirtualBox VM 7.0.10 r158379 win.amd64 (Jul 12 2023 18:34:34) release log
00:00:00.453143 Log opened 2026-04-09T01:55:28.290713500Z
00:00:00.453144 Build Type: release
00:00:00.453147 OS Product: Windows 10
00:00:00.453148 OS Release: 10.0.19045
00:00:00.453148 OS Service Pack: 
00:00:00.525008 DMI Product Name: System Product Name
00:00:00.528104 DMI Product Version: System Version
00:00:00.528121 Firmware type: UEFI
00:00:00.528666 Secure Boot: VERR_PRIVILEGE_NOT_HELD
00:00:00.528685 Host RAM: 32692MB (31.9GB) total, 11934MB (11.6GB) available
00:00:00.528688 Executable: C:\Program Files\Oracle\VirtualBox\VBoxHeadless.exe
00:00:00.528688 Process ID: 45012
00:00:00.528689 Package type: WINDOWS_64BITS_GENERIC
00:00:00.529304 Installed Extension Packs:
00:00:00.529317   None installed!
00:00:00.529988 Console: Machine state changed to 'Starting'
00:00:00.646276 SUP: seg #0: R   0x00000000 LB 0x00001000
00:00:00.646295 SUP: seg #1: R X 0x00001000 LB 0x00179000
00:00:00.646299 SUP: seg #2: R   0x0017a000 LB 0x00051000
00:00:00.646303 SUP: seg #3: RW  0x001cb000 LB 0x00013000
00:00:00.646307 SUP: seg #4: R   0x001de000 LB 0x00011000
00:00:00.646310 SUP: seg #5: RW  0x001ef000 LB 0x00004000
00:00:00.646313 SUP: seg #6: R   0x001f3000 LB 0x00010000
00:00:00.646316 SUP: seg #7: R X 0x00203000 LB 0x00002000
00:00:00.646320 SUP: seg #8: R   0x00205000 LB 0x00007000
00:00:00.650317 SUP: Loaded VMMR0.r0 (C:\Program Files\Oracle\VirtualBox/VMMR0.r0) at 0xXXXXXXXXXXXXXXXX - ModuleInit at XXXXXXXXXXXXXXXX and ModuleTerm at XXXXXXXXXXXXXXXX using the native ring-0 loader
00:00:00.650356 SUP: VMMR0EntryEx located at XXXXXXXXXXXXXXXX and VMMR0EntryFast at XXXXXXXXXXXXXXXX
00:00:00.650360 SUP: windbg> .reload /f C:\Program Files\Oracle\VirtualBox/VMMR0.r0=0xXXXXXXXXXXXXXXXX
00:00:00.653687 Guest OS type: 'Other'
00:00:00.654317 fHMForced=true - No raw-mode support in this build!
00:00:00.656520 File system of 'C:\Users\RhythmicCarnage\Desktop\CyberStorm\build\cyberstorm.vfd' (Floppy) is ntfs
00:00:00.660209 Audio: Detected default audio driver type is 'HostAudioWas'
00:00:00.680699 Shared Clipboard: Service loaded
00:00:00.680721 Shared Clipboard: Mode: Off
00:00:00.680762 Shared Clipboard: Service running in headless mode
00:00:00.698380 Drag and drop service loaded
00:00:00.698395 Drag and drop mode: Off
00:00:00.859554 ************************* CFGM dump *************************
00:00:00.859559 [/] (level 0)
00:00:00.859562   CpuExecutionCap   <integer> = 0x0000000000000064 (100)
00:00:00.859564   EnablePAE         <integer> = 0x0000000000000001 (1)
00:00:00.859565   HMEnabled         <integer> = 0x0000000000000001 (1)
00:00:00.859566   MemBalloonSize    <integer> = 0x0000000000000000 (0, 0 B)
00:00:00.859570   Name              <string>  = "CyberStorm" (cb=11)
00:00:00.859571   NumCPUs           <integer> = 0x0000000000000001 (1)
00:00:00.859572   PageFusionAllowed <integer> = 0x0000000000000000 (0)
00:00:00.859573   RamHoleSize       <integer> = 0x0000000020000000 (536 870 912, 512.0 MiB)
00:00:00.859574   RamSize           <integer> = 0x0000000002000000 (33 554 432, 32.0 MiB)
00:00:00.859576   TimerMillies      <integer> = 0x000000000000000a (10)
00:00:00.859576   UUID              <bytes>   = "75 b0 7c df 1a 2f 71 4b 85 ae ff 02 41 ab ec 31" (cb=16)
00:00:00.859581 
00:00:00.859581 [/CPUM/] (level 1)
00:00:00.859582   Enable64bit        <integer> = 0x0000000000000000 (0)
00:00:00.859583   GuestCpuName       <string>  = "host" (cb=5)
00:00:00.859584   NestedHWVirt       <integer> = 0x0000000000000000 (0)
00:00:00.859585   PortableCpuIdLevel <integer> = 0x0000000000000000 (0)
00:00:00.859585   SpecCtrl           <integer> = 0x0000000000000000 (0)
00:00:00.859586 
00:00:00.859586 [/CPUM/IsaExts/] (level 2)
00:00:00.859587 
00:00:00.859587 [/DBGC/] (level 1)
00:00:00.859589   GlobalInitScript <string>  = "C:\Users\RhythmicCarnage\.VirtualBox/dbgc-init" (cb=47)
00:00:00.859589   HistoryFile      <string>  = "C:\Users\RhythmicCarnage\.VirtualBox/dbgc-history" (cb=50)
00:00:00.859590   LocalInitScript  <string>  = "C:\Users\RhythmicCarnage\Desktop\CyberStorm\deploy\virtualbox\CyberStorm/dbgc-init" (cb=83)
00:00:00.859591 
00:00:00.859591 [/DBGF/] (level 1)
00:00:00.859592   Path <string>  = "C:\Users\RhythmicCarnage\Desktop\CyberStorm\deploy\virtualbox\CyberStorm/debug/;C:\Users\RhythmicCarnage\Desktop\CyberStorm\deploy\virtualbox\CyberStorm/;cache*C:\Users\RhythmicCarnage\Desktop\CyberStorm\deploy\virtualbox\CyberStorm/dbgcache/;C:\Users\RhythmicCarnage\" (cb=269)
00:00:00.859593 
00:00:00.859593 [/Devices/] (level 1)
00:00:00.859594 
00:00:00.859594 [/Devices/3c501/] (level 2)
00:00:00.859595 
00:00:00.859595 [/Devices/8237A/] (level 2)
00:00:00.859596 
00:00:00.859596 [/Devices/8237A/0/] (level 3)
00:00:00.859597   Trusted <integer> = 0x0000000000000001 (1)
00:00:00.859598 
00:00:00.859598 [/Devices/VMMDev/] (level 2)
00:00:00.859599 
00:00:00.859599 [/Devices/VMMDev/0/] (level 3)
00:00:00.859601   PCIBusNo      <integer> = 0x0000000000000000 (0)
00:00:00.859601   PCIDeviceNo   <integer> = 0x0000000000000004 (4)
00:00:00.859602   PCIFunctionNo <integer> = 0x0000000000000000 (0)
00:00:00.859603   Trusted       <integer> = 0x0000000000000001 (1)
00:00:00.859603 
00:00:00.859603 [/Devices/VMMDev/0/Config/] (level 4)
00:00:00.859605   GuestCoreDumpDir <string>  = "C:\Users\RhythmicCarnage\Desktop\CyberStorm\deploy\virtualbox\CyberStorm\Snapshots" (cb=83)
00:00:00.859605 
00:00:00.859606 [/Devices/VMMDev/0/LUN#0/] (level 4)
00:00:00.859607   Driver <string>  = "HGCM" (cb=5)
00:00:00.859607 
00:00:00.859608 [/Devices/VMMDev/0/LUN#0/Config/] (level 5)
00:00:00.859609 
00:00:00.859609 [/Devices/VMMDev/0/LUN#999/] (level 4)
00:00:00.859610   Driver <string>  = "MainStatus" (cb=11)
00:00:00.859611 
00:00:00.859611 [/Devices/VMMDev/0/LUN#999/Config/] (level 5)
00:00:00.859613   First                <integer> = 0x0000000000000000 (0)
00:00:00.859613   HasMediumAttachments <integer> = 0x0000000000000000 (0)
00:00:00.859614   Last                 <integer> = 0x0000000000000000 (0)
00:00:00.859615   iLedSet              <integer> = 0x0000000000000003 (3)
00:00:00.859615 
00:00:00.859616 [/Devices/acpi/] (level 2)
00:00:00.859617 
00:00:00.859617 [/Devices/acpi/0/] (level 3)
00:00:00.859618   PCIBusNo      <integer> = 0x0000000000000000 (0)
00:00:00.859619   PCIDeviceNo   <integer> = 0x0000000000000007 (7)
00:00:00.859619   PCIFunctionNo <integer> = 0x0000000000000000 (0)
00:00:00.859620   Trusted       <integer> = 0x0000000000000001 (1)
00:00:00.859621 
00:00:00.859621 [/Devices/acpi/0/Config/] (level 4)
00:00:00.859623   CpuHotPlug          <integer> = 0x0000000000000000 (0)
00:00:00.859624   FdcEnabled          <integer> = 0x0000000000000001 (1)
00:00:00.859624   HostBusPciAddress   <integer> = 0x0000000000000000 (0)
00:00:00.859625   HpetEnabled         <integer> = 0x0000000000000000 (0)
00:00:00.859625   IOAPIC              <integer> = 0x0000000000000000 (0)
00:00:00.859626   IocPciAddress       <integer> = 0x0000000000010000 (65 536)
00:00:00.859627   NumCPUs             <integer> = 0x0000000000000001 (1)
00:00:00.859628   Parallel0IoPortBase <integer> = 0x0000000000000000 (0)
00:00:00.859628   Parallel0Irq        <integer> = 0x0000000000000000 (0)
00:00:00.859629   Parallel1IoPortBase <integer> = 0x0000000000000000 (0)
00:00:00.859629   Parallel1Irq        <integer> = 0x0000000000000000 (0)
00:00:00.859630   Serial0IoPortBase   <integer> = 0x0000000000000000 (0)
00:00:00.859631   Serial0Irq          <integer> = 0x0000000000000000 (0)
00:00:00.859631   Serial1IoPortBase   <integer> = 0x0000000000000000 (0)
00:00:00.859632   Serial1Irq          <integer> = 0x0000000000000000 (0)
00:00:00.859632   ShowCpu             <integer> = 0x0000000000000000 (0)
00:00:00.859633   ShowRtc             <integer> = 0x0000000000000000 (0)
00:00:00.859634   SmcEnabled          <integer> = 0x0000000000000000 (0)
00:00:00.859634 
00:00:00.859635 [/Devices/acpi/0/LUN#0/] (level 4)
00:00:00.859636   Driver <string>  = "ACPIHost" (cb=9)
00:00:00.859637 
00:00:00.859637 [/Devices/acpi/0/LUN#0/Config/] (level 5)
00:00:00.859638 
00:00:00.859638 [/Devices/apic/] (level 2)
00:00:00.859639 
00:00:00.859639 [/Devices/apic/0/] (level 3)
00:00:00.859640   Trusted <integer> = 0x0000000000000001 (1)
00:00:00.859641 
00:00:00.859641 [/Devices/apic/0/Config/] (level 4)
00:00:00.859642   IOAPIC  <integer> = 0x0000000000000000 (0)
00:00:00.859643   Mode    <integer> = 0x0000000000000002 (2)
00:00:00.859643   NumCPUs <integer> = 0x0000000000000001 (1)
00:00:00.859644 
00:00:00.859644 [/Devices/dp8390/] (level 2)
00:00:00.859645 
00:00:00.859645 [/Devices/e1000/] (level 2)
00:00:00.859646 
00:00:00.859646 [/Devices/i82078/] (level 2)
00:00:00.859647 
00:00:00.859647 [/Devices/i82078/0/] (level 3)
00:00:00.859648   Trusted <integer> = 0x0000000000000001 (1)
00:00:00.859649 
00:00:00.859649 [/Devices/i82078/0/Config/] (level 4)
00:00:00.859650   DMA       <integer> = 0x0000000000000002 (2)
00:00:00.859651   IOBase    <integer> = 0x00000000000003f0 (1 008)
00:00:00.859651   IRQ       <integer> = 0x0000000000000006 (6)
00:00:00.859652   MemMapped <integer> = 0x0000000000000000 (0)
00:00:00.859653 
00:00:00.859653 [/Devices/i82078/0/LUN#0/] (level 4)
00:00:00.859654   Driver <string>  = "VD" (cb=3)
00:00:00.859655 
00:00:00.859655 [/Devices/i82078/0/LUN#0/Config/] (level 5)
00:00:00.859657   Format        <string>  = "RAW" (cb=4)
00:00:00.859657   MaybeReadOnly <integer> = 0x0000000000000001 (1)
00:00:00.859658   Mountable     <integer> = 0x0000000000000001 (1)
00:00:00.859658   Path          <string>  = "C:\Users\RhythmicCarnage\Desktop\CyberStorm\build\cyberstorm.vfd" (cb=65)
00:00:00.859659   Type          <string>  = "Floppy 1.44" (cb=12)
00:00:00.859660 
00:00:00.859660 [/Devices/i82078/0/LUN#999/] (level 4)
00:00:00.859661   Driver <string>  = "MainStatus" (cb=11)
00:00:00.859662 
00:00:00.859662 [/Devices/i82078/0/LUN#999/Config/] (level 5)
00:00:00.859663   DeviceInstance       <string>  = "i82078/0" (cb=9)
00:00:00.859664   First                <integer> = 0x0000000000000000 (0)
00:00:00.859665   HasMediumAttachments <integer> = 0x0000000000000001 (1)
00:00:00.859665   Last                 <integer> = 0x0000000000000001 (1)
00:00:00.859666   iLedSet              <integer> = 0x0000000000000001 (1)
00:00:00.859667 
00:00:00.859667 [/Devices/i8254/] (level 2)
00:00:00.859668 
00:00:00.859668 [/Devices/i8254/0/] (level 3)
00:00:00.859669 
00:00:00.859669 [/Devices/i8254/0/Config/] (level 4)
00:00:00.859670 
00:00:00.859670 [/Devices/i8259/] (level 2)
00:00:00.859671 
00:00:00.859671 [/Devices/i8259/0/] (level 3)
00:00:00.859672   Trusted <integer> = 0x0000000000000001 (1)
00:00:00.859673 
00:00:00.859673 [/Devices/i8259/0/Config/] (level 4)
00:00:00.859674 
00:00:00.859674 [/Devices/mc146818/] (level 2)
00:00:00.859675 
00:00:00.859675 [/Devices/mc146818/0/] (level 3)
00:00:00.859676 
00:00:00.859676 [/Devices/mc146818/0/Config/] (level 4)
00:00:00.859677   UseUTC <integer> = 0x0000000000000000 (0)
00:00:00.859678 
00:00:00.859678 [/Devices/parallel/] (level 2)
00:00:00.859679 
00:00:00.859679 [/Devices/pcarch/] (level 2)
00:00:00.859680 
00:00:00.859680 [/Devices/pcarch/0/] (level 3)
00:00:00.859681   Trusted <integer> = 0x0000000000000001 (1)
00:00:00.859682 
00:00:00.859682 [/Devices/pcarch/0/Config/] (level 4)
00:00:00.859683 
00:00:00.859683 [/Devices/pcbios/] (level 2)
00:00:00.859684 
00:00:00.859684 [/Devices/pcbios/0/] (level 3)
00:00:00.859685   Trusted <integer> = 0x0000000000000001 (1)
00:00:00.859685 
00:00:00.859686 [/Devices/pcbios/0/Config/] (level 4)
00:00:00.859687   APIC           <integer> = 0x0000000000000001 (1)
00:00:00.859688   BootDevice0    <string>  = "FLOPPY" (cb=7)
00:00:00.859688   BootDevice1    <string>  = "NONE" (cb=5)
00:00:00.859689   BootDevice2    <string>  = "NONE" (cb=5)
00:00:00.859689   BootDevice3    <string>  = "NONE" (cb=5)
00:00:00.859690   FloppyDevice   <string>  = "i82078" (cb=7)
00:00:00.859690   HardDiskDevice <string>  = "piix3ide" (cb=9)
00:00:00.859691   IOAPIC         <integer> = 0x0000000000000000 (0)
00:00:00.859692   McfgBase       <integer> = 0x0000000000000000 (0)
00:00:00.859692   McfgLength     <integer> = 0x0000000000000000 (0)
00:00:00.859693   NumCPUs        <integer> = 0x0000000000000001 (1)
00:00:00.859694   PXEDebug       <integer> = 0x0000000000000000 (0)
00:00:00.859694   UUID           <bytes>   = "75 b0 7c df 1a 2f 71 4b 85 ae ff 02 41 ab ec 31" (cb=16)
00:00:00.859696   UuidLe         <integer> = 0x0000000000000001 (1)
00:00:00.859697 
00:00:00.859697 [/Devices/pcbios/0/Config/NetBoot/] (level 5)
00:00:00.859698 
00:00:00.859698 [/Devices/pcbios/0/Config/NetBoot/0/] (level 6)
00:00:00.859700   NIC           <integer> = 0x0000000000000000 (0)
00:00:00.859701   PCIBusNo      <integer> = 0x0000000000000000 (0)
00:00:00.859701   PCIDeviceNo   <integer> = 0x0000000000000003 (3)
00:00:00.859702   PCIFunctionNo <integer> = 0x0000000000000000 (0)
00:00:00.859702 
00:00:00.859703 [/Devices/pci/] (level 2)
00:00:00.859703 
00:00:00.859704 [/Devices/pci/0/] (level 3)
00:00:00.859705   Trusted <integer> = 0x0000000000000001 (1)
00:00:00.859705 
00:00:00.859705 [/Devices/pci/0/Config/] (level 4)
00:00:00.859706   IOAPIC <integer> = 0x0000000000000000 (0)
00:00:00.859707 
00:00:00.859707 [/Devices/pcibridge/] (level 2)
00:00:00.859708 
00:00:00.859708 [/Devices/pckbd/] (level 2)
00:00:00.859709 
00:00:00.859709 [/Devices/pckbd/0/] (level 3)
00:00:00.859710   Trusted <integer> = 0x0000000000000001 (1)
00:00:00.859711 
00:00:00.859711 [/Devices/pckbd/0/Config/] (level 4)
00:00:00.859712 
00:00:00.859712 [/Devices/pckbd/0/LUN#0/] (level 4)
00:00:00.859713   Driver <string>  = "KeyboardQueue" (cb=14)
00:00:00.859714 
00:00:00.859714 [/Devices/pckbd/0/LUN#0/AttachedDriver/] (level 5)
00:00:00.859715   Driver <string>  = "MainKeyboard" (cb=13)
00:00:00.859716 
00:00:00.859716 [/Devices/pckbd/0/LUN#0/Config/] (level 5)
00:00:00.859717   QueueSize <integer> = 0x0000000000000040 (64, 64 B)
00:00:00.859718 
00:00:00.859719 [/Devices/pckbd/0/LUN#1/] (level 4)
00:00:00.859720   Driver <string>  = "MouseQueue" (cb=11)
00:00:00.859720 
00:00:00.859720 [/Devices/pckbd/0/LUN#1/AttachedDriver/] (level 5)
00:00:00.859722   Driver <string>  = "MainMouse" (cb=10)
00:00:00.859722 
00:00:00.859722 [/Devices/pckbd/0/LUN#1/Config/] (level 5)
00:00:00.859724   QueueSize <integer> = 0x0000000000000080 (128, 128 B)
00:00:00.859724 
00:00:00.859725 [/Devices/pcnet/] (level 2)
00:00:00.859725 
00:00:00.859726 [/Devices/pcnet/0/] (level 3)
00:00:00.859727   PCIBusNo      <integer> = 0x0000000000000000 (0)
00:00:00.859727   PCIDeviceNo   <integer> = 0x0000000000000003 (3)
00:00:00.859728   PCIFunctionNo <integer> = 0x0000000000000000 (0)
00:00:00.859729   Trusted       <integer> = 0x0000000000000001 (1)
00:00:00.859729 
00:00:00.859730 [/Devices/pcnet/0/Config/] (level 4)
00:00:00.859731   CableConnected <integer> = 0x0000000000000001 (1)
00:00:00.859731   ChipType       <string>  = "Am79C973" (cb=9)
00:00:00.859732   LineSpeed      <integer> = 0x0000000000000000 (0)
00:00:00.859733   MAC            <bytes>   = "08 00 27 7d 6e 85" (cb=6)
00:00:00.859734 
00:00:00.859734 [/Devices/pcnet/0/LUN#0/] (level 4)
00:00:00.859735   Driver <string>  = "NAT" (cb=4)
00:00:00.859736 
00:00:00.859736 [/Devices/pcnet/0/LUN#0/Config/] (level 5)
00:00:00.859737   AliasMode          <integer> = 0x0000000000000000 (0)
00:00:00.859738   BootFile           <string>  = "CyberStorm.pxe" (cb=15)
00:00:00.859739   DNSProxy           <integer> = 0x0000000000000000 (0)
00:00:00.859740   LocalhostReachable <integer> = 0x0000000000000001 (1)
00:00:00.859740   Network            <string>  = "10.0.2.0/24" (cb=12)
00:00:00.859741   PassDomain         <integer> = 0x0000000000000001 (1)
00:00:00.859742   TFTPPrefix         <string>  = "C:\Users\RhythmicCarnage\.VirtualBox\TFTP" (cb=42)
00:00:00.859742   UseHostResolver    <integer> = 0x0000000000000000 (0)
00:00:00.859743 
00:00:00.859743 [/Devices/pcnet/0/LUN#999/] (level 4)
00:00:00.859744   Driver <string>  = "MainStatus" (cb=11)
00:00:00.859745 
00:00:00.859745 [/Devices/pcnet/0/LUN#999/Config/] (level 5)
00:00:00.859746   First                <integer> = 0x0000000000000000 (0)
00:00:00.859747   HasMediumAttachments <integer> = 0x0000000000000000 (0)
00:00:00.859747   Last                 <integer> = 0x0000000000000000 (0)
00:00:00.859748   iLedSet              <integer> = 0x0000000000000002 (2)
00:00:00.859749 
00:00:00.859749 [/Devices/sb16/] (level 2)
00:00:00.859750 
00:00:00.859750 [/Devices/sb16/0/] (level 3)
00:00:00.859751   Trusted <integer> = 0x0000000000000001 (1)
00:00:00.859751 
00:00:00.859752 [/Devices/sb16/0/AudioConfig/] (level 4)
00:00:00.859753 
00:00:00.859753 [/Devices/sb16/0/Config/] (level 4)
00:00:00.859754   DMA          <integer> = 0x0000000000000001 (1)
00:00:00.859755   DMA16        <integer> = 0x0000000000000005 (5)
00:00:00.859756   DebugEnabled <integer> = 0x0000000000000000 (0)
00:00:00.859756   IRQ          <integer> = 0x0000000000000005 (5)
00:00:00.859757   Port         <integer> = 0x0000000000000220 (544)
00:00:00.859758   Version      <integer> = 0x0000000000000405 (1 029)
00:00:00.859758 
00:00:00.859758 [/Devices/sb16/0/LUN#0/] (level 4)
00:00:00.859759   Driver <string>  = "AUDIO" (cb=6)
00:00:00.859760 
00:00:00.859760 [/Devices/sb16/0/LUN#0/AttachedDriver/] (level 5)
00:00:00.859761   Driver <string>  = "HostAudioWas" (cb=13)
00:00:00.859762 
00:00:00.859762 [/Devices/sb16/0/LUN#0/AttachedDriver/Config/] (level 6)
00:00:00.859764   VmName <string>  = "CyberStorm" (cb=11)
00:00:00.859764   VmUuid <string>  = "df7cb075-2f1a-4b71-85ae-ff0241abec31" (cb=37)
00:00:00.859765 
00:00:00.859765 [/Devices/sb16/0/LUN#0/Config/] (level 5)
00:00:00.859766   DriverName    <string>  = "HostAudioWas" (cb=13)
00:00:00.859767   InputEnabled  <integer> = 0x0000000000000000 (0)
00:00:00.859768   OutputEnabled <integer> = 0x0000000000000001 (1)
00:00:00.859768 
00:00:00.859768 [/Devices/sb16/0/LUN#1/] (level 4)
00:00:00.859769   Driver <string>  = "AUDIO" (cb=6)
00:00:00.859770 
00:00:00.859770 [/Devices/sb16/0/LUN#2/] (level 4)
00:00:00.859771   Driver <string>  = "AUDIO" (cb=6)
00:00:00.859772 
00:00:00.859772 [/Devices/serial/] (level 2)
00:00:00.859772 
00:00:00.859773 [/Devices/vga/] (level 2)
00:00:00.859773 
00:00:00.859774 [/Devices/vga/0/] (level 3)
00:00:00.859775   PCIBusNo      <integer> = 0x0000000000000000 (0)
00:00:00.859775   PCIDeviceNo   <integer> = 0x0000000000000002 (2)
00:00:00.859776   PCIFunctionNo <integer> = 0x0000000000000000 (0)
00:00:00.859776   Trusted       <integer> = 0x0000000000000001 (1)
00:00:00.859777 
00:00:00.859777 [/Devices/vga/0/Config/] (level 4)
00:00:00.859779   3DEnabled        <integer> = 0x0000000000000000 (0)
00:00:00.859779   CustomVideoModes <integer> = 0x0000000000000000 (0)
00:00:00.859780   FadeIn           <integer> = 0x0000000000000001 (1)
00:00:00.859781   FadeOut          <integer> = 0x0000000000000001 (1)
00:00:00.859781   HeightReduction  <integer> = 0x0000000000000000 (0)
00:00:00.859782   LogoFile         <string>  = "" (cb=1)
00:00:00.859782   LogoTime         <integer> = 0x0000000000000000 (0)
00:00:00.859783   MonitorCount     <integer> = 0x0000000000000001 (1)
00:00:00.859784   ShowBootMenu     <integer> = 0x0000000000000002 (2)
00:00:00.859784   VRamSize         <integer> = 0x0000000000800000 (8 388 608, 8.0 MiB)
00:00:00.859785 
00:00:00.859786 [/Devices/vga/0/LUN#0/] (level 4)
00:00:00.859787   Driver <string>  = "MainDisplay" (cb=12)
00:00:00.859787 
00:00:00.859787 [/Devices/vga/0/LUN#0/Config/] (level 5)
00:00:00.859788 
00:00:00.859789 [/Devices/vga/0/LUN#999/] (level 4)
00:00:00.859790   Driver <string>  = "MainStatus" (cb=11)
00:00:00.859790 
00:00:00.859790 [/Devices/vga/0/LUN#999/Config/] (level 5)
00:00:00.859792   First                <integer> = 0x0000000000000000 (0)
00:00:00.859792   HasMediumAttachments <integer> = 0x0000000000000000 (0)
00:00:00.859793   Last                 <integer> = 0x0000000000000000 (0)
00:00:00.859794   iLedSet              <integer> = 0x0000000000000000 (0)
00:00:00.859795 
00:00:00.859795 [/Devices/virtio-net/] (level 2)
00:00:00.859796 
00:00:00.859796 [/EM/] (level 1)
00:00:00.859796   TripleFaultReset <integer> = 0x0000000000000000 (0)
00:00:00.859797 
00:00:00.859797 [/GCM/] (level 1)
00:00:00.859798   FixerSet <integer> = 0x0000000000000000 (0)
00:00:00.859798 
00:00:00.859799 [/GIM/] (level 1)
00:00:00.859799   Provider <string>  = "None" (cb=5)
00:00:00.859800 
00:00:00.859800 [/HM/] (level 1)
00:00:00.859801   64bitEnabled        <integer> = 0x0000000000000000 (0)
00:00:00.859802   EnableLargePages    <integer> = 0x0000000000000001 (1)
00:00:00.859802   EnableNestedPaging  <integer> = 0x0000000000000001 (1)
00:00:00.859803   EnableUX            <integer> = 0x0000000000000001 (1)
00:00:00.859804   EnableVPID          <integer> = 0x0000000000000001 (1)
00:00:00.859804   Exclusive           <integer> = 0x0000000000000000 (0)
00:00:00.859805   HMForced            <integer> = 0x0000000000000001 (1)
00:00:00.859806   IBPBOnVMEntry       <integer> = 0x0000000000000000 (0)
00:00:00.859806   IBPBOnVMExit        <integer> = 0x0000000000000000 (0)
00:00:00.859807   L1DFlushOnSched     <integer> = 0x0000000000000001 (1)
00:00:00.859807   L1DFlushOnVMEntry   <integer> = 0x0000000000000000 (0)
00:00:00.859808   MDSClearOnSched     <integer> = 0x0000000000000001 (1)
00:00:00.859809   MDSClearOnVMEntry   <integer> = 0x0000000000000000 (0)
00:00:00.859809   SpecCtrlByHost      <integer> = 0x0000000000000000 (0)
00:00:00.859810   SvmVirtVmsaveVmload <integer> = 0x0000000000000000 (0)
00:00:00.859810   UseNEMInstead       <integer> = 0x0000000000000000 (0)
00:00:00.859811 
00:00:00.859811 [/MM/] (level 1)
00:00:00.859812   CanUseLargerHeap <integer> = 0x0000000000000000 (0)
00:00:00.859813 
00:00:00.859813 [/NEM/] (level 1)
00:00:00.859814   Allow64BitGuests <integer> = 0x0000000000000000 (0)
00:00:00.859814 
00:00:00.859814 [/PDM/] (level 1)
00:00:00.859815 
00:00:00.859815 [/PDM/AsyncCompletion/] (level 2)
00:00:00.859816 
00:00:00.859816 [/PDM/AsyncCompletion/File/] (level 3)
00:00:00.859817 
00:00:00.859817 [/PDM/AsyncCompletion/File/BwGroups/] (level 4)
00:00:00.859818 
00:00:00.859819 [/PDM/BlkCache/] (level 2)
00:00:00.859819   CacheSize <integer> = 0x0000000000500000 (5 242 880, 5.0 MiB)
00:00:00.859820 
00:00:00.859820 [/PDM/Devices/] (level 2)
00:00:00.859821 
00:00:00.859821 [/PDM/Drivers/] (level 2)
00:00:00.859822 
00:00:00.859822 [/PDM/Drivers/VBoxC/] (level 3)
00:00:00.859823   Path <string>  = "VBoxC" (cb=6)
00:00:00.859824 
00:00:00.859824 [/PDM/NetworkShaper/] (level 2)
00:00:00.859825 
00:00:00.859825 [/PDM/NetworkShaper/BwGroups/] (level 3)
00:00:00.859826 
00:00:00.859826 [/TM/] (level 1)
00:00:00.859827   UTCOffset <integer> = 0x0000000000000000 (0)
00:00:00.859827 
00:00:00.859828 ********************* End of CFGM dump **********************
00:00:00.859888 HM: HMR3Init: Attempting fall back to NEM: AMD-V is not available
00:00:00.922612 NEM:  info: Found optional import WinHvPlatform.dll!WHvQueryGpaRangeDirtyBitmap.
00:00:00.922631 NEM:  info: Found optional import vid.dll!VidGetHvPartitionId.
00:00:00.922636 NEM:  info: Found optional import vid.dll!VidGetPartitionProperty.
00:00:00.922698 NEM: WHvCapabilityCodeHypervisorPresent is TRUE, so this might work...
00:00:00.922704 NEM: WHvCapabilityCodeExtendedVmExits      = 0x00000000000003ff
00:00:00.922708 NEM:                       fExtendedMsrExit: 1
00:00:00.922716 NEM:                     fExtendedCpuIdExit: 1
00:00:00.922720 NEM:                      fExtendedXcptExit: 1
00:00:00.922724 NEM: Warning! Unknown VM exit definitions: 0x3ff
00:00:00.922728 NEM: Warning! Unknown feature definitions: 0x7f
00:00:00.922731 NEM: Supported exception exit bitmap: 0xf7dfb
00:00:00.922737 NEM: WHvCapabilityCodeProcessorVendor      = 0 - AMD
00:00:00.922745 NEM: WHvCapabilityCodeProcessorFeatures    = 0x000006cb66f39fbf
00:00:00.922749 NEM:                            Sse3Support: 1
00:00:00.922810 NEM:                        LahfSahfSupport: 1
00:00:00.922816 NEM:                           Ssse3Support: 1
00:00:00.922820 NEM:                          Sse4_1Support: 1
00:00:00.922823 NEM:                          Sse4_2Support: 1
00:00:00.922826 NEM:                           Sse4aSupport: 1
00:00:00.922830 NEM:                             XopSupport: 0
00:00:00.922833 NEM:                          PopCntSupport: 1
00:00:00.922836 NEM:                      Cmpxchg16bSupport: 1
00:00:00.922839 NEM:                       Altmovcr8Support: 1
00:00:00.922842 NEM:                           LzcntSupport: 1
00:00:00.922846 NEM:                     MisAlignSseSupport: 1
00:00:00.922849 NEM:                          MmxExtSupport: 1
00:00:00.922852 NEM:                        Amd3DNowSupport: 0
00:00:00.922855 NEM:                ExtendedAmd3DNowSupport: 0
00:00:00.922858 NEM:                         Page1GbSupport: 1
00:00:00.922861 NEM:                             AesSupport: 1
00:00:00.922865 NEM:                       PclmulqdqSupport: 1
00:00:00.922868 NEM:                            PcidSupport: 0
00:00:00.922871 NEM:                            Fma4Support: 0
00:00:00.922874 NEM:                            F16CSupport: 1
00:00:00.922877 NEM:                          RdRandSupport: 1
00:00:00.922881 NEM:                        RdWrFsGsSupport: 1
00:00:00.922884 NEM:                            SmepSupport: 1
00:00:00.922887 NEM:              EnhancedFastStringSupport: 0
00:00:00.922890 NEM:                            Bmi1Support: 1
00:00:00.922893 NEM:                            Bmi2Support: 1
00:00:00.922896 NEM:                           MovbeSupport: 1
00:00:00.922900 NEM:                          Npiep1Support: 1
00:00:00.922903 NEM:                   DepX87FPUSaveSupport: 0
00:00:00.922906 NEM:                          RdSeedSupport: 1
00:00:00.922909 NEM:                             AdxSupport: 1
00:00:00.922912 NEM:                   IntelPrefetchSupport: 0
00:00:00.922915 NEM:                            SmapSupport: 1
00:00:00.922919 NEM:                             HleSupport: 0
00:00:00.922922 NEM:                             RtmSupport: 0
00:00:00.922925 NEM:                          RdtscpSupport: 1
00:00:00.922928 NEM:                      ClflushoptSupport: 1
00:00:00.922931 NEM:                            ClwbSupport: 0
00:00:00.922934 NEM:                             ShaSupport: 1
00:00:00.922937 NEM:                X87PointersSavedSupport: 1
00:00:00.922944 NEM: WHvCapabilityCodeProcessorClFlushSize = 2^8
00:00:00.922948 NEM: Warning! Unknown capability 0x4 returning: 3f 00 00 00 00 00 00 00 00 00 00 00 00 00 00 00 00 00 00 00 00 00 00 00
00:00:00.923407 NEM: Warning! Unknown capability 0x1003 returning: 1f 38 00 00 00 00 00 00 00 00 00 00 00 00 00 00 00 00 00 00 00 00 00 00
00:00:00.923419 NEM: Warning! Unknown capability 0x1004 returning: cd 76 82 e2 00 00 00 00 00 00 00 00 00 00 00 00 00 00 00 00 00 00 00 00
00:00:00.923425 NEM: Warning! Unknown capability 0x1005 returning: 00 c2 eb 0b 00 00 00 00 00 00 00 00 00 00 00 00 00 00 00 00 00 00 00 00
00:00:00.923430 NEM: Warning! Unknown capability 0x1006 returning: 02 00 00 00 00 00 00 00 bf 9f f3 66 cb 06 00 00 04 00 00 00 00 00 00 00
00:00:00.924028 NEM: Created partition 00000192ac945ba0.
00:00:00.924028 NEM:
00:00:00.924028 NEM: NEMR3Init: Snail execution mode is active!
00:00:00.924028 NEM: Note! VirtualBox is not able to run at its full potential in this execution mode.
00:00:00.924028 NEM:       To see VirtualBox run at max speed you need to disable all Windows features
00:00:00.924028 NEM:       making use of Hyper-V.  That is a moving target, so google how and carefully
00:00:00.924028 NEM:       consider the consequences of disabling these features.
00:00:00.924028 NEM:
00:00:00.924028 CPUM: No hardware-virtualization capability detected
00:00:00.924028 CPUM: fXStateHostMask=0x7; initial: 0x7; host XCR0=0x7
00:00:00.926868 CPUM: Matched host CPU AMD 0x17/0x8/0x2 AMD_Zen_Ryzen with CPU DB entry 'AMD Ryzen 7 1800X Eight-Core' (AMD 0x17/0x1/0x1 AMD_Zen_Ryzen)
00:00:00.930235 CPUM: MXCSR_MASK=0x2ffff (host: 0x2ffff)
00:00:00.930264 CPUM: Microcode revision 0x08008202
00:00:00.930280 CPUM: MSR fudge: 0x00000001 IA32_P5_MC_TYPE
00:00:00.930284 CPUM: MSR fudge: 0x00000017 IA32_PLATFORM_ID
00:00:00.930329 CPUM: MSR fudge: 0x0000001b IA32_APIC_BASE
00:00:00.930333 CPUM: MSR fudge: 0x0000008b BIOS_SIGN
00:00:00.930336 CPUM: MSR fudge: 0x000000fe IA32_MTRRCAP
00:00:00.930340 CPUM: MSR fudge: 0x00000179 IA32_MCG_CAP
00:00:00.930343 CPUM: MSR fudge: 0x0000017a IA32_MCG_STATUS
00:00:00.930346 CPUM: MSR fudge: 0x000001a0 IA32_MISC_ENABLE
00:00:00.930362 CPUM: MSR fudge: 0x000001d9 IA32_DEBUGCTL
00:00:00.930366 CPUM: MSR fudge: 0x000001db P6_LAST_BRANCH_FROM_IP
00:00:00.930369 CPUM: MSR fudge: 0x000001dc P6_LAST_BRANCH_TO_IP
00:00:00.930373 CPUM: MSR fudge: 0x000001dd P6_LAST_INT_FROM_IP
00:00:00.930376 CPUM: MSR fudge: 0x000001de P6_LAST_INT_TO_IP
00:00:00.930379 CPUM: MSR fudge: 0x00000277 IA32_PAT
00:00:00.930382 CPUM: MSR fudge: 0x000002ff IA32_MTRR_DEF_TYPE
00:00:00.930398 CPUM: MSR fudge: 0x00000400 IA32_MCi_CTL_STATUS_ADDR_MISC
00:00:00.930415 CPUM: MSR fudge: 0x0000002c P4_EBC_FREQUENCY_ID
00:00:00.930433 CPUM: MSR fudge: 0xc0000103 AMD64_TSC_AUX
00:00:00.930558 CPUM: SetGuestCpuIdFeature: Enabled PAE
00:00:00.930564 CPUM: Set SSBD not required flag for AMD to work around some buggy Linux kernels!
00:00:00.940410 NEM: HvPartitionPropertyProcessorVendor=0x0 (0)
00:00:00.940463 NEM: Successfully set up partition (device handle 0000000000000f30, partition ID 0x6)
00:00:00.940711 PGM: Host paging mode: AMD64+PGE+NX
00:00:00.940720 PGM: PGMPool: cMaxPages=256 (u64MaxPages=48)
00:00:00.940725 PGM: pgmR3PoolInit: cMaxPages=0x100 cMaxUsers=0x200 cMaxPhysExts=0x200 fCacheEnable=true
00:00:00.947084 TM: GIP - u32Mode=3 (Invariant) u32UpdateHz=93 u32UpdateIntervalNS=10741500 enmUseTscDelta=2 (Practically Zero) fGetGipCpu=0x2b cCpus=16
00:00:00.947111 TM: GIP - u64CpuHz=3 800 200 889 (0xe28276b9)  SUPGetCpuHzFromGip => 3 800 200 889
00:00:00.947118 TM: GIP - CPU: iCpuSet=0x0 idCpu=0x0 idApic=0x0 iGipCpu=0x2 i64TSCDelta=0 enmState=3 u64CpuHz=3800192462(*) cErrors=0
00:00:00.947122 TM: GIP - CPU: iCpuSet=0x1 idCpu=0x1 idApic=0x1 iGipCpu=0x8 i64TSCDelta=0 enmState=3 u64CpuHz=3800200726(*) cErrors=0
00:00:00.947126 TM: GIP - CPU: iCpuSet=0x2 idCpu=0x2 idApic=0x2 iGipCpu=0x7 i64TSCDelta=0 enmState=3 u64CpuHz=3800200723(*) cErrors=0
00:00:00.947130 TM: GIP - CPU: iCpuSet=0x3 idCpu=0x3 idApic=0x3 iGipCpu=0x6 i64TSCDelta=0 enmState=3 u64CpuHz=3800200715(*) cErrors=0
00:00:00.947134 TM: GIP - CPU: iCpuSet=0x4 idCpu=0x4 idApic=0x4 iGipCpu=0x9 i64TSCDelta=0 enmState=3 u64CpuHz=3800200772(*) cErrors=0
00:00:00.947138 TM: GIP - CPU: iCpuSet=0x5 idCpu=0x5 idApic=0x5 iGipCpu=0xa i64TSCDelta=0 enmState=3 u64CpuHz=3800200735(*) cErrors=0
00:00:00.947142 TM: GIP - CPU: iCpuSet=0x6 idCpu=0x6 idApic=0x6 iGipCpu=0x1 i64TSCDelta=0 enmState=3 u64CpuHz=3800187664(*) cErrors=0
00:00:00.947146 TM: GIP - CPU: iCpuSet=0x7 idCpu=0x7 idApic=0x7 iGipCpu=0x0 i64TSCDelta=0 enmState=3 u64CpuHz=3800200889(*) cErrors=0
00:00:00.947153 TM: GIP - CPU: iCpuSet=0x8 idCpu=0x8 idApic=0x8 iGipCpu=0xb i64TSCDelta=0 enmState=3 u64CpuHz=3800200791(*) cErrors=0
00:00:00.947157 TM: GIP - CPU: iCpuSet=0x9 idCpu=0x9 idApic=0x9 iGipCpu=0x3 i64TSCDelta=0 enmState=3 u64CpuHz=3800199738(*) cErrors=0
00:00:00.947161 TM: GIP - CPU: iCpuSet=0xa idCpu=0xa idApic=0xa iGipCpu=0xd i64TSCDelta=0 enmState=3 u64CpuHz=3800200815(*) cErrors=0
00:00:00.947164 TM: GIP - CPU: iCpuSet=0xb idCpu=0xb idApic=0xb iGipCpu=0xe i64TSCDelta=0 enmState=3 u64CpuHz=3800200889(*) cErrors=0
00:00:00.947168 TM: GIP - CPU: iCpuSet=0xc idCpu=0xc idApic=0xc iGipCpu=0x5 i64TSCDelta=0 enmState=3 u64CpuHz=3800200537(*) cErrors=0
00:00:00.947172 TM: GIP - CPU: iCpuSet=0xd idCpu=0xd idApic=0xd iGipCpu=0x4 i64TSCDelta=0 enmState=3 u64CpuHz=3800200474(*) cErrors=0
00:00:00.947175 TM: GIP - CPU: iCpuSet=0xe idCpu=0xe idApic=0xe iGipCpu=0xc i64TSCDelta=0 enmState=3 u64CpuHz=3800200825(*) cErrors=0
00:00:00.947248 TM: GIP - CPU: iCpuSet=0xf idCpu=0xf idApic=0xf iGipCpu=0xf i64TSCDelta=0 enmState=3 u64CpuHz=3800187664(*) cErrors=0
00:00:00.947263 TM: NEM overrides the /TM/TSCModeSwitchAllowed setting.
00:00:00.947274 TM:     cTSCTicksPerSecond=3 800 200 889 (0xe28276b9) enmTSCMode=4 (NativeApi)
00:00:00.947276 TM: cTSCTicksPerSecondHost=3 800 200 889 (0xe28276b9)
00:00:00.947277 TM: TSCTiedToExecution=false TSCNotTiedToHalt=false
00:00:00.947929 EMR3Init: fIemExecutesAll=false fGuruOnTripleFault=true
00:00:00.948329 IEM: TargetCpu=CURRENT, Microarch=AMD_Zen_Ryzen aidxTargetCpuEflFlavour={2,0}
00:00:00.948402 GIM: Using provider 'None' (Implementation version: 0)
00:00:00.948415 GCM: Initialized (fixer bits: 0x0)
00:00:00.948467 AIOMgr: Default manager type is 'Async'
00:00:00.948472 AIOMgr: Default file backend is 'NonBuffered'
00:00:00.948510 BlkCache: Cache successfully initialized. Cache size is 5242880 bytes
00:00:00.948516 BlkCache: Cache commit interval is 10000 ms
00:00:00.948519 BlkCache: Cache commit threshold is 2621440 bytes
00:00:01.581869 PcBios: [SMP] BIOS with 1 CPUs
00:00:01.581903 PcBios: Using the 386+ BIOS image.
00:00:01.582362 PcBios: fCheckShutdownStatusForSoftReset=true  fClearShutdownStatusOnHardReset=true
00:00:01.582584 CPUM: SetGuestCpuIdFeature: Enabled xAPIC
00:00:01.583012 PIT: mode=3 count=0x10000 (65536) - 18.20 Hz (ch=0)
00:00:01.583394 VMMDev: cbDefaultBudget: 1 073 741 824 (40000000)
00:00:01.608629 Shared Folders service loaded
00:00:01.626505 Guest Control service loaded
00:00:01.651873 VGA: Using the 386+ BIOS image.
00:00:01.652908 DrvVD: Flushes will be ignored
00:00:01.652918 DrvVD: Async flushes will be passed to the disk
00:00:01.653282 VD: VDInit finished with VINF_SUCCESS
00:00:01.653392 VD: Opening the disk took 460388 ns
00:00:01.653430 FDC: 1.44 MB 3"1/2 floppy disk (2 h 80 t 18 s) rw
00:00:01.667543 NAT: Guest address guess set to 10.0.2.15 by initialization
00:00:01.687207 NAT: DNS#0: 75.75.75.75
00:00:01.687240 NAT: DNS#1: 75.75.76.76
00:00:01.742305 Audio: Found 9 devices for driver 'WasAPI'
00:00:01.742343 Audio: Device 'Headphones (High Definition Audio Device)':
00:00:01.742343 Audio:   ID              = {0.0.0.00000000}.{7dda4d42-aaaf-4bdf-9d7b-023246d41f45}
00:00:01.742344 Audio:   Usage           = output
00:00:01.742344 Audio:   Flags           = DEFAULT_OUT
00:00:01.742345 Audio:   Input channels  = 0
00:00:01.742345 Audio:   Output channels = 2
00:00:01.742349 Audio: Device 'Digital Audio (S/PDIF) (High Definition Audio Device)':
00:00:01.742350 Audio:   ID              = {0.0.0.00000000}.{087134d9-ae11-4a9b-82bf-5ad0d13aced6}
00:00:01.742350 Audio:   Usage           = output
00:00:01.742351 Audio:   Flags           = NONE
00:00:01.742351 Audio:   Input channels  = 0
00:00:01.742351 Audio:   Output channels = 2
00:00:01.742355 Audio: Device '100012589 (NVIDIA High Definition Audio)':
00:00:01.742355 Audio:   ID              = {0.0.0.00000000}.{3f36c4ff-500a-4cd3-9a35-77b5981f1155}
00:00:01.742356 Audio:   Usage           = output
00:00:01.742356 Audio:   Flags           = NONE
00:00:01.742356 Audio:   Input channels  = 0
00:00:01.742356 Audio:   Output channels = 2
00:00:01.742360 Audio: Device 'Speakers (2- USB Audio CODEC )':
00:00:01.742361 Audio:   ID              = {0.0.0.00000000}.{566bb4ca-cb36-4deb-843b-246f6c5c5982}
00:00:01.742361 Audio:   Usage           = output
00:00:01.742361 Audio:   Flags           = NONE
00:00:01.742362 Audio:   Input channels  = 0
00:00:01.742362 Audio:   Output channels = 2
00:00:01.742365 Audio: Device 'Headphones (High Definition Audio Device)':
00:00:01.742366 Audio:   ID              = {0.0.0.00000000}.{7dda4d42-aaaf-4bdf-9d7b-023246d41f45}
00:00:01.742366 Audio:   Usage           = output
00:00:01.742366 Audio:   Flags           = NONE
00:00:01.742366 Audio:   Input channels  = 0
00:00:01.742367 Audio:   Output channels = 2
00:00:01.742370 Audio: Device '100012589 (NVIDIA High Definition Audio)':
00:00:01.742370 Audio:   ID              = {0.0.0.00000000}.{fdb7b4cc-b13a-4c66-ac46-5302e0b66d2f}
00:00:01.742371 Audio:   Usage           = output
00:00:01.742371 Audio:   Flags           = NONE
00:00:01.742371 Audio:   Input channels  = 0
00:00:01.742371 Audio:   Output channels = 2
00:00:01.742483 Audio: Device 'Microphone (NexiGo HD Webcam Audio)':
00:00:01.742484 Audio:   ID              = {0.0.1.00000000}.{8830d0fa-5126-4de0-babf-090349e9c6f6}
00:00:01.742484 Audio:   Usage           = input
00:00:01.742485 Audio:   Flags           = DEFAULT_IN
00:00:01.742485 Audio:   Input channels  = 2
00:00:01.742485 Audio:   Output channels = 0
00:00:01.742494 Audio: Device 'Microphone (2- USB Audio CODEC )':
00:00:01.742495 Audio:   ID              = {0.0.1.00000000}.{2cdb81b1-e1eb-4201-a0a4-fc6057072946}
00:00:01.742495 Audio:   Usage           = input
00:00:01.742495 Audio:   Flags           = NONE
00:00:01.742495 Audio:   Input channels  = 1
00:00:01.742496 Audio:   Output channels = 0
00:00:01.742499 Audio: Device 'Microphone (NexiGo HD Webcam Audio)':
00:00:01.742499 Audio:   ID              = {0.0.1.00000000}.{8830d0fa-5126-4de0-babf-090349e9c6f6}
00:00:01.742500 Audio:   Usage           = input
00:00:01.742500 Audio:   Flags           = NONE
00:00:01.742500 Audio:   Input channels  = 2
00:00:01.742500 Audio:   Output channels = 0
00:00:01.742815 PGM: The CPU physical address width is 48 bits
00:00:01.742823 PGM: PGMR3InitFinalize: 4 MB PSE mask 0000ffffffffffff -> VINF_SUCCESS
00:00:01.742833 TM: TMR3InitFinalize: fTSCModeSwitchAllowed=false
00:00:01.743234 VMM: Thread-context hooks unavailable
00:00:01.743243 VMM: RTThreadPreemptIsPending() can be trusted
00:00:01.743247 VMM: Kernel preemption is possible
00:00:01.743257 EM: Exit history optimizations: enabled=true enabled-r0=true enabled-r0-no-preemption=false
00:00:01.743278 APIC: fPostedIntrsEnabled=false fVirtApicRegsEnabled=false fSupportsTscDeadline=false
00:00:01.743284 TMR3UtcNow: nsNow=1 775 699 729 581 466 800 nsPrev=0 -> cNsDelta=1 775 699 729 581 466 800 (offLag=0 offVirtualSync=0 offVirtualSyncGivenUp=0, NowAgain=1 775 699 729 581 466 800)
00:00:01.743303 VMM: fUsePeriodicPreemptionTimers=true
00:00:01.743355 CPUM: Logical host processors: 16 present, 16 max, 16 online, online mask: 000000000000ffff
00:00:01.743357 CPUM: Physical host cores: 8
00:00:01.743358 ************************* CPUID dump ************************
00:00:01.743363          Raw Standard CPUID Leaves
00:00:01.743363      Leaf/sub-leaf  eax      ebx      ecx      edx
00:00:01.743366 Gst: 00000000/0000  0000000d 68747541 444d4163 69746e65
00:00:01.743367 Hst:                0000000d 68747541 444d4163 69746e65
00:00:01.743368 Gst: 00000001/0000  00800f82 00010800 42d82203 178bfbff
00:00:01.743369 Hst:                00800f82 01100800 fed83203 178bfbff
00:00:01.743371 Gst: 00000002/0000  00000000 00000000 00000000 00000000
00:00:01.743371 Hst:                00000000 00000000 00000000 00000000
00:00:01.743372 Gst: 00000003/0000  00000000 00000000 00000000 00000000
00:00:01.743373 Hst:                00000000 00000000 00000000 00000000
00:00:01.743374 Gst: 00000004/0000  00000000 00000000 00000000 00000000
00:00:01.743374 Hst:                00000000 00000000 00000000 00000000
00:00:01.743376 Gst: 00000005/0000  00000000 00000000 00000000 00000000
00:00:01.743376 Hst:                00000000 00000000 00000000 00000000
00:00:01.743377 Gst: 00000006/0000  00000000 00000000 00000000 00000000
00:00:01.743378 Hst:                00000000 00000000 00000001 00000000
00:00:01.743379 Gst: 00000007/0000  00000000 00840109 00000000 00000000
00:00:01.743380 Hst:                00000000 209c01a9 00000000 00000000
00:00:01.743381 Gst: 00000007/0001  00000000 00000000 00000000 00000000
00:00:01.743381 Hst:                00000000 00000000 00000000 00000000
00:00:01.743382 Gst: 00000008/0000  00000000 00000000 00000000 00000000
00:00:01.743383 Hst:                00000000 00000000 00000000 00000000
00:00:01.743384 Gst: 00000009/0000  00000000 00000000 00000000 00000000
00:00:01.743384 Hst:                00000000 00000000 00000000 00000000
00:00:01.743386 Gst: 0000000a/0000  00000000 00000000 00000000 00000000
00:00:01.743386 Hst:                00000000 00000000 00000000 00000000
00:00:01.743387 Gst: 0000000b/0000  00000000 00000000 00000000 00000000
00:00:01.743388 Hst:                00000000 00000000 00000000 00000000
00:00:01.743389 Gst: 0000000c/0000  00000000 00000000 00000000 00000000
00:00:01.743390 Hst:                00000000 00000000 00000000 00000000
00:00:01.743391 Gst: 0000000d/0000  00000000 00000000 00000000 00000000
00:00:01.743391 Hst:                00000007 00000340 00000340 00000000
00:00:01.743393 Gst: 0000000d/0001  00000000 00000000 00000000 00000000
00:00:01.743394 Hst:                0000000f 00000340 00000000 00000000
00:00:01.743395 Gst: 0000000d/0002  00000000 00000000 00000000 00000000
00:00:01.743395 Hst:                00000100 00000240 00000000 00000000
00:00:01.743397 Gst: 0000000d/0003  00000000 00000000 00000000 00000000
00:00:01.743397 Hst:                00000000 00000000 00000000 00000000
00:00:01.743471                                Name: AuthenticAMD
00:00:01.743472                            Supports: 0x00000000-0x0000000d
00:00:01.743475                              Family: 15 	Extended: 8 	Effective: 23
00:00:01.743476                               Model:  8 	Extended: 0 	Effective: 8
00:00:01.743477                            Stepping: 2
00:00:01.743478                                Type: 0 (primary)
00:00:01.743479                             APIC ID: 0x00
00:00:01.743479                        Logical CPUs: 1
00:00:01.743480                        CLFLUSH Size: 8
00:00:01.743481                            Brand ID: 0x00
00:00:01.743482 Features
00:00:01.743484   Mnemonic - Description                                  = guest (host)
00:00:01.743484   FPU - x87 FPU on Chip                                   = 1 (1)
00:00:01.743485   VME - Virtual 8086 Mode Enhancements                    = 1 (1)
00:00:01.743486   DE - Debugging extensions                               = 1 (1)
00:00:01.743487   PSE - Page Size Extension                               = 1 (1)
00:00:01.743488   TSC - Time Stamp Counter                                = 1 (1)
00:00:01.743489   MSR - Model Specific Registers                          = 1 (1)
00:00:01.743490   PAE - Physical Address Extension                        = 1 (1)
00:00:01.743491   MCE - Machine Check Exception                           = 1 (1)
00:00:01.743492   CX8 - CMPXCHG8B instruction                             = 1 (1)
00:00:01.743492   APIC - APIC On-Chip                                     = 1 (1)
00:00:01.743493   SEP - SYSENTER and SYSEXIT Present                      = 1 (1)
00:00:01.743494   MTRR - Memory Type Range Registers                      = 1 (1)
00:00:01.743495   PGE - PTE Global Bit                                    = 1 (1)
00:00:01.743496   MCA - Machine Check Architecture                        = 1 (1)
00:00:01.743497   CMOV - Conditional Move instructions                    = 1 (1)
00:00:01.743497   PAT - Page Attribute Table                              = 1 (1)
00:00:01.743498   PSE-36 - 36-bit Page Size Extension                     = 1 (1)
00:00:01.743499   PSN - Processor Serial Number                           = 0 (0)
00:00:01.743500   CLFSH - CLFLUSH instruction                             = 1 (1)
00:00:01.743501   DS - Debug Store                                        = 0 (0)
00:00:01.743502   ACPI - Thermal Mon. & Soft. Clock Ctrl.                 = 0 (0)
00:00:01.743502   MMX - Intel MMX Technology                              = 1 (1)
00:00:01.743503   FXSR - FXSAVE and FXRSTOR instructions                  = 1 (1)
00:00:01.743504   SSE - SSE support                                       = 1 (1)
00:00:01.743505   SSE2 - SSE2 support                                     = 1 (1)
00:00:01.743506   SS - Self Snoop                                         = 0 (0)
00:00:01.743507   HTT - Hyper-Threading Technology                        = 1 (1)
00:00:01.743508   TM - Therm. Monitor                                     = 0 (0)
00:00:01.743509   PBE - Pending Break Enabled                             = 0 (0)
00:00:01.743509   SSE3 - SSE3 support                                     = 1 (1)
00:00:01.743511   PCLMUL - PCLMULQDQ support (for AES-GCM)                = 1 (1)
00:00:01.743511   DTES64 - DS Area 64-bit Layout                          = 0 (0)
00:00:01.743512   MONITOR - MONITOR/MWAIT instructions                    = 0 (0)
00:00:01.743513   CPL-DS - CPL Qualified Debug Store                      = 0 (0)
00:00:01.743514   VMX - Virtual Machine Extensions                        = 0 (0)
00:00:01.743514   SMX - Safer Mode Extensions                             = 0 (0)
00:00:01.743517   EST - Enhanced SpeedStep Technology                     = 0 (0)
00:00:01.743517   TM2 - Terminal Monitor 2                                = 0 (0)
00:00:01.743518   SSSE3 - Supplemental Streaming SIMD Extensions 3        = 1 (1)
00:00:01.743519   CNTX-ID - L1 Context ID                                 = 0 (0)
00:00:01.743520   SDBG - Silicon Debug interface                          = 0 (0)
00:00:01.743521   FMA - Fused Multiply Add extensions                     = 0 (1)
00:00:01.743522   CX16 - CMPXCHG16B instruction                           = 1 (1)
00:00:01.743522   TPRUPDATE - xTPR Update Control                         = 0 (0)
00:00:01.743523   PDCM - Perf/Debug Capability MSR                        = 0 (0)
00:00:01.743524   PCID - Process Context Identifiers                      = 0 (0)
00:00:01.743525   DCA - Direct Cache Access                               = 0 (0)
00:00:01.743526   SSE4_1 - SSE4_1 support                                 = 1 (1)
00:00:01.743526   SSE4_2 - SSE4_2 support                                 = 1 (1)
00:00:01.743527   X2APIC - x2APIC support                                 = 0 (0)
00:00:01.743528   MOVBE - MOVBE instruction                               = 1 (1)
00:00:01.743529   POPCNT - POPCNT instruction                             = 1 (1)
00:00:01.743530   TSCDEADL - Time Stamp Counter Deadline                  = 0 (0)
00:00:01.743531   AES - AES instructions                                  = 1 (1)
00:00:01.743531   XSAVE - XSAVE instruction                               = 0 (1)
00:00:01.743532   OSXSAVE - OSXSAVE instruction                           = 0 (1)
00:00:01.743533   AVX - AVX support                                       = 0 (1)
00:00:01.743534   F16C - 16-bit floating point conversion instructions    = 0 (1)
00:00:01.743535   RDRAND - RDRAND instruction                             = 1 (1)
00:00:01.743536   HVP - Hypervisor Present (we're a guest)                = 0 (1)
00:00:01.743538 Structured Extended Feature Flags Enumeration (leaf 7):
00:00:01.743539   Mnemonic - Description                                  = guest (host)
00:00:01.743539   FSGSBASE - RDFSBASE/RDGSBASE/WRFSBASE/WRGSBASE instr.   = 1 (1)
00:00:01.743540   TSCADJUST - Supports MSR_IA32_TSC_ADJUST                = 0 (0)
00:00:01.743541   SGX - Supports Software Guard Extensions                = 0 (0)
00:00:01.743541   BMI1 - Advanced Bit Manipulation extension 1            = 1 (1)
00:00:01.743542   HLE - Hardware Lock Elision                             = 0 (0)
00:00:01.743543   AVX2 - Advanced Vector Extensions 2                     = 0 (1)
00:00:01.743544   FDP_EXCPTN_ONLY - FPU DP only updated on exceptions     = 0 (0)
00:00:01.743544   SMEP - Supervisor Mode Execution Prevention             = 0 (1)
00:00:01.743545   BMI2 - Advanced Bit Manipulation extension 2            = 1 (1)
00:00:01.743546   ERMS - Enhanced REP MOVSB/STOSB instructions            = 0 (0)
00:00:01.743546   INVPCID - INVPCID instruction                           = 0 (0)
00:00:01.743547   RTM - Restricted Transactional Memory                   = 0 (0)
00:00:01.743548   PQM - Platform Quality of Service Monitoring            = 0 (0)
00:00:01.743549   DEPFPU_CS_DS - Deprecates FPU CS, FPU DS values if set  = 0 (0)
00:00:01.743549   MPE - Intel Memory Protection Extensions                = 0 (0)
00:00:01.743550   PQE - Platform Quality of Service Enforcement           = 0 (0)
00:00:01.743551   AVX512F - AVX512 Foundation instructions                = 0 (0)
00:00:01.743551   RDSEED - RDSEED instruction                             = 1 (1)
00:00:01.743552   ADX - ADCX/ADOX instructions                            = 0 (1)
00:00:01.743553   SMAP - Supervisor Mode Access Prevention                = 0 (1)
00:00:01.743554   CLFLUSHOPT - CLFLUSHOPT (Cache Line Flush) instruction  = 1 (1)
00:00:01.743554   INTEL_PT - Intel Processor Trace                        = 0 (0)
00:00:01.743555   AVX512PF - AVX512 Prefetch instructions                 = 0 (0)
00:00:01.743556   AVX512ER - AVX512 Exponential & Reciprocal instructions = 0 (0)
00:00:01.743557   AVX512CD - AVX512 Conflict Detection instructions       = 0 (0)
00:00:01.743557   SHA - Secure Hash Algorithm extensions                  = 0 (1)
00:00:01.743558   PREFETCHWT1 - PREFETCHWT1 instruction                   = 0 (0)
00:00:01.743559   UMIP - User mode insturction prevention                 = 0 (0)
00:00:01.743560   PKU - Protection Key for Usermode pages                 = 0 (0)
00:00:01.743560   OSPKE - CR4.PKU mirror                                  = 0 (0)
00:00:01.743561   MAWAU - Value used by BNDLDX & BNDSTX                   = 0x0 (0x0)
00:00:01.743562   RDPID - Read processor ID support                       = 0 (0)
00:00:01.743563   SGX_LC - Supports SGX Launch Configuration              = 0 (0)
00:00:01.743565 Processor Extended State Enumeration (leaf 0xd):
00:00:01.743566    XSAVE area cur/max size by XCR0, guest: 0x0/0x0
00:00:01.743567     XSAVE area cur/max size by XCR0, host: 0x340/0x340
00:00:01.743568                    Valid XCR0 bits, guest: 0x00000000`00000000
00:00:01.743568                     Valid XCR0 bits, host: 0x00000000`00000007 ( x87 SSE YMM_Hi128 )
00:00:01.743572                     XSAVE features, guest:
00:00:01.743573                      XSAVE features, host: XSAVEOPT XSAVEC XGETBC1 XSAVES
00:00:01.743574       XSAVE area cur size XCR0|XSS, guest: 0x0
00:00:01.743575        XSAVE area cur size XCR0|XSS, host: 0x340
00:00:01.743575                Valid IA32_XSS bits, guest: 0x00000000`00000000
00:00:01.743576                 Valid IA32_XSS bits, host: 0x00000000`00000000
00:00:01.743578   State #2, host:  off=0x0240, cb=0x0100 IA32_XSS-bit -- YMM_Hi128
00:00:01.743617          Raw Extended CPUID Leaves
00:00:01.743617      Leaf/sub-leaf  eax      ebx      ecx      edx
00:00:01.743618 Gst: 80000000/0000  8000001e 68747541 444d4163 69746e65
00:00:01.743619 Hst:                8000001f 68747541 444d4163 69746e65
00:00:01.743621 Gst: 80000001/0000  00800f82 20000000 000001f1 0bd3fb7f
00:00:01.743622 Hst:                00800f82 20000000 004023f3 2fd3fbff
00:00:01.743623 Gst: 80000002/0000  20444d41 657a7952 2037206e 30303732
00:00:01.743624 Hst:                20444d41 657a7952 2037206e 30303732
00:00:01.743625 Gst: 80000003/0000  69452058 2d746867 65726f43 6f725020
00:00:01.743626 Hst:                69452058 2d746867 65726f43 6f725020
00:00:01.743627 Gst: 80000004/0000  73736563 2020726f 20202020 00202020
00:00:01.743628 Hst:                73736563 2020726f 20202020 00202020
00:00:01.743629 Gst: 80000005/0000  ff40ff40 ff40ff40 20080140 40040140
00:00:01.743630 Hst:                ff40ff40 ff40ff40 20080140 40040140
00:00:01.743631 Gst: 80000006/0000  26006400 66006400 02006140 00808140
00:00:01.743632 Hst:                26006400 66006400 02006140 00808140
00:00:01.743634 Gst: 80000007/0000  00000000 00000000 00000000 00000100
00:00:01.743634 Hst:                00000000 0000001b 00000000 00004789
00:00:01.743635 Gst: 80000008/0000  00003030 04000000 00000000 00000000
00:00:01.743636 Hst:                00003030 02000005 0000400f 00000000
00:00:01.743637 Gst: 80000009/0000  00000000 00000000 00000000 00000000
00:00:01.743638 Hst:                00000000 00000000 00000000 00000000
00:00:01.743639 Gst: 8000000a/0000  00000000 00000000 00000000 00000000
00:00:01.743640 Hst:                00000000 00000000 00000000 00000000
00:00:01.743641 Gst: 8000000b/0000  00000000 00000000 00000000 00000000
00:00:01.743641 Hst:                00000000 00000000 00000000 00000000
00:00:01.743642 Gst: 8000000c/0000  00000000 00000000 00000000 00000000
00:00:01.743643 Hst:                00000000 00000000 00000000 00000000
00:00:01.743644 Gst: 8000000d/0000  00000000 00000000 00000000 00000000
00:00:01.743645 Hst:                00000000 00000000 00000000 00000000
00:00:01.743646 Gst: 8000000e/0000  00000000 00000000 00000000 00000000
00:00:01.743646 Hst:                00000000 00000000 00000000 00000000
00:00:01.743647 Gst: 8000000f/0000  00000000 00000000 00000000 00000000
00:00:01.743648 Hst:                00000000 00000000 00000000 00000000
00:00:01.743649 Gst: 80000010/0000  00000000 00000000 00000000 00000000
00:00:01.743649 Hst:                00000000 00000000 00000000 00000000
00:00:01.743651 Gst: 80000011/0000  00000000 00000000 00000000 00000000
00:00:01.743651 Hst:                00000000 00000000 00000000 00000000
00:00:01.743652 Gst: 80000012/0000  00000000 00000000 00000000 00000000
00:00:01.743653 Hst:                00000000 00000000 00000000 00000000
00:00:01.743654 Gst: 80000013/0000  00000000 00000000 00000000 00000000
00:00:01.743654 Hst:                00000000 00000000 00000000 00000000
00:00:01.743655 Gst: 80000014/0000  00000000 00000000 00000000 00000000
00:00:01.743656 Hst:                00000000 00000000 00000000 00000000
00:00:01.743657 Gst: 80000015/0000  00000000 00000000 00000000 00000000
00:00:01.743658 Hst:                00000000 00000000 00000000 00000000
00:00:01.743659 Gst: 80000016/0000  00000000 00000000 00000000 00000000
00:00:01.743659 Hst:                00000000 00000000 00000000 00000000
00:00:01.743660 Gst: 80000017/0000  00000000 00000000 00000000 00000000
00:00:01.743661 Hst:                00000000 00000000 00000000 00000000
00:00:01.743662 Gst: 80000018/0000  00000000 00000000 00000000 00000000
00:00:01.743663 Hst:                00000000 00000000 00000000 00000000
00:00:01.743664 Gst: 80000019/0000  00000000 00000000 00000000 00000000
00:00:01.743664 Hst:                00000000 00000000 00000000 00000000
00:00:01.743665 Gst: 8000001a/0000  00000003 00000000 00000000 00000000
00:00:01.743666 Hst:                00000003 00000000 00000000 00000000
00:00:01.743667 Gst: 8000001b/0000  00000000 00000000 00000000 00000000
00:00:01.743668 Hst:                00000000 00000000 00000000 00000000
00:00:01.743669 Gst: 8000001c/0000  00000000 00000000 00000000 00000000
00:00:01.743669 Hst:                00000000 00000000 00000000 00000000
00:00:01.743671 Gst: 8000001d/0000  00000121 01c0003f 0000003f 00000000
00:00:01.743671 Hst:                00004121 01c0003f 0000003f 00000000
00:00:01.743672 Gst: 8000001d/0001  00000122 00c0003f 000000ff 00000000
00:00:01.743673 Hst:                00004122 00c0003f 000000ff 00000000
00:00:01.743674 Gst: 8000001d/0002  00000143 01c0003f 000003ff 00000002
00:00:01.743675 Hst:                00004143 01c0003f 000003ff 00000002
00:00:01.743676 Gst: 8000001d/0003  00000163 03c0003f 00001fff 00000001
00:00:01.743677 Hst:                0001c163 03c0003f 00001fff 00000001
00:00:01.743678 Gst: 8000001d/0004  00000000 00000000 00000000 00000000
00:00:01.743679 Hst:                00000000 00000000 00000000 00000000
00:00:01.743680 Gst: 8000001e/0000  00000000 00000000 00000000 00000000
00:00:01.743681 Hst:                00000001 00000100 00000000 00000000
00:00:01.743682 Hst: 8000001f/0000  00000000 00000000 00000000 00000000
00:00:01.743682 Ext Name:                        AuthenticAMD
00:00:01.743683 Ext Supports:                    0x80000000-0x8000001e
00:00:01.743684 Family:                          15  	Extended: 8 	Effective: 23
00:00:01.743684 Model:                           8  	Extended: 0 	Effective: 8
00:00:01.743685 Stepping:                        2
00:00:01.743685 Brand ID:                        0x000
00:00:01.743687 Ext Features
00:00:01.743687   Mnemonic - Description                                  = guest (host)
00:00:01.743688   FPU - x87 FPU on Chip                                   = 1 (1)
00:00:01.743689   VME - Virtual 8086 Mode Enhancements                    = 1 (1)
00:00:01.743690   DE - Debugging extensions                               = 1 (1)
00:00:01.743691   PSE - Page Size Extension                               = 1 (1)
00:00:01.743692   TSC - Time Stamp Counter                                = 1 (1)
00:00:01.743693   MSR - K86 Model Specific Registers                      = 1 (1)
00:00:01.743694   PAE - Physical Address Extension                        = 1 (1)
00:00:01.743695   MCE - Machine Check Exception                           = 0 (1)
00:00:01.743696   CX8 - CMPXCHG8B instruction                             = 1 (1)
00:00:01.743697   APIC - APIC On-Chip                                     = 1 (1)
00:00:01.743698   SEP - SYSCALL/SYSRET                                    = 1 (1)
00:00:01.743699   MTRR - Memory Type Range Registers                      = 1 (1)
00:00:01.743700   PGE - PTE Global Bit                                    = 1 (1)
00:00:01.743701   MCA - Machine Check Architecture                        = 1 (1)
00:00:01.743702   CMOV - Conditional Move instructions                    = 1 (1)
00:00:01.743703   PAT - Page Attribute Table                              = 1 (1)
00:00:01.743704   PSE-36 - 36-bit Page Size Extension                     = 1 (1)
00:00:01.743705   NX - No-Execute/Execute-Disable                         = 1 (1)
00:00:01.743706   AXMMX - AMD Extensions to MMX instructions              = 1 (1)
00:00:01.743707   MMX - Intel MMX Technology                              = 1 (1)
00:00:01.743708   FXSR - FXSAVE and FXRSTOR Instructions                  = 1 (1)
00:00:01.743709   FFXSR - AMD fast FXSAVE and FXRSTOR instructions        = 1 (1)
00:00:01.743710   Page1GB - 1 GB large page                               = 0 (1)
00:00:01.743711   RDTSCP - RDTSCP instruction                             = 1 (1)
00:00:01.743712   LM - AMD64 Long Mode                                    = 0 (1)
00:00:01.743713   3DNOWEXT - AMD Extensions to 3DNow                      = 0 (0)
00:00:01.743715   3DNOW - AMD 3DNow                                       = 0 (0)
00:00:01.743716   LahfSahf - LAHF/SAHF support in 64-bit mode             = 1 (1)
00:00:01.743717   CmpLegacy - Core multi-processing legacy mode           = 0 (1)
00:00:01.743718   SVM - AMD Secure Virtual Machine extensions             = 0 (0)
00:00:01.743719   EXTAPIC - AMD Extended APIC registers                   = 0 (0)
00:00:01.743720   CR8L - AMD LOCK MOV CR0 means MOV CR8                   = 1 (1)
00:00:01.743721   ABM - AMD Advanced Bit Manipulation                     = 1 (1)
00:00:01.743722   SSE4A - SSE4A instructions                              = 1 (1)
00:00:01.743724   MISALIGNSSE - AMD Misaligned SSE mode                   = 1 (1)
00:00:01.743725   3DNOWPRF - AMD PREFETCH and PREFETCHW instructions      = 1 (1)
00:00:01.743726   OSVW - AMD OS Visible Workaround                        = 0 (1)
00:00:01.743727   IBS - Instruct Based Sampling                           = 0 (0)
00:00:01.743728   XOP - Extended Operation support                        = 0 (0)
00:00:01.743729   SKINIT - SKINIT, STGI, and DEV support                  = 0 (0)
00:00:01.743730   WDT - AMD Watchdog Timer support                        = 0 (1)
00:00:01.743731   LWP - Lightweight Profiling support                     = 0 (0)
00:00:01.743732   FMA4 - Four operand FMA instruction support             = 0 (0)
00:00:01.743733   NodeId - NodeId in MSR C001_100C                        = 0 (0)
00:00:01.743734   TBM - Trailing Bit Manipulation instructions            = 0 (0)
00:00:01.743735   TOPOEXT - Topology Extensions                           = 0 (1)
00:00:01.743736   PRFEXTCORE - Performance Counter Extensions support     = 0 (0)
00:00:01.743737   PRFEXTNB - NB Performance Counter Extensions support    = 0 (0)
00:00:01.743738   DATABPEXT - Data-access Breakpoint Extension            = 0 (0)
00:00:01.743739   PERFTSC - Performance Time Stamp Counter                = 0 (0)
00:00:01.743740   PCX_L2I - L2I/L3 Performance Counter Extensions         = 0 (0)
00:00:01.743741   MWAITX - MWAITX and MONITORX instructions               = 0 (0)
00:00:01.743742 Full Name:                       "AMD Ryzen 7 2700X Eight-Core Processor         "
00:00:01.743745 TLB 2/4M Instr/Uni:              fully  64 entries
00:00:01.743747 TLB 2/4M Data:                   fully  64 entries
00:00:01.743747 TLB 4K Instr/Uni:                fully  64 entries
00:00:01.743748 TLB 4K Data:                     fully  64 entries
00:00:01.743749 L1 Instr Cache Line Size:        64 bytes
00:00:01.743749 L1 Instr Cache Lines Per Tag:    1
00:00:01.743749 L1 Instr Cache Associativity:    4 way
00:00:01.743750 L1 Instr Cache Size:             64 KB
00:00:01.743751 L1 Data Cache Line Size:         64 bytes
00:00:01.743751 L1 Data Cache Lines Per Tag:     1
00:00:01.743752 L1 Data Cache Associativity:     8 way
00:00:01.743752 L1 Data Cache Size:              32 KB
00:00:01.743753 L2 TLB 2/4M Instr/Uni:           8 way  1024 entries
00:00:01.743753 L2 TLB 2/4M Data:                2 way  1536 entries
00:00:01.743754 L2 TLB 4K Instr/Uni:             8 way  1024 entries
00:00:01.743754 L2 TLB 4K Data:                  8 way  1536 entries
00:00:01.743755 L2 Cache Line Size:              64 bytes
00:00:01.743756 L2 Cache Lines Per Tag:          1
00:00:01.743756 L2 Cache Associativity:          16 way
00:00:01.743756 L2 Cache Size:                   128 KB
00:00:01.743759   TS - Temperature Sensor                                 = 0 (1)
00:00:01.743760   FID - Frequency ID control                              = 0 (0)
00:00:01.743761   VID - Voltage ID control                                = 0 (0)
00:00:01.743763   TTP - Thermal Trip                                      = 0 (1)
00:00:01.743764   TM - Hardware Thermal Control (HTC)                     = 0 (0)
00:00:01.743765   100MHzSteps - 100 MHz Multiplier control                = 0 (0)
00:00:01.743766   HwPstate - Hardware P-state control                     = 0 (1)
00:00:01.743767   TscInvariant - Invariant Time Stamp Counter             = 1 (1)
00:00:01.743768   CBP - Core Performance Boost                            = 0 (1)
00:00:01.743769   EffFreqRO - Read-only Effective Frequency Interface     = 0 (1)
00:00:01.743769   ProcFdbkIf - Processor Feedback Interface               = 0 (0)
00:00:01.743770   ProcPwrRep - Core power reporting interface support     = 0 (0)
00:00:01.743771   14 - Reserved                                           = 0 (1)
00:00:01.743774   CLZERO - Clear zero instruction (cacheline)             = 0 (1)
00:00:01.743775   IRPerf - Instructions retired count support             = 0 (0)
00:00:01.743776   XSaveErPtr - Save/restore error pointers (FXSAVE/RSTOR*) = 0 (1)
00:00:01.743777   RDPRU - RDPRU instruction                               = 0 (0)
00:00:01.743778   MCOMMIT - MCOMMIT instruction                           = 0 (0)
00:00:01.743778   IBPB - Supports the IBPB command in IA32_PRED_CMD       = 0 (0)
00:00:01.743779   25 - Reserved                                           = 0 (1)
00:00:01.743780   26 - Reserved                                           = 1 (0)
00:00:01.743781 Physical Address Width:          48 bits
00:00:01.743782 Virtual Address Width:           48 bits
00:00:01.743782 Guest Physical Address Width:    0 bits
00:00:01.743782 Physical Core Count:             1
00:00:01.743784 
00:00:01.743784 ******************** End of CPUID dump **********************
00:00:01.743830 VMEmt: Halt method global1 (5)
00:00:01.743855 VMEmt: HaltedGlobal1 config: cNsSpinBlockThresholdCfg=50000
00:00:01.743861 Changing the VM state from 'CREATING' to 'CREATED'
00:00:01.744895 Changing the VM state from 'CREATED' to 'POWERING_ON'
00:00:01.744988 Changing the VM state from 'POWERING_ON' to 'RUNNING'
00:00:01.745002 Console: Machine state changed to 'Running'
00:00:01.746888 VMMDev: Guest Log: BIOS: VirtualBox 7.0.10
00:00:01.747131 PCI: Setting up resources and interrupts
00:00:01.747313 PIT: mode=2 count=0x10000 (65536) - 18.20 Hz (ch=0)
00:00:01.766673 Display::i_handleDisplayResize: uScreenId=0 pvVRAM=0000000000000000 w=720 h=400 bpp=0 cbLine=0x0 flags=0x0 origin=0,0
00:00:01.769378 VMMDev: Guest Log: CPUID EDX: 0x178bfbff
00:00:01.770034 VMMDev: Guest Log: BIOS: No PCI IDE controller, not probing IDE
00:00:01.813328 PIT: mode=2 count=0x48d3 (18643) - 64.00 Hz (ch=0)
00:00:01.829211 Display::i_handleDisplayResize: uScreenId=0 pvVRAM=00000192b0e70000 w=640 h=480 bpp=32 cbLine=0xA00 flags=0x0 origin=0,0
00:00:02.032178 VBoxHeadless: starting event loop
00:00:04.292173 PIT: mode=2 count=0x10000 (65536) - 18.20 Hz (ch=0)
00:00:04.292455 VMMDev: Guest Log: BIOS: Boot : bseqnr=1, bootseq=0001
00:00:04.292663 Display::i_handleDisplayResize: uScreenId=0 pvVRAM=0000000000000000 w=720 h=400 bpp=0 cbLine=0x0 flags=0x0 origin=0,0
00:00:04.313357 VMMDev: Guest Log: BIOS: Booting from Floppy...
00:00:04.335545 Display::i_handleDisplayResize: uScreenId=0 pvVRAM=00000192b0e70000 w=640 h=400 bpp=0 cbLine=0x140 flags=0x0 origin=0,0
00:00:04.339810 Audio: Warning: Scheduling hint of stream '[WasAPI] Output:0' is bigger (420906796008ms) than used period size (0ms)
