00:00:00.370774 VirtualBox VM 7.2.6 r172322 win.amd64 (Jan 15 2026 18:08:50) release log
00:00:00.370776 Log opened 2026-04-23T20:57:25.345903000Z
00:00:00.370777 Build Type: release
00:00:00.370778 OS Product: Windows 10
00:00:00.370927 OS Release: 10.0.19045.7184
00:00:00.370928 OS Service Pack: 
00:00:00.438781 DMI Product Name: System Product Name
00:00:00.441590 DMI Product Version: System Version
00:00:00.441608 Firmware type: UEFI
00:00:00.441949 Secure Boot: Enabled
00:00:00.441956 Host RAM: 32692MB (31.9GB) total, 19663MB (19.2GB) available
00:00:00.441958 Executable: C:\Program Files\Oracle\VirtualBox\VBoxHeadless.exe
00:00:00.441959 Process ID: 20596
00:00:00.441959 Package type: WINDOWS_64BITS_GENERIC
00:00:00.441960 Windows Features:
00:00:00.441960   Core Isolation (Memory Integrity): DISABLED
00:00:00.442956 Installed Extension Packs:
00:00:00.442975   None installed!
00:00:00.443558 Console: Machine state changed to 'Starting'
00:00:00.505948 SUP: seg #0: R   0x00000000 LB 0x00001000
00:00:00.505974 SUP: seg #1: R X 0x00001000 LB 0x00204000
00:00:00.505980 SUP: seg #2: R   0x00205000 LB 0x00053000
00:00:00.505985 SUP: seg #3: RW  0x00258000 LB 0x00013000
00:00:00.505990 SUP: seg #4: R   0x0026b000 LB 0x00013000
00:00:00.505995 SUP: seg #5: RW  0x0027e000 LB 0x00004000
00:00:00.505999 SUP: seg #6: R   0x00282000 LB 0x00007000
00:00:00.506004 SUP: seg #7: R X 0x00289000 LB 0x00002000
00:00:00.506011 SUP: seg #8: R   0x0028b000 LB 0x00007000
00:00:00.510603 SUP: Loaded VMMR0.r0 (C:\Program Files\Oracle\VirtualBox/VMMR0.r0) at 0xXXXXXXXXXXXXXXXX - ModuleInit at XXXXXXXXXXXXXXXX and ModuleTerm at XXXXXXXXXXXXXXXX using the native ring-0 loader
00:00:00.510652 SUP: VMMR0EntryEx located at XXXXXXXXXXXXXXXX and VMMR0EntryFast at XXXXXXXXXXXXXXXX
00:00:00.510655 SUP: windbg> .reload /f C:\Program Files\Oracle\VirtualBox/VMMR0.r0=0xXXXXXXXXXXXXXXXX
00:00:00.514034 Guest architecture: x86
00:00:00.514085 Guest OS type: 'Other'
00:00:00.514623 fHMForced=true - No raw-mode support in this build!
00:00:00.514635 Using execution engine 1
00:00:00.517007 File system of 'C:\Users\RhythmicCarnage\Desktop\CyberStorm\deploy\virtualbox\CyberStorm.vdi' is ntfs
00:00:00.625419 Shared Clipboard: Initialized OLE
00:00:00.625476 Shared Clipboard: Service loaded
00:00:00.625487 Shared Clipboard: Mode: Off
00:00:00.625531 Shared Clipboard: Service running in headless mode
00:00:00.638036 Drag and drop service loaded
00:00:00.638050 Drag and drop mode: Off
00:00:00.638997 Audio: Detected default audio driver type is 'HostAudioWas'
00:00:00.723237 ************************* CFGM dump *************************
00:00:00.723249 [/] (level 0)
00:00:00.723252   CpuExecutionCap   <integer> = 0x0000000000000064 (100)
00:00:00.723255   EnablePAE         <integer> = 0x0000000000000000 (0)
00:00:00.723257   HMEnabled         <integer> = 0x0000000000000001 (1)
00:00:00.723258   MemBalloonSize    <integer> = 0x0000000000000000 (0, 0 B)
00:00:00.723264   Name              <string>  = "CyberStorm" (cb=11)
00:00:00.723265   NumCPUs           <integer> = 0x0000000000000001 (1)
00:00:00.723267   PageFusionAllowed <integer> = 0x0000000000000000 (0)
00:00:00.723268   RamHoleSize       <integer> = 0x0000000020000000 (536 870 912, 512.0 MiB)
00:00:00.723270   RamSize           <integer> = 0x0000000004000000 (67 108 864, 64.0 MiB)
00:00:00.723272   TimerMillies      <integer> = 0x000000000000000a (10)
00:00:00.723274   UUID              <bytes>   = "25 db 11 43 c3 00 00 4b 8e d3 21 df 42 95 5d e0" (cb=16)
00:00:00.723278 
00:00:00.723279 [/CPUM/] (level 1)
00:00:00.723280   Enable64bit        <integer> = 0x0000000000000000 (0)
00:00:00.723282   GuestCpuName       <string>  = "host" (cb=5)
00:00:00.723283   NestedHWVirt       <integer> = 0x0000000000000000 (0)
00:00:00.723284   PortableCpuIdLevel <integer> = 0x0000000000000000 (0)
00:00:00.723285   SpecCtrl           <integer> = 0x0000000000000000 (0)
00:00:00.723287 
00:00:00.723287 [/CPUM/IsaExts/] (level 2)
00:00:00.723289 
00:00:00.723289 [/DBGC/] (level 1)
00:00:00.723290   GlobalInitScript <string>  = "C:\Users\RhythmicCarnage\.VirtualBox/dbgc-init" (cb=47)
00:00:00.723292   HistoryFile      <string>  = "C:\Users\RhythmicCarnage\.VirtualBox/dbgc-history" (cb=50)
00:00:00.723293   LocalInitScript  <string>  = "C:\Users\RhythmicCarnage\Desktop\CyberStorm\deploy\virtualbox\CyberStorm/dbgc-init" (cb=83)
00:00:00.723294 
00:00:00.723294 [/DBGF/] (level 1)
00:00:00.723295   Path <string>  = "C:\Users\RhythmicCarnage\Desktop\CyberStorm\deploy\virtualbox\CyberStorm/debug/;C:\Users\RhythmicCarnage\Desktop\CyberStorm\deploy\virtualbox\CyberStorm/;cache*C:\Users\RhythmicCarnage\Desktop\CyberStorm\deploy\virtualbox\CyberStorm/dbgcache/;C:\Users\RhythmicCarnage\" (cb=269)
00:00:00.723297 
00:00:00.723297 [/Devices/] (level 1)
00:00:00.723298 
00:00:00.723299 [/Devices/3c501/] (level 2)
00:00:00.723300 
00:00:00.723300 [/Devices/8237A/] (level 2)
00:00:00.723302 
00:00:00.723302 [/Devices/8237A/0/] (level 3)
00:00:00.723304   Trusted <integer> = 0x0000000000000001 (1)
00:00:00.723305 
00:00:00.723305 [/Devices/VMMDev/] (level 2)
00:00:00.723307 
00:00:00.723307 [/Devices/VMMDev/0/] (level 3)
00:00:00.723309   PCIBusNo      <integer> = 0x0000000000000000 (0)
00:00:00.723310   PCIDeviceNo   <integer> = 0x0000000000000004 (4)
00:00:00.723311   PCIFunctionNo <integer> = 0x0000000000000000 (0)
00:00:00.723312   Trusted       <integer> = 0x0000000000000001 (1)
00:00:00.723313 
00:00:00.723314 [/Devices/VMMDev/0/Config/] (level 4)
00:00:00.723315   GuestCoreDumpDir <string>  = "C:\Users\RhythmicCarnage\Desktop\CyberStorm\deploy\virtualbox\CyberStorm\Snapshots" (cb=83)
00:00:00.723317 
00:00:00.723317 [/Devices/VMMDev/0/LUN#0/] (level 4)
00:00:00.723319   Driver <string>  = "HGCM" (cb=5)
00:00:00.723320 
00:00:00.723320 [/Devices/VMMDev/0/LUN#0/Config/] (level 5)
00:00:00.723322 
00:00:00.723323 [/Devices/VMMDev/0/LUN#999/] (level 4)
00:00:00.723324   Driver <string>  = "MainStatus" (cb=11)
00:00:00.723325 
00:00:00.723326 [/Devices/VMMDev/0/LUN#999/Config/] (level 5)
00:00:00.723328   First                <integer> = 0x0000000000000000 (0)
00:00:00.723329   HasMediumAttachments <integer> = 0x0000000000000000 (0)
00:00:00.723330   Last                 <integer> = 0x0000000000000000 (0)
00:00:00.723332   iLedSet              <integer> = 0x0000000000000003 (3)
00:00:00.723333 
00:00:00.723334 [/Devices/acpi/] (level 2)
00:00:00.723335 
00:00:00.723335 [/Devices/acpi/0/] (level 3)
00:00:00.723337   PCIBusNo      <integer> = 0x0000000000000000 (0)
00:00:00.723338   PCIDeviceNo   <integer> = 0x0000000000000007 (7)
00:00:00.723339   PCIFunctionNo <integer> = 0x0000000000000000 (0)
00:00:00.723340   Trusted       <integer> = 0x0000000000000001 (1)
00:00:00.723342 
00:00:00.723342 [/Devices/acpi/0/Config/] (level 4)
00:00:00.723344   CpuHotPlug          <integer> = 0x0000000000000000 (0)
00:00:00.723345   FdcEnabled          <integer> = 0x0000000000000000 (0)
00:00:00.723347   HostBusPciAddress   <integer> = 0x0000000000000000 (0)
00:00:00.723348   HpetEnabled         <integer> = 0x0000000000000000 (0)
00:00:00.723349   IOAPIC              <integer> = 0x0000000000000000 (0)
00:00:00.723350   IocPciAddress       <integer> = 0x0000000000010000 (65 536)
00:00:00.723352   NumCPUs             <integer> = 0x0000000000000001 (1)
00:00:00.723353   Parallel0IoPortBase <integer> = 0x0000000000000000 (0)
00:00:00.723354   Parallel0Irq        <integer> = 0x0000000000000000 (0)
00:00:00.723356   Parallel1IoPortBase <integer> = 0x0000000000000000 (0)
00:00:00.723357   Parallel1Irq        <integer> = 0x0000000000000000 (0)
00:00:00.723358   Serial0IoPortBase   <integer> = 0x0000000000000000 (0)
00:00:00.723359   Serial0Irq          <integer> = 0x0000000000000000 (0)
00:00:00.723360   Serial1IoPortBase   <integer> = 0x0000000000000000 (0)
00:00:00.723361   Serial1Irq          <integer> = 0x0000000000000000 (0)
00:00:00.723362   ShowCpu             <integer> = 0x0000000000000000 (0)
00:00:00.723364   ShowRtc             <integer> = 0x0000000000000000 (0)
00:00:00.723365   SmcEnabled          <integer> = 0x0000000000000000 (0)
00:00:00.723366 
00:00:00.723367 [/Devices/acpi/0/LUN#0/] (level 4)
00:00:00.723368   Driver <string>  = "ACPIHost" (cb=9)
00:00:00.723369 
00:00:00.723370 [/Devices/acpi/0/LUN#0/Config/] (level 5)
00:00:00.723372 
00:00:00.723372 [/Devices/apic/] (level 2)
00:00:00.723373 
00:00:00.723374 [/Devices/apic/0/] (level 3)
00:00:00.723375   Trusted <integer> = 0x0000000000000001 (1)
00:00:00.723376 
00:00:00.723377 [/Devices/apic/0/Config/] (level 4)
00:00:00.723378   IOAPIC  <integer> = 0x0000000000000000 (0)
00:00:00.723380   Mode    <integer> = 0x0000000000000002 (2)
00:00:00.723381   NumCPUs <integer> = 0x0000000000000001 (1)
00:00:00.723382 
00:00:00.723382 [/Devices/dp8390/] (level 2)
00:00:00.723384 
00:00:00.723384 [/Devices/e1000/] (level 2)
00:00:00.723385 
00:00:00.723386 [/Devices/i8254/] (level 2)
00:00:00.723387 
00:00:00.723387 [/Devices/i8254/0/] (level 3)
00:00:00.723389 
00:00:00.723389 [/Devices/i8254/0/Config/] (level 4)
00:00:00.723391 
00:00:00.723391 [/Devices/i8259/] (level 2)
00:00:00.723392 
00:00:00.723393 [/Devices/i8259/0/] (level 3)
00:00:00.723394   Trusted <integer> = 0x0000000000000001 (1)
00:00:00.723395 
00:00:00.723396 [/Devices/i8259/0/Config/] (level 4)
00:00:00.723397 
00:00:00.723398 [/Devices/mc146818/] (level 2)
00:00:00.723399 
00:00:00.723399 [/Devices/mc146818/0/] (level 3)
00:00:00.723401 
00:00:00.723401 [/Devices/mc146818/0/Config/] (level 4)
00:00:00.723403   UseUTC <integer> = 0x0000000000000000 (0)
00:00:00.723404 
00:00:00.723404 [/Devices/parallel/] (level 2)
00:00:00.723406 
00:00:00.723406 [/Devices/pcarch/] (level 2)
00:00:00.723407 
00:00:00.723408 [/Devices/pcarch/0/] (level 3)
00:00:00.723409   Trusted <integer> = 0x0000000000000001 (1)
00:00:00.723410 
00:00:00.723411 [/Devices/pcarch/0/Config/] (level 4)
00:00:00.723412 
00:00:00.723413 [/Devices/pcbios/] (level 2)
00:00:00.723414 
00:00:00.723414 [/Devices/pcbios/0/] (level 3)
00:00:00.723416   Trusted <integer> = 0x0000000000000001 (1)
00:00:00.723417 
00:00:00.723417 [/Devices/pcbios/0/Config/] (level 4)
00:00:00.723419   APIC            <integer> = 0x0000000000000001 (1)
00:00:00.723420   BootDevice0     <string>  = "IDE" (cb=4)
00:00:00.723422   BootDevice1     <string>  = "NONE" (cb=5)
00:00:00.723423   BootDevice2     <string>  = "NONE" (cb=5)
00:00:00.723424   BootDevice3     <string>  = "NONE" (cb=5)
00:00:00.723425   DmiSystemSerial <string>  = "VirtualBox-<DmiSystemUuid>" (cb=27)
00:00:00.723426   FloppyDevice    <string>  = "i82078" (cb=7)
00:00:00.723427   HardDiskDevice  <string>  = "piix3ide" (cb=9)
00:00:00.723428   IOAPIC          <integer> = 0x0000000000000000 (0)
00:00:00.723429   McfgBase        <integer> = 0x0000000000000000 (0)
00:00:00.723430   McfgLength      <integer> = 0x0000000000000000 (0)
00:00:00.723431   NumCPUs         <integer> = 0x0000000000000001 (1)
00:00:00.723432   PXEDebug        <integer> = 0x0000000000000000 (0)
00:00:00.723434   UUID            <bytes>   = "25 db 11 43 c3 00 00 4b 8e d3 21 df 42 95 5d e0" (cb=16)
00:00:00.723437   UuidLe          <integer> = 0x0000000000000001 (1)
00:00:00.723439 
00:00:00.723439 [/Devices/pcbios/0/Config/NetBoot/] (level 5)
00:00:00.723441 
00:00:00.723441 [/Devices/pcbios/0/Config/NetBoot/0/] (level 6)
00:00:00.723444   NIC           <integer> = 0x0000000000000000 (0)
00:00:00.723445   PCIBusNo      <integer> = 0x0000000000000000 (0)
00:00:00.723446   PCIDeviceNo   <integer> = 0x0000000000000003 (3)
00:00:00.723447   PCIFunctionNo <integer> = 0x0000000000000000 (0)
00:00:00.723448 
00:00:00.723449 [/Devices/pci/] (level 2)
00:00:00.723450 
00:00:00.723450 [/Devices/pci/0/] (level 3)
00:00:00.723452   Trusted <integer> = 0x0000000000000001 (1)
00:00:00.723453 
00:00:00.723453 [/Devices/pci/0/Config/] (level 4)
00:00:00.723455   IOAPIC <integer> = 0x0000000000000000 (0)
00:00:00.723456 
00:00:00.723456 [/Devices/pcibridge/] (level 2)
00:00:00.723458 
00:00:00.723458 [/Devices/pckbd/] (level 2)
00:00:00.723459 
00:00:00.723460 [/Devices/pckbd/0/] (level 3)
00:00:00.723461   Trusted <integer> = 0x0000000000000001 (1)
00:00:00.723462 
00:00:00.723462 [/Devices/pckbd/0/Config/] (level 4)
00:00:00.723464 
00:00:00.723464 [/Devices/pckbd/0/LUN#0/] (level 4)
00:00:00.723466   Driver <string>  = "KeyboardQueue" (cb=14)
00:00:00.723467 
00:00:00.723468 [/Devices/pckbd/0/LUN#0/AttachedDriver/] (level 5)
00:00:00.723470   Driver <string>  = "MainKeyboard" (cb=13)
00:00:00.723471 
00:00:00.723471 [/Devices/pckbd/0/LUN#0/Config/] (level 5)
00:00:00.723473   QueueSize <integer> = 0x0000000000000040 (64, 64 B)
00:00:00.723474 
00:00:00.723475 [/Devices/pckbd/0/LUN#1/] (level 4)
00:00:00.723477   Driver <string>  = "MouseQueue" (cb=11)
00:00:00.723477 
00:00:00.723478 [/Devices/pckbd/0/LUN#1/AttachedDriver/] (level 5)
00:00:00.723480   Driver <string>  = "MainMouse" (cb=10)
00:00:00.723481 
00:00:00.723481 [/Devices/pckbd/0/LUN#1/Config/] (level 5)
00:00:00.723483   QueueSize <integer> = 0x0000000000000080 (128, 128 B)
00:00:00.723484 
00:00:00.723485 [/Devices/pcnet/] (level 2)
00:00:00.723486 
00:00:00.723487 [/Devices/pcnet/0/] (level 3)
00:00:00.723488   PCIBusNo      <integer> = 0x0000000000000000 (0)
00:00:00.723489   PCIDeviceNo   <integer> = 0x0000000000000003 (3)
00:00:00.723490   PCIFunctionNo <integer> = 0x0000000000000000 (0)
00:00:00.723491   Trusted       <integer> = 0x0000000000000001 (1)
00:00:00.723492 
00:00:00.723493 [/Devices/pcnet/0/Config/] (level 4)
00:00:00.723495   CableConnected <integer> = 0x0000000000000001 (1)
00:00:00.723496   ChipType       <string>  = "Am79C973" (cb=9)
00:00:00.723497   LineSpeed      <integer> = 0x0000000000000000 (0)
00:00:00.723498   MAC            <bytes>   = "08 00 27 ec ba 47" (cb=6)
00:00:00.723500 
00:00:00.723501 [/Devices/pcnet/0/LUN#0/] (level 4)
00:00:00.723503   Driver <string>  = "NAT" (cb=4)
00:00:00.723503 
00:00:00.723504 [/Devices/pcnet/0/LUN#0/Config/] (level 5)
00:00:00.723506   AliasMode          <integer> = 0x0000000000000000 (0)
00:00:00.723507   DNSProxy           <integer> = 0x0000000000000000 (0)
00:00:00.723508   EnableTFTP         <integer> = 0x0000000000000000 (0)
00:00:00.723510   ForwardBroadcast   <integer> = 0x0000000000000000 (0)
00:00:00.723511   LocalhostReachable <integer> = 0x0000000000000000 (0)
00:00:00.723512   Network            <string>  = "10.0.2.0/24" (cb=12)
00:00:00.723513   PassDomain         <integer> = 0x0000000000000001 (1)
00:00:00.723514   UseHostResolver    <integer> = 0x0000000000000000 (0)
00:00:00.723516 
00:00:00.723516 [/Devices/pcnet/0/LUN#999/] (level 4)
00:00:00.723518   Driver <string>  = "MainStatus" (cb=11)
00:00:00.723519 
00:00:00.723519 [/Devices/pcnet/0/LUN#999/Config/] (level 5)
00:00:00.723521   First                <integer> = 0x0000000000000000 (0)
00:00:00.723522   HasMediumAttachments <integer> = 0x0000000000000000 (0)
00:00:00.723523   Last                 <integer> = 0x0000000000000000 (0)
00:00:00.723525   iLedSet              <integer> = 0x0000000000000002 (2)
00:00:00.723526 
00:00:00.723527 [/Devices/piix3ide/] (level 2)
00:00:00.723528 
00:00:00.723528 [/Devices/piix3ide/0/] (level 3)
00:00:00.723530   PCIBusNo      <integer> = 0x0000000000000000 (0)
00:00:00.723531   PCIDeviceNo   <integer> = 0x0000000000000001 (1)
00:00:00.723532   PCIFunctionNo <integer> = 0x0000000000000001 (1)
00:00:00.723533   Trusted       <integer> = 0x0000000000000001 (1)
00:00:00.723534 
00:00:00.723535 [/Devices/piix3ide/0/Config/] (level 4)
00:00:00.723536   Type <string>  = "PIIX4" (cb=6)
00:00:00.723537 
00:00:00.723538 [/Devices/piix3ide/0/LUN#0/] (level 4)
00:00:00.723539   Driver <string>  = "VD" (cb=3)
00:00:00.723540 
00:00:00.723541 [/Devices/piix3ide/0/LUN#0/Config/] (level 5)
00:00:00.723543   Format    <string>  = "VDI" (cb=4)
00:00:00.723543   Mountable <integer> = 0x0000000000000000 (0)
00:00:00.723545   Path      <string>  = "C:\Users\RhythmicCarnage\Desktop\CyberStorm\deploy\virtualbox\CyberStorm.vdi" (cb=77)
00:00:00.723546   Type      <string>  = "HardDisk" (cb=9)
00:00:00.723547 
00:00:00.723547 [/Devices/piix3ide/0/LUN#0/Config/VDConfig/] (level 6)
00:00:00.723549   AllocationBlockSize <string>  = "1048576" (cb=8)
00:00:00.723550 
00:00:00.723551 [/Devices/piix3ide/0/LUN#999/] (level 4)
00:00:00.723552   Driver <string>  = "MainStatus" (cb=11)
00:00:00.723553 
00:00:00.723553 [/Devices/piix3ide/0/LUN#999/Config/] (level 5)
00:00:00.723555   DeviceInstance       <string>  = "piix3ide/0" (cb=11)
00:00:00.723557   First                <integer> = 0x0000000000000000 (0)
00:00:00.723558   HasMediumAttachments <integer> = 0x0000000000000001 (1)
00:00:00.723559   Last                 <integer> = 0x0000000000000003 (3)
00:00:00.723561   iLedSet              <integer> = 0x0000000000000001 (1)
00:00:00.723562 
00:00:00.723562 [/Devices/sb16/] (level 2)
00:00:00.723564 
00:00:00.723564 [/Devices/sb16/0/] (level 3)
00:00:00.723565   Trusted <integer> = 0x0000000000000001 (1)
00:00:00.723567 
00:00:00.723567 [/Devices/sb16/0/AudioConfig/] (level 4)
00:00:00.723569 
00:00:00.723569 [/Devices/sb16/0/Config/] (level 4)
00:00:00.723571   DMA          <integer> = 0x0000000000000001 (1)
00:00:00.723572   DMA16        <integer> = 0x0000000000000005 (5)
00:00:00.723573   DebugEnabled <integer> = 0x0000000000000000 (0)
00:00:00.723574   IRQ          <integer> = 0x0000000000000005 (5)
00:00:00.723575   Port         <integer> = 0x0000000000000220 (544)
00:00:00.723577   Version      <integer> = 0x0000000000000405 (1 029)
00:00:00.723578 
00:00:00.723579 [/Devices/sb16/0/LUN#0/] (level 4)
00:00:00.723580   Driver <string>  = "AUDIO" (cb=6)
00:00:00.723581 
00:00:00.723581 [/Devices/sb16/0/LUN#0/AttachedDriver/] (level 5)
00:00:00.723583   Driver <string>  = "HostAudioWas" (cb=13)
00:00:00.723584 
00:00:00.723585 [/Devices/sb16/0/LUN#0/AttachedDriver/Config/] (level 6)
00:00:00.723587   VmName <string>  = "CyberStorm" (cb=11)
00:00:00.723588   VmUuid <string>  = "4311db25-00c3-4b00-8ed3-21df42955de0" (cb=37)
00:00:00.723589 
00:00:00.723589 [/Devices/sb16/0/LUN#0/Config/] (level 5)
00:00:00.723591   DriverName    <string>  = "HostAudioWas" (cb=13)
00:00:00.723592   InputEnabled  <integer> = 0x0000000000000000 (0)
00:00:00.723593   OutputEnabled <integer> = 0x0000000000000001 (1)
00:00:00.723594 
00:00:00.723595 [/Devices/sb16/0/LUN#1/] (level 4)
00:00:00.723603   Driver <string>  = "AUDIO" (cb=6)
00:00:00.723603 
00:00:00.723604 [/Devices/sb16/0/LUN#2/] (level 4)
00:00:00.723606   Driver <string>  = "AUDIO" (cb=6)
00:00:00.723606 
00:00:00.723607 [/Devices/serial/] (level 2)
00:00:00.723608 
00:00:00.723608 [/Devices/vga/] (level 2)
00:00:00.723610 
00:00:00.723610 [/Devices/vga/0/] (level 3)
00:00:00.723612   PCIBusNo      <integer> = 0x0000000000000000 (0)
00:00:00.723613   PCIDeviceNo   <integer> = 0x0000000000000002 (2)
00:00:00.723614   PCIFunctionNo <integer> = 0x0000000000000000 (0)
00:00:00.723615   Trusted       <integer> = 0x0000000000000001 (1)
00:00:00.723616 
00:00:00.723616 [/Devices/vga/0/Config/] (level 4)
00:00:00.723618   3DEnabled             <integer> = 0x0000000000000000 (0)
00:00:00.723619   CustomVideoModes      <integer> = 0x0000000000000000 (0)
00:00:00.723621   FadeIn                <integer> = 0x0000000000000001 (1)
00:00:00.723622   FadeOut               <integer> = 0x0000000000000001 (1)
00:00:00.723623   HeightReduction       <integer> = 0x0000000000000000 (0)
00:00:00.723625   LogoFile              <string>  = "" (cb=1)
00:00:00.723626   LogoTime              <integer> = 0x0000000000000000 (0)
00:00:00.723627   MonitorCount          <integer> = 0x0000000000000001 (1)
00:00:00.723629   ShowBootMenu          <integer> = 0x0000000000000002 (2)
00:00:00.723630   VMSVGA3dEnabled       <integer> = 0x0000000000000000 (0)
00:00:00.723631   VMSVGAEnabled         <integer> = 0x0000000000000001 (1)
00:00:00.723632   VRamSize              <integer> = 0x0000000001000000 (16 777 216, 16.0 MiB)
00:00:00.723635   VmSvga3               <integer> = 0x0000000000000000 (0)
00:00:00.723636   VmSvgaExposeLegacyVga <integer> = 0x0000000000000001 (1)
00:00:00.723637 
00:00:00.723637 [/Devices/vga/0/LUN#0/] (level 4)
00:00:00.723639   Driver <string>  = "MainDisplay" (cb=12)
00:00:00.723640 
00:00:00.723640 [/Devices/vga/0/LUN#0/Config/] (level 5)
00:00:00.723642 
00:00:00.723643 [/Devices/vga/0/LUN#999/] (level 4)
00:00:00.723644   Driver <string>  = "MainStatus" (cb=11)
00:00:00.723645 
00:00:00.723645 [/Devices/vga/0/LUN#999/Config/] (level 5)
00:00:00.723647   First                <integer> = 0x0000000000000000 (0)
00:00:00.723649   HasMediumAttachments <integer> = 0x0000000000000000 (0)
00:00:00.723650   Last                 <integer> = 0x0000000000000000 (0)
00:00:00.723651   iLedSet              <integer> = 0x0000000000000000 (0)
00:00:00.723653 
00:00:00.723653 [/Devices/virtio-net/] (level 2)
00:00:00.723654 
00:00:00.723655 [/EM/] (level 1)
00:00:00.723656   TripleFaultReset <integer> = 0x0000000000000000 (0)
00:00:00.723657 
00:00:00.723657 [/GCM/] (level 1)
00:00:00.723658 
00:00:00.723659 [/GIM/] (level 1)
00:00:00.723660   Provider <string>  = "None" (cb=5)
00:00:00.723661 
00:00:00.723661 [/HM/] (level 1)
00:00:00.723662   64bitEnabled        <integer> = 0x0000000000000000 (0)
00:00:00.723664   EnableLargePages    <integer> = 0x0000000000000001 (1)
00:00:00.723665   EnableNestedPaging  <integer> = 0x0000000000000001 (1)
00:00:00.723666   EnableUX            <integer> = 0x0000000000000001 (1)
00:00:00.723667   EnableVPID          <integer> = 0x0000000000000001 (1)
00:00:00.723668   Exclusive           <integer> = 0x0000000000000000 (0)
00:00:00.723670   HMForced            <integer> = 0x0000000000000001 (1)
00:00:00.723671   IBPBOnVMEntry       <integer> = 0x0000000000000000 (0)
00:00:00.723672   IBPBOnVMExit        <integer> = 0x0000000000000000 (0)
00:00:00.723673   L1DFlushOnSched     <integer> = 0x0000000000000001 (1)
00:00:00.723675   L1DFlushOnVMEntry   <integer> = 0x0000000000000000 (0)
00:00:00.723676   MDSClearOnSched     <integer> = 0x0000000000000001 (1)
00:00:00.723677   MDSClearOnVMEntry   <integer> = 0x0000000000000000 (0)
00:00:00.723678   SpecCtrlByHost      <integer> = 0x0000000000000000 (0)
00:00:00.723679   SvmVirtVmsaveVmload <integer> = 0x0000000000000000 (0)
00:00:00.723680   UseNEMInstead       <integer> = 0x0000000000000000 (0)
00:00:00.723681 
00:00:00.723681 [/MM/] (level 1)
00:00:00.723683   CanUseLargerHeap <integer> = 0x0000000000000000 (0)
00:00:00.723684 
00:00:00.723684 [/NEM/] (level 1)
00:00:00.723685   Allow64BitGuests  <integer> = 0x0000000000000000 (0)
00:00:00.723686   IBPBOnVMEntry     <integer> = 0x0000000000000000 (0)
00:00:00.723687   IBPBOnVMExit      <integer> = 0x0000000000000000 (0)
00:00:00.723689   L1DFlushOnSched   <integer> = 0x0000000000000001 (1)
00:00:00.723690   L1DFlushOnVMEntry <integer> = 0x0000000000000000 (0)
00:00:00.723691   MDSClearOnSched   <integer> = 0x0000000000000001 (1)
00:00:00.723692   MDSClearOnVMEntry <integer> = 0x0000000000000000 (0)
00:00:00.723693 
00:00:00.723693 [/PDM/] (level 1)
00:00:00.723694 
00:00:00.723694 [/PDM/AsyncCompletion/] (level 2)
00:00:00.723696 
00:00:00.723696 [/PDM/AsyncCompletion/File/] (level 3)
00:00:00.723698 
00:00:00.723698 [/PDM/AsyncCompletion/File/BwGroups/] (level 4)
00:00:00.723700 
00:00:00.723700 [/PDM/BlkCache/] (level 2)
00:00:00.723701   CacheSize <integer> = 0x0000000000500000 (5 242 880, 5.0 MiB)
00:00:00.723703 
00:00:00.723703 [/PDM/Devices/] (level 2)
00:00:00.723705 
00:00:00.723705 [/PDM/Drivers/] (level 2)
00:00:00.723706 
00:00:00.723707 [/PDM/Drivers/VBoxC/] (level 3)
00:00:00.723708   Path <string>  = "VBoxC" (cb=6)
00:00:00.723709 
00:00:00.723709 [/PDM/NetworkShaper/] (level 2)
00:00:00.723711 
00:00:00.723711 [/PDM/NetworkShaper/BwGroups/] (level 3)
00:00:00.723713 
00:00:00.723713 [/TM/] (level 1)
00:00:00.723714   UTCOffset <integer> = 0x0000000000000000 (0)
00:00:00.723715 
00:00:00.723716 ********************* End of CFGM dump **********************
00:00:00.723805 HM: HMR3Init: Attempting fall back to NEM: AMD-V is not available
00:00:00.785574 NEM:  info: Found optional import WinHvPlatform.dll!WHvQueryGpaRangeDirtyBitmap.
00:00:00.785590 NEM:  info: Found optional import WinHvPlatform.dll!WHvResumePartitionTime.
00:00:00.785594 NEM:  info: Found optional import WinHvPlatform.dll!WHvSuspendPartitionTime.
00:00:00.785597 NEM:  info: Found optional import WinHvPlatform.dll!WHvRequestInterrupt.
00:00:00.785600 NEM:  info: Found optional import WinHvPlatform.dll!WHvGetVirtualProcessorXsaveState.
00:00:00.785604 NEM:  info: Found optional import WinHvPlatform.dll!WHvSetVirtualProcessorXsaveState.
00:00:00.785608 NEM:  info: Failed to import WinHvPlatform.dll!WHvGetVirtualProcessorState: VERR_SYMBOL_NOT_FOUND
00:00:00.785623 NEM:  info: Failed to import WinHvPlatform.dll!WHvSetVirtualProcessorState: VERR_SYMBOL_NOT_FOUND
00:00:00.785627 NEM:  info: Found optional import WinHvPlatform.dll!WHvGetVirtualProcessorInterruptControllerState.
00:00:00.785631 NEM:  info: Found optional import WinHvPlatform.dll!WHvSetVirtualProcessorInterruptControllerState.
00:00:00.785634 NEM:  info: Found optional import WinHvPlatform.dll!WHvGetVirtualProcessorInterruptControllerState2.
00:00:00.785637 NEM:  info: Found optional import WinHvPlatform.dll!WHvSetVirtualProcessorInterruptControllerState2.
00:00:00.785642 NEM:  info: Found optional import vid.dll!VidGetHvPartitionId.
00:00:00.785645 NEM:  info: Found optional import vid.dll!VidGetPartitionProperty.
00:00:00.785702 NEM: WHvCapabilityCodeHypervisorPresent is TRUE, so this might work...
00:00:00.785707 NEM: WHvCapabilityCodeExtendedVmExits      = 0x00000000000003ff
00:00:00.785711 NEM:                           X64CpuidExit: 1
00:00:00.785714 NEM:                             X64MsrExit: 1
00:00:00.785718 NEM:                          ExceptionExit: 1
00:00:00.785721 NEM:                           X64RdtscExit: 1
00:00:00.785724 NEM:                     X64ApicSmiExitTrap: 1
00:00:00.785727 NEM:                          HypercallExit: 1
00:00:00.785730 NEM:                X64ApicInitSipiExitTrap: 1
00:00:00.785733 NEM:              X64ApicWriteLint0ExitTrap: 1
00:00:00.785736 NEM:              X64ApicWriteLint1ExitTrap: 1
00:00:00.785739 NEM:                X64ApicWriteSvrExitTrap: 1
00:00:00.785742 NEM:                 UnknownSynicConnection: 0
00:00:00.785745 NEM:              RetargetUnknownVpciDevice: 0
00:00:00.785748 NEM:                X64ApicWriteLdrExitTrap: 0
00:00:00.785751 NEM:                X64ApicWriteDfrExitTrap: 0
00:00:00.785754 NEM:                     GpaAccessFaultExit: 0
00:00:00.785757 NEM: WHvCapabilityCodeFeatures             = 0x000000000000007f
00:00:00.785763 NEM:                           PartialUnmap: 1
00:00:00.785766 NEM:                     LocalApicEmulation: 1
00:00:00.785771 NEM:                                  Xsave: 1
00:00:00.785774 NEM:                      DirtyPageTracking: 1
00:00:00.785777 NEM:                     SpeculationControl: 1
00:00:00.785780 NEM:                         ApicRemoteRead: 1
00:00:00.785783 NEM:                            IdleSuspend: 1
00:00:00.785786 NEM:                VirtualPciDeviceSupport: 0
00:00:00.785789 NEM:                           IommuSupport: 0
00:00:00.785792 NEM:                         VpHotAddRemove: 0
00:00:00.785799 NEM: Supported xsave features: 0x381f
00:00:00.785802 NEM:                           XsaveSupport: 1
00:00:00.785805 NEM:                        XsaveoptSupport: 1
00:00:00.785808 NEM:                             AvxSupport: 1
00:00:00.785811 NEM:                            Avx2Support: 1
00:00:00.785815 NEM:                             FmaSupport: 1
00:00:00.785818 NEM:                             MpxSupport: 0
00:00:00.785821 NEM:                          Avx512Support: 0
00:00:00.785824 NEM:                        Avx512DQSupport: 0
00:00:00.785827 NEM:                        Avx512BWSupport: 0
00:00:00.785830 NEM:                        Avx512VLSupport: 0
00:00:00.785833 NEM:                       XsaveCompSupport: 1
00:00:00.785893 NEM:                 XsaveSupervisorSupport: 1
00:00:00.785901 NEM:                            Xcr1Support: 1
00:00:00.785905 NEM:                    Avx512BitalgSupport: 0
00:00:00.785908 NEM:                      Avx512IfmaSupport: 0
00:00:00.785912 NEM:                      Avx512VBmiSupport: 0
00:00:00.785915 NEM:                     Avx512VBmi2Support: 0
00:00:00.785918 NEM:                      Avx512VnniSupport: 0
00:00:00.785921 NEM:                            GfniSupport: 0
00:00:00.785924 NEM:                            VaesSupport: 0
00:00:00.785927 NEM:                 Avx512VPopcntdqSupport: 0
00:00:00.785930 NEM:                      VpclmulqdqSupport: 0
00:00:00.785933 NEM:                      Avx512Bf16Support: 0
00:00:00.785936 NEM:              Avx512Vp2IntersectSupport: 0
00:00:00.785939 NEM:                      Avx512Fp16Support: 0
00:00:00.785942 NEM:                             XfdSupport: 0
00:00:00.785945 NEM:                         AmxTileSupport: 0
00:00:00.785948 NEM:                         AmxBf16Support: 0
00:00:00.785951 NEM:                         AmxInt8Support: 0
00:00:00.785954 NEM:                         AvxVnniSupport: 0
00:00:00.785958 NEM: Supported exception exit bitmap: 0xf7dfb
00:00:00.785964 NEM: WHvCapabilityCodeProcessorVendor      = 0 - AMD
00:00:00.785972 NEM: WHvCapabilityCodeProcessorFeatures    = 0x000006cb66f39fbf
00:00:00.785975 NEM:                            Sse3Support: 1
00:00:00.785979 NEM:                        LahfSahfSupport: 1
00:00:00.785982 NEM:                           Ssse3Support: 1
00:00:00.785985 NEM:                          Sse4_1Support: 1
00:00:00.785990 NEM:                          Sse4_2Support: 1
00:00:00.785993 NEM:                           Sse4aSupport: 1
00:00:00.785996 NEM:                             XopSupport: 0
00:00:00.786000 NEM:                          PopCntSupport: 1
00:00:00.786003 NEM:                      Cmpxchg16bSupport: 1
00:00:00.786006 NEM:                       Altmovcr8Support: 1
00:00:00.786009 NEM:                           LzcntSupport: 1
00:00:00.786012 NEM:                     MisAlignSseSupport: 1
00:00:00.786015 NEM:                          MmxExtSupport: 1
00:00:00.786018 NEM:                        Amd3DNowSupport: 0
00:00:00.786021 NEM:                ExtendedAmd3DNowSupport: 0
00:00:00.786024 NEM:                         Page1GbSupport: 1
00:00:00.786027 NEM:                             AesSupport: 1
00:00:00.786030 NEM:                       PclmulqdqSupport: 1
00:00:00.786033 NEM:                            PcidSupport: 0
00:00:00.786036 NEM:                            Fma4Support: 0
00:00:00.786040 NEM:                            F16CSupport: 1
00:00:00.786043 NEM:                          RdRandSupport: 1
00:00:00.786046 NEM:                        RdWrFsGsSupport: 1
00:00:00.786049 NEM:                            SmepSupport: 1
00:00:00.786052 NEM:              EnhancedFastStringSupport: 0
00:00:00.786055 NEM:                            Bmi1Support: 1
00:00:00.786058 NEM:                            Bmi2Support: 1
00:00:00.786061 NEM:                              Reserved1: 0
00:00:00.786064 NEM:                           MovbeSupport: 1
00:00:00.786067 NEM:                          Npiep1Support: 1
00:00:00.786070 NEM:                   DepX87FPUSaveSupport: 0
00:00:00.786073 NEM:                          RdSeedSupport: 1
00:00:00.786076 NEM:                             AdxSupport: 1
00:00:00.786080 NEM:                   IntelPrefetchSupport: 0
00:00:00.786082 NEM:                            SmapSupport: 1
00:00:00.786086 NEM:                             HleSupport: 0
00:00:00.786089 NEM:                             RtmSupport: 0
00:00:00.786092 NEM:                          RdtscpSupport: 1
00:00:00.786095 NEM:                      ClflushoptSupport: 1
00:00:00.786098 NEM:                            ClwbSupport: 0
00:00:00.786101 NEM:                             ShaSupport: 1
00:00:00.786131 NEM:                X87PointersSavedSupport: 1
00:00:00.786136 NEM:                         InvpcidSupport: 0
00:00:00.786139 NEM:                            IbrsSupport: 0
00:00:00.786142 NEM:                           StibpSupport: 0
00:00:00.786145 NEM:                            IbpbSupport: 0
00:00:00.786148 NEM:                              Reserved2: 0
00:00:00.786151 NEM:                            SsbdSupport: 0
00:00:00.786155 NEM:                 FastShortRepMovSupport: 0
00:00:00.786158 NEM:                              Reserved3: 0
00:00:00.786161 NEM:                                 RdclNo: 0
00:00:00.786164 NEM:                         IbrsAllSupport: 0
00:00:00.786168 NEM:                              Reserved4: 0
00:00:00.786171 NEM:                                  SsbNo: 0
00:00:00.786174 NEM:                                 RsbANo: 0
00:00:00.786177 NEM:                              Reserved5: 0
00:00:00.786180 NEM:                           RdPidSupport: 0
00:00:00.786184 NEM:                            UmipSupport: 0
00:00:00.786187 NEM:                           MdsNoSupport: 0
00:00:00.786190 NEM:                         MdClearSupport: 0
00:00:00.786193 NEM:                           TaaNoSupport: 0
00:00:00.786196 NEM:                         TsxCtrlSupport: 0
00:00:00.786199 NEM:                              Reserved6: 0
00:00:00.786206 NEM: WHvCapabilityCodeProcessorClFlushSize = 2^8
00:00:00.786210 NEM: Warning! Unknown capability 0x4 returning: 3f 00 00 00 00 00 00 00 00 00 00 00 00 00 00 00 00 00 00 00 00 00 00 00
00:00:00.786625 NEM: Warning! Unknown capability 0x1003 returning: 1f 38 00 00 00 00 00 00 00 00 00 00 00 00 00 00 00 00 00 00 00 00 00 00
00:00:00.786640 NEM: Warning! Unknown capability 0x1004 returning: f0 89 82 e2 00 00 00 00 00 00 00 00 00 00 00 00 00 00 00 00 00 00 00 00
00:00:00.786646 NEM: Warning! Unknown capability 0x1005 returning: 00 c2 eb 0b 00 00 00 00 00 00 00 00 00 00 00 00 00 00 00 00 00 00 00 00
00:00:00.786650 NEM: Warning! Unknown capability 0x1006 returning: 02 00 00 00 00 00 00 00 bf 9f f3 66 cb 06 00 00 04 00 00 00 00 00 00 00
00:00:00.787394 NEM: Created partition 000001be3fb45890. APIC emulation mode: VirtualBox
00:00:00.787416 PGM: Enabling NEM mode
00:00:00.787481 NEM:
00:00:00.787481 NEM: NEMR3Init: Snail execution mode is active!
00:00:00.787481 NEM: Note! VirtualBox is not able to run at its full potential in this execution mode.
00:00:00.787482 NEM:       To see VirtualBox run at max speed you need to disable all Windows features
00:00:00.787482 NEM:       making use of Hyper-V.  That is a moving target, so google how and carefully
00:00:00.787482 NEM:       consider the consequences of disabling these features.
00:00:00.787482 NEM:
00:00:00.787504 CPUM: No hardware-virtualization capability detected
00:00:00.787508 CPUM: fXStateHostMask=0x7; host XCR0=0x7
00:00:00.789865 CPUM: Matched host CPU AMD 0x17/0x8/0x2 AMD_Zen_Ryzen with CPU DB entry 'AMD Ryzen 7 1800X Eight-Core' (AMD 0x17/0x1/0x1 AMD_Zen_Ryzen)
00:00:00.805174 CPUM: MXCSR_MASK=0x2ffff (host: 0x2ffff)
00:00:00.805236 CPUM: Microcode revision 0x08008202
00:00:00.805272 CPUM: MSR fudge: 0x00000017 IA32_PLATFORM_ID
00:00:00.805320 CPUM: MSR fudge: 0x000001a0 IA32_MISC_ENABLE
00:00:00.805350 CPUM: MSR fudge: 0x000002ff IA32_MTRR_DEF_TYPE
00:00:00.805379 CPUM: MSR fudge: 0x0000002c P4_EBC_FREQUENCY_ID
00:00:00.805503 CPUM: Set SSBD not required flag for AMD to work around some buggy Linux kernels!
00:00:00.805509 CPUM: Enabled MTRR read-write support
00:00:00.805514 CPUM: Enabled fixed-range MTRRs and 16 (virtualized) variable-range MTRRs
00:00:00.807380 NEM: HvPartitionPropertyProcessorVendor=0x0 (0)
00:00:00.807402 NEM: cbXSaveArea=832
00:00:00.807421 NEM: Default XSAVE area returned by Hyper-V
00:00:00.807423 0000000eb39fd4a0/0000: 00 00 00 00 00 00 00 00-00 00 00 00 00 00 00 00 ................
00:00:00.807426 0000000eb39fd4b0/0010: 00 00 00 00 00 00 00 00-80 1f 00 00 ff ff 02 00 ................
00:00:00.807428 0000000eb39fd4c0/0020: 00 00 00 00 00 00 00 00-00 00 00 00 00 00 00 00 ................
00:00:00.807429 0000000eb39fd4d0/0030: 00 00 00 00 00 00 00 00-00 00 00 00 00 00 00 00 ................
00:00:00.807431 0000000eb39fd4e0/0040: 00 00 00 00 00 00 00 00-00 00 00 00 00 00 00 00 ................
00:00:00.807432 0000000eb39fd4f0/0050: 00 00 00 00 00 00 00 00-00 00 00 00 00 00 00 00 ................
00:00:00.807434 0000000eb39fd500/0060: 00 00 00 00 00 00 00 00-00 00 00 00 00 00 00 00 ................
00:00:00.807436 0000000eb39fd510/0070: 00 00 00 00 00 00 00 00-00 00 00 00 00 00 00 00 ................
00:00:00.807437 0000000eb39fd520/0080: 00 00 00 00 00 00 00 00-00 00 00 00 00 00 00 00 ................
00:00:00.807439 0000000eb39fd530/0090: 00 00 00 00 00 00 00 00-00 00 00 00 00 00 00 00 ................
00:00:00.807440 0000000eb39fd540/00a0: 00 00 00 00 00 00 00 00-00 00 00 00 00 00 00 00 ................
00:00:00.807442 0000000eb39fd550/00b0: 00 00 00 00 00 00 00 00-00 00 00 00 00 00 00 00 ................
00:00:00.807443 0000000eb39fd560/00c0: 00 00 00 00 00 00 00 00-00 00 00 00 00 00 00 00 ................
00:00:00.807445 0000000eb39fd570/00d0: 00 00 00 00 00 00 00 00-00 00 00 00 00 00 00 00 ................
00:00:00.807446 0000000eb39fd580/00e0: 00 00 00 00 00 00 00 00-00 00 00 00 00 00 00 00 ................
00:00:00.807448 0000000eb39fd590/00f0: 00 00 00 00 00 00 00 00-00 00 00 00 00 00 00 00 ................
00:00:00.807449 0000000eb39fd5a0/0100: 00 00 00 00 00 00 00 00-00 00 00 00 00 00 00 00 ................
00:00:00.807451 0000000eb39fd5b0/0110: 00 00 00 00 00 00 00 00-00 00 00 00 00 00 00 00 ................
00:00:00.807452 0000000eb39fd5c0/0120: 00 00 00 00 00 00 00 00-00 00 00 00 00 00 00 00 ................
00:00:00.807454 0000000eb39fd5d0/0130: 00 00 00 00 00 00 00 00-00 00 00 00 00 00 00 00 ................
00:00:00.807455 0000000eb39fd5e0/0140: 00 00 00 00 00 00 00 00-00 00 00 00 00 00 00 00 ................
00:00:00.807457 0000000eb39fd5f0/0150: 00 00 00 00 00 00 00 00-00 00 00 00 00 00 00 00 ................
00:00:00.807458 0000000eb39fd600/0160: 00 00 00 00 00 00 00 00-00 00 00 00 00 00 00 00 ................
00:00:00.807459 0000000eb39fd610/0170: 00 00 00 00 00 00 00 00-00 00 00 00 00 00 00 00 ................
00:00:00.807461 0000000eb39fd620/0180: 00 00 00 00 00 00 00 00-00 00 00 00 00 00 00 00 ................
00:00:00.807462 0000000eb39fd630/0190: 00 00 00 00 00 00 00 00-00 00 00 00 00 00 00 00 ................
00:00:00.807464 0000000eb39fd640/01a0: 00 00 00 00 00 00 00 00-00 00 00 00 00 00 00 00 ................
00:00:00.807465 0000000eb39fd650/01b0: 00 00 00 00 00 00 00 00-00 00 00 00 00 00 00 00 ................
00:00:00.807467 0000000eb39fd660/01c0: 00 00 00 00 00 00 00 00-00 00 00 00 00 00 00 00 ................
00:00:00.807468 0000000eb39fd670/01d0: 00 00 00 00 00 00 00 00-00 00 00 00 00 00 00 00 ................
00:00:00.807470 0000000eb39fd680/01e0: 00 00 00 00 00 00 00 00-00 00 00 00 00 00 00 00 ................
00:00:00.807471 0000000eb39fd690/01f0: 00 00 00 00 00 00 00 00-00 00 00 00 00 00 00 00 ................
00:00:00.807473 0000000eb39fd6a0/0200: 02 00 00 00 00 00 00 00-07 00 00 00 00 00 00 80 ................
00:00:00.807474 0000000eb39fd6b0/0210: 00 00 00 00 00 00 00 00-00 00 00 00 00 00 00 00 ................
00:00:00.807476 0000000eb39fd6c0/0220: 00 00 00 00 00 00 00 00-00 00 00 00 00 00 00 00 ................
00:00:00.807477 0000000eb39fd6d0/0230: 00 00 00 00 00 00 00 00-00 00 00 00 00 00 00 00 ................
00:00:00.807479 0000000eb39fd6e0/0240: 00 00 00 00 00 00 00 00-00 00 00 00 00 00 00 00 ................
00:00:00.807480 0000000eb39fd6f0/0250: 00 00 00 00 00 00 00 00-00 00 00 00 00 00 00 00 ................
00:00:00.807482 0000000eb39fd700/0260: 00 00 00 00 00 00 00 00-00 00 00 00 00 00 00 00 ................
00:00:00.807483 0000000eb39fd710/0270: 00 00 00 00 00 00 00 00-00 00 00 00 00 00 00 00 ................
00:00:00.807485 0000000eb39fd720/0280: 00 00 00 00 00 00 00 00-00 00 00 00 00 00 00 00 ................
00:00:00.807486 0000000eb39fd730/0290: 00 00 00 00 00 00 00 00-00 00 00 00 00 00 00 00 ................
00:00:00.807488 0000000eb39fd740/02a0: 00 00 00 00 00 00 00 00-00 00 00 00 00 00 00 00 ................
00:00:00.807489 0000000eb39fd750/02b0: 00 00 00 00 00 00 00 00-00 00 00 00 00 00 00 00 ................
00:00:00.807491 0000000eb39fd760/02c0: 00 00 00 00 00 00 00 00-00 00 00 00 00 00 00 00 ................
00:00:00.807492 0000000eb39fd770/02d0: 00 00 00 00 00 00 00 00-00 00 00 00 00 00 00 00 ................
00:00:00.807493 0000000eb39fd780/02e0: 00 00 00 00 00 00 00 00-00 00 00 00 00 00 00 00 ................
00:00:00.807495 0000000eb39fd790/02f0: 00 00 00 00 00 00 00 00-00 00 00 00 00 00 00 00 ................
00:00:00.807496 0000000eb39fd7a0/0300: 00 00 00 00 00 00 00 00-00 00 00 00 00 00 00 00 ................
00:00:00.807498 0000000eb39fd7b0/0310: 00 00 00 00 00 00 00 00-00 00 00 00 00 00 00 00 ................
00:00:00.807499 0000000eb39fd7c0/0320: 00 00 00 00 00 00 00 00-00 00 00 00 00 00 00 00 ................
00:00:00.807501 0000000eb39fd7d0/0330: 00 00 00 00 00 00 00 00-00 00 00 00 00 00 00 00 ................
00:00:00.807598 NEM: Successfully set up partition (device handle 0000000000000a68, partition ID 0xad)
00:00:00.807774 PGM: Host paging mode: AMD64+PGE+NX
00:00:00.807783 PGM: PGMPool: cMaxPages=256 (u64MaxPages=64)
00:00:00.807787 PGM: pgmR3PoolInit: cMaxPages=0x100 cMaxUsers=0x200 cMaxPhysExts=0x200 fCacheEnable=true
00:00:00.819457 SUPLib: MEM_LARGE_PAGES works!
00:00:00.819749 TM: GIP - u32Mode=3 (Invariant) u32UpdateHz=93 u32UpdateIntervalNS=10741500 enmUseTscDelta=2 (Practically Zero) fGetGipCpu=0x2b cCpus=16
00:00:00.819757 TM: GIP - u64CpuHz=3 800 205 671 (0xe2828967)  SUPGetCpuHzFromGip => 3 800 205 671
00:00:00.819762 TM: GIP - CPU: iCpuSet=0x0 idCpu=0x0 idApic=0x0 iGipCpu=0x2 i64TSCDelta=0 enmState=3 u64CpuHz=3800199759(*) cErrors=0
00:00:00.819767 TM: GIP - CPU: iCpuSet=0x1 idCpu=0x1 idApic=0x1 iGipCpu=0x1 i64TSCDelta=0 enmState=3 u64CpuHz=3800206701(*) cErrors=0
00:00:00.819771 TM: GIP - CPU: iCpuSet=0x2 idCpu=0x2 idApic=0x2 iGipCpu=0x7 i64TSCDelta=0 enmState=3 u64CpuHz=3800205164(*) cErrors=0
00:00:00.819775 TM: GIP - CPU: iCpuSet=0x3 idCpu=0x3 idApic=0x3 iGipCpu=0x5 i64TSCDelta=0 enmState=3 u64CpuHz=3800205413(*) cErrors=0
00:00:00.819779 TM: GIP - CPU: iCpuSet=0x4 idCpu=0x4 idApic=0x4 iGipCpu=0x0 i64TSCDelta=0 enmState=3 u64CpuHz=3800205671(*) cErrors=0
00:00:00.819782 TM: GIP - CPU: iCpuSet=0x5 idCpu=0x5 idApic=0x5 iGipCpu=0x6 i64TSCDelta=0 enmState=3 u64CpuHz=3800205515(*) cErrors=0
00:00:00.819786 TM: GIP - CPU: iCpuSet=0x6 idCpu=0x6 idApic=0x6 iGipCpu=0x4 i64TSCDelta=0 enmState=3 u64CpuHz=3800205870(*) cErrors=0
00:00:00.819790 TM: GIP - CPU: iCpuSet=0x7 idCpu=0x7 idApic=0x7 iGipCpu=0x3 i64TSCDelta=0 enmState=3 u64CpuHz=3800204823(*) cErrors=0
00:00:00.819793 TM: GIP - CPU: iCpuSet=0x8 idCpu=0x8 idApic=0x8 iGipCpu=0xa i64TSCDelta=0 enmState=3 u64CpuHz=3800205628(*) cErrors=0
00:00:00.819797 TM: GIP - CPU: iCpuSet=0x9 idCpu=0x9 idApic=0x9 iGipCpu=0x8 i64TSCDelta=0 enmState=3 u64CpuHz=3800205576(*) cErrors=0
00:00:00.819800 TM: GIP - CPU: iCpuSet=0xa idCpu=0xa idApic=0xa iGipCpu=0xd i64TSCDelta=0 enmState=3 u64CpuHz=3800205529(*) cErrors=0
00:00:00.819804 TM: GIP - CPU: iCpuSet=0xb idCpu=0xb idApic=0xb iGipCpu=0xe i64TSCDelta=0 enmState=3 u64CpuHz=3800205671(*) cErrors=0
00:00:00.819807 TM: GIP - CPU: iCpuSet=0xc idCpu=0xc idApic=0xc iGipCpu=0x9 i64TSCDelta=0 enmState=3 u64CpuHz=3800205494(*) cErrors=0
00:00:00.819811 TM: GIP - CPU: iCpuSet=0xd idCpu=0xd idApic=0xd iGipCpu=0xc i64TSCDelta=0 enmState=3 u64CpuHz=3800205648(*) cErrors=0
00:00:00.819814 TM: GIP - CPU: iCpuSet=0xe idCpu=0xe idApic=0xe iGipCpu=0xf i64TSCDelta=0 enmState=3 u64CpuHz=3800206701(*) cErrors=0
00:00:00.819817 TM: GIP - CPU: iCpuSet=0xf idCpu=0xf idApic=0xf iGipCpu=0xb i64TSCDelta=0 enmState=3 u64CpuHz=3800205483(*) cErrors=0
00:00:00.819825 TM: NEM overrides the /TM/TSCModeSwitchAllowed setting.
00:00:00.819836 TM:     cTSCTicksPerSecond=3 800 205 671 (0xe2828967) enmTSCMode=4 (NativeApi) TSCMultiplier=1
00:00:00.819839 TM: cTSCTicksPerSecondHost=3 800 205 671 (0xe2828967)
00:00:00.819839 TM: TSCTiedToExecution=false TSCNotTiedToHalt=false
00:00:00.820487 EMR3Init: fIemExecutesAll=false fGuruOnTripleFault=true
00:00:00.820621 IEM: TargetCpu=CURRENT, Microarch=AMD_Zen_Ryzen aidxTargetCpuEflFlavour={2,0}
00:00:00.821055 GIM: Using provider 'None' (Implementation version: 0)
00:00:00.821071 GCM: Initialized - Fixer bits: 0x0
00:00:00.821124 AIOMgr: Default manager type is 'Async'
00:00:00.821129 AIOMgr: Default file backend is 'NonBuffered'
00:00:00.821170 BlkCache: Cache successfully initialized. Cache size is 5242880 bytes
00:00:00.821175 BlkCache: Cache commit interval is 10000 ms
00:00:00.821178 BlkCache: Cache commit threshold is 2621440 bytes
00:00:01.216241 PcBios: [SMP] BIOS with 1 CPUs
00:00:01.216268 PcBios: Using the 386+ BIOS image.
00:00:01.216651 PcBios: fCheckShutdownStatusForSoftReset=true  fClearShutdownStatusOnHardReset=true
00:00:01.216815 PDM: VirtualBox APIC backend registered
00:00:01.216861 CPUM: SetGuestCpuIdFeature: Enabled xAPIC
00:00:01.217240 PIT: mode=3 count=0x10000 (65536) - 18.20 Hz (ch=0)
00:00:01.217407 VMMDev: cbDefaultBudget: 1 073 741 824 (40000000)
00:00:01.233558 Shared Folders service loaded
00:00:01.245941 Guest Control service loaded
00:00:01.267063 VGA: Using the 386+ BIOS image.
00:00:01.268556 DrvVD: Flushes will be ignored
00:00:01.268567 DrvVD: Async flushes will be passed to the disk
00:00:01.268986 VD: VDInit finished with VINF_SUCCESS
00:00:01.269098 VD: Opening the disk took 517373 ns
00:00:01.269149 PIIX3 ATA: LUN#0: disk, PCHS=65/16/63, total number of sectors 65536
00:00:01.269197 PIIX3 ATA: LUN#1: no unit
00:00:01.269236 PIIX3 ATA: LUN#2: no unit
00:00:01.269241 PIIX3 ATA: LUN#3: no unit
00:00:01.269301 PIIX3 ATA: Ctl#0: finished processing RESET
00:00:01.269356 PIIX3 ATA: Ctl#1: finished processing RESET
00:00:01.283514 Audio Mixer: Setting sink 'SB16 Mixer/PCM Output' -- channel volumes: ba ba ba ba ba ba ba ba ba ba ba ba
00:00:01.308305 WasAPI: Input device is: {Default} (iface 000001be3f99e820)
00:00:01.310551 WasAPI: Output device is: {Default} (iface 000001be3f99ea50)
00:00:01.316217 Audio: Found 9 devices for driver 'WasAPI'
00:00:01.316228 Audio: Device 'Headphones (High Definition Audio Device)':
00:00:01.316229 Audio:   ID              = {0.0.0.00000000}.{12380492-75b7-42bc-b789-0d1d8d1f4e3b}
00:00:01.316229 Audio:   Usage           = output
00:00:01.316230 Audio:   Flags           = DEFAULT_OUT
00:00:01.316230 Audio:   Input channels  = 0
00:00:01.316231 Audio:   Output channels = 2
00:00:01.316234 Audio: Device 'Headphones (High Definition Audio Device)':
00:00:01.316234 Audio:   ID              = {0.0.0.00000000}.{12380492-75b7-42bc-b789-0d1d8d1f4e3b}
00:00:01.316235 Audio:   Usage           = output
00:00:01.316235 Audio:   Flags           = NONE
00:00:01.316235 Audio:   Input channels  = 0
00:00:01.316236 Audio:   Output channels = 2
00:00:01.316239 Audio: Device 'Digital Audio (S/PDIF) (High Definition Audio Device)':
00:00:01.316239 Audio:   ID              = {0.0.0.00000000}.{2ca71d41-bb09-4c97-9aaf-cabbc6fbe5ab}
00:00:01.316240 Audio:   Usage           = output
00:00:01.316240 Audio:   Flags           = NONE
00:00:01.316240 Audio:   Input channels  = 0
00:00:01.316240 Audio:   Output channels = 2
00:00:01.316243 Audio: Device '100012589 (NVIDIA High Definition Audio)':
00:00:01.316244 Audio:   ID              = {0.0.0.00000000}.{3f36c4ff-500a-4cd3-9a35-77b5981f1155}
00:00:01.316244 Audio:   Usage           = output
00:00:01.316244 Audio:   Flags           = NONE
00:00:01.316244 Audio:   Input channels  = 0
00:00:01.316245 Audio:   Output channels = 2
00:00:01.316248 Audio: Device 'Speakers (2- USB Audio CODEC )':
00:00:01.316248 Audio:   ID              = {0.0.0.00000000}.{566bb4ca-cb36-4deb-843b-246f6c5c5982}
00:00:01.316248 Audio:   Usage           = output
00:00:01.316249 Audio:   Flags           = NONE
00:00:01.316249 Audio:   Input channels  = 0
00:00:01.316249 Audio:   Output channels = 2
00:00:01.316261 Audio: Device '100012589 (NVIDIA High Definition Audio)':
00:00:01.316261 Audio:   ID              = {0.0.0.00000000}.{fdb7b4cc-b13a-4c66-ac46-5302e0b66d2f}
00:00:01.316261 Audio:   Usage           = output
00:00:01.316262 Audio:   Flags           = NONE
00:00:01.316262 Audio:   Input channels  = 0
00:00:01.316262 Audio:   Output channels = 2
00:00:01.316268 Audio: Device 'Microphone (NexiGo HD Webcam Audio)':
00:00:01.316268 Audio:   ID              = {0.0.1.00000000}.{8830d0fa-5126-4de0-babf-090349e9c6f6}
00:00:01.316268 Audio:   Usage           = input
00:00:01.316268 Audio:   Flags           = DEFAULT_IN
00:00:01.316269 Audio:   Input channels  = 2
00:00:01.316269 Audio:   Output channels = 0
00:00:01.316272 Audio: Device 'Microphone (2- USB Audio CODEC )':
00:00:01.316272 Audio:   ID              = {0.0.1.00000000}.{2cdb81b1-e1eb-4201-a0a4-fc6057072946}
00:00:01.316273 Audio:   Usage           = input
00:00:01.316273 Audio:   Flags           = NONE
00:00:01.316273 Audio:   Input channels  = 1
00:00:01.316274 Audio:   Output channels = 0
00:00:01.316276 Audio: Device 'Microphone (NexiGo HD Webcam Audio)':
00:00:01.316277 Audio:   ID              = {0.0.1.00000000}.{8830d0fa-5126-4de0-babf-090349e9c6f6}
00:00:01.316277 Audio:   Usage           = input
00:00:01.316277 Audio:   Flags           = NONE
00:00:01.316277 Audio:   Input channels  = 2
00:00:01.316278 Audio:   Output channels = 0
00:00:01.316533 PGM: The CPU physical address width is 48 bits
00:00:01.316541 PGM: PGMR3InitFinalize: 4 MB PSE mask 0000ffffffffffff -> VINF_SUCCESS
00:00:01.316550 TM: TMR3InitFinalize: fTSCModeSwitchAllowed=false
00:00:01.316793 CPUM: Mapped 1.0MiB (1048576 bytes) of RAM using fixed-range MTRRs
00:00:01.316801 CPUM: Mapped 64.0MiB (67108864 bytes) of RAM using 1 variable-range MTRRs
00:00:01.316908 VMM: Thread-context hooks unavailable
00:00:01.316916 VMM: RTThreadPreemptIsPending() can be trusted
00:00:01.316919 VMM: Kernel preemption is possible
00:00:01.316929 EM: Exit history optimizations: enabled=true enabled-r0=true enabled-r0-no-preemption=false
00:00:01.320942 PcBios: ATA LUN#0 LCHS=65/16/63
00:00:01.320958 APIC: fPostedIntrsEnabled=false fVirtApicRegsEnabled=false fSupportsTscDeadline=false
00:00:01.320964 TMR3UtcNow: nsNow=1 776 977 846 296 601 900 nsPrev=0 -> cNsDelta=1 776 977 846 296 601 900 (offLag=0 offVirtualSync=0 offVirtualSyncGivenUp=0, NowAgain=1 776 977 846 296 601 900)
00:00:01.321041 VMM: fUsePeriodicPreemptionTimers=true
00:00:01.321049 CPUM: Logical host processors: 16 present, 16 max, 16 online, online mask: 000000000000ffff
00:00:01.321050 CPUM: Physical host cores: 8
00:00:01.321050 ************************ CPUID dump *************************
00:00:01.323387          Raw Standard CPUID Leaves
00:00:01.323387      Leaf/sub-leaf  eax      ebx      ecx      edx
00:00:01.323389 Gst: 00000000/0000  0000000d 68747541 444d4163 69746e65
00:00:01.323390 Hst:                0000000d 68747541 444d4163 69746e65
00:00:01.323391 Gst: 00000001/0000  00800f82 00010800 76d83203 178bfbbf
00:00:01.323392 Hst:                00800f82 01100800 fed83203 178bfbff
00:00:01.323398 Gst: 00000002/0000  00000000 00000000 00000000 00000000
00:00:01.323398 Hst:                00000000 00000000 00000000 00000000
00:00:01.323399 Gst: 00000003/0000  00000000 00000000 00000000 00000000
00:00:01.323400 Hst:                00000000 00000000 00000000 00000000
00:00:01.323400 Gst: 00000004/0000  00000000 00000000 00000000 00000000
00:00:01.323401 Hst:                00000000 00000000 00000000 00000000
00:00:01.323402 Gst: 00000005/0000  00000000 00000000 00000000 00000000
00:00:01.323402 Hst:                00000000 00000000 00000000 00000000
00:00:01.323403 Gst: 00000006/0000  00000004 00000000 00000000 00000000
00:00:01.323404 Hst:                00000000 00000000 00000001 00000000
00:00:01.323404 Gst: 00000007/0000  00000000 208c0129 00000000 00000000
00:00:01.323405 Hst:                00000000 209c01a9 00000000 00000000
00:00:01.323406 Gst: 00000007/0001  00000000 00000000 00000000 00000000
00:00:01.323407 Hst:                00000000 00000000 00000000 00000000
00:00:01.323407 Gst: 00000007/0002  00000000 00000000 00000000 00000000
00:00:01.323408 Hst:                00000000 00000000 00000000 00000000
00:00:01.323413 Gst: 00000008/0000  00000000 00000000 00000000 00000000
00:00:01.323413 Hst:                00000000 00000000 00000000 00000000
00:00:01.323414 Gst: 00000009/0000  00000000 00000000 00000000 00000000
00:00:01.323415 Hst:                00000000 00000000 00000000 00000000
00:00:01.323415 Gst: 0000000a/0000  00000000 00000000 00000000 00000000
00:00:01.323416 Hst:                00000000 00000000 00000000 00000000
00:00:01.323417 Gst: 0000000b/0000  00000000 00000000 00000000 00000000
00:00:01.323417 Hst:                00000000 00000000 00000000 00000000
00:00:01.323418 Gst: 0000000c/0000  00000000 00000000 00000000 00000000
00:00:01.323419 Hst:                00000000 00000000 00000000 00000000
00:00:01.323419 Gst: 0000000d/0000  00000007 00000340 00000340 00000000
00:00:01.323420 Hst:                00000007 00000340 00000340 00000000
00:00:01.323421 Gst: 0000000d/0001  00000000 00000340 00000000 00000000
00:00:01.323422 Hst:                0000000f 00000340 00000000 00000000
00:00:01.323422 Gst: 0000000d/0002  00000100 00000240 00000000 00000000
00:00:01.323423 Hst:                00000100 00000240 00000000 00000000
00:00:01.323424 Gst: 0000000d/0003  00000000 00000000 00000000 00000000
00:00:01.323424 Hst:                00000000 00000000 00000000 00000000
00:00:01.323425                                Name: AuthenticAMD
00:00:01.323426                            Supports: 0x00000000-0x0000000d
00:00:01.323427                              Family: 15 	Extended: 8 	Effective: 23
00:00:01.323429                               Model:  8 	Extended: 0 	Effective: 8
00:00:01.323430                            Stepping: 2
00:00:01.323431                                Type: 0 (primary)
00:00:01.323432                             APIC ID: 0x00
00:00:01.323433                        Logical CPUs: 1
00:00:01.323434                        CLFLUSH Size: 8
00:00:01.323435                            Brand ID: 0x00
00:00:01.323436 Features
00:00:01.323436   Mnemonic - Description                                  = Guest (Host)
00:00:01.323438   FPU - x87 FPU on Chip                                   = 1 (1)
00:00:01.323440   VME - Virtual 8086 Mode Enhancements                    = 1 (1)
00:00:01.323441   DE - Debugging extensions                               = 1 (1)
00:00:01.323442   PSE - Page Size Extension                               = 1 (1)
00:00:01.323444   TSC - Time Stamp Counter                                = 1 (1)
00:00:01.323446   MSR - Model Specific Registers                          = 1 (1)
00:00:01.323447   PAE - Physical Address Extension                        = 0 (1)
00:00:01.323449   MCE - Machine Check Exception                           = 1 (1)
00:00:01.323450   CX8 - CMPXCHG8B instruction                             = 1 (1)
00:00:01.323451   APIC - APIC On-Chip                                     = 1 (1)
00:00:01.323452   SEP - SYSENTER and SYSEXIT Present                      = 1 (1)
00:00:01.323453   MTRR - Memory Type Range Registers                      = 1 (1)
00:00:01.323454   PGE - PTE Global Bit                                    = 1 (1)
00:00:01.323456   MCA - Machine Check Architecture                        = 1 (1)
00:00:01.323457   CMOV - Conditional Move instructions                    = 1 (1)
00:00:01.323458   PAT - Page Attribute Table                              = 1 (1)
00:00:01.323459   PSE-36 - 36-bit Page Size Extension                     = 1 (1)
00:00:01.323460   PSN - Processor Serial Number                           = 0 (0)
00:00:01.323461   CLFSH - CLFLUSH instruction                             = 1 (1)
00:00:01.323462   DS - Debug Store                                        = 0 (0)
00:00:01.323464   ACPI - Thermal Mon. & Soft. Clock Ctrl.                 = 0 (0)
00:00:01.323465   MMX - Intel MMX Technology                              = 1 (1)
00:00:01.323466   FXSR - FXSAVE and FXRSTOR instructions                  = 1 (1)
00:00:01.323467   SSE - SSE support                                       = 1 (1)
00:00:01.323468   SSE2 - SSE2 support                                     = 1 (1)
00:00:01.323469   SS - Self Snoop                                         = 0 (0)
00:00:01.323471   HTT - Hyper-Threading Technology                        = 1 (1)
00:00:01.323472   TM - Therm. Monitor                                     = 0 (0)
00:00:01.323473   PBE - Pending Break Enabled                             = 0 (0)
00:00:01.323474   SSE3 - SSE3 support                                     = 1 (1)
00:00:01.323476   PCLMUL - PCLMULQDQ support (for AES-GCM)                = 1 (1)
00:00:01.323477   DTES64 - DS Area 64-bit Layout                          = 0 (0)
00:00:01.323478   MONITOR - MONITOR/MWAIT instructions                    = 0 (0)
00:00:01.323479   CPL-DS - CPL Qualified Debug Store                      = 0 (0)
00:00:01.323480   VMX - Virtual Machine Extensions                        = 0 (0)
00:00:01.323481   SMX - Safer Mode Extensions                             = 0 (0)
00:00:01.323482   EST - Enhanced SpeedStep Technology                     = 0 (0)
00:00:01.323483   TM2 - Terminal Monitor 2                                = 0 (0)
00:00:01.323484   SSSE3 - Supplemental Streaming SIMD Extensions 3        = 1 (1)
00:00:01.323485   CNTX-ID - L1 Context ID                                 = 0 (0)
00:00:01.323486   SDBG - Silicon Debug interface                          = 0 (0)
00:00:01.323487   FMA - Fused Multiply Add extensions                     = 1 (1)
00:00:01.323488   CX16 - CMPXCHG16B instruction                           = 1 (1)
00:00:01.323489   TPRUPDATE - xTPR Update Control                         = 0 (0)
00:00:01.323490   PDCM - Perf/Debug Capability MSR                        = 0 (0)
00:00:01.323492   PCID - Process Context Identifiers                      = 0 (0)
00:00:01.323493   DCA - Direct Cache Access                               = 0 (0)
00:00:01.323494   SSE4_1 - SSE4_1 support                                 = 1 (1)
00:00:01.323495   SSE4_2 - SSE4_2 support                                 = 1 (1)
00:00:01.323496   X2APIC - x2APIC support                                 = 0 (0)
00:00:01.323497   MOVBE - MOVBE instruction                               = 1 (1)
00:00:01.323499   POPCNT - POPCNT instruction                             = 1 (1)
00:00:01.323500   TSCDEADL - Time Stamp Counter Deadline                  = 0 (0)
00:00:01.323501   AES - AES instructions                                  = 1 (1)
00:00:01.323502   XSAVE - XSAVE instruction                               = 1 (1)
00:00:01.323503   OSXSAVE - OSXSAVE instruction                           = 0 (1)
00:00:01.323504   AVX - AVX support                                       = 1 (1)
00:00:01.323506   F16C - 16-bit floating point conversion instructions    = 1 (1)
00:00:01.323506   RDRAND - RDRAND instruction                             = 1 (1)
00:00:01.323507   HVP - Hypervisor Present (we're a guest)                = 0 (1)
00:00:01.323508 Structured Extended Feature Flags Enumeration (leaf 7):
00:00:01.323509 Sub-leaf 0
00:00:01.323509   Mnemonic - Description                                  = Guest (Host)
00:00:01.323511   FSGSBASE - RDFSBASE/RDGSBASE/WRFSBASE/WRGSBASE instr.   = 1 (1)
00:00:01.323511   TSCADJUST - Supports MSR_IA32_TSC_ADJUST                = 0 (0)
00:00:01.323512   SGX - Supports Software Guard Extensions                = 0 (0)
00:00:01.323513   BMI1 - Advanced Bit Manipulation extension 1            = 1 (1)
00:00:01.323514   HLE - Hardware Lock Elision                             = 0 (0)
00:00:01.323515   AVX2 - Advanced Vector Extensions 2                     = 1 (1)
00:00:01.323517   FDP_EXCPTN_ONLY - FPU DP only updated on exceptions     = 0 (0)
00:00:01.323518   SMEP - Supervisor Mode Execution Prevention             = 0 (1)
00:00:01.323519   BMI2 - Advanced Bit Manipulation extension 2            = 1 (1)
00:00:01.323520   ERMS - Enhanced REP MOVSB/STOSB instructions            = 0 (0)
00:00:01.323521   INVPCID - INVPCID instruction                           = 0 (0)
00:00:01.323522   RTM - Restricted Transactional Memory                   = 0 (0)
00:00:01.323523   PQM - Platform Quality of Service Monitoring            = 0 (0)
00:00:01.323524   DEPFPU_CS_DS - Deprecates FPU CS, FPU DS values if set  = 0 (0)
00:00:01.323524   MPE - Intel Memory Protection Extensions                = 0 (0)
00:00:01.323525   PQE - Platform Quality of Service Enforcement           = 0 (0)
00:00:01.323526   AVX512F - AVX512 Foundation instructions                = 0 (0)
00:00:01.323527   AVX512DQ - Supports the AVX512DQ instructions           = 0 (0)
00:00:01.323528   RDSEED - RDSEED instruction                             = 1 (1)
00:00:01.323529   ADX - ADCX/ADOX instructions                            = 1 (1)
00:00:01.323530   SMAP - Supervisor Mode Access Prevention                = 0 (1)
00:00:01.323531   AVX512_IFMA - Supports the AVX512_IFMA instructions     = 0 (0)
00:00:01.323532   CLFLUSHOPT - CLFLUSHOPT (Cache Line Flush) instruction  = 1 (1)
00:00:01.323533   CLWB - CLWB instruction                                 = 0 (0)
00:00:01.323534   INTEL_PT - Intel Processor Trace                        = 0 (0)
00:00:01.323535   AVX512PF - AVX512 Prefetch instructions                 = 0 (0)
00:00:01.323536   AVX512ER - AVX512 Exponential & Reciprocal instructions = 0 (0)
00:00:01.323536   AVX512CD - AVX512 Conflict Detection instructions       = 0 (0)
00:00:01.323537   SHA - Secure Hash Algorithm extensions                  = 1 (1)
00:00:01.323538   AVX512BW - Supports the AVX512BW instructions           = 0 (0)
00:00:01.323539   AVX512VL - Supports the AVX512VL instructions           = 0 (0)
00:00:01.323540   PREFETCHWT1 - PREFETCHWT1 instruction                   = 0 (0)
00:00:01.323541   AVX512_VBMI - Supports the AVX512_VBMI instructions     = 0 (0)
00:00:01.323542   UMIP - User mode insturction prevention                 = 0 (0)
00:00:01.323543   PKU - Protection Key for Usermode pages                 = 0 (0)
00:00:01.323543   OSPKE - CR4.PKU mirror                                  = 0 (0)
00:00:01.323545   WAITPKG - TPAUSE, UMONITOR & UMWAIT support             = 0 (0)
00:00:01.323546   AVX512_VBMI2 - Supports the AVX512_VBMI2 instructions   = 0 (0)
00:00:01.323546   CET_SS - CET shadow stack support                       = 0 (0)
00:00:01.323547   GFNI - Supports the GFNI instruction set                = 0 (0)
00:00:01.323548   VAES - Supports the VEX encoded AES instruction set     = 0 (0)
00:00:01.323549   VPCLMULQDQ - Supports the VPCLMULQDQ instruction        = 0 (0)
00:00:01.323550   AVX512_VNNI - Supports the AVX512_VNNI instructions     = 0 (0)
00:00:01.323550   AVX512_BITALG - Supports the AVX512_BITALG instructions = 0 (0)
00:00:01.323551   TME_EN - Supports 4 IA32_TME_ MSRs                      = 0 (0)
00:00:01.323552   AVX512_VPOPCNTDQ - Supports the AVX512_VPOPCNTDQ instructions = 0 (0)
00:00:01.323553   LA57 - 57-bit linear addresses                          = 0 (0)
00:00:01.323554   MAWAU - Value used by BNDLDX & BNDSTX                   = 0x0 (0x0)
00:00:01.323555   RDPID - Read processor ID support                       = 0 (0)
00:00:01.323556   KEY_LOCKER - Supports Key Locker                        = 0 (0)
00:00:01.323557   BUS_LOCK_DETECT - Supports OS bus-lock detection        = 0 (0)
00:00:01.323558   CLDEMOTE - Supports cache line demote                   = 0 (0)
00:00:01.323559   MOVDIRI - Supports the MOVDIRI instruction              = 0 (0)
00:00:01.323560   MOVDIRI64B - Supports the MOVDIRI64B instruction        = 0 (0)
00:00:01.323561   ENQCMD - Supports the Eqnqueue Stores                   = 0 (0)
00:00:01.323562   SGX_LC - Supports SGX Launch Configuration              = 0 (0)
00:00:01.323563   PKS - Supports protection keys for supervisor pages     = 0 (0)
00:00:01.323564  Sub-leaf 2
00:00:01.323564   Mnemonic - Description                                  = Guest (Host)
00:00:01.323566   PSFD - Supports IA32_SPEC_CTRL[7] (PSFD)                = 0 (0)
00:00:01.323567   IPRED_CTRL - Supports IA32_SPEC_CTRL[4:3] (IPRED_DIS)   = 0 (0)
00:00:01.323568   RRSBA_CTRL - Supports IA32_SPEC_CTRL[6:5] (RRSBA_DIS)   = 0 (0)
00:00:01.323568   DDPD_U - Supports IA32_SPEC_CTRL[8] (DDPD_U)            = 0 (0)
00:00:01.323569   BHI_CTRL - Supports IA32_SPEC_CTRL[10] (BHI_DIS_S)      = 0 (0)
00:00:01.323570   MCDT_NO - No MXCSR Config Dependent Timing issues       = 0 (0)
00:00:01.323571   UC_LOCK_DIS - Supports UC-lock disable and causing #AC  = 0 (0)
00:00:01.323572   MONITOR_MITG_NO - No MONITOR/UMONITOR power issues      = 0 (0)
00:00:01.323573 Processor Extended State Enumeration (leaf 0xd):
00:00:01.323573    XSAVE area cur/max size by XCR0, Guest: 0x340/0x340
00:00:01.323574    XSAVE area cur/max size by XCR0,  Host: 0x340/0x340
00:00:01.323575                    Valid XCR0 bits, Guest: 0x00000000`00000007 ( x87 SSE YMM_Hi128 )
00:00:01.323577                    Valid XCR0 bits,  Host: 0x00000000`00000007 ( x87 SSE YMM_Hi128 )
00:00:01.323578                     XSAVE features, Guest
00:00:01.323579                     XSAVE features,  Host XSAVEOPT XSAVEC XGETBC1 XSAVES
00:00:01.323581       XSAVE area cur size XCR0|XSS, Guest: 0x340
00:00:01.323581       XSAVE area cur size XCR0|XSS,  Host: 0x340
00:00:01.323582                Valid IA32_XSS bits, Guest: 0x00000000`00000000
00:00:01.323583                Valid IA32_XSS bits,  Host: 0x00000000`00000000
00:00:01.323584   State #2, Guest: off=0x0240, cb=0x0100 IA32_XSS-bit -- YMM_Hi128
00:00:01.323585   State #2,  Host:  off=0x0240, cb=0x0100 IA32_XSS-bit -- YMM_Hi128
00:00:01.323591          Raw Hypervisor CPUID Leaves
00:00:01.323591      Leaf/sub-leaf  eax      ebx      ecx      edx
00:00:01.323591 Hst: 40000000/0000  4000000c 7263694d 666f736f 76482074
00:00:01.323592 Hst: 40000001/0000  31237648 00000000 00000000 00000000
00:00:01.323593 Hst: 40000002/0000  00004a61 000a0000 00000007 00001c0d
00:00:01.323594 Hst: 40000003/0000  0000bfff 002bb9ff 00000002 11fffbf2
00:00:01.323595 Hst: 40000004/0000  00042d1c 00000000 00000000 00000000
00:00:01.323596 Hst: 40000005/0000  00000400 00000400 00000c90 00000000
00:00:01.323597 Hst: 40000006/0000  000200ae 00000000 00000000 00000000
00:00:01.323597 Hst: 40000007/0000  80000007 00000003 00000000 00000000
00:00:01.323598 Hst: 40000008/0000  00100001 00000001 0000cccc 00000000
00:00:01.323599 Hst: 40000009/0000  00000000 00000000 00000000 00000000
00:00:01.323600 Hst: 4000000a/0000  00000000 00000000 00000000 00000000
00:00:01.323601 Hst: 4000000b/0000  00000000 00000000 00000000 00000000
00:00:01.323601 Hst: 4000000c/0000  00000000 00000000 00000000 00000000
00:00:01.323602          Raw Extended CPUID Leaves
00:00:01.323603      Leaf/sub-leaf  eax      ebx      ecx      edx
00:00:01.323603 Gst: 80000000/0000  8000001f 68747541 444d4163 69746e65
00:00:01.323604 Hst:                8000001f 68747541 444d4163 69746e65
00:00:01.323605 Gst: 80000001/0000  00800f82 20000000 000001f1 0bc3fb3f
00:00:01.323606 Hst:                00800f82 20000000 004023f3 2fd3fbff
00:00:01.323606 Gst: 80000002/0000  20444d41 657a7952 2037206e 30303732
00:00:01.323607 Hst:                20444d41 657a7952 2037206e 30303732
00:00:01.323608 Gst: 80000003/0000  69452058 2d746867 65726f43 6f725020
00:00:01.323609 Hst:                69452058 2d746867 65726f43 6f725020
00:00:01.323610 Gst: 80000004/0000  73736563 2020726f 20202020 00202020
00:00:01.323611 Hst:                73736563 2020726f 20202020 00202020
00:00:01.323612 Gst: 80000005/0000  ff40ff40 ff40ff40 20080140 40040140
00:00:01.323613 Hst:                ff40ff40 ff40ff40 20080140 40040140
00:00:01.323613 Gst: 80000006/0000  26006400 66006400 02006140 00808140
00:00:01.323614 Hst:                26006400 66006400 02006140 00808140
00:00:01.323615 Gst: 80000007/0000  00000000 00000000 00000000 00000100
00:00:01.323616 Hst:                00000000 0000001b 00000000 00004789
00:00:01.323617 Gst: 80000008/0000  00003030 04000000 00000000 00000000
00:00:01.323617 Hst:                00003030 02000005 0000400f 00000000
00:00:01.323618 Gst: 80000009/0000  00000000 00000000 00000000 00000000
00:00:01.323619 Hst:                00000000 00000000 00000000 00000000
00:00:01.323619 Gst: 8000000a/0000  00000000 00000000 00000000 00000000
00:00:01.323620 Hst:                00000000 00000000 00000000 00000000
00:00:01.323621 Gst: 8000000b/0000  00000000 00000000 00000000 00000000
00:00:01.323622 Hst:                00000000 00000000 00000000 00000000
00:00:01.323622 Gst: 8000000c/0000  00000000 00000000 00000000 00000000
00:00:01.323623 Hst:                00000000 00000000 00000000 00000000
00:00:01.323624 Gst: 8000000d/0000  00000000 00000000 00000000 00000000
00:00:01.323624 Hst:                00000000 00000000 00000000 00000000
00:00:01.323625 Gst: 8000000e/0000  00000000 00000000 00000000 00000000
00:00:01.323626 Hst:                00000000 00000000 00000000 00000000
00:00:01.323626 Gst: 8000000f/0000  00000000 00000000 00000000 00000000
00:00:01.323627 Hst:                00000000 00000000 00000000 00000000
00:00:01.323628 Gst: 80000010/0000  00000000 00000000 00000000 00000000
00:00:01.323628 Hst:                00000000 00000000 00000000 00000000
00:00:01.323629 Gst: 80000011/0000  00000000 00000000 00000000 00000000
00:00:01.323630 Hst:                00000000 00000000 00000000 00000000
00:00:01.323630 Gst: 80000012/0000  00000000 00000000 00000000 00000000
00:00:01.323631 Hst:                00000000 00000000 00000000 00000000
00:00:01.323632 Gst: 80000013/0000  00000000 00000000 00000000 00000000
00:00:01.323632 Hst:                00000000 00000000 00000000 00000000
00:00:01.323633 Gst: 80000014/0000  00000000 00000000 00000000 00000000
00:00:01.323634 Hst:                00000000 00000000 00000000 00000000
00:00:01.323634 Gst: 80000015/0000  00000000 00000000 00000000 00000000
00:00:01.323635 Hst:                00000000 00000000 00000000 00000000
00:00:01.323636 Gst: 80000016/0000  00000000 00000000 00000000 00000000
00:00:01.323637 Hst:                00000000 00000000 00000000 00000000
00:00:01.323637 Gst: 80000017/0000  00000000 00000000 00000000 00000000
00:00:01.323638 Hst:                00000000 00000000 00000000 00000000
00:00:01.323639 Gst: 80000018/0000  00000000 00000000 00000000 00000000
00:00:01.323639 Hst:                00000000 00000000 00000000 00000000
00:00:01.323640 Gst: 80000019/0000  00000000 00000000 00000000 00000000
00:00:01.323641 Hst:                00000000 00000000 00000000 00000000
00:00:01.323641 Gst: 8000001a/0000  00000003 00000000 00000000 00000000
00:00:01.323642 Hst:                00000003 00000000 00000000 00000000
00:00:01.323643 Gst: 8000001b/0000  00000000 00000000 00000000 00000000
00:00:01.323643 Hst:                00000000 00000000 00000000 00000000
00:00:01.323644 Gst: 8000001c/0000  00000000 00000000 00000000 00000000
00:00:01.323645 Hst:                00000000 00000000 00000000 00000000
00:00:01.323645 Gst: 8000001d/0000  00000121 01c0003f 0000003f 00000000
00:00:01.323646 Hst:                00004121 01c0003f 0000003f 00000000
00:00:01.323647 Gst: 8000001d/0001  00000122 00c0003f 000000ff 00000000
00:00:01.323648 Hst:                00004122 00c0003f 000000ff 00000000
00:00:01.323649 Gst: 8000001d/0002  00000143 01c0003f 000003ff 00000002
00:00:01.323649 Hst:                00004143 01c0003f 000003ff 00000002
00:00:01.323650 Gst: 8000001d/0003  00000163 03c0003f 00001fff 00000001
00:00:01.323651 Hst:                0001c163 03c0003f 00001fff 00000001
00:00:01.323652 Gst: 8000001d/0004  00000000 00000000 00000000 00000000
00:00:01.323652 Hst:                00000000 00000000 00000000 00000000
00:00:01.323653 Gst: 8000001e/0000  00000000 00000000 00000000 00000000
00:00:01.323654 Hst:                00000001 00000100 00000000 00000000
00:00:01.323654 Gst: 8000001f/0000  00000000 00000000 00000000 00000000
00:00:01.323655 Hst:                00000000 00000000 00000000 00000000
00:00:01.323656 Ext Name:                        AuthenticAMD
00:00:01.323656 Ext Supports:                    0x80000000-0x8000001f
00:00:01.323657 Family:                          15  	Extended: 8 	Effective: 23
00:00:01.323658 Model:                           8  	Extended: 0 	Effective: 8
00:00:01.323658 Stepping:                        2
00:00:01.323658 Brand ID:                        0x000
00:00:01.323659 Ext Features
00:00:01.323659   Mnemonic - Description                                  = Guest (Host)
00:00:01.323660   FPU - x87 FPU on Chip                                   = 1 (1)
00:00:01.323662   VME - Virtual 8086 Mode Enhancements                    = 1 (1)
00:00:01.323663   DE - Debugging extensions                               = 1 (1)
00:00:01.323664   PSE - Page Size Extension                               = 1 (1)
00:00:01.323665   TSC - Time Stamp Counter                                = 1 (1)
00:00:01.323666   MSR - K86 Model Specific Registers                      = 1 (1)
00:00:01.323667   PAE - Physical Address Extension                        = 0 (1)
00:00:01.323668   MCE - Machine Check Exception                           = 0 (1)
00:00:01.323669   CX8 - CMPXCHG8B instruction                             = 1 (1)
00:00:01.323670   APIC - APIC On-Chip                                     = 1 (1)
00:00:01.323672   SEP - SYSCALL/SYSRET                                    = 1 (1)
00:00:01.323673   MTRR - Memory Type Range Registers                      = 1 (1)
00:00:01.323674   PGE - PTE Global Bit                                    = 1 (1)
00:00:01.323675   MCA - Machine Check Architecture                        = 1 (1)
00:00:01.323676   CMOV - Conditional Move instructions                    = 1 (1)
00:00:01.323677   PAT - Page Attribute Table                              = 1 (1)
00:00:01.323678   PSE-36 - 36-bit Page Size Extension                     = 1 (1)
00:00:01.323679   NX - No-Execute/Execute-Disable                         = 0 (1)
00:00:01.323681   AXMMX - AMD Extensions to MMX instructions              = 1 (1)
00:00:01.323682   MMX - Intel MMX Technology                              = 1 (1)
00:00:01.323683   FXSR - FXSAVE and FXRSTOR Instructions                  = 1 (1)
00:00:01.323684   FFXSR - AMD fast FXSAVE and FXRSTOR instructions        = 1 (1)
00:00:01.323684   Page1GB - 1 GB large page                               = 0 (1)
00:00:01.323686   RDTSCP - RDTSCP instruction                             = 1 (1)
00:00:01.323687   LM - AMD64 Long Mode                                    = 0 (1)
00:00:01.323689   3DNOWEXT - AMD Extensions to 3DNow                      = 0 (0)
00:00:01.323690   3DNOW - AMD 3DNow                                       = 0 (0)
00:00:01.323692   LahfSahf - LAHF/SAHF support in 64-bit mode             = 1 (1)
00:00:01.323693   CmpLegacy - Core multi-processing legacy mode           = 0 (1)
00:00:01.323694   SVM - AMD Secure Virtual Machine extensions             = 0 (0)
00:00:01.323695   EXTAPIC - AMD Extended APIC registers                   = 0 (0)
00:00:01.323696   CR8L - AMD LOCK MOV CR0 means MOV CR8                   = 1 (1)
00:00:01.323696   ABM - AMD Advanced Bit Manipulation                     = 1 (1)
00:00:01.323697   SSE4A - SSE4A instructions                              = 1 (1)
00:00:01.323699   MISALIGNSSE - AMD Misaligned SSE mode                   = 1 (1)
00:00:01.323700   3DNOWPRF - AMD PREFETCH and PREFETCHW instructions      = 1 (1)
00:00:01.323700   OSVW - AMD OS Visible Workaround                        = 0 (1)
00:00:01.323701   IBS - Instruct Based Sampling                           = 0 (0)
00:00:01.323705   XOP - Extended Operation support                        = 0 (0)
00:00:01.323706   SKINIT - SKINIT, STGI, and DEV support                  = 0 (0)
00:00:01.323707   WDT - AMD Watchdog Timer support                        = 0 (1)
00:00:01.323708   LWP - Lightweight Profiling support                     = 0 (0)
00:00:01.323709   FMA4 - Four operand FMA instruction support             = 0 (0)
00:00:01.323710   TCE - Translation Cache Extension support               = 0 (0)
00:00:01.323711   NodeId - NodeId in MSR C001_100C                        = 0 (0)
00:00:01.323712   TBM - Trailing Bit Manipulation instructions            = 0 (0)
00:00:01.323713   TOPOEXT - Topology Extensions                           = 0 (1)
00:00:01.323714   PRFEXTCORE - Performance Counter Extensions support     = 0 (0)
00:00:01.323715   PRFEXTNB - NB Performance Counter Extensions support    = 0 (0)
00:00:01.323716   DATABPEXT - Data-access Breakpoint Extension            = 0 (0)
00:00:01.323716   PERFTSC - Performance Time Stamp Counter                = 0 (0)
00:00:01.323717   PCX_L2I - L2I/L3 Performance Counter Extensions         = 0 (0)
00:00:01.323718   MONITORX - MWAITX and MONITORX instructions             = 0 (0)
00:00:01.323719   AddrMaskExt - BP Addressing masking extended to bit 31  = 0 (0)
00:00:01.323720 Full Name:                       "AMD Ryzen 7 2700X Eight-Core Processor         "
00:00:01.323720 TLB 2/4M Instr/Uni:              fully  64 entries
00:00:01.323721 TLB 2/4M Data:                   fully  64 entries
00:00:01.323722 TLB 4K Instr/Uni:                fully  64 entries
00:00:01.323722 TLB 4K Data:                     fully  64 entries
00:00:01.323723 L1 Instr Cache Line Size:        64 bytes
00:00:01.323723 L1 Instr Cache Lines Per Tag:    1
00:00:01.323723 L1 Instr Cache Associativity:    4 way
00:00:01.323724 L1 Instr Cache Size:             64 KB
00:00:01.323724 L1 Data Cache Line Size:         64 bytes
00:00:01.323724 L1 Data Cache Lines Per Tag:     1
00:00:01.323725 L1 Data Cache Associativity:     8 way
00:00:01.323725 L1 Data Cache Size:              32 KB
00:00:01.323725 L2 TLB 2/4M Instr/Uni:           8 way  1024 entries
00:00:01.323726 L2 TLB 2/4M Data:                2 way  1536 entries
00:00:01.323726 L2 TLB 4K Instr/Uni:             8 way  1024 entries
00:00:01.323727 L2 TLB 4K Data:                  8 way  1536 entries
00:00:01.323727 L2 Cache Line Size:              64 bytes
00:00:01.323727 L2 Cache Lines Per Tag:          1
00:00:01.323728 L2 Cache Associativity:          8 way 
00:00:01.323728 L2 Cache Size:                   512 KB
00:00:01.323730 L3 Cache Line Size:              64 bytes
00:00:01.323730 L3 Cache Lines Per Tag:          1
00:00:01.323730 L3 Cache Associativity:          16 way
00:00:01.323730 L3 Cache Size:                   16384 KB
00:00:01.323731 APM Features EDX
00:00:01.323731   Mnemonic - Description                                  = Guest (Host)
00:00:01.323734   TS - Temperature Sensor                                 = 0 (1)
00:00:01.323735   FID - Frequency ID control                              = 0 (0)
00:00:01.323736   VID - Voltage ID control                                = 0 (0)
00:00:01.323737   TTP - Thermal Trip                                      = 0 (1)
00:00:01.323739   TM - Hardware Thermal Control (HTC)                     = 0 (0)
00:00:01.323740   100MHzSteps - 100 MHz Multiplier control                = 0 (0)
00:00:01.323741   HwPstate - Hardware P-state control                     = 0 (1)
00:00:01.323742   TscInvariant - Invariant Time Stamp Counter             = 1 (1)
00:00:01.323742   CPB - Core Performance Boost                            = 0 (1)
00:00:01.323744   EffFreqRO - Read-only Effective Frequency Interface     = 0 (1)
00:00:01.323744   ProcFdbkIf - Processor Feedback Interface               = 0 (0)
00:00:01.323745   ProcPwrRep - Core power reporting interface support     = 0 (0)
00:00:01.323746   ConnectedStandby - Connected Standby                    = 0 (0)
00:00:01.323747   RAPL - Running average power limit                      = 0 (1)
00:00:01.323748 Ext Features ext IDs EBX
00:00:01.323748   Mnemonic - Description                                  = Guest (Host)
00:00:01.323750   CLZERO - Clear zero instruction (cacheline)             = 0 (1)
00:00:01.323751   IRPerf - Instructions retired count support             = 0 (0)
00:00:01.323752   XSaveErPtr - Save/restore error pointers (FXSAVE/RSTOR) = 0 (1)
00:00:01.323752   INVLPGB - INVLPGB and TLBSYNC instructions              = 0 (0)
00:00:01.323753   RDPRU - RDPRU instruction                               = 0 (0)
00:00:01.323754   BE - Bandwidth Enforcement extension                    = 0 (0)
00:00:01.323755   MCOMMIT - MCOMMIT instruction                           = 0 (0)
00:00:01.323756   WBNOINVD - WBNOINVD instruction                         = 0 (0)
00:00:01.323757   IBPB - Supports the IBPB command in IA32_PRED_CMD       = 0 (0)
00:00:01.323758   INT_WBINVD - WBINVD/WBNOINVD interruptible              = 0 (0)
00:00:01.323759   IBRS - Indirect Branch Restricted Speculation           = 0 (0)
00:00:01.323760   STIBP - Single Thread Indirect Branch Prediction        = 0 (0)
00:00:01.323761   IbrsAlwaysOn - Processor prefers that IBRS be left on   = 0 (0)
00:00:01.323761   StibpAlwaysOn - Processor prefers that STIBP be left on = 0 (0)
00:00:01.323762   IbrsPreferred - IBRS preferred over software solution   = 0 (0)
00:00:01.323763   IbrsSameMode - IBRS limits same mode speculation        = 0 (0)
00:00:01.323764   EferLmsleUnsupported - EFER.LMSLE is unsupported        = 0 (0)
00:00:01.323764   INVLPGBnestedPages - INVLPGB for nested translation     = 0 (0)
00:00:01.323765   PPIN - Protected processor inventory number             = 0 (0)
00:00:01.323766   SSBD - Speculative Store Bypass Disable                 = 0 (0)
00:00:01.323767   SsbdVirtSpecCtrl - Use VIRT_SPEC_CTL for SSBD           = 0 (1)
00:00:01.323768   SsbdNotRequired - SSBD not needed on this processor     = 1 (0)
00:00:01.323769   CPPC - Collaborative Processor Performance Control      = 0 (0)
00:00:01.323769   PSFD - Predictive Store Forward Disable                 = 0 (0)
00:00:01.323770   BTC_NO - Unaffected by branch type confusion            = 0 (0)
00:00:01.323771   IBPB_RET - Clears RA predictor when PRED_CMD.IBPB set   = 0 (0)
00:00:01.323772 Physical Address Width:          48 bits
00:00:01.323772 Virtual Address Width:           48 bits
00:00:01.323772 Guest Physical Address Width:    48 bits (0)
00:00:01.323773 Physical Core Count:             1
00:00:01.323773 APIC ID size:                    1 (0x1)
00:00:01.323774 Performance TSC size:            40 bits
00:00:01.323774 Max page count for INVLPGB:      0x3030
00:00:01.323774 Max ECX for RDPRU:               0x0
00:00:01.323776 ********************* End of CPUID dump *********************
00:00:01.323824 VMEmt: Halt method global1 (5)
00:00:01.323846 VMEmt: HaltedGlobal1 config: cNsSpinBlockThresholdCfg=50000
00:00:01.323854 Changing the VM state from 'CREATING' to 'CREATED'
00:00:01.324999 NAT: DNS settings changed, triggering update
00:00:01.325037 NAT DNS Update: Stored 1263225675 as nameserver #0
00:00:01.325045 NAT DNS Update: Stored 1280068427 as nameserver #1
00:00:01.325050 NAT DNS Update: Stored 2 total nameservers
00:00:01.325529 Changing the VM state from 'CREATED' to 'POWERING_ON'
00:00:01.325807 Changing the VM state from 'POWERING_ON' to 'RUNNING'
00:00:01.325848 Console: Machine state changed to 'Running'
00:00:01.329076 VMMDev: Guest Log: BIOS: VirtualBox 7.2.6
00:00:01.329452 PCI: Setting up resources and interrupts
00:00:01.329823 PIT: mode=2 count=0x10000 (65536) - 18.20 Hz (ch=0)
00:00:01.346378 Display::i_handleDisplayResize: uScreenId=0 pvVRAM=0000000000000000 w=720 h=400 bpp=0 cbLine=0x0 flags=0x0 origin=0,0
00:00:01.351705 VMMDev: Guest Log: CPUID EDX: 0x178bfbbf
00:00:01.351828 PIIX3 ATA: Ctl#0: RESET, DevSel=0 AIOIf=0 CmdIf0=0x00 (-1 usec ago) CmdIf1=0x00 (-1 usec ago)
00:00:01.351912 PIIX3 ATA: Ctl#0: finished processing RESET
00:00:01.352350 VMMDev: Guest Log: BIOS: ata0-0: PCHS=65/16/63 LCHS=65/16/63
00:00:01.413170 PIT: mode=2 count=0x48d3 (18643) - 64.00 Hz (ch=0)
00:00:01.432338 Display::i_handleDisplayResize: uScreenId=0 pvVRAM=000001be48aa0000 w=640 h=480 bpp=32 cbLine=0xA00 flags=0x0 origin=0,0
00:00:01.446687 VBoxHeadless: starting event loop
00:00:03.887629 PIT: mode=2 count=0x10000 (65536) - 18.20 Hz (ch=0)
00:00:03.887940 VMMDev: Guest Log: BIOS: Boot : bseqnr=1, bootseq=0002
00:00:03.888308 VMMDev: Guest Log: BIOS: Booting from Hard Disk...
00:00:03.899678 Display::i_handleDisplayResize: uScreenId=0 pvVRAM=000001be48aa0000 w=640 h=400 bpp=0 cbLine=0x140 flags=0x0 origin=0,0
00:00:03.903141 WasAPI: Looking up or creating cache entry (caching is set to enabled, iface 000001be3f99ea50, async init)
00:00:03.903213 Audio: Warning: Scheduling hint of stream '[WasAPI] Output:0' is bigger (1000ms) than used period size (0ms)
00:00:03.903309 Audio Mixer: Setting sink 'SB16 Mixer/PCM Output' -- channel volumes: ba ba ba ba ba ba ba ba ba ba ba ba
