00:00:00.368077 VirtualBox VM 7.2.6 r172322 win.amd64 (Jan 15 2026 18:08:50) release log
00:00:00.368080 Log opened 2026-04-22T21:04:55.741795400Z
00:00:00.368081 Build Type: release
00:00:00.368083 OS Product: Windows 10
00:00:00.368315 OS Release: 10.0.19045.7184
00:00:00.368317 OS Service Pack: 
00:00:00.442895 DMI Product Name: System Product Name
00:00:00.446661 DMI Product Version: System Version
00:00:00.446682 Firmware type: UEFI
00:00:00.447218 Secure Boot: Enabled
00:00:00.447230 Host RAM: 32692MB (31.9GB) total, 20844MB (20.3GB) available
00:00:00.447234 Executable: C:\Program Files\Oracle\VirtualBox\VBoxHeadless.exe
00:00:00.447234 Process ID: 41504
00:00:00.447235 Package type: WINDOWS_64BITS_GENERIC
00:00:00.447236 Windows Features:
00:00:00.447236   Core Isolation (Memory Integrity): DISABLED
00:00:00.448293 Installed Extension Packs:
00:00:00.448317   None installed!
00:00:00.448985 Console: Machine state changed to 'Starting'
00:00:00.508995 SUP: seg #0: R   0x00000000 LB 0x00001000
00:00:00.509015 SUP: seg #1: R X 0x00001000 LB 0x00204000
00:00:00.509020 SUP: seg #2: R   0x00205000 LB 0x00053000
00:00:00.509023 SUP: seg #3: RW  0x00258000 LB 0x00013000
00:00:00.509027 SUP: seg #4: R   0x0026b000 LB 0x00013000
00:00:00.509030 SUP: seg #5: RW  0x0027e000 LB 0x00004000
00:00:00.509034 SUP: seg #6: R   0x00282000 LB 0x00007000
00:00:00.509037 SUP: seg #7: R X 0x00289000 LB 0x00002000
00:00:00.509040 SUP: seg #8: R   0x0028b000 LB 0x00007000
00:00:00.512915 SUP: Loaded VMMR0.r0 (C:\Program Files\Oracle\VirtualBox/VMMR0.r0) at 0xXXXXXXXXXXXXXXXX - ModuleInit at XXXXXXXXXXXXXXXX and ModuleTerm at XXXXXXXXXXXXXXXX using the native ring-0 loader
00:00:00.512954 SUP: VMMR0EntryEx located at XXXXXXXXXXXXXXXX and VMMR0EntryFast at XXXXXXXXXXXXXXXX
00:00:00.512957 SUP: windbg> .reload /f C:\Program Files\Oracle\VirtualBox/VMMR0.r0=0xXXXXXXXXXXXXXXXX
00:00:00.516218 Guest architecture: x86
00:00:00.516263 Guest OS type: 'Other'
00:00:00.516804 fHMForced=true - No raw-mode support in this build!
00:00:00.516815 Using execution engine 1
00:00:00.519090 File system of 'C:\Users\RhythmicCarnage\Desktop\CyberStorm\deploy\virtualbox\CyberStorm.vdi' is ntfs
00:00:00.617075 Shared Clipboard: Initialized OLE
00:00:00.617156 Shared Clipboard: Service loaded
00:00:00.617174 Shared Clipboard: Mode: Off
00:00:00.617237 Shared Clipboard: Service running in headless mode
00:00:00.630358 Drag and drop service loaded
00:00:00.630378 Drag and drop mode: Off
00:00:00.631780 Audio: Detected default audio driver type is 'HostAudioWas'
00:00:00.716285 ************************* CFGM dump *************************
00:00:00.716295 [/] (level 0)
00:00:00.716297   CpuExecutionCap   <integer> = 0x0000000000000064 (100)
00:00:00.716299   EnablePAE         <integer> = 0x0000000000000000 (0)
00:00:00.716300   HMEnabled         <integer> = 0x0000000000000001 (1)
00:00:00.716301   MemBalloonSize    <integer> = 0x0000000000000000 (0, 0 B)
00:00:00.716305   Name              <string>  = "CyberStorm" (cb=11)
00:00:00.716306   NumCPUs           <integer> = 0x0000000000000001 (1)
00:00:00.716307   PageFusionAllowed <integer> = 0x0000000000000000 (0)
00:00:00.716307   RamHoleSize       <integer> = 0x0000000020000000 (536 870 912, 512.0 MiB)
00:00:00.716309   RamSize           <integer> = 0x0000000004000000 (67 108 864, 64.0 MiB)
00:00:00.716310   TimerMillies      <integer> = 0x000000000000000a (10)
00:00:00.716311   UUID              <bytes>   = "2e 43 a7 be 9c 3a 94 44 af 54 b2 2b 57 e9 ab 42" (cb=16)
00:00:00.716314 
00:00:00.716314 [/CPUM/] (level 1)
00:00:00.716315   Enable64bit        <integer> = 0x0000000000000000 (0)
00:00:00.716316   GuestCpuName       <string>  = "host" (cb=5)
00:00:00.716317   NestedHWVirt       <integer> = 0x0000000000000000 (0)
00:00:00.716317   PortableCpuIdLevel <integer> = 0x0000000000000000 (0)
00:00:00.716318   SpecCtrl           <integer> = 0x0000000000000000 (0)
00:00:00.716319 
00:00:00.716319 [/CPUM/IsaExts/] (level 2)
00:00:00.716320 
00:00:00.716320 [/DBGC/] (level 1)
00:00:00.716321   GlobalInitScript <string>  = "C:\Users\RhythmicCarnage\.VirtualBox/dbgc-init" (cb=47)
00:00:00.716322   HistoryFile      <string>  = "C:\Users\RhythmicCarnage\.VirtualBox/dbgc-history" (cb=50)
00:00:00.716322   LocalInitScript  <string>  = "C:\Users\RhythmicCarnage\Desktop\CyberStorm\deploy\virtualbox\CyberStorm/dbgc-init" (cb=83)
00:00:00.716323 
00:00:00.716323 [/DBGF/] (level 1)
00:00:00.716324   Path <string>  = "C:\Users\RhythmicCarnage\Desktop\CyberStorm\deploy\virtualbox\CyberStorm/debug/;C:\Users\RhythmicCarnage\Desktop\CyberStorm\deploy\virtualbox\CyberStorm/;cache*C:\Users\RhythmicCarnage\Desktop\CyberStorm\deploy\virtualbox\CyberStorm/dbgcache/;C:\Users\RhythmicCarnage\" (cb=269)
00:00:00.716325 
00:00:00.716325 [/Devices/] (level 1)
00:00:00.716326 
00:00:00.716326 [/Devices/3c501/] (level 2)
00:00:00.716327 
00:00:00.716327 [/Devices/8237A/] (level 2)
00:00:00.716328 
00:00:00.716328 [/Devices/8237A/0/] (level 3)
00:00:00.716329   Trusted <integer> = 0x0000000000000001 (1)
00:00:00.716330 
00:00:00.716330 [/Devices/VMMDev/] (level 2)
00:00:00.716331 
00:00:00.716331 [/Devices/VMMDev/0/] (level 3)
00:00:00.716332   PCIBusNo      <integer> = 0x0000000000000000 (0)
00:00:00.716333   PCIDeviceNo   <integer> = 0x0000000000000004 (4)
00:00:00.716333   PCIFunctionNo <integer> = 0x0000000000000000 (0)
00:00:00.716334   Trusted       <integer> = 0x0000000000000001 (1)
00:00:00.716334 
00:00:00.716335 [/Devices/VMMDev/0/Config/] (level 4)
00:00:00.716336   GuestCoreDumpDir <string>  = "C:\Users\RhythmicCarnage\Desktop\CyberStorm\deploy\virtualbox\CyberStorm\Snapshots" (cb=83)
00:00:00.716336 
00:00:00.716337 [/Devices/VMMDev/0/LUN#0/] (level 4)
00:00:00.716338   Driver <string>  = "HGCM" (cb=5)
00:00:00.716338 
00:00:00.716338 [/Devices/VMMDev/0/LUN#0/Config/] (level 5)
00:00:00.716340 
00:00:00.716340 [/Devices/VMMDev/0/LUN#999/] (level 4)
00:00:00.716341   Driver <string>  = "MainStatus" (cb=11)
00:00:00.716342 
00:00:00.716342 [/Devices/VMMDev/0/LUN#999/Config/] (level 5)
00:00:00.716343   First                <integer> = 0x0000000000000000 (0)
00:00:00.716344   HasMediumAttachments <integer> = 0x0000000000000000 (0)
00:00:00.716344   Last                 <integer> = 0x0000000000000000 (0)
00:00:00.716345   iLedSet              <integer> = 0x0000000000000003 (3)
00:00:00.716346 
00:00:00.716346 [/Devices/acpi/] (level 2)
00:00:00.716347 
00:00:00.716347 [/Devices/acpi/0/] (level 3)
00:00:00.716348   PCIBusNo      <integer> = 0x0000000000000000 (0)
00:00:00.716349   PCIDeviceNo   <integer> = 0x0000000000000007 (7)
00:00:00.716350   PCIFunctionNo <integer> = 0x0000000000000000 (0)
00:00:00.716350   Trusted       <integer> = 0x0000000000000001 (1)
00:00:00.716351 
00:00:00.716351 [/Devices/acpi/0/Config/] (level 4)
00:00:00.716352   CpuHotPlug          <integer> = 0x0000000000000000 (0)
00:00:00.716353   FdcEnabled          <integer> = 0x0000000000000000 (0)
00:00:00.716354   HostBusPciAddress   <integer> = 0x0000000000000000 (0)
00:00:00.716355   HpetEnabled         <integer> = 0x0000000000000000 (0)
00:00:00.716355   IOAPIC              <integer> = 0x0000000000000000 (0)
00:00:00.716356   IocPciAddress       <integer> = 0x0000000000010000 (65 536)
00:00:00.716357   NumCPUs             <integer> = 0x0000000000000001 (1)
00:00:00.716358   Parallel0IoPortBase <integer> = 0x0000000000000000 (0)
00:00:00.716358   Parallel0Irq        <integer> = 0x0000000000000000 (0)
00:00:00.716359   Parallel1IoPortBase <integer> = 0x0000000000000000 (0)
00:00:00.716360   Parallel1Irq        <integer> = 0x0000000000000000 (0)
00:00:00.716360   Serial0IoPortBase   <integer> = 0x0000000000000000 (0)
00:00:00.716361   Serial0Irq          <integer> = 0x0000000000000000 (0)
00:00:00.716362   Serial1IoPortBase   <integer> = 0x0000000000000000 (0)
00:00:00.716362   Serial1Irq          <integer> = 0x0000000000000000 (0)
00:00:00.716363   ShowCpu             <integer> = 0x0000000000000000 (0)
00:00:00.716364   ShowRtc             <integer> = 0x0000000000000000 (0)
00:00:00.716365   SmcEnabled          <integer> = 0x0000000000000000 (0)
00:00:00.716365 
00:00:00.716366 [/Devices/acpi/0/LUN#0/] (level 4)
00:00:00.716367   Driver <string>  = "ACPIHost" (cb=9)
00:00:00.716367 
00:00:00.716367 [/Devices/acpi/0/LUN#0/Config/] (level 5)
00:00:00.716369 
00:00:00.716369 [/Devices/apic/] (level 2)
00:00:00.716370 
00:00:00.716370 [/Devices/apic/0/] (level 3)
00:00:00.716371   Trusted <integer> = 0x0000000000000001 (1)
00:00:00.716371 
00:00:00.716371 [/Devices/apic/0/Config/] (level 4)
00:00:00.716373   IOAPIC  <integer> = 0x0000000000000000 (0)
00:00:00.716373   Mode    <integer> = 0x0000000000000002 (2)
00:00:00.716374   NumCPUs <integer> = 0x0000000000000001 (1)
00:00:00.716374 
00:00:00.716375 [/Devices/dp8390/] (level 2)
00:00:00.716375 
00:00:00.716376 [/Devices/e1000/] (level 2)
00:00:00.716376 
00:00:00.716376 [/Devices/i8254/] (level 2)
00:00:00.716377 
00:00:00.716377 [/Devices/i8254/0/] (level 3)
00:00:00.716378 
00:00:00.716379 [/Devices/i8254/0/Config/] (level 4)
00:00:00.716380 
00:00:00.716380 [/Devices/i8259/] (level 2)
00:00:00.716380 
00:00:00.716381 [/Devices/i8259/0/] (level 3)
00:00:00.716382   Trusted <integer> = 0x0000000000000001 (1)
00:00:00.716382 
00:00:00.716382 [/Devices/i8259/0/Config/] (level 4)
00:00:00.716383 
00:00:00.716383 [/Devices/mc146818/] (level 2)
00:00:00.716384 
00:00:00.716384 [/Devices/mc146818/0/] (level 3)
00:00:00.716385 
00:00:00.716385 [/Devices/mc146818/0/Config/] (level 4)
00:00:00.716386   UseUTC <integer> = 0x0000000000000000 (0)
00:00:00.716387 
00:00:00.716387 [/Devices/parallel/] (level 2)
00:00:00.716388 
00:00:00.716388 [/Devices/pcarch/] (level 2)
00:00:00.716389 
00:00:00.716389 [/Devices/pcarch/0/] (level 3)
00:00:00.716390   Trusted <integer> = 0x0000000000000001 (1)
00:00:00.716391 
00:00:00.716391 [/Devices/pcarch/0/Config/] (level 4)
00:00:00.716392 
00:00:00.716392 [/Devices/pcbios/] (level 2)
00:00:00.716393 
00:00:00.716393 [/Devices/pcbios/0/] (level 3)
00:00:00.716394   Trusted <integer> = 0x0000000000000001 (1)
00:00:00.716394 
00:00:00.716395 [/Devices/pcbios/0/Config/] (level 4)
00:00:00.716396   APIC            <integer> = 0x0000000000000001 (1)
00:00:00.716397   BootDevice0     <string>  = "IDE" (cb=4)
00:00:00.716397   BootDevice1     <string>  = "NONE" (cb=5)
00:00:00.716398   BootDevice2     <string>  = "NONE" (cb=5)
00:00:00.716398   BootDevice3     <string>  = "NONE" (cb=5)
00:00:00.716399   DmiSystemSerial <string>  = "VirtualBox-<DmiSystemUuid>" (cb=27)
00:00:00.716400   FloppyDevice    <string>  = "i82078" (cb=7)
00:00:00.716400   HardDiskDevice  <string>  = "piix3ide" (cb=9)
00:00:00.716401   IOAPIC          <integer> = 0x0000000000000000 (0)
00:00:00.716401   McfgBase        <integer> = 0x0000000000000000 (0)
00:00:00.716402   McfgLength      <integer> = 0x0000000000000000 (0)
00:00:00.716403   NumCPUs         <integer> = 0x0000000000000001 (1)
00:00:00.716404   PXEDebug        <integer> = 0x0000000000000000 (0)
00:00:00.716404   UUID            <bytes>   = "2e 43 a7 be 9c 3a 94 44 af 54 b2 2b 57 e9 ab 42" (cb=16)
00:00:00.716406   UuidLe          <integer> = 0x0000000000000001 (1)
00:00:00.716407 
00:00:00.716407 [/Devices/pcbios/0/Config/NetBoot/] (level 5)
00:00:00.716409 
00:00:00.716409 [/Devices/pcbios/0/Config/NetBoot/0/] (level 6)
00:00:00.716410   NIC           <integer> = 0x0000000000000000 (0)
00:00:00.716411   PCIBusNo      <integer> = 0x0000000000000000 (0)
00:00:00.716411   PCIDeviceNo   <integer> = 0x0000000000000003 (3)
00:00:00.716412   PCIFunctionNo <integer> = 0x0000000000000000 (0)
00:00:00.716413 
00:00:00.716413 [/Devices/pci/] (level 2)
00:00:00.716414 
00:00:00.716414 [/Devices/pci/0/] (level 3)
00:00:00.716415   Trusted <integer> = 0x0000000000000001 (1)
00:00:00.716415 
00:00:00.716415 [/Devices/pci/0/Config/] (level 4)
00:00:00.716417   IOAPIC <integer> = 0x0000000000000000 (0)
00:00:00.716417 
00:00:00.716417 [/Devices/pcibridge/] (level 2)
00:00:00.716418 
00:00:00.716418 [/Devices/pckbd/] (level 2)
00:00:00.716419 
00:00:00.716419 [/Devices/pckbd/0/] (level 3)
00:00:00.716420   Trusted <integer> = 0x0000000000000001 (1)
00:00:00.716421 
00:00:00.716421 [/Devices/pckbd/0/Config/] (level 4)
00:00:00.716422 
00:00:00.716422 [/Devices/pckbd/0/LUN#0/] (level 4)
00:00:00.716423   Driver <string>  = "KeyboardQueue" (cb=14)
00:00:00.716424 
00:00:00.716424 [/Devices/pckbd/0/LUN#0/AttachedDriver/] (level 5)
00:00:00.716425   Driver <string>  = "MainKeyboard" (cb=13)
00:00:00.716425 
00:00:00.716426 [/Devices/pckbd/0/LUN#0/Config/] (level 5)
00:00:00.716427   QueueSize <integer> = 0x0000000000000040 (64, 64 B)
00:00:00.716428 
00:00:00.716428 [/Devices/pckbd/0/LUN#1/] (level 4)
00:00:00.716429   Driver <string>  = "MouseQueue" (cb=11)
00:00:00.716429 
00:00:00.716430 [/Devices/pckbd/0/LUN#1/AttachedDriver/] (level 5)
00:00:00.716431   Driver <string>  = "MainMouse" (cb=10)
00:00:00.716431 
00:00:00.716431 [/Devices/pckbd/0/LUN#1/Config/] (level 5)
00:00:00.716432   QueueSize <integer> = 0x0000000000000080 (128, 128 B)
00:00:00.716433 
00:00:00.716434 [/Devices/pcnet/] (level 2)
00:00:00.716434 
00:00:00.716435 [/Devices/pcnet/0/] (level 3)
00:00:00.716435   PCIBusNo      <integer> = 0x0000000000000000 (0)
00:00:00.716436   PCIDeviceNo   <integer> = 0x0000000000000003 (3)
00:00:00.716437   PCIFunctionNo <integer> = 0x0000000000000000 (0)
00:00:00.716437   Trusted       <integer> = 0x0000000000000001 (1)
00:00:00.716438 
00:00:00.716438 [/Devices/pcnet/0/Config/] (level 4)
00:00:00.716439   CableConnected <integer> = 0x0000000000000001 (1)
00:00:00.716440   ChipType       <string>  = "Am79C973" (cb=9)
00:00:00.716441   LineSpeed      <integer> = 0x0000000000000000 (0)
00:00:00.716441   MAC            <bytes>   = "08 00 27 48 7d 64" (cb=6)
00:00:00.716443 
00:00:00.716443 [/Devices/pcnet/0/LUN#0/] (level 4)
00:00:00.716444   Driver <string>  = "NAT" (cb=4)
00:00:00.716444 
00:00:00.716445 [/Devices/pcnet/0/LUN#0/Config/] (level 5)
00:00:00.716446   AliasMode          <integer> = 0x0000000000000000 (0)
00:00:00.716447   DNSProxy           <integer> = 0x0000000000000000 (0)
00:00:00.716447   EnableTFTP         <integer> = 0x0000000000000000 (0)
00:00:00.716448   ForwardBroadcast   <integer> = 0x0000000000000000 (0)
00:00:00.716449   LocalhostReachable <integer> = 0x0000000000000000 (0)
00:00:00.716449   Network            <string>  = "10.0.2.0/24" (cb=12)
00:00:00.716450   PassDomain         <integer> = 0x0000000000000001 (1)
00:00:00.716451   UseHostResolver    <integer> = 0x0000000000000000 (0)
00:00:00.716451 
00:00:00.716452 [/Devices/pcnet/0/LUN#999/] (level 4)
00:00:00.716453   Driver <string>  = "MainStatus" (cb=11)
00:00:00.716453 
00:00:00.716453 [/Devices/pcnet/0/LUN#999/Config/] (level 5)
00:00:00.716454   First                <integer> = 0x0000000000000000 (0)
00:00:00.716455   HasMediumAttachments <integer> = 0x0000000000000000 (0)
00:00:00.716456   Last                 <integer> = 0x0000000000000000 (0)
00:00:00.716457   iLedSet              <integer> = 0x0000000000000002 (2)
00:00:00.716458 
00:00:00.716458 [/Devices/piix3ide/] (level 2)
00:00:00.716458 
00:00:00.716459 [/Devices/piix3ide/0/] (level 3)
00:00:00.716460   PCIBusNo      <integer> = 0x0000000000000000 (0)
00:00:00.716460   PCIDeviceNo   <integer> = 0x0000000000000001 (1)
00:00:00.716461   PCIFunctionNo <integer> = 0x0000000000000001 (1)
00:00:00.716462   Trusted       <integer> = 0x0000000000000001 (1)
00:00:00.716462 
00:00:00.716462 [/Devices/piix3ide/0/Config/] (level 4)
00:00:00.716463   Type <string>  = "PIIX4" (cb=6)
00:00:00.716464 
00:00:00.716464 [/Devices/piix3ide/0/LUN#0/] (level 4)
00:00:00.716465   Driver <string>  = "VD" (cb=3)
00:00:00.716466 
00:00:00.716466 [/Devices/piix3ide/0/LUN#0/Config/] (level 5)
00:00:00.716467   Format    <string>  = "VDI" (cb=4)
00:00:00.716468   Mountable <integer> = 0x0000000000000000 (0)
00:00:00.716468   Path      <string>  = "C:\Users\RhythmicCarnage\Desktop\CyberStorm\deploy\virtualbox\CyberStorm.vdi" (cb=77)
00:00:00.716469   Type      <string>  = "HardDisk" (cb=9)
00:00:00.716470 
00:00:00.716470 [/Devices/piix3ide/0/LUN#0/Config/VDConfig/] (level 6)
00:00:00.716471   AllocationBlockSize <string>  = "1048576" (cb=8)
00:00:00.716472 
00:00:00.716472 [/Devices/piix3ide/0/LUN#999/] (level 4)
00:00:00.716473   Driver <string>  = "MainStatus" (cb=11)
00:00:00.716473 
00:00:00.716474 [/Devices/piix3ide/0/LUN#999/Config/] (level 5)
00:00:00.716475   DeviceInstance       <string>  = "piix3ide/0" (cb=11)
00:00:00.716475   First                <integer> = 0x0000000000000000 (0)
00:00:00.716476   HasMediumAttachments <integer> = 0x0000000000000001 (1)
00:00:00.716477   Last                 <integer> = 0x0000000000000003 (3)
00:00:00.716478   iLedSet              <integer> = 0x0000000000000001 (1)
00:00:00.716479 
00:00:00.716479 [/Devices/sb16/] (level 2)
00:00:00.716480 
00:00:00.716480 [/Devices/sb16/0/] (level 3)
00:00:00.716481   Trusted <integer> = 0x0000000000000001 (1)
00:00:00.716481 
00:00:00.716481 [/Devices/sb16/0/AudioConfig/] (level 4)
00:00:00.716482 
00:00:00.716483 [/Devices/sb16/0/Config/] (level 4)
00:00:00.716484   DMA          <integer> = 0x0000000000000001 (1)
00:00:00.716484   DMA16        <integer> = 0x0000000000000005 (5)
00:00:00.716485   DebugEnabled <integer> = 0x0000000000000000 (0)
00:00:00.716486   IRQ          <integer> = 0x0000000000000005 (5)
00:00:00.716487   Port         <integer> = 0x0000000000000220 (544)
00:00:00.716487   Version      <integer> = 0x0000000000000405 (1 029)
00:00:00.716488 
00:00:00.716488 [/Devices/sb16/0/LUN#0/] (level 4)
00:00:00.716489   Driver <string>  = "AUDIO" (cb=6)
00:00:00.716490 
00:00:00.716490 [/Devices/sb16/0/LUN#0/AttachedDriver/] (level 5)
00:00:00.716491   Driver <string>  = "HostAudioWas" (cb=13)
00:00:00.716492 
00:00:00.716492 [/Devices/sb16/0/LUN#0/AttachedDriver/Config/] (level 6)
00:00:00.716493   VmName <string>  = "CyberStorm" (cb=11)
00:00:00.716494   VmUuid <string>  = "bea7432e-3a9c-4494-af54-b22b57e9ab42" (cb=37)
00:00:00.716494 
00:00:00.716494 [/Devices/sb16/0/LUN#0/Config/] (level 5)
00:00:00.716496   DriverName    <string>  = "HostAudioWas" (cb=13)
00:00:00.716496   InputEnabled  <integer> = 0x0000000000000000 (0)
00:00:00.716497   OutputEnabled <integer> = 0x0000000000000001 (1)
00:00:00.716497 
00:00:00.716497 [/Devices/sb16/0/LUN#1/] (level 4)
00:00:00.716498   Driver <string>  = "AUDIO" (cb=6)
00:00:00.716499 
00:00:00.716499 [/Devices/sb16/0/LUN#2/] (level 4)
00:00:00.716500   Driver <string>  = "AUDIO" (cb=6)
00:00:00.716501 
00:00:00.716501 [/Devices/serial/] (level 2)
00:00:00.716502 
00:00:00.716502 [/Devices/vga/] (level 2)
00:00:00.716502 
00:00:00.716503 [/Devices/vga/0/] (level 3)
00:00:00.716504   PCIBusNo      <integer> = 0x0000000000000000 (0)
00:00:00.716504   PCIDeviceNo   <integer> = 0x0000000000000002 (2)
00:00:00.716505   PCIFunctionNo <integer> = 0x0000000000000000 (0)
00:00:00.716506   Trusted       <integer> = 0x0000000000000001 (1)
00:00:00.716506 
00:00:00.716506 [/Devices/vga/0/Config/] (level 4)
00:00:00.716507   3DEnabled             <integer> = 0x0000000000000000 (0)
00:00:00.716508   CustomVideoModes      <integer> = 0x0000000000000000 (0)
00:00:00.716509   FadeIn                <integer> = 0x0000000000000001 (1)
00:00:00.716510   FadeOut               <integer> = 0x0000000000000001 (1)
00:00:00.716511   HeightReduction       <integer> = 0x0000000000000000 (0)
00:00:00.716511   LogoFile              <string>  = "" (cb=1)
00:00:00.716517   LogoTime              <integer> = 0x0000000000000000 (0)
00:00:00.716518   MonitorCount          <integer> = 0x0000000000000001 (1)
00:00:00.716519   ShowBootMenu          <integer> = 0x0000000000000002 (2)
00:00:00.716520   VMSVGA3dEnabled       <integer> = 0x0000000000000000 (0)
00:00:00.716521   VMSVGAEnabled         <integer> = 0x0000000000000001 (1)
00:00:00.716522   VRamSize              <integer> = 0x0000000001000000 (16 777 216, 16.0 MiB)
00:00:00.716523   VmSvga3               <integer> = 0x0000000000000000 (0)
00:00:00.716524   VmSvgaExposeLegacyVga <integer> = 0x0000000000000001 (1)
00:00:00.716525 
00:00:00.716525 [/Devices/vga/0/LUN#0/] (level 4)
00:00:00.716526   Driver <string>  = "MainDisplay" (cb=12)
00:00:00.716527 
00:00:00.716527 [/Devices/vga/0/LUN#0/Config/] (level 5)
00:00:00.716528 
00:00:00.716528 [/Devices/vga/0/LUN#999/] (level 4)
00:00:00.716529   Driver <string>  = "MainStatus" (cb=11)
00:00:00.716529 
00:00:00.716530 [/Devices/vga/0/LUN#999/Config/] (level 5)
00:00:00.716531   First                <integer> = 0x0000000000000000 (0)
00:00:00.716532   HasMediumAttachments <integer> = 0x0000000000000000 (0)
00:00:00.716532   Last                 <integer> = 0x0000000000000000 (0)
00:00:00.716533   iLedSet              <integer> = 0x0000000000000000 (0)
00:00:00.716534 
00:00:00.716534 [/Devices/virtio-net/] (level 2)
00:00:00.716535 
00:00:00.716535 [/EM/] (level 1)
00:00:00.716536   TripleFaultReset <integer> = 0x0000000000000000 (0)
00:00:00.716536 
00:00:00.716536 [/GCM/] (level 1)
00:00:00.716537 
00:00:00.716537 [/GIM/] (level 1)
00:00:00.716538   Provider <string>  = "None" (cb=5)
00:00:00.716539 
00:00:00.716539 [/HM/] (level 1)
00:00:00.716540   64bitEnabled        <integer> = 0x0000000000000000 (0)
00:00:00.716541   EnableLargePages    <integer> = 0x0000000000000001 (1)
00:00:00.716541   EnableNestedPaging  <integer> = 0x0000000000000001 (1)
00:00:00.716542   EnableUX            <integer> = 0x0000000000000001 (1)
00:00:00.716543   EnableVPID          <integer> = 0x0000000000000001 (1)
00:00:00.716543   Exclusive           <integer> = 0x0000000000000000 (0)
00:00:00.716544   HMForced            <integer> = 0x0000000000000001 (1)
00:00:00.716545   IBPBOnVMEntry       <integer> = 0x0000000000000000 (0)
00:00:00.716545   IBPBOnVMExit        <integer> = 0x0000000000000000 (0)
00:00:00.716546   L1DFlushOnSched     <integer> = 0x0000000000000001 (1)
00:00:00.716547   L1DFlushOnVMEntry   <integer> = 0x0000000000000000 (0)
00:00:00.716547   MDSClearOnSched     <integer> = 0x0000000000000001 (1)
00:00:00.716548   MDSClearOnVMEntry   <integer> = 0x0000000000000000 (0)
00:00:00.716549   SpecCtrlByHost      <integer> = 0x0000000000000000 (0)
00:00:00.716549   SvmVirtVmsaveVmload <integer> = 0x0000000000000000 (0)
00:00:00.716550   UseNEMInstead       <integer> = 0x0000000000000000 (0)
00:00:00.716551 
00:00:00.716551 [/MM/] (level 1)
00:00:00.716551   CanUseLargerHeap <integer> = 0x0000000000000000 (0)
00:00:00.716552 
00:00:00.716552 [/NEM/] (level 1)
00:00:00.716553   Allow64BitGuests  <integer> = 0x0000000000000000 (0)
00:00:00.716554   IBPBOnVMEntry     <integer> = 0x0000000000000000 (0)
00:00:00.716554   IBPBOnVMExit      <integer> = 0x0000000000000000 (0)
00:00:00.716555   L1DFlushOnSched   <integer> = 0x0000000000000001 (1)
00:00:00.716556   L1DFlushOnVMEntry <integer> = 0x0000000000000000 (0)
00:00:00.716556   MDSClearOnSched   <integer> = 0x0000000000000001 (1)
00:00:00.716557   MDSClearOnVMEntry <integer> = 0x0000000000000000 (0)
00:00:00.716557 
00:00:00.716557 [/PDM/] (level 1)
00:00:00.716558 
00:00:00.716558 [/PDM/AsyncCompletion/] (level 2)
00:00:00.716559 
00:00:00.716559 [/PDM/AsyncCompletion/File/] (level 3)
00:00:00.716560 
00:00:00.716560 [/PDM/AsyncCompletion/File/BwGroups/] (level 4)
00:00:00.716561 
00:00:00.716562 [/PDM/BlkCache/] (level 2)
00:00:00.716562   CacheSize <integer> = 0x0000000000500000 (5 242 880, 5.0 MiB)
00:00:00.716563 
00:00:00.716564 [/PDM/Devices/] (level 2)
00:00:00.716564 
00:00:00.716565 [/PDM/Drivers/] (level 2)
00:00:00.716565 
00:00:00.716565 [/PDM/Drivers/VBoxC/] (level 3)
00:00:00.716566   Path <string>  = "VBoxC" (cb=6)
00:00:00.716567 
00:00:00.716567 [/PDM/NetworkShaper/] (level 2)
00:00:00.716568 
00:00:00.716568 [/PDM/NetworkShaper/BwGroups/] (level 3)
00:00:00.716569 
00:00:00.716569 [/TM/] (level 1)
00:00:00.716570   UTCOffset <integer> = 0x0000000000000000 (0)
00:00:00.716570 
00:00:00.716571 ********************* End of CFGM dump **********************
00:00:00.716633 HM: HMR3Init: Attempting fall back to NEM: AMD-V is not available
00:00:00.778097 NEM:  info: Found optional import WinHvPlatform.dll!WHvQueryGpaRangeDirtyBitmap.
00:00:00.778114 NEM:  info: Found optional import WinHvPlatform.dll!WHvResumePartitionTime.
00:00:00.778118 NEM:  info: Found optional import WinHvPlatform.dll!WHvSuspendPartitionTime.
00:00:00.778121 NEM:  info: Found optional import WinHvPlatform.dll!WHvRequestInterrupt.
00:00:00.778125 NEM:  info: Found optional import WinHvPlatform.dll!WHvGetVirtualProcessorXsaveState.
00:00:00.778128 NEM:  info: Found optional import WinHvPlatform.dll!WHvSetVirtualProcessorXsaveState.
00:00:00.778133 NEM:  info: Failed to import WinHvPlatform.dll!WHvGetVirtualProcessorState: VERR_SYMBOL_NOT_FOUND
00:00:00.778153 NEM:  info: Failed to import WinHvPlatform.dll!WHvSetVirtualProcessorState: VERR_SYMBOL_NOT_FOUND
00:00:00.778157 NEM:  info: Found optional import WinHvPlatform.dll!WHvGetVirtualProcessorInterruptControllerState.
00:00:00.778161 NEM:  info: Found optional import WinHvPlatform.dll!WHvSetVirtualProcessorInterruptControllerState.
00:00:00.778164 NEM:  info: Found optional import WinHvPlatform.dll!WHvGetVirtualProcessorInterruptControllerState2.
00:00:00.778167 NEM:  info: Found optional import WinHvPlatform.dll!WHvSetVirtualProcessorInterruptControllerState2.
00:00:00.778172 NEM:  info: Found optional import vid.dll!VidGetHvPartitionId.
00:00:00.778175 NEM:  info: Found optional import vid.dll!VidGetPartitionProperty.
00:00:00.778242 NEM: WHvCapabilityCodeHypervisorPresent is TRUE, so this might work...
00:00:00.778247 NEM: WHvCapabilityCodeExtendedVmExits      = 0x00000000000003ff
00:00:00.778251 NEM:                           X64CpuidExit: 1
00:00:00.778255 NEM:                             X64MsrExit: 1
00:00:00.778258 NEM:                          ExceptionExit: 1
00:00:00.778261 NEM:                           X64RdtscExit: 1
00:00:00.778265 NEM:                     X64ApicSmiExitTrap: 1
00:00:00.778268 NEM:                          HypercallExit: 1
00:00:00.778271 NEM:                X64ApicInitSipiExitTrap: 1
00:00:00.778274 NEM:              X64ApicWriteLint0ExitTrap: 1
00:00:00.778277 NEM:              X64ApicWriteLint1ExitTrap: 1
00:00:00.778280 NEM:                X64ApicWriteSvrExitTrap: 1
00:00:00.778283 NEM:                 UnknownSynicConnection: 0
00:00:00.778286 NEM:              RetargetUnknownVpciDevice: 0
00:00:00.778289 NEM:                X64ApicWriteLdrExitTrap: 0
00:00:00.778292 NEM:                X64ApicWriteDfrExitTrap: 0
00:00:00.778294 NEM:                     GpaAccessFaultExit: 0
00:00:00.778298 NEM: WHvCapabilityCodeFeatures             = 0x000000000000007f
00:00:00.778303 NEM:                           PartialUnmap: 1
00:00:00.778306 NEM:                     LocalApicEmulation: 1
00:00:00.778311 NEM:                                  Xsave: 1
00:00:00.778314 NEM:                      DirtyPageTracking: 1
00:00:00.778317 NEM:                     SpeculationControl: 1
00:00:00.778320 NEM:                         ApicRemoteRead: 1
00:00:00.778323 NEM:                            IdleSuspend: 1
00:00:00.778326 NEM:                VirtualPciDeviceSupport: 0
00:00:00.778329 NEM:                           IommuSupport: 0
00:00:00.778332 NEM:                         VpHotAddRemove: 0
00:00:00.778339 NEM: Supported xsave features: 0x381f
00:00:00.778342 NEM:                           XsaveSupport: 1
00:00:00.778346 NEM:                        XsaveoptSupport: 1
00:00:00.778349 NEM:                             AvxSupport: 1
00:00:00.778352 NEM:                            Avx2Support: 1
00:00:00.778355 NEM:                             FmaSupport: 1
00:00:00.778358 NEM:                             MpxSupport: 0
00:00:00.778361 NEM:                          Avx512Support: 0
00:00:00.778364 NEM:                        Avx512DQSupport: 0
00:00:00.778367 NEM:                        Avx512BWSupport: 0
00:00:00.778370 NEM:                        Avx512VLSupport: 0
00:00:00.778373 NEM:                       XsaveCompSupport: 1
00:00:00.778382 NEM:                 XsaveSupervisorSupport: 1
00:00:00.778386 NEM:                            Xcr1Support: 1
00:00:00.778389 NEM:                    Avx512BitalgSupport: 0
00:00:00.778392 NEM:                      Avx512IfmaSupport: 0
00:00:00.778395 NEM:                      Avx512VBmiSupport: 0
00:00:00.778398 NEM:                     Avx512VBmi2Support: 0
00:00:00.778401 NEM:                      Avx512VnniSupport: 0
00:00:00.778404 NEM:                            GfniSupport: 0
00:00:00.778407 NEM:                            VaesSupport: 0
00:00:00.778411 NEM:                 Avx512VPopcntdqSupport: 0
00:00:00.778414 NEM:                      VpclmulqdqSupport: 0
00:00:00.778417 NEM:                      Avx512Bf16Support: 0
00:00:00.778420 NEM:              Avx512Vp2IntersectSupport: 0
00:00:00.778423 NEM:                      Avx512Fp16Support: 0
00:00:00.778426 NEM:                             XfdSupport: 0
00:00:00.778429 NEM:                         AmxTileSupport: 0
00:00:00.778432 NEM:                         AmxBf16Support: 0
00:00:00.778435 NEM:                         AmxInt8Support: 0
00:00:00.778438 NEM:                         AvxVnniSupport: 0
00:00:00.778441 NEM: Supported exception exit bitmap: 0xf7dfb
00:00:00.778447 NEM: WHvCapabilityCodeProcessorVendor      = 0 - AMD
00:00:00.778454 NEM: WHvCapabilityCodeProcessorFeatures    = 0x000006cb66f39fbf
00:00:00.778458 NEM:                            Sse3Support: 1
00:00:00.778461 NEM:                        LahfSahfSupport: 1
00:00:00.778464 NEM:                           Ssse3Support: 1
00:00:00.778467 NEM:                          Sse4_1Support: 1
00:00:00.778472 NEM:                          Sse4_2Support: 1
00:00:00.778475 NEM:                           Sse4aSupport: 1
00:00:00.778478 NEM:                             XopSupport: 0
00:00:00.778481 NEM:                          PopCntSupport: 1
00:00:00.778484 NEM:                      Cmpxchg16bSupport: 1
00:00:00.778487 NEM:                       Altmovcr8Support: 1
00:00:00.778490 NEM:                           LzcntSupport: 1
00:00:00.778493 NEM:                     MisAlignSseSupport: 1
00:00:00.778496 NEM:                          MmxExtSupport: 1
00:00:00.778499 NEM:                        Amd3DNowSupport: 0
00:00:00.778502 NEM:                ExtendedAmd3DNowSupport: 0
00:00:00.778505 NEM:                         Page1GbSupport: 1
00:00:00.778508 NEM:                             AesSupport: 1
00:00:00.778511 NEM:                       PclmulqdqSupport: 1
00:00:00.778514 NEM:                            PcidSupport: 0
00:00:00.778517 NEM:                            Fma4Support: 0
00:00:00.778520 NEM:                            F16CSupport: 1
00:00:00.778523 NEM:                          RdRandSupport: 1
00:00:00.778527 NEM:                        RdWrFsGsSupport: 1
00:00:00.778530 NEM:                            SmepSupport: 1
00:00:00.778533 NEM:              EnhancedFastStringSupport: 0
00:00:00.778536 NEM:                            Bmi1Support: 1
00:00:00.778539 NEM:                            Bmi2Support: 1
00:00:00.778542 NEM:                              Reserved1: 0
00:00:00.778545 NEM:                           MovbeSupport: 1
00:00:00.778548 NEM:                          Npiep1Support: 1
00:00:00.778551 NEM:                   DepX87FPUSaveSupport: 0
00:00:00.778554 NEM:                          RdSeedSupport: 1
00:00:00.778557 NEM:                             AdxSupport: 1
00:00:00.778560 NEM:                   IntelPrefetchSupport: 0
00:00:00.778563 NEM:                            SmapSupport: 1
00:00:00.778566 NEM:                             HleSupport: 0
00:00:00.778569 NEM:                             RtmSupport: 0
00:00:00.778572 NEM:                          RdtscpSupport: 1
00:00:00.778575 NEM:                      ClflushoptSupport: 1
00:00:00.778578 NEM:                            ClwbSupport: 0
00:00:00.778581 NEM:                             ShaSupport: 1
00:00:00.778586 NEM:                X87PointersSavedSupport: 1
00:00:00.778590 NEM:                         InvpcidSupport: 0
00:00:00.778593 NEM:                            IbrsSupport: 0
00:00:00.778596 NEM:                           StibpSupport: 0
00:00:00.778599 NEM:                            IbpbSupport: 0
00:00:00.778602 NEM:                              Reserved2: 0
00:00:00.778605 NEM:                            SsbdSupport: 0
00:00:00.778608 NEM:                 FastShortRepMovSupport: 0
00:00:00.778611 NEM:                              Reserved3: 0
00:00:00.778614 NEM:                                 RdclNo: 0
00:00:00.778617 NEM:                         IbrsAllSupport: 0
00:00:00.778620 NEM:                              Reserved4: 0
00:00:00.778624 NEM:                                  SsbNo: 0
00:00:00.778627 NEM:                                 RsbANo: 0
00:00:00.778630 NEM:                              Reserved5: 0
00:00:00.778633 NEM:                           RdPidSupport: 0
00:00:00.778636 NEM:                            UmipSupport: 0
00:00:00.778639 NEM:                           MdsNoSupport: 0
00:00:00.778642 NEM:                         MdClearSupport: 0
00:00:00.778645 NEM:                           TaaNoSupport: 0
00:00:00.778648 NEM:                         TsxCtrlSupport: 0
00:00:00.778651 NEM:                              Reserved6: 0
00:00:00.778657 NEM: WHvCapabilityCodeProcessorClFlushSize = 2^8
00:00:00.778661 NEM: Warning! Unknown capability 0x4 returning: 3f 00 00 00 00 00 00 00 00 00 00 00 00 00 00 00 00 00 00 00 00 00 00 00
00:00:00.779115 NEM: Warning! Unknown capability 0x1003 returning: 1f 38 00 00 00 00 00 00 00 00 00 00 00 00 00 00 00 00 00 00 00 00 00 00
00:00:00.779130 NEM: Warning! Unknown capability 0x1004 returning: f0 89 82 e2 00 00 00 00 00 00 00 00 00 00 00 00 00 00 00 00 00 00 00 00
00:00:00.779135 NEM: Warning! Unknown capability 0x1005 returning: 00 c2 eb 0b 00 00 00 00 00 00 00 00 00 00 00 00 00 00 00 00 00 00 00 00
00:00:00.779140 NEM: Warning! Unknown capability 0x1006 returning: 02 00 00 00 00 00 00 00 bf 9f f3 66 cb 06 00 00 04 00 00 00 00 00 00 00
00:00:00.779887 NEM: Created partition 00000134ea93d340. APIC emulation mode: VirtualBox
00:00:00.779908 PGM: Enabling NEM mode
00:00:00.779971 NEM:
00:00:00.779971 NEM: NEMR3Init: Snail execution mode is active!
00:00:00.779971 NEM: Note! VirtualBox is not able to run at its full potential in this execution mode.
00:00:00.779971 NEM:       To see VirtualBox run at max speed you need to disable all Windows features
00:00:00.779971 NEM:       making use of Hyper-V.  That is a moving target, so google how and carefully
00:00:00.779972 NEM:       consider the consequences of disabling these features.
00:00:00.779972 NEM:
00:00:00.779994 CPUM: No hardware-virtualization capability detected
00:00:00.780001 CPUM: fXStateHostMask=0x7; host XCR0=0x7
00:00:00.782373 CPUM: Matched host CPU AMD 0x17/0x8/0x2 AMD_Zen_Ryzen with CPU DB entry 'AMD Ryzen 7 1800X Eight-Core' (AMD 0x17/0x1/0x1 AMD_Zen_Ryzen)
00:00:00.793083 CPUM: MXCSR_MASK=0x2ffff (host: 0x2ffff)
00:00:00.793131 CPUM: Microcode revision 0x08008202
00:00:00.793157 CPUM: MSR fudge: 0x00000017 IA32_PLATFORM_ID
00:00:00.793215 CPUM: MSR fudge: 0x000001a0 IA32_MISC_ENABLE
00:00:00.793233 CPUM: MSR fudge: 0x000002ff IA32_MTRR_DEF_TYPE
00:00:00.793250 CPUM: MSR fudge: 0x0000002c P4_EBC_FREQUENCY_ID
00:00:00.793371 CPUM: Set SSBD not required flag for AMD to work around some buggy Linux kernels!
00:00:00.793377 CPUM: Enabled MTRR read-write support
00:00:00.793383 CPUM: Enabled fixed-range MTRRs and 16 (virtualized) variable-range MTRRs
00:00:00.795297 NEM: HvPartitionPropertyProcessorVendor=0x0 (0)
00:00:00.795326 NEM: cbXSaveArea=832
00:00:00.795344 NEM: Default XSAVE area returned by Hyper-V
00:00:00.795346 00000013c96fd870/0000: 00 00 00 00 00 00 00 00-00 00 00 00 00 00 00 00 ................
00:00:00.795349 00000013c96fd880/0010: 00 00 00 00 00 00 00 00-80 1f 00 00 ff ff 02 00 ................
00:00:00.795351 00000013c96fd890/0020: 00 00 00 00 00 00 00 00-00 00 00 00 00 00 00 00 ................
00:00:00.795353 00000013c96fd8a0/0030: 00 00 00 00 00 00 00 00-00 00 00 00 00 00 00 00 ................
00:00:00.795354 00000013c96fd8b0/0040: 00 00 00 00 00 00 00 00-00 00 00 00 00 00 00 00 ................
00:00:00.795356 00000013c96fd8c0/0050: 00 00 00 00 00 00 00 00-00 00 00 00 00 00 00 00 ................
00:00:00.795358 00000013c96fd8d0/0060: 00 00 00 00 00 00 00 00-00 00 00 00 00 00 00 00 ................
00:00:00.795359 00000013c96fd8e0/0070: 00 00 00 00 00 00 00 00-00 00 00 00 00 00 00 00 ................
00:00:00.795361 00000013c96fd8f0/0080: 00 00 00 00 00 00 00 00-00 00 00 00 00 00 00 00 ................
00:00:00.795363 00000013c96fd900/0090: 00 00 00 00 00 00 00 00-00 00 00 00 00 00 00 00 ................
00:00:00.795364 00000013c96fd910/00a0: 00 00 00 00 00 00 00 00-00 00 00 00 00 00 00 00 ................
00:00:00.795366 00000013c96fd920/00b0: 00 00 00 00 00 00 00 00-00 00 00 00 00 00 00 00 ................
00:00:00.795367 00000013c96fd930/00c0: 00 00 00 00 00 00 00 00-00 00 00 00 00 00 00 00 ................
00:00:00.795369 00000013c96fd940/00d0: 00 00 00 00 00 00 00 00-00 00 00 00 00 00 00 00 ................
00:00:00.795371 00000013c96fd950/00e0: 00 00 00 00 00 00 00 00-00 00 00 00 00 00 00 00 ................
00:00:00.795372 00000013c96fd960/00f0: 00 00 00 00 00 00 00 00-00 00 00 00 00 00 00 00 ................
00:00:00.795374 00000013c96fd970/0100: 00 00 00 00 00 00 00 00-00 00 00 00 00 00 00 00 ................
00:00:00.795376 00000013c96fd980/0110: 00 00 00 00 00 00 00 00-00 00 00 00 00 00 00 00 ................
00:00:00.795377 00000013c96fd990/0120: 00 00 00 00 00 00 00 00-00 00 00 00 00 00 00 00 ................
00:00:00.795379 00000013c96fd9a0/0130: 00 00 00 00 00 00 00 00-00 00 00 00 00 00 00 00 ................
00:00:00.795381 00000013c96fd9b0/0140: 00 00 00 00 00 00 00 00-00 00 00 00 00 00 00 00 ................
00:00:00.795382 00000013c96fd9c0/0150: 00 00 00 00 00 00 00 00-00 00 00 00 00 00 00 00 ................
00:00:00.795384 00000013c96fd9d0/0160: 00 00 00 00 00 00 00 00-00 00 00 00 00 00 00 00 ................
00:00:00.795385 00000013c96fd9e0/0170: 00 00 00 00 00 00 00 00-00 00 00 00 00 00 00 00 ................
00:00:00.795387 00000013c96fd9f0/0180: 00 00 00 00 00 00 00 00-00 00 00 00 00 00 00 00 ................
00:00:00.795389 00000013c96fda00/0190: 00 00 00 00 00 00 00 00-00 00 00 00 00 00 00 00 ................
00:00:00.795390 00000013c96fda10/01a0: 00 00 00 00 00 00 00 00-00 00 00 00 00 00 00 00 ................
00:00:00.795392 00000013c96fda20/01b0: 00 00 00 00 00 00 00 00-00 00 00 00 00 00 00 00 ................
00:00:00.795394 00000013c96fda30/01c0: 00 00 00 00 00 00 00 00-00 00 00 00 00 00 00 00 ................
00:00:00.795395 00000013c96fda40/01d0: 00 00 00 00 00 00 00 00-00 00 00 00 00 00 00 00 ................
00:00:00.795397 00000013c96fda50/01e0: 00 00 00 00 00 00 00 00-00 00 00 00 00 00 00 00 ................
00:00:00.795398 00000013c96fda60/01f0: 00 00 00 00 00 00 00 00-00 00 00 00 00 00 00 00 ................
00:00:00.795400 00000013c96fda70/0200: 02 00 00 00 00 00 00 00-07 00 00 00 00 00 00 80 ................
00:00:00.795402 00000013c96fda80/0210: 00 00 00 00 00 00 00 00-00 00 00 00 00 00 00 00 ................
00:00:00.795403 00000013c96fda90/0220: 00 00 00 00 00 00 00 00-00 00 00 00 00 00 00 00 ................
00:00:00.795405 00000013c96fdaa0/0230: 00 00 00 00 00 00 00 00-00 00 00 00 00 00 00 00 ................
00:00:00.795407 00000013c96fdab0/0240: 00 00 00 00 00 00 00 00-00 00 00 00 00 00 00 00 ................
00:00:00.795408 00000013c96fdac0/0250: 00 00 00 00 00 00 00 00-00 00 00 00 00 00 00 00 ................
00:00:00.795410 00000013c96fdad0/0260: 00 00 00 00 00 00 00 00-00 00 00 00 00 00 00 00 ................
00:00:00.795411 00000013c96fdae0/0270: 00 00 00 00 00 00 00 00-00 00 00 00 00 00 00 00 ................
00:00:00.795413 00000013c96fdaf0/0280: 00 00 00 00 00 00 00 00-00 00 00 00 00 00 00 00 ................
00:00:00.795415 00000013c96fdb00/0290: 00 00 00 00 00 00 00 00-00 00 00 00 00 00 00 00 ................
00:00:00.795416 00000013c96fdb10/02a0: 00 00 00 00 00 00 00 00-00 00 00 00 00 00 00 00 ................
00:00:00.795418 00000013c96fdb20/02b0: 00 00 00 00 00 00 00 00-00 00 00 00 00 00 00 00 ................
00:00:00.795420 00000013c96fdb30/02c0: 00 00 00 00 00 00 00 00-00 00 00 00 00 00 00 00 ................
00:00:00.795421 00000013c96fdb40/02d0: 00 00 00 00 00 00 00 00-00 00 00 00 00 00 00 00 ................
00:00:00.795423 00000013c96fdb50/02e0: 00 00 00 00 00 00 00 00-00 00 00 00 00 00 00 00 ................
00:00:00.795424 00000013c96fdb60/02f0: 00 00 00 00 00 00 00 00-00 00 00 00 00 00 00 00 ................
00:00:00.795426 00000013c96fdb70/0300: 00 00 00 00 00 00 00 00-00 00 00 00 00 00 00 00 ................
00:00:00.795428 00000013c96fdb80/0310: 00 00 00 00 00 00 00 00-00 00 00 00 00 00 00 00 ................
00:00:00.795429 00000013c96fdb90/0320: 00 00 00 00 00 00 00 00-00 00 00 00 00 00 00 00 ................
00:00:00.795431 00000013c96fdba0/0330: 00 00 00 00 00 00 00 00-00 00 00 00 00 00 00 00 ................
00:00:00.795442 NEM: Successfully set up partition (device handle 0000000000000acc, partition ID 0x8d)
00:00:00.795690 PGM: Host paging mode: AMD64+PGE+NX
00:00:00.795702 PGM: PGMPool: cMaxPages=256 (u64MaxPages=64)
00:00:00.795705 PGM: pgmR3PoolInit: cMaxPages=0x100 cMaxUsers=0x200 cMaxPhysExts=0x200 fCacheEnable=true
00:00:00.796975 SUPLib: MEM_LARGE_PAGES works!
00:00:00.797227 TM: GIP - u32Mode=3 (Invariant) u32UpdateHz=93 u32UpdateIntervalNS=10741500 enmUseTscDelta=2 (Practically Zero) fGetGipCpu=0x2b cCpus=16
00:00:00.797234 TM: GIP - u64CpuHz=3 800 205 671 (0xe2828967)  SUPGetCpuHzFromGip => 3 800 205 671
00:00:00.797239 TM: GIP - CPU: iCpuSet=0x0 idCpu=0x0 idApic=0x0 iGipCpu=0x2 i64TSCDelta=0 enmState=3 u64CpuHz=3800199759(*) cErrors=0
00:00:00.797244 TM: GIP - CPU: iCpuSet=0x1 idCpu=0x1 idApic=0x1 iGipCpu=0x1 i64TSCDelta=0 enmState=3 u64CpuHz=3800206701(*) cErrors=0
00:00:00.797248 TM: GIP - CPU: iCpuSet=0x2 idCpu=0x2 idApic=0x2 iGipCpu=0x7 i64TSCDelta=0 enmState=3 u64CpuHz=3800205164(*) cErrors=0
00:00:00.797252 TM: GIP - CPU: iCpuSet=0x3 idCpu=0x3 idApic=0x3 iGipCpu=0x5 i64TSCDelta=0 enmState=3 u64CpuHz=3800205413(*) cErrors=0
00:00:00.797256 TM: GIP - CPU: iCpuSet=0x4 idCpu=0x4 idApic=0x4 iGipCpu=0x0 i64TSCDelta=0 enmState=3 u64CpuHz=3800205671(*) cErrors=0
00:00:00.797259 TM: GIP - CPU: iCpuSet=0x5 idCpu=0x5 idApic=0x5 iGipCpu=0x6 i64TSCDelta=0 enmState=3 u64CpuHz=3800205515(*) cErrors=0
00:00:00.797263 TM: GIP - CPU: iCpuSet=0x6 idCpu=0x6 idApic=0x6 iGipCpu=0x4 i64TSCDelta=0 enmState=3 u64CpuHz=3800205870(*) cErrors=0
00:00:00.797267 TM: GIP - CPU: iCpuSet=0x7 idCpu=0x7 idApic=0x7 iGipCpu=0x3 i64TSCDelta=0 enmState=3 u64CpuHz=3800204823(*) cErrors=0
00:00:00.797270 TM: GIP - CPU: iCpuSet=0x8 idCpu=0x8 idApic=0x8 iGipCpu=0xa i64TSCDelta=0 enmState=3 u64CpuHz=3800205628(*) cErrors=0
00:00:00.797274 TM: GIP - CPU: iCpuSet=0x9 idCpu=0x9 idApic=0x9 iGipCpu=0x8 i64TSCDelta=0 enmState=3 u64CpuHz=3800205576(*) cErrors=0
00:00:00.797277 TM: GIP - CPU: iCpuSet=0xa idCpu=0xa idApic=0xa iGipCpu=0xd i64TSCDelta=0 enmState=3 u64CpuHz=3800205529(*) cErrors=0
00:00:00.797281 TM: GIP - CPU: iCpuSet=0xb idCpu=0xb idApic=0xb iGipCpu=0xe i64TSCDelta=0 enmState=3 u64CpuHz=3800205671(*) cErrors=0
00:00:00.797284 TM: GIP - CPU: iCpuSet=0xc idCpu=0xc idApic=0xc iGipCpu=0x9 i64TSCDelta=0 enmState=3 u64CpuHz=3800205494(*) cErrors=0
00:00:00.797288 TM: GIP - CPU: iCpuSet=0xd idCpu=0xd idApic=0xd iGipCpu=0xc i64TSCDelta=0 enmState=3 u64CpuHz=3800205648(*) cErrors=0
00:00:00.797291 TM: GIP - CPU: iCpuSet=0xe idCpu=0xe idApic=0xe iGipCpu=0xf i64TSCDelta=0 enmState=3 u64CpuHz=3800206701(*) cErrors=0
00:00:00.797295 TM: GIP - CPU: iCpuSet=0xf idCpu=0xf idApic=0xf iGipCpu=0xb i64TSCDelta=0 enmState=3 u64CpuHz=3800205483(*) cErrors=0
00:00:00.797301 TM: NEM overrides the /TM/TSCModeSwitchAllowed setting.
00:00:00.797312 TM:     cTSCTicksPerSecond=3 800 205 671 (0xe2828967) enmTSCMode=4 (NativeApi) TSCMultiplier=1
00:00:00.797314 TM: cTSCTicksPerSecondHost=3 800 205 671 (0xe2828967)
00:00:00.797315 TM: TSCTiedToExecution=false TSCNotTiedToHalt=false
00:00:00.797993 EMR3Init: fIemExecutesAll=false fGuruOnTripleFault=true
00:00:00.798130 IEM: TargetCpu=CURRENT, Microarch=AMD_Zen_Ryzen aidxTargetCpuEflFlavour={2,0}
00:00:00.798590 GIM: Using provider 'None' (Implementation version: 0)
00:00:00.798605 GCM: Initialized - Fixer bits: 0x0
00:00:00.798898 AIOMgr: Default manager type is 'Async'
00:00:00.798903 AIOMgr: Default file backend is 'NonBuffered'
00:00:00.798943 BlkCache: Cache successfully initialized. Cache size is 5242880 bytes
00:00:00.798947 BlkCache: Cache commit interval is 10000 ms
00:00:00.798950 BlkCache: Cache commit threshold is 2621440 bytes
00:00:01.198530 PcBios: [SMP] BIOS with 1 CPUs
00:00:01.198551 PcBios: Using the 386+ BIOS image.
00:00:01.199040 PcBios: fCheckShutdownStatusForSoftReset=true  fClearShutdownStatusOnHardReset=true
00:00:01.199214 PDM: VirtualBox APIC backend registered
00:00:01.199263 CPUM: SetGuestCpuIdFeature: Enabled xAPIC
00:00:01.199643 PIT: mode=3 count=0x10000 (65536) - 18.20 Hz (ch=0)
00:00:01.199813 VMMDev: cbDefaultBudget: 1 073 741 824 (40000000)
00:00:01.216226 Shared Folders service loaded
00:00:01.229498 Guest Control service loaded
00:00:01.247926 VGA: Using the 386+ BIOS image.
00:00:01.249356 DrvVD: Flushes will be ignored
00:00:01.249374 DrvVD: Async flushes will be passed to the disk
00:00:01.249627 VD: VDInit finished with VINF_SUCCESS
00:00:01.249739 VD: Opening the disk took 350875 ns
00:00:01.249782 PIIX3 ATA: LUN#0: disk, PCHS=65/16/63, total number of sectors 65536
00:00:01.249829 PIIX3 ATA: LUN#1: no unit
00:00:01.249872 PIIX3 ATA: LUN#2: no unit
00:00:01.249877 PIIX3 ATA: LUN#3: no unit
00:00:01.249942 PIIX3 ATA: Ctl#0: finished processing RESET
00:00:01.250001 PIIX3 ATA: Ctl#1: finished processing RESET
00:00:01.264568 Audio Mixer: Setting sink 'SB16 Mixer/PCM Output' -- channel volumes: ba ba ba ba ba ba ba ba ba ba ba ba
00:00:01.289360 WasAPI: Input device is: {Default} (iface 00000134ea9476c0)
00:00:01.291229 WasAPI: Output device is: {Default} (iface 00000134ea947760)
00:00:01.297339 Audio: Found 9 devices for driver 'WasAPI'
00:00:01.297366 Audio: Device 'Headphones (High Definition Audio Device)':
00:00:01.297367 Audio:   ID              = {0.0.0.00000000}.{12380492-75b7-42bc-b789-0d1d8d1f4e3b}
00:00:01.297368 Audio:   Usage           = output
00:00:01.297368 Audio:   Flags           = DEFAULT_OUT
00:00:01.297369 Audio:   Input channels  = 0
00:00:01.297369 Audio:   Output channels = 2
00:00:01.297373 Audio: Device 'Headphones (High Definition Audio Device)':
00:00:01.297373 Audio:   ID              = {0.0.0.00000000}.{12380492-75b7-42bc-b789-0d1d8d1f4e3b}
00:00:01.297374 Audio:   Usage           = output
00:00:01.297374 Audio:   Flags           = NONE
00:00:01.297374 Audio:   Input channels  = 0
00:00:01.297375 Audio:   Output channels = 2
00:00:01.297378 Audio: Device 'Digital Audio (S/PDIF) (High Definition Audio Device)':
00:00:01.297378 Audio:   ID              = {0.0.0.00000000}.{2ca71d41-bb09-4c97-9aaf-cabbc6fbe5ab}
00:00:01.297379 Audio:   Usage           = output
00:00:01.297379 Audio:   Flags           = NONE
00:00:01.297379 Audio:   Input channels  = 0
00:00:01.297380 Audio:   Output channels = 2
00:00:01.297383 Audio: Device '100012589 (NVIDIA High Definition Audio)':
00:00:01.297383 Audio:   ID              = {0.0.0.00000000}.{3f36c4ff-500a-4cd3-9a35-77b5981f1155}
00:00:01.297383 Audio:   Usage           = output
00:00:01.297383 Audio:   Flags           = NONE
00:00:01.297384 Audio:   Input channels  = 0
00:00:01.297384 Audio:   Output channels = 2
00:00:01.297387 Audio: Device 'Speakers (2- USB Audio CODEC )':
00:00:01.297387 Audio:   ID              = {0.0.0.00000000}.{566bb4ca-cb36-4deb-843b-246f6c5c5982}
00:00:01.297388 Audio:   Usage           = output
00:00:01.297388 Audio:   Flags           = NONE
00:00:01.297388 Audio:   Input channels  = 0
00:00:01.297389 Audio:   Output channels = 2
00:00:01.297398 Audio: Device '100012589 (NVIDIA High Definition Audio)':
00:00:01.297398 Audio:   ID              = {0.0.0.00000000}.{fdb7b4cc-b13a-4c66-ac46-5302e0b66d2f}
00:00:01.297398 Audio:   Usage           = output
00:00:01.297399 Audio:   Flags           = NONE
00:00:01.297399 Audio:   Input channels  = 0
00:00:01.297399 Audio:   Output channels = 2
00:00:01.297406 Audio: Device 'Microphone (NexiGo HD Webcam Audio)':
00:00:01.297406 Audio:   ID              = {0.0.1.00000000}.{8830d0fa-5126-4de0-babf-090349e9c6f6}
00:00:01.297406 Audio:   Usage           = input
00:00:01.297406 Audio:   Flags           = DEFAULT_IN
00:00:01.297407 Audio:   Input channels  = 2
00:00:01.297407 Audio:   Output channels = 0
00:00:01.297410 Audio: Device 'Microphone (2- USB Audio CODEC )':
00:00:01.297410 Audio:   ID              = {0.0.1.00000000}.{2cdb81b1-e1eb-4201-a0a4-fc6057072946}
00:00:01.297411 Audio:   Usage           = input
00:00:01.297411 Audio:   Flags           = NONE
00:00:01.297411 Audio:   Input channels  = 1
00:00:01.297411 Audio:   Output channels = 0
00:00:01.297414 Audio: Device 'Microphone (NexiGo HD Webcam Audio)':
00:00:01.297415 Audio:   ID              = {0.0.1.00000000}.{8830d0fa-5126-4de0-babf-090349e9c6f6}
00:00:01.297415 Audio:   Usage           = input
00:00:01.297415 Audio:   Flags           = NONE
00:00:01.297415 Audio:   Input channels  = 2
00:00:01.297416 Audio:   Output channels = 0
00:00:01.297714 PGM: The CPU physical address width is 48 bits
00:00:01.297722 PGM: PGMR3InitFinalize: 4 MB PSE mask 0000ffffffffffff -> VINF_SUCCESS
00:00:01.297731 TM: TMR3InitFinalize: fTSCModeSwitchAllowed=false
00:00:01.297988 CPUM: Mapped 1.0MiB (1048576 bytes) of RAM using fixed-range MTRRs
00:00:01.297996 CPUM: Mapped 64.0MiB (67108864 bytes) of RAM using 1 variable-range MTRRs
00:00:01.298096 VMM: Thread-context hooks unavailable
00:00:01.298102 VMM: RTThreadPreemptIsPending() can be trusted
00:00:01.298105 VMM: Kernel preemption is possible
00:00:01.298116 EM: Exit history optimizations: enabled=true enabled-r0=true enabled-r0-no-preemption=false
00:00:01.299861 PcBios: ATA LUN#0 LCHS=65/16/63
00:00:01.299887 APIC: fPostedIntrsEnabled=false fVirtApicRegsEnabled=false fSupportsTscDeadline=false
00:00:01.299894 TMR3UtcNow: nsNow=1 776 891 896 674 111 600 nsPrev=0 -> cNsDelta=1 776 891 896 674 111 600 (offLag=0 offVirtualSync=0 offVirtualSyncGivenUp=0, NowAgain=1 776 891 896 674 111 600)
00:00:01.299973 VMM: fUsePeriodicPreemptionTimers=true
00:00:01.299981 CPUM: Logical host processors: 16 present, 16 max, 16 online, online mask: 000000000000ffff
00:00:01.299983 CPUM: Physical host cores: 8
00:00:01.299983 ************************ CPUID dump *************************
00:00:01.302297          Raw Standard CPUID Leaves
00:00:01.302297      Leaf/sub-leaf  eax      ebx      ecx      edx
00:00:01.302299 Gst: 00000000/0000  0000000d 68747541 444d4163 69746e65
00:00:01.302300 Hst:                0000000d 68747541 444d4163 69746e65
00:00:01.302301 Gst: 00000001/0000  00800f82 00010800 76d83203 178bfbbf
00:00:01.302302 Hst:                00800f82 09100800 fed83203 178bfbff
00:00:01.302303 Gst: 00000002/0000  00000000 00000000 00000000 00000000
00:00:01.302304 Hst:                00000000 00000000 00000000 00000000
00:00:01.302305 Gst: 00000003/0000  00000000 00000000 00000000 00000000
00:00:01.302305 Hst:                00000000 00000000 00000000 00000000
00:00:01.302306 Gst: 00000004/0000  00000000 00000000 00000000 00000000
00:00:01.302307 Hst:                00000000 00000000 00000000 00000000
00:00:01.302307 Gst: 00000005/0000  00000000 00000000 00000000 00000000
00:00:01.302308 Hst:                00000000 00000000 00000000 00000000
00:00:01.302309 Gst: 00000006/0000  00000004 00000000 00000000 00000000
00:00:01.302309 Hst:                00000000 00000000 00000001 00000000
00:00:01.302310 Gst: 00000007/0000  00000000 208c0129 00000000 00000000
00:00:01.302311 Hst:                00000000 209c01a9 00000000 00000000
00:00:01.302311 Gst: 00000007/0001  00000000 00000000 00000000 00000000
00:00:01.302312 Hst:                00000000 00000000 00000000 00000000
00:00:01.302313 Gst: 00000007/0002  00000000 00000000 00000000 00000000
00:00:01.302313 Hst:                00000000 00000000 00000000 00000000
00:00:01.302314 Gst: 00000008/0000  00000000 00000000 00000000 00000000
00:00:01.302315 Hst:                00000000 00000000 00000000 00000000
00:00:01.302315 Gst: 00000009/0000  00000000 00000000 00000000 00000000
00:00:01.302316 Hst:                00000000 00000000 00000000 00000000
00:00:01.302316 Gst: 0000000a/0000  00000000 00000000 00000000 00000000
00:00:01.302317 Hst:                00000000 00000000 00000000 00000000
00:00:01.302318 Gst: 0000000b/0000  00000000 00000000 00000000 00000000
00:00:01.302318 Hst:                00000000 00000000 00000000 00000000
00:00:01.302319 Gst: 0000000c/0000  00000000 00000000 00000000 00000000
00:00:01.302320 Hst:                00000000 00000000 00000000 00000000
00:00:01.302320 Gst: 0000000d/0000  00000007 00000340 00000340 00000000
00:00:01.302321 Hst:                00000007 00000340 00000340 00000000
00:00:01.302322 Gst: 0000000d/0001  00000000 00000340 00000000 00000000
00:00:01.302322 Hst:                0000000f 00000340 00000000 00000000
00:00:01.302323 Gst: 0000000d/0002  00000100 00000240 00000000 00000000
00:00:01.302324 Hst:                00000100 00000240 00000000 00000000
00:00:01.302324 Gst: 0000000d/0003  00000000 00000000 00000000 00000000
00:00:01.302325 Hst:                00000000 00000000 00000000 00000000
00:00:01.302326                                Name: AuthenticAMD
00:00:01.302327                            Supports: 0x00000000-0x0000000d
00:00:01.302328                              Family: 15 	Extended: 8 	Effective: 23
00:00:01.302330                               Model:  8 	Extended: 0 	Effective: 8
00:00:01.302331                            Stepping: 2
00:00:01.302332                                Type: 0 (primary)
00:00:01.302333                             APIC ID: 0x00
00:00:01.302334                        Logical CPUs: 1
00:00:01.302335                        CLFLUSH Size: 8
00:00:01.302336                            Brand ID: 0x00
00:00:01.302337 Features
00:00:01.302337   Mnemonic - Description                                  = Guest (Host)
00:00:01.302339   FPU - x87 FPU on Chip                                   = 1 (1)
00:00:01.302341   VME - Virtual 8086 Mode Enhancements                    = 1 (1)
00:00:01.302342   DE - Debugging extensions                               = 1 (1)
00:00:01.302343   PSE - Page Size Extension                               = 1 (1)
00:00:01.302344   TSC - Time Stamp Counter                                = 1 (1)
00:00:01.302347   MSR - Model Specific Registers                          = 1 (1)
00:00:01.302348   PAE - Physical Address Extension                        = 0 (1)
00:00:01.302349   MCE - Machine Check Exception                           = 1 (1)
00:00:01.302351   CX8 - CMPXCHG8B instruction                             = 1 (1)
00:00:01.302352   APIC - APIC On-Chip                                     = 1 (1)
00:00:01.302353   SEP - SYSENTER and SYSEXIT Present                      = 1 (1)
00:00:01.302354   MTRR - Memory Type Range Registers                      = 1 (1)
00:00:01.302355   PGE - PTE Global Bit                                    = 1 (1)
00:00:01.302356   MCA - Machine Check Architecture                        = 1 (1)
00:00:01.302358   CMOV - Conditional Move instructions                    = 1 (1)
00:00:01.302359   PAT - Page Attribute Table                              = 1 (1)
00:00:01.302360   PSE-36 - 36-bit Page Size Extension                     = 1 (1)
00:00:01.302361   PSN - Processor Serial Number                           = 0 (0)
00:00:01.302362   CLFSH - CLFLUSH instruction                             = 1 (1)
00:00:01.302363   DS - Debug Store                                        = 0 (0)
00:00:01.302365   ACPI - Thermal Mon. & Soft. Clock Ctrl.                 = 0 (0)
00:00:01.302366   MMX - Intel MMX Technology                              = 1 (1)
00:00:01.302367   FXSR - FXSAVE and FXRSTOR instructions                  = 1 (1)
00:00:01.302368   SSE - SSE support                                       = 1 (1)
00:00:01.302369   SSE2 - SSE2 support                                     = 1 (1)
00:00:01.302370   SS - Self Snoop                                         = 0 (0)
00:00:01.302372   HTT - Hyper-Threading Technology                        = 1 (1)
00:00:01.302373   TM - Therm. Monitor                                     = 0 (0)
00:00:01.302374   PBE - Pending Break Enabled                             = 0 (0)
00:00:01.302375   SSE3 - SSE3 support                                     = 1 (1)
00:00:01.302377   PCLMUL - PCLMULQDQ support (for AES-GCM)                = 1 (1)
00:00:01.302378   DTES64 - DS Area 64-bit Layout                          = 0 (0)
00:00:01.302379   MONITOR - MONITOR/MWAIT instructions                    = 0 (0)
00:00:01.302380   CPL-DS - CPL Qualified Debug Store                      = 0 (0)
00:00:01.302381   VMX - Virtual Machine Extensions                        = 0 (0)
00:00:01.302382   SMX - Safer Mode Extensions                             = 0 (0)
00:00:01.302383   EST - Enhanced SpeedStep Technology                     = 0 (0)
00:00:01.302384   TM2 - Terminal Monitor 2                                = 0 (0)
00:00:01.302385   SSSE3 - Supplemental Streaming SIMD Extensions 3        = 1 (1)
00:00:01.302386   CNTX-ID - L1 Context ID                                 = 0 (0)
00:00:01.302387   SDBG - Silicon Debug interface                          = 0 (0)
00:00:01.302388   FMA - Fused Multiply Add extensions                     = 1 (1)
00:00:01.302389   CX16 - CMPXCHG16B instruction                           = 1 (1)
00:00:01.302391   TPRUPDATE - xTPR Update Control                         = 0 (0)
00:00:01.302392   PDCM - Perf/Debug Capability MSR                        = 0 (0)
00:00:01.302393   PCID - Process Context Identifiers                      = 0 (0)
00:00:01.302394   DCA - Direct Cache Access                               = 0 (0)
00:00:01.302395   SSE4_1 - SSE4_1 support                                 = 1 (1)
00:00:01.302396   SSE4_2 - SSE4_2 support                                 = 1 (1)
00:00:01.302397   X2APIC - x2APIC support                                 = 0 (0)
00:00:01.302399   MOVBE - MOVBE instruction                               = 1 (1)
00:00:01.302400   POPCNT - POPCNT instruction                             = 1 (1)
00:00:01.302401   TSCDEADL - Time Stamp Counter Deadline                  = 0 (0)
00:00:01.302402   AES - AES instructions                                  = 1 (1)
00:00:01.302403   XSAVE - XSAVE instruction                               = 1 (1)
00:00:01.302405   OSXSAVE - OSXSAVE instruction                           = 0 (1)
00:00:01.302406   AVX - AVX support                                       = 1 (1)
00:00:01.302407   F16C - 16-bit floating point conversion instructions    = 1 (1)
00:00:01.302408   RDRAND - RDRAND instruction                             = 1 (1)
00:00:01.302409   HVP - Hypervisor Present (we're a guest)                = 0 (1)
00:00:01.302410 Structured Extended Feature Flags Enumeration (leaf 7):
00:00:01.302410 Sub-leaf 0
00:00:01.302411   Mnemonic - Description                                  = Guest (Host)
00:00:01.302412   FSGSBASE - RDFSBASE/RDGSBASE/WRFSBASE/WRGSBASE instr.   = 1 (1)
00:00:01.302413   TSCADJUST - Supports MSR_IA32_TSC_ADJUST                = 0 (0)
00:00:01.302414   SGX - Supports Software Guard Extensions                = 0 (0)
00:00:01.302415   BMI1 - Advanced Bit Manipulation extension 1            = 1 (1)
00:00:01.302416   HLE - Hardware Lock Elision                             = 0 (0)
00:00:01.302417   AVX2 - Advanced Vector Extensions 2                     = 1 (1)
00:00:01.302419   FDP_EXCPTN_ONLY - FPU DP only updated on exceptions     = 0 (0)
00:00:01.302420   SMEP - Supervisor Mode Execution Prevention             = 0 (1)
00:00:01.302421   BMI2 - Advanced Bit Manipulation extension 2            = 1 (1)
00:00:01.302422   ERMS - Enhanced REP MOVSB/STOSB instructions            = 0 (0)
00:00:01.302422   INVPCID - INVPCID instruction                           = 0 (0)
00:00:01.302423   RTM - Restricted Transactional Memory                   = 0 (0)
00:00:01.302424   PQM - Platform Quality of Service Monitoring            = 0 (0)
00:00:01.302425   DEPFPU_CS_DS - Deprecates FPU CS, FPU DS values if set  = 0 (0)
00:00:01.302426   MPE - Intel Memory Protection Extensions                = 0 (0)
00:00:01.302427   PQE - Platform Quality of Service Enforcement           = 0 (0)
00:00:01.302428   AVX512F - AVX512 Foundation instructions                = 0 (0)
00:00:01.302429   AVX512DQ - Supports the AVX512DQ instructions           = 0 (0)
00:00:01.302430   RDSEED - RDSEED instruction                             = 1 (1)
00:00:01.302431   ADX - ADCX/ADOX instructions                            = 1 (1)
00:00:01.302432   SMAP - Supervisor Mode Access Prevention                = 0 (1)
00:00:01.302433   AVX512_IFMA - Supports the AVX512_IFMA instructions     = 0 (0)
00:00:01.302434   CLFLUSHOPT - CLFLUSHOPT (Cache Line Flush) instruction  = 1 (1)
00:00:01.302434   CLWB - CLWB instruction                                 = 0 (0)
00:00:01.302436   INTEL_PT - Intel Processor Trace                        = 0 (0)
00:00:01.302439   AVX512PF - AVX512 Prefetch instructions                 = 0 (0)
00:00:01.302440   AVX512ER - AVX512 Exponential & Reciprocal instructions = 0 (0)
00:00:01.302441   AVX512CD - AVX512 Conflict Detection instructions       = 0 (0)
00:00:01.302441   SHA - Secure Hash Algorithm extensions                  = 1 (1)
00:00:01.302442   AVX512BW - Supports the AVX512BW instructions           = 0 (0)
00:00:01.302443   AVX512VL - Supports the AVX512VL instructions           = 0 (0)
00:00:01.302444   PREFETCHWT1 - PREFETCHWT1 instruction                   = 0 (0)
00:00:01.302445   AVX512_VBMI - Supports the AVX512_VBMI instructions     = 0 (0)
00:00:01.302446   UMIP - User mode insturction prevention                 = 0 (0)
00:00:01.302447   PKU - Protection Key for Usermode pages                 = 0 (0)
00:00:01.302448   OSPKE - CR4.PKU mirror                                  = 0 (0)
00:00:01.302449   WAITPKG - TPAUSE, UMONITOR & UMWAIT support             = 0 (0)
00:00:01.302450   AVX512_VBMI2 - Supports the AVX512_VBMI2 instructions   = 0 (0)
00:00:01.302450   CET_SS - CET shadow stack support                       = 0 (0)
00:00:01.302452   GFNI - Supports the GFNI instruction set                = 0 (0)
00:00:01.302452   VAES - Supports the VEX encoded AES instruction set     = 0 (0)
00:00:01.302453   VPCLMULQDQ - Supports the VPCLMULQDQ instruction        = 0 (0)
00:00:01.302454   AVX512_VNNI - Supports the AVX512_VNNI instructions     = 0 (0)
00:00:01.302455   AVX512_BITALG - Supports the AVX512_BITALG instructions = 0 (0)
00:00:01.302455   TME_EN - Supports 4 IA32_TME_ MSRs                      = 0 (0)
00:00:01.302456   AVX512_VPOPCNTDQ - Supports the AVX512_VPOPCNTDQ instructions = 0 (0)
00:00:01.302457   LA57 - 57-bit linear addresses                          = 0 (0)
00:00:01.302458   MAWAU - Value used by BNDLDX & BNDSTX                   = 0x0 (0x0)
00:00:01.302459   RDPID - Read processor ID support                       = 0 (0)
00:00:01.302460   KEY_LOCKER - Supports Key Locker                        = 0 (0)
00:00:01.302462   BUS_LOCK_DETECT - Supports OS bus-lock detection        = 0 (0)
00:00:01.302462   CLDEMOTE - Supports cache line demote                   = 0 (0)
00:00:01.302463   MOVDIRI - Supports the MOVDIRI instruction              = 0 (0)
00:00:01.302464   MOVDIRI64B - Supports the MOVDIRI64B instruction        = 0 (0)
00:00:01.302465   ENQCMD - Supports the Eqnqueue Stores                   = 0 (0)
00:00:01.302466   SGX_LC - Supports SGX Launch Configuration              = 0 (0)
00:00:01.302467   PKS - Supports protection keys for supervisor pages     = 0 (0)
00:00:01.302468  Sub-leaf 2
00:00:01.302468   Mnemonic - Description                                  = Guest (Host)
00:00:01.302470   PSFD - Supports IA32_SPEC_CTRL[7] (PSFD)                = 0 (0)
00:00:01.302471   IPRED_CTRL - Supports IA32_SPEC_CTRL[4:3] (IPRED_DIS)   = 0 (0)
00:00:01.302472   RRSBA_CTRL - Supports IA32_SPEC_CTRL[6:5] (RRSBA_DIS)   = 0 (0)
00:00:01.302473   DDPD_U - Supports IA32_SPEC_CTRL[8] (DDPD_U)            = 0 (0)
00:00:01.302474   BHI_CTRL - Supports IA32_SPEC_CTRL[10] (BHI_DIS_S)      = 0 (0)
00:00:01.302474   MCDT_NO - No MXCSR Config Dependent Timing issues       = 0 (0)
00:00:01.302475   UC_LOCK_DIS - Supports UC-lock disable and causing #AC  = 0 (0)
00:00:01.302476   MONITOR_MITG_NO - No MONITOR/UMONITOR power issues      = 0 (0)
00:00:01.302477 Processor Extended State Enumeration (leaf 0xd):
00:00:01.302477    XSAVE area cur/max size by XCR0, Guest: 0x340/0x340
00:00:01.302478    XSAVE area cur/max size by XCR0,  Host: 0x340/0x340
00:00:01.302479                    Valid XCR0 bits, Guest: 0x00000000`00000007 ( x87 SSE YMM_Hi128 )
00:00:01.302481                    Valid XCR0 bits,  Host: 0x00000000`00000007 ( x87 SSE YMM_Hi128 )
00:00:01.302483                     XSAVE features, Guest
00:00:01.302483                     XSAVE features,  Host XSAVEOPT XSAVEC XGETBC1 XSAVES
00:00:01.302485       XSAVE area cur size XCR0|XSS, Guest: 0x340
00:00:01.302486       XSAVE area cur size XCR0|XSS,  Host: 0x340
00:00:01.302486                Valid IA32_XSS bits, Guest: 0x00000000`00000000
00:00:01.302487                Valid IA32_XSS bits,  Host: 0x00000000`00000000
00:00:01.302488   State #2, Guest: off=0x0240, cb=0x0100 IA32_XSS-bit -- YMM_Hi128
00:00:01.302490   State #2,  Host:  off=0x0240, cb=0x0100 IA32_XSS-bit -- YMM_Hi128
00:00:01.302495          Raw Hypervisor CPUID Leaves
00:00:01.302495      Leaf/sub-leaf  eax      ebx      ecx      edx
00:00:01.302496 Hst: 40000000/0000  4000000c 7263694d 666f736f 76482074
00:00:01.302497 Hst: 40000001/0000  31237648 00000000 00000000 00000000
00:00:01.302498 Hst: 40000002/0000  00004a61 000a0000 00000007 00001c0d
00:00:01.302498 Hst: 40000003/0000  0000bfff 002bb9ff 00000002 11fffbf2
00:00:01.302499 Hst: 40000004/0000  00042d1c 00000000 00000000 00000000
00:00:01.302500 Hst: 40000005/0000  00000400 00000400 00000c90 00000000
00:00:01.302501 Hst: 40000006/0000  000200ae 00000000 00000000 00000000
00:00:01.302502 Hst: 40000007/0000  80000007 00000003 00000000 00000000
00:00:01.302503 Hst: 40000008/0000  00100001 00000001 0000cccc 00000000
00:00:01.302503 Hst: 40000009/0000  00000000 00000000 00000000 00000000
00:00:01.302504 Hst: 4000000a/0000  00000000 00000000 00000000 00000000
00:00:01.302505 Hst: 4000000b/0000  00000000 00000000 00000000 00000000
00:00:01.302506 Hst: 4000000c/0000  00000000 00000000 00000000 00000000
00:00:01.302507          Raw Extended CPUID Leaves
00:00:01.302507      Leaf/sub-leaf  eax      ebx      ecx      edx
00:00:01.302507 Gst: 80000000/0000  8000001f 68747541 444d4163 69746e65
00:00:01.302508 Hst:                8000001f 68747541 444d4163 69746e65
00:00:01.302509 Gst: 80000001/0000  00800f82 20000000 000001f1 0bc3fb3f
00:00:01.302510 Hst:                00800f82 20000000 004023f3 2fd3fbff
00:00:01.302511 Gst: 80000002/0000  20444d41 657a7952 2037206e 30303732
00:00:01.302512 Hst:                20444d41 657a7952 2037206e 30303732
00:00:01.302512 Gst: 80000003/0000  69452058 2d746867 65726f43 6f725020
00:00:01.302513 Hst:                69452058 2d746867 65726f43 6f725020
00:00:01.302514 Gst: 80000004/0000  73736563 2020726f 20202020 00202020
00:00:01.302515 Hst:                73736563 2020726f 20202020 00202020
00:00:01.302516 Gst: 80000005/0000  ff40ff40 ff40ff40 20080140 40040140
00:00:01.302517 Hst:                ff40ff40 ff40ff40 20080140 40040140
00:00:01.302518 Gst: 80000006/0000  26006400 66006400 02006140 00808140
00:00:01.302518 Hst:                26006400 66006400 02006140 00808140
00:00:01.302519 Gst: 80000007/0000  00000000 00000000 00000000 00000100
00:00:01.302520 Hst:                00000000 0000001b 00000000 00004789
00:00:01.302521 Gst: 80000008/0000  00003030 04000000 00000000 00000000
00:00:01.302522 Hst:                00003030 02000005 0000400f 00000000
00:00:01.302522 Gst: 80000009/0000  00000000 00000000 00000000 00000000
00:00:01.302523 Hst:                00000000 00000000 00000000 00000000
00:00:01.302524 Gst: 8000000a/0000  00000000 00000000 00000000 00000000
00:00:01.302524 Hst:                00000000 00000000 00000000 00000000
00:00:01.302525 Gst: 8000000b/0000  00000000 00000000 00000000 00000000
00:00:01.302526 Hst:                00000000 00000000 00000000 00000000
00:00:01.302526 Gst: 8000000c/0000  00000000 00000000 00000000 00000000
00:00:01.302527 Hst:                00000000 00000000 00000000 00000000
00:00:01.302528 Gst: 8000000d/0000  00000000 00000000 00000000 00000000
00:00:01.302529 Hst:                00000000 00000000 00000000 00000000
00:00:01.302529 Gst: 8000000e/0000  00000000 00000000 00000000 00000000
00:00:01.302530 Hst:                00000000 00000000 00000000 00000000
00:00:01.302531 Gst: 8000000f/0000  00000000 00000000 00000000 00000000
00:00:01.302531 Hst:                00000000 00000000 00000000 00000000
00:00:01.302532 Gst: 80000010/0000  00000000 00000000 00000000 00000000
00:00:01.302533 Hst:                00000000 00000000 00000000 00000000
00:00:01.302533 Gst: 80000011/0000  00000000 00000000 00000000 00000000
00:00:01.302534 Hst:                00000000 00000000 00000000 00000000
00:00:01.302535 Gst: 80000012/0000  00000000 00000000 00000000 00000000
00:00:01.302535 Hst:                00000000 00000000 00000000 00000000
00:00:01.302536 Gst: 80000013/0000  00000000 00000000 00000000 00000000
00:00:01.302537 Hst:                00000000 00000000 00000000 00000000
00:00:01.302537 Gst: 80000014/0000  00000000 00000000 00000000 00000000
00:00:01.302538 Hst:                00000000 00000000 00000000 00000000
00:00:01.302539 Gst: 80000015/0000  00000000 00000000 00000000 00000000
00:00:01.302539 Hst:                00000000 00000000 00000000 00000000
00:00:01.302540 Gst: 80000016/0000  00000000 00000000 00000000 00000000
00:00:01.302541 Hst:                00000000 00000000 00000000 00000000
00:00:01.302541 Gst: 80000017/0000  00000000 00000000 00000000 00000000
00:00:01.302542 Hst:                00000000 00000000 00000000 00000000
00:00:01.302543 Gst: 80000018/0000  00000000 00000000 00000000 00000000
00:00:01.302544 Hst:                00000000 00000000 00000000 00000000
00:00:01.302544 Gst: 80000019/0000  00000000 00000000 00000000 00000000
00:00:01.302545 Hst:                00000000 00000000 00000000 00000000
00:00:01.302546 Gst: 8000001a/0000  00000003 00000000 00000000 00000000
00:00:01.302546 Hst:                00000003 00000000 00000000 00000000
00:00:01.302547 Gst: 8000001b/0000  00000000 00000000 00000000 00000000
00:00:01.302548 Hst:                00000000 00000000 00000000 00000000
00:00:01.302548 Gst: 8000001c/0000  00000000 00000000 00000000 00000000
00:00:01.302549 Hst:                00000000 00000000 00000000 00000000
00:00:01.302550 Gst: 8000001d/0000  00000121 01c0003f 0000003f 00000000
00:00:01.302550 Hst:                00004121 01c0003f 0000003f 00000000
00:00:01.302551 Gst: 8000001d/0001  00000122 00c0003f 000000ff 00000000
00:00:01.302552 Hst:                00004122 00c0003f 000000ff 00000000
00:00:01.302553 Gst: 8000001d/0002  00000143 01c0003f 000003ff 00000002
00:00:01.302554 Hst:                00004143 01c0003f 000003ff 00000002
00:00:01.302554 Gst: 8000001d/0003  00000163 03c0003f 00001fff 00000001
00:00:01.302555 Hst:                0001c163 03c0003f 00001fff 00000001
00:00:01.302556 Gst: 8000001d/0004  00000000 00000000 00000000 00000000
00:00:01.302557 Hst:                00000000 00000000 00000000 00000000
00:00:01.302557 Gst: 8000001e/0000  00000000 00000000 00000000 00000000
00:00:01.302558 Hst:                00000009 00000104 00000000 00000000
00:00:01.302559 Gst: 8000001f/0000  00000000 00000000 00000000 00000000
00:00:01.302559 Hst:                00000000 00000000 00000000 00000000
00:00:01.302560 Ext Name:                        AuthenticAMD
00:00:01.302561 Ext Supports:                    0x80000000-0x8000001f
00:00:01.302561 Family:                          15  	Extended: 8 	Effective: 23
00:00:01.302562 Model:                           8  	Extended: 0 	Effective: 8
00:00:01.302562 Stepping:                        2
00:00:01.302563 Brand ID:                        0x000
00:00:01.302563 Ext Features
00:00:01.302563   Mnemonic - Description                                  = Guest (Host)
00:00:01.302565   FPU - x87 FPU on Chip                                   = 1 (1)
00:00:01.302566   VME - Virtual 8086 Mode Enhancements                    = 1 (1)
00:00:01.302567   DE - Debugging extensions                               = 1 (1)
00:00:01.302568   PSE - Page Size Extension                               = 1 (1)
00:00:01.302569   TSC - Time Stamp Counter                                = 1 (1)
00:00:01.302571   MSR - K86 Model Specific Registers                      = 1 (1)
00:00:01.302572   PAE - Physical Address Extension                        = 0 (1)
00:00:01.302573   MCE - Machine Check Exception                           = 0 (1)
00:00:01.302574   CX8 - CMPXCHG8B instruction                             = 1 (1)
00:00:01.302575   APIC - APIC On-Chip                                     = 1 (1)
00:00:01.302576   SEP - SYSCALL/SYSRET                                    = 1 (1)
00:00:01.302577   MTRR - Memory Type Range Registers                      = 1 (1)
00:00:01.302578   PGE - PTE Global Bit                                    = 1 (1)
00:00:01.302580   MCA - Machine Check Architecture                        = 1 (1)
00:00:01.302581   CMOV - Conditional Move instructions                    = 1 (1)
00:00:01.302582   PAT - Page Attribute Table                              = 1 (1)
00:00:01.302583   PSE-36 - 36-bit Page Size Extension                     = 1 (1)
00:00:01.302584   NX - No-Execute/Execute-Disable                         = 0 (1)
00:00:01.302585   AXMMX - AMD Extensions to MMX instructions              = 1 (1)
00:00:01.302586   MMX - Intel MMX Technology                              = 1 (1)
00:00:01.302587   FXSR - FXSAVE and FXRSTOR Instructions                  = 1 (1)
00:00:01.302588   FFXSR - AMD fast FXSAVE and FXRSTOR instructions        = 1 (1)
00:00:01.302589   Page1GB - 1 GB large page                               = 0 (1)
00:00:01.302590   RDTSCP - RDTSCP instruction                             = 1 (1)
00:00:01.302591   LM - AMD64 Long Mode                                    = 0 (1)
00:00:01.302594   3DNOWEXT - AMD Extensions to 3DNow                      = 0 (0)
00:00:01.302595   3DNOW - AMD 3DNow                                       = 0 (0)
00:00:01.302596   LahfSahf - LAHF/SAHF support in 64-bit mode             = 1 (1)
00:00:01.302597   CmpLegacy - Core multi-processing legacy mode           = 0 (1)
00:00:01.302598   SVM - AMD Secure Virtual Machine extensions             = 0 (0)
00:00:01.302599   EXTAPIC - AMD Extended APIC registers                   = 0 (0)
00:00:01.302600   CR8L - AMD LOCK MOV CR0 means MOV CR8                   = 1 (1)
00:00:01.302601   ABM - AMD Advanced Bit Manipulation                     = 1 (1)
00:00:01.302602   SSE4A - SSE4A instructions                              = 1 (1)
00:00:01.302603   MISALIGNSSE - AMD Misaligned SSE mode                   = 1 (1)
00:00:01.302604   3DNOWPRF - AMD PREFETCH and PREFETCHW instructions      = 1 (1)
00:00:01.302605   OSVW - AMD OS Visible Workaround                        = 0 (1)
00:00:01.302606   IBS - Instruct Based Sampling                           = 0 (0)
00:00:01.302607   XOP - Extended Operation support                        = 0 (0)
00:00:01.302608   SKINIT - SKINIT, STGI, and DEV support                  = 0 (0)
00:00:01.302609   WDT - AMD Watchdog Timer support                        = 0 (1)
00:00:01.302610   LWP - Lightweight Profiling support                     = 0 (0)
00:00:01.302611   FMA4 - Four operand FMA instruction support             = 0 (0)
00:00:01.302612   TCE - Translation Cache Extension support               = 0 (0)
00:00:01.302613   NodeId - NodeId in MSR C001_100C                        = 0 (0)
00:00:01.302614   TBM - Trailing Bit Manipulation instructions            = 0 (0)
00:00:01.302615   TOPOEXT - Topology Extensions                           = 0 (1)
00:00:01.302616   PRFEXTCORE - Performance Counter Extensions support     = 0 (0)
00:00:01.302617   PRFEXTNB - NB Performance Counter Extensions support    = 0 (0)
00:00:01.302617   DATABPEXT - Data-access Breakpoint Extension            = 0 (0)
00:00:01.302618   PERFTSC - Performance Time Stamp Counter                = 0 (0)
00:00:01.302619   PCX_L2I - L2I/L3 Performance Counter Extensions         = 0 (0)
00:00:01.302620   MONITORX - MWAITX and MONITORX instructions             = 0 (0)
00:00:01.302621   AddrMaskExt - BP Addressing masking extended to bit 31  = 0 (0)
00:00:01.302622 Full Name:                       "AMD Ryzen 7 2700X Eight-Core Processor         "
00:00:01.302622 TLB 2/4M Instr/Uni:              fully  64 entries
00:00:01.302623 TLB 2/4M Data:                   fully  64 entries
00:00:01.302623 TLB 4K Instr/Uni:                fully  64 entries
00:00:01.302624 TLB 4K Data:                     fully  64 entries
00:00:01.302625 L1 Instr Cache Line Size:        64 bytes
00:00:01.302625 L1 Instr Cache Lines Per Tag:    1
00:00:01.302625 L1 Instr Cache Associativity:    4 way
00:00:01.302626 L1 Instr Cache Size:             64 KB
00:00:01.302626 L1 Data Cache Line Size:         64 bytes
00:00:01.302627 L1 Data Cache Lines Per Tag:     1
00:00:01.302627 L1 Data Cache Associativity:     8 way
00:00:01.302627 L1 Data Cache Size:              32 KB
00:00:01.302628 L2 TLB 2/4M Instr/Uni:           8 way  1024 entries
00:00:01.302628 L2 TLB 2/4M Data:                2 way  1536 entries
00:00:01.302629 L2 TLB 4K Instr/Uni:             8 way  1024 entries
00:00:01.302629 L2 TLB 4K Data:                  8 way  1536 entries
00:00:01.302629 L2 Cache Line Size:              64 bytes
00:00:01.302630 L2 Cache Lines Per Tag:          1
00:00:01.302630 L2 Cache Associativity:          8 way 
00:00:01.302630 L2 Cache Size:                   512 KB
00:00:01.302632 L3 Cache Line Size:              64 bytes
00:00:01.302632 L3 Cache Lines Per Tag:          1
00:00:01.302632 L3 Cache Associativity:          16 way
00:00:01.302633 L3 Cache Size:                   16384 KB
00:00:01.302633 APM Features EDX
00:00:01.302634   Mnemonic - Description                                  = Guest (Host)
00:00:01.302636   TS - Temperature Sensor                                 = 0 (1)
00:00:01.302637   FID - Frequency ID control                              = 0 (0)
00:00:01.302638   VID - Voltage ID control                                = 0 (0)
00:00:01.302640   TTP - Thermal Trip                                      = 0 (1)
00:00:01.302641   TM - Hardware Thermal Control (HTC)                     = 0 (0)
00:00:01.302642   100MHzSteps - 100 MHz Multiplier control                = 0 (0)
00:00:01.302643   HwPstate - Hardware P-state control                     = 0 (1)
00:00:01.302644   TscInvariant - Invariant Time Stamp Counter             = 1 (1)
00:00:01.302645   CPB - Core Performance Boost                            = 0 (1)
00:00:01.302646   EffFreqRO - Read-only Effective Frequency Interface     = 0 (1)
00:00:01.302647   ProcFdbkIf - Processor Feedback Interface               = 0 (0)
00:00:01.302648   ProcPwrRep - Core power reporting interface support     = 0 (0)
00:00:01.302648   ConnectedStandby - Connected Standby                    = 0 (0)
00:00:01.302649   RAPL - Running average power limit                      = 0 (1)
00:00:01.302651 Ext Features ext IDs EBX
00:00:01.302651   Mnemonic - Description                                  = Guest (Host)
00:00:01.302652   CLZERO - Clear zero instruction (cacheline)             = 0 (1)
00:00:01.302653   IRPerf - Instructions retired count support             = 0 (0)
00:00:01.302654   XSaveErPtr - Save/restore error pointers (FXSAVE/RSTOR) = 0 (1)
00:00:01.302655   INVLPGB - INVLPGB and TLBSYNC instructions              = 0 (0)
00:00:01.302655   RDPRU - RDPRU instruction                               = 0 (0)
00:00:01.302657   BE - Bandwidth Enforcement extension                    = 0 (0)
00:00:01.302658   MCOMMIT - MCOMMIT instruction                           = 0 (0)
00:00:01.302659   WBNOINVD - WBNOINVD instruction                         = 0 (0)
00:00:01.302660   IBPB - Supports the IBPB command in IA32_PRED_CMD       = 0 (0)
00:00:01.302661   INT_WBINVD - WBINVD/WBNOINVD interruptible              = 0 (0)
00:00:01.302661   IBRS - Indirect Branch Restricted Speculation           = 0 (0)
00:00:01.302662   STIBP - Single Thread Indirect Branch Prediction        = 0 (0)
00:00:01.302663   IbrsAlwaysOn - Processor prefers that IBRS be left on   = 0 (0)
00:00:01.302664   StibpAlwaysOn - Processor prefers that STIBP be left on = 0 (0)
00:00:01.302664   IbrsPreferred - IBRS preferred over software solution   = 0 (0)
00:00:01.302665   IbrsSameMode - IBRS limits same mode speculation        = 0 (0)
00:00:01.302666   EferLmsleUnsupported - EFER.LMSLE is unsupported        = 0 (0)
00:00:01.302667   INVLPGBnestedPages - INVLPGB for nested translation     = 0 (0)
00:00:01.302668   PPIN - Protected processor inventory number             = 0 (0)
00:00:01.302668   SSBD - Speculative Store Bypass Disable                 = 0 (0)
00:00:01.302669   SsbdVirtSpecCtrl - Use VIRT_SPEC_CTL for SSBD           = 0 (1)
00:00:01.302670   SsbdNotRequired - SSBD not needed on this processor     = 1 (0)
00:00:01.302671   CPPC - Collaborative Processor Performance Control      = 0 (0)
00:00:01.302672   PSFD - Predictive Store Forward Disable                 = 0 (0)
00:00:01.302673   BTC_NO - Unaffected by branch type confusion            = 0 (0)
00:00:01.302673   IBPB_RET - Clears RA predictor when PRED_CMD.IBPB set   = 0 (0)
00:00:01.302674 Physical Address Width:          48 bits
00:00:01.302674 Virtual Address Width:           48 bits
00:00:01.302675 Guest Physical Address Width:    48 bits (0)
00:00:01.302675 Physical Core Count:             1
00:00:01.302676 APIC ID size:                    1 (0x1)
00:00:01.302676 Performance TSC size:            40 bits
00:00:01.302676 Max page count for INVLPGB:      0x3030
00:00:01.302677 Max ECX for RDPRU:               0x0
00:00:01.302678 ********************* End of CPUID dump *********************
00:00:01.302737 VMEmt: Halt method global1 (5)
00:00:01.302809 VMEmt: HaltedGlobal1 config: cNsSpinBlockThresholdCfg=50000
00:00:01.302819 Changing the VM state from 'CREATING' to 'CREATED'
00:00:01.303756 NAT: DNS settings changed, triggering update
00:00:01.303767 NAT DNS Update: Stored 1263225675 as nameserver #0
00:00:01.303771 NAT DNS Update: Stored 1280068427 as nameserver #1
00:00:01.303774 NAT DNS Update: Stored 2 total nameservers
00:00:01.304062 Changing the VM state from 'CREATED' to 'POWERING_ON'
00:00:01.304254 Changing the VM state from 'POWERING_ON' to 'RUNNING'
00:00:01.304264 Console: Machine state changed to 'Running'
00:00:01.306283 VMMDev: Guest Log: BIOS: VirtualBox 7.2.6
00:00:01.306502 PCI: Setting up resources and interrupts
00:00:01.306682 PIT: mode=2 count=0x10000 (65536) - 18.20 Hz (ch=0)
00:00:01.327463 Display::i_handleDisplayResize: uScreenId=0 pvVRAM=0000000000000000 w=720 h=400 bpp=0 cbLine=0x0 flags=0x0 origin=0,0
00:00:01.328012 VMMDev: Guest Log: CPUID EDX: 0x178bfbbf
00:00:01.328130 PIIX3 ATA: Ctl#0: RESET, DevSel=0 AIOIf=0 CmdIf0=0x00 (-1 usec ago) CmdIf1=0x00 (-1 usec ago)
00:00:01.328185 PIIX3 ATA: Ctl#0: finished processing RESET
00:00:01.328574 VMMDev: Guest Log: BIOS: ata0-0: PCHS=65/16/63 LCHS=65/16/63
00:00:01.367235 PIT: mode=2 count=0x48d3 (18643) - 64.00 Hz (ch=0)
00:00:01.376893 Display::i_handleDisplayResize: uScreenId=0 pvVRAM=00000134f3850000 w=640 h=480 bpp=32 cbLine=0xA00 flags=0x0 origin=0,0
00:00:01.452562 VBoxHeadless: starting event loop
00:00:03.846742 PIT: mode=2 count=0x10000 (65536) - 18.20 Hz (ch=0)
00:00:03.847254 VMMDev: Guest Log: BIOS: Boot : bseqnr=1, bootseq=0002
00:00:03.847628 VMMDev: Guest Log: BIOS: Booting from Hard Disk...
00:00:03.854211 Display::i_handleDisplayResize: uScreenId=0 pvVRAM=0000000000000000 w=720 h=400 bpp=0 cbLine=0x0 flags=0x0 origin=0,0
00:00:03.862014 WasAPI: Looking up or creating cache entry (caching is set to enabled, iface 00000134ea947760, async init)
00:00:03.862102 Audio: Warning: Scheduling hint of stream '[WasAPI] Output:0' is bigger (1000ms) than used period size (0ms)
00:00:03.862216 Audio Mixer: Setting sink 'SB16 Mixer/PCM Output' -- channel volumes: ba ba ba ba ba ba ba ba ba ba ba ba
00:00:03.876054 Display::i_handleDisplayResize: uScreenId=0 pvVRAM=00000134f3850000 w=640 h=400 bpp=0 cbLine=0x140 flags=0x0 origin=0,0
