00:00:00.375747 VirtualBox VM 7.2.6 r172322 win.amd64 (Jan 15 2026 18:08:50) release log
00:00:00.375750 Log opened 2026-04-19T01:57:05.122664800Z
00:00:00.375750 Build Type: release
00:00:00.375751 OS Product: Windows 10
00:00:00.375913 OS Release: 10.0.19045.7184
00:00:00.375916 OS Service Pack: 
00:00:00.445647 DMI Product Name: System Product Name
00:00:00.448223 DMI Product Version: System Version
00:00:00.448241 Firmware type: UEFI
00:00:00.448519 Secure Boot: Enabled
00:00:00.448525 Host RAM: 32692MB (31.9GB) total, 22293MB (21.7GB) available
00:00:00.448528 Executable: C:\Program Files\Oracle\VirtualBox\VBoxHeadless.exe
00:00:00.448528 Process ID: 26748
00:00:00.448529 Package type: WINDOWS_64BITS_GENERIC
00:00:00.448529 Windows Features:
00:00:00.448529   Core Isolation (Memory Integrity): DISABLED
00:00:00.449147 Installed Extension Packs:
00:00:00.449158   None installed!
00:00:00.449821 Console: Machine state changed to 'Starting'
00:00:00.516603 SUP: seg #0: R   0x00000000 LB 0x00001000
00:00:00.516619 SUP: seg #1: R X 0x00001000 LB 0x00204000
00:00:00.516623 SUP: seg #2: R   0x00205000 LB 0x00053000
00:00:00.516627 SUP: seg #3: RW  0x00258000 LB 0x00013000
00:00:00.516631 SUP: seg #4: R   0x0026b000 LB 0x00013000
00:00:00.516634 SUP: seg #5: RW  0x0027e000 LB 0x00004000
00:00:00.516637 SUP: seg #6: R   0x00282000 LB 0x00007000
00:00:00.516641 SUP: seg #7: R X 0x00289000 LB 0x00002000
00:00:00.516644 SUP: seg #8: R   0x0028b000 LB 0x00007000
00:00:00.520842 SUP: Loaded VMMR0.r0 (C:\Program Files\Oracle\VirtualBox/VMMR0.r0) at 0xXXXXXXXXXXXXXXXX - ModuleInit at XXXXXXXXXXXXXXXX and ModuleTerm at XXXXXXXXXXXXXXXX using the native ring-0 loader
00:00:00.520969 SUP: VMMR0EntryEx located at XXXXXXXXXXXXXXXX and VMMR0EntryFast at XXXXXXXXXXXXXXXX
00:00:00.520975 SUP: windbg> .reload /f C:\Program Files\Oracle\VirtualBox/VMMR0.r0=0xXXXXXXXXXXXXXXXX
00:00:00.524975 Guest architecture: x86
00:00:00.525012 Guest OS type: 'Other'
00:00:00.525687 fHMForced=true - No raw-mode support in this build!
00:00:00.525697 Using execution engine 1
00:00:00.528288 File system of 'C:\Users\RhythmicCarnage\Desktop\CyberStorm\build\cyberstorm.vfd' (Floppy) is ntfs
00:00:00.627763 Shared Clipboard: Initialized OLE
00:00:00.627810 Shared Clipboard: Service loaded
00:00:00.627818 Shared Clipboard: Mode: Off
00:00:00.627872 Shared Clipboard: Service running in headless mode
00:00:00.638306 Drag and drop service loaded
00:00:00.638337 Drag and drop mode: Off
00:00:00.639691 Audio: Detected default audio driver type is 'HostAudioWas'
00:00:00.732115 ************************* CFGM dump *************************
00:00:00.732124 [/] (level 0)
00:00:00.732126   CpuExecutionCap   <integer> = 0x0000000000000064 (100)
00:00:00.732127   EnablePAE         <integer> = 0x0000000000000000 (0)
00:00:00.732129   HMEnabled         <integer> = 0x0000000000000001 (1)
00:00:00.732130   MemBalloonSize    <integer> = 0x0000000000000000 (0, 0 B)
00:00:00.732133   Name              <string>  = "CyberStorm" (cb=11)
00:00:00.732135   NumCPUs           <integer> = 0x0000000000000001 (1)
00:00:00.732135   PageFusionAllowed <integer> = 0x0000000000000000 (0)
00:00:00.732136   RamHoleSize       <integer> = 0x0000000020000000 (536 870 912, 512.0 MiB)
00:00:00.732137   RamSize           <integer> = 0x0000000002000000 (33 554 432, 32.0 MiB)
00:00:00.732139   TimerMillies      <integer> = 0x000000000000000a (10)
00:00:00.732139   UUID              <bytes>   = "c5 7d 5f f0 9e bc 34 40 a5 7c 11 21 b6 e1 51 08" (cb=16)
00:00:00.732142 
00:00:00.732142 [/CPUM/] (level 1)
00:00:00.732143   Enable64bit        <integer> = 0x0000000000000000 (0)
00:00:00.732144   GuestCpuName       <string>  = "host" (cb=5)
00:00:00.732145   NestedHWVirt       <integer> = 0x0000000000000000 (0)
00:00:00.732146   PortableCpuIdLevel <integer> = 0x0000000000000000 (0)
00:00:00.732146   SpecCtrl           <integer> = 0x0000000000000000 (0)
00:00:00.732147 
00:00:00.732147 [/CPUM/IsaExts/] (level 2)
00:00:00.732148 
00:00:00.732148 [/DBGC/] (level 1)
00:00:00.732149   GlobalInitScript <string>  = "C:\Users\RhythmicCarnage\.VirtualBox/dbgc-init" (cb=47)
00:00:00.732150   HistoryFile      <string>  = "C:\Users\RhythmicCarnage\.VirtualBox/dbgc-history" (cb=50)
00:00:00.732150   LocalInitScript  <string>  = "C:\Users\RhythmicCarnage\Desktop\CyberStorm\deploy\virtualbox\CyberStorm/dbgc-init" (cb=83)
00:00:00.732151 
00:00:00.732151 [/DBGF/] (level 1)
00:00:00.732152   Path <string>  = "C:\Users\RhythmicCarnage\Desktop\CyberStorm\deploy\virtualbox\CyberStorm/debug/;C:\Users\RhythmicCarnage\Desktop\CyberStorm\deploy\virtualbox\CyberStorm/;cache*C:\Users\RhythmicCarnage\Desktop\CyberStorm\deploy\virtualbox\CyberStorm/dbgcache/;C:\Users\RhythmicCarnage\" (cb=269)
00:00:00.732153 
00:00:00.732153 [/Devices/] (level 1)
00:00:00.732154 
00:00:00.732154 [/Devices/3c501/] (level 2)
00:00:00.732155 
00:00:00.732155 [/Devices/8237A/] (level 2)
00:00:00.732156 
00:00:00.732156 [/Devices/8237A/0/] (level 3)
00:00:00.732157   Trusted <integer> = 0x0000000000000001 (1)
00:00:00.732158 
00:00:00.732158 [/Devices/VMMDev/] (level 2)
00:00:00.732159 
00:00:00.732159 [/Devices/VMMDev/0/] (level 3)
00:00:00.732160   PCIBusNo      <integer> = 0x0000000000000000 (0)
00:00:00.732161   PCIDeviceNo   <integer> = 0x0000000000000004 (4)
00:00:00.732161   PCIFunctionNo <integer> = 0x0000000000000000 (0)
00:00:00.732162   Trusted       <integer> = 0x0000000000000001 (1)
00:00:00.732163 
00:00:00.732163 [/Devices/VMMDev/0/Config/] (level 4)
00:00:00.732164   GuestCoreDumpDir <string>  = "C:\Users\RhythmicCarnage\Desktop\CyberStorm\deploy\virtualbox\CyberStorm\Snapshots" (cb=83)
00:00:00.732165 
00:00:00.732165 [/Devices/VMMDev/0/LUN#0/] (level 4)
00:00:00.732166   Driver <string>  = "HGCM" (cb=5)
00:00:00.732166 
00:00:00.732167 [/Devices/VMMDev/0/LUN#0/Config/] (level 5)
00:00:00.732168 
00:00:00.732168 [/Devices/VMMDev/0/LUN#999/] (level 4)
00:00:00.732169   Driver <string>  = "MainStatus" (cb=11)
00:00:00.732170 
00:00:00.732170 [/Devices/VMMDev/0/LUN#999/Config/] (level 5)
00:00:00.732171   First                <integer> = 0x0000000000000000 (0)
00:00:00.732172   HasMediumAttachments <integer> = 0x0000000000000000 (0)
00:00:00.732173   Last                 <integer> = 0x0000000000000000 (0)
00:00:00.732173   iLedSet              <integer> = 0x0000000000000003 (3)
00:00:00.732174 
00:00:00.732174 [/Devices/acpi/] (level 2)
00:00:00.732175 
00:00:00.732175 [/Devices/acpi/0/] (level 3)
00:00:00.732176   PCIBusNo      <integer> = 0x0000000000000000 (0)
00:00:00.732177   PCIDeviceNo   <integer> = 0x0000000000000007 (7)
00:00:00.732178   PCIFunctionNo <integer> = 0x0000000000000000 (0)
00:00:00.732178   Trusted       <integer> = 0x0000000000000001 (1)
00:00:00.732179 
00:00:00.732179 [/Devices/acpi/0/Config/] (level 4)
00:00:00.732181   CpuHotPlug          <integer> = 0x0000000000000000 (0)
00:00:00.732183   FdcEnabled          <integer> = 0x0000000000000001 (1)
00:00:00.732184   HostBusPciAddress   <integer> = 0x0000000000000000 (0)
00:00:00.732185   HpetEnabled         <integer> = 0x0000000000000000 (0)
00:00:00.732186   IOAPIC              <integer> = 0x0000000000000000 (0)
00:00:00.732186   IocPciAddress       <integer> = 0x0000000000010000 (65 536)
00:00:00.732187   NumCPUs             <integer> = 0x0000000000000001 (1)
00:00:00.732188   Parallel0IoPortBase <integer> = 0x0000000000000000 (0)
00:00:00.732189   Parallel0Irq        <integer> = 0x0000000000000000 (0)
00:00:00.732189   Parallel1IoPortBase <integer> = 0x0000000000000000 (0)
00:00:00.732190   Parallel1Irq        <integer> = 0x0000000000000000 (0)
00:00:00.732191   Serial0IoPortBase   <integer> = 0x0000000000000000 (0)
00:00:00.732191   Serial0Irq          <integer> = 0x0000000000000000 (0)
00:00:00.732192   Serial1IoPortBase   <integer> = 0x0000000000000000 (0)
00:00:00.732192   Serial1Irq          <integer> = 0x0000000000000000 (0)
00:00:00.732193   ShowCpu             <integer> = 0x0000000000000000 (0)
00:00:00.732194   ShowRtc             <integer> = 0x0000000000000000 (0)
00:00:00.732195   SmcEnabled          <integer> = 0x0000000000000000 (0)
00:00:00.732196 
00:00:00.732196 [/Devices/acpi/0/LUN#0/] (level 4)
00:00:00.732197   Driver <string>  = "ACPIHost" (cb=9)
00:00:00.732197 
00:00:00.732198 [/Devices/acpi/0/LUN#0/Config/] (level 5)
00:00:00.732199 
00:00:00.732199 [/Devices/apic/] (level 2)
00:00:00.732200 
00:00:00.732200 [/Devices/apic/0/] (level 3)
00:00:00.732201   Trusted <integer> = 0x0000000000000001 (1)
00:00:00.732201 
00:00:00.732201 [/Devices/apic/0/Config/] (level 4)
00:00:00.732203   IOAPIC  <integer> = 0x0000000000000000 (0)
00:00:00.732203   Mode    <integer> = 0x0000000000000002 (2)
00:00:00.732204   NumCPUs <integer> = 0x0000000000000001 (1)
00:00:00.732204 
00:00:00.732205 [/Devices/dp8390/] (level 2)
00:00:00.732205 
00:00:00.732206 [/Devices/e1000/] (level 2)
00:00:00.732206 
00:00:00.732207 [/Devices/i82078/] (level 2)
00:00:00.732207 
00:00:00.732207 [/Devices/i82078/0/] (level 3)
00:00:00.732208   Trusted <integer> = 0x0000000000000001 (1)
00:00:00.732209 
00:00:00.732209 [/Devices/i82078/0/Config/] (level 4)
00:00:00.732210   DMA       <integer> = 0x0000000000000002 (2)
00:00:00.732211   IOBase    <integer> = 0x00000000000003f0 (1 008)
00:00:00.732212   IRQ       <integer> = 0x0000000000000006 (6)
00:00:00.732212   MemMapped <integer> = 0x0000000000000000 (0)
00:00:00.732213 
00:00:00.732213 [/Devices/i82078/0/LUN#0/] (level 4)
00:00:00.732214   Driver <string>  = "VD" (cb=3)
00:00:00.732215 
00:00:00.732215 [/Devices/i82078/0/LUN#0/Config/] (level 5)
00:00:00.732216   Format        <string>  = "RAW" (cb=4)
00:00:00.732217   MaybeReadOnly <integer> = 0x0000000000000001 (1)
00:00:00.732217   Mountable     <integer> = 0x0000000000000001 (1)
00:00:00.732218   Path          <string>  = "C:\Users\RhythmicCarnage\Desktop\CyberStorm\build\cyberstorm.vfd" (cb=65)
00:00:00.732219   Type          <string>  = "Floppy 1.44" (cb=12)
00:00:00.732219 
00:00:00.732220 [/Devices/i82078/0/LUN#999/] (level 4)
00:00:00.732221   Driver <string>  = "MainStatus" (cb=11)
00:00:00.732221 
00:00:00.732221 [/Devices/i82078/0/LUN#999/Config/] (level 5)
00:00:00.732223   DeviceInstance       <string>  = "i82078/0" (cb=9)
00:00:00.732223   First                <integer> = 0x0000000000000000 (0)
00:00:00.732224   HasMediumAttachments <integer> = 0x0000000000000001 (1)
00:00:00.732225   Last                 <integer> = 0x0000000000000001 (1)
00:00:00.732226   iLedSet              <integer> = 0x0000000000000001 (1)
00:00:00.732226 
00:00:00.732227 [/Devices/i8254/] (level 2)
00:00:00.732227 
00:00:00.732228 [/Devices/i8254/0/] (level 3)
00:00:00.732228 
00:00:00.732229 [/Devices/i8254/0/Config/] (level 4)
00:00:00.732230 
00:00:00.732230 [/Devices/i8259/] (level 2)
00:00:00.732230 
00:00:00.732231 [/Devices/i8259/0/] (level 3)
00:00:00.732233   Trusted <integer> = 0x0000000000000001 (1)
00:00:00.732234 
00:00:00.732234 [/Devices/i8259/0/Config/] (level 4)
00:00:00.732235 
00:00:00.732235 [/Devices/mc146818/] (level 2)
00:00:00.732236 
00:00:00.732236 [/Devices/mc146818/0/] (level 3)
00:00:00.732237 
00:00:00.732237 [/Devices/mc146818/0/Config/] (level 4)
00:00:00.732238   UseUTC <integer> = 0x0000000000000000 (0)
00:00:00.732239 
00:00:00.732239 [/Devices/parallel/] (level 2)
00:00:00.732240 
00:00:00.732240 [/Devices/pcarch/] (level 2)
00:00:00.732241 
00:00:00.732241 [/Devices/pcarch/0/] (level 3)
00:00:00.732242   Trusted <integer> = 0x0000000000000001 (1)
00:00:00.732243 
00:00:00.732243 [/Devices/pcarch/0/Config/] (level 4)
00:00:00.732244 
00:00:00.732244 [/Devices/pcbios/] (level 2)
00:00:00.732245 
00:00:00.732245 [/Devices/pcbios/0/] (level 3)
00:00:00.732246   Trusted <integer> = 0x0000000000000001 (1)
00:00:00.732246 
00:00:00.732246 [/Devices/pcbios/0/Config/] (level 4)
00:00:00.732248   APIC            <integer> = 0x0000000000000001 (1)
00:00:00.732248   BootDevice0     <string>  = "FLOPPY" (cb=7)
00:00:00.732249   BootDevice1     <string>  = "NONE" (cb=5)
00:00:00.732250   BootDevice2     <string>  = "NONE" (cb=5)
00:00:00.732250   BootDevice3     <string>  = "NONE" (cb=5)
00:00:00.732251   DmiSystemSerial <string>  = "VirtualBox-<DmiSystemUuid>" (cb=27)
00:00:00.732251   FloppyDevice    <string>  = "i82078" (cb=7)
00:00:00.732252   HardDiskDevice  <string>  = "piix3ide" (cb=9)
00:00:00.732253   IOAPIC          <integer> = 0x0000000000000000 (0)
00:00:00.732253   McfgBase        <integer> = 0x0000000000000000 (0)
00:00:00.732254   McfgLength      <integer> = 0x0000000000000000 (0)
00:00:00.732255   NumCPUs         <integer> = 0x0000000000000001 (1)
00:00:00.732255   PXEDebug        <integer> = 0x0000000000000000 (0)
00:00:00.732256   UUID            <bytes>   = "c5 7d 5f f0 9e bc 34 40 a5 7c 11 21 b6 e1 51 08" (cb=16)
00:00:00.732258   UuidLe          <integer> = 0x0000000000000001 (1)
00:00:00.732259 
00:00:00.732259 [/Devices/pcbios/0/Config/NetBoot/] (level 5)
00:00:00.732260 
00:00:00.732260 [/Devices/pcbios/0/Config/NetBoot/0/] (level 6)
00:00:00.732262   NIC           <integer> = 0x0000000000000000 (0)
00:00:00.732263   PCIBusNo      <integer> = 0x0000000000000000 (0)
00:00:00.732263   PCIDeviceNo   <integer> = 0x0000000000000003 (3)
00:00:00.732264   PCIFunctionNo <integer> = 0x0000000000000000 (0)
00:00:00.732264 
00:00:00.732265 [/Devices/pci/] (level 2)
00:00:00.732265 
00:00:00.732266 [/Devices/pci/0/] (level 3)
00:00:00.732266   Trusted <integer> = 0x0000000000000001 (1)
00:00:00.732267 
00:00:00.732267 [/Devices/pci/0/Config/] (level 4)
00:00:00.732268   IOAPIC <integer> = 0x0000000000000000 (0)
00:00:00.732269 
00:00:00.732269 [/Devices/pcibridge/] (level 2)
00:00:00.732270 
00:00:00.732270 [/Devices/pckbd/] (level 2)
00:00:00.732271 
00:00:00.732271 [/Devices/pckbd/0/] (level 3)
00:00:00.732272   Trusted <integer> = 0x0000000000000001 (1)
00:00:00.732272 
00:00:00.732272 [/Devices/pckbd/0/Config/] (level 4)
00:00:00.732273 
00:00:00.732274 [/Devices/pckbd/0/LUN#0/] (level 4)
00:00:00.732275   Driver <string>  = "KeyboardQueue" (cb=14)
00:00:00.732275 
00:00:00.732275 [/Devices/pckbd/0/LUN#0/AttachedDriver/] (level 5)
00:00:00.732276   Driver <string>  = "MainKeyboard" (cb=13)
00:00:00.732277 
00:00:00.732277 [/Devices/pckbd/0/LUN#0/Config/] (level 5)
00:00:00.732278   QueueSize <integer> = 0x0000000000000040 (64, 64 B)
00:00:00.732279 
00:00:00.732279 [/Devices/pckbd/0/LUN#1/] (level 4)
00:00:00.732280   Driver <string>  = "MouseQueue" (cb=11)
00:00:00.732281 
00:00:00.732281 [/Devices/pckbd/0/LUN#1/AttachedDriver/] (level 5)
00:00:00.732282   Driver <string>  = "MainMouse" (cb=10)
00:00:00.732283 
00:00:00.732283 [/Devices/pckbd/0/LUN#1/Config/] (level 5)
00:00:00.732284   QueueSize <integer> = 0x0000000000000080 (128, 128 B)
00:00:00.732285 
00:00:00.732285 [/Devices/pcnet/] (level 2)
00:00:00.732286 
00:00:00.732288 [/Devices/pcnet/0/] (level 3)
00:00:00.732289   PCIBusNo      <integer> = 0x0000000000000000 (0)
00:00:00.732289   PCIDeviceNo   <integer> = 0x0000000000000003 (3)
00:00:00.732290   PCIFunctionNo <integer> = 0x0000000000000000 (0)
00:00:00.732291   Trusted       <integer> = 0x0000000000000001 (1)
00:00:00.732291 
00:00:00.732291 [/Devices/pcnet/0/Config/] (level 4)
00:00:00.732293   CableConnected <integer> = 0x0000000000000001 (1)
00:00:00.732293   ChipType       <string>  = "Am79C973" (cb=9)
00:00:00.732294   LineSpeed      <integer> = 0x0000000000000000 (0)
00:00:00.732295   MAC            <bytes>   = "08 00 27 7b e5 e8" (cb=6)
00:00:00.732296 
00:00:00.732296 [/Devices/pcnet/0/LUN#0/] (level 4)
00:00:00.732297   Driver <string>  = "NAT" (cb=4)
00:00:00.732298 
00:00:00.732298 [/Devices/pcnet/0/LUN#0/Config/] (level 5)
00:00:00.732299   AliasMode          <integer> = 0x0000000000000000 (0)
00:00:00.732300   DNSProxy           <integer> = 0x0000000000000000 (0)
00:00:00.732300   EnableTFTP         <integer> = 0x0000000000000000 (0)
00:00:00.732301   ForwardBroadcast   <integer> = 0x0000000000000000 (0)
00:00:00.732302   LocalhostReachable <integer> = 0x0000000000000001 (1)
00:00:00.732302   Network            <string>  = "10.0.2.0/24" (cb=12)
00:00:00.732303   PassDomain         <integer> = 0x0000000000000001 (1)
00:00:00.732304   UseHostResolver    <integer> = 0x0000000000000000 (0)
00:00:00.732304 
00:00:00.732305 [/Devices/pcnet/0/LUN#999/] (level 4)
00:00:00.732306   Driver <string>  = "MainStatus" (cb=11)
00:00:00.732306 
00:00:00.732306 [/Devices/pcnet/0/LUN#999/Config/] (level 5)
00:00:00.732307   First                <integer> = 0x0000000000000000 (0)
00:00:00.732308   HasMediumAttachments <integer> = 0x0000000000000000 (0)
00:00:00.732309   Last                 <integer> = 0x0000000000000000 (0)
00:00:00.732310   iLedSet              <integer> = 0x0000000000000002 (2)
00:00:00.732310 
00:00:00.732311 [/Devices/sb16/] (level 2)
00:00:00.732311 
00:00:00.732312 [/Devices/sb16/0/] (level 3)
00:00:00.732312   Trusted <integer> = 0x0000000000000001 (1)
00:00:00.732313 
00:00:00.732313 [/Devices/sb16/0/AudioConfig/] (level 4)
00:00:00.732314 
00:00:00.732315 [/Devices/sb16/0/Config/] (level 4)
00:00:00.732316   DMA          <integer> = 0x0000000000000001 (1)
00:00:00.732316   DMA16        <integer> = 0x0000000000000005 (5)
00:00:00.732317   DebugEnabled <integer> = 0x0000000000000000 (0)
00:00:00.732318   IRQ          <integer> = 0x0000000000000005 (5)
00:00:00.732318   Port         <integer> = 0x0000000000000220 (544)
00:00:00.732319   Version      <integer> = 0x0000000000000405 (1 029)
00:00:00.732320 
00:00:00.732320 [/Devices/sb16/0/LUN#0/] (level 4)
00:00:00.732321   Driver <string>  = "AUDIO" (cb=6)
00:00:00.732322 
00:00:00.732322 [/Devices/sb16/0/LUN#0/AttachedDriver/] (level 5)
00:00:00.732323   Driver <string>  = "HostAudioWas" (cb=13)
00:00:00.732324 
00:00:00.732324 [/Devices/sb16/0/LUN#0/AttachedDriver/Config/] (level 6)
00:00:00.732325   VmName <string>  = "CyberStorm" (cb=11)
00:00:00.732326   VmUuid <string>  = "f05f7dc5-bc9e-4034-a57c-1121b6e15108" (cb=37)
00:00:00.732326 
00:00:00.732326 [/Devices/sb16/0/LUN#0/Config/] (level 5)
00:00:00.732327   DriverName    <string>  = "HostAudioWas" (cb=13)
00:00:00.732328   InputEnabled  <integer> = 0x0000000000000000 (0)
00:00:00.732329   OutputEnabled <integer> = 0x0000000000000001 (1)
00:00:00.732329 
00:00:00.732329 [/Devices/sb16/0/LUN#1/] (level 4)
00:00:00.732330   Driver <string>  = "AUDIO" (cb=6)
00:00:00.732331 
00:00:00.732331 [/Devices/sb16/0/LUN#2/] (level 4)
00:00:00.732332   Driver <string>  = "AUDIO" (cb=6)
00:00:00.732333 
00:00:00.732333 [/Devices/serial/] (level 2)
00:00:00.732334 
00:00:00.732334 [/Devices/vga/] (level 2)
00:00:00.732335 
00:00:00.732335 [/Devices/vga/0/] (level 3)
00:00:00.732336   PCIBusNo      <integer> = 0x0000000000000000 (0)
00:00:00.732337   PCIDeviceNo   <integer> = 0x0000000000000002 (2)
00:00:00.732337   PCIFunctionNo <integer> = 0x0000000000000000 (0)
00:00:00.732339   Trusted       <integer> = 0x0000000000000001 (1)
00:00:00.732340 
00:00:00.732340 [/Devices/vga/0/Config/] (level 4)
00:00:00.732341   3DEnabled        <integer> = 0x0000000000000000 (0)
00:00:00.732342   CustomVideoModes <integer> = 0x0000000000000000 (0)
00:00:00.732343   FadeIn           <integer> = 0x0000000000000001 (1)
00:00:00.732343   FadeOut          <integer> = 0x0000000000000001 (1)
00:00:00.732344   HeightReduction  <integer> = 0x0000000000000000 (0)
00:00:00.732345   LogoFile         <string>  = "" (cb=1)
00:00:00.732345   LogoTime         <integer> = 0x0000000000000000 (0)
00:00:00.732346   MonitorCount     <integer> = 0x0000000000000001 (1)
00:00:00.732347   ShowBootMenu     <integer> = 0x0000000000000002 (2)
00:00:00.732347   VRamSize         <integer> = 0x0000000000800000 (8 388 608, 8.0 MiB)
00:00:00.732348 
00:00:00.732349 [/Devices/vga/0/LUN#0/] (level 4)
00:00:00.732350   Driver <string>  = "MainDisplay" (cb=12)
00:00:00.732350 
00:00:00.732350 [/Devices/vga/0/LUN#0/Config/] (level 5)
00:00:00.732351 
00:00:00.732352 [/Devices/vga/0/LUN#999/] (level 4)
00:00:00.732353   Driver <string>  = "MainStatus" (cb=11)
00:00:00.732353 
00:00:00.732353 [/Devices/vga/0/LUN#999/Config/] (level 5)
00:00:00.732354   First                <integer> = 0x0000000000000000 (0)
00:00:00.732355   HasMediumAttachments <integer> = 0x0000000000000000 (0)
00:00:00.732356   Last                 <integer> = 0x0000000000000000 (0)
00:00:00.732357   iLedSet              <integer> = 0x0000000000000000 (0)
00:00:00.732357 
00:00:00.732358 [/Devices/virtio-net/] (level 2)
00:00:00.732358 
00:00:00.732359 [/EM/] (level 1)
00:00:00.732359   TripleFaultReset <integer> = 0x0000000000000000 (0)
00:00:00.732360 
00:00:00.732360 [/GCM/] (level 1)
00:00:00.732361 
00:00:00.732361 [/GIM/] (level 1)
00:00:00.732361   Provider <string>  = "None" (cb=5)
00:00:00.732362 
00:00:00.732362 [/HM/] (level 1)
00:00:00.732363   64bitEnabled        <integer> = 0x0000000000000000 (0)
00:00:00.732364   EnableLargePages    <integer> = 0x0000000000000001 (1)
00:00:00.732365   EnableNestedPaging  <integer> = 0x0000000000000001 (1)
00:00:00.732365   EnableUX            <integer> = 0x0000000000000001 (1)
00:00:00.732366   EnableVPID          <integer> = 0x0000000000000001 (1)
00:00:00.732367   Exclusive           <integer> = 0x000000000000006e (110)
00:00:00.732368   HMForced            <integer> = 0x0000000000000001 (1)
00:00:00.732368   IBPBOnVMEntry       <integer> = 0x0000000000000000 (0)
00:00:00.732373   IBPBOnVMExit        <integer> = 0x0000000000000000 (0)
00:00:00.732374   L1DFlushOnSched     <integer> = 0x0000000000000001 (1)
00:00:00.732375   L1DFlushOnVMEntry   <integer> = 0x0000000000000000 (0)
00:00:00.732375   MDSClearOnSched     <integer> = 0x0000000000000001 (1)
00:00:00.732376   MDSClearOnVMEntry   <integer> = 0x0000000000000000 (0)
00:00:00.732376   SpecCtrlByHost      <integer> = 0x0000000000000000 (0)
00:00:00.732377   SvmVirtVmsaveVmload <integer> = 0x0000000000000000 (0)
00:00:00.732378   UseNEMInstead       <integer> = 0x0000000000000000 (0)
00:00:00.732378 
00:00:00.732378 [/MM/] (level 1)
00:00:00.732379   CanUseLargerHeap <integer> = 0x0000000000000000 (0)
00:00:00.732380 
00:00:00.732380 [/NEM/] (level 1)
00:00:00.732381   Allow64BitGuests  <integer> = 0x0000000000000000 (0)
00:00:00.732382   IBPBOnVMEntry     <integer> = 0x0000000000000000 (0)
00:00:00.732382   IBPBOnVMExit      <integer> = 0x0000000000000000 (0)
00:00:00.732383   L1DFlushOnSched   <integer> = 0x0000000000000001 (1)
00:00:00.732384   L1DFlushOnVMEntry <integer> = 0x0000000000000000 (0)
00:00:00.732384   MDSClearOnSched   <integer> = 0x0000000000000001 (1)
00:00:00.732385   MDSClearOnVMEntry <integer> = 0x0000000000000000 (0)
00:00:00.732385 
00:00:00.732386 [/PDM/] (level 1)
00:00:00.732386 
00:00:00.732386 [/PDM/AsyncCompletion/] (level 2)
00:00:00.732387 
00:00:00.732387 [/PDM/AsyncCompletion/File/] (level 3)
00:00:00.732388 
00:00:00.732389 [/PDM/AsyncCompletion/File/BwGroups/] (level 4)
00:00:00.732391 
00:00:00.732391 [/PDM/BlkCache/] (level 2)
00:00:00.732392   CacheSize <integer> = 0x0000000000500000 (5 242 880, 5.0 MiB)
00:00:00.732393 
00:00:00.732393 [/PDM/Devices/] (level 2)
00:00:00.732394 
00:00:00.732394 [/PDM/Drivers/] (level 2)
00:00:00.732395 
00:00:00.732395 [/PDM/Drivers/VBoxC/] (level 3)
00:00:00.732396   Path <string>  = "VBoxC" (cb=6)
00:00:00.732396 
00:00:00.732396 [/PDM/NetworkShaper/] (level 2)
00:00:00.732397 
00:00:00.732397 [/PDM/NetworkShaper/BwGroups/] (level 3)
00:00:00.732398 
00:00:00.732398 [/TM/] (level 1)
00:00:00.732399   UTCOffset <integer> = 0x0000000000000000 (0)
00:00:00.732400 
00:00:00.732400 ********************* End of CFGM dump **********************
00:00:00.732458 HM: HMR3Init: Attempting fall back to NEM: AMD-V is not available
00:00:00.795991 NEM:  info: Found optional import WinHvPlatform.dll!WHvQueryGpaRangeDirtyBitmap.
00:00:00.796007 NEM:  info: Found optional import WinHvPlatform.dll!WHvResumePartitionTime.
00:00:00.796011 NEM:  info: Found optional import WinHvPlatform.dll!WHvSuspendPartitionTime.
00:00:00.796015 NEM:  info: Found optional import WinHvPlatform.dll!WHvRequestInterrupt.
00:00:00.796023 NEM:  info: Found optional import WinHvPlatform.dll!WHvGetVirtualProcessorXsaveState.
00:00:00.796027 NEM:  info: Found optional import WinHvPlatform.dll!WHvSetVirtualProcessorXsaveState.
00:00:00.796032 NEM:  info: Failed to import WinHvPlatform.dll!WHvGetVirtualProcessorState: VERR_SYMBOL_NOT_FOUND
00:00:00.796047 NEM:  info: Failed to import WinHvPlatform.dll!WHvSetVirtualProcessorState: VERR_SYMBOL_NOT_FOUND
00:00:00.796052 NEM:  info: Found optional import WinHvPlatform.dll!WHvGetVirtualProcessorInterruptControllerState.
00:00:00.796055 NEM:  info: Found optional import WinHvPlatform.dll!WHvSetVirtualProcessorInterruptControllerState.
00:00:00.796059 NEM:  info: Found optional import WinHvPlatform.dll!WHvGetVirtualProcessorInterruptControllerState2.
00:00:00.796062 NEM:  info: Found optional import WinHvPlatform.dll!WHvSetVirtualProcessorInterruptControllerState2.
00:00:00.796066 NEM:  info: Found optional import vid.dll!VidGetHvPartitionId.
00:00:00.796070 NEM:  info: Found optional import vid.dll!VidGetPartitionProperty.
00:00:00.796132 NEM: WHvCapabilityCodeHypervisorPresent is TRUE, so this might work...
00:00:00.796138 NEM: WHvCapabilityCodeExtendedVmExits      = 0x00000000000003ff
00:00:00.796142 NEM:                           X64CpuidExit: 1
00:00:00.796146 NEM:                             X64MsrExit: 1
00:00:00.796149 NEM:                          ExceptionExit: 1
00:00:00.796153 NEM:                           X64RdtscExit: 1
00:00:00.796156 NEM:                     X64ApicSmiExitTrap: 1
00:00:00.796159 NEM:                          HypercallExit: 1
00:00:00.796162 NEM:                X64ApicInitSipiExitTrap: 1
00:00:00.796165 NEM:              X64ApicWriteLint0ExitTrap: 1
00:00:00.796168 NEM:              X64ApicWriteLint1ExitTrap: 1
00:00:00.796171 NEM:                X64ApicWriteSvrExitTrap: 1
00:00:00.796174 NEM:                 UnknownSynicConnection: 0
00:00:00.796177 NEM:              RetargetUnknownVpciDevice: 0
00:00:00.796180 NEM:                X64ApicWriteLdrExitTrap: 0
00:00:00.796183 NEM:                X64ApicWriteDfrExitTrap: 0
00:00:00.796186 NEM:                     GpaAccessFaultExit: 0
00:00:00.796189 NEM: WHvCapabilityCodeFeatures             = 0x000000000000007f
00:00:00.796195 NEM:                           PartialUnmap: 1
00:00:00.796199 NEM:                     LocalApicEmulation: 1
00:00:00.796203 NEM:                                  Xsave: 1
00:00:00.796207 NEM:                      DirtyPageTracking: 1
00:00:00.796212 NEM:                     SpeculationControl: 1
00:00:00.796217 NEM:                         ApicRemoteRead: 1
00:00:00.796221 NEM:                            IdleSuspend: 1
00:00:00.796226 NEM:                VirtualPciDeviceSupport: 0
00:00:00.796230 NEM:                           IommuSupport: 0
00:00:00.796234 NEM:                         VpHotAddRemove: 0
00:00:00.796242 NEM: Supported xsave features: 0x381f
00:00:00.796246 NEM:                           XsaveSupport: 1
00:00:00.796249 NEM:                        XsaveoptSupport: 1
00:00:00.796252 NEM:                             AvxSupport: 1
00:00:00.796255 NEM:                            Avx2Support: 1
00:00:00.796258 NEM:                             FmaSupport: 1
00:00:00.796261 NEM:                             MpxSupport: 0
00:00:00.796264 NEM:                          Avx512Support: 0
00:00:00.796267 NEM:                        Avx512DQSupport: 0
00:00:00.796270 NEM:                        Avx512BWSupport: 0
00:00:00.796273 NEM:                        Avx512VLSupport: 0
00:00:00.796276 NEM:                       XsaveCompSupport: 1
00:00:00.796279 NEM:                 XsaveSupervisorSupport: 1
00:00:00.796282 NEM:                            Xcr1Support: 1
00:00:00.796285 NEM:                    Avx512BitalgSupport: 0
00:00:00.796288 NEM:                      Avx512IfmaSupport: 0
00:00:00.796291 NEM:                      Avx512VBmiSupport: 0
00:00:00.796294 NEM:                     Avx512VBmi2Support: 0
00:00:00.796297 NEM:                      Avx512VnniSupport: 0
00:00:00.796303 NEM:                            GfniSupport: 0
00:00:00.796308 NEM:                            VaesSupport: 0
00:00:00.796311 NEM:                 Avx512VPopcntdqSupport: 0
00:00:00.796314 NEM:                      VpclmulqdqSupport: 0
00:00:00.796317 NEM:                      Avx512Bf16Support: 0
00:00:00.796320 NEM:              Avx512Vp2IntersectSupport: 0
00:00:00.796323 NEM:                      Avx512Fp16Support: 0
00:00:00.796329 NEM:                             XfdSupport: 0
00:00:00.796334 NEM:                         AmxTileSupport: 0
00:00:00.796338 NEM:                         AmxBf16Support: 0
00:00:00.796342 NEM:                         AmxInt8Support: 0
00:00:00.796346 NEM:                         AvxVnniSupport: 0
00:00:00.796351 NEM: Supported exception exit bitmap: 0xf7dfb
00:00:00.796358 NEM: WHvCapabilityCodeProcessorVendor      = 0 - AMD
00:00:00.796365 NEM: WHvCapabilityCodeProcessorFeatures    = 0x000006cb66f39fbf
00:00:00.796369 NEM:                            Sse3Support: 1
00:00:00.796372 NEM:                        LahfSahfSupport: 1
00:00:00.796375 NEM:                           Ssse3Support: 1
00:00:00.796378 NEM:                          Sse4_1Support: 1
00:00:00.796384 NEM:                          Sse4_2Support: 1
00:00:00.796387 NEM:                           Sse4aSupport: 1
00:00:00.796390 NEM:                             XopSupport: 0
00:00:00.796393 NEM:                          PopCntSupport: 1
00:00:00.796396 NEM:                      Cmpxchg16bSupport: 1
00:00:00.796399 NEM:                       Altmovcr8Support: 1
00:00:00.796402 NEM:                           LzcntSupport: 1
00:00:00.796405 NEM:                     MisAlignSseSupport: 1
00:00:00.796408 NEM:                          MmxExtSupport: 1
00:00:00.796411 NEM:                        Amd3DNowSupport: 0
00:00:00.796414 NEM:                ExtendedAmd3DNowSupport: 0
00:00:00.796417 NEM:                         Page1GbSupport: 1
00:00:00.796420 NEM:                             AesSupport: 1
00:00:00.796423 NEM:                       PclmulqdqSupport: 1
00:00:00.796426 NEM:                            PcidSupport: 0
00:00:00.796430 NEM:                            Fma4Support: 0
00:00:00.796433 NEM:                            F16CSupport: 1
00:00:00.796436 NEM:                          RdRandSupport: 1
00:00:00.796439 NEM:                        RdWrFsGsSupport: 1
00:00:00.796446 NEM:                            SmepSupport: 1
00:00:00.796450 NEM:              EnhancedFastStringSupport: 0
00:00:00.796454 NEM:                            Bmi1Support: 1
00:00:00.796458 NEM:                            Bmi2Support: 1
00:00:00.796463 NEM:                              Reserved1: 0
00:00:00.796467 NEM:                           MovbeSupport: 1
00:00:00.796471 NEM:                          Npiep1Support: 1
00:00:00.796474 NEM:                   DepX87FPUSaveSupport: 0
00:00:00.796477 NEM:                          RdSeedSupport: 1
00:00:00.796480 NEM:                             AdxSupport: 1
00:00:00.796483 NEM:                   IntelPrefetchSupport: 0
00:00:00.796486 NEM:                            SmapSupport: 1
00:00:00.796489 NEM:                             HleSupport: 0
00:00:00.796492 NEM:                             RtmSupport: 0
00:00:00.796495 NEM:                          RdtscpSupport: 1
00:00:00.796498 NEM:                      ClflushoptSupport: 1
00:00:00.796501 NEM:                            ClwbSupport: 0
00:00:00.796504 NEM:                             ShaSupport: 1
00:00:00.796507 NEM:                X87PointersSavedSupport: 1
00:00:00.796510 NEM:                         InvpcidSupport: 0
00:00:00.796513 NEM:                            IbrsSupport: 0
00:00:00.796516 NEM:                           StibpSupport: 0
00:00:00.796519 NEM:                            IbpbSupport: 0
00:00:00.796522 NEM:                              Reserved2: 0
00:00:00.796525 NEM:                            SsbdSupport: 0
00:00:00.796531 NEM:                 FastShortRepMovSupport: 0
00:00:00.796535 NEM:                              Reserved3: 0
00:00:00.796538 NEM:                                 RdclNo: 0
00:00:00.796541 NEM:                         IbrsAllSupport: 0
00:00:00.796544 NEM:                              Reserved4: 0
00:00:00.796547 NEM:                                  SsbNo: 0
00:00:00.796551 NEM:                                 RsbANo: 0
00:00:00.796554 NEM:                              Reserved5: 0
00:00:00.796557 NEM:                           RdPidSupport: 0
00:00:00.796560 NEM:                            UmipSupport: 0
00:00:00.796563 NEM:                           MdsNoSupport: 0
00:00:00.796567 NEM:                         MdClearSupport: 0
00:00:00.796574 NEM:                           TaaNoSupport: 0
00:00:00.796578 NEM:                         TsxCtrlSupport: 0
00:00:00.796582 NEM:                              Reserved6: 0
00:00:00.796591 NEM: WHvCapabilityCodeProcessorClFlushSize = 2^8
00:00:00.796596 NEM: Warning! Unknown capability 0x4 returning: 3f 00 00 00 00 00 00 00 00 00 00 00 00 00 00 00 00 00 00 00 00 00 00 00
00:00:00.797047 NEM: Warning! Unknown capability 0x1003 returning: 1f 38 00 00 00 00 00 00 00 00 00 00 00 00 00 00 00 00 00 00 00 00 00 00
00:00:00.797062 NEM: Warning! Unknown capability 0x1004 returning: f0 89 82 e2 00 00 00 00 00 00 00 00 00 00 00 00 00 00 00 00 00 00 00 00
00:00:00.797069 NEM: Warning! Unknown capability 0x1005 returning: 00 c2 eb 0b 00 00 00 00 00 00 00 00 00 00 00 00 00 00 00 00 00 00 00 00
00:00:00.797077 NEM: Warning! Unknown capability 0x1006 returning: 02 00 00 00 00 00 00 00 bf 9f f3 66 cb 06 00 00 04 00 00 00 00 00 00 00
00:00:00.797902 NEM: Created partition 00000211617450e0. APIC emulation mode: VirtualBox
00:00:00.797931 PGM: Enabling NEM mode
00:00:00.797999 NEM:
00:00:00.797999 NEM: NEMR3Init: Snail execution mode is active!
00:00:00.798000 NEM: Note! VirtualBox is not able to run at its full potential in this execution mode.
00:00:00.798000 NEM:       To see VirtualBox run at max speed you need to disable all Windows features
00:00:00.798000 NEM:       making use of Hyper-V.  That is a moving target, so google how and carefully
00:00:00.798000 NEM:       consider the consequences of disabling these features.
00:00:00.798000 NEM:
00:00:00.798022 CPUM: No hardware-virtualization capability detected
00:00:00.798026 CPUM: fXStateHostMask=0x7; host XCR0=0x7
00:00:00.800534 CPUM: Matched host CPU AMD 0x17/0x8/0x2 AMD_Zen_Ryzen with CPU DB entry 'AMD Ryzen 7 1800X Eight-Core' (AMD 0x17/0x1/0x1 AMD_Zen_Ryzen)
00:00:00.813960 CPUM: MXCSR_MASK=0x2ffff (host: 0x2ffff)
00:00:00.814002 CPUM: Microcode revision 0x08008202
00:00:00.814026 CPUM: MSR fudge: 0x00000017 IA32_PLATFORM_ID
00:00:00.814063 CPUM: MSR fudge: 0x000001a0 IA32_MISC_ENABLE
00:00:00.814081 CPUM: MSR fudge: 0x000002ff IA32_MTRR_DEF_TYPE
00:00:00.814104 CPUM: MSR fudge: 0x0000002c P4_EBC_FREQUENCY_ID
00:00:00.814191 CPUM: Set SSBD not required flag for AMD to work around some buggy Linux kernels!
00:00:00.814196 CPUM: Enabled MTRR read-write support
00:00:00.814202 CPUM: Enabled fixed-range MTRRs and 16 (virtualized) variable-range MTRRs
00:00:00.816984 NEM: HvPartitionPropertyProcessorVendor=0x0 (0)
00:00:00.817003 NEM: cbXSaveArea=832
00:00:00.817021 NEM: Default XSAVE area returned by Hyper-V
00:00:00.817022 000000f1191fdb10/0000: 00 00 00 00 00 00 00 00-00 00 00 00 00 00 00 00 ................
00:00:00.817025 000000f1191fdb20/0010: 00 00 00 00 00 00 00 00-80 1f 00 00 ff ff 02 00 ................
00:00:00.817027 000000f1191fdb30/0020: 00 00 00 00 00 00 00 00-00 00 00 00 00 00 00 00 ................
00:00:00.817029 000000f1191fdb40/0030: 00 00 00 00 00 00 00 00-00 00 00 00 00 00 00 00 ................
00:00:00.817031 000000f1191fdb50/0040: 00 00 00 00 00 00 00 00-00 00 00 00 00 00 00 00 ................
00:00:00.817032 000000f1191fdb60/0050: 00 00 00 00 00 00 00 00-00 00 00 00 00 00 00 00 ................
00:00:00.817034 000000f1191fdb70/0060: 00 00 00 00 00 00 00 00-00 00 00 00 00 00 00 00 ................
00:00:00.817036 000000f1191fdb80/0070: 00 00 00 00 00 00 00 00-00 00 00 00 00 00 00 00 ................
00:00:00.817037 000000f1191fdb90/0080: 00 00 00 00 00 00 00 00-00 00 00 00 00 00 00 00 ................
00:00:00.817059 000000f1191fdba0/0090: 00 00 00 00 00 00 00 00-00 00 00 00 00 00 00 00 ................
00:00:00.817061 000000f1191fdbb0/00a0: 00 00 00 00 00 00 00 00-00 00 00 00 00 00 00 00 ................
00:00:00.817062 000000f1191fdbc0/00b0: 00 00 00 00 00 00 00 00-00 00 00 00 00 00 00 00 ................
00:00:00.817064 000000f1191fdbd0/00c0: 00 00 00 00 00 00 00 00-00 00 00 00 00 00 00 00 ................
00:00:00.817065 000000f1191fdbe0/00d0: 00 00 00 00 00 00 00 00-00 00 00 00 00 00 00 00 ................
00:00:00.817067 000000f1191fdbf0/00e0: 00 00 00 00 00 00 00 00-00 00 00 00 00 00 00 00 ................
00:00:00.817069 000000f1191fdc00/00f0: 00 00 00 00 00 00 00 00-00 00 00 00 00 00 00 00 ................
00:00:00.817070 000000f1191fdc10/0100: 00 00 00 00 00 00 00 00-00 00 00 00 00 00 00 00 ................
00:00:00.817072 000000f1191fdc20/0110: 00 00 00 00 00 00 00 00-00 00 00 00 00 00 00 00 ................
00:00:00.817074 000000f1191fdc30/0120: 00 00 00 00 00 00 00 00-00 00 00 00 00 00 00 00 ................
00:00:00.817076 000000f1191fdc40/0130: 00 00 00 00 00 00 00 00-00 00 00 00 00 00 00 00 ................
00:00:00.817077 000000f1191fdc50/0140: 00 00 00 00 00 00 00 00-00 00 00 00 00 00 00 00 ................
00:00:00.817079 000000f1191fdc60/0150: 00 00 00 00 00 00 00 00-00 00 00 00 00 00 00 00 ................
00:00:00.817081 000000f1191fdc70/0160: 00 00 00 00 00 00 00 00-00 00 00 00 00 00 00 00 ................
00:00:00.817082 000000f1191fdc80/0170: 00 00 00 00 00 00 00 00-00 00 00 00 00 00 00 00 ................
00:00:00.817084 000000f1191fdc90/0180: 00 00 00 00 00 00 00 00-00 00 00 00 00 00 00 00 ................
00:00:00.817085 000000f1191fdca0/0190: 00 00 00 00 00 00 00 00-00 00 00 00 00 00 00 00 ................
00:00:00.817087 000000f1191fdcb0/01a0: 00 00 00 00 00 00 00 00-00 00 00 00 00 00 00 00 ................
00:00:00.817089 000000f1191fdcc0/01b0: 00 00 00 00 00 00 00 00-00 00 00 00 00 00 00 00 ................
00:00:00.817090 000000f1191fdcd0/01c0: 00 00 00 00 00 00 00 00-00 00 00 00 00 00 00 00 ................
00:00:00.817092 000000f1191fdce0/01d0: 00 00 00 00 00 00 00 00-00 00 00 00 00 00 00 00 ................
00:00:00.817094 000000f1191fdcf0/01e0: 00 00 00 00 00 00 00 00-00 00 00 00 00 00 00 00 ................
00:00:00.817095 000000f1191fdd00/01f0: 00 00 00 00 00 00 00 00-00 00 00 00 00 00 00 00 ................
00:00:00.817097 000000f1191fdd10/0200: 02 00 00 00 00 00 00 00-07 00 00 00 00 00 00 80 ................
00:00:00.817099 000000f1191fdd20/0210: 00 00 00 00 00 00 00 00-00 00 00 00 00 00 00 00 ................
00:00:00.817100 000000f1191fdd30/0220: 00 00 00 00 00 00 00 00-00 00 00 00 00 00 00 00 ................
00:00:00.817102 000000f1191fdd40/0230: 00 00 00 00 00 00 00 00-00 00 00 00 00 00 00 00 ................
00:00:00.817104 000000f1191fdd50/0240: 00 00 00 00 00 00 00 00-00 00 00 00 00 00 00 00 ................
00:00:00.817105 000000f1191fdd60/0250: 00 00 00 00 00 00 00 00-00 00 00 00 00 00 00 00 ................
00:00:00.817107 000000f1191fdd70/0260: 00 00 00 00 00 00 00 00-00 00 00 00 00 00 00 00 ................
00:00:00.817109 000000f1191fdd80/0270: 00 00 00 00 00 00 00 00-00 00 00 00 00 00 00 00 ................
00:00:00.817110 000000f1191fdd90/0280: 00 00 00 00 00 00 00 00-00 00 00 00 00 00 00 00 ................
00:00:00.817112 000000f1191fdda0/0290: 00 00 00 00 00 00 00 00-00 00 00 00 00 00 00 00 ................
00:00:00.817114 000000f1191fddb0/02a0: 00 00 00 00 00 00 00 00-00 00 00 00 00 00 00 00 ................
00:00:00.817115 000000f1191fddc0/02b0: 00 00 00 00 00 00 00 00-00 00 00 00 00 00 00 00 ................
00:00:00.817117 000000f1191fddd0/02c0: 00 00 00 00 00 00 00 00-00 00 00 00 00 00 00 00 ................
00:00:00.817119 000000f1191fdde0/02d0: 00 00 00 00 00 00 00 00-00 00 00 00 00 00 00 00 ................
00:00:00.817120 000000f1191fddf0/02e0: 00 00 00 00 00 00 00 00-00 00 00 00 00 00 00 00 ................
00:00:00.817122 000000f1191fde00/02f0: 00 00 00 00 00 00 00 00-00 00 00 00 00 00 00 00 ................
00:00:00.817124 000000f1191fde10/0300: 00 00 00 00 00 00 00 00-00 00 00 00 00 00 00 00 ................
00:00:00.817125 000000f1191fde20/0310: 00 00 00 00 00 00 00 00-00 00 00 00 00 00 00 00 ................
00:00:00.817127 000000f1191fde30/0320: 00 00 00 00 00 00 00 00-00 00 00 00 00 00 00 00 ................
00:00:00.817129 000000f1191fde40/0330: 00 00 00 00 00 00 00 00-00 00 00 00 00 00 00 00 ................
00:00:00.817140 NEM: Successfully set up partition (device handle 0000000000000b54, partition ID 0x24)
00:00:00.817407 PGM: Host paging mode: AMD64+PGE+NX
00:00:00.817418 PGM: PGMPool: cMaxPages=256 (u64MaxPages=48)
00:00:00.817422 PGM: pgmR3PoolInit: cMaxPages=0x100 cMaxUsers=0x200 cMaxPhysExts=0x200 fCacheEnable=true
00:00:00.842447 SUPLib: MEM_LARGE_PAGES works!
00:00:00.842742 TM: GIP - u32Mode=3 (Invariant) u32UpdateHz=93 u32UpdateIntervalNS=10741500 enmUseTscDelta=2 (Practically Zero) fGetGipCpu=0x2b cCpus=16
00:00:00.842750 TM: GIP - u64CpuHz=3 800 205 671 (0xe2828967)  SUPGetCpuHzFromGip => 3 800 205 671
00:00:00.842774 TM: GIP - CPU: iCpuSet=0x0 idCpu=0x0 idApic=0x0 iGipCpu=0x2 i64TSCDelta=0 enmState=3 u64CpuHz=3800199759(*) cErrors=0
00:00:00.842780 TM: GIP - CPU: iCpuSet=0x1 idCpu=0x1 idApic=0x1 iGipCpu=0x1 i64TSCDelta=0 enmState=3 u64CpuHz=3800206701(*) cErrors=0
00:00:00.842784 TM: GIP - CPU: iCpuSet=0x2 idCpu=0x2 idApic=0x2 iGipCpu=0x7 i64TSCDelta=0 enmState=3 u64CpuHz=3800205164(*) cErrors=0
00:00:00.842788 TM: GIP - CPU: iCpuSet=0x3 idCpu=0x3 idApic=0x3 iGipCpu=0x5 i64TSCDelta=0 enmState=3 u64CpuHz=3800205413(*) cErrors=0
00:00:00.842792 TM: GIP - CPU: iCpuSet=0x4 idCpu=0x4 idApic=0x4 iGipCpu=0x0 i64TSCDelta=0 enmState=3 u64CpuHz=3800205671(*) cErrors=0
00:00:00.842795 TM: GIP - CPU: iCpuSet=0x5 idCpu=0x5 idApic=0x5 iGipCpu=0x6 i64TSCDelta=0 enmState=3 u64CpuHz=3800205515(*) cErrors=0
00:00:00.842799 TM: GIP - CPU: iCpuSet=0x6 idCpu=0x6 idApic=0x6 iGipCpu=0x4 i64TSCDelta=0 enmState=3 u64CpuHz=3800205870(*) cErrors=0
00:00:00.842803 TM: GIP - CPU: iCpuSet=0x7 idCpu=0x7 idApic=0x7 iGipCpu=0x3 i64TSCDelta=0 enmState=3 u64CpuHz=3800204823(*) cErrors=0
00:00:00.842806 TM: GIP - CPU: iCpuSet=0x8 idCpu=0x8 idApic=0x8 iGipCpu=0xa i64TSCDelta=0 enmState=3 u64CpuHz=3800205628(*) cErrors=0
00:00:00.842810 TM: GIP - CPU: iCpuSet=0x9 idCpu=0x9 idApic=0x9 iGipCpu=0x8 i64TSCDelta=0 enmState=3 u64CpuHz=3800205576(*) cErrors=0
00:00:00.842814 TM: GIP - CPU: iCpuSet=0xa idCpu=0xa idApic=0xa iGipCpu=0xd i64TSCDelta=0 enmState=3 u64CpuHz=3800205529(*) cErrors=0
00:00:00.842817 TM: GIP - CPU: iCpuSet=0xb idCpu=0xb idApic=0xb iGipCpu=0xe i64TSCDelta=0 enmState=3 u64CpuHz=3800205671(*) cErrors=0
00:00:00.842821 TM: GIP - CPU: iCpuSet=0xc idCpu=0xc idApic=0xc iGipCpu=0x9 i64TSCDelta=0 enmState=3 u64CpuHz=3800205494(*) cErrors=0
00:00:00.842824 TM: GIP - CPU: iCpuSet=0xd idCpu=0xd idApic=0xd iGipCpu=0xc i64TSCDelta=0 enmState=3 u64CpuHz=3800205648(*) cErrors=0
00:00:00.842828 TM: GIP - CPU: iCpuSet=0xe idCpu=0xe idApic=0xe iGipCpu=0xf i64TSCDelta=0 enmState=3 u64CpuHz=3800206701(*) cErrors=0
00:00:00.842831 TM: GIP - CPU: iCpuSet=0xf idCpu=0xf idApic=0xf iGipCpu=0xb i64TSCDelta=0 enmState=3 u64CpuHz=3800205483(*) cErrors=0
00:00:00.842839 TM: NEM overrides the /TM/TSCModeSwitchAllowed setting.
00:00:00.842851 TM:     cTSCTicksPerSecond=3 800 205 671 (0xe2828967) enmTSCMode=4 (NativeApi) TSCMultiplier=1
00:00:00.842854 TM: cTSCTicksPerSecondHost=3 800 205 671 (0xe2828967)
00:00:00.842854 TM: TSCTiedToExecution=false TSCNotTiedToHalt=false
00:00:00.843505 EMR3Init: fIemExecutesAll=false fGuruOnTripleFault=true
00:00:00.843631 IEM: TargetCpu=CURRENT, Microarch=AMD_Zen_Ryzen aidxTargetCpuEflFlavour={2,0}
00:00:00.844062 GIM: Using provider 'None' (Implementation version: 0)
00:00:00.844076 GCM: Initialized - Fixer bits: 0x0
00:00:00.844134 AIOMgr: Default manager type is 'Async'
00:00:00.844142 AIOMgr: Default file backend is 'NonBuffered'
00:00:00.844188 BlkCache: Cache successfully initialized. Cache size is 5242880 bytes
00:00:00.844192 BlkCache: Cache commit interval is 10000 ms
00:00:00.844195 BlkCache: Cache commit threshold is 2621440 bytes
00:00:01.267674 PcBios: [SMP] BIOS with 1 CPUs
00:00:01.267696 PcBios: Using the 386+ BIOS image.
00:00:01.268092 PcBios: fCheckShutdownStatusForSoftReset=true  fClearShutdownStatusOnHardReset=true
00:00:01.268298 PDM: VirtualBox APIC backend registered
00:00:01.268346 CPUM: SetGuestCpuIdFeature: Enabled xAPIC
00:00:01.268735 PIT: mode=3 count=0x10000 (65536) - 18.20 Hz (ch=0)
00:00:01.268968 VMMDev: cbDefaultBudget: 1 073 741 824 (40000000)
00:00:01.285588 Shared Folders service loaded
00:00:01.296195 Guest Control service loaded
00:00:01.316477 VGA: Using the 386+ BIOS image.
00:00:01.316949 DrvVD: Flushes will be ignored
00:00:01.316957 DrvVD: Async flushes will be passed to the disk
00:00:01.317239 VD: VDInit finished with VINF_SUCCESS
00:00:01.317331 VD: Opening the disk took 355240 ns
00:00:01.317369 FDC: 1.44 MB 3"1/2 floppy disk (2 h 80 t 18 s) rw
00:00:01.332806 Audio Mixer: Setting sink 'SB16 Mixer/PCM Output' -- channel volumes: ba ba ba ba ba ba ba ba ba ba ba ba
00:00:01.362439 WasAPI: Input device is: {Default} (iface 000002116174b490)
00:00:01.364695 WasAPI: Output device is: {Default} (iface 000002116174b350)
00:00:01.371997 Audio: Found 9 devices for driver 'WasAPI'
00:00:01.372056 Audio: Device 'Headphones (High Definition Audio Device)':
00:00:01.372057 Audio:   ID              = {0.0.0.00000000}.{12380492-75b7-42bc-b789-0d1d8d1f4e3b}
00:00:01.372058 Audio:   Usage           = output
00:00:01.372059 Audio:   Flags           = DEFAULT_OUT
00:00:01.372059 Audio:   Input channels  = 0
00:00:01.372060 Audio:   Output channels = 2
00:00:01.372065 Audio: Device 'Headphones (High Definition Audio Device)':
00:00:01.372066 Audio:   ID              = {0.0.0.00000000}.{12380492-75b7-42bc-b789-0d1d8d1f4e3b}
00:00:01.372066 Audio:   Usage           = output
00:00:01.372067 Audio:   Flags           = NONE
00:00:01.372067 Audio:   Input channels  = 0
00:00:01.372068 Audio:   Output channels = 2
00:00:01.372072 Audio: Device 'Digital Audio (S/PDIF) (High Definition Audio Device)':
00:00:01.372072 Audio:   ID              = {0.0.0.00000000}.{2ca71d41-bb09-4c97-9aaf-cabbc6fbe5ab}
00:00:01.372073 Audio:   Usage           = output
00:00:01.372073 Audio:   Flags           = NONE
00:00:01.372073 Audio:   Input channels  = 0
00:00:01.372074 Audio:   Output channels = 2
00:00:01.372078 Audio: Device '100012589 (NVIDIA High Definition Audio)':
00:00:01.372079 Audio:   ID              = {0.0.0.00000000}.{3f36c4ff-500a-4cd3-9a35-77b5981f1155}
00:00:01.372079 Audio:   Usage           = output
00:00:01.372079 Audio:   Flags           = NONE
00:00:01.372079 Audio:   Input channels  = 0
00:00:01.372080 Audio:   Output channels = 2
00:00:01.372083 Audio: Device 'Speakers (2- USB Audio CODEC )':
00:00:01.372083 Audio:   ID              = {0.0.0.00000000}.{566bb4ca-cb36-4deb-843b-246f6c5c5982}
00:00:01.372084 Audio:   Usage           = output
00:00:01.372084 Audio:   Flags           = NONE
00:00:01.372084 Audio:   Input channels  = 0
00:00:01.372084 Audio:   Output channels = 2
00:00:01.372087 Audio: Device '100012589 (NVIDIA High Definition Audio)':
00:00:01.372088 Audio:   ID              = {0.0.0.00000000}.{fdb7b4cc-b13a-4c66-ac46-5302e0b66d2f}
00:00:01.372088 Audio:   Usage           = output
00:00:01.372088 Audio:   Flags           = NONE
00:00:01.372089 Audio:   Input channels  = 0
00:00:01.372089 Audio:   Output channels = 2
00:00:01.372092 Audio: Device 'Microphone (NexiGo HD Webcam Audio)':
00:00:01.372092 Audio:   ID              = {0.0.1.00000000}.{8830d0fa-5126-4de0-babf-090349e9c6f6}
00:00:01.372093 Audio:   Usage           = input
00:00:01.372093 Audio:   Flags           = DEFAULT_IN
00:00:01.372093 Audio:   Input channels  = 2
00:00:01.372094 Audio:   Output channels = 0
00:00:01.372146 Audio: Device 'Microphone (2- USB Audio CODEC )':
00:00:01.372146 Audio:   ID              = {0.0.1.00000000}.{2cdb81b1-e1eb-4201-a0a4-fc6057072946}
00:00:01.372146 Audio:   Usage           = input
00:00:01.372147 Audio:   Flags           = NONE
00:00:01.372147 Audio:   Input channels  = 1
00:00:01.372147 Audio:   Output channels = 0
00:00:01.372153 Audio: Device 'Microphone (NexiGo HD Webcam Audio)':
00:00:01.372153 Audio:   ID              = {0.0.1.00000000}.{8830d0fa-5126-4de0-babf-090349e9c6f6}
00:00:01.372153 Audio:   Usage           = input
00:00:01.372154 Audio:   Flags           = NONE
00:00:01.372154 Audio:   Input channels  = 2
00:00:01.372154 Audio:   Output channels = 0
00:00:01.372473 PGM: The CPU physical address width is 48 bits
00:00:01.372482 PGM: PGMR3InitFinalize: 4 MB PSE mask 0000ffffffffffff -> VINF_SUCCESS
00:00:01.372491 TM: TMR3InitFinalize: fTSCModeSwitchAllowed=false
00:00:01.372867 CPUM: Mapped 1.0MiB (1048576 bytes) of RAM using fixed-range MTRRs
00:00:01.372876 CPUM: Mapped 32.0MiB (33554432 bytes) of RAM using 1 variable-range MTRRs
00:00:01.372982 VMM: Thread-context hooks unavailable
00:00:01.372988 VMM: RTThreadPreemptIsPending() can be trusted
00:00:01.372991 VMM: Kernel preemption is possible
00:00:01.373002 EM: Exit history optimizations: enabled=true enabled-r0=true enabled-r0-no-preemption=false
00:00:01.373110 APIC: fPostedIntrsEnabled=false fVirtApicRegsEnabled=false fSupportsTscDeadline=false
00:00:01.373118 TMR3UtcNow: nsNow=1 776 563 826 120 330 500 nsPrev=0 -> cNsDelta=1 776 563 826 120 330 500 (offLag=0 offVirtualSync=0 offVirtualSyncGivenUp=0, NowAgain=1 776 563 826 120 330 500)
00:00:01.373191 VMM: fUsePeriodicPreemptionTimers=true
00:00:01.373238 CPUM: Logical host processors: 16 present, 16 max, 16 online, online mask: 000000000000ffff
00:00:01.373240 CPUM: Physical host cores: 8
00:00:01.373240 ************************ CPUID dump *************************
00:00:01.375778          Raw Standard CPUID Leaves
00:00:01.375779      Leaf/sub-leaf  eax      ebx      ecx      edx
00:00:01.375780 Gst: 00000000/0000  0000000d 68747541 444d4163 69746e65
00:00:01.375782 Hst:                0000000d 68747541 444d4163 69746e65
00:00:01.375783 Gst: 00000001/0000  00800f82 00010800 76d83203 178bfbbf
00:00:01.375784 Hst:                00800f82 01100800 fed83203 178bfbff
00:00:01.375785 Gst: 00000002/0000  00000000 00000000 00000000 00000000
00:00:01.375785 Hst:                00000000 00000000 00000000 00000000
00:00:01.375786 Gst: 00000003/0000  00000000 00000000 00000000 00000000
00:00:01.375786 Hst:                00000000 00000000 00000000 00000000
00:00:01.375787 Gst: 00000004/0000  00000000 00000000 00000000 00000000
00:00:01.375787 Hst:                00000000 00000000 00000000 00000000
00:00:01.375788 Gst: 00000005/0000  00000000 00000000 00000000 00000000
00:00:01.375789 Hst:                00000000 00000000 00000000 00000000
00:00:01.375789 Gst: 00000006/0000  00000004 00000000 00000000 00000000
00:00:01.375790 Hst:                00000000 00000000 00000001 00000000
00:00:01.375790 Gst: 00000007/0000  00000000 208c0129 00000000 00000000
00:00:01.375791 Hst:                00000000 209c01a9 00000000 00000000
00:00:01.375792 Gst: 00000007/0001  00000000 00000000 00000000 00000000
00:00:01.375793 Hst:                00000000 00000000 00000000 00000000
00:00:01.375794 Gst: 00000007/0002  00000000 00000000 00000000 00000000
00:00:01.375794 Hst:                00000000 00000000 00000000 00000000
00:00:01.375796 Gst: 00000008/0000  00000000 00000000 00000000 00000000
00:00:01.375797 Hst:                00000000 00000000 00000000 00000000
00:00:01.375798 Gst: 00000009/0000  00000000 00000000 00000000 00000000
00:00:01.375799 Hst:                00000000 00000000 00000000 00000000
00:00:01.375799 Gst: 0000000a/0000  00000000 00000000 00000000 00000000
00:00:01.375800 Hst:                00000000 00000000 00000000 00000000
00:00:01.375801 Gst: 0000000b/0000  00000000 00000000 00000000 00000000
00:00:01.375802 Hst:                00000000 00000000 00000000 00000000
00:00:01.375803 Gst: 0000000c/0000  00000000 00000000 00000000 00000000
00:00:01.375803 Hst:                00000000 00000000 00000000 00000000
00:00:01.375804 Gst: 0000000d/0000  00000007 00000340 00000340 00000000
00:00:01.375805 Hst:                00000007 00000340 00000340 00000000
00:00:01.375806 Gst: 0000000d/0001  00000000 00000340 00000000 00000000
00:00:01.375806 Hst:                0000000f 00000340 00000000 00000000
00:00:01.375807 Gst: 0000000d/0002  00000100 00000240 00000000 00000000
00:00:01.375808 Hst:                00000100 00000240 00000000 00000000
00:00:01.375809 Gst: 0000000d/0003  00000000 00000000 00000000 00000000
00:00:01.375810 Hst:                00000000 00000000 00000000 00000000
00:00:01.375810                                Name: AuthenticAMD
00:00:01.375812                            Supports: 0x00000000-0x0000000d
00:00:01.375813                              Family: 15 	Extended: 8 	Effective: 23
00:00:01.375815                               Model:  8 	Extended: 0 	Effective: 8
00:00:01.375816                            Stepping: 2
00:00:01.375816                                Type: 0 (primary)
00:00:01.375817                             APIC ID: 0x00
00:00:01.375818                        Logical CPUs: 1
00:00:01.375819                        CLFLUSH Size: 8
00:00:01.375819                            Brand ID: 0x00
00:00:01.375820 Features
00:00:01.375820   Mnemonic - Description                                  = Guest (Host)
00:00:01.375822   FPU - x87 FPU on Chip                                   = 1 (1)
00:00:01.375823   VME - Virtual 8086 Mode Enhancements                    = 1 (1)
00:00:01.375824   DE - Debugging extensions                               = 1 (1)
00:00:01.375825   PSE - Page Size Extension                               = 1 (1)
00:00:01.375826   TSC - Time Stamp Counter                                = 1 (1)
00:00:01.375829   MSR - Model Specific Registers                          = 1 (1)
00:00:01.375830   PAE - Physical Address Extension                        = 0 (1)
00:00:01.375831   MCE - Machine Check Exception                           = 1 (1)
00:00:01.375831   CX8 - CMPXCHG8B instruction                             = 1 (1)
00:00:01.375832   APIC - APIC On-Chip                                     = 1 (1)
00:00:01.375833   SEP - SYSENTER and SYSEXIT Present                      = 1 (1)
00:00:01.375834   MTRR - Memory Type Range Registers                      = 1 (1)
00:00:01.375835   PGE - PTE Global Bit                                    = 1 (1)
00:00:01.375836   MCA - Machine Check Architecture                        = 1 (1)
00:00:01.375836   CMOV - Conditional Move instructions                    = 1 (1)
00:00:01.375837   PAT - Page Attribute Table                              = 1 (1)
00:00:01.375838   PSE-36 - 36-bit Page Size Extension                     = 1 (1)
00:00:01.375839   PSN - Processor Serial Number                           = 0 (0)
00:00:01.375840   CLFSH - CLFLUSH instruction                             = 1 (1)
00:00:01.375841   DS - Debug Store                                        = 0 (0)
00:00:01.375842   ACPI - Thermal Mon. & Soft. Clock Ctrl.                 = 0 (0)
00:00:01.375842   MMX - Intel MMX Technology                              = 1 (1)
00:00:01.375843   FXSR - FXSAVE and FXRSTOR instructions                  = 1 (1)
00:00:01.375844   SSE - SSE support                                       = 1 (1)
00:00:01.375845   SSE2 - SSE2 support                                     = 1 (1)
00:00:01.375846   SS - Self Snoop                                         = 0 (0)
00:00:01.375847   HTT - Hyper-Threading Technology                        = 1 (1)
00:00:01.375847   TM - Therm. Monitor                                     = 0 (0)
00:00:01.375848   PBE - Pending Break Enabled                             = 0 (0)
00:00:01.375849   SSE3 - SSE3 support                                     = 1 (1)
00:00:01.375850   PCLMUL - PCLMULQDQ support (for AES-GCM)                = 1 (1)
00:00:01.375851   DTES64 - DS Area 64-bit Layout                          = 0 (0)
00:00:01.375852   MONITOR - MONITOR/MWAIT instructions                    = 0 (0)
00:00:01.375852   CPL-DS - CPL Qualified Debug Store                      = 0 (0)
00:00:01.375853   VMX - Virtual Machine Extensions                        = 0 (0)
00:00:01.375854   SMX - Safer Mode Extensions                             = 0 (0)
00:00:01.375855   EST - Enhanced SpeedStep Technology                     = 0 (0)
00:00:01.375856   TM2 - Terminal Monitor 2                                = 0 (0)
00:00:01.375856   SSSE3 - Supplemental Streaming SIMD Extensions 3        = 1 (1)
00:00:01.375857   CNTX-ID - L1 Context ID                                 = 0 (0)
00:00:01.375858   SDBG - Silicon Debug interface                          = 0 (0)
00:00:01.375859   FMA - Fused Multiply Add extensions                     = 1 (1)
00:00:01.375860   CX16 - CMPXCHG16B instruction                           = 1 (1)
00:00:01.375860   TPRUPDATE - xTPR Update Control                         = 0 (0)
00:00:01.375861   PDCM - Perf/Debug Capability MSR                        = 0 (0)
00:00:01.375862   PCID - Process Context Identifiers                      = 0 (0)
00:00:01.375863   DCA - Direct Cache Access                               = 0 (0)
00:00:01.375864   SSE4_1 - SSE4_1 support                                 = 1 (1)
00:00:01.375864   SSE4_2 - SSE4_2 support                                 = 1 (1)
00:00:01.375865   X2APIC - x2APIC support                                 = 0 (0)
00:00:01.375866   MOVBE - MOVBE instruction                               = 1 (1)
00:00:01.375867   POPCNT - POPCNT instruction                             = 1 (1)
00:00:01.375868   TSCDEADL - Time Stamp Counter Deadline                  = 0 (0)
00:00:01.375869   AES - AES instructions                                  = 1 (1)
00:00:01.375869   XSAVE - XSAVE instruction                               = 1 (1)
00:00:01.375870   OSXSAVE - OSXSAVE instruction                           = 0 (1)
00:00:01.375871   AVX - AVX support                                       = 1 (1)
00:00:01.375872   F16C - 16-bit floating point conversion instructions    = 1 (1)
00:00:01.375873   RDRAND - RDRAND instruction                             = 1 (1)
00:00:01.375874   HVP - Hypervisor Present (we're a guest)                = 0 (1)
00:00:01.375874 Structured Extended Feature Flags Enumeration (leaf 7):
00:00:01.375875 Sub-leaf 0
00:00:01.375875   Mnemonic - Description                                  = Guest (Host)
00:00:01.375876   FSGSBASE - RDFSBASE/RDGSBASE/WRFSBASE/WRGSBASE instr.   = 1 (1)
00:00:01.375877   TSCADJUST - Supports MSR_IA32_TSC_ADJUST                = 0 (0)
00:00:01.375878   SGX - Supports Software Guard Extensions                = 0 (0)
00:00:01.375878   BMI1 - Advanced Bit Manipulation extension 1            = 1 (1)
00:00:01.375879   HLE - Hardware Lock Elision                             = 0 (0)
00:00:01.375880   AVX2 - Advanced Vector Extensions 2                     = 1 (1)
00:00:01.375882   FDP_EXCPTN_ONLY - FPU DP only updated on exceptions     = 0 (0)
00:00:01.375882   SMEP - Supervisor Mode Execution Prevention             = 0 (1)
00:00:01.375883   BMI2 - Advanced Bit Manipulation extension 2            = 1 (1)
00:00:01.375884   ERMS - Enhanced REP MOVSB/STOSB instructions            = 0 (0)
00:00:01.375884   INVPCID - INVPCID instruction                           = 0 (0)
00:00:01.375885   RTM - Restricted Transactional Memory                   = 0 (0)
00:00:01.375886   PQM - Platform Quality of Service Monitoring            = 0 (0)
00:00:01.375887   DEPFPU_CS_DS - Deprecates FPU CS, FPU DS values if set  = 0 (0)
00:00:01.375887   MPE - Intel Memory Protection Extensions                = 0 (0)
00:00:01.375888   PQE - Platform Quality of Service Enforcement           = 0 (0)
00:00:01.375889   AVX512F - AVX512 Foundation instructions                = 0 (0)
00:00:01.375889   AVX512DQ - Supports the AVX512DQ instructions           = 0 (0)
00:00:01.375890   RDSEED - RDSEED instruction                             = 1 (1)
00:00:01.375891   ADX - ADCX/ADOX instructions                            = 1 (1)
00:00:01.375892   SMAP - Supervisor Mode Access Prevention                = 0 (1)
00:00:01.375892   AVX512_IFMA - Supports the AVX512_IFMA instructions     = 0 (0)
00:00:01.375893   CLFLUSHOPT - CLFLUSHOPT (Cache Line Flush) instruction  = 1 (1)
00:00:01.375894   CLWB - CLWB instruction                                 = 0 (0)
00:00:01.375895   INTEL_PT - Intel Processor Trace                        = 0 (0)
00:00:01.375895   AVX512PF - AVX512 Prefetch instructions                 = 0 (0)
00:00:01.375896   AVX512ER - AVX512 Exponential & Reciprocal instructions = 0 (0)
00:00:01.375897   AVX512CD - AVX512 Conflict Detection instructions       = 0 (0)
00:00:01.375897   SHA - Secure Hash Algorithm extensions                  = 1 (1)
00:00:01.375898   AVX512BW - Supports the AVX512BW instructions           = 0 (0)
00:00:01.375899   AVX512VL - Supports the AVX512VL instructions           = 0 (0)
00:00:01.375899   PREFETCHWT1 - PREFETCHWT1 instruction                   = 0 (0)
00:00:01.375900   AVX512_VBMI - Supports the AVX512_VBMI instructions     = 0 (0)
00:00:01.375901   UMIP - User mode insturction prevention                 = 0 (0)
00:00:01.375901   PKU - Protection Key for Usermode pages                 = 0 (0)
00:00:01.375902   OSPKE - CR4.PKU mirror                                  = 0 (0)
00:00:01.375903   WAITPKG - TPAUSE, UMONITOR & UMWAIT support             = 0 (0)
00:00:01.375904   AVX512_VBMI2 - Supports the AVX512_VBMI2 instructions   = 0 (0)
00:00:01.375904   CET_SS - CET shadow stack support                       = 0 (0)
00:00:01.375905   GFNI - Supports the GFNI instruction set                = 0 (0)
00:00:01.375906   VAES - Supports the VEX encoded AES instruction set     = 0 (0)
00:00:01.375906   VPCLMULQDQ - Supports the VPCLMULQDQ instruction        = 0 (0)
00:00:01.375907   AVX512_VNNI - Supports the AVX512_VNNI instructions     = 0 (0)
00:00:01.375908   AVX512_BITALG - Supports the AVX512_BITALG instructions = 0 (0)
00:00:01.375908   TME_EN - Supports 4 IA32_TME_ MSRs                      = 0 (0)
00:00:01.375909   AVX512_VPOPCNTDQ - Supports the AVX512_VPOPCNTDQ instructions = 0 (0)
00:00:01.375910   LA57 - 57-bit linear addresses                          = 0 (0)
00:00:01.375910   MAWAU - Value used by BNDLDX & BNDSTX                   = 0x0 (0x0)
00:00:01.375911   RDPID - Read processor ID support                       = 0 (0)
00:00:01.375912   KEY_LOCKER - Supports Key Locker                        = 0 (0)
00:00:01.375913   BUS_LOCK_DETECT - Supports OS bus-lock detection        = 0 (0)
00:00:01.375913   CLDEMOTE - Supports cache line demote                   = 0 (0)
00:00:01.375914   MOVDIRI - Supports the MOVDIRI instruction              = 0 (0)
00:00:01.375915   MOVDIRI64B - Supports the MOVDIRI64B instruction        = 0 (0)
00:00:01.375916   ENQCMD - Supports the Eqnqueue Stores                   = 0 (0)
00:00:01.375917   SGX_LC - Supports SGX Launch Configuration              = 0 (0)
00:00:01.375918   PKS - Supports protection keys for supervisor pages     = 0 (0)
00:00:01.375919  Sub-leaf 2
00:00:01.375919   Mnemonic - Description                                  = Guest (Host)
00:00:01.375923   PSFD - Supports IA32_SPEC_CTRL[7] (PSFD)                = 0 (0)
00:00:01.375924   IPRED_CTRL - Supports IA32_SPEC_CTRL[4:3] (IPRED_DIS)   = 0 (0)
00:00:01.375925   RRSBA_CTRL - Supports IA32_SPEC_CTRL[6:5] (RRSBA_DIS)   = 0 (0)
00:00:01.375926   DDPD_U - Supports IA32_SPEC_CTRL[8] (DDPD_U)            = 0 (0)
00:00:01.375927   BHI_CTRL - Supports IA32_SPEC_CTRL[10] (BHI_DIS_S)      = 0 (0)
00:00:01.375928   MCDT_NO - No MXCSR Config Dependent Timing issues       = 0 (0)
00:00:01.375929   UC_LOCK_DIS - Supports UC-lock disable and causing #AC  = 0 (0)
00:00:01.375930   MONITOR_MITG_NO - No MONITOR/UMONITOR power issues      = 0 (0)
00:00:01.375931 Processor Extended State Enumeration (leaf 0xd):
00:00:01.375931    XSAVE area cur/max size by XCR0, Guest: 0x340/0x340
00:00:01.375932    XSAVE area cur/max size by XCR0,  Host: 0x340/0x340
00:00:01.375933                    Valid XCR0 bits, Guest: 0x00000000`00000007 ( x87 SSE YMM_Hi128 )
00:00:01.375935                    Valid XCR0 bits,  Host: 0x00000000`00000007 ( x87 SSE YMM_Hi128 )
00:00:01.375937                     XSAVE features, Guest
00:00:01.375938                     XSAVE features,  Host XSAVEOPT XSAVEC XGETBC1 XSAVES
00:00:01.375940       XSAVE area cur size XCR0|XSS, Guest: 0x340
00:00:01.375941       XSAVE area cur size XCR0|XSS,  Host: 0x340
00:00:01.375941                Valid IA32_XSS bits, Guest: 0x00000000`00000000
00:00:01.375942                Valid IA32_XSS bits,  Host: 0x00000000`00000000
00:00:01.375943   State #2, Guest: off=0x0240, cb=0x0100 IA32_XSS-bit -- YMM_Hi128
00:00:01.375945   State #2,  Host:  off=0x0240, cb=0x0100 IA32_XSS-bit -- YMM_Hi128
00:00:01.375950          Raw Hypervisor CPUID Leaves
00:00:01.375950      Leaf/sub-leaf  eax      ebx      ecx      edx
00:00:01.375950 Hst: 40000000/0000  4000000c 7263694d 666f736f 76482074
00:00:01.375951 Hst: 40000001/0000  31237648 00000000 00000000 00000000
00:00:01.375952 Hst: 40000002/0000  00004a61 000a0000 00000007 00001c0d
00:00:01.375953 Hst: 40000003/0000  0000bfff 002bb9ff 00000002 11fffbf2
00:00:01.375954 Hst: 40000004/0000  00042d1c 00000000 00000000 00000000
00:00:01.375954 Hst: 40000005/0000  00000400 00000400 00000c90 00000000
00:00:01.375955 Hst: 40000006/0000  000200ae 00000000 00000000 00000000
00:00:01.375956 Hst: 40000007/0000  80000007 00000003 00000000 00000000
00:00:01.375957 Hst: 40000008/0000  00100001 00000001 0000cccc 00000000
00:00:01.375957 Hst: 40000009/0000  00000000 00000000 00000000 00000000
00:00:01.375958 Hst: 4000000a/0000  00000000 00000000 00000000 00000000
00:00:01.375958 Hst: 4000000b/0000  00000000 00000000 00000000 00000000
00:00:01.375959 Hst: 4000000c/0000  00000000 00000000 00000000 00000000
00:00:01.375960          Raw Extended CPUID Leaves
00:00:01.375960      Leaf/sub-leaf  eax      ebx      ecx      edx
00:00:01.375960 Gst: 80000000/0000  8000001f 68747541 444d4163 69746e65
00:00:01.375961 Hst:                8000001f 68747541 444d4163 69746e65
00:00:01.375962 Gst: 80000001/0000  00800f82 20000000 000001f1 0bc3fb3f
00:00:01.375963 Hst:                00800f82 20000000 004023f3 2fd3fbff
00:00:01.375964 Gst: 80000002/0000  20444d41 657a7952 2037206e 30303732
00:00:01.375964 Hst:                20444d41 657a7952 2037206e 30303732
00:00:01.375965 Gst: 80000003/0000  69452058 2d746867 65726f43 6f725020
00:00:01.375966 Hst:                69452058 2d746867 65726f43 6f725020
00:00:01.375967 Gst: 80000004/0000  73736563 2020726f 20202020 00202020
00:00:01.375968 Hst:                73736563 2020726f 20202020 00202020
00:00:01.375968 Gst: 80000005/0000  ff40ff40 ff40ff40 20080140 40040140
00:00:01.375969 Hst:                ff40ff40 ff40ff40 20080140 40040140
00:00:01.375970 Gst: 80000006/0000  26006400 66006400 02006140 00808140
00:00:01.375971 Hst:                26006400 66006400 02006140 00808140
00:00:01.375971 Gst: 80000007/0000  00000000 00000000 00000000 00000100
00:00:01.375972 Hst:                00000000 0000001b 00000000 00004789
00:00:01.375973 Gst: 80000008/0000  00003030 04000000 00000000 00000000
00:00:01.375974 Hst:                00003030 02000005 0000400f 00000000
00:00:01.375974 Gst: 80000009/0000  00000000 00000000 00000000 00000000
00:00:01.375975 Hst:                00000000 00000000 00000000 00000000
00:00:01.375975 Gst: 8000000a/0000  00000000 00000000 00000000 00000000
00:00:01.375976 Hst:                00000000 00000000 00000000 00000000
00:00:01.375977 Gst: 8000000b/0000  00000000 00000000 00000000 00000000
00:00:01.375977 Hst:                00000000 00000000 00000000 00000000
00:00:01.375978 Gst: 8000000c/0000  00000000 00000000 00000000 00000000
00:00:01.375978 Hst:                00000000 00000000 00000000 00000000
00:00:01.375979 Gst: 8000000d/0000  00000000 00000000 00000000 00000000
00:00:01.375979 Hst:                00000000 00000000 00000000 00000000
00:00:01.375980 Gst: 8000000e/0000  00000000 00000000 00000000 00000000
00:00:01.375981 Hst:                00000000 00000000 00000000 00000000
00:00:01.375981 Gst: 8000000f/0000  00000000 00000000 00000000 00000000
00:00:01.375982 Hst:                00000000 00000000 00000000 00000000
00:00:01.375982 Gst: 80000010/0000  00000000 00000000 00000000 00000000
00:00:01.375983 Hst:                00000000 00000000 00000000 00000000
00:00:01.375983 Gst: 80000011/0000  00000000 00000000 00000000 00000000
00:00:01.375984 Hst:                00000000 00000000 00000000 00000000
00:00:01.375985 Gst: 80000012/0000  00000000 00000000 00000000 00000000
00:00:01.375985 Hst:                00000000 00000000 00000000 00000000
00:00:01.375986 Gst: 80000013/0000  00000000 00000000 00000000 00000000
00:00:01.375986 Hst:                00000000 00000000 00000000 00000000
00:00:01.375987 Gst: 80000014/0000  00000000 00000000 00000000 00000000
00:00:01.375988 Hst:                00000000 00000000 00000000 00000000
00:00:01.375988 Gst: 80000015/0000  00000000 00000000 00000000 00000000
00:00:01.375989 Hst:                00000000 00000000 00000000 00000000
00:00:01.375989 Gst: 80000016/0000  00000000 00000000 00000000 00000000
00:00:01.375990 Hst:                00000000 00000000 00000000 00000000
00:00:01.375990 Gst: 80000017/0000  00000000 00000000 00000000 00000000
00:00:01.375991 Hst:                00000000 00000000 00000000 00000000
00:00:01.375991 Gst: 80000018/0000  00000000 00000000 00000000 00000000
00:00:01.375992 Hst:                00000000 00000000 00000000 00000000
00:00:01.375993 Gst: 80000019/0000  00000000 00000000 00000000 00000000
00:00:01.375993 Hst:                00000000 00000000 00000000 00000000
00:00:01.375994 Gst: 8000001a/0000  00000003 00000000 00000000 00000000
00:00:01.375994 Hst:                00000003 00000000 00000000 00000000
00:00:01.375995 Gst: 8000001b/0000  00000000 00000000 00000000 00000000
00:00:01.375996 Hst:                00000000 00000000 00000000 00000000
00:00:01.375996 Gst: 8000001c/0000  00000000 00000000 00000000 00000000
00:00:01.375997 Hst:                00000000 00000000 00000000 00000000
00:00:01.375997 Gst: 8000001d/0000  00000121 01c0003f 0000003f 00000000
00:00:01.375998 Hst:                00004121 01c0003f 0000003f 00000000
00:00:01.375999 Gst: 8000001d/0001  00000122 00c0003f 000000ff 00000000
00:00:01.375999 Hst:                00004122 00c0003f 000000ff 00000000
00:00:01.376000 Gst: 8000001d/0002  00000143 01c0003f 000003ff 00000002
00:00:01.376001 Hst:                00004143 01c0003f 000003ff 00000002
00:00:01.376001 Gst: 8000001d/0003  00000163 03c0003f 00001fff 00000001
00:00:01.376002 Hst:                0001c163 03c0003f 00001fff 00000001
00:00:01.376003 Gst: 8000001d/0004  00000000 00000000 00000000 00000000
00:00:01.376003 Hst:                00000000 00000000 00000000 00000000
00:00:01.376004 Gst: 8000001e/0000  00000000 00000000 00000000 00000000
00:00:01.376005 Hst:                00000001 00000100 00000000 00000000
00:00:01.376005 Gst: 8000001f/0000  00000000 00000000 00000000 00000000
00:00:01.376006 Hst:                00000000 00000000 00000000 00000000
00:00:01.376006 Ext Name:                        AuthenticAMD
00:00:01.376007 Ext Supports:                    0x80000000-0x8000001f
00:00:01.376007 Family:                          15  	Extended: 8 	Effective: 23
00:00:01.376008 Model:                           8  	Extended: 0 	Effective: 8
00:00:01.376008 Stepping:                        2
00:00:01.376009 Brand ID:                        0x000
00:00:01.376009 Ext Features
00:00:01.376009   Mnemonic - Description                                  = Guest (Host)
00:00:01.376010   FPU - x87 FPU on Chip                                   = 1 (1)
00:00:01.376011   VME - Virtual 8086 Mode Enhancements                    = 1 (1)
00:00:01.376012   DE - Debugging extensions                               = 1 (1)
00:00:01.376013   PSE - Page Size Extension                               = 1 (1)
00:00:01.376014   TSC - Time Stamp Counter                                = 1 (1)
00:00:01.376015   MSR - K86 Model Specific Registers                      = 1 (1)
00:00:01.376015   PAE - Physical Address Extension                        = 0 (1)
00:00:01.376016   MCE - Machine Check Exception                           = 0 (1)
00:00:01.376017   CX8 - CMPXCHG8B instruction                             = 1 (1)
00:00:01.376018   APIC - APIC On-Chip                                     = 1 (1)
00:00:01.376019   SEP - SYSCALL/SYSRET                                    = 1 (1)
00:00:01.376020   MTRR - Memory Type Range Registers                      = 1 (1)
00:00:01.376020   PGE - PTE Global Bit                                    = 1 (1)
00:00:01.376021   MCA - Machine Check Architecture                        = 1 (1)
00:00:01.376022   CMOV - Conditional Move instructions                    = 1 (1)
00:00:01.376023   PAT - Page Attribute Table                              = 1 (1)
00:00:01.376024   PSE-36 - 36-bit Page Size Extension                     = 1 (1)
00:00:01.376024   NX - No-Execute/Execute-Disable                         = 0 (1)
00:00:01.376025   AXMMX - AMD Extensions to MMX instructions              = 1 (1)
00:00:01.376026   MMX - Intel MMX Technology                              = 1 (1)
00:00:01.376027   FXSR - FXSAVE and FXRSTOR Instructions                  = 1 (1)
00:00:01.376027   FFXSR - AMD fast FXSAVE and FXRSTOR instructions        = 1 (1)
00:00:01.376028   Page1GB - 1 GB large page                               = 0 (1)
00:00:01.376030   RDTSCP - RDTSCP instruction                             = 1 (1)
00:00:01.376031   LM - AMD64 Long Mode                                    = 0 (1)
00:00:01.376037   3DNOWEXT - AMD Extensions to 3DNow                      = 0 (0)
00:00:01.376038   3DNOW - AMD 3DNow                                       = 0 (0)
00:00:01.376042   LahfSahf - LAHF/SAHF support in 64-bit mode             = 1 (1)
00:00:01.376043   CmpLegacy - Core multi-processing legacy mode           = 0 (1)
00:00:01.376044   SVM - AMD Secure Virtual Machine extensions             = 0 (0)
00:00:01.376044   EXTAPIC - AMD Extended APIC registers                   = 0 (0)
00:00:01.376046   CR8L - AMD LOCK MOV CR0 means MOV CR8                   = 1 (1)
00:00:01.376047   ABM - AMD Advanced Bit Manipulation                     = 1 (1)
00:00:01.376048   SSE4A - SSE4A instructions                              = 1 (1)
00:00:01.376049   MISALIGNSSE - AMD Misaligned SSE mode                   = 1 (1)
00:00:01.376050   3DNOWPRF - AMD PREFETCH and PREFETCHW instructions      = 1 (1)
00:00:01.376051   OSVW - AMD OS Visible Workaround                        = 0 (1)
00:00:01.376052   IBS - Instruct Based Sampling                           = 0 (0)
00:00:01.376052   XOP - Extended Operation support                        = 0 (0)
00:00:01.376053   SKINIT - SKINIT, STGI, and DEV support                  = 0 (0)
00:00:01.376054   WDT - AMD Watchdog Timer support                        = 0 (1)
00:00:01.376055   LWP - Lightweight Profiling support                     = 0 (0)
00:00:01.376056   FMA4 - Four operand FMA instruction support             = 0 (0)
00:00:01.376057   TCE - Translation Cache Extension support               = 0 (0)
00:00:01.376057   NodeId - NodeId in MSR C001_100C                        = 0 (0)
00:00:01.376058   TBM - Trailing Bit Manipulation instructions            = 0 (0)
00:00:01.376059   TOPOEXT - Topology Extensions                           = 0 (1)
00:00:01.376060   PRFEXTCORE - Performance Counter Extensions support     = 0 (0)
00:00:01.376060   PRFEXTNB - NB Performance Counter Extensions support    = 0 (0)
00:00:01.376061   DATABPEXT - Data-access Breakpoint Extension            = 0 (0)
00:00:01.376062   PERFTSC - Performance Time Stamp Counter                = 0 (0)
00:00:01.376062   PCX_L2I - L2I/L3 Performance Counter Extensions         = 0 (0)
00:00:01.376063   MONITORX - MWAITX and MONITORX instructions             = 0 (0)
00:00:01.376064   AddrMaskExt - BP Addressing masking extended to bit 31  = 0 (0)
00:00:01.376064 Full Name:                       "AMD Ryzen 7 2700X Eight-Core Processor         "
00:00:01.376065 TLB 2/4M Instr/Uni:              fully  64 entries
00:00:01.376065 TLB 2/4M Data:                   fully  64 entries
00:00:01.376066 TLB 4K Instr/Uni:                fully  64 entries
00:00:01.376066 TLB 4K Data:                     fully  64 entries
00:00:01.376067 L1 Instr Cache Line Size:        64 bytes
00:00:01.376067 L1 Instr Cache Lines Per Tag:    1
00:00:01.376068 L1 Instr Cache Associativity:    4 way
00:00:01.376068 L1 Instr Cache Size:             64 KB
00:00:01.376068 L1 Data Cache Line Size:         64 bytes
00:00:01.376069 L1 Data Cache Lines Per Tag:     1
00:00:01.376069 L1 Data Cache Associativity:     8 way
00:00:01.376069 L1 Data Cache Size:              32 KB
00:00:01.376070 L2 TLB 2/4M Instr/Uni:           8 way  1024 entries
00:00:01.376070 L2 TLB 2/4M Data:                2 way  1536 entries
00:00:01.376071 L2 TLB 4K Instr/Uni:             8 way  1024 entries
00:00:01.376071 L2 TLB 4K Data:                  8 way  1536 entries
00:00:01.376071 L2 Cache Line Size:              64 bytes
00:00:01.376072 L2 Cache Lines Per Tag:          1
00:00:01.376072 L2 Cache Associativity:          8 way 
00:00:01.376072 L2 Cache Size:                   512 KB
00:00:01.376074 L3 Cache Line Size:              64 bytes
00:00:01.376075 L3 Cache Lines Per Tag:          1
00:00:01.376075 L3 Cache Associativity:          16 way
00:00:01.376075 L3 Cache Size:                   16384 KB
00:00:01.376076 APM Features EDX
00:00:01.376076   Mnemonic - Description                                  = Guest (Host)
00:00:01.376078   TS - Temperature Sensor                                 = 0 (1)
00:00:01.376079   FID - Frequency ID control                              = 0 (0)
00:00:01.376080   VID - Voltage ID control                                = 0 (0)
00:00:01.376082   TTP - Thermal Trip                                      = 0 (1)
00:00:01.376083   TM - Hardware Thermal Control (HTC)                     = 0 (0)
00:00:01.376084   100MHzSteps - 100 MHz Multiplier control                = 0 (0)
00:00:01.376085   HwPstate - Hardware P-state control                     = 0 (1)
00:00:01.376086   TscInvariant - Invariant Time Stamp Counter             = 1 (1)
00:00:01.376086   CPB - Core Performance Boost                            = 0 (1)
00:00:01.376087   EffFreqRO - Read-only Effective Frequency Interface     = 0 (1)
00:00:01.376088   ProcFdbkIf - Processor Feedback Interface               = 0 (0)
00:00:01.376088   ProcPwrRep - Core power reporting interface support     = 0 (0)
00:00:01.376089   ConnectedStandby - Connected Standby                    = 0 (0)
00:00:01.376090   RAPL - Running average power limit                      = 0 (1)
00:00:01.376091 Ext Features ext IDs EBX
00:00:01.376091   Mnemonic - Description                                  = Guest (Host)
00:00:01.376092   CLZERO - Clear zero instruction (cacheline)             = 0 (1)
00:00:01.376093   IRPerf - Instructions retired count support             = 0 (0)
00:00:01.376093   XSaveErPtr - Save/restore error pointers (FXSAVE/RSTOR) = 0 (1)
00:00:01.376094   INVLPGB - INVLPGB and TLBSYNC instructions              = 0 (0)
00:00:01.376095   RDPRU - RDPRU instruction                               = 0 (0)
00:00:01.376096   BE - Bandwidth Enforcement extension                    = 0 (0)
00:00:01.376096   MCOMMIT - MCOMMIT instruction                           = 0 (0)
00:00:01.376097   WBNOINVD - WBNOINVD instruction                         = 0 (0)
00:00:01.376098   IBPB - Supports the IBPB command in IA32_PRED_CMD       = 0 (0)
00:00:01.376098   INT_WBINVD - WBINVD/WBNOINVD interruptible              = 0 (0)
00:00:01.376099   IBRS - Indirect Branch Restricted Speculation           = 0 (0)
00:00:01.376100   STIBP - Single Thread Indirect Branch Prediction        = 0 (0)
00:00:01.376100   IbrsAlwaysOn - Processor prefers that IBRS be left on   = 0 (0)
00:00:01.376101   StibpAlwaysOn - Processor prefers that STIBP be left on = 0 (0)
00:00:01.376102   IbrsPreferred - IBRS preferred over software solution   = 0 (0)
00:00:01.376102   IbrsSameMode - IBRS limits same mode speculation        = 0 (0)
00:00:01.376103   EferLmsleUnsupported - EFER.LMSLE is unsupported        = 0 (0)
00:00:01.376103   INVLPGBnestedPages - INVLPGB for nested translation     = 0 (0)
00:00:01.376104   PPIN - Protected processor inventory number             = 0 (0)
00:00:01.376105   SSBD - Speculative Store Bypass Disable                 = 0 (0)
00:00:01.376105   SsbdVirtSpecCtrl - Use VIRT_SPEC_CTL for SSBD           = 0 (1)
00:00:01.376106   SsbdNotRequired - SSBD not needed on this processor     = 1 (0)
00:00:01.376107   CPPC - Collaborative Processor Performance Control      = 0 (0)
00:00:01.376107   PSFD - Predictive Store Forward Disable                 = 0 (0)
00:00:01.376108   BTC_NO - Unaffected by branch type confusion            = 0 (0)
00:00:01.376109   IBPB_RET - Clears RA predictor when PRED_CMD.IBPB set   = 0 (0)
00:00:01.376109 Physical Address Width:          48 bits
00:00:01.376110 Virtual Address Width:           48 bits
00:00:01.376110 Guest Physical Address Width:    48 bits (0)
00:00:01.376110 Physical Core Count:             1
00:00:01.376111 APIC ID size:                    1 (0x1)
00:00:01.376111 Performance TSC size:            40 bits
00:00:01.376111 Max page count for INVLPGB:      0x3030
00:00:01.376112 Max ECX for RDPRU:               0x0
00:00:01.376113 ********************* End of CPUID dump *********************
00:00:01.376164 VMEmt: Halt method global1 (5)
00:00:01.376234 VMEmt: HaltedGlobal1 config: cNsSpinBlockThresholdCfg=50000
00:00:01.376242 Changing the VM state from 'CREATING' to 'CREATED'
00:00:01.377280 NAT: DNS settings changed, triggering update
00:00:01.377289 NAT DNS Update: Stored 1263225675 as nameserver #0
00:00:01.377293 NAT DNS Update: Stored 1280068427 as nameserver #1
00:00:01.377296 NAT DNS Update: Stored 2 total nameservers
00:00:01.377679 Changing the VM state from 'CREATED' to 'POWERING_ON'
00:00:01.377734 Changing the VM state from 'POWERING_ON' to 'RUNNING'
00:00:01.377744 Console: Machine state changed to 'Running'
00:00:01.379918 VMMDev: Guest Log: BIOS: VirtualBox 7.2.6
00:00:01.380165 PCI: Setting up resources and interrupts
00:00:01.380321 PIT: mode=2 count=0x10000 (65536) - 18.20 Hz (ch=0)
00:00:01.399680 Display::i_handleDisplayResize: uScreenId=0 pvVRAM=0000000000000000 w=720 h=400 bpp=0 cbLine=0x0 flags=0x0 origin=0,0
00:00:01.401605 VMMDev: Guest Log: CPUID EDX: 0x178bfbbf
00:00:01.402112 VMMDev: Guest Log: BIOS: No PCI IDE controller, not probing IDE
00:00:01.438020 PIT: mode=2 count=0x48d3 (18643) - 64.00 Hz (ch=0)
00:00:01.442666 Display::i_handleDisplayResize: uScreenId=0 pvVRAM=00000211672d0000 w=640 h=480 bpp=32 cbLine=0xA00 flags=0x0 origin=0,0
00:00:01.452223 VBoxHeadless: starting event loop
00:00:03.908987 Display::i_handleDisplayResize: uScreenId=0 pvVRAM=0000000000000000 w=720 h=400 bpp=0 cbLine=0x0 flags=0x0 origin=0,0
00:00:03.913424 PIT: mode=2 count=0x10000 (65536) - 18.20 Hz (ch=0)
00:00:03.913675 VMMDev: Guest Log: BIOS: Boot : bseqnr=1, bootseq=0001
00:00:03.934389 VMMDev: Guest Log: BIOS: Booting from Floppy...
00:00:03.964882 WasAPI: Looking up or creating cache entry (caching is set to enabled, iface 000002116174b350, async init)
00:00:03.964957 Audio: Warning: Scheduling hint of stream '[WasAPI] Output:0' is bigger (1000ms) than used period size (0ms)
00:00:03.965065 Audio Mixer: Setting sink 'SB16 Mixer/PCM Output' -- channel volumes: ba ba ba ba ba ba ba ba ba ba ba ba
00:00:03.973289 Display::i_handleDisplayResize: uScreenId=0 pvVRAM=00000211672d0000 w=640 h=400 bpp=0 cbLine=0x140 flags=0x0 origin=0,0
