00:00:00.467212 VirtualBox VM 7.2.6 r172322 win.amd64 (Jan 15 2026 18:08:50) release log
00:00:00.467214 Log opened 2026-04-17T16:48:40.204951000Z
00:00:00.467215 Build Type: release
00:00:00.467216 OS Product: Windows 10
00:00:00.467531 OS Release: 10.0.19045.7058
00:00:00.467538 OS Service Pack: 
00:00:00.548019 DMI Product Name: System Product Name
00:00:00.551604 DMI Product Version: System Version
00:00:00.551618 Firmware type: UEFI
00:00:00.551944 Secure Boot: Enabled
00:00:00.551951 Host RAM: 32692MB (31.9GB) total, 13094MB (12.7GB) available
00:00:00.551954 Executable: C:\Program Files\Oracle\VirtualBox\VBoxHeadless.exe
00:00:00.551954 Process ID: 98864
00:00:00.551955 Package type: WINDOWS_64BITS_GENERIC
00:00:00.551955 Windows Features:
00:00:00.551955   Core Isolation (Memory Integrity): DISABLED
00:00:00.552641 Installed Extension Packs:
00:00:00.552657   None installed!
00:00:00.553328 Console: Machine state changed to 'Starting'
00:00:00.635938 SUP: seg #0: R   0x00000000 LB 0x00001000
00:00:00.635960 SUP: seg #1: R X 0x00001000 LB 0x00204000
00:00:00.635964 SUP: seg #2: R   0x00205000 LB 0x00053000
00:00:00.635968 SUP: seg #3: RW  0x00258000 LB 0x00013000
00:00:00.635971 SUP: seg #4: R   0x0026b000 LB 0x00013000
00:00:00.635975 SUP: seg #5: RW  0x0027e000 LB 0x00004000
00:00:00.635978 SUP: seg #6: R   0x00282000 LB 0x00007000
00:00:00.635981 SUP: seg #7: R X 0x00289000 LB 0x00002000
00:00:00.635984 SUP: seg #8: R   0x0028b000 LB 0x00007000
00:00:00.639701 SUP: Loaded VMMR0.r0 (C:\Program Files\Oracle\VirtualBox/VMMR0.r0) at 0xXXXXXXXXXXXXXXXX - ModuleInit at XXXXXXXXXXXXXXXX and ModuleTerm at XXXXXXXXXXXXXXXX using the native ring-0 loader
00:00:00.639748 SUP: VMMR0EntryEx located at XXXXXXXXXXXXXXXX and VMMR0EntryFast at XXXXXXXXXXXXXXXX
00:00:00.639752 SUP: windbg> .reload /f C:\Program Files\Oracle\VirtualBox/VMMR0.r0=0xXXXXXXXXXXXXXXXX
00:00:00.644792 Guest architecture: x86
00:00:00.644849 Guest OS type: 'Other'
00:00:00.645412 fHMForced=true - No raw-mode support in this build!
00:00:00.645423 Using execution engine 1
00:00:00.647695 File system of 'C:\Users\RhythmicCarnage\Desktop\CyberStorm\build\cyberstorm.vfd' (Floppy) is ntfs
00:00:00.760286 Shared Clipboard: Initialized OLE
00:00:00.760352 Shared Clipboard: Service loaded
00:00:00.760366 Shared Clipboard: Mode: Off
00:00:00.760415 Shared Clipboard: Service running in headless mode
00:00:00.781326 Drag and drop service loaded
00:00:00.781342 Drag and drop mode: Off
00:00:00.782370 Audio: Detected default audio driver type is 'HostAudioWas'
00:00:00.871145 ************************* CFGM dump *************************
00:00:00.871157 [/] (level 0)
00:00:00.871158   CpuExecutionCap   <integer> = 0x0000000000000064 (100)
00:00:00.871161   EnablePAE         <integer> = 0x0000000000000000 (0)
00:00:00.871162   HMEnabled         <integer> = 0x0000000000000001 (1)
00:00:00.871162   MemBalloonSize    <integer> = 0x0000000000000000 (0, 0 B)
00:00:00.871167   Name              <string>  = "CyberStorm" (cb=11)
00:00:00.871168   NumCPUs           <integer> = 0x0000000000000001 (1)
00:00:00.871169   PageFusionAllowed <integer> = 0x0000000000000000 (0)
00:00:00.871169   RamHoleSize       <integer> = 0x0000000020000000 (536 870 912, 512.0 MiB)
00:00:00.871170   RamSize           <integer> = 0x0000000002000000 (33 554 432, 32.0 MiB)
00:00:00.871172   TimerMillies      <integer> = 0x000000000000000a (10)
00:00:00.871172   UUID              <bytes>   = "37 c8 ce 20 87 c6 03 4e 86 2b 9b 27 a8 a1 c7 5c" (cb=16)
00:00:00.871175 
00:00:00.871175 [/CPUM/] (level 1)
00:00:00.871176   Enable64bit        <integer> = 0x0000000000000000 (0)
00:00:00.871177   GuestCpuName       <string>  = "host" (cb=5)
00:00:00.871178   NestedHWVirt       <integer> = 0x0000000000000000 (0)
00:00:00.871178   PortableCpuIdLevel <integer> = 0x0000000000000000 (0)
00:00:00.871179   SpecCtrl           <integer> = 0x0000000000000000 (0)
00:00:00.871179 
00:00:00.871180 [/CPUM/IsaExts/] (level 2)
00:00:00.871180 
00:00:00.871181 [/DBGC/] (level 1)
00:00:00.871181   GlobalInitScript <string>  = "C:\Users\RhythmicCarnage\.VirtualBox/dbgc-init" (cb=47)
00:00:00.871182   HistoryFile      <string>  = "C:\Users\RhythmicCarnage\.VirtualBox/dbgc-history" (cb=50)
00:00:00.871183   LocalInitScript  <string>  = "C:\Users\RhythmicCarnage\Desktop\CyberStorm\deploy\virtualbox\CyberStorm/dbgc-init" (cb=83)
00:00:00.871183 
00:00:00.871184 [/DBGF/] (level 1)
00:00:00.871184   Path <string>  = "C:\Users\RhythmicCarnage\Desktop\CyberStorm\deploy\virtualbox\CyberStorm/debug/;C:\Users\RhythmicCarnage\Desktop\CyberStorm\deploy\virtualbox\CyberStorm/;cache*C:\Users\RhythmicCarnage\Desktop\CyberStorm\deploy\virtualbox\CyberStorm/dbgcache/;C:\Users\RhythmicCarnage\" (cb=269)
00:00:00.871185 
00:00:00.871185 [/Devices/] (level 1)
00:00:00.871186 
00:00:00.871186 [/Devices/3c501/] (level 2)
00:00:00.871187 
00:00:00.871187 [/Devices/8237A/] (level 2)
00:00:00.871188 
00:00:00.871188 [/Devices/8237A/0/] (level 3)
00:00:00.871189   Trusted <integer> = 0x0000000000000001 (1)
00:00:00.871190 
00:00:00.871190 [/Devices/VMMDev/] (level 2)
00:00:00.871191 
00:00:00.871191 [/Devices/VMMDev/0/] (level 3)
00:00:00.871193   PCIBusNo      <integer> = 0x0000000000000000 (0)
00:00:00.871193   PCIDeviceNo   <integer> = 0x0000000000000004 (4)
00:00:00.871194   PCIFunctionNo <integer> = 0x0000000000000000 (0)
00:00:00.871195   Trusted       <integer> = 0x0000000000000001 (1)
00:00:00.871195 
00:00:00.871196 [/Devices/VMMDev/0/Config/] (level 4)
00:00:00.871197   GuestCoreDumpDir <string>  = "C:\Users\RhythmicCarnage\Desktop\CyberStorm\deploy\virtualbox\CyberStorm\Snapshots" (cb=83)
00:00:00.871197 
00:00:00.871198 [/Devices/VMMDev/0/LUN#0/] (level 4)
00:00:00.871199   Driver <string>  = "HGCM" (cb=5)
00:00:00.871199 
00:00:00.871199 [/Devices/VMMDev/0/LUN#0/Config/] (level 5)
00:00:00.871201 
00:00:00.871201 [/Devices/VMMDev/0/LUN#999/] (level 4)
00:00:00.871202   Driver <string>  = "MainStatus" (cb=11)
00:00:00.871203 
00:00:00.871203 [/Devices/VMMDev/0/LUN#999/Config/] (level 5)
00:00:00.871204   First                <integer> = 0x0000000000000000 (0)
00:00:00.871205   HasMediumAttachments <integer> = 0x0000000000000000 (0)
00:00:00.871205   Last                 <integer> = 0x0000000000000000 (0)
00:00:00.871206   iLedSet              <integer> = 0x0000000000000003 (3)
00:00:00.871207 
00:00:00.871207 [/Devices/acpi/] (level 2)
00:00:00.871208 
00:00:00.871208 [/Devices/acpi/0/] (level 3)
00:00:00.871209   PCIBusNo      <integer> = 0x0000000000000000 (0)
00:00:00.871209   PCIDeviceNo   <integer> = 0x0000000000000007 (7)
00:00:00.871210   PCIFunctionNo <integer> = 0x0000000000000000 (0)
00:00:00.871210   Trusted       <integer> = 0x0000000000000001 (1)
00:00:00.871211 
00:00:00.871211 [/Devices/acpi/0/Config/] (level 4)
00:00:00.871212   CpuHotPlug          <integer> = 0x0000000000000000 (0)
00:00:00.871214   FdcEnabled          <integer> = 0x0000000000000001 (1)
00:00:00.871215   HostBusPciAddress   <integer> = 0x0000000000000000 (0)
00:00:00.871216   HpetEnabled         <integer> = 0x0000000000000000 (0)
00:00:00.871216   IOAPIC              <integer> = 0x0000000000000000 (0)
00:00:00.871217   IocPciAddress       <integer> = 0x0000000000010000 (65 536)
00:00:00.871218   NumCPUs             <integer> = 0x0000000000000001 (1)
00:00:00.871218   Parallel0IoPortBase <integer> = 0x0000000000000000 (0)
00:00:00.871219   Parallel0Irq        <integer> = 0x0000000000000000 (0)
00:00:00.871219   Parallel1IoPortBase <integer> = 0x0000000000000000 (0)
00:00:00.871220   Parallel1Irq        <integer> = 0x0000000000000000 (0)
00:00:00.871220   Serial0IoPortBase   <integer> = 0x0000000000000000 (0)
00:00:00.871221   Serial0Irq          <integer> = 0x0000000000000000 (0)
00:00:00.871222   Serial1IoPortBase   <integer> = 0x0000000000000000 (0)
00:00:00.871222   Serial1Irq          <integer> = 0x0000000000000000 (0)
00:00:00.871223   ShowCpu             <integer> = 0x0000000000000000 (0)
00:00:00.871223   ShowRtc             <integer> = 0x0000000000000000 (0)
00:00:00.871224   SmcEnabled          <integer> = 0x0000000000000000 (0)
00:00:00.871224 
00:00:00.871225 [/Devices/acpi/0/LUN#0/] (level 4)
00:00:00.871226   Driver <string>  = "ACPIHost" (cb=9)
00:00:00.871226 
00:00:00.871226 [/Devices/acpi/0/LUN#0/Config/] (level 5)
00:00:00.871227 
00:00:00.871227 [/Devices/apic/] (level 2)
00:00:00.871228 
00:00:00.871228 [/Devices/apic/0/] (level 3)
00:00:00.871229   Trusted <integer> = 0x0000000000000001 (1)
00:00:00.871230 
00:00:00.871230 [/Devices/apic/0/Config/] (level 4)
00:00:00.871231   IOAPIC  <integer> = 0x0000000000000000 (0)
00:00:00.871231   Mode    <integer> = 0x0000000000000002 (2)
00:00:00.871232   NumCPUs <integer> = 0x0000000000000001 (1)
00:00:00.871232 
00:00:00.871233 [/Devices/dp8390/] (level 2)
00:00:00.871233 
00:00:00.871234 [/Devices/e1000/] (level 2)
00:00:00.871234 
00:00:00.871235 [/Devices/i82078/] (level 2)
00:00:00.871235 
00:00:00.871236 [/Devices/i82078/0/] (level 3)
00:00:00.871236   Trusted <integer> = 0x0000000000000001 (1)
00:00:00.871237 
00:00:00.871237 [/Devices/i82078/0/Config/] (level 4)
00:00:00.871238   DMA       <integer> = 0x0000000000000002 (2)
00:00:00.871239   IOBase    <integer> = 0x00000000000003f0 (1 008)
00:00:00.871240   IRQ       <integer> = 0x0000000000000006 (6)
00:00:00.871240   MemMapped <integer> = 0x0000000000000000 (0)
00:00:00.871241 
00:00:00.871241 [/Devices/i82078/0/LUN#0/] (level 4)
00:00:00.871242   Driver <string>  = "VD" (cb=3)
00:00:00.871243 
00:00:00.871243 [/Devices/i82078/0/LUN#0/Config/] (level 5)
00:00:00.871244   Format        <string>  = "RAW" (cb=4)
00:00:00.871244   MaybeReadOnly <integer> = 0x0000000000000001 (1)
00:00:00.871245   Mountable     <integer> = 0x0000000000000001 (1)
00:00:00.871246   Path          <string>  = "C:\Users\RhythmicCarnage\Desktop\CyberStorm\build\cyberstorm.vfd" (cb=65)
00:00:00.871246   Type          <string>  = "Floppy 1.44" (cb=12)
00:00:00.871247 
00:00:00.871247 [/Devices/i82078/0/LUN#999/] (level 4)
00:00:00.871248   Driver <string>  = "MainStatus" (cb=11)
00:00:00.871249 
00:00:00.871249 [/Devices/i82078/0/LUN#999/Config/] (level 5)
00:00:00.871251   DeviceInstance       <string>  = "i82078/0" (cb=9)
00:00:00.871251   First                <integer> = 0x0000000000000000 (0)
00:00:00.871252   HasMediumAttachments <integer> = 0x0000000000000001 (1)
00:00:00.871252   Last                 <integer> = 0x0000000000000001 (1)
00:00:00.871253   iLedSet              <integer> = 0x0000000000000001 (1)
00:00:00.871254 
00:00:00.871254 [/Devices/i8254/] (level 2)
00:00:00.871255 
00:00:00.871255 [/Devices/i8254/0/] (level 3)
00:00:00.871256 
00:00:00.871256 [/Devices/i8254/0/Config/] (level 4)
00:00:00.871257 
00:00:00.871257 [/Devices/i8259/] (level 2)
00:00:00.871257 
00:00:00.871258 [/Devices/i8259/0/] (level 3)
00:00:00.871260   Trusted <integer> = 0x0000000000000001 (1)
00:00:00.871260 
00:00:00.871260 [/Devices/i8259/0/Config/] (level 4)
00:00:00.871261 
00:00:00.871261 [/Devices/mc146818/] (level 2)
00:00:00.871262 
00:00:00.871262 [/Devices/mc146818/0/] (level 3)
00:00:00.871263 
00:00:00.871263 [/Devices/mc146818/0/Config/] (level 4)
00:00:00.871264   UseUTC <integer> = 0x0000000000000000 (0)
00:00:00.871265 
00:00:00.871265 [/Devices/parallel/] (level 2)
00:00:00.871265 
00:00:00.871266 [/Devices/pcarch/] (level 2)
00:00:00.871266 
00:00:00.871267 [/Devices/pcarch/0/] (level 3)
00:00:00.871267   Trusted <integer> = 0x0000000000000001 (1)
00:00:00.871268 
00:00:00.871268 [/Devices/pcarch/0/Config/] (level 4)
00:00:00.871269 
00:00:00.871269 [/Devices/pcbios/] (level 2)
00:00:00.871270 
00:00:00.871270 [/Devices/pcbios/0/] (level 3)
00:00:00.871271   Trusted <integer> = 0x0000000000000001 (1)
00:00:00.871271 
00:00:00.871271 [/Devices/pcbios/0/Config/] (level 4)
00:00:00.871273   APIC            <integer> = 0x0000000000000001 (1)
00:00:00.871274   BootDevice0     <string>  = "FLOPPY" (cb=7)
00:00:00.871275   BootDevice1     <string>  = "NONE" (cb=5)
00:00:00.871275   BootDevice2     <string>  = "NONE" (cb=5)
00:00:00.871276   BootDevice3     <string>  = "NONE" (cb=5)
00:00:00.871276   DmiSystemSerial <string>  = "VirtualBox-<DmiSystemUuid>" (cb=27)
00:00:00.871277   FloppyDevice    <string>  = "i82078" (cb=7)
00:00:00.871277   HardDiskDevice  <string>  = "piix3ide" (cb=9)
00:00:00.871278   IOAPIC          <integer> = 0x0000000000000000 (0)
00:00:00.871279   McfgBase        <integer> = 0x0000000000000000 (0)
00:00:00.871279   McfgLength      <integer> = 0x0000000000000000 (0)
00:00:00.871280   NumCPUs         <integer> = 0x0000000000000001 (1)
00:00:00.871280   PXEDebug        <integer> = 0x0000000000000000 (0)
00:00:00.871281   UUID            <bytes>   = "37 c8 ce 20 87 c6 03 4e 86 2b 9b 27 a8 a1 c7 5c" (cb=16)
00:00:00.871283   UuidLe          <integer> = 0x0000000000000001 (1)
00:00:00.871283 
00:00:00.871283 [/Devices/pcbios/0/Config/NetBoot/] (level 5)
00:00:00.871284 
00:00:00.871285 [/Devices/pcbios/0/Config/NetBoot/0/] (level 6)
00:00:00.871286   NIC           <integer> = 0x0000000000000000 (0)
00:00:00.871287   PCIBusNo      <integer> = 0x0000000000000000 (0)
00:00:00.871287   PCIDeviceNo   <integer> = 0x0000000000000003 (3)
00:00:00.871288   PCIFunctionNo <integer> = 0x0000000000000000 (0)
00:00:00.871288 
00:00:00.871289 [/Devices/pci/] (level 2)
00:00:00.871289 
00:00:00.871290 [/Devices/pci/0/] (level 3)
00:00:00.871290   Trusted <integer> = 0x0000000000000001 (1)
00:00:00.871291 
00:00:00.871291 [/Devices/pci/0/Config/] (level 4)
00:00:00.871292   IOAPIC <integer> = 0x0000000000000000 (0)
00:00:00.871293 
00:00:00.871293 [/Devices/pcibridge/] (level 2)
00:00:00.871293 
00:00:00.871294 [/Devices/pckbd/] (level 2)
00:00:00.871294 
00:00:00.871295 [/Devices/pckbd/0/] (level 3)
00:00:00.871296   Trusted <integer> = 0x0000000000000001 (1)
00:00:00.871296 
00:00:00.871296 [/Devices/pckbd/0/Config/] (level 4)
00:00:00.871297 
00:00:00.871297 [/Devices/pckbd/0/LUN#0/] (level 4)
00:00:00.871298   Driver <string>  = "KeyboardQueue" (cb=14)
00:00:00.871299 
00:00:00.871299 [/Devices/pckbd/0/LUN#0/AttachedDriver/] (level 5)
00:00:00.871300   Driver <string>  = "MainKeyboard" (cb=13)
00:00:00.871300 
00:00:00.871301 [/Devices/pckbd/0/LUN#0/Config/] (level 5)
00:00:00.871302   QueueSize <integer> = 0x0000000000000040 (64, 64 B)
00:00:00.871302 
00:00:00.871303 [/Devices/pckbd/0/LUN#1/] (level 4)
00:00:00.871303   Driver <string>  = "MouseQueue" (cb=11)
00:00:00.871304 
00:00:00.871304 [/Devices/pckbd/0/LUN#1/AttachedDriver/] (level 5)
00:00:00.871305   Driver <string>  = "MainMouse" (cb=10)
00:00:00.871305 
00:00:00.871306 [/Devices/pckbd/0/LUN#1/Config/] (level 5)
00:00:00.871306   QueueSize <integer> = 0x0000000000000080 (128, 128 B)
00:00:00.871307 
00:00:00.871308 [/Devices/pcnet/] (level 2)
00:00:00.871308 
00:00:00.871309 [/Devices/pcnet/0/] (level 3)
00:00:00.871311   PCIBusNo      <integer> = 0x0000000000000000 (0)
00:00:00.871311   PCIDeviceNo   <integer> = 0x0000000000000003 (3)
00:00:00.871312   PCIFunctionNo <integer> = 0x0000000000000000 (0)
00:00:00.871312   Trusted       <integer> = 0x0000000000000001 (1)
00:00:00.871313 
00:00:00.871313 [/Devices/pcnet/0/Config/] (level 4)
00:00:00.871314   CableConnected <integer> = 0x0000000000000001 (1)
00:00:00.871315   ChipType       <string>  = "Am79C973" (cb=9)
00:00:00.871315   LineSpeed      <integer> = 0x0000000000000000 (0)
00:00:00.871316   MAC            <bytes>   = "08 00 27 5b f9 d9" (cb=6)
00:00:00.871317 
00:00:00.871317 [/Devices/pcnet/0/LUN#0/] (level 4)
00:00:00.871318   Driver <string>  = "NAT" (cb=4)
00:00:00.871318 
00:00:00.871318 [/Devices/pcnet/0/LUN#0/Config/] (level 5)
00:00:00.871319   AliasMode          <integer> = 0x0000000000000000 (0)
00:00:00.871320   DNSProxy           <integer> = 0x0000000000000000 (0)
00:00:00.871321   EnableTFTP         <integer> = 0x0000000000000000 (0)
00:00:00.871321   ForwardBroadcast   <integer> = 0x0000000000000000 (0)
00:00:00.871322   LocalhostReachable <integer> = 0x0000000000000001 (1)
00:00:00.871322   Network            <string>  = "10.0.2.0/24" (cb=12)
00:00:00.871323   PassDomain         <integer> = 0x0000000000000001 (1)
00:00:00.871323   UseHostResolver    <integer> = 0x0000000000000000 (0)
00:00:00.871324 
00:00:00.871324 [/Devices/pcnet/0/LUN#999/] (level 4)
00:00:00.871325   Driver <string>  = "MainStatus" (cb=11)
00:00:00.871326 
00:00:00.871326 [/Devices/pcnet/0/LUN#999/Config/] (level 5)
00:00:00.871327   First                <integer> = 0x0000000000000000 (0)
00:00:00.871327   HasMediumAttachments <integer> = 0x0000000000000000 (0)
00:00:00.871328   Last                 <integer> = 0x0000000000000000 (0)
00:00:00.871328   iLedSet              <integer> = 0x0000000000000002 (2)
00:00:00.871329 
00:00:00.871329 [/Devices/sb16/] (level 2)
00:00:00.871330 
00:00:00.871330 [/Devices/sb16/0/] (level 3)
00:00:00.871331   Trusted <integer> = 0x0000000000000001 (1)
00:00:00.871331 
00:00:00.871331 [/Devices/sb16/0/AudioConfig/] (level 4)
00:00:00.871332 
00:00:00.871333 [/Devices/sb16/0/Config/] (level 4)
00:00:00.871333   DMA          <integer> = 0x0000000000000001 (1)
00:00:00.871334   DMA16        <integer> = 0x0000000000000005 (5)
00:00:00.871335   DebugEnabled <integer> = 0x0000000000000000 (0)
00:00:00.871335   IRQ          <integer> = 0x0000000000000005 (5)
00:00:00.871336   Port         <integer> = 0x0000000000000220 (544)
00:00:00.871336   Version      <integer> = 0x0000000000000405 (1 029)
00:00:00.871337 
00:00:00.871337 [/Devices/sb16/0/LUN#0/] (level 4)
00:00:00.871338   Driver <string>  = "AUDIO" (cb=6)
00:00:00.871338 
00:00:00.871339 [/Devices/sb16/0/LUN#0/AttachedDriver/] (level 5)
00:00:00.871339   Driver <string>  = "HostAudioWas" (cb=13)
00:00:00.871340 
00:00:00.871340 [/Devices/sb16/0/LUN#0/AttachedDriver/Config/] (level 6)
00:00:00.871341   VmName <string>  = "CyberStorm" (cb=11)
00:00:00.871342   VmUuid <string>  = "20cec837-c687-4e03-862b-9b27a8a1c75c" (cb=37)
00:00:00.871342 
00:00:00.871342 [/Devices/sb16/0/LUN#0/Config/] (level 5)
00:00:00.871343   DriverName    <string>  = "HostAudioWas" (cb=13)
00:00:00.871344   InputEnabled  <integer> = 0x0000000000000000 (0)
00:00:00.871344   OutputEnabled <integer> = 0x0000000000000001 (1)
00:00:00.871345 
00:00:00.871345 [/Devices/sb16/0/LUN#1/] (level 4)
00:00:00.871346   Driver <string>  = "AUDIO" (cb=6)
00:00:00.871346 
00:00:00.871346 [/Devices/sb16/0/LUN#2/] (level 4)
00:00:00.871347   Driver <string>  = "AUDIO" (cb=6)
00:00:00.871348 
00:00:00.871348 [/Devices/serial/] (level 2)
00:00:00.871349 
00:00:00.871349 [/Devices/vga/] (level 2)
00:00:00.871349 
00:00:00.871350 [/Devices/vga/0/] (level 3)
00:00:00.871350   PCIBusNo      <integer> = 0x0000000000000000 (0)
00:00:00.871351   PCIDeviceNo   <integer> = 0x0000000000000002 (2)
00:00:00.871352   PCIFunctionNo <integer> = 0x0000000000000000 (0)
00:00:00.871358   Trusted       <integer> = 0x0000000000000001 (1)
00:00:00.871359 
00:00:00.871359 [/Devices/vga/0/Config/] (level 4)
00:00:00.871360   3DEnabled        <integer> = 0x0000000000000000 (0)
00:00:00.871361   CustomVideoModes <integer> = 0x0000000000000000 (0)
00:00:00.871361   FadeIn           <integer> = 0x0000000000000001 (1)
00:00:00.871362   FadeOut          <integer> = 0x0000000000000001 (1)
00:00:00.871363   HeightReduction  <integer> = 0x0000000000000000 (0)
00:00:00.871363   LogoFile         <string>  = "" (cb=1)
00:00:00.871364   LogoTime         <integer> = 0x0000000000000000 (0)
00:00:00.871364   MonitorCount     <integer> = 0x0000000000000001 (1)
00:00:00.871365   ShowBootMenu     <integer> = 0x0000000000000002 (2)
00:00:00.871365   VRamSize         <integer> = 0x0000000000800000 (8 388 608, 8.0 MiB)
00:00:00.871366 
00:00:00.871367 [/Devices/vga/0/LUN#0/] (level 4)
00:00:00.871367   Driver <string>  = "MainDisplay" (cb=12)
00:00:00.871368 
00:00:00.871368 [/Devices/vga/0/LUN#0/Config/] (level 5)
00:00:00.871369 
00:00:00.871369 [/Devices/vga/0/LUN#999/] (level 4)
00:00:00.871370   Driver <string>  = "MainStatus" (cb=11)
00:00:00.871371 
00:00:00.871371 [/Devices/vga/0/LUN#999/Config/] (level 5)
00:00:00.871372   First                <integer> = 0x0000000000000000 (0)
00:00:00.871372   HasMediumAttachments <integer> = 0x0000000000000000 (0)
00:00:00.871373   Last                 <integer> = 0x0000000000000000 (0)
00:00:00.871374   iLedSet              <integer> = 0x0000000000000000 (0)
00:00:00.871374 
00:00:00.871374 [/Devices/virtio-net/] (level 2)
00:00:00.871375 
00:00:00.871375 [/EM/] (level 1)
00:00:00.871376   TripleFaultReset <integer> = 0x0000000000000000 (0)
00:00:00.871376 
00:00:00.871377 [/GCM/] (level 1)
00:00:00.871377 
00:00:00.871377 [/GIM/] (level 1)
00:00:00.871378   Provider <string>  = "None" (cb=5)
00:00:00.871378 
00:00:00.871379 [/HM/] (level 1)
00:00:00.871381   64bitEnabled        <integer> = 0x0000000000000000 (0)
00:00:00.871382   EnableLargePages    <integer> = 0x0000000000000001 (1)
00:00:00.871382   EnableNestedPaging  <integer> = 0x0000000000000001 (1)
00:00:00.871383   EnableUX            <integer> = 0x0000000000000001 (1)
00:00:00.871383   EnableVPID          <integer> = 0x0000000000000001 (1)
00:00:00.871384   Exclusive           <integer> = 0x0000000000000000 (0)
00:00:00.871384   HMForced            <integer> = 0x0000000000000001 (1)
00:00:00.871385   IBPBOnVMEntry       <integer> = 0x0000000000000000 (0)
00:00:00.871386   IBPBOnVMExit        <integer> = 0x0000000000000000 (0)
00:00:00.871386   L1DFlushOnSched     <integer> = 0x0000000000000001 (1)
00:00:00.871387   L1DFlushOnVMEntry   <integer> = 0x0000000000000000 (0)
00:00:00.871387   MDSClearOnSched     <integer> = 0x0000000000000001 (1)
00:00:00.871388   MDSClearOnVMEntry   <integer> = 0x0000000000000000 (0)
00:00:00.871388   SpecCtrlByHost      <integer> = 0x0000000000000000 (0)
00:00:00.871389   SvmVirtVmsaveVmload <integer> = 0x0000000000000000 (0)
00:00:00.871389   UseNEMInstead       <integer> = 0x0000000000000000 (0)
00:00:00.871390 
00:00:00.871390 [/MM/] (level 1)
00:00:00.871390   CanUseLargerHeap <integer> = 0x0000000000000000 (0)
00:00:00.871391 
00:00:00.871391 [/NEM/] (level 1)
00:00:00.871392   Allow64BitGuests  <integer> = 0x0000000000000000 (0)
00:00:00.871392   IBPBOnVMEntry     <integer> = 0x0000000000000000 (0)
00:00:00.871393   IBPBOnVMExit      <integer> = 0x0000000000000000 (0)
00:00:00.871394   L1DFlushOnSched   <integer> = 0x0000000000000001 (1)
00:00:00.871394   L1DFlushOnVMEntry <integer> = 0x0000000000000000 (0)
00:00:00.871395   MDSClearOnSched   <integer> = 0x0000000000000001 (1)
00:00:00.871395   MDSClearOnVMEntry <integer> = 0x0000000000000000 (0)
00:00:00.871396 
00:00:00.871396 [/PDM/] (level 1)
00:00:00.871396 
00:00:00.871396 [/PDM/AsyncCompletion/] (level 2)
00:00:00.871397 
00:00:00.871397 [/PDM/AsyncCompletion/File/] (level 3)
00:00:00.871398 
00:00:00.871398 [/PDM/AsyncCompletion/File/BwGroups/] (level 4)
00:00:00.871403 
00:00:00.871403 [/PDM/BlkCache/] (level 2)
00:00:00.871404   CacheSize <integer> = 0x0000000000500000 (5 242 880, 5.0 MiB)
00:00:00.871405 
00:00:00.871405 [/PDM/Devices/] (level 2)
00:00:00.871406 
00:00:00.871406 [/PDM/Drivers/] (level 2)
00:00:00.871407 
00:00:00.871407 [/PDM/Drivers/VBoxC/] (level 3)
00:00:00.871407   Path <string>  = "VBoxC" (cb=6)
00:00:00.871408 
00:00:00.871408 [/PDM/NetworkShaper/] (level 2)
00:00:00.871409 
00:00:00.871409 [/PDM/NetworkShaper/BwGroups/] (level 3)
00:00:00.871410 
00:00:00.871410 [/TM/] (level 1)
00:00:00.871411   UTCOffset <integer> = 0x0000000000000000 (0)
00:00:00.871411 
00:00:00.871411 ********************* End of CFGM dump **********************
00:00:00.871487 HM: HMR3Init: Attempting fall back to NEM: AMD-V is not available
00:00:00.941544 NEM:  info: Found optional import WinHvPlatform.dll!WHvQueryGpaRangeDirtyBitmap.
00:00:00.941569 NEM:  info: Found optional import WinHvPlatform.dll!WHvResumePartitionTime.
00:00:00.941573 NEM:  info: Found optional import WinHvPlatform.dll!WHvSuspendPartitionTime.
00:00:00.941577 NEM:  info: Found optional import WinHvPlatform.dll!WHvRequestInterrupt.
00:00:00.941587 NEM:  info: Found optional import WinHvPlatform.dll!WHvGetVirtualProcessorXsaveState.
00:00:00.941593 NEM:  info: Found optional import WinHvPlatform.dll!WHvSetVirtualProcessorXsaveState.
00:00:00.941599 NEM:  info: Failed to import WinHvPlatform.dll!WHvGetVirtualProcessorState: VERR_SYMBOL_NOT_FOUND
00:00:00.941620 NEM:  info: Failed to import WinHvPlatform.dll!WHvSetVirtualProcessorState: VERR_SYMBOL_NOT_FOUND
00:00:00.941624 NEM:  info: Found optional import WinHvPlatform.dll!WHvGetVirtualProcessorInterruptControllerState.
00:00:00.941628 NEM:  info: Found optional import WinHvPlatform.dll!WHvSetVirtualProcessorInterruptControllerState.
00:00:00.941631 NEM:  info: Found optional import WinHvPlatform.dll!WHvGetVirtualProcessorInterruptControllerState2.
00:00:00.941635 NEM:  info: Found optional import WinHvPlatform.dll!WHvSetVirtualProcessorInterruptControllerState2.
00:00:00.941640 NEM:  info: Found optional import vid.dll!VidGetHvPartitionId.
00:00:00.941644 NEM:  info: Found optional import vid.dll!VidGetPartitionProperty.
00:00:00.941723 NEM: WHvCapabilityCodeHypervisorPresent is TRUE, so this might work...
00:00:00.941728 NEM: WHvCapabilityCodeExtendedVmExits      = 0x00000000000003ff
00:00:00.941733 NEM:                           X64CpuidExit: 1
00:00:00.941736 NEM:                             X64MsrExit: 1
00:00:00.941740 NEM:                          ExceptionExit: 1
00:00:00.941743 NEM:                           X64RdtscExit: 1
00:00:00.941747 NEM:                     X64ApicSmiExitTrap: 1
00:00:00.941750 NEM:                          HypercallExit: 1
00:00:00.941753 NEM:                X64ApicInitSipiExitTrap: 1
00:00:00.941756 NEM:              X64ApicWriteLint0ExitTrap: 1
00:00:00.941759 NEM:              X64ApicWriteLint1ExitTrap: 1
00:00:00.941762 NEM:                X64ApicWriteSvrExitTrap: 1
00:00:00.941765 NEM:                 UnknownSynicConnection: 0
00:00:00.941768 NEM:              RetargetUnknownVpciDevice: 0
00:00:00.941771 NEM:                X64ApicWriteLdrExitTrap: 0
00:00:00.941775 NEM:                X64ApicWriteDfrExitTrap: 0
00:00:00.941778 NEM:                     GpaAccessFaultExit: 0
00:00:00.941781 NEM: WHvCapabilityCodeFeatures             = 0x000000000000007f
00:00:00.941787 NEM:                           PartialUnmap: 1
00:00:00.941790 NEM:                     LocalApicEmulation: 1
00:00:00.941795 NEM:                                  Xsave: 1
00:00:00.941798 NEM:                      DirtyPageTracking: 1
00:00:00.941801 NEM:                     SpeculationControl: 1
00:00:00.941804 NEM:                         ApicRemoteRead: 1
00:00:00.941808 NEM:                            IdleSuspend: 1
00:00:00.941811 NEM:                VirtualPciDeviceSupport: 0
00:00:00.941814 NEM:                           IommuSupport: 0
00:00:00.941817 NEM:                         VpHotAddRemove: 0
00:00:00.941824 NEM: Supported xsave features: 0x381f
00:00:00.941827 NEM:                           XsaveSupport: 1
00:00:00.941830 NEM:                        XsaveoptSupport: 1
00:00:00.941834 NEM:                             AvxSupport: 1
00:00:00.941837 NEM:                            Avx2Support: 1
00:00:00.941840 NEM:                             FmaSupport: 1
00:00:00.941843 NEM:                             MpxSupport: 0
00:00:00.941846 NEM:                          Avx512Support: 0
00:00:00.941850 NEM:                        Avx512DQSupport: 0
00:00:00.941853 NEM:                        Avx512BWSupport: 0
00:00:00.941856 NEM:                        Avx512VLSupport: 0
00:00:00.941859 NEM:                       XsaveCompSupport: 1
00:00:00.941862 NEM:                 XsaveSupervisorSupport: 1
00:00:00.941865 NEM:                            Xcr1Support: 1
00:00:00.941868 NEM:                    Avx512BitalgSupport: 0
00:00:00.941871 NEM:                      Avx512IfmaSupport: 0
00:00:00.941875 NEM:                      Avx512VBmiSupport: 0
00:00:00.941878 NEM:                     Avx512VBmi2Support: 0
00:00:00.941881 NEM:                      Avx512VnniSupport: 0
00:00:00.941886 NEM:                            GfniSupport: 0
00:00:00.941891 NEM:                            VaesSupport: 0
00:00:00.941894 NEM:                 Avx512VPopcntdqSupport: 0
00:00:00.941897 NEM:                      VpclmulqdqSupport: 0
00:00:00.941900 NEM:                      Avx512Bf16Support: 0
00:00:00.941903 NEM:              Avx512Vp2IntersectSupport: 0
00:00:00.941906 NEM:                      Avx512Fp16Support: 0
00:00:00.941909 NEM:                             XfdSupport: 0
00:00:00.941912 NEM:                         AmxTileSupport: 0
00:00:00.941915 NEM:                         AmxBf16Support: 0
00:00:00.941919 NEM:                         AmxInt8Support: 0
00:00:00.941922 NEM:                         AvxVnniSupport: 0
00:00:00.941925 NEM: Supported exception exit bitmap: 0xf7dfb
00:00:00.941931 NEM: WHvCapabilityCodeProcessorVendor      = 0 - AMD
00:00:00.941938 NEM: WHvCapabilityCodeProcessorFeatures    = 0x000006cb66f39fbf
00:00:00.941942 NEM:                            Sse3Support: 1
00:00:00.941945 NEM:                        LahfSahfSupport: 1
00:00:00.941948 NEM:                           Ssse3Support: 1
00:00:00.941951 NEM:                          Sse4_1Support: 1
00:00:00.941956 NEM:                          Sse4_2Support: 1
00:00:00.941959 NEM:                           Sse4aSupport: 1
00:00:00.941962 NEM:                             XopSupport: 0
00:00:00.941965 NEM:                          PopCntSupport: 1
00:00:00.941969 NEM:                      Cmpxchg16bSupport: 1
00:00:00.941972 NEM:                       Altmovcr8Support: 1
00:00:00.941975 NEM:                           LzcntSupport: 1
00:00:00.941978 NEM:                     MisAlignSseSupport: 1
00:00:00.941981 NEM:                          MmxExtSupport: 1
00:00:00.941984 NEM:                        Amd3DNowSupport: 0
00:00:00.941987 NEM:                ExtendedAmd3DNowSupport: 0
00:00:00.941990 NEM:                         Page1GbSupport: 1
00:00:00.941994 NEM:                             AesSupport: 1
00:00:00.941997 NEM:                       PclmulqdqSupport: 1
00:00:00.942000 NEM:                            PcidSupport: 0
00:00:00.942003 NEM:                            Fma4Support: 0
00:00:00.942006 NEM:                            F16CSupport: 1
00:00:00.942009 NEM:                          RdRandSupport: 1
00:00:00.942013 NEM:                        RdWrFsGsSupport: 1
00:00:00.942016 NEM:                            SmepSupport: 1
00:00:00.942019 NEM:              EnhancedFastStringSupport: 0
00:00:00.942022 NEM:                            Bmi1Support: 1
00:00:00.942025 NEM:                            Bmi2Support: 1
00:00:00.942028 NEM:                              Reserved1: 0
00:00:00.942032 NEM:                           MovbeSupport: 1
00:00:00.942035 NEM:                          Npiep1Support: 1
00:00:00.942038 NEM:                   DepX87FPUSaveSupport: 0
00:00:00.942041 NEM:                          RdSeedSupport: 1
00:00:00.942044 NEM:                             AdxSupport: 1
00:00:00.942047 NEM:                   IntelPrefetchSupport: 0
00:00:00.942051 NEM:                            SmapSupport: 1
00:00:00.942054 NEM:                             HleSupport: 0
00:00:00.942057 NEM:                             RtmSupport: 0
00:00:00.942060 NEM:                          RdtscpSupport: 1
00:00:00.942063 NEM:                      ClflushoptSupport: 1
00:00:00.942066 NEM:                            ClwbSupport: 0
00:00:00.942069 NEM:                             ShaSupport: 1
00:00:00.942072 NEM:                X87PointersSavedSupport: 1
00:00:00.942075 NEM:                         InvpcidSupport: 0
00:00:00.942079 NEM:                            IbrsSupport: 0
00:00:00.942082 NEM:                           StibpSupport: 0
00:00:00.942085 NEM:                            IbpbSupport: 0
00:00:00.942088 NEM:                              Reserved2: 0
00:00:00.942091 NEM:                            SsbdSupport: 0
00:00:00.942094 NEM:                 FastShortRepMovSupport: 0
00:00:00.942099 NEM:                              Reserved3: 0
00:00:00.942103 NEM:                                 RdclNo: 0
00:00:00.942106 NEM:                         IbrsAllSupport: 0
00:00:00.942109 NEM:                              Reserved4: 0
00:00:00.942112 NEM:                                  SsbNo: 0
00:00:00.942116 NEM:                                 RsbANo: 0
00:00:00.942119 NEM:                              Reserved5: 0
00:00:00.942122 NEM:                           RdPidSupport: 0
00:00:00.942125 NEM:                            UmipSupport: 0
00:00:00.942129 NEM:                           MdsNoSupport: 0
00:00:00.942132 NEM:                         MdClearSupport: 0
00:00:00.942135 NEM:                           TaaNoSupport: 0
00:00:00.942138 NEM:                         TsxCtrlSupport: 0
00:00:00.942141 NEM:                              Reserved6: 0
00:00:00.942147 NEM: WHvCapabilityCodeProcessorClFlushSize = 2^8
00:00:00.942151 NEM: Warning! Unknown capability 0x4 returning: 3f 00 00 00 00 00 00 00 00 00 00 00 00 00 00 00 00 00 00 00 00 00 00 00
00:00:00.942672 NEM: Warning! Unknown capability 0x1003 returning: 1f 38 00 00 00 00 00 00 00 00 00 00 00 00 00 00 00 00 00 00 00 00 00 00
00:00:00.942686 NEM: Warning! Unknown capability 0x1004 returning: cd 76 82 e2 00 00 00 00 00 00 00 00 00 00 00 00 00 00 00 00 00 00 00 00
00:00:00.942692 NEM: Warning! Unknown capability 0x1005 returning: 00 c2 eb 0b 00 00 00 00 00 00 00 00 00 00 00 00 00 00 00 00 00 00 00 00
00:00:00.942696 NEM: Warning! Unknown capability 0x1006 returning: 02 00 00 00 00 00 00 00 bf 9f f3 66 cb 06 00 00 04 00 00 00 00 00 00 00
00:00:00.943440 NEM: Created partition 000001f0d775d470. APIC emulation mode: VirtualBox
00:00:00.943462 PGM: Enabling NEM mode
00:00:00.943544 NEM:
00:00:00.943544 NEM: NEMR3Init: Snail execution mode is active!
00:00:00.943545 NEM: Note! VirtualBox is not able to run at its full potential in this execution mode.
00:00:00.943545 NEM:       To see VirtualBox run at max speed you need to disable all Windows features
00:00:00.943545 NEM:       making use of Hyper-V.  That is a moving target, so google how and carefully
00:00:00.943545 NEM:       consider the consequences of disabling these features.
00:00:00.943545 NEM:
00:00:00.943570 CPUM: No hardware-virtualization capability detected
00:00:00.943574 CPUM: fXStateHostMask=0x7; host XCR0=0x7
00:00:00.945964 CPUM: Matched host CPU AMD 0x17/0x8/0x2 AMD_Zen_Ryzen with CPU DB entry 'AMD Ryzen 7 1800X Eight-Core' (AMD 0x17/0x1/0x1 AMD_Zen_Ryzen)
00:00:00.959459 CPUM: MXCSR_MASK=0x2ffff (host: 0x2ffff)
00:00:00.959514 CPUM: Microcode revision 0x08008202
00:00:00.959541 CPUM: MSR fudge: 0x00000017 IA32_PLATFORM_ID
00:00:00.959593 CPUM: MSR fudge: 0x000001a0 IA32_MISC_ENABLE
00:00:00.959611 CPUM: MSR fudge: 0x000002ff IA32_MTRR_DEF_TYPE
00:00:00.959628 CPUM: MSR fudge: 0x0000002c P4_EBC_FREQUENCY_ID
00:00:00.959735 CPUM: Set SSBD not required flag for AMD to work around some buggy Linux kernels!
00:00:00.959741 CPUM: Enabled MTRR read-write support
00:00:00.959747 CPUM: Enabled fixed-range MTRRs and 16 (virtualized) variable-range MTRRs
00:00:00.978636 NEM: HvPartitionPropertyProcessorVendor=0x0 (0)
00:00:00.978688 NEM: cbXSaveArea=832
00:00:00.978711 NEM: Default XSAVE area returned by Hyper-V
00:00:00.978714 000000e2a17fd870/0000: 00 00 00 00 00 00 00 00-00 00 00 00 00 00 00 00 ................
00:00:00.978717 000000e2a17fd880/0010: 00 00 00 00 00 00 00 00-80 1f 00 00 ff ff 02 00 ................
00:00:00.978719 000000e2a17fd890/0020: 00 00 00 00 00 00 00 00-00 00 00 00 00 00 00 00 ................
00:00:00.978720 000000e2a17fd8a0/0030: 00 00 00 00 00 00 00 00-00 00 00 00 00 00 00 00 ................
00:00:00.978722 000000e2a17fd8b0/0040: 00 00 00 00 00 00 00 00-00 00 00 00 00 00 00 00 ................
00:00:00.978724 000000e2a17fd8c0/0050: 00 00 00 00 00 00 00 00-00 00 00 00 00 00 00 00 ................
00:00:00.978726 000000e2a17fd8d0/0060: 00 00 00 00 00 00 00 00-00 00 00 00 00 00 00 00 ................
00:00:00.978727 000000e2a17fd8e0/0070: 00 00 00 00 00 00 00 00-00 00 00 00 00 00 00 00 ................
00:00:00.978729 000000e2a17fd8f0/0080: 00 00 00 00 00 00 00 00-00 00 00 00 00 00 00 00 ................
00:00:00.978731 000000e2a17fd900/0090: 00 00 00 00 00 00 00 00-00 00 00 00 00 00 00 00 ................
00:00:00.978732 000000e2a17fd910/00a0: 00 00 00 00 00 00 00 00-00 00 00 00 00 00 00 00 ................
00:00:00.978734 000000e2a17fd920/00b0: 00 00 00 00 00 00 00 00-00 00 00 00 00 00 00 00 ................
00:00:00.978736 000000e2a17fd930/00c0: 00 00 00 00 00 00 00 00-00 00 00 00 00 00 00 00 ................
00:00:00.978737 000000e2a17fd940/00d0: 00 00 00 00 00 00 00 00-00 00 00 00 00 00 00 00 ................
00:00:00.978739 000000e2a17fd950/00e0: 00 00 00 00 00 00 00 00-00 00 00 00 00 00 00 00 ................
00:00:00.978741 000000e2a17fd960/00f0: 00 00 00 00 00 00 00 00-00 00 00 00 00 00 00 00 ................
00:00:00.978742 000000e2a17fd970/0100: 00 00 00 00 00 00 00 00-00 00 00 00 00 00 00 00 ................
00:00:00.978744 000000e2a17fd980/0110: 00 00 00 00 00 00 00 00-00 00 00 00 00 00 00 00 ................
00:00:00.978746 000000e2a17fd990/0120: 00 00 00 00 00 00 00 00-00 00 00 00 00 00 00 00 ................
00:00:00.978747 000000e2a17fd9a0/0130: 00 00 00 00 00 00 00 00-00 00 00 00 00 00 00 00 ................
00:00:00.978749 000000e2a17fd9b0/0140: 00 00 00 00 00 00 00 00-00 00 00 00 00 00 00 00 ................
00:00:00.978751 000000e2a17fd9c0/0150: 00 00 00 00 00 00 00 00-00 00 00 00 00 00 00 00 ................
00:00:00.978752 000000e2a17fd9d0/0160: 00 00 00 00 00 00 00 00-00 00 00 00 00 00 00 00 ................
00:00:00.978754 000000e2a17fd9e0/0170: 00 00 00 00 00 00 00 00-00 00 00 00 00 00 00 00 ................
00:00:00.978756 000000e2a17fd9f0/0180: 00 00 00 00 00 00 00 00-00 00 00 00 00 00 00 00 ................
00:00:00.978758 000000e2a17fda00/0190: 00 00 00 00 00 00 00 00-00 00 00 00 00 00 00 00 ................
00:00:00.978760 000000e2a17fda10/01a0: 00 00 00 00 00 00 00 00-00 00 00 00 00 00 00 00 ................
00:00:00.978762 000000e2a17fda20/01b0: 00 00 00 00 00 00 00 00-00 00 00 00 00 00 00 00 ................
00:00:00.978764 000000e2a17fda30/01c0: 00 00 00 00 00 00 00 00-00 00 00 00 00 00 00 00 ................
00:00:00.978767 000000e2a17fda40/01d0: 00 00 00 00 00 00 00 00-00 00 00 00 00 00 00 00 ................
00:00:00.978769 000000e2a17fda50/01e0: 00 00 00 00 00 00 00 00-00 00 00 00 00 00 00 00 ................
00:00:00.978771 000000e2a17fda60/01f0: 00 00 00 00 00 00 00 00-00 00 00 00 00 00 00 00 ................
00:00:00.978774 000000e2a17fda70/0200: 02 00 00 00 00 00 00 00-07 00 00 00 00 00 00 80 ................
00:00:00.978776 000000e2a17fda80/0210: 00 00 00 00 00 00 00 00-00 00 00 00 00 00 00 00 ................
00:00:00.978778 000000e2a17fda90/0220: 00 00 00 00 00 00 00 00-00 00 00 00 00 00 00 00 ................
00:00:00.978780 000000e2a17fdaa0/0230: 00 00 00 00 00 00 00 00-00 00 00 00 00 00 00 00 ................
00:00:00.978782 000000e2a17fdab0/0240: 00 00 00 00 00 00 00 00-00 00 00 00 00 00 00 00 ................
00:00:00.978784 000000e2a17fdac0/0250: 00 00 00 00 00 00 00 00-00 00 00 00 00 00 00 00 ................
00:00:00.978787 000000e2a17fdad0/0260: 00 00 00 00 00 00 00 00-00 00 00 00 00 00 00 00 ................
00:00:00.978790 000000e2a17fdae0/0270: 00 00 00 00 00 00 00 00-00 00 00 00 00 00 00 00 ................
00:00:00.978792 000000e2a17fdaf0/0280: 00 00 00 00 00 00 00 00-00 00 00 00 00 00 00 00 ................
00:00:00.978795 000000e2a17fdb00/0290: 00 00 00 00 00 00 00 00-00 00 00 00 00 00 00 00 ................
00:00:00.978797 000000e2a17fdb10/02a0: 00 00 00 00 00 00 00 00-00 00 00 00 00 00 00 00 ................
00:00:00.978799 000000e2a17fdb20/02b0: 00 00 00 00 00 00 00 00-00 00 00 00 00 00 00 00 ................
00:00:00.978801 000000e2a17fdb30/02c0: 00 00 00 00 00 00 00 00-00 00 00 00 00 00 00 00 ................
00:00:00.978804 000000e2a17fdb40/02d0: 00 00 00 00 00 00 00 00-00 00 00 00 00 00 00 00 ................
00:00:00.978806 000000e2a17fdb50/02e0: 00 00 00 00 00 00 00 00-00 00 00 00 00 00 00 00 ................
00:00:00.978808 000000e2a17fdb60/02f0: 00 00 00 00 00 00 00 00-00 00 00 00 00 00 00 00 ................
00:00:00.978810 000000e2a17fdb70/0300: 00 00 00 00 00 00 00 00-00 00 00 00 00 00 00 00 ................
00:00:00.978813 000000e2a17fdb80/0310: 00 00 00 00 00 00 00 00-00 00 00 00 00 00 00 00 ................
00:00:00.978815 000000e2a17fdb90/0320: 00 00 00 00 00 00 00 00-00 00 00 00 00 00 00 00 ................
00:00:00.978817 000000e2a17fdba0/0330: 00 00 00 00 00 00 00 00-00 00 00 00 00 00 00 00 ................
00:00:00.978837 NEM: Successfully set up partition (device handle 0000000000000a64, partition ID 0xce)
00:00:00.979079 PGM: Host paging mode: AMD64+PGE+NX
00:00:00.979091 PGM: PGMPool: cMaxPages=256 (u64MaxPages=48)
00:00:00.979095 PGM: pgmR3PoolInit: cMaxPages=0x100 cMaxUsers=0x200 cMaxPhysExts=0x200 fCacheEnable=true
00:00:00.989644 TM: GIP - u32Mode=3 (Invariant) u32UpdateHz=93 u32UpdateIntervalNS=10741500 enmUseTscDelta=2 (Practically Zero) fGetGipCpu=0x2b cCpus=16
00:00:00.989684 TM: GIP - u64CpuHz=3 800 200 349 (0xe282749d)  SUPGetCpuHzFromGip => 3 800 200 349
00:00:00.989690 TM: GIP - CPU: iCpuSet=0x0 idCpu=0x0 idApic=0x0 iGipCpu=0xa i64TSCDelta=0 enmState=3 u64CpuHz=3800200345(*) cErrors=0
00:00:00.989695 TM: GIP - CPU: iCpuSet=0x1 idCpu=0x1 idApic=0x1 iGipCpu=0x8 i64TSCDelta=0 enmState=3 u64CpuHz=3800200633(*) cErrors=0
00:00:00.989699 TM: GIP - CPU: iCpuSet=0x2 idCpu=0x2 idApic=0x2 iGipCpu=0x3 i64TSCDelta=0 enmState=3 u64CpuHz=3800199581(*) cErrors=0
00:00:00.989703 TM: GIP - CPU: iCpuSet=0x3 idCpu=0x3 idApic=0x3 iGipCpu=0x0 i64TSCDelta=0 enmState=3 u64CpuHz=3800200349(*) cErrors=0
00:00:00.989707 TM: GIP - CPU: iCpuSet=0x4 idCpu=0x4 idApic=0x4 iGipCpu=0x1 i64TSCDelta=0 enmState=3 u64CpuHz=3800137194(*) cErrors=0
00:00:00.989711 TM: GIP - CPU: iCpuSet=0x5 idCpu=0x5 idApic=0x5 iGipCpu=0x2 i64TSCDelta=0 enmState=3 u64CpuHz=3800186282(*) cErrors=0
00:00:00.989715 TM: GIP - CPU: iCpuSet=0x6 idCpu=0x6 idApic=0x6 iGipCpu=0x9 i64TSCDelta=0 enmState=3 u64CpuHz=3800200510(*) cErrors=0
00:00:00.989719 TM: GIP - CPU: iCpuSet=0x7 idCpu=0x7 idApic=0x7 iGipCpu=0xb i64TSCDelta=0 enmState=3 u64CpuHz=3800200796(*) cErrors=0
00:00:00.989723 TM: GIP - CPU: iCpuSet=0x8 idCpu=0x8 idApic=0x8 iGipCpu=0xc i64TSCDelta=0 enmState=3 u64CpuHz=3800200482(*) cErrors=0
00:00:00.989726 TM: GIP - CPU: iCpuSet=0x9 idCpu=0x9 idApic=0x9 iGipCpu=0xf i64TSCDelta=0 enmState=3 u64CpuHz=3800137194(*) cErrors=0
00:00:00.989730 TM: GIP - CPU: iCpuSet=0xa idCpu=0xa idApic=0xa iGipCpu=0x5 i64TSCDelta=0 enmState=3 u64CpuHz=3800200501(*) cErrors=0
00:00:00.989734 TM: GIP - CPU: iCpuSet=0xb idCpu=0xb idApic=0xb iGipCpu=0x6 i64TSCDelta=0 enmState=3 u64CpuHz=3800199803(*) cErrors=0
00:00:00.989737 TM: GIP - CPU: iCpuSet=0xc idCpu=0xc idApic=0xc iGipCpu=0x4 i64TSCDelta=0 enmState=3 u64CpuHz=3800199846(*) cErrors=0
00:00:00.989741 TM: GIP - CPU: iCpuSet=0xd idCpu=0xd idApic=0xd iGipCpu=0x7 i64TSCDelta=0 enmState=3 u64CpuHz=3800200698(*) cErrors=0
00:00:00.989744 TM: GIP - CPU: iCpuSet=0xe idCpu=0xe idApic=0xe iGipCpu=0xd i64TSCDelta=0 enmState=3 u64CpuHz=3800200729(*) cErrors=0
00:00:00.989752 TM: GIP - CPU: iCpuSet=0xf idCpu=0xf idApic=0xf iGipCpu=0xe i64TSCDelta=0 enmState=3 u64CpuHz=3800200349(*) cErrors=0
00:00:00.989762 TM: NEM overrides the /TM/TSCModeSwitchAllowed setting.
00:00:00.989783 TM:     cTSCTicksPerSecond=3 800 200 349 (0xe282749d) enmTSCMode=4 (NativeApi) TSCMultiplier=1
00:00:00.989787 TM: cTSCTicksPerSecondHost=3 800 200 349 (0xe282749d)
00:00:00.989788 TM: TSCTiedToExecution=false TSCNotTiedToHalt=false
00:00:00.990556 EMR3Init: fIemExecutesAll=false fGuruOnTripleFault=true
00:00:00.990696 IEM: TargetCpu=CURRENT, Microarch=AMD_Zen_Ryzen aidxTargetCpuEflFlavour={2,0}
00:00:00.991179 GIM: Using provider 'None' (Implementation version: 0)
00:00:00.991197 GCM: Initialized - Fixer bits: 0x0
00:00:00.991259 AIOMgr: Default manager type is 'Async'
00:00:00.991265 AIOMgr: Default file backend is 'NonBuffered'
00:00:00.991331 BlkCache: Cache successfully initialized. Cache size is 5242880 bytes
00:00:00.991339 BlkCache: Cache commit interval is 10000 ms
00:00:00.991343 BlkCache: Cache commit threshold is 2621440 bytes
00:00:01.465223 PcBios: [SMP] BIOS with 1 CPUs
00:00:01.465252 PcBios: Using the 386+ BIOS image.
00:00:01.465714 PcBios: fCheckShutdownStatusForSoftReset=true  fClearShutdownStatusOnHardReset=true
00:00:01.465927 PDM: VirtualBox APIC backend registered
00:00:01.465991 CPUM: SetGuestCpuIdFeature: Enabled xAPIC
00:00:01.466491 PIT: mode=3 count=0x10000 (65536) - 18.20 Hz (ch=0)
00:00:01.466686 VMMDev: cbDefaultBudget: 1 073 741 824 (40000000)
00:00:01.492493 Shared Folders service loaded
00:00:01.512406 Guest Control service loaded
00:00:01.540530 VGA: Using the 386+ BIOS image.
00:00:01.541030 DrvVD: Flushes will be ignored
00:00:01.541038 DrvVD: Async flushes will be passed to the disk
00:00:01.541341 VD: VDInit finished with VINF_SUCCESS
00:00:01.541440 VD: Opening the disk took 380850 ns
00:00:01.541492 FDC: 1.44 MB 3"1/2 floppy disk (2 h 80 t 18 s) rw
00:00:01.555673 Audio Mixer: Setting sink 'SB16 Mixer/PCM Output' -- channel volumes: ba ba ba ba ba ba ba ba ba ba ba ba
00:00:01.582270 WasAPI: Input device is: {Default} (iface 000001f0d7769590)
00:00:01.584190 WasAPI: Output device is: {Default} (iface 000001f0d77692c0)
00:00:01.591953 Audio: Found 9 devices for driver 'WasAPI'
00:00:01.591981 Audio: Device 'Headphones (High Definition Audio Device)':
00:00:01.591982 Audio:   ID              = {0.0.0.00000000}.{7dda4d42-aaaf-4bdf-9d7b-023246d41f45}
00:00:01.591983 Audio:   Usage           = output
00:00:01.591984 Audio:   Flags           = DEFAULT_OUT
00:00:01.591984 Audio:   Input channels  = 0
00:00:01.591985 Audio:   Output channels = 2
00:00:01.591990 Audio: Device 'Digital Audio (S/PDIF) (High Definition Audio Device)':
00:00:01.591990 Audio:   ID              = {0.0.0.00000000}.{087134d9-ae11-4a9b-82bf-5ad0d13aced6}
00:00:01.591991 Audio:   Usage           = output
00:00:01.591991 Audio:   Flags           = NONE
00:00:01.591991 Audio:   Input channels  = 0
00:00:01.591992 Audio:   Output channels = 2
00:00:01.591996 Audio: Device '100012589 (NVIDIA High Definition Audio)':
00:00:01.591996 Audio:   ID              = {0.0.0.00000000}.{3f36c4ff-500a-4cd3-9a35-77b5981f1155}
00:00:01.591996 Audio:   Usage           = output
00:00:01.591997 Audio:   Flags           = NONE
00:00:01.591997 Audio:   Input channels  = 0
00:00:01.591997 Audio:   Output channels = 2
00:00:01.592001 Audio: Device 'Speakers (2- USB Audio CODEC )':
00:00:01.592002 Audio:   ID              = {0.0.0.00000000}.{566bb4ca-cb36-4deb-843b-246f6c5c5982}
00:00:01.592002 Audio:   Usage           = output
00:00:01.592002 Audio:   Flags           = NONE
00:00:01.592003 Audio:   Input channels  = 0
00:00:01.592003 Audio:   Output channels = 2
00:00:01.592007 Audio: Device 'Headphones (High Definition Audio Device)':
00:00:01.592007 Audio:   ID              = {0.0.0.00000000}.{7dda4d42-aaaf-4bdf-9d7b-023246d41f45}
00:00:01.592008 Audio:   Usage           = output
00:00:01.592008 Audio:   Flags           = NONE
00:00:01.592008 Audio:   Input channels  = 0
00:00:01.592009 Audio:   Output channels = 2
00:00:01.592012 Audio: Device '100012589 (NVIDIA High Definition Audio)':
00:00:01.592013 Audio:   ID              = {0.0.0.00000000}.{fdb7b4cc-b13a-4c66-ac46-5302e0b66d2f}
00:00:01.592013 Audio:   Usage           = output
00:00:01.592014 Audio:   Flags           = NONE
00:00:01.592014 Audio:   Input channels  = 0
00:00:01.592014 Audio:   Output channels = 2
00:00:01.592018 Audio: Device 'Microphone (NexiGo HD Webcam Audio)':
00:00:01.592018 Audio:   ID              = {0.0.1.00000000}.{8830d0fa-5126-4de0-babf-090349e9c6f6}
00:00:01.592019 Audio:   Usage           = input
00:00:01.592019 Audio:   Flags           = DEFAULT_IN
00:00:01.592019 Audio:   Input channels  = 2
00:00:01.592020 Audio:   Output channels = 0
00:00:01.592023 Audio: Device 'Microphone (2- USB Audio CODEC )':
00:00:01.592024 Audio:   ID              = {0.0.1.00000000}.{2cdb81b1-e1eb-4201-a0a4-fc6057072946}
00:00:01.592024 Audio:   Usage           = input
00:00:01.592025 Audio:   Flags           = NONE
00:00:01.592025 Audio:   Input channels  = 1
00:00:01.592025 Audio:   Output channels = 0
00:00:01.592132 Audio: Device 'Microphone (NexiGo HD Webcam Audio)':
00:00:01.592132 Audio:   ID              = {0.0.1.00000000}.{8830d0fa-5126-4de0-babf-090349e9c6f6}
00:00:01.592133 Audio:   Usage           = input
00:00:01.592133 Audio:   Flags           = NONE
00:00:01.592133 Audio:   Input channels  = 2
00:00:01.592134 Audio:   Output channels = 0
00:00:01.592482 PGM: The CPU physical address width is 48 bits
00:00:01.592491 PGM: PGMR3InitFinalize: 4 MB PSE mask 0000ffffffffffff -> VINF_SUCCESS
00:00:01.592502 TM: TMR3InitFinalize: fTSCModeSwitchAllowed=false
00:00:01.592814 CPUM: Mapped 1.0MiB (1048576 bytes) of RAM using fixed-range MTRRs
00:00:01.592824 CPUM: Mapped 32.0MiB (33554432 bytes) of RAM using 1 variable-range MTRRs
00:00:01.592937 VMM: Thread-context hooks unavailable
00:00:01.592943 VMM: RTThreadPreemptIsPending() can be trusted
00:00:01.592947 VMM: Kernel preemption is possible
00:00:01.592958 EM: Exit history optimizations: enabled=true enabled-r0=true enabled-r0-no-preemption=false
00:00:01.592976 APIC: fPostedIntrsEnabled=false fVirtApicRegsEnabled=false fSupportsTscDeadline=false
00:00:01.592983 TMR3UtcNow: nsNow=1 776 444 521 330 956 600 nsPrev=0 -> cNsDelta=1 776 444 521 330 956 600 (offLag=0 offVirtualSync=0 offVirtualSyncGivenUp=0, NowAgain=1 776 444 521 330 956 600)
00:00:01.593063 VMM: fUsePeriodicPreemptionTimers=true
00:00:01.593115 CPUM: Logical host processors: 16 present, 16 max, 16 online, online mask: 000000000000ffff
00:00:01.593117 CPUM: Physical host cores: 8
00:00:01.593117 ************************ CPUID dump *************************
00:00:01.595873          Raw Standard CPUID Leaves
00:00:01.595873      Leaf/sub-leaf  eax      ebx      ecx      edx
00:00:01.595876 Gst: 00000000/0000  0000000d 68747541 444d4163 69746e65
00:00:01.595877 Hst:                0000000d 68747541 444d4163 69746e65
00:00:01.595879 Gst: 00000001/0000  00800f82 00010800 76d83203 178bfbbf
00:00:01.595880 Hst:                00800f82 00100800 fed83203 178bfbff
00:00:01.595881 Gst: 00000002/0000  00000000 00000000 00000000 00000000
00:00:01.595882 Hst:                00000000 00000000 00000000 00000000
00:00:01.595882 Gst: 00000003/0000  00000000 00000000 00000000 00000000
00:00:01.595883 Hst:                00000000 00000000 00000000 00000000
00:00:01.595884 Gst: 00000004/0000  00000000 00000000 00000000 00000000
00:00:01.595885 Hst:                00000000 00000000 00000000 00000000
00:00:01.595885 Gst: 00000005/0000  00000000 00000000 00000000 00000000
00:00:01.595886 Hst:                00000000 00000000 00000000 00000000
00:00:01.595887 Gst: 00000006/0000  00000004 00000000 00000000 00000000
00:00:01.595888 Hst:                00000000 00000000 00000001 00000000
00:00:01.595888 Gst: 00000007/0000  00000000 208c0129 00000000 00000000
00:00:01.595889 Hst:                00000000 209c01a9 00000000 00000000
00:00:01.595890 Gst: 00000007/0001  00000000 00000000 00000000 00000000
00:00:01.595891 Hst:                00000000 00000000 00000000 00000000
00:00:01.595892 Gst: 00000007/0002  00000000 00000000 00000000 00000000
00:00:01.595892 Hst:                00000000 00000000 00000000 00000000
00:00:01.595893 Gst: 00000008/0000  00000000 00000000 00000000 00000000
00:00:01.595894 Hst:                00000000 00000000 00000000 00000000
00:00:01.595895 Gst: 00000009/0000  00000000 00000000 00000000 00000000
00:00:01.595895 Hst:                00000000 00000000 00000000 00000000
00:00:01.595896 Gst: 0000000a/0000  00000000 00000000 00000000 00000000
00:00:01.595897 Hst:                00000000 00000000 00000000 00000000
00:00:01.595898 Gst: 0000000b/0000  00000000 00000000 00000000 00000000
00:00:01.595898 Hst:                00000000 00000000 00000000 00000000
00:00:01.595899 Gst: 0000000c/0000  00000000 00000000 00000000 00000000
00:00:01.595900 Hst:                00000000 00000000 00000000 00000000
00:00:01.595901 Gst: 0000000d/0000  00000007 00000340 00000340 00000000
00:00:01.595902 Hst:                00000007 00000340 00000340 00000000
00:00:01.595902 Gst: 0000000d/0001  00000000 00000340 00000000 00000000
00:00:01.595903 Hst:                0000000f 00000340 00000000 00000000
00:00:01.595904 Gst: 0000000d/0002  00000100 00000240 00000000 00000000
00:00:01.595905 Hst:                00000100 00000240 00000000 00000000
00:00:01.595905 Gst: 0000000d/0003  00000000 00000000 00000000 00000000
00:00:01.595906 Hst:                00000000 00000000 00000000 00000000
00:00:01.595907                                Name: AuthenticAMD
00:00:01.595908                            Supports: 0x00000000-0x0000000d
00:00:01.595910                              Family: 15 	Extended: 8 	Effective: 23
00:00:01.595911                               Model:  8 	Extended: 0 	Effective: 8
00:00:01.595913                            Stepping: 2
00:00:01.595914                                Type: 0 (primary)
00:00:01.595915                             APIC ID: 0x00
00:00:01.595916                        Logical CPUs: 1
00:00:01.595917                        CLFLUSH Size: 8
00:00:01.595917                            Brand ID: 0x00
00:00:01.595919 Features
00:00:01.595919   Mnemonic - Description                                  = Guest (Host)
00:00:01.595921   FPU - x87 FPU on Chip                                   = 1 (1)
00:00:01.595923   VME - Virtual 8086 Mode Enhancements                    = 1 (1)
00:00:01.595924   DE - Debugging extensions                               = 1 (1)
00:00:01.595925   PSE - Page Size Extension                               = 1 (1)
00:00:01.595927   TSC - Time Stamp Counter                                = 1 (1)
00:00:01.595930   MSR - Model Specific Registers                          = 1 (1)
00:00:01.595931   PAE - Physical Address Extension                        = 0 (1)
00:00:01.595932   MCE - Machine Check Exception                           = 1 (1)
00:00:01.595933   CX8 - CMPXCHG8B instruction                             = 1 (1)
00:00:01.595934   APIC - APIC On-Chip                                     = 1 (1)
00:00:01.595936   SEP - SYSENTER and SYSEXIT Present                      = 1 (1)
00:00:01.595937   MTRR - Memory Type Range Registers                      = 1 (1)
00:00:01.595938   PGE - PTE Global Bit                                    = 1 (1)
00:00:01.595939   MCA - Machine Check Architecture                        = 1 (1)
00:00:01.595940   CMOV - Conditional Move instructions                    = 1 (1)
00:00:01.595941   PAT - Page Attribute Table                              = 1 (1)
00:00:01.595942   PSE-36 - 36-bit Page Size Extension                     = 1 (1)
00:00:01.595943   PSN - Processor Serial Number                           = 0 (0)
00:00:01.595944   CLFSH - CLFLUSH instruction                             = 1 (1)
00:00:01.595945   DS - Debug Store                                        = 0 (0)
00:00:01.595947   ACPI - Thermal Mon. & Soft. Clock Ctrl.                 = 0 (0)
00:00:01.595948   MMX - Intel MMX Technology                              = 1 (1)
00:00:01.595949   FXSR - FXSAVE and FXRSTOR instructions                  = 1 (1)
00:00:01.595950   SSE - SSE support                                       = 1 (1)
00:00:01.595951   SSE2 - SSE2 support                                     = 1 (1)
00:00:01.595952   SS - Self Snoop                                         = 0 (0)
00:00:01.595954   HTT - Hyper-Threading Technology                        = 1 (1)
00:00:01.595955   TM - Therm. Monitor                                     = 0 (0)
00:00:01.595956   PBE - Pending Break Enabled                             = 0 (0)
00:00:01.595957   SSE3 - SSE3 support                                     = 1 (1)
00:00:01.595958   PCLMUL - PCLMULQDQ support (for AES-GCM)                = 1 (1)
00:00:01.595959   DTES64 - DS Area 64-bit Layout                          = 0 (0)
00:00:01.595960   MONITOR - MONITOR/MWAIT instructions                    = 0 (0)
00:00:01.595961   CPL-DS - CPL Qualified Debug Store                      = 0 (0)
00:00:01.595962   VMX - Virtual Machine Extensions                        = 0 (0)
00:00:01.595963   SMX - Safer Mode Extensions                             = 0 (0)
00:00:01.595965   EST - Enhanced SpeedStep Technology                     = 0 (0)
00:00:01.595965   TM2 - Terminal Monitor 2                                = 0 (0)
00:00:01.595967   SSSE3 - Supplemental Streaming SIMD Extensions 3        = 1 (1)
00:00:01.595968   CNTX-ID - L1 Context ID                                 = 0 (0)
00:00:01.595969   SDBG - Silicon Debug interface                          = 0 (0)
00:00:01.595970   FMA - Fused Multiply Add extensions                     = 1 (1)
00:00:01.595971   CX16 - CMPXCHG16B instruction                           = 1 (1)
00:00:01.595972   TPRUPDATE - xTPR Update Control                         = 0 (0)
00:00:01.595973   PDCM - Perf/Debug Capability MSR                        = 0 (0)
00:00:01.595974   PCID - Process Context Identifiers                      = 0 (0)
00:00:01.595975   DCA - Direct Cache Access                               = 0 (0)
00:00:01.595976   SSE4_1 - SSE4_1 support                                 = 1 (1)
00:00:01.595977   SSE4_2 - SSE4_2 support                                 = 1 (1)
00:00:01.595979   X2APIC - x2APIC support                                 = 0 (0)
00:00:01.595980   MOVBE - MOVBE instruction                               = 1 (1)
00:00:01.595981   POPCNT - POPCNT instruction                             = 1 (1)
00:00:01.595982   TSCDEADL - Time Stamp Counter Deadline                  = 0 (0)
00:00:01.595983   AES - AES instructions                                  = 1 (1)
00:00:01.595984   XSAVE - XSAVE instruction                               = 1 (1)
00:00:01.595985   OSXSAVE - OSXSAVE instruction                           = 0 (1)
00:00:01.595986   AVX - AVX support                                       = 1 (1)
00:00:01.595988   F16C - 16-bit floating point conversion instructions    = 1 (1)
00:00:01.595989   RDRAND - RDRAND instruction                             = 1 (1)
00:00:01.595990   HVP - Hypervisor Present (we're a guest)                = 0 (1)
00:00:01.595991 Structured Extended Feature Flags Enumeration (leaf 7):
00:00:01.595991 Sub-leaf 0
00:00:01.595991   Mnemonic - Description                                  = Guest (Host)
00:00:01.595993   FSGSBASE - RDFSBASE/RDGSBASE/WRFSBASE/WRGSBASE instr.   = 1 (1)
00:00:01.595994   TSCADJUST - Supports MSR_IA32_TSC_ADJUST                = 0 (0)
00:00:01.595995   SGX - Supports Software Guard Extensions                = 0 (0)
00:00:01.595996   BMI1 - Advanced Bit Manipulation extension 1            = 1 (1)
00:00:01.595997   HLE - Hardware Lock Elision                             = 0 (0)
00:00:01.595998   AVX2 - Advanced Vector Extensions 2                     = 1 (1)
00:00:01.596000   FDP_EXCPTN_ONLY - FPU DP only updated on exceptions     = 0 (0)
00:00:01.596001   SMEP - Supervisor Mode Execution Prevention             = 0 (1)
00:00:01.596002   BMI2 - Advanced Bit Manipulation extension 2            = 1 (1)
00:00:01.596003   ERMS - Enhanced REP MOVSB/STOSB instructions            = 0 (0)
00:00:01.596004   INVPCID - INVPCID instruction                           = 0 (0)
00:00:01.596005   RTM - Restricted Transactional Memory                   = 0 (0)
00:00:01.596006   PQM - Platform Quality of Service Monitoring            = 0 (0)
00:00:01.596007   DEPFPU_CS_DS - Deprecates FPU CS, FPU DS values if set  = 0 (0)
00:00:01.596008   MPE - Intel Memory Protection Extensions                = 0 (0)
00:00:01.596009   PQE - Platform Quality of Service Enforcement           = 0 (0)
00:00:01.596010   AVX512F - AVX512 Foundation instructions                = 0 (0)
00:00:01.596011   AVX512DQ - Supports the AVX512DQ instructions           = 0 (0)
00:00:01.596012   RDSEED - RDSEED instruction                             = 1 (1)
00:00:01.596013   ADX - ADCX/ADOX instructions                            = 1 (1)
00:00:01.596014   SMAP - Supervisor Mode Access Prevention                = 0 (1)
00:00:01.596015   AVX512_IFMA - Supports the AVX512_IFMA instructions     = 0 (0)
00:00:01.596016   CLFLUSHOPT - CLFLUSHOPT (Cache Line Flush) instruction  = 1 (1)
00:00:01.596016   CLWB - CLWB instruction                                 = 0 (0)
00:00:01.596018   INTEL_PT - Intel Processor Trace                        = 0 (0)
00:00:01.596019   AVX512PF - AVX512 Prefetch instructions                 = 0 (0)
00:00:01.596020   AVX512ER - AVX512 Exponential & Reciprocal instructions = 0 (0)
00:00:01.596020   AVX512CD - AVX512 Conflict Detection instructions       = 0 (0)
00:00:01.596021   SHA - Secure Hash Algorithm extensions                  = 1 (1)
00:00:01.596022   AVX512BW - Supports the AVX512BW instructions           = 0 (0)
00:00:01.596023   AVX512VL - Supports the AVX512VL instructions           = 0 (0)
00:00:01.596024   PREFETCHWT1 - PREFETCHWT1 instruction                   = 0 (0)
00:00:01.596025   AVX512_VBMI - Supports the AVX512_VBMI instructions     = 0 (0)
00:00:01.596026   UMIP - User mode insturction prevention                 = 0 (0)
00:00:01.596027   PKU - Protection Key for Usermode pages                 = 0 (0)
00:00:01.596028   OSPKE - CR4.PKU mirror                                  = 0 (0)
00:00:01.596029   WAITPKG - TPAUSE, UMONITOR & UMWAIT support             = 0 (0)
00:00:01.596030   AVX512_VBMI2 - Supports the AVX512_VBMI2 instructions   = 0 (0)
00:00:01.596031   CET_SS - CET shadow stack support                       = 0 (0)
00:00:01.596032   GFNI - Supports the GFNI instruction set                = 0 (0)
00:00:01.596033   VAES - Supports the VEX encoded AES instruction set     = 0 (0)
00:00:01.596033   VPCLMULQDQ - Supports the VPCLMULQDQ instruction        = 0 (0)
00:00:01.596034   AVX512_VNNI - Supports the AVX512_VNNI instructions     = 0 (0)
00:00:01.596035   AVX512_BITALG - Supports the AVX512_BITALG instructions = 0 (0)
00:00:01.596036   TME_EN - Supports 4 IA32_TME_ MSRs                      = 0 (0)
00:00:01.596037   AVX512_VPOPCNTDQ - Supports the AVX512_VPOPCNTDQ instructions = 0 (0)
00:00:01.596038   LA57 - 57-bit linear addresses                          = 0 (0)
00:00:01.596039   MAWAU - Value used by BNDLDX & BNDSTX                   = 0x0 (0x0)
00:00:01.596040   RDPID - Read processor ID support                       = 0 (0)
00:00:01.596041   KEY_LOCKER - Supports Key Locker                        = 0 (0)
00:00:01.596042   BUS_LOCK_DETECT - Supports OS bus-lock detection        = 0 (0)
00:00:01.596043   CLDEMOTE - Supports cache line demote                   = 0 (0)
00:00:01.596044   MOVDIRI - Supports the MOVDIRI instruction              = 0 (0)
00:00:01.596045   MOVDIRI64B - Supports the MOVDIRI64B instruction        = 0 (0)
00:00:01.596046   ENQCMD - Supports the Eqnqueue Stores                   = 0 (0)
00:00:01.596047   SGX_LC - Supports SGX Launch Configuration              = 0 (0)
00:00:01.596048   PKS - Supports protection keys for supervisor pages     = 0 (0)
00:00:01.596049  Sub-leaf 2
00:00:01.596049   Mnemonic - Description                                  = Guest (Host)
00:00:01.596051   PSFD - Supports IA32_SPEC_CTRL[7] (PSFD)                = 0 (0)
00:00:01.596053   IPRED_CTRL - Supports IA32_SPEC_CTRL[4:3] (IPRED_DIS)   = 0 (0)
00:00:01.596053   RRSBA_CTRL - Supports IA32_SPEC_CTRL[6:5] (RRSBA_DIS)   = 0 (0)
00:00:01.596054   DDPD_U - Supports IA32_SPEC_CTRL[8] (DDPD_U)            = 0 (0)
00:00:01.596055   BHI_CTRL - Supports IA32_SPEC_CTRL[10] (BHI_DIS_S)      = 0 (0)
00:00:01.596056   MCDT_NO - No MXCSR Config Dependent Timing issues       = 0 (0)
00:00:01.596057   UC_LOCK_DIS - Supports UC-lock disable and causing #AC  = 0 (0)
00:00:01.596058   MONITOR_MITG_NO - No MONITOR/UMONITOR power issues      = 0 (0)
00:00:01.596059 Processor Extended State Enumeration (leaf 0xd):
00:00:01.596059    XSAVE area cur/max size by XCR0, Guest: 0x340/0x340
00:00:01.596060    XSAVE area cur/max size by XCR0,  Host: 0x340/0x340
00:00:01.596061                    Valid XCR0 bits, Guest: 0x00000000`00000007 ( x87 SSE YMM_Hi128 )
00:00:01.596063                    Valid XCR0 bits,  Host: 0x00000000`00000007 ( x87 SSE YMM_Hi128 )
00:00:01.596065                     XSAVE features, Guest
00:00:01.596066                     XSAVE features,  Host XSAVEOPT XSAVEC XGETBC1 XSAVES
00:00:01.596068       XSAVE area cur size XCR0|XSS, Guest: 0x340
00:00:01.596069       XSAVE area cur size XCR0|XSS,  Host: 0x340
00:00:01.596069                Valid IA32_XSS bits, Guest: 0x00000000`00000000
00:00:01.596070                Valid IA32_XSS bits,  Host: 0x00000000`00000000
00:00:01.596071   State #2, Guest: off=0x0240, cb=0x0100 IA32_XSS-bit -- YMM_Hi128
00:00:01.596073   State #2,  Host:  off=0x0240, cb=0x0100 IA32_XSS-bit -- YMM_Hi128
00:00:01.596080          Raw Hypervisor CPUID Leaves
00:00:01.596081      Leaf/sub-leaf  eax      ebx      ecx      edx
00:00:01.596081 Hst: 40000000/0000  4000000c 7263694d 666f736f 76482074
00:00:01.596082 Hst: 40000001/0000  31237648 00000000 00000000 00000000
00:00:01.596083 Hst: 40000002/0000  00004a61 000a0000 00000007 00001b92
00:00:01.596084 Hst: 40000003/0000  0000bfff 002bb9ff 00000002 11fffbf2
00:00:01.596085 Hst: 40000004/0000  00042d1c 00000000 00000000 00000000
00:00:01.596086 Hst: 40000005/0000  00000400 00000400 00000c90 00000000
00:00:01.596087 Hst: 40000006/0000  000200ae 00000000 00000000 00000000
00:00:01.596088 Hst: 40000007/0000  80000007 00000003 00000000 00000000
00:00:01.596089 Hst: 40000008/0000  00100001 00000001 0000cccc 00000000
00:00:01.596090 Hst: 40000009/0000  00000000 00000000 00000000 00000000
00:00:01.596091 Hst: 4000000a/0000  00000000 00000000 00000000 00000000
00:00:01.596092 Hst: 4000000b/0000  00000000 00000000 00000000 00000000
00:00:01.596092 Hst: 4000000c/0000  00000000 00000000 00000000 00000000
00:00:01.596094          Raw Extended CPUID Leaves
00:00:01.596094      Leaf/sub-leaf  eax      ebx      ecx      edx
00:00:01.596094 Gst: 80000000/0000  8000001f 68747541 444d4163 69746e65
00:00:01.596095 Hst:                8000001f 68747541 444d4163 69746e65
00:00:01.596096 Gst: 80000001/0000  00800f82 20000000 000001f1 0bc3fb3f
00:00:01.596097 Hst:                00800f82 20000000 004023f3 2fd3fbff
00:00:01.596098 Gst: 80000002/0000  20444d41 657a7952 2037206e 30303732
00:00:01.596099 Hst:                20444d41 657a7952 2037206e 30303732
00:00:01.596100 Gst: 80000003/0000  69452058 2d746867 65726f43 6f725020
00:00:01.596101 Hst:                69452058 2d746867 65726f43 6f725020
00:00:01.596102 Gst: 80000004/0000  73736563 2020726f 20202020 00202020
00:00:01.596103 Hst:                73736563 2020726f 20202020 00202020
00:00:01.596104 Gst: 80000005/0000  ff40ff40 ff40ff40 20080140 40040140
00:00:01.596105 Hst:                ff40ff40 ff40ff40 20080140 40040140
00:00:01.596106 Gst: 80000006/0000  26006400 66006400 02006140 00808140
00:00:01.596107 Hst:                26006400 66006400 02006140 00808140
00:00:01.596108 Gst: 80000007/0000  00000000 00000000 00000000 00000100
00:00:01.596109 Hst:                00000000 0000001b 00000000 00004789
00:00:01.596110 Gst: 80000008/0000  00003030 04000000 00000000 00000000
00:00:01.596111 Hst:                00003030 02000005 0000400f 00000000
00:00:01.596112 Gst: 80000009/0000  00000000 00000000 00000000 00000000
00:00:01.596113 Hst:                00000000 00000000 00000000 00000000
00:00:01.596114 Gst: 8000000a/0000  00000000 00000000 00000000 00000000
00:00:01.596114 Hst:                00000000 00000000 00000000 00000000
00:00:01.596115 Gst: 8000000b/0000  00000000 00000000 00000000 00000000
00:00:01.596116 Hst:                00000000 00000000 00000000 00000000
00:00:01.596117 Gst: 8000000c/0000  00000000 00000000 00000000 00000000
00:00:01.596118 Hst:                00000000 00000000 00000000 00000000
00:00:01.596118 Gst: 8000000d/0000  00000000 00000000 00000000 00000000
00:00:01.596119 Hst:                00000000 00000000 00000000 00000000
00:00:01.596120 Gst: 8000000e/0000  00000000 00000000 00000000 00000000
00:00:01.596121 Hst:                00000000 00000000 00000000 00000000
00:00:01.596121 Gst: 8000000f/0000  00000000 00000000 00000000 00000000
00:00:01.596122 Hst:                00000000 00000000 00000000 00000000
00:00:01.596123 Gst: 80000010/0000  00000000 00000000 00000000 00000000
00:00:01.596124 Hst:                00000000 00000000 00000000 00000000
00:00:01.596125 Gst: 80000011/0000  00000000 00000000 00000000 00000000
00:00:01.596125 Hst:                00000000 00000000 00000000 00000000
00:00:01.596126 Gst: 80000012/0000  00000000 00000000 00000000 00000000
00:00:01.596127 Hst:                00000000 00000000 00000000 00000000
00:00:01.596128 Gst: 80000013/0000  00000000 00000000 00000000 00000000
00:00:01.596129 Hst:                00000000 00000000 00000000 00000000
00:00:01.596129 Gst: 80000014/0000  00000000 00000000 00000000 00000000
00:00:01.596130 Hst:                00000000 00000000 00000000 00000000
00:00:01.596131 Gst: 80000015/0000  00000000 00000000 00000000 00000000
00:00:01.596132 Hst:                00000000 00000000 00000000 00000000
00:00:01.596132 Gst: 80000016/0000  00000000 00000000 00000000 00000000
00:00:01.596133 Hst:                00000000 00000000 00000000 00000000
00:00:01.596134 Gst: 80000017/0000  00000000 00000000 00000000 00000000
00:00:01.596135 Hst:                00000000 00000000 00000000 00000000
00:00:01.596136 Gst: 80000018/0000  00000000 00000000 00000000 00000000
00:00:01.596136 Hst:                00000000 00000000 00000000 00000000
00:00:01.596137 Gst: 80000019/0000  00000000 00000000 00000000 00000000
00:00:01.596138 Hst:                00000000 00000000 00000000 00000000
00:00:01.596139 Gst: 8000001a/0000  00000003 00000000 00000000 00000000
00:00:01.596140 Hst:                00000003 00000000 00000000 00000000
00:00:01.596140 Gst: 8000001b/0000  00000000 00000000 00000000 00000000
00:00:01.596141 Hst:                00000000 00000000 00000000 00000000
00:00:01.596142 Gst: 8000001c/0000  00000000 00000000 00000000 00000000
00:00:01.596143 Hst:                00000000 00000000 00000000 00000000
00:00:01.596144 Gst: 8000001d/0000  00000121 01c0003f 0000003f 00000000
00:00:01.596145 Hst:                00004121 01c0003f 0000003f 00000000
00:00:01.596145 Gst: 8000001d/0001  00000122 00c0003f 000000ff 00000000
00:00:01.596146 Hst:                00004122 00c0003f 000000ff 00000000
00:00:01.596147 Gst: 8000001d/0002  00000143 01c0003f 000003ff 00000002
00:00:01.596148 Hst:                00004143 01c0003f 000003ff 00000002
00:00:01.596149 Gst: 8000001d/0003  00000163 03c0003f 00001fff 00000001
00:00:01.596150 Hst:                0001c163 03c0003f 00001fff 00000001
00:00:01.596151 Gst: 8000001d/0004  00000000 00000000 00000000 00000000
00:00:01.596152 Hst:                00000000 00000000 00000000 00000000
00:00:01.596152 Gst: 8000001e/0000  00000000 00000000 00000000 00000000
00:00:01.596153 Hst:                00000000 00000100 00000000 00000000
00:00:01.596154 Gst: 8000001f/0000  00000000 00000000 00000000 00000000
00:00:01.596155 Hst:                00000000 00000000 00000000 00000000
00:00:01.596156 Ext Name:                        AuthenticAMD
00:00:01.596156 Ext Supports:                    0x80000000-0x8000001f
00:00:01.596157 Family:                          15  	Extended: 8 	Effective: 23
00:00:01.596158 Model:                           8  	Extended: 0 	Effective: 8
00:00:01.596158 Stepping:                        2
00:00:01.596159 Brand ID:                        0x000
00:00:01.596159 Ext Features
00:00:01.596160   Mnemonic - Description                                  = Guest (Host)
00:00:01.596161   FPU - x87 FPU on Chip                                   = 1 (1)
00:00:01.596162   VME - Virtual 8086 Mode Enhancements                    = 1 (1)
00:00:01.596163   DE - Debugging extensions                               = 1 (1)
00:00:01.596165   PSE - Page Size Extension                               = 1 (1)
00:00:01.596166   TSC - Time Stamp Counter                                = 1 (1)
00:00:01.596167   MSR - K86 Model Specific Registers                      = 1 (1)
00:00:01.596168   PAE - Physical Address Extension                        = 0 (1)
00:00:01.596169   MCE - Machine Check Exception                           = 0 (1)
00:00:01.596170   CX8 - CMPXCHG8B instruction                             = 1 (1)
00:00:01.596171   APIC - APIC On-Chip                                     = 1 (1)
00:00:01.596172   SEP - SYSCALL/SYSRET                                    = 1 (1)
00:00:01.596173   MTRR - Memory Type Range Registers                      = 1 (1)
00:00:01.596174   PGE - PTE Global Bit                                    = 1 (1)
00:00:01.596176   MCA - Machine Check Architecture                        = 1 (1)
00:00:01.596177   CMOV - Conditional Move instructions                    = 1 (1)
00:00:01.596178   PAT - Page Attribute Table                              = 1 (1)
00:00:01.596179   PSE-36 - 36-bit Page Size Extension                     = 1 (1)
00:00:01.596180   NX - No-Execute/Execute-Disable                         = 0 (1)
00:00:01.596181   AXMMX - AMD Extensions to MMX instructions              = 1 (1)
00:00:01.596182   MMX - Intel MMX Technology                              = 1 (1)
00:00:01.596183   FXSR - FXSAVE and FXRSTOR Instructions                  = 1 (1)
00:00:01.596184   FFXSR - AMD fast FXSAVE and FXRSTOR instructions        = 1 (1)
00:00:01.596185   Page1GB - 1 GB large page                               = 0 (1)
00:00:01.596186   RDTSCP - RDTSCP instruction                             = 1 (1)
00:00:01.596187   LM - AMD64 Long Mode                                    = 0 (1)
00:00:01.596190   3DNOWEXT - AMD Extensions to 3DNow                      = 0 (0)
00:00:01.596191   3DNOW - AMD 3DNow                                       = 0 (0)
00:00:01.596194   LahfSahf - LAHF/SAHF support in 64-bit mode             = 1 (1)
00:00:01.596195   CmpLegacy - Core multi-processing legacy mode           = 0 (1)
00:00:01.596196   SVM - AMD Secure Virtual Machine extensions             = 0 (0)
00:00:01.596197   EXTAPIC - AMD Extended APIC registers                   = 0 (0)
00:00:01.596198   CR8L - AMD LOCK MOV CR0 means MOV CR8                   = 1 (1)
00:00:01.596199   ABM - AMD Advanced Bit Manipulation                     = 1 (1)
00:00:01.596200   SSE4A - SSE4A instructions                              = 1 (1)
00:00:01.596201   MISALIGNSSE - AMD Misaligned SSE mode                   = 1 (1)
00:00:01.596202   3DNOWPRF - AMD PREFETCH and PREFETCHW instructions      = 1 (1)
00:00:01.596203   OSVW - AMD OS Visible Workaround                        = 0 (1)
00:00:01.596204   IBS - Instruct Based Sampling                           = 0 (0)
00:00:01.596205   XOP - Extended Operation support                        = 0 (0)
00:00:01.596206   SKINIT - SKINIT, STGI, and DEV support                  = 0 (0)
00:00:01.596207   WDT - AMD Watchdog Timer support                        = 0 (1)
00:00:01.596208   LWP - Lightweight Profiling support                     = 0 (0)
00:00:01.596209   FMA4 - Four operand FMA instruction support             = 0 (0)
00:00:01.596210   TCE - Translation Cache Extension support               = 0 (0)
00:00:01.596211   NodeId - NodeId in MSR C001_100C                        = 0 (0)
00:00:01.596212   TBM - Trailing Bit Manipulation instructions            = 0 (0)
00:00:01.596213   TOPOEXT - Topology Extensions                           = 0 (1)
00:00:01.596214   PRFEXTCORE - Performance Counter Extensions support     = 0 (0)
00:00:01.596215   PRFEXTNB - NB Performance Counter Extensions support    = 0 (0)
00:00:01.596216   DATABPEXT - Data-access Breakpoint Extension            = 0 (0)
00:00:01.596217   PERFTSC - Performance Time Stamp Counter                = 0 (0)
00:00:01.596218   PCX_L2I - L2I/L3 Performance Counter Extensions         = 0 (0)
00:00:01.596218   MONITORX - MWAITX and MONITORX instructions             = 0 (0)
00:00:01.596219   AddrMaskExt - BP Addressing masking extended to bit 31  = 0 (0)
00:00:01.596220 Full Name:                       "AMD Ryzen 7 2700X Eight-Core Processor         "
00:00:01.596221 TLB 2/4M Instr/Uni:              fully  64 entries
00:00:01.596222 TLB 2/4M Data:                   fully  64 entries
00:00:01.596222 TLB 4K Instr/Uni:                fully  64 entries
00:00:01.596223 TLB 4K Data:                     fully  64 entries
00:00:01.596224 L1 Instr Cache Line Size:        64 bytes
00:00:01.596224 L1 Instr Cache Lines Per Tag:    1
00:00:01.596225 L1 Instr Cache Associativity:    4 way
00:00:01.596225 L1 Instr Cache Size:             64 KB
00:00:01.596226 L1 Data Cache Line Size:         64 bytes
00:00:01.596226 L1 Data Cache Lines Per Tag:     1
00:00:01.596226 L1 Data Cache Associativity:     8 way
00:00:01.596227 L1 Data Cache Size:              32 KB
00:00:01.596227 L2 TLB 2/4M Instr/Uni:           8 way  1024 entries
00:00:01.596228 L2 TLB 2/4M Data:                2 way  1536 entries
00:00:01.596228 L2 TLB 4K Instr/Uni:             8 way  1024 entries
00:00:01.596229 L2 TLB 4K Data:                  8 way  1536 entries
00:00:01.596229 L2 Cache Line Size:              64 bytes
00:00:01.596230 L2 Cache Lines Per Tag:          1
00:00:01.596230 L2 Cache Associativity:          8 way 
00:00:01.596230 L2 Cache Size:                   512 KB
00:00:01.596233 L3 Cache Line Size:              64 bytes
00:00:01.596233 L3 Cache Lines Per Tag:          1
00:00:01.596234 L3 Cache Associativity:          16 way
00:00:01.596234 L3 Cache Size:                   16384 KB
00:00:01.596235 APM Features EDX
00:00:01.596235   Mnemonic - Description                                  = Guest (Host)
00:00:01.596238   TS - Temperature Sensor                                 = 0 (1)
00:00:01.596239   FID - Frequency ID control                              = 0 (0)
00:00:01.596240   VID - Voltage ID control                                = 0 (0)
00:00:01.596242   TTP - Thermal Trip                                      = 0 (1)
00:00:01.596244   TM - Hardware Thermal Control (HTC)                     = 0 (0)
00:00:01.596245   100MHzSteps - 100 MHz Multiplier control                = 0 (0)
00:00:01.596246   HwPstate - Hardware P-state control                     = 0 (1)
00:00:01.596247   TscInvariant - Invariant Time Stamp Counter             = 1 (1)
00:00:01.596248   CPB - Core Performance Boost                            = 0 (1)
00:00:01.596249   EffFreqRO - Read-only Effective Frequency Interface     = 0 (1)
00:00:01.596250   ProcFdbkIf - Processor Feedback Interface               = 0 (0)
00:00:01.596251   ProcPwrRep - Core power reporting interface support     = 0 (0)
00:00:01.596252   ConnectedStandby - Connected Standby                    = 0 (0)
00:00:01.596253   RAPL - Running average power limit                      = 0 (1)
00:00:01.596254 Ext Features ext IDs EBX
00:00:01.596254   Mnemonic - Description                                  = Guest (Host)
00:00:01.596256   CLZERO - Clear zero instruction (cacheline)             = 0 (1)
00:00:01.596257   IRPerf - Instructions retired count support             = 0 (0)
00:00:01.596258   XSaveErPtr - Save/restore error pointers (FXSAVE/RSTOR) = 0 (1)
00:00:01.596258   INVLPGB - INVLPGB and TLBSYNC instructions              = 0 (0)
00:00:01.596259   RDPRU - RDPRU instruction                               = 0 (0)
00:00:01.596261   BE - Bandwidth Enforcement extension                    = 0 (0)
00:00:01.596262   MCOMMIT - MCOMMIT instruction                           = 0 (0)
00:00:01.596263   WBNOINVD - WBNOINVD instruction                         = 0 (0)
00:00:01.596264   IBPB - Supports the IBPB command in IA32_PRED_CMD       = 0 (0)
00:00:01.596265   INT_WBINVD - WBINVD/WBNOINVD interruptible              = 0 (0)
00:00:01.596265   IBRS - Indirect Branch Restricted Speculation           = 0 (0)
00:00:01.596266   STIBP - Single Thread Indirect Branch Prediction        = 0 (0)
00:00:01.596267   IbrsAlwaysOn - Processor prefers that IBRS be left on   = 0 (0)
00:00:01.596268   StibpAlwaysOn - Processor prefers that STIBP be left on = 0 (0)
00:00:01.596269   IbrsPreferred - IBRS preferred over software solution   = 0 (0)
00:00:01.596270   IbrsSameMode - IBRS limits same mode speculation        = 0 (0)
00:00:01.596271   EferLmsleUnsupported - EFER.LMSLE is unsupported        = 0 (0)
00:00:01.596271   INVLPGBnestedPages - INVLPGB for nested translation     = 0 (0)
00:00:01.596272   PPIN - Protected processor inventory number             = 0 (0)
00:00:01.596273   SSBD - Speculative Store Bypass Disable                 = 0 (0)
00:00:01.596274   SsbdVirtSpecCtrl - Use VIRT_SPEC_CTL for SSBD           = 0 (1)
00:00:01.596275   SsbdNotRequired - SSBD not needed on this processor     = 1 (0)
00:00:01.596276   CPPC - Collaborative Processor Performance Control      = 0 (0)
00:00:01.596277   PSFD - Predictive Store Forward Disable                 = 0 (0)
00:00:01.596278   BTC_NO - Unaffected by branch type confusion            = 0 (0)
00:00:01.596278   IBPB_RET - Clears RA predictor when PRED_CMD.IBPB set   = 0 (0)
00:00:01.596279 Physical Address Width:          48 bits
00:00:01.596280 Virtual Address Width:           48 bits
00:00:01.596280 Guest Physical Address Width:    48 bits (0)
00:00:01.596281 Physical Core Count:             1
00:00:01.596281 APIC ID size:                    1 (0x1)
00:00:01.596282 Performance TSC size:            40 bits
00:00:01.596282 Max page count for INVLPGB:      0x3030
00:00:01.596283 Max ECX for RDPRU:               0x0
00:00:01.596284 ********************* End of CPUID dump *********************
00:00:01.596342 VMEmt: Halt method global1 (5)
00:00:01.596440 VMEmt: HaltedGlobal1 config: cNsSpinBlockThresholdCfg=50000
00:00:01.596454 Changing the VM state from 'CREATING' to 'CREATED'
00:00:01.597571 NAT: DNS settings changed, triggering update
00:00:01.597582 NAT DNS Update: Stored 1263225675 as nameserver #0
00:00:01.597586 NAT DNS Update: Stored 1280068427 as nameserver #1
00:00:01.597589 NAT DNS Update: Stored 2 total nameservers
00:00:01.597905 Changing the VM state from 'CREATED' to 'POWERING_ON'
00:00:01.597969 Changing the VM state from 'POWERING_ON' to 'RUNNING'
00:00:01.597982 Console: Machine state changed to 'Running'
00:00:01.599923 VMMDev: Guest Log: BIOS: VirtualBox 7.2.6
00:00:01.600163 PCI: Setting up resources and interrupts
00:00:01.600340 PIT: mode=2 count=0x10000 (65536) - 18.20 Hz (ch=0)
00:00:01.621484 Display::i_handleDisplayResize: uScreenId=0 pvVRAM=0000000000000000 w=720 h=400 bpp=0 cbLine=0x0 flags=0x0 origin=0,0
00:00:01.622056 VMMDev: Guest Log: CPUID EDX: 0x178bfbbf
00:00:01.622966 VMMDev: Guest Log: BIOS: No PCI IDE controller, not probing IDE
00:00:01.658844 PIT: mode=2 count=0x48d3 (18643) - 64.00 Hz (ch=0)
00:00:01.663138 Display::i_handleDisplayResize: uScreenId=0 pvVRAM=000001f0dd420000 w=640 h=480 bpp=32 cbLine=0xA00 flags=0x0 origin=0,0
00:00:02.057042 VBoxHeadless: starting event loop
00:00:04.129867 Display::i_handleDisplayResize: uScreenId=0 pvVRAM=0000000000000000 w=720 h=400 bpp=0 cbLine=0x0 flags=0x0 origin=0,0
00:00:04.133454 PIT: mode=2 count=0x10000 (65536) - 18.20 Hz (ch=0)
00:00:04.133657 VMMDev: Guest Log: BIOS: Boot : bseqnr=1, bootseq=0001
00:00:04.154806 VMMDev: Guest Log: BIOS: Booting from Floppy...
00:00:04.178853 WasAPI: Looking up or creating cache entry (caching is set to enabled, iface 000001f0d77692c0, async init)
00:00:04.178853 Audio: Warning: Scheduling hint of stream '[WasAPI] Output:0' is bigger (1000ms) than used period size (0ms)
00:00:04.179202 Audio Mixer: Setting sink 'SB16 Mixer/PCM Output' -- channel volumes: ba ba ba ba ba ba ba ba ba ba ba ba
00:00:04.192712 Display::i_handleDisplayResize: uScreenId=0 pvVRAM=000001f0dd420000 w=640 h=400 bpp=0 cbLine=0x140 flags=0x0 origin=0,0
