00:00:00.381784 VirtualBox VM 7.2.6 r172322 win.amd64 (Jan 15 2026 18:08:50) release log
00:00:00.381787 Log opened 2026-04-24T15:42:36.002634600Z
00:00:00.381788 Build Type: release
00:00:00.381790 OS Product: Windows 10
00:00:00.382083 OS Release: 10.0.19045.7184
00:00:00.382088 OS Service Pack: 
00:00:00.451148 DMI Product Name: System Product Name
00:00:00.454882 DMI Product Version: System Version
00:00:00.454900 Firmware type: UEFI
00:00:00.455380 Secure Boot: Enabled
00:00:00.455389 Host RAM: 32692MB (31.9GB) total, 19996MB (19.5GB) available
00:00:00.455393 Executable: C:\Program Files\Oracle\VirtualBox\VBoxHeadless.exe
00:00:00.455394 Process ID: 52472
00:00:00.455394 Package type: WINDOWS_64BITS_GENERIC
00:00:00.455395 Windows Features:
00:00:00.455395   Core Isolation (Memory Integrity): DISABLED
00:00:00.456438 Installed Extension Packs:
00:00:00.456455   None installed!
00:00:00.457082 Console: Machine state changed to 'Starting'
00:00:00.522526 SUP: seg #0: R   0x00000000 LB 0x00001000
00:00:00.522543 SUP: seg #1: R X 0x00001000 LB 0x00204000
00:00:00.522547 SUP: seg #2: R   0x00205000 LB 0x00053000
00:00:00.522551 SUP: seg #3: RW  0x00258000 LB 0x00013000
00:00:00.522554 SUP: seg #4: R   0x0026b000 LB 0x00013000
00:00:00.522558 SUP: seg #5: RW  0x0027e000 LB 0x00004000
00:00:00.522561 SUP: seg #6: R   0x00282000 LB 0x00007000
00:00:00.522564 SUP: seg #7: R X 0x00289000 LB 0x00002000
00:00:00.522567 SUP: seg #8: R   0x0028b000 LB 0x00007000
00:00:00.526351 SUP: Loaded VMMR0.r0 (C:\Program Files\Oracle\VirtualBox/VMMR0.r0) at 0xXXXXXXXXXXXXXXXX - ModuleInit at XXXXXXXXXXXXXXXX and ModuleTerm at XXXXXXXXXXXXXXXX using the native ring-0 loader
00:00:00.526351 SUP: VMMR0EntryEx located at XXXXXXXXXXXXXXXX and VMMR0EntryFast at XXXXXXXXXXXXXXXX
00:00:00.526351 SUP: windbg> .reload /f C:\Program Files\Oracle\VirtualBox/VMMR0.r0=0xXXXXXXXXXXXXXXXX
00:00:00.530383 Guest architecture: x86
00:00:00.530447 Guest OS type: 'Other'
00:00:00.531072 fHMForced=true - No raw-mode support in this build!
00:00:00.531084 Using execution engine 1
00:00:00.533460 File system of 'C:\Users\RhythmicCarnage\Desktop\CyberStorm\deploy\virtualbox\CyberStorm.vdi' is ntfs
00:00:00.634116 Shared Clipboard: Initialized OLE
00:00:00.634204 Shared Clipboard: Service loaded
00:00:00.634216 Shared Clipboard: Mode: Off
00:00:00.634273 Shared Clipboard: Service running in headless mode
00:00:00.654375 Drag and drop service loaded
00:00:00.654390 Drag and drop mode: Off
00:00:00.655349 Audio: Detected default audio driver type is 'HostAudioWas'
00:00:00.749738 ************************* CFGM dump *************************
00:00:00.749747 [/] (level 0)
00:00:00.749749   CpuExecutionCap   <integer> = 0x0000000000000064 (100)
00:00:00.749751   EnablePAE         <integer> = 0x0000000000000000 (0)
00:00:00.749752   HMEnabled         <integer> = 0x0000000000000001 (1)
00:00:00.749753   MemBalloonSize    <integer> = 0x0000000000000000 (0, 0 B)
00:00:00.749757   Name              <string>  = "CyberStorm" (cb=11)
00:00:00.749758   NumCPUs           <integer> = 0x0000000000000001 (1)
00:00:00.749759   PageFusionAllowed <integer> = 0x0000000000000000 (0)
00:00:00.749760   RamHoleSize       <integer> = 0x0000000020000000 (536 870 912, 512.0 MiB)
00:00:00.749761   RamSize           <integer> = 0x0000000004000000 (67 108 864, 64.0 MiB)
00:00:00.749762   TimerMillies      <integer> = 0x000000000000000a (10)
00:00:00.749763   UUID              <bytes>   = "d7 82 3e e0 e6 c0 9c 47 a7 0c ae 92 ac ed bd 20" (cb=16)
00:00:00.749766 
00:00:00.749766 [/CPUM/] (level 1)
00:00:00.749767   Enable64bit        <integer> = 0x0000000000000000 (0)
00:00:00.749768   GuestCpuName       <string>  = "host" (cb=5)
00:00:00.749769   NestedHWVirt       <integer> = 0x0000000000000000 (0)
00:00:00.749770   PortableCpuIdLevel <integer> = 0x0000000000000000 (0)
00:00:00.749770   SpecCtrl           <integer> = 0x0000000000000000 (0)
00:00:00.749771 
00:00:00.749771 [/CPUM/IsaExts/] (level 2)
00:00:00.749772 
00:00:00.749773 [/DBGC/] (level 1)
00:00:00.749773   GlobalInitScript <string>  = "C:\Users\RhythmicCarnage\.VirtualBox/dbgc-init" (cb=47)
00:00:00.749774   HistoryFile      <string>  = "C:\Users\RhythmicCarnage\.VirtualBox/dbgc-history" (cb=50)
00:00:00.749775   LocalInitScript  <string>  = "C:\Users\RhythmicCarnage\Desktop\CyberStorm\deploy\virtualbox\CyberStorm/dbgc-init" (cb=83)
00:00:00.749775 
00:00:00.749775 [/DBGF/] (level 1)
00:00:00.749776   Path <string>  = "C:\Users\RhythmicCarnage\Desktop\CyberStorm\deploy\virtualbox\CyberStorm/debug/;C:\Users\RhythmicCarnage\Desktop\CyberStorm\deploy\virtualbox\CyberStorm/;cache*C:\Users\RhythmicCarnage\Desktop\CyberStorm\deploy\virtualbox\CyberStorm/dbgcache/;C:\Users\RhythmicCarnage\" (cb=269)
00:00:00.749777 
00:00:00.749777 [/Devices/] (level 1)
00:00:00.749778 
00:00:00.749778 [/Devices/3c501/] (level 2)
00:00:00.749779 
00:00:00.749779 [/Devices/8237A/] (level 2)
00:00:00.749780 
00:00:00.749780 [/Devices/8237A/0/] (level 3)
00:00:00.749781   Trusted <integer> = 0x0000000000000001 (1)
00:00:00.749782 
00:00:00.749782 [/Devices/VMMDev/] (level 2)
00:00:00.749783 
00:00:00.749783 [/Devices/VMMDev/0/] (level 3)
00:00:00.749784   PCIBusNo      <integer> = 0x0000000000000000 (0)
00:00:00.749785   PCIDeviceNo   <integer> = 0x0000000000000004 (4)
00:00:00.749786   PCIFunctionNo <integer> = 0x0000000000000000 (0)
00:00:00.749786   Trusted       <integer> = 0x0000000000000001 (1)
00:00:00.749787 
00:00:00.749787 [/Devices/VMMDev/0/Config/] (level 4)
00:00:00.749788   GuestCoreDumpDir <string>  = "C:\Users\RhythmicCarnage\Desktop\CyberStorm\deploy\virtualbox\CyberStorm\Snapshots" (cb=83)
00:00:00.749789 
00:00:00.749789 [/Devices/VMMDev/0/LUN#0/] (level 4)
00:00:00.749790   Driver <string>  = "HGCM" (cb=5)
00:00:00.749791 
00:00:00.749791 [/Devices/VMMDev/0/LUN#0/Config/] (level 5)
00:00:00.749792 
00:00:00.749792 [/Devices/VMMDev/0/LUN#999/] (level 4)
00:00:00.749793   Driver <string>  = "MainStatus" (cb=11)
00:00:00.749794 
00:00:00.749794 [/Devices/VMMDev/0/LUN#999/Config/] (level 5)
00:00:00.749795   First                <integer> = 0x0000000000000000 (0)
00:00:00.749796   HasMediumAttachments <integer> = 0x0000000000000000 (0)
00:00:00.749797   Last                 <integer> = 0x0000000000000000 (0)
00:00:00.749797   iLedSet              <integer> = 0x0000000000000003 (3)
00:00:00.749798 
00:00:00.749798 [/Devices/acpi/] (level 2)
00:00:00.749799 
00:00:00.749799 [/Devices/acpi/0/] (level 3)
00:00:00.749801   PCIBusNo      <integer> = 0x0000000000000000 (0)
00:00:00.749801   PCIDeviceNo   <integer> = 0x0000000000000007 (7)
00:00:00.749802   PCIFunctionNo <integer> = 0x0000000000000000 (0)
00:00:00.749802   Trusted       <integer> = 0x0000000000000001 (1)
00:00:00.749803 
00:00:00.749803 [/Devices/acpi/0/Config/] (level 4)
00:00:00.749805   CpuHotPlug          <integer> = 0x0000000000000000 (0)
00:00:00.749807   FdcEnabled          <integer> = 0x0000000000000000 (0)
00:00:00.749808   HostBusPciAddress   <integer> = 0x0000000000000000 (0)
00:00:00.749808   HpetEnabled         <integer> = 0x0000000000000000 (0)
00:00:00.749809   IOAPIC              <integer> = 0x0000000000000000 (0)
00:00:00.749810   IocPciAddress       <integer> = 0x0000000000010000 (65 536)
00:00:00.749811   NumCPUs             <integer> = 0x0000000000000001 (1)
00:00:00.749812   Parallel0IoPortBase <integer> = 0x0000000000000000 (0)
00:00:00.749812   Parallel0Irq        <integer> = 0x0000000000000000 (0)
00:00:00.749813   Parallel1IoPortBase <integer> = 0x0000000000000000 (0)
00:00:00.749814   Parallel1Irq        <integer> = 0x0000000000000000 (0)
00:00:00.749814   Serial0IoPortBase   <integer> = 0x0000000000000000 (0)
00:00:00.749815   Serial0Irq          <integer> = 0x0000000000000000 (0)
00:00:00.749816   Serial1IoPortBase   <integer> = 0x0000000000000000 (0)
00:00:00.749816   Serial1Irq          <integer> = 0x0000000000000000 (0)
00:00:00.749817   ShowCpu             <integer> = 0x0000000000000000 (0)
00:00:00.749818   ShowRtc             <integer> = 0x0000000000000000 (0)
00:00:00.749818   SmcEnabled          <integer> = 0x0000000000000000 (0)
00:00:00.749819 
00:00:00.749819 [/Devices/acpi/0/LUN#0/] (level 4)
00:00:00.749820   Driver <string>  = "ACPIHost" (cb=9)
00:00:00.749821 
00:00:00.749821 [/Devices/acpi/0/LUN#0/Config/] (level 5)
00:00:00.749822 
00:00:00.749823 [/Devices/apic/] (level 2)
00:00:00.749823 
00:00:00.749824 [/Devices/apic/0/] (level 3)
00:00:00.749824   Trusted <integer> = 0x0000000000000001 (1)
00:00:00.749825 
00:00:00.749825 [/Devices/apic/0/Config/] (level 4)
00:00:00.749826   IOAPIC  <integer> = 0x0000000000000000 (0)
00:00:00.749827   Mode    <integer> = 0x0000000000000002 (2)
00:00:00.749827   NumCPUs <integer> = 0x0000000000000001 (1)
00:00:00.749828 
00:00:00.749828 [/Devices/dp8390/] (level 2)
00:00:00.749829 
00:00:00.749829 [/Devices/e1000/] (level 2)
00:00:00.749830 
00:00:00.749830 [/Devices/i8254/] (level 2)
00:00:00.749831 
00:00:00.749831 [/Devices/i8254/0/] (level 3)
00:00:00.749832 
00:00:00.749832 [/Devices/i8254/0/Config/] (level 4)
00:00:00.749833 
00:00:00.749833 [/Devices/i8259/] (level 2)
00:00:00.749834 
00:00:00.749834 [/Devices/i8259/0/] (level 3)
00:00:00.749835   Trusted <integer> = 0x0000000000000001 (1)
00:00:00.749836 
00:00:00.749836 [/Devices/i8259/0/Config/] (level 4)
00:00:00.749837 
00:00:00.749837 [/Devices/mc146818/] (level 2)
00:00:00.749838 
00:00:00.749838 [/Devices/mc146818/0/] (level 3)
00:00:00.749839 
00:00:00.749839 [/Devices/mc146818/0/Config/] (level 4)
00:00:00.749840   UseUTC <integer> = 0x0000000000000000 (0)
00:00:00.749841 
00:00:00.749841 [/Devices/parallel/] (level 2)
00:00:00.749842 
00:00:00.749842 [/Devices/pcarch/] (level 2)
00:00:00.749842 
00:00:00.749843 [/Devices/pcarch/0/] (level 3)
00:00:00.749843   Trusted <integer> = 0x0000000000000001 (1)
00:00:00.749844 
00:00:00.749844 [/Devices/pcarch/0/Config/] (level 4)
00:00:00.749845 
00:00:00.749845 [/Devices/pcbios/] (level 2)
00:00:00.749846 
00:00:00.749846 [/Devices/pcbios/0/] (level 3)
00:00:00.749847   Trusted <integer> = 0x0000000000000001 (1)
00:00:00.749848 
00:00:00.749848 [/Devices/pcbios/0/Config/] (level 4)
00:00:00.749849   APIC            <integer> = 0x0000000000000001 (1)
00:00:00.749850   BootDevice0     <string>  = "IDE" (cb=4)
00:00:00.749851   BootDevice1     <string>  = "NONE" (cb=5)
00:00:00.749851   BootDevice2     <string>  = "NONE" (cb=5)
00:00:00.749852   BootDevice3     <string>  = "NONE" (cb=5)
00:00:00.749852   DmiSystemSerial <string>  = "VirtualBox-<DmiSystemUuid>" (cb=27)
00:00:00.749853   FloppyDevice    <string>  = "i82078" (cb=7)
00:00:00.749853   HardDiskDevice  <string>  = "piix3ide" (cb=9)
00:00:00.749854   IOAPIC          <integer> = 0x0000000000000000 (0)
00:00:00.749855   McfgBase        <integer> = 0x0000000000000000 (0)
00:00:00.749856   McfgLength      <integer> = 0x0000000000000000 (0)
00:00:00.749857   NumCPUs         <integer> = 0x0000000000000001 (1)
00:00:00.749858   PXEDebug        <integer> = 0x0000000000000000 (0)
00:00:00.749858   UUID            <bytes>   = "d7 82 3e e0 e6 c0 9c 47 a7 0c ae 92 ac ed bd 20" (cb=16)
00:00:00.749861   UuidLe          <integer> = 0x0000000000000001 (1)
00:00:00.749861 
00:00:00.749862 [/Devices/pcbios/0/Config/NetBoot/] (level 5)
00:00:00.749863 
00:00:00.749863 [/Devices/pcbios/0/Config/NetBoot/0/] (level 6)
00:00:00.749864   NIC           <integer> = 0x0000000000000000 (0)
00:00:00.749865   PCIBusNo      <integer> = 0x0000000000000000 (0)
00:00:00.749866   PCIDeviceNo   <integer> = 0x0000000000000003 (3)
00:00:00.749866   PCIFunctionNo <integer> = 0x0000000000000000 (0)
00:00:00.749867 
00:00:00.749867 [/Devices/pci/] (level 2)
00:00:00.749868 
00:00:00.749868 [/Devices/pci/0/] (level 3)
00:00:00.749869   Trusted <integer> = 0x0000000000000001 (1)
00:00:00.749869 
00:00:00.749870 [/Devices/pci/0/Config/] (level 4)
00:00:00.749871   IOAPIC <integer> = 0x0000000000000000 (0)
00:00:00.749871 
00:00:00.749871 [/Devices/pcibridge/] (level 2)
00:00:00.749872 
00:00:00.749872 [/Devices/pckbd/] (level 2)
00:00:00.749873 
00:00:00.749873 [/Devices/pckbd/0/] (level 3)
00:00:00.749874   Trusted <integer> = 0x0000000000000001 (1)
00:00:00.749875 
00:00:00.749875 [/Devices/pckbd/0/Config/] (level 4)
00:00:00.749876 
00:00:00.749876 [/Devices/pckbd/0/LUN#0/] (level 4)
00:00:00.749877   Driver <string>  = "KeyboardQueue" (cb=14)
00:00:00.749878 
00:00:00.749878 [/Devices/pckbd/0/LUN#0/AttachedDriver/] (level 5)
00:00:00.749879   Driver <string>  = "MainKeyboard" (cb=13)
00:00:00.749879 
00:00:00.749880 [/Devices/pckbd/0/LUN#0/Config/] (level 5)
00:00:00.749881   QueueSize <integer> = 0x0000000000000040 (64, 64 B)
00:00:00.749882 
00:00:00.749882 [/Devices/pckbd/0/LUN#1/] (level 4)
00:00:00.749883   Driver <string>  = "MouseQueue" (cb=11)
00:00:00.749883 
00:00:00.749884 [/Devices/pckbd/0/LUN#1/AttachedDriver/] (level 5)
00:00:00.749885   Driver <string>  = "MainMouse" (cb=10)
00:00:00.749885 
00:00:00.749885 [/Devices/pckbd/0/LUN#1/Config/] (level 5)
00:00:00.749886   QueueSize <integer> = 0x0000000000000080 (128, 128 B)
00:00:00.749887 
00:00:00.749888 [/Devices/pcnet/] (level 2)
00:00:00.749888 
00:00:00.749889 [/Devices/pcnet/0/] (level 3)
00:00:00.749889   PCIBusNo      <integer> = 0x0000000000000000 (0)
00:00:00.749890   PCIDeviceNo   <integer> = 0x0000000000000003 (3)
00:00:00.749891   PCIFunctionNo <integer> = 0x0000000000000000 (0)
00:00:00.749891   Trusted       <integer> = 0x0000000000000001 (1)
00:00:00.749892 
00:00:00.749892 [/Devices/pcnet/0/Config/] (level 4)
00:00:00.749893   CableConnected <integer> = 0x0000000000000001 (1)
00:00:00.749894   ChipType       <string>  = "Am79C973" (cb=9)
00:00:00.749895   LineSpeed      <integer> = 0x0000000000000000 (0)
00:00:00.749895   MAC            <bytes>   = "08 00 27 19 ae 64" (cb=6)
00:00:00.749897 
00:00:00.749897 [/Devices/pcnet/0/LUN#0/] (level 4)
00:00:00.749898   Driver <string>  = "NAT" (cb=4)
00:00:00.749898 
00:00:00.749898 [/Devices/pcnet/0/LUN#0/Config/] (level 5)
00:00:00.749900   AliasMode          <integer> = 0x0000000000000000 (0)
00:00:00.749900   DNSProxy           <integer> = 0x0000000000000000 (0)
00:00:00.749901   EnableTFTP         <integer> = 0x0000000000000000 (0)
00:00:00.749902   ForwardBroadcast   <integer> = 0x0000000000000000 (0)
00:00:00.749903   LocalhostReachable <integer> = 0x0000000000000000 (0)
00:00:00.749903   Network            <string>  = "10.0.2.0/24" (cb=12)
00:00:00.749904   PassDomain         <integer> = 0x0000000000000001 (1)
00:00:00.749905   UseHostResolver    <integer> = 0x0000000000000000 (0)
00:00:00.749905 
00:00:00.749905 [/Devices/pcnet/0/LUN#999/] (level 4)
00:00:00.749907   Driver <string>  = "MainStatus" (cb=11)
00:00:00.749907 
00:00:00.749907 [/Devices/pcnet/0/LUN#999/Config/] (level 5)
00:00:00.749908   First                <integer> = 0x0000000000000000 (0)
00:00:00.749910   HasMediumAttachments <integer> = 0x0000000000000000 (0)
00:00:00.749911   Last                 <integer> = 0x0000000000000000 (0)
00:00:00.749912   iLedSet              <integer> = 0x0000000000000002 (2)
00:00:00.749912 
00:00:00.749913 [/Devices/piix3ide/] (level 2)
00:00:00.749913 
00:00:00.749914 [/Devices/piix3ide/0/] (level 3)
00:00:00.749914   PCIBusNo      <integer> = 0x0000000000000000 (0)
00:00:00.749915   PCIDeviceNo   <integer> = 0x0000000000000001 (1)
00:00:00.749916   PCIFunctionNo <integer> = 0x0000000000000001 (1)
00:00:00.749916   Trusted       <integer> = 0x0000000000000001 (1)
00:00:00.749917 
00:00:00.749917 [/Devices/piix3ide/0/Config/] (level 4)
00:00:00.749918   Type <string>  = "PIIX4" (cb=6)
00:00:00.749919 
00:00:00.749919 [/Devices/piix3ide/0/LUN#0/] (level 4)
00:00:00.749920   Driver <string>  = "VD" (cb=3)
00:00:00.749920 
00:00:00.749920 [/Devices/piix3ide/0/LUN#0/Config/] (level 5)
00:00:00.749922   Format    <string>  = "VDI" (cb=4)
00:00:00.749922   Mountable <integer> = 0x0000000000000000 (0)
00:00:00.749923   Path      <string>  = "C:\Users\RhythmicCarnage\Desktop\CyberStorm\deploy\virtualbox\CyberStorm.vdi" (cb=77)
00:00:00.749924   Type      <string>  = "HardDisk" (cb=9)
00:00:00.749924 
00:00:00.749924 [/Devices/piix3ide/0/LUN#0/Config/VDConfig/] (level 6)
00:00:00.749926   AllocationBlockSize <string>  = "1048576" (cb=8)
00:00:00.749926 
00:00:00.749926 [/Devices/piix3ide/0/LUN#999/] (level 4)
00:00:00.749927   Driver <string>  = "MainStatus" (cb=11)
00:00:00.749928 
00:00:00.749928 [/Devices/piix3ide/0/LUN#999/Config/] (level 5)
00:00:00.749929   DeviceInstance       <string>  = "piix3ide/0" (cb=11)
00:00:00.749930   First                <integer> = 0x0000000000000000 (0)
00:00:00.749931   HasMediumAttachments <integer> = 0x0000000000000001 (1)
00:00:00.749931   Last                 <integer> = 0x0000000000000003 (3)
00:00:00.749932   iLedSet              <integer> = 0x0000000000000001 (1)
00:00:00.749933 
00:00:00.749933 [/Devices/sb16/] (level 2)
00:00:00.749934 
00:00:00.749934 [/Devices/sb16/0/] (level 3)
00:00:00.749935   Trusted <integer> = 0x0000000000000001 (1)
00:00:00.749935 
00:00:00.749936 [/Devices/sb16/0/AudioConfig/] (level 4)
00:00:00.749937 
00:00:00.749937 [/Devices/sb16/0/Config/] (level 4)
00:00:00.749938   DMA          <integer> = 0x0000000000000001 (1)
00:00:00.749939   DMA16        <integer> = 0x0000000000000005 (5)
00:00:00.749939   DebugEnabled <integer> = 0x0000000000000000 (0)
00:00:00.749940   IRQ          <integer> = 0x0000000000000005 (5)
00:00:00.749941   Port         <integer> = 0x0000000000000220 (544)
00:00:00.749941   Version      <integer> = 0x0000000000000405 (1 029)
00:00:00.749942 
00:00:00.749947 [/Devices/sb16/0/LUN#0/] (level 4)
00:00:00.749948   Driver <string>  = "AUDIO" (cb=6)
00:00:00.749948 
00:00:00.749948 [/Devices/sb16/0/LUN#0/AttachedDriver/] (level 5)
00:00:00.749950   Driver <string>  = "HostAudioWas" (cb=13)
00:00:00.749950 
00:00:00.749950 [/Devices/sb16/0/LUN#0/AttachedDriver/Config/] (level 6)
00:00:00.749952   VmName <string>  = "CyberStorm" (cb=11)
00:00:00.749952   VmUuid <string>  = "e03e82d7-c0e6-479c-a70c-ae92acedbd20" (cb=37)
00:00:00.749953 
00:00:00.749953 [/Devices/sb16/0/LUN#0/Config/] (level 5)
00:00:00.749954   DriverName    <string>  = "HostAudioWas" (cb=13)
00:00:00.749955   InputEnabled  <integer> = 0x0000000000000000 (0)
00:00:00.749955   OutputEnabled <integer> = 0x0000000000000001 (1)
00:00:00.749956 
00:00:00.749956 [/Devices/sb16/0/LUN#1/] (level 4)
00:00:00.749957   Driver <string>  = "AUDIO" (cb=6)
00:00:00.749957 
00:00:00.749958 [/Devices/sb16/0/LUN#2/] (level 4)
00:00:00.749959   Driver <string>  = "AUDIO" (cb=6)
00:00:00.749959 
00:00:00.749959 [/Devices/serial/] (level 2)
00:00:00.749960 
00:00:00.749960 [/Devices/vga/] (level 2)
00:00:00.749961 
00:00:00.749961 [/Devices/vga/0/] (level 3)
00:00:00.749962   PCIBusNo      <integer> = 0x0000000000000000 (0)
00:00:00.749963   PCIDeviceNo   <integer> = 0x0000000000000002 (2)
00:00:00.749965   PCIFunctionNo <integer> = 0x0000000000000000 (0)
00:00:00.749965   Trusted       <integer> = 0x0000000000000001 (1)
00:00:00.749966 
00:00:00.749966 [/Devices/vga/0/Config/] (level 4)
00:00:00.749967   3DEnabled             <integer> = 0x0000000000000000 (0)
00:00:00.749968   CustomVideoModes      <integer> = 0x0000000000000000 (0)
00:00:00.749969   FadeIn                <integer> = 0x0000000000000001 (1)
00:00:00.749969   FadeOut               <integer> = 0x0000000000000001 (1)
00:00:00.749970   HeightReduction       <integer> = 0x0000000000000000 (0)
00:00:00.749971   LogoFile              <string>  = "" (cb=1)
00:00:00.749972   LogoTime              <integer> = 0x0000000000000000 (0)
00:00:00.749972   MonitorCount          <integer> = 0x0000000000000001 (1)
00:00:00.749973   ShowBootMenu          <integer> = 0x0000000000000002 (2)
00:00:00.749974   VMSVGA3dEnabled       <integer> = 0x0000000000000000 (0)
00:00:00.749975   VMSVGAEnabled         <integer> = 0x0000000000000001 (1)
00:00:00.749975   VRamSize              <integer> = 0x0000000001000000 (16 777 216, 16.0 MiB)
00:00:00.749977   VmSvga3               <integer> = 0x0000000000000000 (0)
00:00:00.749977   VmSvgaExposeLegacyVga <integer> = 0x0000000000000001 (1)
00:00:00.749978 
00:00:00.749978 [/Devices/vga/0/LUN#0/] (level 4)
00:00:00.749979   Driver <string>  = "MainDisplay" (cb=12)
00:00:00.749980 
00:00:00.749980 [/Devices/vga/0/LUN#0/Config/] (level 5)
00:00:00.749981 
00:00:00.749981 [/Devices/vga/0/LUN#999/] (level 4)
00:00:00.749982   Driver <string>  = "MainStatus" (cb=11)
00:00:00.749983 
00:00:00.749983 [/Devices/vga/0/LUN#999/Config/] (level 5)
00:00:00.749984   First                <integer> = 0x0000000000000000 (0)
00:00:00.749985   HasMediumAttachments <integer> = 0x0000000000000000 (0)
00:00:00.749985   Last                 <integer> = 0x0000000000000000 (0)
00:00:00.749986   iLedSet              <integer> = 0x0000000000000000 (0)
00:00:00.749987 
00:00:00.749987 [/Devices/virtio-net/] (level 2)
00:00:00.749988 
00:00:00.749988 [/EM/] (level 1)
00:00:00.749989   TripleFaultReset <integer> = 0x0000000000000000 (0)
00:00:00.749989 
00:00:00.749990 [/GCM/] (level 1)
00:00:00.749990 
00:00:00.749990 [/GIM/] (level 1)
00:00:00.749991   Provider <string>  = "None" (cb=5)
00:00:00.749992 
00:00:00.749992 [/HM/] (level 1)
00:00:00.749993   64bitEnabled        <integer> = 0x0000000000000000 (0)
00:00:00.749994   EnableLargePages    <integer> = 0x0000000000000001 (1)
00:00:00.749994   EnableNestedPaging  <integer> = 0x0000000000000001 (1)
00:00:00.749995   EnableUX            <integer> = 0x0000000000000001 (1)
00:00:00.749996   EnableVPID          <integer> = 0x0000000000000001 (1)
00:00:00.749996   Exclusive           <integer> = 0x0000000000000000 (0)
00:00:00.749997   HMForced            <integer> = 0x0000000000000001 (1)
00:00:00.749998   IBPBOnVMEntry       <integer> = 0x0000000000000000 (0)
00:00:00.749999   IBPBOnVMExit        <integer> = 0x0000000000000000 (0)
00:00:00.749999   L1DFlushOnSched     <integer> = 0x0000000000000001 (1)
00:00:00.750000   L1DFlushOnVMEntry   <integer> = 0x0000000000000000 (0)
00:00:00.750000   MDSClearOnSched     <integer> = 0x0000000000000001 (1)
00:00:00.750001   MDSClearOnVMEntry   <integer> = 0x0000000000000000 (0)
00:00:00.750002   SpecCtrlByHost      <integer> = 0x0000000000000000 (0)
00:00:00.750002   SvmVirtVmsaveVmload <integer> = 0x0000000000000000 (0)
00:00:00.750003   UseNEMInstead       <integer> = 0x0000000000000000 (0)
00:00:00.750004 
00:00:00.750004 [/MM/] (level 1)
00:00:00.750004   CanUseLargerHeap <integer> = 0x0000000000000000 (0)
00:00:00.750005 
00:00:00.750005 [/NEM/] (level 1)
00:00:00.750006   Allow64BitGuests  <integer> = 0x0000000000000000 (0)
00:00:00.750007   IBPBOnVMEntry     <integer> = 0x0000000000000000 (0)
00:00:00.750007   IBPBOnVMExit      <integer> = 0x0000000000000000 (0)
00:00:00.750008   L1DFlushOnSched   <integer> = 0x0000000000000001 (1)
00:00:00.750009   L1DFlushOnVMEntry <integer> = 0x0000000000000000 (0)
00:00:00.750010   MDSClearOnSched   <integer> = 0x0000000000000001 (1)
00:00:00.750011   MDSClearOnVMEntry <integer> = 0x0000000000000000 (0)
00:00:00.750011 
00:00:00.750011 [/PDM/] (level 1)
00:00:00.750012 
00:00:00.750012 [/PDM/AsyncCompletion/] (level 2)
00:00:00.750013 
00:00:00.750013 [/PDM/AsyncCompletion/File/] (level 3)
00:00:00.750014 
00:00:00.750014 [/PDM/AsyncCompletion/File/BwGroups/] (level 4)
00:00:00.750015 
00:00:00.750016 [/PDM/BlkCache/] (level 2)
00:00:00.750016   CacheSize <integer> = 0x0000000000500000 (5 242 880, 5.0 MiB)
00:00:00.750017 
00:00:00.750018 [/PDM/Devices/] (level 2)
00:00:00.750018 
00:00:00.750019 [/PDM/Drivers/] (level 2)
00:00:00.750019 
00:00:00.750019 [/PDM/Drivers/VBoxC/] (level 3)
00:00:00.750020   Path <string>  = "VBoxC" (cb=6)
00:00:00.750021 
00:00:00.750021 [/PDM/NetworkShaper/] (level 2)
00:00:00.750022 
00:00:00.750022 [/PDM/NetworkShaper/BwGroups/] (level 3)
00:00:00.750023 
00:00:00.750023 [/TM/] (level 1)
00:00:00.750024   UTCOffset <integer> = 0x0000000000000000 (0)
00:00:00.750024 
00:00:00.750025 ********************* End of CFGM dump **********************
00:00:00.750085 HM: HMR3Init: Attempting fall back to NEM: AMD-V is not available
00:00:00.813303 NEM:  info: Found optional import WinHvPlatform.dll!WHvQueryGpaRangeDirtyBitmap.
00:00:00.813319 NEM:  info: Found optional import WinHvPlatform.dll!WHvResumePartitionTime.
00:00:00.813323 NEM:  info: Found optional import WinHvPlatform.dll!WHvSuspendPartitionTime.
00:00:00.813326 NEM:  info: Found optional import WinHvPlatform.dll!WHvRequestInterrupt.
00:00:00.813330 NEM:  info: Found optional import WinHvPlatform.dll!WHvGetVirtualProcessorXsaveState.
00:00:00.813334 NEM:  info: Found optional import WinHvPlatform.dll!WHvSetVirtualProcessorXsaveState.
00:00:00.813338 NEM:  info: Failed to import WinHvPlatform.dll!WHvGetVirtualProcessorState: VERR_SYMBOL_NOT_FOUND
00:00:00.813355 NEM:  info: Failed to import WinHvPlatform.dll!WHvSetVirtualProcessorState: VERR_SYMBOL_NOT_FOUND
00:00:00.813359 NEM:  info: Found optional import WinHvPlatform.dll!WHvGetVirtualProcessorInterruptControllerState.
00:00:00.813362 NEM:  info: Found optional import WinHvPlatform.dll!WHvSetVirtualProcessorInterruptControllerState.
00:00:00.813366 NEM:  info: Found optional import WinHvPlatform.dll!WHvGetVirtualProcessorInterruptControllerState2.
00:00:00.813369 NEM:  info: Found optional import WinHvPlatform.dll!WHvSetVirtualProcessorInterruptControllerState2.
00:00:00.813374 NEM:  info: Found optional import vid.dll!VidGetHvPartitionId.
00:00:00.813377 NEM:  info: Found optional import vid.dll!VidGetPartitionProperty.
00:00:00.813443 NEM: WHvCapabilityCodeHypervisorPresent is TRUE, so this might work...
00:00:00.813448 NEM: WHvCapabilityCodeExtendedVmExits      = 0x00000000000003ff
00:00:00.813452 NEM:                           X64CpuidExit: 1
00:00:00.813456 NEM:                             X64MsrExit: 1
00:00:00.813459 NEM:                          ExceptionExit: 1
00:00:00.813463 NEM:                           X64RdtscExit: 1
00:00:00.813466 NEM:                     X64ApicSmiExitTrap: 1
00:00:00.813469 NEM:                          HypercallExit: 1
00:00:00.813472 NEM:                X64ApicInitSipiExitTrap: 1
00:00:00.813475 NEM:              X64ApicWriteLint0ExitTrap: 1
00:00:00.813478 NEM:              X64ApicWriteLint1ExitTrap: 1
00:00:00.813481 NEM:                X64ApicWriteSvrExitTrap: 1
00:00:00.813484 NEM:                 UnknownSynicConnection: 0
00:00:00.813487 NEM:              RetargetUnknownVpciDevice: 0
00:00:00.813490 NEM:                X64ApicWriteLdrExitTrap: 0
00:00:00.813493 NEM:                X64ApicWriteDfrExitTrap: 0
00:00:00.813496 NEM:                     GpaAccessFaultExit: 0
00:00:00.813499 NEM: WHvCapabilityCodeFeatures             = 0x000000000000007f
00:00:00.813505 NEM:                           PartialUnmap: 1
00:00:00.813508 NEM:                     LocalApicEmulation: 1
00:00:00.813513 NEM:                                  Xsave: 1
00:00:00.813516 NEM:                      DirtyPageTracking: 1
00:00:00.813519 NEM:                     SpeculationControl: 1
00:00:00.813522 NEM:                         ApicRemoteRead: 1
00:00:00.813525 NEM:                            IdleSuspend: 1
00:00:00.813528 NEM:                VirtualPciDeviceSupport: 0
00:00:00.813531 NEM:                           IommuSupport: 0
00:00:00.813534 NEM:                         VpHotAddRemove: 0
00:00:00.813540 NEM: Supported xsave features: 0x381f
00:00:00.813544 NEM:                           XsaveSupport: 1
00:00:00.813547 NEM:                        XsaveoptSupport: 1
00:00:00.813551 NEM:                             AvxSupport: 1
00:00:00.813554 NEM:                            Avx2Support: 1
00:00:00.813557 NEM:                             FmaSupport: 1
00:00:00.813560 NEM:                             MpxSupport: 0
00:00:00.813563 NEM:                          Avx512Support: 0
00:00:00.813566 NEM:                        Avx512DQSupport: 0
00:00:00.813569 NEM:                        Avx512BWSupport: 0
00:00:00.813572 NEM:                        Avx512VLSupport: 0
00:00:00.813575 NEM:                       XsaveCompSupport: 1
00:00:00.813583 NEM:                 XsaveSupervisorSupport: 1
00:00:00.813588 NEM:                            Xcr1Support: 1
00:00:00.813591 NEM:                    Avx512BitalgSupport: 0
00:00:00.813594 NEM:                      Avx512IfmaSupport: 0
00:00:00.813597 NEM:                      Avx512VBmiSupport: 0
00:00:00.813600 NEM:                     Avx512VBmi2Support: 0
00:00:00.813603 NEM:                      Avx512VnniSupport: 0
00:00:00.813606 NEM:                            GfniSupport: 0
00:00:00.813609 NEM:                            VaesSupport: 0
00:00:00.813612 NEM:                 Avx512VPopcntdqSupport: 0
00:00:00.813615 NEM:                      VpclmulqdqSupport: 0
00:00:00.813618 NEM:                      Avx512Bf16Support: 0
00:00:00.813621 NEM:              Avx512Vp2IntersectSupport: 0
00:00:00.813624 NEM:                      Avx512Fp16Support: 0
00:00:00.813627 NEM:                             XfdSupport: 0
00:00:00.813630 NEM:                         AmxTileSupport: 0
00:00:00.813634 NEM:                         AmxBf16Support: 0
00:00:00.813637 NEM:                         AmxInt8Support: 0
00:00:00.813640 NEM:                         AvxVnniSupport: 0
00:00:00.813643 NEM: Supported exception exit bitmap: 0xf7dfb
00:00:00.813649 NEM: WHvCapabilityCodeProcessorVendor      = 0 - AMD
00:00:00.813656 NEM: WHvCapabilityCodeProcessorFeatures    = 0x000006cb66f39fbf
00:00:00.813659 NEM:                            Sse3Support: 1
00:00:00.813662 NEM:                        LahfSahfSupport: 1
00:00:00.813666 NEM:                           Ssse3Support: 1
00:00:00.813669 NEM:                          Sse4_1Support: 1
00:00:00.813673 NEM:                          Sse4_2Support: 1
00:00:00.813677 NEM:                           Sse4aSupport: 1
00:00:00.813680 NEM:                             XopSupport: 0
00:00:00.813683 NEM:                          PopCntSupport: 1
00:00:00.813686 NEM:                      Cmpxchg16bSupport: 1
00:00:00.813689 NEM:                       Altmovcr8Support: 1
00:00:00.813692 NEM:                           LzcntSupport: 1
00:00:00.813695 NEM:                     MisAlignSseSupport: 1
00:00:00.813698 NEM:                          MmxExtSupport: 1
00:00:00.813701 NEM:                        Amd3DNowSupport: 0
00:00:00.813704 NEM:                ExtendedAmd3DNowSupport: 0
00:00:00.813707 NEM:                         Page1GbSupport: 1
00:00:00.813710 NEM:                             AesSupport: 1
00:00:00.813713 NEM:                       PclmulqdqSupport: 1
00:00:00.813716 NEM:                            PcidSupport: 0
00:00:00.813719 NEM:                            Fma4Support: 0
00:00:00.813723 NEM:                            F16CSupport: 1
00:00:00.813726 NEM:                          RdRandSupport: 1
00:00:00.813729 NEM:                        RdWrFsGsSupport: 1
00:00:00.813732 NEM:                            SmepSupport: 1
00:00:00.813735 NEM:              EnhancedFastStringSupport: 0
00:00:00.813738 NEM:                            Bmi1Support: 1
00:00:00.813741 NEM:                            Bmi2Support: 1
00:00:00.813744 NEM:                              Reserved1: 0
00:00:00.813747 NEM:                           MovbeSupport: 1
00:00:00.813750 NEM:                          Npiep1Support: 1
00:00:00.813753 NEM:                   DepX87FPUSaveSupport: 0
00:00:00.813756 NEM:                          RdSeedSupport: 1
00:00:00.813759 NEM:                             AdxSupport: 1
00:00:00.813762 NEM:                   IntelPrefetchSupport: 0
00:00:00.813765 NEM:                            SmapSupport: 1
00:00:00.813768 NEM:                             HleSupport: 0
00:00:00.813771 NEM:                             RtmSupport: 0
00:00:00.813775 NEM:                          RdtscpSupport: 1
00:00:00.813778 NEM:                      ClflushoptSupport: 1
00:00:00.813781 NEM:                            ClwbSupport: 0
00:00:00.813784 NEM:                             ShaSupport: 1
00:00:00.813788 NEM:                X87PointersSavedSupport: 1
00:00:00.813792 NEM:                         InvpcidSupport: 0
00:00:00.813796 NEM:                            IbrsSupport: 0
00:00:00.813799 NEM:                           StibpSupport: 0
00:00:00.813802 NEM:                            IbpbSupport: 0
00:00:00.813805 NEM:                              Reserved2: 0
00:00:00.813808 NEM:                            SsbdSupport: 0
00:00:00.813811 NEM:                 FastShortRepMovSupport: 0
00:00:00.813814 NEM:                              Reserved3: 0
00:00:00.813817 NEM:                                 RdclNo: 0
00:00:00.813821 NEM:                         IbrsAllSupport: 0
00:00:00.813824 NEM:                              Reserved4: 0
00:00:00.813827 NEM:                                  SsbNo: 0
00:00:00.813830 NEM:                                 RsbANo: 0
00:00:00.813833 NEM:                              Reserved5: 0
00:00:00.813836 NEM:                           RdPidSupport: 0
00:00:00.813840 NEM:                            UmipSupport: 0
00:00:00.813843 NEM:                           MdsNoSupport: 0
00:00:00.813846 NEM:                         MdClearSupport: 0
00:00:00.813849 NEM:                           TaaNoSupport: 0
00:00:00.813852 NEM:                         TsxCtrlSupport: 0
00:00:00.813855 NEM:                              Reserved6: 0
00:00:00.813861 NEM: WHvCapabilityCodeProcessorClFlushSize = 2^8
00:00:00.813865 NEM: Warning! Unknown capability 0x4 returning: 3f 00 00 00 00 00 00 00 00 00 00 00 00 00 00 00 00 00 00 00 00 00 00 00
00:00:00.814297 NEM: Warning! Unknown capability 0x1003 returning: 1f 38 00 00 00 00 00 00 00 00 00 00 00 00 00 00 00 00 00 00 00 00 00 00
00:00:00.814312 NEM: Warning! Unknown capability 0x1004 returning: f0 89 82 e2 00 00 00 00 00 00 00 00 00 00 00 00 00 00 00 00 00 00 00 00
00:00:00.814317 NEM: Warning! Unknown capability 0x1005 returning: 00 c2 eb 0b 00 00 00 00 00 00 00 00 00 00 00 00 00 00 00 00 00 00 00 00
00:00:00.814322 NEM: Warning! Unknown capability 0x1006 returning: 02 00 00 00 00 00 00 00 bf 9f f3 66 cb 06 00 00 04 00 00 00 00 00 00 00
00:00:00.815066 NEM: Created partition 000001247ff46930. APIC emulation mode: VirtualBox
00:00:00.815088 PGM: Enabling NEM mode
00:00:00.815156 NEM:
00:00:00.815156 NEM: NEMR3Init: Snail execution mode is active!
00:00:00.815156 NEM: Note! VirtualBox is not able to run at its full potential in this execution mode.
00:00:00.815156 NEM:       To see VirtualBox run at max speed you need to disable all Windows features
00:00:00.815156 NEM:       making use of Hyper-V.  That is a moving target, so google how and carefully
00:00:00.815157 NEM:       consider the consequences of disabling these features.
00:00:00.815157 NEM:
00:00:00.815178 CPUM: No hardware-virtualization capability detected
00:00:00.815182 CPUM: fXStateHostMask=0x7; host XCR0=0x7
00:00:00.817598 CPUM: Matched host CPU AMD 0x17/0x8/0x2 AMD_Zen_Ryzen with CPU DB entry 'AMD Ryzen 7 1800X Eight-Core' (AMD 0x17/0x1/0x1 AMD_Zen_Ryzen)
00:00:00.828394 CPUM: MXCSR_MASK=0x2ffff (host: 0x2ffff)
00:00:00.828441 CPUM: Microcode revision 0x08008202
00:00:00.828464 CPUM: MSR fudge: 0x00000017 IA32_PLATFORM_ID
00:00:00.828503 CPUM: MSR fudge: 0x000001a0 IA32_MISC_ENABLE
00:00:00.828521 CPUM: MSR fudge: 0x000002ff IA32_MTRR_DEF_TYPE
00:00:00.828538 CPUM: MSR fudge: 0x0000002c P4_EBC_FREQUENCY_ID
00:00:00.828631 CPUM: Set SSBD not required flag for AMD to work around some buggy Linux kernels!
00:00:00.828636 CPUM: Enabled MTRR read-write support
00:00:00.828641 CPUM: Enabled fixed-range MTRRs and 16 (virtualized) variable-range MTRRs
00:00:00.836654 NEM: HvPartitionPropertyProcessorVendor=0x0 (0)
00:00:00.836688 NEM: cbXSaveArea=832
00:00:00.836706 NEM: Default XSAVE area returned by Hyper-V
00:00:00.836708 00000013eddfd850/0000: 00 00 00 00 00 00 00 00-00 00 00 00 00 00 00 00 ................
00:00:00.836710 00000013eddfd860/0010: 00 00 00 00 00 00 00 00-80 1f 00 00 ff ff 02 00 ................
00:00:00.836712 00000013eddfd870/0020: 00 00 00 00 00 00 00 00-00 00 00 00 00 00 00 00 ................
00:00:00.836714 00000013eddfd880/0030: 00 00 00 00 00 00 00 00-00 00 00 00 00 00 00 00 ................
00:00:00.836716 00000013eddfd890/0040: 00 00 00 00 00 00 00 00-00 00 00 00 00 00 00 00 ................
00:00:00.836717 00000013eddfd8a0/0050: 00 00 00 00 00 00 00 00-00 00 00 00 00 00 00 00 ................
00:00:00.836719 00000013eddfd8b0/0060: 00 00 00 00 00 00 00 00-00 00 00 00 00 00 00 00 ................
00:00:00.836720 00000013eddfd8c0/0070: 00 00 00 00 00 00 00 00-00 00 00 00 00 00 00 00 ................
00:00:00.836722 00000013eddfd8d0/0080: 00 00 00 00 00 00 00 00-00 00 00 00 00 00 00 00 ................
00:00:00.836723 00000013eddfd8e0/0090: 00 00 00 00 00 00 00 00-00 00 00 00 00 00 00 00 ................
00:00:00.836725 00000013eddfd8f0/00a0: 00 00 00 00 00 00 00 00-00 00 00 00 00 00 00 00 ................
00:00:00.836726 00000013eddfd900/00b0: 00 00 00 00 00 00 00 00-00 00 00 00 00 00 00 00 ................
00:00:00.836728 00000013eddfd910/00c0: 00 00 00 00 00 00 00 00-00 00 00 00 00 00 00 00 ................
00:00:00.836729 00000013eddfd920/00d0: 00 00 00 00 00 00 00 00-00 00 00 00 00 00 00 00 ................
00:00:00.836731 00000013eddfd930/00e0: 00 00 00 00 00 00 00 00-00 00 00 00 00 00 00 00 ................
00:00:00.836733 00000013eddfd940/00f0: 00 00 00 00 00 00 00 00-00 00 00 00 00 00 00 00 ................
00:00:00.836734 00000013eddfd950/0100: 00 00 00 00 00 00 00 00-00 00 00 00 00 00 00 00 ................
00:00:00.836736 00000013eddfd960/0110: 00 00 00 00 00 00 00 00-00 00 00 00 00 00 00 00 ................
00:00:00.836737 00000013eddfd970/0120: 00 00 00 00 00 00 00 00-00 00 00 00 00 00 00 00 ................
00:00:00.836739 00000013eddfd980/0130: 00 00 00 00 00 00 00 00-00 00 00 00 00 00 00 00 ................
00:00:00.836740 00000013eddfd990/0140: 00 00 00 00 00 00 00 00-00 00 00 00 00 00 00 00 ................
00:00:00.836742 00000013eddfd9a0/0150: 00 00 00 00 00 00 00 00-00 00 00 00 00 00 00 00 ................
00:00:00.836743 00000013eddfd9b0/0160: 00 00 00 00 00 00 00 00-00 00 00 00 00 00 00 00 ................
00:00:00.836745 00000013eddfd9c0/0170: 00 00 00 00 00 00 00 00-00 00 00 00 00 00 00 00 ................
00:00:00.836746 00000013eddfd9d0/0180: 00 00 00 00 00 00 00 00-00 00 00 00 00 00 00 00 ................
00:00:00.836748 00000013eddfd9e0/0190: 00 00 00 00 00 00 00 00-00 00 00 00 00 00 00 00 ................
00:00:00.836749 00000013eddfd9f0/01a0: 00 00 00 00 00 00 00 00-00 00 00 00 00 00 00 00 ................
00:00:00.836751 00000013eddfda00/01b0: 00 00 00 00 00 00 00 00-00 00 00 00 00 00 00 00 ................
00:00:00.836753 00000013eddfda10/01c0: 00 00 00 00 00 00 00 00-00 00 00 00 00 00 00 00 ................
00:00:00.836754 00000013eddfda20/01d0: 00 00 00 00 00 00 00 00-00 00 00 00 00 00 00 00 ................
00:00:00.836756 00000013eddfda30/01e0: 00 00 00 00 00 00 00 00-00 00 00 00 00 00 00 00 ................
00:00:00.836757 00000013eddfda40/01f0: 00 00 00 00 00 00 00 00-00 00 00 00 00 00 00 00 ................
00:00:00.836759 00000013eddfda50/0200: 02 00 00 00 00 00 00 00-07 00 00 00 00 00 00 80 ................
00:00:00.836760 00000013eddfda60/0210: 00 00 00 00 00 00 00 00-00 00 00 00 00 00 00 00 ................
00:00:00.836762 00000013eddfda70/0220: 00 00 00 00 00 00 00 00-00 00 00 00 00 00 00 00 ................
00:00:00.836763 00000013eddfda80/0230: 00 00 00 00 00 00 00 00-00 00 00 00 00 00 00 00 ................
00:00:00.836765 00000013eddfda90/0240: 00 00 00 00 00 00 00 00-00 00 00 00 00 00 00 00 ................
00:00:00.836766 00000013eddfdaa0/0250: 00 00 00 00 00 00 00 00-00 00 00 00 00 00 00 00 ................
00:00:00.836768 00000013eddfdab0/0260: 00 00 00 00 00 00 00 00-00 00 00 00 00 00 00 00 ................
00:00:00.836769 00000013eddfdac0/0270: 00 00 00 00 00 00 00 00-00 00 00 00 00 00 00 00 ................
00:00:00.836771 00000013eddfdad0/0280: 00 00 00 00 00 00 00 00-00 00 00 00 00 00 00 00 ................
00:00:00.836772 00000013eddfdae0/0290: 00 00 00 00 00 00 00 00-00 00 00 00 00 00 00 00 ................
00:00:00.836774 00000013eddfdaf0/02a0: 00 00 00 00 00 00 00 00-00 00 00 00 00 00 00 00 ................
00:00:00.836775 00000013eddfdb00/02b0: 00 00 00 00 00 00 00 00-00 00 00 00 00 00 00 00 ................
00:00:00.836777 00000013eddfdb10/02c0: 00 00 00 00 00 00 00 00-00 00 00 00 00 00 00 00 ................
00:00:00.836779 00000013eddfdb20/02d0: 00 00 00 00 00 00 00 00-00 00 00 00 00 00 00 00 ................
00:00:00.836780 00000013eddfdb30/02e0: 00 00 00 00 00 00 00 00-00 00 00 00 00 00 00 00 ................
00:00:00.836782 00000013eddfdb40/02f0: 00 00 00 00 00 00 00 00-00 00 00 00 00 00 00 00 ................
00:00:00.836783 00000013eddfdb50/0300: 00 00 00 00 00 00 00 00-00 00 00 00 00 00 00 00 ................
00:00:00.836785 00000013eddfdb60/0310: 00 00 00 00 00 00 00 00-00 00 00 00 00 00 00 00 ................
00:00:00.836786 00000013eddfdb70/0320: 00 00 00 00 00 00 00 00-00 00 00 00 00 00 00 00 ................
00:00:00.836788 00000013eddfdb80/0330: 00 00 00 00 00 00 00 00-00 00 00 00 00 00 00 00 ................
00:00:00.836799 NEM: Successfully set up partition (device handle 0000000000000ae0, partition ID 0xca)
00:00:00.837050 PGM: Host paging mode: AMD64+PGE+NX
00:00:00.837062 PGM: PGMPool: cMaxPages=256 (u64MaxPages=64)
00:00:00.837065 PGM: pgmR3PoolInit: cMaxPages=0x100 cMaxUsers=0x200 cMaxPhysExts=0x200 fCacheEnable=true
00:00:00.951071 SUPLib: MEM_LARGE_PAGES works!
00:00:00.951386 TM: GIP - u32Mode=3 (Invariant) u32UpdateHz=93 u32UpdateIntervalNS=10741500 enmUseTscDelta=2 (Practically Zero) fGetGipCpu=0x2b cCpus=16
00:00:00.951394 TM: GIP - u64CpuHz=3 800 205 671 (0xe2828967)  SUPGetCpuHzFromGip => 3 800 205 671
00:00:00.951400 TM: GIP - CPU: iCpuSet=0x0 idCpu=0x0 idApic=0x0 iGipCpu=0x2 i64TSCDelta=0 enmState=3 u64CpuHz=3800199759(*) cErrors=0
00:00:00.951404 TM: GIP - CPU: iCpuSet=0x1 idCpu=0x1 idApic=0x1 iGipCpu=0x1 i64TSCDelta=0 enmState=3 u64CpuHz=3800206701(*) cErrors=0
00:00:00.951408 TM: GIP - CPU: iCpuSet=0x2 idCpu=0x2 idApic=0x2 iGipCpu=0x7 i64TSCDelta=0 enmState=3 u64CpuHz=3800205164(*) cErrors=0
00:00:00.951412 TM: GIP - CPU: iCpuSet=0x3 idCpu=0x3 idApic=0x3 iGipCpu=0x5 i64TSCDelta=0 enmState=3 u64CpuHz=3800205413(*) cErrors=0
00:00:00.951416 TM: GIP - CPU: iCpuSet=0x4 idCpu=0x4 idApic=0x4 iGipCpu=0x0 i64TSCDelta=0 enmState=3 u64CpuHz=3800205671(*) cErrors=0
00:00:00.951420 TM: GIP - CPU: iCpuSet=0x5 idCpu=0x5 idApic=0x5 iGipCpu=0x6 i64TSCDelta=0 enmState=3 u64CpuHz=3800205515(*) cErrors=0
00:00:00.951424 TM: GIP - CPU: iCpuSet=0x6 idCpu=0x6 idApic=0x6 iGipCpu=0x4 i64TSCDelta=0 enmState=3 u64CpuHz=3800205870(*) cErrors=0
00:00:00.951427 TM: GIP - CPU: iCpuSet=0x7 idCpu=0x7 idApic=0x7 iGipCpu=0x3 i64TSCDelta=0 enmState=3 u64CpuHz=3800204823(*) cErrors=0
00:00:00.951431 TM: GIP - CPU: iCpuSet=0x8 idCpu=0x8 idApic=0x8 iGipCpu=0xa i64TSCDelta=0 enmState=3 u64CpuHz=3800205628(*) cErrors=0
00:00:00.951434 TM: GIP - CPU: iCpuSet=0x9 idCpu=0x9 idApic=0x9 iGipCpu=0x8 i64TSCDelta=0 enmState=3 u64CpuHz=3800205576(*) cErrors=0
00:00:00.951438 TM: GIP - CPU: iCpuSet=0xa idCpu=0xa idApic=0xa iGipCpu=0xd i64TSCDelta=0 enmState=3 u64CpuHz=3800205529(*) cErrors=0
00:00:00.951441 TM: GIP - CPU: iCpuSet=0xb idCpu=0xb idApic=0xb iGipCpu=0xe i64TSCDelta=0 enmState=3 u64CpuHz=3800205671(*) cErrors=0
00:00:00.951445 TM: GIP - CPU: iCpuSet=0xc idCpu=0xc idApic=0xc iGipCpu=0x9 i64TSCDelta=0 enmState=3 u64CpuHz=3800205494(*) cErrors=0
00:00:00.951448 TM: GIP - CPU: iCpuSet=0xd idCpu=0xd idApic=0xd iGipCpu=0xc i64TSCDelta=0 enmState=3 u64CpuHz=3800205648(*) cErrors=0
00:00:00.951452 TM: GIP - CPU: iCpuSet=0xe idCpu=0xe idApic=0xe iGipCpu=0xf i64TSCDelta=0 enmState=3 u64CpuHz=3800206701(*) cErrors=0
00:00:00.951455 TM: GIP - CPU: iCpuSet=0xf idCpu=0xf idApic=0xf iGipCpu=0xb i64TSCDelta=0 enmState=3 u64CpuHz=3800205483(*) cErrors=0
00:00:00.951463 TM: NEM overrides the /TM/TSCModeSwitchAllowed setting.
00:00:00.951475 TM:     cTSCTicksPerSecond=3 800 205 671 (0xe2828967) enmTSCMode=4 (NativeApi) TSCMultiplier=1
00:00:00.951477 TM: cTSCTicksPerSecondHost=3 800 205 671 (0xe2828967)
00:00:00.951478 TM: TSCTiedToExecution=false TSCNotTiedToHalt=false
00:00:00.952195 EMR3Init: fIemExecutesAll=false fGuruOnTripleFault=true
00:00:00.952334 IEM: TargetCpu=CURRENT, Microarch=AMD_Zen_Ryzen aidxTargetCpuEflFlavour={2,0}
00:00:00.952770 GIM: Using provider 'None' (Implementation version: 0)
00:00:00.952788 GCM: Initialized - Fixer bits: 0x0
00:00:00.952846 AIOMgr: Default manager type is 'Async'
00:00:00.952851 AIOMgr: Default file backend is 'NonBuffered'
00:00:00.952894 BlkCache: Cache successfully initialized. Cache size is 5242880 bytes
00:00:00.952899 BlkCache: Cache commit interval is 10000 ms
00:00:00.952902 BlkCache: Cache commit threshold is 2621440 bytes
00:00:01.379584 PcBios: [SMP] BIOS with 1 CPUs
00:00:01.379606 PcBios: Using the 386+ BIOS image.
00:00:01.379987 PcBios: fCheckShutdownStatusForSoftReset=true  fClearShutdownStatusOnHardReset=true
00:00:01.380147 PDM: VirtualBox APIC backend registered
00:00:01.380194 CPUM: SetGuestCpuIdFeature: Enabled xAPIC
00:00:01.380577 PIT: mode=3 count=0x10000 (65536) - 18.20 Hz (ch=0)
00:00:01.380746 VMMDev: cbDefaultBudget: 1 073 741 824 (40000000)
00:00:01.398518 Shared Folders service loaded
00:00:01.412380 Guest Control service loaded
00:00:01.429697 VGA: Using the 386+ BIOS image.
00:00:01.431037 DrvVD: Flushes will be ignored
00:00:01.431048 DrvVD: Async flushes will be passed to the disk
00:00:01.431365 VD: VDInit finished with VINF_SUCCESS
00:00:01.431488 VD: Opening the disk took 426293 ns
00:00:01.431535 PIIX3 ATA: LUN#0: disk, PCHS=65/16/63, total number of sectors 65536
00:00:01.431590 PIIX3 ATA: LUN#1: no unit
00:00:01.431634 PIIX3 ATA: LUN#2: no unit
00:00:01.431640 PIIX3 ATA: LUN#3: no unit
00:00:01.431704 PIIX3 ATA: Ctl#0: finished processing RESET
00:00:01.431725 PIIX3 ATA: Ctl#1: finished processing RESET
00:00:01.445109 Audio Mixer: Setting sink 'SB16 Mixer/PCM Output' -- channel volumes: ba ba ba ba ba ba ba ba ba ba ba ba
00:00:01.473508 WasAPI: Input device is: {Default} (iface 000001247fd9fd20)
00:00:01.476741 WasAPI: Output device is: {Default} (iface 000001247fd9fdc0)
00:00:01.482682 Audio: Found 9 devices for driver 'WasAPI'
00:00:01.482698 Audio: Device 'Headphones (High Definition Audio Device)':
00:00:01.482699 Audio:   ID              = {0.0.0.00000000}.{12380492-75b7-42bc-b789-0d1d8d1f4e3b}
00:00:01.482700 Audio:   Usage           = output
00:00:01.482700 Audio:   Flags           = DEFAULT_OUT
00:00:01.482701 Audio:   Input channels  = 0
00:00:01.482701 Audio:   Output channels = 2
00:00:01.482704 Audio: Device 'Headphones (High Definition Audio Device)':
00:00:01.482705 Audio:   ID              = {0.0.0.00000000}.{12380492-75b7-42bc-b789-0d1d8d1f4e3b}
00:00:01.482705 Audio:   Usage           = output
00:00:01.482705 Audio:   Flags           = NONE
00:00:01.482706 Audio:   Input channels  = 0
00:00:01.482706 Audio:   Output channels = 2
00:00:01.482709 Audio: Device 'Digital Audio (S/PDIF) (High Definition Audio Device)':
00:00:01.482709 Audio:   ID              = {0.0.0.00000000}.{2ca71d41-bb09-4c97-9aaf-cabbc6fbe5ab}
00:00:01.482710 Audio:   Usage           = output
00:00:01.482710 Audio:   Flags           = NONE
00:00:01.482710 Audio:   Input channels  = 0
00:00:01.482711 Audio:   Output channels = 2
00:00:01.482714 Audio: Device '100012589 (NVIDIA High Definition Audio)':
00:00:01.482714 Audio:   ID              = {0.0.0.00000000}.{3f36c4ff-500a-4cd3-9a35-77b5981f1155}
00:00:01.482714 Audio:   Usage           = output
00:00:01.482714 Audio:   Flags           = NONE
00:00:01.482715 Audio:   Input channels  = 0
00:00:01.482715 Audio:   Output channels = 2
00:00:01.482718 Audio: Device 'Speakers (2- USB Audio CODEC )':
00:00:01.482718 Audio:   ID              = {0.0.0.00000000}.{566bb4ca-cb36-4deb-843b-246f6c5c5982}
00:00:01.482718 Audio:   Usage           = output
00:00:01.482719 Audio:   Flags           = NONE
00:00:01.482719 Audio:   Input channels  = 0
00:00:01.482719 Audio:   Output channels = 2
00:00:01.482728 Audio: Device '100012589 (NVIDIA High Definition Audio)':
00:00:01.482728 Audio:   ID              = {0.0.0.00000000}.{fdb7b4cc-b13a-4c66-ac46-5302e0b66d2f}
00:00:01.482729 Audio:   Usage           = output
00:00:01.482729 Audio:   Flags           = NONE
00:00:01.482729 Audio:   Input channels  = 0
00:00:01.482729 Audio:   Output channels = 2
00:00:01.482735 Audio: Device 'Microphone (NexiGo HD Webcam Audio)':
00:00:01.482735 Audio:   ID              = {0.0.1.00000000}.{8830d0fa-5126-4de0-babf-090349e9c6f6}
00:00:01.482735 Audio:   Usage           = input
00:00:01.482736 Audio:   Flags           = DEFAULT_IN
00:00:01.482736 Audio:   Input channels  = 2
00:00:01.482736 Audio:   Output channels = 0
00:00:01.482739 Audio: Device 'Microphone (2- USB Audio CODEC )':
00:00:01.482740 Audio:   ID              = {0.0.1.00000000}.{2cdb81b1-e1eb-4201-a0a4-fc6057072946}
00:00:01.482740 Audio:   Usage           = input
00:00:01.482740 Audio:   Flags           = NONE
00:00:01.482740 Audio:   Input channels  = 1
00:00:01.482741 Audio:   Output channels = 0
00:00:01.482743 Audio: Device 'Microphone (NexiGo HD Webcam Audio)':
00:00:01.482744 Audio:   ID              = {0.0.1.00000000}.{8830d0fa-5126-4de0-babf-090349e9c6f6}
00:00:01.482744 Audio:   Usage           = input
00:00:01.482744 Audio:   Flags           = NONE
00:00:01.482745 Audio:   Input channels  = 2
00:00:01.482745 Audio:   Output channels = 0
00:00:01.483024 PGM: The CPU physical address width is 48 bits
00:00:01.483032 PGM: PGMR3InitFinalize: 4 MB PSE mask 0000ffffffffffff -> VINF_SUCCESS
00:00:01.483041 TM: TMR3InitFinalize: fTSCModeSwitchAllowed=false
00:00:01.483279 CPUM: Mapped 1.0MiB (1048576 bytes) of RAM using fixed-range MTRRs
00:00:01.483287 CPUM: Mapped 64.0MiB (67108864 bytes) of RAM using 1 variable-range MTRRs
00:00:01.483699 VMM: Thread-context hooks unavailable
00:00:01.483706 VMM: RTThreadPreemptIsPending() can be trusted
00:00:01.483709 VMM: Kernel preemption is possible
00:00:01.483719 EM: Exit history optimizations: enabled=true enabled-r0=true enabled-r0-no-preemption=false
00:00:01.484828 PcBios: ATA LUN#0 LCHS=65/16/63
00:00:01.484844 APIC: fPostedIntrsEnabled=false fVirtApicRegsEnabled=false fSupportsTscDeadline=false
00:00:01.484849 TMR3UtcNow: nsNow=1 777 045 357 105 703 700 nsPrev=0 -> cNsDelta=1 777 045 357 105 703 700 (offLag=0 offVirtualSync=0 offVirtualSyncGivenUp=0, NowAgain=1 777 045 357 105 703 700)
00:00:01.484917 VMM: fUsePeriodicPreemptionTimers=true
00:00:01.484925 CPUM: Logical host processors: 16 present, 16 max, 16 online, online mask: 000000000000ffff
00:00:01.484926 CPUM: Physical host cores: 8
00:00:01.484927 ************************ CPUID dump *************************
00:00:01.487219          Raw Standard CPUID Leaves
00:00:01.487219      Leaf/sub-leaf  eax      ebx      ecx      edx
00:00:01.487221 Gst: 00000000/0000  0000000d 68747541 444d4163 69746e65
00:00:01.487222 Hst:                0000000d 68747541 444d4163 69746e65
00:00:01.487223 Gst: 00000001/0000  00800f82 00010800 76d83203 178bfbbf
00:00:01.487224 Hst:                00800f82 09100800 fed83203 178bfbff
00:00:01.487225 Gst: 00000002/0000  00000000 00000000 00000000 00000000
00:00:01.487225 Hst:                00000000 00000000 00000000 00000000
00:00:01.487226 Gst: 00000003/0000  00000000 00000000 00000000 00000000
00:00:01.487227 Hst:                00000000 00000000 00000000 00000000
00:00:01.487227 Gst: 00000004/0000  00000000 00000000 00000000 00000000
00:00:01.487228 Hst:                00000000 00000000 00000000 00000000
00:00:01.487229 Gst: 00000005/0000  00000000 00000000 00000000 00000000
00:00:01.487229 Hst:                00000000 00000000 00000000 00000000
00:00:01.487230 Gst: 00000006/0000  00000004 00000000 00000000 00000000
00:00:01.487231 Hst:                00000000 00000000 00000001 00000000
00:00:01.487231 Gst: 00000007/0000  00000000 208c0129 00000000 00000000
00:00:01.487232 Hst:                00000000 209c01a9 00000000 00000000
00:00:01.487233 Gst: 00000007/0001  00000000 00000000 00000000 00000000
00:00:01.487233 Hst:                00000000 00000000 00000000 00000000
00:00:01.487234 Gst: 00000007/0002  00000000 00000000 00000000 00000000
00:00:01.487235 Hst:                00000000 00000000 00000000 00000000
00:00:01.487235 Gst: 00000008/0000  00000000 00000000 00000000 00000000
00:00:01.487236 Hst:                00000000 00000000 00000000 00000000
00:00:01.487237 Gst: 00000009/0000  00000000 00000000 00000000 00000000
00:00:01.487237 Hst:                00000000 00000000 00000000 00000000
00:00:01.487238 Gst: 0000000a/0000  00000000 00000000 00000000 00000000
00:00:01.487239 Hst:                00000000 00000000 00000000 00000000
00:00:01.487239 Gst: 0000000b/0000  00000000 00000000 00000000 00000000
00:00:01.487240 Hst:                00000000 00000000 00000000 00000000
00:00:01.487241 Gst: 0000000c/0000  00000000 00000000 00000000 00000000
00:00:01.487241 Hst:                00000000 00000000 00000000 00000000
00:00:01.487242 Gst: 0000000d/0000  00000007 00000340 00000340 00000000
00:00:01.487243 Hst:                00000007 00000340 00000340 00000000
00:00:01.487243 Gst: 0000000d/0001  00000000 00000340 00000000 00000000
00:00:01.487244 Hst:                0000000f 00000340 00000000 00000000
00:00:01.487245 Gst: 0000000d/0002  00000100 00000240 00000000 00000000
00:00:01.487246 Hst:                00000100 00000240 00000000 00000000
00:00:01.487246 Gst: 0000000d/0003  00000000 00000000 00000000 00000000
00:00:01.487247 Hst:                00000000 00000000 00000000 00000000
00:00:01.487248                                Name: AuthenticAMD
00:00:01.487249                            Supports: 0x00000000-0x0000000d
00:00:01.487250                              Family: 15 	Extended: 8 	Effective: 23
00:00:01.487251                               Model:  8 	Extended: 0 	Effective: 8
00:00:01.487253                            Stepping: 2
00:00:01.487253                                Type: 0 (primary)
00:00:01.487254                             APIC ID: 0x00
00:00:01.487255                        Logical CPUs: 1
00:00:01.487256                        CLFLUSH Size: 8
00:00:01.487257                            Brand ID: 0x00
00:00:01.487258 Features
00:00:01.487258   Mnemonic - Description                                  = Guest (Host)
00:00:01.487260   FPU - x87 FPU on Chip                                   = 1 (1)
00:00:01.487262   VME - Virtual 8086 Mode Enhancements                    = 1 (1)
00:00:01.487263   DE - Debugging extensions                               = 1 (1)
00:00:01.487264   PSE - Page Size Extension                               = 1 (1)
00:00:01.487265   TSC - Time Stamp Counter                                = 1 (1)
00:00:01.487268   MSR - Model Specific Registers                          = 1 (1)
00:00:01.487269   PAE - Physical Address Extension                        = 0 (1)
00:00:01.487270   MCE - Machine Check Exception                           = 1 (1)
00:00:01.487271   CX8 - CMPXCHG8B instruction                             = 1 (1)
00:00:01.487272   APIC - APIC On-Chip                                     = 1 (1)
00:00:01.487274   SEP - SYSENTER and SYSEXIT Present                      = 1 (1)
00:00:01.487275   MTRR - Memory Type Range Registers                      = 1 (1)
00:00:01.487276   PGE - PTE Global Bit                                    = 1 (1)
00:00:01.487277   MCA - Machine Check Architecture                        = 1 (1)
00:00:01.487278   CMOV - Conditional Move instructions                    = 1 (1)
00:00:01.487279   PAT - Page Attribute Table                              = 1 (1)
00:00:01.487281   PSE-36 - 36-bit Page Size Extension                     = 1 (1)
00:00:01.487282   PSN - Processor Serial Number                           = 0 (0)
00:00:01.487283   CLFSH - CLFLUSH instruction                             = 1 (1)
00:00:01.487284   DS - Debug Store                                        = 0 (0)
00:00:01.487285   ACPI - Thermal Mon. & Soft. Clock Ctrl.                 = 0 (0)
00:00:01.487286   MMX - Intel MMX Technology                              = 1 (1)
00:00:01.487287   FXSR - FXSAVE and FXRSTOR instructions                  = 1 (1)
00:00:01.487288   SSE - SSE support                                       = 1 (1)
00:00:01.487290   SSE2 - SSE2 support                                     = 1 (1)
00:00:01.487291   SS - Self Snoop                                         = 0 (0)
00:00:01.487292   HTT - Hyper-Threading Technology                        = 1 (1)
00:00:01.487294   TM - Therm. Monitor                                     = 0 (0)
00:00:01.487295   PBE - Pending Break Enabled                             = 0 (0)
00:00:01.487296   SSE3 - SSE3 support                                     = 1 (1)
00:00:01.487297   PCLMUL - PCLMULQDQ support (for AES-GCM)                = 1 (1)
00:00:01.487298   DTES64 - DS Area 64-bit Layout                          = 0 (0)
00:00:01.487299   MONITOR - MONITOR/MWAIT instructions                    = 0 (0)
00:00:01.487301   CPL-DS - CPL Qualified Debug Store                      = 0 (0)
00:00:01.487302   VMX - Virtual Machine Extensions                        = 0 (0)
00:00:01.487303   SMX - Safer Mode Extensions                             = 0 (0)
00:00:01.487304   EST - Enhanced SpeedStep Technology                     = 0 (0)
00:00:01.487305   TM2 - Terminal Monitor 2                                = 0 (0)
00:00:01.487306   SSSE3 - Supplemental Streaming SIMD Extensions 3        = 1 (1)
00:00:01.487307   CNTX-ID - L1 Context ID                                 = 0 (0)
00:00:01.487308   SDBG - Silicon Debug interface                          = 0 (0)
00:00:01.487309   FMA - Fused Multiply Add extensions                     = 1 (1)
00:00:01.487310   CX16 - CMPXCHG16B instruction                           = 1 (1)
00:00:01.487311   TPRUPDATE - xTPR Update Control                         = 0 (0)
00:00:01.487313   PDCM - Perf/Debug Capability MSR                        = 0 (0)
00:00:01.487314   PCID - Process Context Identifiers                      = 0 (0)
00:00:01.487315   DCA - Direct Cache Access                               = 0 (0)
00:00:01.487316   SSE4_1 - SSE4_1 support                                 = 1 (1)
00:00:01.487317   SSE4_2 - SSE4_2 support                                 = 1 (1)
00:00:01.487318   X2APIC - x2APIC support                                 = 0 (0)
00:00:01.487320   MOVBE - MOVBE instruction                               = 1 (1)
00:00:01.487321   POPCNT - POPCNT instruction                             = 1 (1)
00:00:01.487322   TSCDEADL - Time Stamp Counter Deadline                  = 0 (0)
00:00:01.487323   AES - AES instructions                                  = 1 (1)
00:00:01.487324   XSAVE - XSAVE instruction                               = 1 (1)
00:00:01.487325   OSXSAVE - OSXSAVE instruction                           = 0 (1)
00:00:01.487326   AVX - AVX support                                       = 1 (1)
00:00:01.487328   F16C - 16-bit floating point conversion instructions    = 1 (1)
00:00:01.487329   RDRAND - RDRAND instruction                             = 1 (1)
00:00:01.487330   HVP - Hypervisor Present (we're a guest)                = 0 (1)
00:00:01.487331 Structured Extended Feature Flags Enumeration (leaf 7):
00:00:01.487331 Sub-leaf 0
00:00:01.487331   Mnemonic - Description                                  = Guest (Host)
00:00:01.487333   FSGSBASE - RDFSBASE/RDGSBASE/WRFSBASE/WRGSBASE instr.   = 1 (1)
00:00:01.487334   TSCADJUST - Supports MSR_IA32_TSC_ADJUST                = 0 (0)
00:00:01.487335   SGX - Supports Software Guard Extensions                = 0 (0)
00:00:01.487335   BMI1 - Advanced Bit Manipulation extension 1            = 1 (1)
00:00:01.487336   HLE - Hardware Lock Elision                             = 0 (0)
00:00:01.487338   AVX2 - Advanced Vector Extensions 2                     = 1 (1)
00:00:01.487340   FDP_EXCPTN_ONLY - FPU DP only updated on exceptions     = 0 (0)
00:00:01.487341   SMEP - Supervisor Mode Execution Prevention             = 0 (1)
00:00:01.487341   BMI2 - Advanced Bit Manipulation extension 2            = 1 (1)
00:00:01.487342   ERMS - Enhanced REP MOVSB/STOSB instructions            = 0 (0)
00:00:01.487343   INVPCID - INVPCID instruction                           = 0 (0)
00:00:01.487344   RTM - Restricted Transactional Memory                   = 0 (0)
00:00:01.487345   PQM - Platform Quality of Service Monitoring            = 0 (0)
00:00:01.487346   DEPFPU_CS_DS - Deprecates FPU CS, FPU DS values if set  = 0 (0)
00:00:01.487347   MPE - Intel Memory Protection Extensions                = 0 (0)
00:00:01.487348   PQE - Platform Quality of Service Enforcement           = 0 (0)
00:00:01.487349   AVX512F - AVX512 Foundation instructions                = 0 (0)
00:00:01.487350   AVX512DQ - Supports the AVX512DQ instructions           = 0 (0)
00:00:01.487350   RDSEED - RDSEED instruction                             = 1 (1)
00:00:01.487352   ADX - ADCX/ADOX instructions                            = 1 (1)
00:00:01.487353   SMAP - Supervisor Mode Access Prevention                = 0 (1)
00:00:01.487354   AVX512_IFMA - Supports the AVX512_IFMA instructions     = 0 (0)
00:00:01.487355   CLFLUSHOPT - CLFLUSHOPT (Cache Line Flush) instruction  = 1 (1)
00:00:01.487355   CLWB - CLWB instruction                                 = 0 (0)
00:00:01.487357   INTEL_PT - Intel Processor Trace                        = 0 (0)
00:00:01.487358   AVX512PF - AVX512 Prefetch instructions                 = 0 (0)
00:00:01.487359   AVX512ER - AVX512 Exponential & Reciprocal instructions = 0 (0)
00:00:01.487359   AVX512CD - AVX512 Conflict Detection instructions       = 0 (0)
00:00:01.487360   SHA - Secure Hash Algorithm extensions                  = 1 (1)
00:00:01.487361   AVX512BW - Supports the AVX512BW instructions           = 0 (0)
00:00:01.487362   AVX512VL - Supports the AVX512VL instructions           = 0 (0)
00:00:01.487363   PREFETCHWT1 - PREFETCHWT1 instruction                   = 0 (0)
00:00:01.487364   AVX512_VBMI - Supports the AVX512_VBMI instructions     = 0 (0)
00:00:01.487364   UMIP - User mode insturction prevention                 = 0 (0)
00:00:01.487365   PKU - Protection Key for Usermode pages                 = 0 (0)
00:00:01.487366   OSPKE - CR4.PKU mirror                                  = 0 (0)
00:00:01.487368   WAITPKG - TPAUSE, UMONITOR & UMWAIT support             = 0 (0)
00:00:01.487369   AVX512_VBMI2 - Supports the AVX512_VBMI2 instructions   = 0 (0)
00:00:01.487369   CET_SS - CET shadow stack support                       = 0 (0)
00:00:01.487370   GFNI - Supports the GFNI instruction set                = 0 (0)
00:00:01.487371   VAES - Supports the VEX encoded AES instruction set     = 0 (0)
00:00:01.487372   VPCLMULQDQ - Supports the VPCLMULQDQ instruction        = 0 (0)
00:00:01.487373   AVX512_VNNI - Supports the AVX512_VNNI instructions     = 0 (0)
00:00:01.487374   AVX512_BITALG - Supports the AVX512_BITALG instructions = 0 (0)
00:00:01.487374   TME_EN - Supports 4 IA32_TME_ MSRs                      = 0 (0)
00:00:01.487375   AVX512_VPOPCNTDQ - Supports the AVX512_VPOPCNTDQ instructions = 0 (0)
00:00:01.487376   LA57 - 57-bit linear addresses                          = 0 (0)
00:00:01.487377   MAWAU - Value used by BNDLDX & BNDSTX                   = 0x0 (0x0)
00:00:01.487378   RDPID - Read processor ID support                       = 0 (0)
00:00:01.487379   KEY_LOCKER - Supports Key Locker                        = 0 (0)
00:00:01.487380   BUS_LOCK_DETECT - Supports OS bus-lock detection        = 0 (0)
00:00:01.487381   CLDEMOTE - Supports cache line demote                   = 0 (0)
00:00:01.487382   MOVDIRI - Supports the MOVDIRI instruction              = 0 (0)
00:00:01.487383   MOVDIRI64B - Supports the MOVDIRI64B instruction        = 0 (0)
00:00:01.487384   ENQCMD - Supports the Eqnqueue Stores                   = 0 (0)
00:00:01.487385   SGX_LC - Supports SGX Launch Configuration              = 0 (0)
00:00:01.487386   PKS - Supports protection keys for supervisor pages     = 0 (0)
00:00:01.487387  Sub-leaf 2
00:00:01.487387   Mnemonic - Description                                  = Guest (Host)
00:00:01.487389   PSFD - Supports IA32_SPEC_CTRL[7] (PSFD)                = 0 (0)
00:00:01.487391   IPRED_CTRL - Supports IA32_SPEC_CTRL[4:3] (IPRED_DIS)   = 0 (0)
00:00:01.487391   RRSBA_CTRL - Supports IA32_SPEC_CTRL[6:5] (RRSBA_DIS)   = 0 (0)
00:00:01.487392   DDPD_U - Supports IA32_SPEC_CTRL[8] (DDPD_U)            = 0 (0)
00:00:01.487393   BHI_CTRL - Supports IA32_SPEC_CTRL[10] (BHI_DIS_S)      = 0 (0)
00:00:01.487394   MCDT_NO - No MXCSR Config Dependent Timing issues       = 0 (0)
00:00:01.487394   UC_LOCK_DIS - Supports UC-lock disable and causing #AC  = 0 (0)
00:00:01.487395   MONITOR_MITG_NO - No MONITOR/UMONITOR power issues      = 0 (0)
00:00:01.487396 Processor Extended State Enumeration (leaf 0xd):
00:00:01.487396    XSAVE area cur/max size by XCR0, Guest: 0x340/0x340
00:00:01.487397    XSAVE area cur/max size by XCR0,  Host: 0x340/0x340
00:00:01.487398                    Valid XCR0 bits, Guest: 0x00000000`00000007 ( x87 SSE YMM_Hi128 )
00:00:01.487400                    Valid XCR0 bits,  Host: 0x00000000`00000007 ( x87 SSE YMM_Hi128 )
00:00:01.487402                     XSAVE features, Guest
00:00:01.487403                     XSAVE features,  Host XSAVEOPT XSAVEC XGETBC1 XSAVES
00:00:01.487404       XSAVE area cur size XCR0|XSS, Guest: 0x340
00:00:01.487405       XSAVE area cur size XCR0|XSS,  Host: 0x340
00:00:01.487405                Valid IA32_XSS bits, Guest: 0x00000000`00000000
00:00:01.487406                Valid IA32_XSS bits,  Host: 0x00000000`00000000
00:00:01.487407   State #2, Guest: off=0x0240, cb=0x0100 IA32_XSS-bit -- YMM_Hi128
00:00:01.487409   State #2,  Host:  off=0x0240, cb=0x0100 IA32_XSS-bit -- YMM_Hi128
00:00:01.487414          Raw Hypervisor CPUID Leaves
00:00:01.487414      Leaf/sub-leaf  eax      ebx      ecx      edx
00:00:01.487414 Hst: 40000000/0000  4000000c 7263694d 666f736f 76482074
00:00:01.487415 Hst: 40000001/0000  31237648 00000000 00000000 00000000
00:00:01.487416 Hst: 40000002/0000  00004a61 000a0000 00000007 00001c0d
00:00:01.487417 Hst: 40000003/0000  0000bfff 002bb9ff 00000002 11fffbf2
00:00:01.487418 Hst: 40000004/0000  00042d1c 00000000 00000000 00000000
00:00:01.487419 Hst: 40000005/0000  00000400 00000400 00000c90 00000000
00:00:01.487420 Hst: 40000006/0000  000200ae 00000000 00000000 00000000
00:00:01.487421 Hst: 40000007/0000  80000007 00000003 00000000 00000000
00:00:01.487421 Hst: 40000008/0000  00100001 00000001 0000cccc 00000000
00:00:01.487422 Hst: 40000009/0000  00000000 00000000 00000000 00000000
00:00:01.487423 Hst: 4000000a/0000  00000000 00000000 00000000 00000000
00:00:01.487424 Hst: 4000000b/0000  00000000 00000000 00000000 00000000
00:00:01.487425 Hst: 4000000c/0000  00000000 00000000 00000000 00000000
00:00:01.487426          Raw Extended CPUID Leaves
00:00:01.487426      Leaf/sub-leaf  eax      ebx      ecx      edx
00:00:01.487426 Gst: 80000000/0000  8000001f 68747541 444d4163 69746e65
00:00:01.487427 Hst:                8000001f 68747541 444d4163 69746e65
00:00:01.487428 Gst: 80000001/0000  00800f82 20000000 000001f1 0bc3fb3f
00:00:01.487429 Hst:                00800f82 20000000 004023f3 2fd3fbff
00:00:01.487430 Gst: 80000002/0000  20444d41 657a7952 2037206e 30303732
00:00:01.487431 Hst:                20444d41 657a7952 2037206e 30303732
00:00:01.487432 Gst: 80000003/0000  69452058 2d746867 65726f43 6f725020
00:00:01.487433 Hst:                69452058 2d746867 65726f43 6f725020
00:00:01.487433 Gst: 80000004/0000  73736563 2020726f 20202020 00202020
00:00:01.487434 Hst:                73736563 2020726f 20202020 00202020
00:00:01.487435 Gst: 80000005/0000  ff40ff40 ff40ff40 20080140 40040140
00:00:01.487436 Hst:                ff40ff40 ff40ff40 20080140 40040140
00:00:01.487437 Gst: 80000006/0000  26006400 66006400 02006140 00808140
00:00:01.487438 Hst:                26006400 66006400 02006140 00808140
00:00:01.487439 Gst: 80000007/0000  00000000 00000000 00000000 00000100
00:00:01.487440 Hst:                00000000 0000001b 00000000 00004789
00:00:01.487440 Gst: 80000008/0000  00003030 04000000 00000000 00000000
00:00:01.487441 Hst:                00003030 02000005 0000400f 00000000
00:00:01.487442 Gst: 80000009/0000  00000000 00000000 00000000 00000000
00:00:01.487443 Hst:                00000000 00000000 00000000 00000000
00:00:01.487443 Gst: 8000000a/0000  00000000 00000000 00000000 00000000
00:00:01.487444 Hst:                00000000 00000000 00000000 00000000
00:00:01.487445 Gst: 8000000b/0000  00000000 00000000 00000000 00000000
00:00:01.487446 Hst:                00000000 00000000 00000000 00000000
00:00:01.487446 Gst: 8000000c/0000  00000000 00000000 00000000 00000000
00:00:01.487447 Hst:                00000000 00000000 00000000 00000000
00:00:01.487448 Gst: 8000000d/0000  00000000 00000000 00000000 00000000
00:00:01.487449 Hst:                00000000 00000000 00000000 00000000
00:00:01.487449 Gst: 8000000e/0000  00000000 00000000 00000000 00000000
00:00:01.487450 Hst:                00000000 00000000 00000000 00000000
00:00:01.487451 Gst: 8000000f/0000  00000000 00000000 00000000 00000000
00:00:01.487451 Hst:                00000000 00000000 00000000 00000000
00:00:01.487452 Gst: 80000010/0000  00000000 00000000 00000000 00000000
00:00:01.487453 Hst:                00000000 00000000 00000000 00000000
00:00:01.487454 Gst: 80000011/0000  00000000 00000000 00000000 00000000
00:00:01.487454 Hst:                00000000 00000000 00000000 00000000
00:00:01.487455 Gst: 80000012/0000  00000000 00000000 00000000 00000000
00:00:01.487456 Hst:                00000000 00000000 00000000 00000000
00:00:01.487456 Gst: 80000013/0000  00000000 00000000 00000000 00000000
00:00:01.487457 Hst:                00000000 00000000 00000000 00000000
00:00:01.487458 Gst: 80000014/0000  00000000 00000000 00000000 00000000
00:00:01.487459 Hst:                00000000 00000000 00000000 00000000
00:00:01.487459 Gst: 80000015/0000  00000000 00000000 00000000 00000000
00:00:01.487460 Hst:                00000000 00000000 00000000 00000000
00:00:01.487461 Gst: 80000016/0000  00000000 00000000 00000000 00000000
00:00:01.487462 Hst:                00000000 00000000 00000000 00000000
00:00:01.487462 Gst: 80000017/0000  00000000 00000000 00000000 00000000
00:00:01.487463 Hst:                00000000 00000000 00000000 00000000
00:00:01.487464 Gst: 80000018/0000  00000000 00000000 00000000 00000000
00:00:01.487464 Hst:                00000000 00000000 00000000 00000000
00:00:01.487465 Gst: 80000019/0000  00000000 00000000 00000000 00000000
00:00:01.487466 Hst:                00000000 00000000 00000000 00000000
00:00:01.487467 Gst: 8000001a/0000  00000003 00000000 00000000 00000000
00:00:01.487467 Hst:                00000003 00000000 00000000 00000000
00:00:01.487468 Gst: 8000001b/0000  00000000 00000000 00000000 00000000
00:00:01.487469 Hst:                00000000 00000000 00000000 00000000
00:00:01.487469 Gst: 8000001c/0000  00000000 00000000 00000000 00000000
00:00:01.487470 Hst:                00000000 00000000 00000000 00000000
00:00:01.487471 Gst: 8000001d/0000  00000121 01c0003f 0000003f 00000000
00:00:01.487472 Hst:                00004121 01c0003f 0000003f 00000000
00:00:01.487473 Gst: 8000001d/0001  00000122 00c0003f 000000ff 00000000
00:00:01.487473 Hst:                00004122 00c0003f 000000ff 00000000
00:00:01.487474 Gst: 8000001d/0002  00000143 01c0003f 000003ff 00000002
00:00:01.487475 Hst:                00004143 01c0003f 000003ff 00000002
00:00:01.487476 Gst: 8000001d/0003  00000163 03c0003f 00001fff 00000001
00:00:01.487477 Hst:                0001c163 03c0003f 00001fff 00000001
00:00:01.487478 Gst: 8000001d/0004  00000000 00000000 00000000 00000000
00:00:01.487478 Hst:                00000000 00000000 00000000 00000000
00:00:01.487479 Gst: 8000001e/0000  00000000 00000000 00000000 00000000
00:00:01.487480 Hst:                00000009 00000104 00000000 00000000
00:00:01.487480 Gst: 8000001f/0000  00000000 00000000 00000000 00000000
00:00:01.487481 Hst:                00000000 00000000 00000000 00000000
00:00:01.487482 Ext Name:                        AuthenticAMD
00:00:01.487482 Ext Supports:                    0x80000000-0x8000001f
00:00:01.487483 Family:                          15  	Extended: 8 	Effective: 23
00:00:01.487484 Model:                           8  	Extended: 0 	Effective: 8
00:00:01.487484 Stepping:                        2
00:00:01.487484 Brand ID:                        0x000
00:00:01.487485 Ext Features
00:00:01.487485   Mnemonic - Description                                  = Guest (Host)
00:00:01.487486   FPU - x87 FPU on Chip                                   = 1 (1)
00:00:01.487488   VME - Virtual 8086 Mode Enhancements                    = 1 (1)
00:00:01.487489   DE - Debugging extensions                               = 1 (1)
00:00:01.487490   PSE - Page Size Extension                               = 1 (1)
00:00:01.487491   TSC - Time Stamp Counter                                = 1 (1)
00:00:01.487492   MSR - K86 Model Specific Registers                      = 1 (1)
00:00:01.487493   PAE - Physical Address Extension                        = 0 (1)
00:00:01.487494   MCE - Machine Check Exception                           = 0 (1)
00:00:01.487496   CX8 - CMPXCHG8B instruction                             = 1 (1)
00:00:01.487497   APIC - APIC On-Chip                                     = 1 (1)
00:00:01.487498   SEP - SYSCALL/SYSRET                                    = 1 (1)
00:00:01.487499   MTRR - Memory Type Range Registers                      = 1 (1)
00:00:01.487500   PGE - PTE Global Bit                                    = 1 (1)
00:00:01.487502   MCA - Machine Check Architecture                        = 1 (1)
00:00:01.487503   CMOV - Conditional Move instructions                    = 1 (1)
00:00:01.487504   PAT - Page Attribute Table                              = 1 (1)
00:00:01.487505   PSE-36 - 36-bit Page Size Extension                     = 1 (1)
00:00:01.487506   NX - No-Execute/Execute-Disable                         = 0 (1)
00:00:01.487507   AXMMX - AMD Extensions to MMX instructions              = 1 (1)
00:00:01.487508   MMX - Intel MMX Technology                              = 1 (1)
00:00:01.487509   FXSR - FXSAVE and FXRSTOR Instructions                  = 1 (1)
00:00:01.487510   FFXSR - AMD fast FXSAVE and FXRSTOR instructions        = 1 (1)
00:00:01.487511   Page1GB - 1 GB large page                               = 0 (1)
00:00:01.487512   RDTSCP - RDTSCP instruction                             = 1 (1)
00:00:01.487514   LM - AMD64 Long Mode                                    = 0 (1)
00:00:01.487516   3DNOWEXT - AMD Extensions to 3DNow                      = 0 (0)
00:00:01.487517   3DNOW - AMD 3DNow                                       = 0 (0)
00:00:01.487520   LahfSahf - LAHF/SAHF support in 64-bit mode             = 1 (1)
00:00:01.487521   CmpLegacy - Core multi-processing legacy mode           = 0 (1)
00:00:01.487522   SVM - AMD Secure Virtual Machine extensions             = 0 (0)
00:00:01.487523   EXTAPIC - AMD Extended APIC registers                   = 0 (0)
00:00:01.487524   CR8L - AMD LOCK MOV CR0 means MOV CR8                   = 1 (1)
00:00:01.487525   ABM - AMD Advanced Bit Manipulation                     = 1 (1)
00:00:01.487526   SSE4A - SSE4A instructions                              = 1 (1)
00:00:01.487527   MISALIGNSSE - AMD Misaligned SSE mode                   = 1 (1)
00:00:01.487528   3DNOWPRF - AMD PREFETCH and PREFETCHW instructions      = 1 (1)
00:00:01.487529   OSVW - AMD OS Visible Workaround                        = 0 (1)
00:00:01.487530   IBS - Instruct Based Sampling                           = 0 (0)
00:00:01.487531   XOP - Extended Operation support                        = 0 (0)
00:00:01.487532   SKINIT - SKINIT, STGI, and DEV support                  = 0 (0)
00:00:01.487533   WDT - AMD Watchdog Timer support                        = 0 (1)
00:00:01.487534   LWP - Lightweight Profiling support                     = 0 (0)
00:00:01.487535   FMA4 - Four operand FMA instruction support             = 0 (0)
00:00:01.487536   TCE - Translation Cache Extension support               = 0 (0)
00:00:01.487537   NodeId - NodeId in MSR C001_100C                        = 0 (0)
00:00:01.487538   TBM - Trailing Bit Manipulation instructions            = 0 (0)
00:00:01.487539   TOPOEXT - Topology Extensions                           = 0 (1)
00:00:01.487540   PRFEXTCORE - Performance Counter Extensions support     = 0 (0)
00:00:01.487541   PRFEXTNB - NB Performance Counter Extensions support    = 0 (0)
00:00:01.487542   DATABPEXT - Data-access Breakpoint Extension            = 0 (0)
00:00:01.487543   PERFTSC - Performance Time Stamp Counter                = 0 (0)
00:00:01.487544   PCX_L2I - L2I/L3 Performance Counter Extensions         = 0 (0)
00:00:01.487545   MONITORX - MWAITX and MONITORX instructions             = 0 (0)
00:00:01.487545   AddrMaskExt - BP Addressing masking extended to bit 31  = 0 (0)
00:00:01.487546 Full Name:                       "AMD Ryzen 7 2700X Eight-Core Processor         "
00:00:01.487547 TLB 2/4M Instr/Uni:              fully  64 entries
00:00:01.487547 TLB 2/4M Data:                   fully  64 entries
00:00:01.487548 TLB 4K Instr/Uni:                fully  64 entries
00:00:01.487548 TLB 4K Data:                     fully  64 entries
00:00:01.487549 L1 Instr Cache Line Size:        64 bytes
00:00:01.487549 L1 Instr Cache Lines Per Tag:    1
00:00:01.487550 L1 Instr Cache Associativity:    4 way
00:00:01.487550 L1 Instr Cache Size:             64 KB
00:00:01.487550 L1 Data Cache Line Size:         64 bytes
00:00:01.487551 L1 Data Cache Lines Per Tag:     1
00:00:01.487551 L1 Data Cache Associativity:     8 way
00:00:01.487551 L1 Data Cache Size:              32 KB
00:00:01.487552 L2 TLB 2/4M Instr/Uni:           8 way  1024 entries
00:00:01.487552 L2 TLB 2/4M Data:                2 way  1536 entries
00:00:01.487553 L2 TLB 4K Instr/Uni:             8 way  1024 entries
00:00:01.487553 L2 TLB 4K Data:                  8 way  1536 entries
00:00:01.487554 L2 Cache Line Size:              64 bytes
00:00:01.487554 L2 Cache Lines Per Tag:          1
00:00:01.487554 L2 Cache Associativity:          8 way 
00:00:01.487554 L2 Cache Size:                   512 KB
00:00:01.487556 L3 Cache Line Size:              64 bytes
00:00:01.487556 L3 Cache Lines Per Tag:          1
00:00:01.487557 L3 Cache Associativity:          16 way
00:00:01.487557 L3 Cache Size:                   16384 KB
00:00:01.487558 APM Features EDX
00:00:01.487558   Mnemonic - Description                                  = Guest (Host)
00:00:01.487560   TS - Temperature Sensor                                 = 0 (1)
00:00:01.487562   FID - Frequency ID control                              = 0 (0)
00:00:01.487563   VID - Voltage ID control                                = 0 (0)
00:00:01.487565   TTP - Thermal Trip                                      = 0 (1)
00:00:01.487566   TM - Hardware Thermal Control (HTC)                     = 0 (0)
00:00:01.487567   100MHzSteps - 100 MHz Multiplier control                = 0 (0)
00:00:01.487568   HwPstate - Hardware P-state control                     = 0 (1)
00:00:01.487569   TscInvariant - Invariant Time Stamp Counter             = 1 (1)
00:00:01.487570   CPB - Core Performance Boost                            = 0 (1)
00:00:01.487571   EffFreqRO - Read-only Effective Frequency Interface     = 0 (1)
00:00:01.487572   ProcFdbkIf - Processor Feedback Interface               = 0 (0)
00:00:01.487573   ProcPwrRep - Core power reporting interface support     = 0 (0)
00:00:01.487574   ConnectedStandby - Connected Standby                    = 0 (0)
00:00:01.487575   RAPL - Running average power limit                      = 0 (1)
00:00:01.487576 Ext Features ext IDs EBX
00:00:01.487576   Mnemonic - Description                                  = Guest (Host)
00:00:01.487577   CLZERO - Clear zero instruction (cacheline)             = 0 (1)
00:00:01.487578   IRPerf - Instructions retired count support             = 0 (0)
00:00:01.487579   XSaveErPtr - Save/restore error pointers (FXSAVE/RSTOR) = 0 (1)
00:00:01.487580   INVLPGB - INVLPGB and TLBSYNC instructions              = 0 (0)
00:00:01.487581   RDPRU - RDPRU instruction                               = 0 (0)
00:00:01.487582   BE - Bandwidth Enforcement extension                    = 0 (0)
00:00:01.487583   MCOMMIT - MCOMMIT instruction                           = 0 (0)
00:00:01.487584   WBNOINVD - WBNOINVD instruction                         = 0 (0)
00:00:01.487585   IBPB - Supports the IBPB command in IA32_PRED_CMD       = 0 (0)
00:00:01.487586   INT_WBINVD - WBINVD/WBNOINVD interruptible              = 0 (0)
00:00:01.487587   IBRS - Indirect Branch Restricted Speculation           = 0 (0)
00:00:01.487588   STIBP - Single Thread Indirect Branch Prediction        = 0 (0)
00:00:01.487589   IbrsAlwaysOn - Processor prefers that IBRS be left on   = 0 (0)
00:00:01.487590   StibpAlwaysOn - Processor prefers that STIBP be left on = 0 (0)
00:00:01.487590   IbrsPreferred - IBRS preferred over software solution   = 0 (0)
00:00:01.487591   IbrsSameMode - IBRS limits same mode speculation        = 0 (0)
00:00:01.487592   EferLmsleUnsupported - EFER.LMSLE is unsupported        = 0 (0)
00:00:01.487593   INVLPGBnestedPages - INVLPGB for nested translation     = 0 (0)
00:00:01.487594   PPIN - Protected processor inventory number             = 0 (0)
00:00:01.487594   SSBD - Speculative Store Bypass Disable                 = 0 (0)
00:00:01.487595   SsbdVirtSpecCtrl - Use VIRT_SPEC_CTL for SSBD           = 0 (1)
00:00:01.487596   SsbdNotRequired - SSBD not needed on this processor     = 1 (0)
00:00:01.487597   CPPC - Collaborative Processor Performance Control      = 0 (0)
00:00:01.487598   PSFD - Predictive Store Forward Disable                 = 0 (0)
00:00:01.487599   BTC_NO - Unaffected by branch type confusion            = 0 (0)
00:00:01.487600   IBPB_RET - Clears RA predictor when PRED_CMD.IBPB set   = 0 (0)
00:00:01.487600 Physical Address Width:          48 bits
00:00:01.487601 Virtual Address Width:           48 bits
00:00:01.487601 Guest Physical Address Width:    48 bits (0)
00:00:01.487602 Physical Core Count:             1
00:00:01.487602 APIC ID size:                    1 (0x1)
00:00:01.487602 Performance TSC size:            40 bits
00:00:01.487603 Max page count for INVLPGB:      0x3030
00:00:01.487603 Max ECX for RDPRU:               0x0
00:00:01.487604 ********************* End of CPUID dump *********************
00:00:01.487646 VMEmt: Halt method global1 (5)
00:00:01.487718 VMEmt: HaltedGlobal1 config: cNsSpinBlockThresholdCfg=50000
00:00:01.487726 Changing the VM state from 'CREATING' to 'CREATED'
00:00:01.488790 NAT: DNS settings changed, triggering update
00:00:01.488806 NAT DNS Update: Stored 1263225675 as nameserver #0
00:00:01.488812 NAT DNS Update: Stored 1280068427 as nameserver #1
00:00:01.488818 NAT DNS Update: Stored 2 total nameservers
00:00:01.489276 Changing the VM state from 'CREATED' to 'POWERING_ON'
00:00:01.489478 Changing the VM state from 'POWERING_ON' to 'RUNNING'
00:00:01.489486 Console: Machine state changed to 'Running'
00:00:01.491742 VMMDev: Guest Log: BIOS: VirtualBox 7.2.6
00:00:01.491978 PCI: Setting up resources and interrupts
00:00:01.492153 PIT: mode=2 count=0x10000 (65536) - 18.20 Hz (ch=0)
00:00:01.513188 Display::i_handleDisplayResize: uScreenId=0 pvVRAM=0000000000000000 w=720 h=400 bpp=0 cbLine=0x0 flags=0x0 origin=0,0
00:00:01.513679 VMMDev: Guest Log: CPUID EDX: 0x178bfbbf
00:00:01.513802 PIIX3 ATA: Ctl#0: RESET, DevSel=0 AIOIf=0 CmdIf0=0x00 (-1 usec ago) CmdIf1=0x00 (-1 usec ago)
00:00:01.513828 PIIX3 ATA: Ctl#0: finished processing RESET
00:00:01.514238 VMMDev: Guest Log: BIOS: ata0-0: PCHS=65/16/63 LCHS=65/16/63
00:00:01.554251 PIT: mode=2 count=0x48d3 (18643) - 64.00 Hz (ch=0)
00:00:01.562259 Display::i_handleDisplayResize: uScreenId=0 pvVRAM=0000012489000000 w=640 h=480 bpp=32 cbLine=0xA00 flags=0x0 origin=0,0
00:00:01.961771 VBoxHeadless: starting event loop
00:00:04.027266 Display::i_handleDisplayResize: uScreenId=0 pvVRAM=0000000000000000 w=720 h=400 bpp=0 cbLine=0x0 flags=0x0 origin=0,0
00:00:04.029241 PIT: mode=2 count=0x10000 (65536) - 18.20 Hz (ch=0)
00:00:04.029451 VMMDev: Guest Log: BIOS: Boot : bseqnr=1, bootseq=0002
00:00:04.029724 VMMDev: Guest Log: BIOS: Booting from Hard Disk...
00:00:04.045285 WasAPI: Looking up or creating cache entry (caching is set to enabled, iface 000001247fd9fdc0, async init)
00:00:04.045368 Audio: Warning: Scheduling hint of stream '[WasAPI] Output:0' is bigger (1000ms) than used period size (0ms)
00:00:04.045468 Audio Mixer: Setting sink 'SB16 Mixer/PCM Output' -- channel volumes: ba ba ba ba ba ba ba ba ba ba ba ba
00:00:04.048756 Display::i_handleDisplayResize: uScreenId=0 pvVRAM=0000012489000000 w=640 h=400 bpp=0 cbLine=0x140 flags=0x0 origin=0,0
