00:00:00.371936 VirtualBox VM 7.2.6 r172322 win.amd64 (Jan 15 2026 18:08:50) release log
00:00:00.371939 Log opened 2026-04-24T02:04:59.309985800Z
00:00:00.371940 Build Type: release
00:00:00.371941 OS Product: Windows 10
00:00:00.372188 OS Release: 10.0.19045.7184
00:00:00.372195 OS Service Pack: 
00:00:00.445701 DMI Product Name: System Product Name
00:00:00.449819 DMI Product Version: System Version
00:00:00.449838 Firmware type: UEFI
00:00:00.450326 Secure Boot: Enabled
00:00:00.450335 Host RAM: 32692MB (31.9GB) total, 20032MB (19.5GB) available
00:00:00.450339 Executable: C:\Program Files\Oracle\VirtualBox\VBoxHeadless.exe
00:00:00.450340 Process ID: 47172
00:00:00.450340 Package type: WINDOWS_64BITS_GENERIC
00:00:00.450341 Windows Features:
00:00:00.450342   Core Isolation (Memory Integrity): DISABLED
00:00:00.451339 Installed Extension Packs:
00:00:00.451357   None installed!
00:00:00.452059 Console: Machine state changed to 'Starting'
00:00:00.514515 SUP: seg #0: R   0x00000000 LB 0x00001000
00:00:00.514532 SUP: seg #1: R X 0x00001000 LB 0x00204000
00:00:00.514536 SUP: seg #2: R   0x00205000 LB 0x00053000
00:00:00.514540 SUP: seg #3: RW  0x00258000 LB 0x00013000
00:00:00.514543 SUP: seg #4: R   0x0026b000 LB 0x00013000
00:00:00.514547 SUP: seg #5: RW  0x0027e000 LB 0x00004000
00:00:00.514550 SUP: seg #6: R   0x00282000 LB 0x00007000
00:00:00.514553 SUP: seg #7: R X 0x00289000 LB 0x00002000
00:00:00.514557 SUP: seg #8: R   0x0028b000 LB 0x00007000
00:00:00.518319 SUP: Loaded VMMR0.r0 (C:\Program Files\Oracle\VirtualBox/VMMR0.r0) at 0xXXXXXXXXXXXXXXXX - ModuleInit at XXXXXXXXXXXXXXXX and ModuleTerm at XXXXXXXXXXXXXXXX using the native ring-0 loader
00:00:00.518356 SUP: VMMR0EntryEx located at XXXXXXXXXXXXXXXX and VMMR0EntryFast at XXXXXXXXXXXXXXXX
00:00:00.518359 SUP: windbg> .reload /f C:\Program Files\Oracle\VirtualBox/VMMR0.r0=0xXXXXXXXXXXXXXXXX
00:00:00.521501 Guest architecture: x86
00:00:00.521543 Guest OS type: 'Other'
00:00:00.522044 fHMForced=true - No raw-mode support in this build!
00:00:00.522054 Using execution engine 1
00:00:00.524602 File system of 'C:\Users\RhythmicCarnage\Desktop\CyberStorm\deploy\virtualbox\CyberStorm.vdi' is ntfs
00:00:00.625486 Shared Clipboard: Initialized OLE
00:00:00.625547 Shared Clipboard: Service loaded
00:00:00.625557 Shared Clipboard: Mode: Off
00:00:00.625609 Shared Clipboard: Service running in headless mode
00:00:00.638506 Drag and drop service loaded
00:00:00.638519 Drag and drop mode: Off
00:00:00.639458 Audio: Detected default audio driver type is 'HostAudioWas'
00:00:00.721119 ************************* CFGM dump *************************
00:00:00.721128 [/] (level 0)
00:00:00.721129   CpuExecutionCap   <integer> = 0x0000000000000064 (100)
00:00:00.721131   EnablePAE         <integer> = 0x0000000000000000 (0)
00:00:00.721133   HMEnabled         <integer> = 0x0000000000000001 (1)
00:00:00.721133   MemBalloonSize    <integer> = 0x0000000000000000 (0, 0 B)
00:00:00.721137   Name              <string>  = "CyberStorm" (cb=11)
00:00:00.721138   NumCPUs           <integer> = 0x0000000000000001 (1)
00:00:00.721138   PageFusionAllowed <integer> = 0x0000000000000000 (0)
00:00:00.721139   RamHoleSize       <integer> = 0x0000000020000000 (536 870 912, 512.0 MiB)
00:00:00.721140   RamSize           <integer> = 0x0000000004000000 (67 108 864, 64.0 MiB)
00:00:00.721141   TimerMillies      <integer> = 0x000000000000000a (10)
00:00:00.721142   UUID              <bytes>   = "84 fe 97 7c 26 21 2a 43 ac 65 c9 1e 3c 98 1e 47" (cb=16)
00:00:00.721144 
00:00:00.721144 [/CPUM/] (level 1)
00:00:00.721146   Enable64bit        <integer> = 0x0000000000000000 (0)
00:00:00.721146   GuestCpuName       <string>  = "host" (cb=5)
00:00:00.721147   NestedHWVirt       <integer> = 0x0000000000000000 (0)
00:00:00.721148   PortableCpuIdLevel <integer> = 0x0000000000000000 (0)
00:00:00.721148   SpecCtrl           <integer> = 0x0000000000000000 (0)
00:00:00.721149 
00:00:00.721149 [/CPUM/IsaExts/] (level 2)
00:00:00.721150 
00:00:00.721150 [/DBGC/] (level 1)
00:00:00.721151   GlobalInitScript <string>  = "C:\Users\RhythmicCarnage\.VirtualBox/dbgc-init" (cb=47)
00:00:00.721152   HistoryFile      <string>  = "C:\Users\RhythmicCarnage\.VirtualBox/dbgc-history" (cb=50)
00:00:00.721152   LocalInitScript  <string>  = "C:\Users\RhythmicCarnage\Desktop\CyberStorm\deploy\virtualbox\CyberStorm/dbgc-init" (cb=83)
00:00:00.721153 
00:00:00.721153 [/DBGF/] (level 1)
00:00:00.721154   Path <string>  = "C:\Users\RhythmicCarnage\Desktop\CyberStorm\deploy\virtualbox\CyberStorm/debug/;C:\Users\RhythmicCarnage\Desktop\CyberStorm\deploy\virtualbox\CyberStorm/;cache*C:\Users\RhythmicCarnage\Desktop\CyberStorm\deploy\virtualbox\CyberStorm/dbgcache/;C:\Users\RhythmicCarnage\" (cb=269)
00:00:00.721154 
00:00:00.721154 [/Devices/] (level 1)
00:00:00.721155 
00:00:00.721155 [/Devices/3c501/] (level 2)
00:00:00.721156 
00:00:00.721156 [/Devices/8237A/] (level 2)
00:00:00.721157 
00:00:00.721157 [/Devices/8237A/0/] (level 3)
00:00:00.721158   Trusted <integer> = 0x0000000000000001 (1)
00:00:00.721159 
00:00:00.721159 [/Devices/VMMDev/] (level 2)
00:00:00.721160 
00:00:00.721160 [/Devices/VMMDev/0/] (level 3)
00:00:00.721161   PCIBusNo      <integer> = 0x0000000000000000 (0)
00:00:00.721162   PCIDeviceNo   <integer> = 0x0000000000000004 (4)
00:00:00.721162   PCIFunctionNo <integer> = 0x0000000000000000 (0)
00:00:00.721163   Trusted       <integer> = 0x0000000000000001 (1)
00:00:00.721163 
00:00:00.721163 [/Devices/VMMDev/0/Config/] (level 4)
00:00:00.721164   GuestCoreDumpDir <string>  = "C:\Users\RhythmicCarnage\Desktop\CyberStorm\deploy\virtualbox\CyberStorm\Snapshots" (cb=83)
00:00:00.721165 
00:00:00.721165 [/Devices/VMMDev/0/LUN#0/] (level 4)
00:00:00.721166   Driver <string>  = "HGCM" (cb=5)
00:00:00.721167 
00:00:00.721167 [/Devices/VMMDev/0/LUN#0/Config/] (level 5)
00:00:00.721168 
00:00:00.721168 [/Devices/VMMDev/0/LUN#999/] (level 4)
00:00:00.721169   Driver <string>  = "MainStatus" (cb=11)
00:00:00.721169 
00:00:00.721170 [/Devices/VMMDev/0/LUN#999/Config/] (level 5)
00:00:00.721171   First                <integer> = 0x0000000000000000 (0)
00:00:00.721171   HasMediumAttachments <integer> = 0x0000000000000000 (0)
00:00:00.721172   Last                 <integer> = 0x0000000000000000 (0)
00:00:00.721173   iLedSet              <integer> = 0x0000000000000003 (3)
00:00:00.721173 
00:00:00.721174 [/Devices/acpi/] (level 2)
00:00:00.721174 
00:00:00.721175 [/Devices/acpi/0/] (level 3)
00:00:00.721175   PCIBusNo      <integer> = 0x0000000000000000 (0)
00:00:00.721176   PCIDeviceNo   <integer> = 0x0000000000000007 (7)
00:00:00.721177   PCIFunctionNo <integer> = 0x0000000000000000 (0)
00:00:00.721177   Trusted       <integer> = 0x0000000000000001 (1)
00:00:00.721178 
00:00:00.721178 [/Devices/acpi/0/Config/] (level 4)
00:00:00.721179   CpuHotPlug          <integer> = 0x0000000000000000 (0)
00:00:00.721182   FdcEnabled          <integer> = 0x0000000000000000 (0)
00:00:00.721182   HostBusPciAddress   <integer> = 0x0000000000000000 (0)
00:00:00.721183   HpetEnabled         <integer> = 0x0000000000000000 (0)
00:00:00.721183   IOAPIC              <integer> = 0x0000000000000000 (0)
00:00:00.721184   IocPciAddress       <integer> = 0x0000000000010000 (65 536)
00:00:00.721185   NumCPUs             <integer> = 0x0000000000000001 (1)
00:00:00.721185   Parallel0IoPortBase <integer> = 0x0000000000000000 (0)
00:00:00.721186   Parallel0Irq        <integer> = 0x0000000000000000 (0)
00:00:00.721187   Parallel1IoPortBase <integer> = 0x0000000000000000 (0)
00:00:00.721187   Parallel1Irq        <integer> = 0x0000000000000000 (0)
00:00:00.721188   Serial0IoPortBase   <integer> = 0x0000000000000000 (0)
00:00:00.721188   Serial0Irq          <integer> = 0x0000000000000000 (0)
00:00:00.721189   Serial1IoPortBase   <integer> = 0x0000000000000000 (0)
00:00:00.721189   Serial1Irq          <integer> = 0x0000000000000000 (0)
00:00:00.721190   ShowCpu             <integer> = 0x0000000000000000 (0)
00:00:00.721190   ShowRtc             <integer> = 0x0000000000000000 (0)
00:00:00.721191   SmcEnabled          <integer> = 0x0000000000000000 (0)
00:00:00.721192 
00:00:00.721192 [/Devices/acpi/0/LUN#0/] (level 4)
00:00:00.721193   Driver <string>  = "ACPIHost" (cb=9)
00:00:00.721194 
00:00:00.721194 [/Devices/acpi/0/LUN#0/Config/] (level 5)
00:00:00.721195 
00:00:00.721195 [/Devices/apic/] (level 2)
00:00:00.721196 
00:00:00.721196 [/Devices/apic/0/] (level 3)
00:00:00.721197   Trusted <integer> = 0x0000000000000001 (1)
00:00:00.721197 
00:00:00.721197 [/Devices/apic/0/Config/] (level 4)
00:00:00.721198   IOAPIC  <integer> = 0x0000000000000000 (0)
00:00:00.721199   Mode    <integer> = 0x0000000000000002 (2)
00:00:00.721200   NumCPUs <integer> = 0x0000000000000001 (1)
00:00:00.721200 
00:00:00.721200 [/Devices/dp8390/] (level 2)
00:00:00.721201 
00:00:00.721202 [/Devices/e1000/] (level 2)
00:00:00.721202 
00:00:00.721203 [/Devices/i8254/] (level 2)
00:00:00.721203 
00:00:00.721203 [/Devices/i8254/0/] (level 3)
00:00:00.721204 
00:00:00.721204 [/Devices/i8254/0/Config/] (level 4)
00:00:00.721205 
00:00:00.721205 [/Devices/i8259/] (level 2)
00:00:00.721206 
00:00:00.721206 [/Devices/i8259/0/] (level 3)
00:00:00.721207   Trusted <integer> = 0x0000000000000001 (1)
00:00:00.721207 
00:00:00.721208 [/Devices/i8259/0/Config/] (level 4)
00:00:00.721208 
00:00:00.721209 [/Devices/mc146818/] (level 2)
00:00:00.721209 
00:00:00.721209 [/Devices/mc146818/0/] (level 3)
00:00:00.721210 
00:00:00.721210 [/Devices/mc146818/0/Config/] (level 4)
00:00:00.721211   UseUTC <integer> = 0x0000000000000000 (0)
00:00:00.721212 
00:00:00.721212 [/Devices/parallel/] (level 2)
00:00:00.721213 
00:00:00.721213 [/Devices/pcarch/] (level 2)
00:00:00.721213 
00:00:00.721214 [/Devices/pcarch/0/] (level 3)
00:00:00.721214   Trusted <integer> = 0x0000000000000001 (1)
00:00:00.721215 
00:00:00.721215 [/Devices/pcarch/0/Config/] (level 4)
00:00:00.721216 
00:00:00.721216 [/Devices/pcbios/] (level 2)
00:00:00.721217 
00:00:00.721217 [/Devices/pcbios/0/] (level 3)
00:00:00.721218   Trusted <integer> = 0x0000000000000001 (1)
00:00:00.721218 
00:00:00.721218 [/Devices/pcbios/0/Config/] (level 4)
00:00:00.721220   APIC            <integer> = 0x0000000000000001 (1)
00:00:00.721220   BootDevice0     <string>  = "IDE" (cb=4)
00:00:00.721221   BootDevice1     <string>  = "NONE" (cb=5)
00:00:00.721221   BootDevice2     <string>  = "NONE" (cb=5)
00:00:00.721222   BootDevice3     <string>  = "NONE" (cb=5)
00:00:00.721222   DmiSystemSerial <string>  = "VirtualBox-<DmiSystemUuid>" (cb=27)
00:00:00.721223   FloppyDevice    <string>  = "i82078" (cb=7)
00:00:00.721223   HardDiskDevice  <string>  = "piix3ide" (cb=9)
00:00:00.721224   IOAPIC          <integer> = 0x0000000000000000 (0)
00:00:00.721224   McfgBase        <integer> = 0x0000000000000000 (0)
00:00:00.721226   McfgLength      <integer> = 0x0000000000000000 (0)
00:00:00.721227   NumCPUs         <integer> = 0x0000000000000001 (1)
00:00:00.721227   PXEDebug        <integer> = 0x0000000000000000 (0)
00:00:00.721228   UUID            <bytes>   = "84 fe 97 7c 26 21 2a 43 ac 65 c9 1e 3c 98 1e 47" (cb=16)
00:00:00.721229   UuidLe          <integer> = 0x0000000000000001 (1)
00:00:00.721230 
00:00:00.721230 [/Devices/pcbios/0/Config/NetBoot/] (level 5)
00:00:00.721231 
00:00:00.721231 [/Devices/pcbios/0/Config/NetBoot/0/] (level 6)
00:00:00.721232   NIC           <integer> = 0x0000000000000000 (0)
00:00:00.721233   PCIBusNo      <integer> = 0x0000000000000000 (0)
00:00:00.721234   PCIDeviceNo   <integer> = 0x0000000000000003 (3)
00:00:00.721234   PCIFunctionNo <integer> = 0x0000000000000000 (0)
00:00:00.721235 
00:00:00.721235 [/Devices/pci/] (level 2)
00:00:00.721236 
00:00:00.721236 [/Devices/pci/0/] (level 3)
00:00:00.721237   Trusted <integer> = 0x0000000000000001 (1)
00:00:00.721237 
00:00:00.721237 [/Devices/pci/0/Config/] (level 4)
00:00:00.721238   IOAPIC <integer> = 0x0000000000000000 (0)
00:00:00.721239 
00:00:00.721239 [/Devices/pcibridge/] (level 2)
00:00:00.721239 
00:00:00.721240 [/Devices/pckbd/] (level 2)
00:00:00.721240 
00:00:00.721240 [/Devices/pckbd/0/] (level 3)
00:00:00.721241   Trusted <integer> = 0x0000000000000001 (1)
00:00:00.721242 
00:00:00.721242 [/Devices/pckbd/0/Config/] (level 4)
00:00:00.721243 
00:00:00.721243 [/Devices/pckbd/0/LUN#0/] (level 4)
00:00:00.721244   Driver <string>  = "KeyboardQueue" (cb=14)
00:00:00.721244 
00:00:00.721244 [/Devices/pckbd/0/LUN#0/AttachedDriver/] (level 5)
00:00:00.721245   Driver <string>  = "MainKeyboard" (cb=13)
00:00:00.721246 
00:00:00.721246 [/Devices/pckbd/0/LUN#0/Config/] (level 5)
00:00:00.721247   QueueSize <integer> = 0x0000000000000040 (64, 64 B)
00:00:00.721248 
00:00:00.721248 [/Devices/pckbd/0/LUN#1/] (level 4)
00:00:00.721249   Driver <string>  = "MouseQueue" (cb=11)
00:00:00.721249 
00:00:00.721249 [/Devices/pckbd/0/LUN#1/AttachedDriver/] (level 5)
00:00:00.721250   Driver <string>  = "MainMouse" (cb=10)
00:00:00.721251 
00:00:00.721251 [/Devices/pckbd/0/LUN#1/Config/] (level 5)
00:00:00.721252   QueueSize <integer> = 0x0000000000000080 (128, 128 B)
00:00:00.721253 
00:00:00.721253 [/Devices/pcnet/] (level 2)
00:00:00.721253 
00:00:00.721254 [/Devices/pcnet/0/] (level 3)
00:00:00.721254   PCIBusNo      <integer> = 0x0000000000000000 (0)
00:00:00.721255   PCIDeviceNo   <integer> = 0x0000000000000003 (3)
00:00:00.721256   PCIFunctionNo <integer> = 0x0000000000000000 (0)
00:00:00.721256   Trusted       <integer> = 0x0000000000000001 (1)
00:00:00.721257 
00:00:00.721257 [/Devices/pcnet/0/Config/] (level 4)
00:00:00.721258   CableConnected <integer> = 0x0000000000000001 (1)
00:00:00.721258   ChipType       <string>  = "Am79C973" (cb=9)
00:00:00.721259   LineSpeed      <integer> = 0x0000000000000000 (0)
00:00:00.721259   MAC            <bytes>   = "08 00 27 49 08 8f" (cb=6)
00:00:00.721261 
00:00:00.721261 [/Devices/pcnet/0/LUN#0/] (level 4)
00:00:00.721262   Driver <string>  = "NAT" (cb=4)
00:00:00.721262 
00:00:00.721262 [/Devices/pcnet/0/LUN#0/Config/] (level 5)
00:00:00.721263   AliasMode          <integer> = 0x0000000000000000 (0)
00:00:00.721264   DNSProxy           <integer> = 0x0000000000000000 (0)
00:00:00.721265   EnableTFTP         <integer> = 0x0000000000000000 (0)
00:00:00.721265   ForwardBroadcast   <integer> = 0x0000000000000000 (0)
00:00:00.721266   LocalhostReachable <integer> = 0x0000000000000000 (0)
00:00:00.721266   Network            <string>  = "10.0.2.0/24" (cb=12)
00:00:00.721267   PassDomain         <integer> = 0x0000000000000001 (1)
00:00:00.721267   UseHostResolver    <integer> = 0x0000000000000000 (0)
00:00:00.721268 
00:00:00.721268 [/Devices/pcnet/0/LUN#999/] (level 4)
00:00:00.721269   Driver <string>  = "MainStatus" (cb=11)
00:00:00.721269 
00:00:00.721270 [/Devices/pcnet/0/LUN#999/Config/] (level 5)
00:00:00.721271   First                <integer> = 0x0000000000000000 (0)
00:00:00.721272   HasMediumAttachments <integer> = 0x0000000000000000 (0)
00:00:00.721273   Last                 <integer> = 0x0000000000000000 (0)
00:00:00.721273   iLedSet              <integer> = 0x0000000000000002 (2)
00:00:00.721274 
00:00:00.721274 [/Devices/piix3ide/] (level 2)
00:00:00.721275 
00:00:00.721275 [/Devices/piix3ide/0/] (level 3)
00:00:00.721276   PCIBusNo      <integer> = 0x0000000000000000 (0)
00:00:00.721276   PCIDeviceNo   <integer> = 0x0000000000000001 (1)
00:00:00.721277   PCIFunctionNo <integer> = 0x0000000000000001 (1)
00:00:00.721277   Trusted       <integer> = 0x0000000000000001 (1)
00:00:00.721278 
00:00:00.721278 [/Devices/piix3ide/0/Config/] (level 4)
00:00:00.721279   Type <string>  = "PIIX4" (cb=6)
00:00:00.721280 
00:00:00.721280 [/Devices/piix3ide/0/LUN#0/] (level 4)
00:00:00.721281   Driver <string>  = "VD" (cb=3)
00:00:00.721281 
00:00:00.721281 [/Devices/piix3ide/0/LUN#0/Config/] (level 5)
00:00:00.721282   Format    <string>  = "VDI" (cb=4)
00:00:00.721283   Mountable <integer> = 0x0000000000000000 (0)
00:00:00.721283   Path      <string>  = "C:\Users\RhythmicCarnage\Desktop\CyberStorm\deploy\virtualbox\CyberStorm.vdi" (cb=77)
00:00:00.721284   Type      <string>  = "HardDisk" (cb=9)
00:00:00.721284 
00:00:00.721284 [/Devices/piix3ide/0/LUN#0/Config/VDConfig/] (level 6)
00:00:00.721285   AllocationBlockSize <string>  = "1048576" (cb=8)
00:00:00.721286 
00:00:00.721286 [/Devices/piix3ide/0/LUN#999/] (level 4)
00:00:00.721287   Driver <string>  = "MainStatus" (cb=11)
00:00:00.721287 
00:00:00.721288 [/Devices/piix3ide/0/LUN#999/Config/] (level 5)
00:00:00.721288   DeviceInstance       <string>  = "piix3ide/0" (cb=11)
00:00:00.721289   First                <integer> = 0x0000000000000000 (0)
00:00:00.721290   HasMediumAttachments <integer> = 0x0000000000000001 (1)
00:00:00.721290   Last                 <integer> = 0x0000000000000003 (3)
00:00:00.721291   iLedSet              <integer> = 0x0000000000000001 (1)
00:00:00.721292 
00:00:00.721292 [/Devices/sb16/] (level 2)
00:00:00.721292 
00:00:00.721293 [/Devices/sb16/0/] (level 3)
00:00:00.721293   Trusted <integer> = 0x0000000000000001 (1)
00:00:00.721294 
00:00:00.721294 [/Devices/sb16/0/AudioConfig/] (level 4)
00:00:00.721295 
00:00:00.721295 [/Devices/sb16/0/Config/] (level 4)
00:00:00.721296   DMA          <integer> = 0x0000000000000001 (1)
00:00:00.721297   DMA16        <integer> = 0x0000000000000005 (5)
00:00:00.721297   DebugEnabled <integer> = 0x0000000000000000 (0)
00:00:00.721298   IRQ          <integer> = 0x0000000000000005 (5)
00:00:00.721298   Port         <integer> = 0x0000000000000220 (544)
00:00:00.721299   Version      <integer> = 0x0000000000000405 (1 029)
00:00:00.721300 
00:00:00.721300 [/Devices/sb16/0/LUN#0/] (level 4)
00:00:00.721301   Driver <string>  = "AUDIO" (cb=6)
00:00:00.721301 
00:00:00.721301 [/Devices/sb16/0/LUN#0/AttachedDriver/] (level 5)
00:00:00.721302   Driver <string>  = "HostAudioWas" (cb=13)
00:00:00.721303 
00:00:00.721303 [/Devices/sb16/0/LUN#0/AttachedDriver/Config/] (level 6)
00:00:00.721304   VmName <string>  = "CyberStorm" (cb=11)
00:00:00.721304   VmUuid <string>  = "7c97fe84-2126-432a-ac65-c91e3c981e47" (cb=37)
00:00:00.721305 
00:00:00.721305 [/Devices/sb16/0/LUN#0/Config/] (level 5)
00:00:00.721306   DriverName    <string>  = "HostAudioWas" (cb=13)
00:00:00.721307   InputEnabled  <integer> = 0x0000000000000000 (0)
00:00:00.721307   OutputEnabled <integer> = 0x0000000000000001 (1)
00:00:00.721308 
00:00:00.721308 [/Devices/sb16/0/LUN#1/] (level 4)
00:00:00.721309   Driver <string>  = "AUDIO" (cb=6)
00:00:00.721309 
00:00:00.721309 [/Devices/sb16/0/LUN#2/] (level 4)
00:00:00.721310   Driver <string>  = "AUDIO" (cb=6)
00:00:00.721311 
00:00:00.721311 [/Devices/serial/] (level 2)
00:00:00.721311 
00:00:00.721312 [/Devices/vga/] (level 2)
00:00:00.721312 
00:00:00.721312 [/Devices/vga/0/] (level 3)
00:00:00.721313   PCIBusNo      <integer> = 0x0000000000000000 (0)
00:00:00.721314   PCIDeviceNo   <integer> = 0x0000000000000002 (2)
00:00:00.721315   PCIFunctionNo <integer> = 0x0000000000000000 (0)
00:00:00.721316   Trusted       <integer> = 0x0000000000000001 (1)
00:00:00.721316 
00:00:00.721316 [/Devices/vga/0/Config/] (level 4)
00:00:00.721317   3DEnabled             <integer> = 0x0000000000000000 (0)
00:00:00.721318   CustomVideoModes      <integer> = 0x0000000000000000 (0)
00:00:00.721318   FadeIn                <integer> = 0x0000000000000001 (1)
00:00:00.721319   FadeOut               <integer> = 0x0000000000000001 (1)
00:00:00.721320   HeightReduction       <integer> = 0x0000000000000000 (0)
00:00:00.721320   LogoFile              <string>  = "" (cb=1)
00:00:00.721321   LogoTime              <integer> = 0x0000000000000000 (0)
00:00:00.721322   MonitorCount          <integer> = 0x0000000000000001 (1)
00:00:00.721322   ShowBootMenu          <integer> = 0x0000000000000002 (2)
00:00:00.721323   VMSVGA3dEnabled       <integer> = 0x0000000000000000 (0)
00:00:00.721323   VMSVGAEnabled         <integer> = 0x0000000000000001 (1)
00:00:00.721324   VRamSize              <integer> = 0x0000000001000000 (16 777 216, 16.0 MiB)
00:00:00.721325   VmSvga3               <integer> = 0x0000000000000000 (0)
00:00:00.721326   VmSvgaExposeLegacyVga <integer> = 0x0000000000000001 (1)
00:00:00.721326 
00:00:00.721326 [/Devices/vga/0/LUN#0/] (level 4)
00:00:00.721327   Driver <string>  = "MainDisplay" (cb=12)
00:00:00.721328 
00:00:00.721328 [/Devices/vga/0/LUN#0/Config/] (level 5)
00:00:00.721329 
00:00:00.721329 [/Devices/vga/0/LUN#999/] (level 4)
00:00:00.721330   Driver <string>  = "MainStatus" (cb=11)
00:00:00.721330 
00:00:00.721330 [/Devices/vga/0/LUN#999/Config/] (level 5)
00:00:00.721331   First                <integer> = 0x0000000000000000 (0)
00:00:00.721332   HasMediumAttachments <integer> = 0x0000000000000000 (0)
00:00:00.721333   Last                 <integer> = 0x0000000000000000 (0)
00:00:00.721333   iLedSet              <integer> = 0x0000000000000000 (0)
00:00:00.721334 
00:00:00.721334 [/Devices/virtio-net/] (level 2)
00:00:00.721335 
00:00:00.721335 [/EM/] (level 1)
00:00:00.721336   TripleFaultReset <integer> = 0x0000000000000000 (0)
00:00:00.721336 
00:00:00.721336 [/GCM/] (level 1)
00:00:00.721337 
00:00:00.721337 [/GIM/] (level 1)
00:00:00.721337   Provider <string>  = "None" (cb=5)
00:00:00.721342 
00:00:00.721343 [/HM/] (level 1)
00:00:00.721344   64bitEnabled        <integer> = 0x0000000000000000 (0)
00:00:00.721345   EnableLargePages    <integer> = 0x0000000000000001 (1)
00:00:00.721345   EnableNestedPaging  <integer> = 0x0000000000000001 (1)
00:00:00.721346   EnableUX            <integer> = 0x0000000000000001 (1)
00:00:00.721347   EnableVPID          <integer> = 0x0000000000000001 (1)
00:00:00.721348   Exclusive           <integer> = 0x0000000000000000 (0)
00:00:00.721349   HMForced            <integer> = 0x0000000000000001 (1)
00:00:00.721350   IBPBOnVMEntry       <integer> = 0x0000000000000000 (0)
00:00:00.721350   IBPBOnVMExit        <integer> = 0x0000000000000000 (0)
00:00:00.721351   L1DFlushOnSched     <integer> = 0x0000000000000001 (1)
00:00:00.721352   L1DFlushOnVMEntry   <integer> = 0x0000000000000000 (0)
00:00:00.721352   MDSClearOnSched     <integer> = 0x0000000000000001 (1)
00:00:00.721353   MDSClearOnVMEntry   <integer> = 0x0000000000000000 (0)
00:00:00.721353   SpecCtrlByHost      <integer> = 0x0000000000000000 (0)
00:00:00.721354   SvmVirtVmsaveVmload <integer> = 0x0000000000000000 (0)
00:00:00.721354   UseNEMInstead       <integer> = 0x0000000000000000 (0)
00:00:00.721355 
00:00:00.721355 [/MM/] (level 1)
00:00:00.721356   CanUseLargerHeap <integer> = 0x0000000000000000 (0)
00:00:00.721357 
00:00:00.721357 [/NEM/] (level 1)
00:00:00.721357   Allow64BitGuests  <integer> = 0x0000000000000000 (0)
00:00:00.721358   IBPBOnVMEntry     <integer> = 0x0000000000000000 (0)
00:00:00.721359   IBPBOnVMExit      <integer> = 0x0000000000000000 (0)
00:00:00.721359   L1DFlushOnSched   <integer> = 0x0000000000000001 (1)
00:00:00.721361   L1DFlushOnVMEntry <integer> = 0x0000000000000000 (0)
00:00:00.721362   MDSClearOnSched   <integer> = 0x0000000000000001 (1)
00:00:00.721362   MDSClearOnVMEntry <integer> = 0x0000000000000000 (0)
00:00:00.721363 
00:00:00.721363 [/PDM/] (level 1)
00:00:00.721364 
00:00:00.721364 [/PDM/AsyncCompletion/] (level 2)
00:00:00.721365 
00:00:00.721365 [/PDM/AsyncCompletion/File/] (level 3)
00:00:00.721366 
00:00:00.721366 [/PDM/AsyncCompletion/File/BwGroups/] (level 4)
00:00:00.721367 
00:00:00.721367 [/PDM/BlkCache/] (level 2)
00:00:00.721368   CacheSize <integer> = 0x0000000000500000 (5 242 880, 5.0 MiB)
00:00:00.721369 
00:00:00.721369 [/PDM/Devices/] (level 2)
00:00:00.721370 
00:00:00.721370 [/PDM/Drivers/] (level 2)
00:00:00.721371 
00:00:00.721371 [/PDM/Drivers/VBoxC/] (level 3)
00:00:00.721372   Path <string>  = "VBoxC" (cb=6)
00:00:00.721372 
00:00:00.721372 [/PDM/NetworkShaper/] (level 2)
00:00:00.721373 
00:00:00.721373 [/PDM/NetworkShaper/BwGroups/] (level 3)
00:00:00.721374 
00:00:00.721374 [/TM/] (level 1)
00:00:00.721375   UTCOffset <integer> = 0x0000000000000000 (0)
00:00:00.721375 
00:00:00.721375 ********************* End of CFGM dump **********************
00:00:00.721435 HM: HMR3Init: Attempting fall back to NEM: AMD-V is not available
00:00:00.780802 NEM:  info: Found optional import WinHvPlatform.dll!WHvQueryGpaRangeDirtyBitmap.
00:00:00.780817 NEM:  info: Found optional import WinHvPlatform.dll!WHvResumePartitionTime.
00:00:00.780820 NEM:  info: Found optional import WinHvPlatform.dll!WHvSuspendPartitionTime.
00:00:00.780824 NEM:  info: Found optional import WinHvPlatform.dll!WHvRequestInterrupt.
00:00:00.780827 NEM:  info: Found optional import WinHvPlatform.dll!WHvGetVirtualProcessorXsaveState.
00:00:00.780831 NEM:  info: Found optional import WinHvPlatform.dll!WHvSetVirtualProcessorXsaveState.
00:00:00.780835 NEM:  info: Failed to import WinHvPlatform.dll!WHvGetVirtualProcessorState: VERR_SYMBOL_NOT_FOUND
00:00:00.780851 NEM:  info: Failed to import WinHvPlatform.dll!WHvSetVirtualProcessorState: VERR_SYMBOL_NOT_FOUND
00:00:00.780855 NEM:  info: Found optional import WinHvPlatform.dll!WHvGetVirtualProcessorInterruptControllerState.
00:00:00.780859 NEM:  info: Found optional import WinHvPlatform.dll!WHvSetVirtualProcessorInterruptControllerState.
00:00:00.780862 NEM:  info: Found optional import WinHvPlatform.dll!WHvGetVirtualProcessorInterruptControllerState2.
00:00:00.780865 NEM:  info: Found optional import WinHvPlatform.dll!WHvSetVirtualProcessorInterruptControllerState2.
00:00:00.780870 NEM:  info: Found optional import vid.dll!VidGetHvPartitionId.
00:00:00.780873 NEM:  info: Found optional import vid.dll!VidGetPartitionProperty.
00:00:00.780932 NEM: WHvCapabilityCodeHypervisorPresent is TRUE, so this might work...
00:00:00.780937 NEM: WHvCapabilityCodeExtendedVmExits      = 0x00000000000003ff
00:00:00.780941 NEM:                           X64CpuidExit: 1
00:00:00.780945 NEM:                             X64MsrExit: 1
00:00:00.780948 NEM:                          ExceptionExit: 1
00:00:00.780952 NEM:                           X64RdtscExit: 1
00:00:00.780955 NEM:                     X64ApicSmiExitTrap: 1
00:00:00.780958 NEM:                          HypercallExit: 1
00:00:00.780961 NEM:                X64ApicInitSipiExitTrap: 1
00:00:00.780964 NEM:              X64ApicWriteLint0ExitTrap: 1
00:00:00.780967 NEM:              X64ApicWriteLint1ExitTrap: 1
00:00:00.780970 NEM:                X64ApicWriteSvrExitTrap: 1
00:00:00.780973 NEM:                 UnknownSynicConnection: 0
00:00:00.780976 NEM:              RetargetUnknownVpciDevice: 0
00:00:00.780979 NEM:                X64ApicWriteLdrExitTrap: 0
00:00:00.780982 NEM:                X64ApicWriteDfrExitTrap: 0
00:00:00.780985 NEM:                     GpaAccessFaultExit: 0
00:00:00.780989 NEM: WHvCapabilityCodeFeatures             = 0x000000000000007f
00:00:00.780994 NEM:                           PartialUnmap: 1
00:00:00.780998 NEM:                     LocalApicEmulation: 1
00:00:00.781002 NEM:                                  Xsave: 1
00:00:00.781005 NEM:                      DirtyPageTracking: 1
00:00:00.781008 NEM:                     SpeculationControl: 1
00:00:00.781011 NEM:                         ApicRemoteRead: 1
00:00:00.781014 NEM:                            IdleSuspend: 1
00:00:00.781018 NEM:                VirtualPciDeviceSupport: 0
00:00:00.781020 NEM:                           IommuSupport: 0
00:00:00.781024 NEM:                         VpHotAddRemove: 0
00:00:00.781030 NEM: Supported xsave features: 0x381f
00:00:00.781033 NEM:                           XsaveSupport: 1
00:00:00.781037 NEM:                        XsaveoptSupport: 1
00:00:00.781040 NEM:                             AvxSupport: 1
00:00:00.781043 NEM:                            Avx2Support: 1
00:00:00.781046 NEM:                             FmaSupport: 1
00:00:00.781049 NEM:                             MpxSupport: 0
00:00:00.781052 NEM:                          Avx512Support: 0
00:00:00.781055 NEM:                        Avx512DQSupport: 0
00:00:00.781058 NEM:                        Avx512BWSupport: 0
00:00:00.781061 NEM:                        Avx512VLSupport: 0
00:00:00.781064 NEM:                       XsaveCompSupport: 1
00:00:00.781071 NEM:                 XsaveSupervisorSupport: 1
00:00:00.781076 NEM:                            Xcr1Support: 1
00:00:00.781079 NEM:                    Avx512BitalgSupport: 0
00:00:00.781082 NEM:                      Avx512IfmaSupport: 0
00:00:00.781085 NEM:                      Avx512VBmiSupport: 0
00:00:00.781088 NEM:                     Avx512VBmi2Support: 0
00:00:00.781091 NEM:                      Avx512VnniSupport: 0
00:00:00.781094 NEM:                            GfniSupport: 0
00:00:00.781098 NEM:                            VaesSupport: 0
00:00:00.781101 NEM:                 Avx512VPopcntdqSupport: 0
00:00:00.781104 NEM:                      VpclmulqdqSupport: 0
00:00:00.781107 NEM:                      Avx512Bf16Support: 0
00:00:00.781110 NEM:              Avx512Vp2IntersectSupport: 0
00:00:00.781113 NEM:                      Avx512Fp16Support: 0
00:00:00.781116 NEM:                             XfdSupport: 0
00:00:00.781119 NEM:                         AmxTileSupport: 0
00:00:00.781123 NEM:                         AmxBf16Support: 0
00:00:00.781126 NEM:                         AmxInt8Support: 0
00:00:00.781129 NEM:                         AvxVnniSupport: 0
00:00:00.781132 NEM: Supported exception exit bitmap: 0xf7dfb
00:00:00.781138 NEM: WHvCapabilityCodeProcessorVendor      = 0 - AMD
00:00:00.781145 NEM: WHvCapabilityCodeProcessorFeatures    = 0x000006cb66f39fbf
00:00:00.781149 NEM:                            Sse3Support: 1
00:00:00.781152 NEM:                        LahfSahfSupport: 1
00:00:00.781155 NEM:                           Ssse3Support: 1
00:00:00.781158 NEM:                          Sse4_1Support: 1
00:00:00.781163 NEM:                          Sse4_2Support: 1
00:00:00.781166 NEM:                           Sse4aSupport: 1
00:00:00.781169 NEM:                             XopSupport: 0
00:00:00.781172 NEM:                          PopCntSupport: 1
00:00:00.781175 NEM:                      Cmpxchg16bSupport: 1
00:00:00.781178 NEM:                       Altmovcr8Support: 1
00:00:00.781181 NEM:                           LzcntSupport: 1
00:00:00.781184 NEM:                     MisAlignSseSupport: 1
00:00:00.781187 NEM:                          MmxExtSupport: 1
00:00:00.781190 NEM:                        Amd3DNowSupport: 0
00:00:00.781193 NEM:                ExtendedAmd3DNowSupport: 0
00:00:00.781196 NEM:                         Page1GbSupport: 1
00:00:00.781199 NEM:                             AesSupport: 1
00:00:00.781206 NEM:                       PclmulqdqSupport: 1
00:00:00.781209 NEM:                            PcidSupport: 0
00:00:00.781212 NEM:                            Fma4Support: 0
00:00:00.781216 NEM:                            F16CSupport: 1
00:00:00.781219 NEM:                          RdRandSupport: 1
00:00:00.781222 NEM:                        RdWrFsGsSupport: 1
00:00:00.781225 NEM:                            SmepSupport: 1
00:00:00.781228 NEM:              EnhancedFastStringSupport: 0
00:00:00.781231 NEM:                            Bmi1Support: 1
00:00:00.781234 NEM:                            Bmi2Support: 1
00:00:00.781237 NEM:                              Reserved1: 0
00:00:00.781241 NEM:                           MovbeSupport: 1
00:00:00.781244 NEM:                          Npiep1Support: 1
00:00:00.781247 NEM:                   DepX87FPUSaveSupport: 0
00:00:00.781250 NEM:                          RdSeedSupport: 1
00:00:00.781253 NEM:                             AdxSupport: 1
00:00:00.781256 NEM:                   IntelPrefetchSupport: 0
00:00:00.781259 NEM:                            SmapSupport: 1
00:00:00.781262 NEM:                             HleSupport: 0
00:00:00.781265 NEM:                             RtmSupport: 0
00:00:00.781268 NEM:                          RdtscpSupport: 1
00:00:00.781271 NEM:                      ClflushoptSupport: 1
00:00:00.781274 NEM:                            ClwbSupport: 0
00:00:00.781277 NEM:                             ShaSupport: 1
00:00:00.781282 NEM:                X87PointersSavedSupport: 1
00:00:00.781286 NEM:                         InvpcidSupport: 0
00:00:00.781289 NEM:                            IbrsSupport: 0
00:00:00.781292 NEM:                           StibpSupport: 0
00:00:00.781295 NEM:                            IbpbSupport: 0
00:00:00.781299 NEM:                              Reserved2: 0
00:00:00.781302 NEM:                            SsbdSupport: 0
00:00:00.781305 NEM:                 FastShortRepMovSupport: 0
00:00:00.781308 NEM:                              Reserved3: 0
00:00:00.781311 NEM:                                 RdclNo: 0
00:00:00.781314 NEM:                         IbrsAllSupport: 0
00:00:00.781318 NEM:                              Reserved4: 0
00:00:00.781321 NEM:                                  SsbNo: 0
00:00:00.781324 NEM:                                 RsbANo: 0
00:00:00.781327 NEM:                              Reserved5: 0
00:00:00.781330 NEM:                           RdPidSupport: 0
00:00:00.781333 NEM:                            UmipSupport: 0
00:00:00.781337 NEM:                           MdsNoSupport: 0
00:00:00.781340 NEM:                         MdClearSupport: 0
00:00:00.781343 NEM:                           TaaNoSupport: 0
00:00:00.781346 NEM:                         TsxCtrlSupport: 0
00:00:00.781349 NEM:                              Reserved6: 0
00:00:00.781355 NEM: WHvCapabilityCodeProcessorClFlushSize = 2^8
00:00:00.781359 NEM: Warning! Unknown capability 0x4 returning: 3f 00 00 00 00 00 00 00 00 00 00 00 00 00 00 00 00 00 00 00 00 00 00 00
00:00:00.781780 NEM: Warning! Unknown capability 0x1003 returning: 1f 38 00 00 00 00 00 00 00 00 00 00 00 00 00 00 00 00 00 00 00 00 00 00
00:00:00.781795 NEM: Warning! Unknown capability 0x1004 returning: f0 89 82 e2 00 00 00 00 00 00 00 00 00 00 00 00 00 00 00 00 00 00 00 00
00:00:00.781800 NEM: Warning! Unknown capability 0x1005 returning: 00 c2 eb 0b 00 00 00 00 00 00 00 00 00 00 00 00 00 00 00 00 00 00 00 00
00:00:00.781805 NEM: Warning! Unknown capability 0x1006 returning: 02 00 00 00 00 00 00 00 bf 9f f3 66 cb 06 00 00 04 00 00 00 00 00 00 00
00:00:00.782685 NEM: Created partition 0000019ffbd44c20. APIC emulation mode: VirtualBox
00:00:00.782713 PGM: Enabling NEM mode
00:00:00.782800 NEM:
00:00:00.782800 NEM: NEMR3Init: Snail execution mode is active!
00:00:00.782800 NEM: Note! VirtualBox is not able to run at its full potential in this execution mode.
00:00:00.782801 NEM:       To see VirtualBox run at max speed you need to disable all Windows features
00:00:00.782801 NEM:       making use of Hyper-V.  That is a moving target, so google how and carefully
00:00:00.782801 NEM:       consider the consequences of disabling these features.
00:00:00.782801 NEM:
00:00:00.782829 CPUM: No hardware-virtualization capability detected
00:00:00.782834 CPUM: fXStateHostMask=0x7; host XCR0=0x7
00:00:00.785269 CPUM: Matched host CPU AMD 0x17/0x8/0x2 AMD_Zen_Ryzen with CPU DB entry 'AMD Ryzen 7 1800X Eight-Core' (AMD 0x17/0x1/0x1 AMD_Zen_Ryzen)
00:00:00.796091 CPUM: MXCSR_MASK=0x2ffff (host: 0x2ffff)
00:00:00.796140 CPUM: Microcode revision 0x08008202
00:00:00.796165 CPUM: MSR fudge: 0x00000017 IA32_PLATFORM_ID
00:00:00.796208 CPUM: MSR fudge: 0x000001a0 IA32_MISC_ENABLE
00:00:00.796226 CPUM: MSR fudge: 0x000002ff IA32_MTRR_DEF_TYPE
00:00:00.796244 CPUM: MSR fudge: 0x0000002c P4_EBC_FREQUENCY_ID
00:00:00.796343 CPUM: Set SSBD not required flag for AMD to work around some buggy Linux kernels!
00:00:00.796348 CPUM: Enabled MTRR read-write support
00:00:00.796353 CPUM: Enabled fixed-range MTRRs and 16 (virtualized) variable-range MTRRs
00:00:00.798046 NEM: HvPartitionPropertyProcessorVendor=0x0 (0)
00:00:00.798080 NEM: cbXSaveArea=832
00:00:00.798100 NEM: Default XSAVE area returned by Hyper-V
00:00:00.798102 000000391dffd810/0000: 00 00 00 00 00 00 00 00-00 00 00 00 00 00 00 00 ................
00:00:00.798105 000000391dffd820/0010: 00 00 00 00 00 00 00 00-80 1f 00 00 ff ff 02 00 ................
00:00:00.798107 000000391dffd830/0020: 00 00 00 00 00 00 00 00-00 00 00 00 00 00 00 00 ................
00:00:00.798109 000000391dffd840/0030: 00 00 00 00 00 00 00 00-00 00 00 00 00 00 00 00 ................
00:00:00.798111 000000391dffd850/0040: 00 00 00 00 00 00 00 00-00 00 00 00 00 00 00 00 ................
00:00:00.798112 000000391dffd860/0050: 00 00 00 00 00 00 00 00-00 00 00 00 00 00 00 00 ................
00:00:00.798114 000000391dffd870/0060: 00 00 00 00 00 00 00 00-00 00 00 00 00 00 00 00 ................
00:00:00.798115 000000391dffd880/0070: 00 00 00 00 00 00 00 00-00 00 00 00 00 00 00 00 ................
00:00:00.798117 000000391dffd890/0080: 00 00 00 00 00 00 00 00-00 00 00 00 00 00 00 00 ................
00:00:00.798119 000000391dffd8a0/0090: 00 00 00 00 00 00 00 00-00 00 00 00 00 00 00 00 ................
00:00:00.798120 000000391dffd8b0/00a0: 00 00 00 00 00 00 00 00-00 00 00 00 00 00 00 00 ................
00:00:00.798122 000000391dffd8c0/00b0: 00 00 00 00 00 00 00 00-00 00 00 00 00 00 00 00 ................
00:00:00.798123 000000391dffd8d0/00c0: 00 00 00 00 00 00 00 00-00 00 00 00 00 00 00 00 ................
00:00:00.798125 000000391dffd8e0/00d0: 00 00 00 00 00 00 00 00-00 00 00 00 00 00 00 00 ................
00:00:00.798126 000000391dffd8f0/00e0: 00 00 00 00 00 00 00 00-00 00 00 00 00 00 00 00 ................
00:00:00.798127 000000391dffd900/00f0: 00 00 00 00 00 00 00 00-00 00 00 00 00 00 00 00 ................
00:00:00.798129 000000391dffd910/0100: 00 00 00 00 00 00 00 00-00 00 00 00 00 00 00 00 ................
00:00:00.798131 000000391dffd920/0110: 00 00 00 00 00 00 00 00-00 00 00 00 00 00 00 00 ................
00:00:00.798132 000000391dffd930/0120: 00 00 00 00 00 00 00 00-00 00 00 00 00 00 00 00 ................
00:00:00.798134 000000391dffd940/0130: 00 00 00 00 00 00 00 00-00 00 00 00 00 00 00 00 ................
00:00:00.798135 000000391dffd950/0140: 00 00 00 00 00 00 00 00-00 00 00 00 00 00 00 00 ................
00:00:00.798137 000000391dffd960/0150: 00 00 00 00 00 00 00 00-00 00 00 00 00 00 00 00 ................
00:00:00.798138 000000391dffd970/0160: 00 00 00 00 00 00 00 00-00 00 00 00 00 00 00 00 ................
00:00:00.798140 000000391dffd980/0170: 00 00 00 00 00 00 00 00-00 00 00 00 00 00 00 00 ................
00:00:00.798141 000000391dffd990/0180: 00 00 00 00 00 00 00 00-00 00 00 00 00 00 00 00 ................
00:00:00.798143 000000391dffd9a0/0190: 00 00 00 00 00 00 00 00-00 00 00 00 00 00 00 00 ................
00:00:00.798144 000000391dffd9b0/01a0: 00 00 00 00 00 00 00 00-00 00 00 00 00 00 00 00 ................
00:00:00.798146 000000391dffd9c0/01b0: 00 00 00 00 00 00 00 00-00 00 00 00 00 00 00 00 ................
00:00:00.798147 000000391dffd9d0/01c0: 00 00 00 00 00 00 00 00-00 00 00 00 00 00 00 00 ................
00:00:00.798149 000000391dffd9e0/01d0: 00 00 00 00 00 00 00 00-00 00 00 00 00 00 00 00 ................
00:00:00.798150 000000391dffd9f0/01e0: 00 00 00 00 00 00 00 00-00 00 00 00 00 00 00 00 ................
00:00:00.798152 000000391dffda00/01f0: 00 00 00 00 00 00 00 00-00 00 00 00 00 00 00 00 ................
00:00:00.798153 000000391dffda10/0200: 02 00 00 00 00 00 00 00-07 00 00 00 00 00 00 80 ................
00:00:00.798155 000000391dffda20/0210: 00 00 00 00 00 00 00 00-00 00 00 00 00 00 00 00 ................
00:00:00.798156 000000391dffda30/0220: 00 00 00 00 00 00 00 00-00 00 00 00 00 00 00 00 ................
00:00:00.798158 000000391dffda40/0230: 00 00 00 00 00 00 00 00-00 00 00 00 00 00 00 00 ................
00:00:00.798159 000000391dffda50/0240: 00 00 00 00 00 00 00 00-00 00 00 00 00 00 00 00 ................
00:00:00.798161 000000391dffda60/0250: 00 00 00 00 00 00 00 00-00 00 00 00 00 00 00 00 ................
00:00:00.798162 000000391dffda70/0260: 00 00 00 00 00 00 00 00-00 00 00 00 00 00 00 00 ................
00:00:00.798164 000000391dffda80/0270: 00 00 00 00 00 00 00 00-00 00 00 00 00 00 00 00 ................
00:00:00.798165 000000391dffda90/0280: 00 00 00 00 00 00 00 00-00 00 00 00 00 00 00 00 ................
00:00:00.798166 000000391dffdaa0/0290: 00 00 00 00 00 00 00 00-00 00 00 00 00 00 00 00 ................
00:00:00.798168 000000391dffdab0/02a0: 00 00 00 00 00 00 00 00-00 00 00 00 00 00 00 00 ................
00:00:00.798169 000000391dffdac0/02b0: 00 00 00 00 00 00 00 00-00 00 00 00 00 00 00 00 ................
00:00:00.798171 000000391dffdad0/02c0: 00 00 00 00 00 00 00 00-00 00 00 00 00 00 00 00 ................
00:00:00.798172 000000391dffdae0/02d0: 00 00 00 00 00 00 00 00-00 00 00 00 00 00 00 00 ................
00:00:00.798174 000000391dffdaf0/02e0: 00 00 00 00 00 00 00 00-00 00 00 00 00 00 00 00 ................
00:00:00.798175 000000391dffdb00/02f0: 00 00 00 00 00 00 00 00-00 00 00 00 00 00 00 00 ................
00:00:00.798177 000000391dffdb10/0300: 00 00 00 00 00 00 00 00-00 00 00 00 00 00 00 00 ................
00:00:00.798178 000000391dffdb20/0310: 00 00 00 00 00 00 00 00-00 00 00 00 00 00 00 00 ................
00:00:00.798180 000000391dffdb30/0320: 00 00 00 00 00 00 00 00-00 00 00 00 00 00 00 00 ................
00:00:00.798181 000000391dffdb40/0330: 00 00 00 00 00 00 00 00-00 00 00 00 00 00 00 00 ................
00:00:00.798193 NEM: Successfully set up partition (device handle 0000000000000ac0, partition ID 0xb6)
00:00:00.798378 PGM: Host paging mode: AMD64+PGE+NX
00:00:00.798388 PGM: PGMPool: cMaxPages=256 (u64MaxPages=64)
00:00:00.798392 PGM: pgmR3PoolInit: cMaxPages=0x100 cMaxUsers=0x200 cMaxPhysExts=0x200 fCacheEnable=true
00:00:00.812600 SUPLib: MEM_LARGE_PAGES works!
00:00:00.812884 TM: GIP - u32Mode=3 (Invariant) u32UpdateHz=93 u32UpdateIntervalNS=10741500 enmUseTscDelta=2 (Practically Zero) fGetGipCpu=0x2b cCpus=16
00:00:00.812892 TM: GIP - u64CpuHz=3 800 205 671 (0xe2828967)  SUPGetCpuHzFromGip => 3 800 205 671
00:00:00.812897 TM: GIP - CPU: iCpuSet=0x0 idCpu=0x0 idApic=0x0 iGipCpu=0x2 i64TSCDelta=0 enmState=3 u64CpuHz=3800199759(*) cErrors=0
00:00:00.812902 TM: GIP - CPU: iCpuSet=0x1 idCpu=0x1 idApic=0x1 iGipCpu=0x1 i64TSCDelta=0 enmState=3 u64CpuHz=3800206701(*) cErrors=0
00:00:00.812906 TM: GIP - CPU: iCpuSet=0x2 idCpu=0x2 idApic=0x2 iGipCpu=0x7 i64TSCDelta=0 enmState=3 u64CpuHz=3800205164(*) cErrors=0
00:00:00.812910 TM: GIP - CPU: iCpuSet=0x3 idCpu=0x3 idApic=0x3 iGipCpu=0x5 i64TSCDelta=0 enmState=3 u64CpuHz=3800205413(*) cErrors=0
00:00:00.812914 TM: GIP - CPU: iCpuSet=0x4 idCpu=0x4 idApic=0x4 iGipCpu=0x0 i64TSCDelta=0 enmState=3 u64CpuHz=3800205671(*) cErrors=0
00:00:00.812917 TM: GIP - CPU: iCpuSet=0x5 idCpu=0x5 idApic=0x5 iGipCpu=0x6 i64TSCDelta=0 enmState=3 u64CpuHz=3800205515(*) cErrors=0
00:00:00.812921 TM: GIP - CPU: iCpuSet=0x6 idCpu=0x6 idApic=0x6 iGipCpu=0x4 i64TSCDelta=0 enmState=3 u64CpuHz=3800205870(*) cErrors=0
00:00:00.812925 TM: GIP - CPU: iCpuSet=0x7 idCpu=0x7 idApic=0x7 iGipCpu=0x3 i64TSCDelta=0 enmState=3 u64CpuHz=3800204823(*) cErrors=0
00:00:00.812928 TM: GIP - CPU: iCpuSet=0x8 idCpu=0x8 idApic=0x8 iGipCpu=0xa i64TSCDelta=0 enmState=3 u64CpuHz=3800205628(*) cErrors=0
00:00:00.812932 TM: GIP - CPU: iCpuSet=0x9 idCpu=0x9 idApic=0x9 iGipCpu=0x8 i64TSCDelta=0 enmState=3 u64CpuHz=3800205576(*) cErrors=0
00:00:00.812935 TM: GIP - CPU: iCpuSet=0xa idCpu=0xa idApic=0xa iGipCpu=0xd i64TSCDelta=0 enmState=3 u64CpuHz=3800205529(*) cErrors=0
00:00:00.812939 TM: GIP - CPU: iCpuSet=0xb idCpu=0xb idApic=0xb iGipCpu=0xe i64TSCDelta=0 enmState=3 u64CpuHz=3800205671(*) cErrors=0
00:00:00.812942 TM: GIP - CPU: iCpuSet=0xc idCpu=0xc idApic=0xc iGipCpu=0x9 i64TSCDelta=0 enmState=3 u64CpuHz=3800205494(*) cErrors=0
00:00:00.812946 TM: GIP - CPU: iCpuSet=0xd idCpu=0xd idApic=0xd iGipCpu=0xc i64TSCDelta=0 enmState=3 u64CpuHz=3800205648(*) cErrors=0
00:00:00.812949 TM: GIP - CPU: iCpuSet=0xe idCpu=0xe idApic=0xe iGipCpu=0xf i64TSCDelta=0 enmState=3 u64CpuHz=3800206701(*) cErrors=0
00:00:00.812953 TM: GIP - CPU: iCpuSet=0xf idCpu=0xf idApic=0xf iGipCpu=0xb i64TSCDelta=0 enmState=3 u64CpuHz=3800205483(*) cErrors=0
00:00:00.812960 TM: NEM overrides the /TM/TSCModeSwitchAllowed setting.
00:00:00.812971 TM:     cTSCTicksPerSecond=3 800 205 671 (0xe2828967) enmTSCMode=4 (NativeApi) TSCMultiplier=1
00:00:00.812974 TM: cTSCTicksPerSecondHost=3 800 205 671 (0xe2828967)
00:00:00.812975 TM: TSCTiedToExecution=false TSCNotTiedToHalt=false
00:00:00.813680 EMR3Init: fIemExecutesAll=false fGuruOnTripleFault=true
00:00:00.813814 IEM: TargetCpu=CURRENT, Microarch=AMD_Zen_Ryzen aidxTargetCpuEflFlavour={2,0}
00:00:00.814255 GIM: Using provider 'None' (Implementation version: 0)
00:00:00.814268 GCM: Initialized - Fixer bits: 0x0
00:00:00.814323 AIOMgr: Default manager type is 'Async'
00:00:00.814328 AIOMgr: Default file backend is 'NonBuffered'
00:00:00.814371 BlkCache: Cache successfully initialized. Cache size is 5242880 bytes
00:00:00.814375 BlkCache: Cache commit interval is 10000 ms
00:00:00.814378 BlkCache: Cache commit threshold is 2621440 bytes
00:00:01.225236 PcBios: [SMP] BIOS with 1 CPUs
00:00:01.225258 PcBios: Using the 386+ BIOS image.
00:00:01.225605 PcBios: fCheckShutdownStatusForSoftReset=true  fClearShutdownStatusOnHardReset=true
00:00:01.225764 PDM: VirtualBox APIC backend registered
00:00:01.225813 CPUM: SetGuestCpuIdFeature: Enabled xAPIC
00:00:01.226194 PIT: mode=3 count=0x10000 (65536) - 18.20 Hz (ch=0)
00:00:01.226355 VMMDev: cbDefaultBudget: 1 073 741 824 (40000000)
00:00:01.245709 Shared Folders service loaded
00:00:01.260980 Guest Control service loaded
00:00:01.277918 VGA: Using the 386+ BIOS image.
00:00:01.279339 DrvVD: Flushes will be ignored
00:00:01.279359 DrvVD: Async flushes will be passed to the disk
00:00:01.279663 VD: VDInit finished with VINF_SUCCESS
00:00:01.279775 VD: Opening the disk took 403218 ns
00:00:01.279822 PIIX3 ATA: LUN#0: disk, PCHS=65/16/63, total number of sectors 65536
00:00:01.279873 PIIX3 ATA: LUN#1: no unit
00:00:01.279915 PIIX3 ATA: LUN#2: no unit
00:00:01.279921 PIIX3 ATA: LUN#3: no unit
00:00:01.279985 PIIX3 ATA: Ctl#0: finished processing RESET
00:00:01.280034 PIIX3 ATA: Ctl#1: finished processing RESET
00:00:01.293174 Audio Mixer: Setting sink 'SB16 Mixer/PCM Output' -- channel volumes: ba ba ba ba ba ba ba ba ba ba ba ba
00:00:01.318476 WasAPI: Input device is: {Default} (iface 0000019ffbbc2a00)
00:00:01.320347 WasAPI: Output device is: {Default} (iface 0000019ffbbc2be0)
00:00:01.325856 Audio: Found 9 devices for driver 'WasAPI'
00:00:01.325883 Audio: Device 'Headphones (High Definition Audio Device)':
00:00:01.325884 Audio:   ID              = {0.0.0.00000000}.{12380492-75b7-42bc-b789-0d1d8d1f4e3b}
00:00:01.325885 Audio:   Usage           = output
00:00:01.325885 Audio:   Flags           = DEFAULT_OUT
00:00:01.325885 Audio:   Input channels  = 0
00:00:01.325886 Audio:   Output channels = 2
00:00:01.325889 Audio: Device 'Headphones (High Definition Audio Device)':
00:00:01.325890 Audio:   ID              = {0.0.0.00000000}.{12380492-75b7-42bc-b789-0d1d8d1f4e3b}
00:00:01.325890 Audio:   Usage           = output
00:00:01.325890 Audio:   Flags           = NONE
00:00:01.325891 Audio:   Input channels  = 0
00:00:01.325891 Audio:   Output channels = 2
00:00:01.325894 Audio: Device 'Digital Audio (S/PDIF) (High Definition Audio Device)':
00:00:01.325895 Audio:   ID              = {0.0.0.00000000}.{2ca71d41-bb09-4c97-9aaf-cabbc6fbe5ab}
00:00:01.325895 Audio:   Usage           = output
00:00:01.325895 Audio:   Flags           = NONE
00:00:01.325895 Audio:   Input channels  = 0
00:00:01.325896 Audio:   Output channels = 2
00:00:01.325899 Audio: Device '100012589 (NVIDIA High Definition Audio)':
00:00:01.325899 Audio:   ID              = {0.0.0.00000000}.{3f36c4ff-500a-4cd3-9a35-77b5981f1155}
00:00:01.325899 Audio:   Usage           = output
00:00:01.325900 Audio:   Flags           = NONE
00:00:01.325900 Audio:   Input channels  = 0
00:00:01.325900 Audio:   Output channels = 2
00:00:01.325903 Audio: Device 'Speakers (2- USB Audio CODEC )':
00:00:01.325903 Audio:   ID              = {0.0.0.00000000}.{566bb4ca-cb36-4deb-843b-246f6c5c5982}
00:00:01.325904 Audio:   Usage           = output
00:00:01.325904 Audio:   Flags           = NONE
00:00:01.325904 Audio:   Input channels  = 0
00:00:01.325904 Audio:   Output channels = 2
00:00:01.325912 Audio: Device '100012589 (NVIDIA High Definition Audio)':
00:00:01.325912 Audio:   ID              = {0.0.0.00000000}.{fdb7b4cc-b13a-4c66-ac46-5302e0b66d2f}
00:00:01.325913 Audio:   Usage           = output
00:00:01.325913 Audio:   Flags           = NONE
00:00:01.325913 Audio:   Input channels  = 0
00:00:01.325913 Audio:   Output channels = 2
00:00:01.325919 Audio: Device 'Microphone (NexiGo HD Webcam Audio)':
00:00:01.325919 Audio:   ID              = {0.0.1.00000000}.{8830d0fa-5126-4de0-babf-090349e9c6f6}
00:00:01.325919 Audio:   Usage           = input
00:00:01.325919 Audio:   Flags           = DEFAULT_IN
00:00:01.325920 Audio:   Input channels  = 2
00:00:01.325920 Audio:   Output channels = 0
00:00:01.325923 Audio: Device 'Microphone (2- USB Audio CODEC )':
00:00:01.325923 Audio:   ID              = {0.0.1.00000000}.{2cdb81b1-e1eb-4201-a0a4-fc6057072946}
00:00:01.325924 Audio:   Usage           = input
00:00:01.325924 Audio:   Flags           = NONE
00:00:01.325924 Audio:   Input channels  = 1
00:00:01.325924 Audio:   Output channels = 0
00:00:01.325927 Audio: Device 'Microphone (NexiGo HD Webcam Audio)':
00:00:01.325928 Audio:   ID              = {0.0.1.00000000}.{8830d0fa-5126-4de0-babf-090349e9c6f6}
00:00:01.325928 Audio:   Usage           = input
00:00:01.325928 Audio:   Flags           = NONE
00:00:01.325928 Audio:   Input channels  = 2
00:00:01.325929 Audio:   Output channels = 0
00:00:01.326177 PGM: The CPU physical address width is 48 bits
00:00:01.326185 PGM: PGMR3InitFinalize: 4 MB PSE mask 0000ffffffffffff -> VINF_SUCCESS
00:00:01.326194 TM: TMR3InitFinalize: fTSCModeSwitchAllowed=false
00:00:01.326426 CPUM: Mapped 1.0MiB (1048576 bytes) of RAM using fixed-range MTRRs
00:00:01.326433 CPUM: Mapped 64.0MiB (67108864 bytes) of RAM using 1 variable-range MTRRs
00:00:01.326536 VMM: Thread-context hooks unavailable
00:00:01.326542 VMM: RTThreadPreemptIsPending() can be trusted
00:00:01.326545 VMM: Kernel preemption is possible
00:00:01.326555 EM: Exit history optimizations: enabled=true enabled-r0=true enabled-r0-no-preemption=false
00:00:01.327777 PcBios: ATA LUN#0 LCHS=65/16/63
00:00:01.327805 APIC: fPostedIntrsEnabled=false fVirtApicRegsEnabled=false fSupportsTscDeadline=false
00:00:01.327834 TMR3UtcNow: nsNow=1 776 996 300 266 743 100 nsPrev=0 -> cNsDelta=1 776 996 300 266 743 100 (offLag=0 offVirtualSync=0 offVirtualSyncGivenUp=0, NowAgain=1 776 996 300 266 743 100)
00:00:01.327943 VMM: fUsePeriodicPreemptionTimers=true
00:00:01.327951 CPUM: Logical host processors: 16 present, 16 max, 16 online, online mask: 000000000000ffff
00:00:01.327953 CPUM: Physical host cores: 8
00:00:01.327953 ************************ CPUID dump *************************
00:00:01.330274          Raw Standard CPUID Leaves
00:00:01.330275      Leaf/sub-leaf  eax      ebx      ecx      edx
00:00:01.330277 Gst: 00000000/0000  0000000d 68747541 444d4163 69746e65
00:00:01.330278 Hst:                0000000d 68747541 444d4163 69746e65
00:00:01.330279 Gst: 00000001/0000  00800f82 00010800 76d83203 178bfbbf
00:00:01.330280 Hst:                00800f82 09100800 fed83203 178bfbff
00:00:01.330281 Gst: 00000002/0000  00000000 00000000 00000000 00000000
00:00:01.330282 Hst:                00000000 00000000 00000000 00000000
00:00:01.330282 Gst: 00000003/0000  00000000 00000000 00000000 00000000
00:00:01.330283 Hst:                00000000 00000000 00000000 00000000
00:00:01.330283 Gst: 00000004/0000  00000000 00000000 00000000 00000000
00:00:01.330284 Hst:                00000000 00000000 00000000 00000000
00:00:01.330284 Gst: 00000005/0000  00000000 00000000 00000000 00000000
00:00:01.330285 Hst:                00000000 00000000 00000000 00000000
00:00:01.330285 Gst: 00000006/0000  00000004 00000000 00000000 00000000
00:00:01.330286 Hst:                00000000 00000000 00000001 00000000
00:00:01.330287 Gst: 00000007/0000  00000000 208c0129 00000000 00000000
00:00:01.330287 Hst:                00000000 209c01a9 00000000 00000000
00:00:01.330288 Gst: 00000007/0001  00000000 00000000 00000000 00000000
00:00:01.330288 Hst:                00000000 00000000 00000000 00000000
00:00:01.330289 Gst: 00000007/0002  00000000 00000000 00000000 00000000
00:00:01.330289 Hst:                00000000 00000000 00000000 00000000
00:00:01.330290 Gst: 00000008/0000  00000000 00000000 00000000 00000000
00:00:01.330291 Hst:                00000000 00000000 00000000 00000000
00:00:01.330291 Gst: 00000009/0000  00000000 00000000 00000000 00000000
00:00:01.330292 Hst:                00000000 00000000 00000000 00000000
00:00:01.330292 Gst: 0000000a/0000  00000000 00000000 00000000 00000000
00:00:01.330293 Hst:                00000000 00000000 00000000 00000000
00:00:01.330293 Gst: 0000000b/0000  00000000 00000000 00000000 00000000
00:00:01.330294 Hst:                00000000 00000000 00000000 00000000
00:00:01.330294 Gst: 0000000c/0000  00000000 00000000 00000000 00000000
00:00:01.330295 Hst:                00000000 00000000 00000000 00000000
00:00:01.330296 Gst: 0000000d/0000  00000007 00000340 00000340 00000000
00:00:01.330296 Hst:                00000007 00000340 00000340 00000000
00:00:01.330297 Gst: 0000000d/0001  00000000 00000340 00000000 00000000
00:00:01.330297 Hst:                0000000f 00000340 00000000 00000000
00:00:01.330298 Gst: 0000000d/0002  00000100 00000240 00000000 00000000
00:00:01.330298 Hst:                00000100 00000240 00000000 00000000
00:00:01.330299 Gst: 0000000d/0003  00000000 00000000 00000000 00000000
00:00:01.330300 Hst:                00000000 00000000 00000000 00000000
00:00:01.330300                                Name: AuthenticAMD
00:00:01.330301                            Supports: 0x00000000-0x0000000d
00:00:01.330303                              Family: 15 	Extended: 8 	Effective: 23
00:00:01.330304                               Model:  8 	Extended: 0 	Effective: 8
00:00:01.330305                            Stepping: 2
00:00:01.330305                                Type: 0 (primary)
00:00:01.330306                             APIC ID: 0x00
00:00:01.330307                        Logical CPUs: 1
00:00:01.330308                        CLFLUSH Size: 8
00:00:01.330308                            Brand ID: 0x00
00:00:01.330309 Features
00:00:01.330309   Mnemonic - Description                                  = Guest (Host)
00:00:01.330311   FPU - x87 FPU on Chip                                   = 1 (1)
00:00:01.330312   VME - Virtual 8086 Mode Enhancements                    = 1 (1)
00:00:01.330313   DE - Debugging extensions                               = 1 (1)
00:00:01.330314   PSE - Page Size Extension                               = 1 (1)
00:00:01.330315   TSC - Time Stamp Counter                                = 1 (1)
00:00:01.330317   MSR - Model Specific Registers                          = 1 (1)
00:00:01.330318   PAE - Physical Address Extension                        = 0 (1)
00:00:01.330319   MCE - Machine Check Exception                           = 1 (1)
00:00:01.330320   CX8 - CMPXCHG8B instruction                             = 1 (1)
00:00:01.330321   APIC - APIC On-Chip                                     = 1 (1)
00:00:01.330322   SEP - SYSENTER and SYSEXIT Present                      = 1 (1)
00:00:01.330322   MTRR - Memory Type Range Registers                      = 1 (1)
00:00:01.330323   PGE - PTE Global Bit                                    = 1 (1)
00:00:01.330324   MCA - Machine Check Architecture                        = 1 (1)
00:00:01.330325   CMOV - Conditional Move instructions                    = 1 (1)
00:00:01.330326   PAT - Page Attribute Table                              = 1 (1)
00:00:01.330326   PSE-36 - 36-bit Page Size Extension                     = 1 (1)
00:00:01.330327   PSN - Processor Serial Number                           = 0 (0)
00:00:01.330328   CLFSH - CLFLUSH instruction                             = 1 (1)
00:00:01.330329   DS - Debug Store                                        = 0 (0)
00:00:01.330330   ACPI - Thermal Mon. & Soft. Clock Ctrl.                 = 0 (0)
00:00:01.330331   MMX - Intel MMX Technology                              = 1 (1)
00:00:01.330332   FXSR - FXSAVE and FXRSTOR instructions                  = 1 (1)
00:00:01.330332   SSE - SSE support                                       = 1 (1)
00:00:01.330333   SSE2 - SSE2 support                                     = 1 (1)
00:00:01.330334   SS - Self Snoop                                         = 0 (0)
00:00:01.330335   HTT - Hyper-Threading Technology                        = 1 (1)
00:00:01.330336   TM - Therm. Monitor                                     = 0 (0)
00:00:01.330337   PBE - Pending Break Enabled                             = 0 (0)
00:00:01.330338   SSE3 - SSE3 support                                     = 1 (1)
00:00:01.330339   PCLMUL - PCLMULQDQ support (for AES-GCM)                = 1 (1)
00:00:01.330339   DTES64 - DS Area 64-bit Layout                          = 0 (0)
00:00:01.330340   MONITOR - MONITOR/MWAIT instructions                    = 0 (0)
00:00:01.330341   CPL-DS - CPL Qualified Debug Store                      = 0 (0)
00:00:01.330342   VMX - Virtual Machine Extensions                        = 0 (0)
00:00:01.330342   SMX - Safer Mode Extensions                             = 0 (0)
00:00:01.330343   EST - Enhanced SpeedStep Technology                     = 0 (0)
00:00:01.330344   TM2 - Terminal Monitor 2                                = 0 (0)
00:00:01.330345   SSSE3 - Supplemental Streaming SIMD Extensions 3        = 1 (1)
00:00:01.330345   CNTX-ID - L1 Context ID                                 = 0 (0)
00:00:01.330346   SDBG - Silicon Debug interface                          = 0 (0)
00:00:01.330347   FMA - Fused Multiply Add extensions                     = 1 (1)
00:00:01.330348   CX16 - CMPXCHG16B instruction                           = 1 (1)
00:00:01.330349   TPRUPDATE - xTPR Update Control                         = 0 (0)
00:00:01.330349   PDCM - Perf/Debug Capability MSR                        = 0 (0)
00:00:01.330350   PCID - Process Context Identifiers                      = 0 (0)
00:00:01.330351   DCA - Direct Cache Access                               = 0 (0)
00:00:01.330352   SSE4_1 - SSE4_1 support                                 = 1 (1)
00:00:01.330353   SSE4_2 - SSE4_2 support                                 = 1 (1)
00:00:01.330353   X2APIC - x2APIC support                                 = 0 (0)
00:00:01.330354   MOVBE - MOVBE instruction                               = 1 (1)
00:00:01.330355   POPCNT - POPCNT instruction                             = 1 (1)
00:00:01.330356   TSCDEADL - Time Stamp Counter Deadline                  = 0 (0)
00:00:01.330357   AES - AES instructions                                  = 1 (1)
00:00:01.330358   XSAVE - XSAVE instruction                               = 1 (1)
00:00:01.330358   OSXSAVE - OSXSAVE instruction                           = 0 (1)
00:00:01.330359   AVX - AVX support                                       = 1 (1)
00:00:01.330360   F16C - 16-bit floating point conversion instructions    = 1 (1)
00:00:01.330361   RDRAND - RDRAND instruction                             = 1 (1)
00:00:01.330362   HVP - Hypervisor Present (we're a guest)                = 0 (1)
00:00:01.330362 Structured Extended Feature Flags Enumeration (leaf 7):
00:00:01.330363 Sub-leaf 0
00:00:01.330363   Mnemonic - Description                                  = Guest (Host)
00:00:01.330364   FSGSBASE - RDFSBASE/RDGSBASE/WRFSBASE/WRGSBASE instr.   = 1 (1)
00:00:01.330365   TSCADJUST - Supports MSR_IA32_TSC_ADJUST                = 0 (0)
00:00:01.330365   SGX - Supports Software Guard Extensions                = 0 (0)
00:00:01.330366   BMI1 - Advanced Bit Manipulation extension 1            = 1 (1)
00:00:01.330367   HLE - Hardware Lock Elision                             = 0 (0)
00:00:01.330368   AVX2 - Advanced Vector Extensions 2                     = 1 (1)
00:00:01.330370   FDP_EXCPTN_ONLY - FPU DP only updated on exceptions     = 0 (0)
00:00:01.330370   SMEP - Supervisor Mode Execution Prevention             = 0 (1)
00:00:01.330371   BMI2 - Advanced Bit Manipulation extension 2            = 1 (1)
00:00:01.330372   ERMS - Enhanced REP MOVSB/STOSB instructions            = 0 (0)
00:00:01.330372   INVPCID - INVPCID instruction                           = 0 (0)
00:00:01.330373   RTM - Restricted Transactional Memory                   = 0 (0)
00:00:01.330374   PQM - Platform Quality of Service Monitoring            = 0 (0)
00:00:01.330375   DEPFPU_CS_DS - Deprecates FPU CS, FPU DS values if set  = 0 (0)
00:00:01.330375   MPE - Intel Memory Protection Extensions                = 0 (0)
00:00:01.330376   PQE - Platform Quality of Service Enforcement           = 0 (0)
00:00:01.330376   AVX512F - AVX512 Foundation instructions                = 0 (0)
00:00:01.330377   AVX512DQ - Supports the AVX512DQ instructions           = 0 (0)
00:00:01.330378   RDSEED - RDSEED instruction                             = 1 (1)
00:00:01.330379   ADX - ADCX/ADOX instructions                            = 1 (1)
00:00:01.330379   SMAP - Supervisor Mode Access Prevention                = 0 (1)
00:00:01.330380   AVX512_IFMA - Supports the AVX512_IFMA instructions     = 0 (0)
00:00:01.330381   CLFLUSHOPT - CLFLUSHOPT (Cache Line Flush) instruction  = 1 (1)
00:00:01.330381   CLWB - CLWB instruction                                 = 0 (0)
00:00:01.330382   INTEL_PT - Intel Processor Trace                        = 0 (0)
00:00:01.330383   AVX512PF - AVX512 Prefetch instructions                 = 0 (0)
00:00:01.330384   AVX512ER - AVX512 Exponential & Reciprocal instructions = 0 (0)
00:00:01.330384   AVX512CD - AVX512 Conflict Detection instructions       = 0 (0)
00:00:01.330385   SHA - Secure Hash Algorithm extensions                  = 1 (1)
00:00:01.330386   AVX512BW - Supports the AVX512BW instructions           = 0 (0)
00:00:01.330386   AVX512VL - Supports the AVX512VL instructions           = 0 (0)
00:00:01.330387   PREFETCHWT1 - PREFETCHWT1 instruction                   = 0 (0)
00:00:01.330388   AVX512_VBMI - Supports the AVX512_VBMI instructions     = 0 (0)
00:00:01.330388   UMIP - User mode insturction prevention                 = 0 (0)
00:00:01.330389   PKU - Protection Key for Usermode pages                 = 0 (0)
00:00:01.330390   OSPKE - CR4.PKU mirror                                  = 0 (0)
00:00:01.330391   WAITPKG - TPAUSE, UMONITOR & UMWAIT support             = 0 (0)
00:00:01.330391   AVX512_VBMI2 - Supports the AVX512_VBMI2 instructions   = 0 (0)
00:00:01.330392   CET_SS - CET shadow stack support                       = 0 (0)
00:00:01.330393   GFNI - Supports the GFNI instruction set                = 0 (0)
00:00:01.330393   VAES - Supports the VEX encoded AES instruction set     = 0 (0)
00:00:01.330394   VPCLMULQDQ - Supports the VPCLMULQDQ instruction        = 0 (0)
00:00:01.330395   AVX512_VNNI - Supports the AVX512_VNNI instructions     = 0 (0)
00:00:01.330395   AVX512_BITALG - Supports the AVX512_BITALG instructions = 0 (0)
00:00:01.330396   TME_EN - Supports 4 IA32_TME_ MSRs                      = 0 (0)
00:00:01.330397   AVX512_VPOPCNTDQ - Supports the AVX512_VPOPCNTDQ instructions = 0 (0)
00:00:01.330397   LA57 - 57-bit linear addresses                          = 0 (0)
00:00:01.330398   MAWAU - Value used by BNDLDX & BNDSTX                   = 0x0 (0x0)
00:00:01.330399   RDPID - Read processor ID support                       = 0 (0)
00:00:01.330400   KEY_LOCKER - Supports Key Locker                        = 0 (0)
00:00:01.330400   BUS_LOCK_DETECT - Supports OS bus-lock detection        = 0 (0)
00:00:01.330401   CLDEMOTE - Supports cache line demote                   = 0 (0)
00:00:01.330402   MOVDIRI - Supports the MOVDIRI instruction              = 0 (0)
00:00:01.330403   MOVDIRI64B - Supports the MOVDIRI64B instruction        = 0 (0)
00:00:01.330403   ENQCMD - Supports the Eqnqueue Stores                   = 0 (0)
00:00:01.330404   SGX_LC - Supports SGX Launch Configuration              = 0 (0)
00:00:01.330405   PKS - Supports protection keys for supervisor pages     = 0 (0)
00:00:01.330405  Sub-leaf 2
00:00:01.330406   Mnemonic - Description                                  = Guest (Host)
00:00:01.330408   PSFD - Supports IA32_SPEC_CTRL[7] (PSFD)                = 0 (0)
00:00:01.330408   IPRED_CTRL - Supports IA32_SPEC_CTRL[4:3] (IPRED_DIS)   = 0 (0)
00:00:01.330409   RRSBA_CTRL - Supports IA32_SPEC_CTRL[6:5] (RRSBA_DIS)   = 0 (0)
00:00:01.330410   DDPD_U - Supports IA32_SPEC_CTRL[8] (DDPD_U)            = 0 (0)
00:00:01.330410   BHI_CTRL - Supports IA32_SPEC_CTRL[10] (BHI_DIS_S)      = 0 (0)
00:00:01.330411   MCDT_NO - No MXCSR Config Dependent Timing issues       = 0 (0)
00:00:01.330412   UC_LOCK_DIS - Supports UC-lock disable and causing #AC  = 0 (0)
00:00:01.330412   MONITOR_MITG_NO - No MONITOR/UMONITOR power issues      = 0 (0)
00:00:01.330413 Processor Extended State Enumeration (leaf 0xd):
00:00:01.330413    XSAVE area cur/max size by XCR0, Guest: 0x340/0x340
00:00:01.330414    XSAVE area cur/max size by XCR0,  Host: 0x340/0x340
00:00:01.330415                    Valid XCR0 bits, Guest: 0x00000000`00000007 ( x87 SSE YMM_Hi128 )
00:00:01.330416                    Valid XCR0 bits,  Host: 0x00000000`00000007 ( x87 SSE YMM_Hi128 )
00:00:01.330418                     XSAVE features, Guest
00:00:01.330419                     XSAVE features,  Host XSAVEOPT XSAVEC XGETBC1 XSAVES
00:00:01.330420       XSAVE area cur size XCR0|XSS, Guest: 0x340
00:00:01.330421       XSAVE area cur size XCR0|XSS,  Host: 0x340
00:00:01.330421                Valid IA32_XSS bits, Guest: 0x00000000`00000000
00:00:01.330422                Valid IA32_XSS bits,  Host: 0x00000000`00000000
00:00:01.330423   State #2, Guest: off=0x0240, cb=0x0100 IA32_XSS-bit -- YMM_Hi128
00:00:01.330424   State #2,  Host:  off=0x0240, cb=0x0100 IA32_XSS-bit -- YMM_Hi128
00:00:01.330429          Raw Hypervisor CPUID Leaves
00:00:01.330430      Leaf/sub-leaf  eax      ebx      ecx      edx
00:00:01.330430 Hst: 40000000/0000  4000000c 7263694d 666f736f 76482074
00:00:01.330431 Hst: 40000001/0000  31237648 00000000 00000000 00000000
00:00:01.330432 Hst: 40000002/0000  00004a61 000a0000 00000007 00001c0d
00:00:01.330433 Hst: 40000003/0000  0000bfff 002bb9ff 00000002 11fffbf2
00:00:01.330433 Hst: 40000004/0000  00042d1c 00000000 00000000 00000000
00:00:01.330434 Hst: 40000005/0000  00000400 00000400 00000c90 00000000
00:00:01.330435 Hst: 40000006/0000  000200ae 00000000 00000000 00000000
00:00:01.330435 Hst: 40000007/0000  80000007 00000003 00000000 00000000
00:00:01.330436 Hst: 40000008/0000  00100001 00000001 0000cccc 00000000
00:00:01.330437 Hst: 40000009/0000  00000000 00000000 00000000 00000000
00:00:01.330437 Hst: 4000000a/0000  00000000 00000000 00000000 00000000
00:00:01.330438 Hst: 4000000b/0000  00000000 00000000 00000000 00000000
00:00:01.330439 Hst: 4000000c/0000  00000000 00000000 00000000 00000000
00:00:01.330439          Raw Extended CPUID Leaves
00:00:01.330440      Leaf/sub-leaf  eax      ebx      ecx      edx
00:00:01.330440 Gst: 80000000/0000  8000001f 68747541 444d4163 69746e65
00:00:01.330441 Hst:                8000001f 68747541 444d4163 69746e65
00:00:01.330442 Gst: 80000001/0000  00800f82 20000000 000001f1 0bc3fb3f
00:00:01.330442 Hst:                00800f82 20000000 004023f3 2fd3fbff
00:00:01.330443 Gst: 80000002/0000  20444d41 657a7952 2037206e 30303732
00:00:01.330444 Hst:                20444d41 657a7952 2037206e 30303732
00:00:01.330445 Gst: 80000003/0000  69452058 2d746867 65726f43 6f725020
00:00:01.330446 Hst:                69452058 2d746867 65726f43 6f725020
00:00:01.330446 Gst: 80000004/0000  73736563 2020726f 20202020 00202020
00:00:01.330447 Hst:                73736563 2020726f 20202020 00202020
00:00:01.330448 Gst: 80000005/0000  ff40ff40 ff40ff40 20080140 40040140
00:00:01.330449 Hst:                ff40ff40 ff40ff40 20080140 40040140
00:00:01.330449 Gst: 80000006/0000  26006400 66006400 02006140 00808140
00:00:01.330450 Hst:                26006400 66006400 02006140 00808140
00:00:01.330451 Gst: 80000007/0000  00000000 00000000 00000000 00000100
00:00:01.330452 Hst:                00000000 0000001b 00000000 00004789
00:00:01.330452 Gst: 80000008/0000  00003030 04000000 00000000 00000000
00:00:01.330453 Hst:                00003030 02000005 0000400f 00000000
00:00:01.330454 Gst: 80000009/0000  00000000 00000000 00000000 00000000
00:00:01.330454 Hst:                00000000 00000000 00000000 00000000
00:00:01.330455 Gst: 8000000a/0000  00000000 00000000 00000000 00000000
00:00:01.330455 Hst:                00000000 00000000 00000000 00000000
00:00:01.330456 Gst: 8000000b/0000  00000000 00000000 00000000 00000000
00:00:01.330456 Hst:                00000000 00000000 00000000 00000000
00:00:01.330457 Gst: 8000000c/0000  00000000 00000000 00000000 00000000
00:00:01.330458 Hst:                00000000 00000000 00000000 00000000
00:00:01.330458 Gst: 8000000d/0000  00000000 00000000 00000000 00000000
00:00:01.330459 Hst:                00000000 00000000 00000000 00000000
00:00:01.330459 Gst: 8000000e/0000  00000000 00000000 00000000 00000000
00:00:01.330460 Hst:                00000000 00000000 00000000 00000000
00:00:01.330460 Gst: 8000000f/0000  00000000 00000000 00000000 00000000
00:00:01.330461 Hst:                00000000 00000000 00000000 00000000
00:00:01.330462 Gst: 80000010/0000  00000000 00000000 00000000 00000000
00:00:01.330462 Hst:                00000000 00000000 00000000 00000000
00:00:01.330463 Gst: 80000011/0000  00000000 00000000 00000000 00000000
00:00:01.330463 Hst:                00000000 00000000 00000000 00000000
00:00:01.330464 Gst: 80000012/0000  00000000 00000000 00000000 00000000
00:00:01.330464 Hst:                00000000 00000000 00000000 00000000
00:00:01.330465 Gst: 80000013/0000  00000000 00000000 00000000 00000000
00:00:01.330466 Hst:                00000000 00000000 00000000 00000000
00:00:01.330466 Gst: 80000014/0000  00000000 00000000 00000000 00000000
00:00:01.330467 Hst:                00000000 00000000 00000000 00000000
00:00:01.330467 Gst: 80000015/0000  00000000 00000000 00000000 00000000
00:00:01.330468 Hst:                00000000 00000000 00000000 00000000
00:00:01.330468 Gst: 80000016/0000  00000000 00000000 00000000 00000000
00:00:01.330469 Hst:                00000000 00000000 00000000 00000000
00:00:01.330470 Gst: 80000017/0000  00000000 00000000 00000000 00000000
00:00:01.330470 Hst:                00000000 00000000 00000000 00000000
00:00:01.330471 Gst: 80000018/0000  00000000 00000000 00000000 00000000
00:00:01.330471 Hst:                00000000 00000000 00000000 00000000
00:00:01.330472 Gst: 80000019/0000  00000000 00000000 00000000 00000000
00:00:01.330473 Hst:                00000000 00000000 00000000 00000000
00:00:01.330473 Gst: 8000001a/0000  00000003 00000000 00000000 00000000
00:00:01.330474 Hst:                00000003 00000000 00000000 00000000
00:00:01.330474 Gst: 8000001b/0000  00000000 00000000 00000000 00000000
00:00:01.330475 Hst:                00000000 00000000 00000000 00000000
00:00:01.330475 Gst: 8000001c/0000  00000000 00000000 00000000 00000000
00:00:01.330476 Hst:                00000000 00000000 00000000 00000000
00:00:01.330477 Gst: 8000001d/0000  00000121 01c0003f 0000003f 00000000
00:00:01.330477 Hst:                00004121 01c0003f 0000003f 00000000
00:00:01.330478 Gst: 8000001d/0001  00000122 00c0003f 000000ff 00000000
00:00:01.330479 Hst:                00004122 00c0003f 000000ff 00000000
00:00:01.330479 Gst: 8000001d/0002  00000143 01c0003f 000003ff 00000002
00:00:01.330480 Hst:                00004143 01c0003f 000003ff 00000002
00:00:01.330481 Gst: 8000001d/0003  00000163 03c0003f 00001fff 00000001
00:00:01.330481 Hst:                0001c163 03c0003f 00001fff 00000001
00:00:01.330482 Gst: 8000001d/0004  00000000 00000000 00000000 00000000
00:00:01.330483 Hst:                00000000 00000000 00000000 00000000
00:00:01.330483 Gst: 8000001e/0000  00000000 00000000 00000000 00000000
00:00:01.330484 Hst:                00000009 00000104 00000000 00000000
00:00:01.330484 Gst: 8000001f/0000  00000000 00000000 00000000 00000000
00:00:01.330485 Hst:                00000000 00000000 00000000 00000000
00:00:01.330485 Ext Name:                        AuthenticAMD
00:00:01.330486 Ext Supports:                    0x80000000-0x8000001f
00:00:01.330487 Family:                          15  	Extended: 8 	Effective: 23
00:00:01.330487 Model:                           8  	Extended: 0 	Effective: 8
00:00:01.330488 Stepping:                        2
00:00:01.330488 Brand ID:                        0x000
00:00:01.330488 Ext Features
00:00:01.330489   Mnemonic - Description                                  = Guest (Host)
00:00:01.330490   FPU - x87 FPU on Chip                                   = 1 (1)
00:00:01.330491   VME - Virtual 8086 Mode Enhancements                    = 1 (1)
00:00:01.330491   DE - Debugging extensions                               = 1 (1)
00:00:01.330492   PSE - Page Size Extension                               = 1 (1)
00:00:01.330493   TSC - Time Stamp Counter                                = 1 (1)
00:00:01.330494   MSR - K86 Model Specific Registers                      = 1 (1)
00:00:01.330495   PAE - Physical Address Extension                        = 0 (1)
00:00:01.330495   MCE - Machine Check Exception                           = 0 (1)
00:00:01.330496   CX8 - CMPXCHG8B instruction                             = 1 (1)
00:00:01.330497   APIC - APIC On-Chip                                     = 1 (1)
00:00:01.330498   SEP - SYSCALL/SYSRET                                    = 1 (1)
00:00:01.330499   MTRR - Memory Type Range Registers                      = 1 (1)
00:00:01.330499   PGE - PTE Global Bit                                    = 1 (1)
00:00:01.330500   MCA - Machine Check Architecture                        = 1 (1)
00:00:01.330501   CMOV - Conditional Move instructions                    = 1 (1)
00:00:01.330502   PAT - Page Attribute Table                              = 1 (1)
00:00:01.330503   PSE-36 - 36-bit Page Size Extension                     = 1 (1)
00:00:01.330503   NX - No-Execute/Execute-Disable                         = 0 (1)
00:00:01.330504   AXMMX - AMD Extensions to MMX instructions              = 1 (1)
00:00:01.330505   MMX - Intel MMX Technology                              = 1 (1)
00:00:01.330506   FXSR - FXSAVE and FXRSTOR Instructions                  = 1 (1)
00:00:01.330506   FFXSR - AMD fast FXSAVE and FXRSTOR instructions        = 1 (1)
00:00:01.330507   Page1GB - 1 GB large page                               = 0 (1)
00:00:01.330508   RDTSCP - RDTSCP instruction                             = 1 (1)
00:00:01.330509   LM - AMD64 Long Mode                                    = 0 (1)
00:00:01.330511   3DNOWEXT - AMD Extensions to 3DNow                      = 0 (0)
00:00:01.330512   3DNOW - AMD 3DNow                                       = 0 (0)
00:00:01.330515   LahfSahf - LAHF/SAHF support in 64-bit mode             = 1 (1)
00:00:01.330516   CmpLegacy - Core multi-processing legacy mode           = 0 (1)
00:00:01.330516   SVM - AMD Secure Virtual Machine extensions             = 0 (0)
00:00:01.330517   EXTAPIC - AMD Extended APIC registers                   = 0 (0)
00:00:01.330518   CR8L - AMD LOCK MOV CR0 means MOV CR8                   = 1 (1)
00:00:01.330518   ABM - AMD Advanced Bit Manipulation                     = 1 (1)
00:00:01.330519   SSE4A - SSE4A instructions                              = 1 (1)
00:00:01.330520   MISALIGNSSE - AMD Misaligned SSE mode                   = 1 (1)
00:00:01.330521   3DNOWPRF - AMD PREFETCH and PREFETCHW instructions      = 1 (1)
00:00:01.330522   OSVW - AMD OS Visible Workaround                        = 0 (1)
00:00:01.330522   IBS - Instruct Based Sampling                           = 0 (0)
00:00:01.330523   XOP - Extended Operation support                        = 0 (0)
00:00:01.330524   SKINIT - SKINIT, STGI, and DEV support                  = 0 (0)
00:00:01.330525   WDT - AMD Watchdog Timer support                        = 0 (1)
00:00:01.330526   LWP - Lightweight Profiling support                     = 0 (0)
00:00:01.330526   FMA4 - Four operand FMA instruction support             = 0 (0)
00:00:01.330527   TCE - Translation Cache Extension support               = 0 (0)
00:00:01.330528   NodeId - NodeId in MSR C001_100C                        = 0 (0)
00:00:01.330529   TBM - Trailing Bit Manipulation instructions            = 0 (0)
00:00:01.330529   TOPOEXT - Topology Extensions                           = 0 (1)
00:00:01.330530   PRFEXTCORE - Performance Counter Extensions support     = 0 (0)
00:00:01.330531   PRFEXTNB - NB Performance Counter Extensions support    = 0 (0)
00:00:01.330531   DATABPEXT - Data-access Breakpoint Extension            = 0 (0)
00:00:01.330532   PERFTSC - Performance Time Stamp Counter                = 0 (0)
00:00:01.330533   PCX_L2I - L2I/L3 Performance Counter Extensions         = 0 (0)
00:00:01.330533   MONITORX - MWAITX and MONITORX instructions             = 0 (0)
00:00:01.330534   AddrMaskExt - BP Addressing masking extended to bit 31  = 0 (0)
00:00:01.330535 Full Name:                       "AMD Ryzen 7 2700X Eight-Core Processor         "
00:00:01.330535 TLB 2/4M Instr/Uni:              fully  64 entries
00:00:01.330536 TLB 2/4M Data:                   fully  64 entries
00:00:01.330537 TLB 4K Instr/Uni:                fully  64 entries
00:00:01.330537 TLB 4K Data:                     fully  64 entries
00:00:01.330538 L1 Instr Cache Line Size:        64 bytes
00:00:01.330538 L1 Instr Cache Lines Per Tag:    1
00:00:01.330538 L1 Instr Cache Associativity:    4 way
00:00:01.330539 L1 Instr Cache Size:             64 KB
00:00:01.330539 L1 Data Cache Line Size:         64 bytes
00:00:01.330540 L1 Data Cache Lines Per Tag:     1
00:00:01.330540 L1 Data Cache Associativity:     8 way
00:00:01.330540 L1 Data Cache Size:              32 KB
00:00:01.330540 L2 TLB 2/4M Instr/Uni:           8 way  1024 entries
00:00:01.330541 L2 TLB 2/4M Data:                2 way  1536 entries
00:00:01.330541 L2 TLB 4K Instr/Uni:             8 way  1024 entries
00:00:01.330542 L2 TLB 4K Data:                  8 way  1536 entries
00:00:01.330542 L2 Cache Line Size:              64 bytes
00:00:01.330542 L2 Cache Lines Per Tag:          1
00:00:01.330543 L2 Cache Associativity:          8 way 
00:00:01.330543 L2 Cache Size:                   512 KB
00:00:01.330545 L3 Cache Line Size:              64 bytes
00:00:01.330545 L3 Cache Lines Per Tag:          1
00:00:01.330545 L3 Cache Associativity:          16 way
00:00:01.330546 L3 Cache Size:                   16384 KB
00:00:01.330546 APM Features EDX
00:00:01.330546   Mnemonic - Description                                  = Guest (Host)
00:00:01.330549   TS - Temperature Sensor                                 = 0 (1)
00:00:01.330550   FID - Frequency ID control                              = 0 (0)
00:00:01.330551   VID - Voltage ID control                                = 0 (0)
00:00:01.330552   TTP - Thermal Trip                                      = 0 (1)
00:00:01.330553   TM - Hardware Thermal Control (HTC)                     = 0 (0)
00:00:01.330554   100MHzSteps - 100 MHz Multiplier control                = 0 (0)
00:00:01.330555   HwPstate - Hardware P-state control                     = 0 (1)
00:00:01.330556   TscInvariant - Invariant Time Stamp Counter             = 1 (1)
00:00:01.330556   CPB - Core Performance Boost                            = 0 (1)
00:00:01.330557   EffFreqRO - Read-only Effective Frequency Interface     = 0 (1)
00:00:01.330558   ProcFdbkIf - Processor Feedback Interface               = 0 (0)
00:00:01.330559   ProcPwrRep - Core power reporting interface support     = 0 (0)
00:00:01.330559   ConnectedStandby - Connected Standby                    = 0 (0)
00:00:01.330560   RAPL - Running average power limit                      = 0 (1)
00:00:01.330561 Ext Features ext IDs EBX
00:00:01.330561   Mnemonic - Description                                  = Guest (Host)
00:00:01.330562   CLZERO - Clear zero instruction (cacheline)             = 0 (1)
00:00:01.330563   IRPerf - Instructions retired count support             = 0 (0)
00:00:01.330563   XSaveErPtr - Save/restore error pointers (FXSAVE/RSTOR) = 0 (1)
00:00:01.330564   INVLPGB - INVLPGB and TLBSYNC instructions              = 0 (0)
00:00:01.330565   RDPRU - RDPRU instruction                               = 0 (0)
00:00:01.330565   BE - Bandwidth Enforcement extension                    = 0 (0)
00:00:01.330566   MCOMMIT - MCOMMIT instruction                           = 0 (0)
00:00:01.330567   WBNOINVD - WBNOINVD instruction                         = 0 (0)
00:00:01.330568   IBPB - Supports the IBPB command in IA32_PRED_CMD       = 0 (0)
00:00:01.330568   INT_WBINVD - WBINVD/WBNOINVD interruptible              = 0 (0)
00:00:01.330569   IBRS - Indirect Branch Restricted Speculation           = 0 (0)
00:00:01.330570   STIBP - Single Thread Indirect Branch Prediction        = 0 (0)
00:00:01.330570   IbrsAlwaysOn - Processor prefers that IBRS be left on   = 0 (0)
00:00:01.330571   StibpAlwaysOn - Processor prefers that STIBP be left on = 0 (0)
00:00:01.330572   IbrsPreferred - IBRS preferred over software solution   = 0 (0)
00:00:01.330572   IbrsSameMode - IBRS limits same mode speculation        = 0 (0)
00:00:01.330573   EferLmsleUnsupported - EFER.LMSLE is unsupported        = 0 (0)
00:00:01.330573   INVLPGBnestedPages - INVLPGB for nested translation     = 0 (0)
00:00:01.330574   PPIN - Protected processor inventory number             = 0 (0)
00:00:01.330575   SSBD - Speculative Store Bypass Disable                 = 0 (0)
00:00:01.330575   SsbdVirtSpecCtrl - Use VIRT_SPEC_CTL for SSBD           = 0 (1)
00:00:01.330576   SsbdNotRequired - SSBD not needed on this processor     = 1 (0)
00:00:01.330577   CPPC - Collaborative Processor Performance Control      = 0 (0)
00:00:01.330577   PSFD - Predictive Store Forward Disable                 = 0 (0)
00:00:01.330578   BTC_NO - Unaffected by branch type confusion            = 0 (0)
00:00:01.330579   IBPB_RET - Clears RA predictor when PRED_CMD.IBPB set   = 0 (0)
00:00:01.330579 Physical Address Width:          48 bits
00:00:01.330579 Virtual Address Width:           48 bits
00:00:01.330580 Guest Physical Address Width:    48 bits (0)
00:00:01.330580 Physical Core Count:             1
00:00:01.330581 APIC ID size:                    1 (0x1)
00:00:01.330581 Performance TSC size:            40 bits
00:00:01.330581 Max page count for INVLPGB:      0x3030
00:00:01.330582 Max ECX for RDPRU:               0x0
00:00:01.330585 ********************* End of CPUID dump *********************
00:00:01.330645 VMEmt: Halt method global1 (5)
00:00:01.330793 VMEmt: HaltedGlobal1 config: cNsSpinBlockThresholdCfg=50000
00:00:01.330805 Changing the VM state from 'CREATING' to 'CREATED'
00:00:01.331933 NAT: DNS settings changed, triggering update
00:00:01.331950 NAT DNS Update: Stored 1263225675 as nameserver #0
00:00:01.331957 NAT DNS Update: Stored 1280068427 as nameserver #1
00:00:01.331962 NAT DNS Update: Stored 2 total nameservers
00:00:01.332451 Changing the VM state from 'CREATED' to 'POWERING_ON'
00:00:01.332656 Changing the VM state from 'POWERING_ON' to 'RUNNING'
00:00:01.332665 Console: Machine state changed to 'Running'
00:00:01.334507 VMMDev: Guest Log: BIOS: VirtualBox 7.2.6
00:00:01.334724 PCI: Setting up resources and interrupts
00:00:01.334879 PIT: mode=2 count=0x10000 (65536) - 18.20 Hz (ch=0)
00:00:01.355569 Display::i_handleDisplayResize: uScreenId=0 pvVRAM=0000000000000000 w=720 h=400 bpp=0 cbLine=0x0 flags=0x0 origin=0,0
00:00:01.356048 VMMDev: Guest Log: CPUID EDX: 0x178bfbbf
00:00:01.356171 PIIX3 ATA: Ctl#0: RESET, DevSel=0 AIOIf=0 CmdIf0=0x00 (-1 usec ago) CmdIf1=0x00 (-1 usec ago)
00:00:01.356215 PIIX3 ATA: Ctl#0: finished processing RESET
00:00:01.356600 VMMDev: Guest Log: BIOS: ata0-0: PCHS=65/16/63 LCHS=65/16/63
00:00:01.396391 PIT: mode=2 count=0x48d3 (18643) - 64.00 Hz (ch=0)
00:00:01.403246 Display::i_handleDisplayResize: uScreenId=0 pvVRAM=0000019f84e00000 w=640 h=480 bpp=32 cbLine=0xA00 flags=0x0 origin=0,0
00:00:01.455330 VBoxHeadless: starting event loop
00:00:03.871264 PIT: mode=2 count=0x10000 (65536) - 18.20 Hz (ch=0)
00:00:03.871487 VMMDev: Guest Log: BIOS: Boot : bseqnr=1, bootseq=0002
00:00:03.871772 VMMDev: Guest Log: BIOS: Booting from Hard Disk...
00:00:03.877178 Display::i_handleDisplayResize: uScreenId=0 pvVRAM=0000000000000000 w=640 h=480 bpp=0 cbLine=0x0 flags=0x0 origin=0,0
00:00:03.885756 WasAPI: Looking up or creating cache entry (caching is set to enabled, iface 0000019ffbbc2be0, async init)
00:00:03.885841 Audio: Warning: Scheduling hint of stream '[WasAPI] Output:0' is bigger (1000ms) than used period size (0ms)
00:00:03.885940 Audio Mixer: Setting sink 'SB16 Mixer/PCM Output' -- channel volumes: ba ba ba ba ba ba ba ba ba ba ba ba
00:00:03.898102 Display::i_handleDisplayResize: uScreenId=0 pvVRAM=0000019f84e00000 w=640 h=400 bpp=0 cbLine=0x140 flags=0x0 origin=0,0
