Microsoft (R) Macro Assembler Version 14.40.33812.0	    04/19/26 11:39:31
C:\Users\RhythmicCarnage\Desktop\CyberStorm\src\bootstrap.asm  Page 1 - 1


				.model tiny
				.386p
 0000				.code
				org 0
				
				include boot_config.inc
			      C ; generated by scripts/build.ps1
 = 0003			      C BOOTSTRAP_SECTORS EQU 3
 = 0080			      C GAME_SECTORS EQU 128
 = 0004			      C STAGE2_LBA EQU 4
			      C 
				include generated_bank_layout.inc
			      C ; generated by scripts/build.ps1
			      C ; stage two includes this file to locate banked read-only payloads on disk
			      C 
 = 0084			      C CODE_BANK_LBA EQU 132
 = 0002			      C CODE_BANK_SECTORS EQU 2
 = 02A4			      C CODE_BANK_BYTES EQU 676
 = 0400			      C CODE_BANK_PADDED_BYTES EQU 1024
			      C 
 = 0086			      C TEXTURE_BANK_LBA EQU 134
 = 0028			      C TEXTURE_BANK_SECTORS EQU 40
 = 5000			      C TEXTURE_BANK_BYTES EQU 20480
 = 5000			      C TEXTURE_BANK_PADDED_BYTES EQU 20480
			      C 
 = 00AE			      C MAP_BANK_LBA EQU 174
 = 000E			      C MAP_BANK_SECTORS EQU 14
 = 1A07			      C MAP_BANK_BYTES EQU 6663
 = 1C00			      C MAP_BANK_PADDED_BYTES EQU 7168
			      C 
 = 00BC			      C PRESENT_BANK_LBA EQU 188
 = 0027			      C PRESENT_BANK_SECTORS EQU 39
 = 4E00			      C PRESENT_BANK_BYTES EQU 19968
 = 4E00			      C PRESENT_BANK_PADDED_BYTES EQU 19968
			      C 
 = 00E3			      C GEOMETRY_BANK_LBA EQU 227
 = 0011			      C GEOMETRY_BANK_SECTORS EQU 17
 = 206E			      C GEOMETRY_BANK_BYTES EQU 8302
 = 2200			      C GEOMETRY_BANK_PADDED_BYTES EQU 8704
			      C 
				
 = 0800				BOOTSTRAP_SEG equ 0800h
 = 1000				STAGE2_SEG    equ 1000h
 = 0003				TEXT_MODE_80X25 equ 0003h
 = 0101				ENHANCED_VBE_MODE equ 0101h
 = 4000				ENHANCED_VBE_LINEAR_FLAG equ 4000h
 = 6000				CODE_BANK_SEG equ 6000h
 = 6800				TEXTURE_BANK_SEG equ 6800h
 = 7000				MAP_BANK_SEG equ 7000h
 = 7800				PRESENT_BANK_SEG equ 7800h
 = 8000				GEOMETRY_BANK_SEG equ 8000h
				
 = 0400				HANDOFF_OFFSET     equ 0400h
 = 4252				HANDOFF_SIG0       equ 4252h
 = 5645				HANDOFF_SIG1       equ 5645h
 = 0001				HANDOFF_VERSION    equ 1
 = 0001				HANDOFF_FLAG_VBE   equ 0001h
 = 0000				HANDOFF_SIG0_OFF   equ 0
 = 0002				HANDOFF_SIG1_OFF   equ 2
 = 0004				HANDOFF_VERSION_OFF equ 4
 = 0006				HANDOFF_FLAGS_OFF  equ 6
 = 0008				HANDOFF_MODE_OFF   equ 8
 = 000A				HANDOFF_WIDTH_OFF  equ 10
 = 000C				HANDOFF_HEIGHT_OFF equ 12
 = 000E				HANDOFF_PITCH_OFF  equ 14
 = 0010				HANDOFF_LFB_OFF    equ 16
				
 = 0008				FLAT_CODE_SEL equ 08h
 = 0010				FLAT_DATA_SEL equ 10h
				
 0000				start:
 0000  FA			    cli
 0001  8C C8			    mov ax, cs
 0003  8E D8			    mov ds, ax
 0005  8E C0			    mov es, ax
 0007  8E D0			    mov ss, ax
 0009  BC FFFE			    mov sp, 0FFFEh
 000C  FB			    sti
 000D  FC			    cld
				
 000E  2E: 88 16 0288 R		    mov [boot_drive], dl
 0013  E8 0017			    call clear_handoff_block
 0016  E8 0029			    call load_stage2_and_banks
 0019  E8 0102			    call setup_vbe_mode
 001C  E8 01A1			    call enter_unreal_mode
 001F  E8 01E6			    call write_handoff_block
				
 0022  2E: 8A 16 0288 R		    mov dl, [boot_drive]
 0027  68 1000			    push STAGE2_SEG
 002A  6A 00			    push 0000h
 002C  CB			    retf
				
 002D				clear_handoff_block:
 002D  50			    push ax
 002E  51			    push cx
 002F  57			    push di
 0030  8C C8			    mov ax, cs
 0032  8E C0			    mov es, ax
 0034  BF 0400			    mov di, HANDOFF_OFFSET
 0037  33 C0			    xor ax, ax
 0039  B9 000C			    mov cx, 12
 003C  F3/ AB			    rep stosw
 003E  5F			    pop di
 003F  59			    pop cx
 0040  58			    pop ax
 0041  C3			    ret
				
 0042				load_stage2_and_banks:
 0042  B8 0004			    mov ax, STAGE2_LBA
 0045  B9 0080			    mov cx, GAME_SECTORS
 0048  BA 1000			    mov dx, STAGE2_SEG
 004B  8D 36 03B6 R		    lea si, text_stage2_error
 004F  E8 0051			    call load_payload_or_fail
				
 0052  B8 0084			    mov ax, CODE_BANK_LBA
 0055  B9 0002			    mov cx, CODE_BANK_SECTORS
 0058  BA 6000			    mov dx, CODE_BANK_SEG
 005B  8D 36 03D3 R		    lea si, text_code_bank_error
 005F  E8 0041			    call load_payload_or_fail
				
 0062  B8 0086			    mov ax, TEXTURE_BANK_LBA
 0065  B9 0028			    mov cx, TEXTURE_BANK_SECTORS
 0068  BA 6800			    mov dx, TEXTURE_BANK_SEG
 006B  8D 36 03EE R		    lea si, text_texture_bank_error
 006F  E8 0031			    call load_payload_or_fail
				
 0072  B8 00AE			    mov ax, MAP_BANK_LBA
 0075  B9 000E			    mov cx, MAP_BANK_SECTORS
 0078  BA 7000			    mov dx, MAP_BANK_SEG
 007B  8D 36 040C R		    lea si, text_map_bank_error
 007F  E8 0021			    call load_payload_or_fail
				
 0082  B8 00BC			    mov ax, PRESENT_BANK_LBA
 0085  B9 0027			    mov cx, PRESENT_BANK_SECTORS
 0088  BA 7800			    mov dx, PRESENT_BANK_SEG
 008B  8D 36 0426 R		    lea si, text_presentation_bank_error
 008F  E8 0011			    call load_payload_or_fail
				
 0092  B8 00E3			    mov ax, GEOMETRY_BANK_LBA
 0095  B9 0011			    mov cx, GEOMETRY_BANK_SECTORS
 0098  BA 8000			    mov dx, GEOMETRY_BANK_SEG
 009B  8D 36 0449 R		    lea si, text_geometry_bank_error
 009F  E8 0001			    call load_payload_or_fail
 00A2  C3			    ret
				
 00A3				load_payload_or_fail:
 00A3  0B C9			    or cx, cx
 00A5  74 0A			    jz load_payload_done
 00A7  56			    push si
 00A8  E8 0007			    call read_lba_payload
 00AB  5E			    pop si
 00AC  73 03			    jnc load_payload_done
 00AE  E8 01AA			    call fatal_error
 00B1				load_payload_done:
 00B1  C3			    ret
				
 00B2				read_lba_payload:
				    ; Read CX sectors starting at LBA AX into segment DX:0000 using BIOS EDD.
 00B2  53			    push bx
 00B3  57			    push di
 00B4  8B D8			    mov bx, ax
 00B6  8C C8			    mov ax, cs
 00B8  8E D8			    mov ds, ax
				
 00BA				read_lba_payload_chunk:
 00BA  0B C9			    or cx, cx
 00BC  74 5C			    jz read_lba_payload_done
				
 00BE  8B F9			    mov di, cx
 00C0  83 FF 7F			    cmp di, 127
 00C3  76 03			    jbe read_lba_payload_chunk_ready
 00C5  BF 007F			    mov di, 127
				
 00C8				read_lba_payload_chunk_ready:
 00C8  2E: 89 3E 027A R		    mov word ptr [payload_dap + 2], di
 00CD  2E: C7 06 027C R		    mov word ptr [payload_dap + 4], 0000h
       0000
 00D4  2E: 89 16 027E R		    mov word ptr [payload_dap + 6], dx
 00D9  2E: 89 1E 0280 R		    mov word ptr [payload_dap + 8], bx
 00DE  2E: C7 06 0282 R		    mov word ptr [payload_dap + 10], 0000h
       0000
 00E5  2E: C7 06 0284 R		    mov word ptr [payload_dap + 12], 0000h
       0000
 00EC  2E: C7 06 0286 R		    mov word ptr [payload_dap + 14], 0000h
       0000
 00F3  B4 42			    mov ah, 42h
 00F5  8D 36 0278 R		    lea si, payload_dap
 00F9  2E: 8A 16 0288 R		    mov dl, [boot_drive]
 00FE  CD 13			    int 13h
 0100  72 11			    jc read_lba_payload_fail
				
 0102  8C C8			    mov ax, cs
 0104  8E D8			    mov ds, ax
 0106  2B CF			    sub cx, di
 0108  03 DF			    add bx, di
 010A  8B C7			    mov ax, di
 010C  C1 E0 05			    shl ax, 5
 010F  03 D0			    add dx, ax
 0111  EB A7			    jmp read_lba_payload_chunk
				
 0113				read_lba_payload_fail:
 0113  8C C8			    mov ax, cs
 0115  8E D8			    mov ds, ax
 0117  5F			    pop di
 0118  5B			    pop bx
 0119  C3			    ret
				
 011A				read_lba_payload_done:
 011A  F8			    clc
 011B  5F			    pop di
 011C  5B			    pop bx
 011D  C3			    ret
				
 011E				setup_vbe_mode:
 011E  50			    push ax
 011F  53			    push bx
 0120  51			    push cx
 0121  52			    push dx
 0122  57			    push di
 0123  06			    push es
				
 0124  8C C8			    mov ax, cs
 0126  8E C0			    mov es, ax
 0128  8D 3E 02B6 R		    lea di, vbe_mode_info
 012C  B8 4F01			    mov ax, 4F01h
 012F  B9 0101			    mov cx, ENHANCED_VBE_MODE
 0132  CD 10			    int 10h
 0134  83 F8 4F			    cmp ax, 004Fh
 0137  75 79			    jne setup_vbe_fail
				
 0139  2E: A1 02B6 R		    mov ax, word ptr vbe_mode_info[0]
 013D  A9 0001			    test ax, 0001h
 0140  74 70			    jz setup_vbe_fail
 0142  A9 0080			    test ax, 0080h
 0145  74 65			    jz setup_vbe_lfb_fail
 0147  2E: 81 3E 02C2 R		    cmp word ptr vbe_mode_info[12], 640
       0280
 014E  75 62			    jne setup_vbe_fail
 0150  2E: 81 3E 02C4 R		    cmp word ptr vbe_mode_info[14], 480
       01E0
 0157  75 59			    jne setup_vbe_fail
 0159  2E: 80 3E 02CF R		    cmp byte ptr vbe_mode_info[25], 8
       08
 015F  75 51			    jne setup_vbe_fail
 0161  2E: A0 02D1 R		    mov al, byte ptr vbe_mode_info[27]
 0165  3C 04			    cmp al, 4
 0167  75 49			    jne setup_vbe_fail
				
 0169  B8 4F02			    mov ax, 4F02h
 016C  BB 4101			    mov bx, ENHANCED_VBE_MODE + ENHANCED_VBE_LINEAR_FLAG
 016F  CD 10			    int 10h
 0171  83 F8 4F			    cmp ax, 004Fh
 0174  75 36			    jne setup_vbe_lfb_fail
				
 0176  8C C8			    mov ax, cs
 0178  8E D8			    mov ds, ax
 017A  2E: A1 02C6 R		    mov ax, word ptr vbe_mode_info[16]
 017E  2E: A3 0291 R		    mov [handoff_pitch], ax
 0182  2E: A1 02C2 R		    mov ax, word ptr vbe_mode_info[12]
 0186  2E: A3 028D R		    mov [handoff_width], ax
 018A  2E: A1 02C4 R		    mov ax, word ptr vbe_mode_info[14]
 018E  2E: A3 028F R		    mov [handoff_height], ax
 0192  66| 2E: A1 02DE R	    mov eax, dword ptr vbe_mode_info[40]
 0197  66| 2E: A3 0293 R	    mov dword ptr [handoff_lfb], eax
 019C  2E: C7 06 0289 R		    mov word ptr [handoff_flags], HANDOFF_FLAG_VBE
       0001
 01A3  2E: C7 06 028B R		    mov word ptr [handoff_mode], ENHANCED_VBE_MODE
       0101
 01AA  EB 0D			    jmp setup_vbe_done
				
 01AC				setup_vbe_lfb_fail:
 01AC  8D 36 048A R		    lea si, text_vbe_lfb_error
 01B0  EB 04			    jmp setup_vbe_panic
				
 01B2				setup_vbe_fail:
 01B2  8D 36 0468 R		    lea si, text_vbe_error
				
 01B6				setup_vbe_panic:
 01B6  E8 00A2			    call fatal_error
				
 01B9				setup_vbe_done:
 01B9  07			    pop es
 01BA  5F			    pop di
 01BB  5A			    pop dx
 01BC  59			    pop cx
 01BD  5B			    pop bx
 01BE  58			    pop ax
 01BF  C3			    ret
				
 01C0				enter_unreal_mode:
 01C0  FA			    cli
 01C1  E4 92			    in al, 92h
 01C3  0C 02			    or al, 02h
 01C5  E6 92			    out 92h, al
				
 01C7  2E: 0F 01 16 02B0 R	    lgdt fword ptr gdt_descriptor
 01CD  0F 20 C0			    mov eax, cr0
 01D0  66| 83 C8 01		    or eax, 1
 01D4  0F 22 C0			    mov cr0, eax
 01D7  6A 08			    push FLAT_CODE_SEL
 01D9  68 01DD R		    push OFFSET protected_entry
 01DC  CB			    retf
				
 01DD				protected_entry:
 01DD  B8 0010			    mov ax, FLAT_DATA_SEL
 01E0  8E D8			    mov ds, ax
 01E2  8E C0			    mov es, ax
 01E4  8E E0			    mov fs, ax
 01E6  8E E8			    mov gs, ax
 01E8  8E D0			    mov ss, ax
				
 01EA  0F 20 C0			    mov eax, cr0
 01ED  66| 83 E0 FE		    and eax, 0FFFFFFFEh
 01F1  0F 22 C0			    mov cr0, eax
 01F4  68 0800			    push BOOTSTRAP_SEG
 01F7  68 01FB R		    push OFFSET real_mode_entry
 01FA  CB			    retf
				
 01FB				real_mode_entry:
 01FB  8C C8			    mov ax, cs
 01FD  8E D8			    mov ds, ax
 01FF  8E C0			    mov es, ax
 0201  8E D0			    mov ss, ax
 0203  BC FFFE			    mov sp, 0FFFEh
 0206  FB			    sti
 0207  C3			    ret
				
 0208				write_handoff_block:
 0208  50			    push ax
 0209  57			    push di
 020A  8C C8			    mov ax, cs
 020C  8E D8			    mov ds, ax
 020E  8C C8			    mov ax, cs
 0210  8E C0			    mov es, ax
 0212  BF 0400			    mov di, HANDOFF_OFFSET
 0215  26: C7 05 4252		    mov word ptr es:[di + HANDOFF_SIG0_OFF], HANDOFF_SIG0
 021A  26: C7 45 02 5645	    mov word ptr es:[di + HANDOFF_SIG1_OFF], HANDOFF_SIG1
 0220  26: C7 45 04 0001	    mov word ptr es:[di + HANDOFF_VERSION_OFF], HANDOFF_VERSION
 0226  2E: A1 0289 R		    mov ax, [handoff_flags]
 022A  26: 89 45 06		    mov word ptr es:[di + HANDOFF_FLAGS_OFF], ax
 022E  2E: A1 028B R		    mov ax, [handoff_mode]
 0232  26: 89 45 08		    mov word ptr es:[di + HANDOFF_MODE_OFF], ax
 0236  2E: A1 028D R		    mov ax, [handoff_width]
 023A  26: 89 45 0A		    mov word ptr es:[di + HANDOFF_WIDTH_OFF], ax
 023E  2E: A1 028F R		    mov ax, [handoff_height]
 0242  26: 89 45 0C		    mov word ptr es:[di + HANDOFF_HEIGHT_OFF], ax
 0246  2E: A1 0291 R		    mov ax, [handoff_pitch]
 024A  26: 89 45 0E		    mov word ptr es:[di + HANDOFF_PITCH_OFF], ax
 024E  66| 2E: A1 0293 R	    mov eax, dword ptr [handoff_lfb]
 0253  66| 26: 89 45 10		    mov dword ptr es:[di + HANDOFF_LFB_OFF], eax
 0258  5F			    pop di
 0259  58			    pop ax
 025A  C3			    ret
				
 025B				fatal_error:
 025B  8C C8			    mov ax, cs
 025D  8E D8			    mov ds, ax
 025F  B8 0003			    mov ax, TEXT_MODE_80X25
 0262  CD 10			    int 10h
				
 0264				fatal_error_loop:
 0264  AC			    lodsb
 0265  0A C0			    or al, al
 0267  74 0A			    jz fatal_halt
 0269  B4 0E			    mov ah, 0Eh
 026B  B7 00			    mov bh, 00h
 026D  B3 0C			    mov bl, 0Ch
 026F  CD 10			    int 10h
 0271  EB F1			    jmp fatal_error_loop
				
 0273				fatal_halt:
 0273  FA			    cli
 0274				fatal_spin:
 0274  F4			    hlt
 0275  EB FD			    jmp fatal_spin
				
 0277  00			db 0
 0278 10 00			payload_dap db 10h, 00h
 027A  0000			            dw 0
 027C  0000			            dw 0000h
 027E  0000			            dw 0000h
 0280  00000000			            dd 0
 0284  00000000			            dd 0
				
 0288 00			boot_drive db 0
 0289 0000			handoff_flags  dw 0
 028B 0000			handoff_mode   dw 0
 028D 0280			handoff_width  dw 640
 028F 01E0			handoff_height dw 480
 0291 0280			handoff_pitch  dw 640
 0293 00000000			handoff_lfb    dd 0
				
				even
 0298				gdt_start label byte
 0298				gdt_null dq 0
       0000000000000000
 02A0 FFFF 0000			gdt_code dw 0FFFFh, 0000h
 02A4  00 9A 8F 00		         db 00h, 09Ah, 08Fh, 00h
 02A8 FFFF 0000			gdt_data dw 0FFFFh, 0000h
 02AC  00 92 8F 00		         db 00h, 092h, 08Fh, 00h
 02B0				gdt_end label byte
 02B0 0017			gdt_descriptor dw gdt_end - gdt_start - 1
 02B2  0298 0000 R		               dd OFFSET gdt_start
				
				even
 02B6  0100 [			vbe_mode_info db 256 dup (0)
        00
       ]
				
 03B6 43 59 42 45 52 53		text_stage2_error db 'CYBERSTORM STAGE2 LOAD ERROR', 0
       54 4F 52 4D 20 53
       54 41 47 45 32 20
       4C 4F 41 44 20 45
       52 52 4F 52 00
 03D3 43 59 42 45 52 53		text_code_bank_error db 'CYBERSTORM CODE BANK ERROR', 0
       54 4F 52 4D 20 43
       4F 44 45 20 42 41
       4E 4B 20 45 52 52
       4F 52 00
 03EE 43 59 42 45 52 53		text_texture_bank_error db 'CYBERSTORM TEXTURE BANK ERROR', 0
       54 4F 52 4D 20 54
       45 58 54 55 52 45
       20 42 41 4E 4B 20
       45 52 52 4F 52 00
 040C 43 59 42 45 52 53		text_map_bank_error db 'CYBERSTORM MAP BANK ERROR', 0
       54 4F 52 4D 20 4D
       41 50 20 42 41 4E
       4B 20 45 52 52 4F
       52 00
 0426 43 59 42 45 52 53		text_presentation_bank_error db 'CYBERSTORM PRESENTATION BANK ERROR', 0
       54 4F 52 4D 20 50
       52 45 53 45 4E 54
       41 54 49 4F 4E 20
       42 41 4E 4B 20 45
       52 52 4F 52 00
 0449 43 59 42 45 52 53		text_geometry_bank_error db 'CYBERSTORM GEOMETRY BANK ERROR', 0
       54 4F 52 4D 20 47
       45 4F 4D 45 54 52
       59 20 42 41 4E 4B
       20 45 52 52 4F 52
       00
 0468 43 59 42 45 52 53		text_vbe_error db 'CYBERSTORM VBE 640X480X8 REQUIRED', 0
       54 4F 52 4D 20 56
       42 45 20 36 34 30
       58 34 38 30 58 38
       20 52 45 51 55 49
       52 45 44 00
 048A 43 59 42 45 52 53		text_vbe_lfb_error db 'CYBERSTORM VBE LFB REQUIRED', 0
       54 4F 52 4D 20 56
       42 45 20 4C 46 42
       20 52 45 51 55 49
       52 45 44 00
				
				end start
C:\Users\RhythmicCarnage\Desktop\CyberStorm\src\bootstrap.asm(374) : warning A4023:with /coff switch, leading underscore required for start address : start
Microsoft (R) Macro Assembler Version 14.40.33812.0	    04/19/26 11:39:31
C:\Users\RhythmicCarnage\Desktop\CyberStorm\src\bootstrap.asm  Symbols 2 - 1




Segments and Groups:

                N a m e                 Size     Length   Align   Combine Class

_DATA  . . . . . . . . . . . . .	16 Bit	 0000	  Word	  Public  'DATA'	
_TEXT  . . . . . . . . . . . . .	16 Bit	 04A6	  Word	  Public  'CODE'	


Symbols:

                N a m e                 Type     Value    Attr

@CodeSize  . . . . . . . . . . .	Number	 0000h	 
@DataSize  . . . . . . . . . . .	Number	 0000h	 
@Interface . . . . . . . . . . .	Number	 0000h	 
@Model . . . . . . . . . . . . .	Number	 0001h	 
@code  . . . . . . . . . . . . .	Text   	 DGROUP
@data  . . . . . . . . . . . . .	Text   	 DGROUP
@fardata?  . . . . . . . . . . .	Text   	 FAR_BSS
@fardata . . . . . . . . . . . .	Text   	 FAR_DATA
@stack . . . . . . . . . . . . .	Text   	 DGROUP
BOOTSTRAP_SECTORS  . . . . . . .	Number	 0003h	 
BOOTSTRAP_SEG  . . . . . . . . .	Number	 0800h	 
CODE_BANK_BYTES  . . . . . . . .	Number	 02A4h	 
CODE_BANK_LBA  . . . . . . . . .	Number	 0084h	 
CODE_BANK_PADDED_BYTES . . . . .	Number	 0400h	 
CODE_BANK_SECTORS  . . . . . . .	Number	 0002h	 
CODE_BANK_SEG  . . . . . . . . .	Number	 6000h	 
ENHANCED_VBE_LINEAR_FLAG . . . .	Number	 4000h	 
ENHANCED_VBE_MODE  . . . . . . .	Number	 0101h	 
FLAT_CODE_SEL  . . . . . . . . .	Number	 0008h	 
FLAT_DATA_SEL  . . . . . . . . .	Number	 0010h	 
GAME_SECTORS . . . . . . . . . .	Number	 0080h	 
GEOMETRY_BANK_BYTES  . . . . . .	Number	 206Eh	 
GEOMETRY_BANK_LBA  . . . . . . .	Number	 00E3h	 
GEOMETRY_BANK_PADDED_BYTES . . .	Number	 2200h	 
GEOMETRY_BANK_SECTORS  . . . . .	Number	 0011h	 
GEOMETRY_BANK_SEG  . . . . . . .	Number	 8000h	 
HANDOFF_FLAGS_OFF  . . . . . . .	Number	 0006h	 
HANDOFF_FLAG_VBE . . . . . . . .	Number	 0001h	 
HANDOFF_HEIGHT_OFF . . . . . . .	Number	 000Ch	 
HANDOFF_LFB_OFF  . . . . . . . .	Number	 0010h	 
HANDOFF_MODE_OFF . . . . . . . .	Number	 0008h	 
HANDOFF_OFFSET . . . . . . . . .	Number	 0400h	 
HANDOFF_PITCH_OFF  . . . . . . .	Number	 000Eh	 
HANDOFF_SIG0_OFF . . . . . . . .	Number	 0000h	 
HANDOFF_SIG0 . . . . . . . . . .	Number	 4252h	 
HANDOFF_SIG1_OFF . . . . . . . .	Number	 0002h	 
HANDOFF_SIG1 . . . . . . . . . .	Number	 5645h	 
HANDOFF_VERSION_OFF  . . . . . .	Number	 0004h	 
HANDOFF_VERSION  . . . . . . . .	Number	 0001h	 
HANDOFF_WIDTH_OFF  . . . . . . .	Number	 000Ah	 
MAP_BANK_BYTES . . . . . . . . .	Number	 1A07h	 
MAP_BANK_LBA . . . . . . . . . .	Number	 00AEh	 
MAP_BANK_PADDED_BYTES  . . . . .	Number	 1C00h	 
MAP_BANK_SECTORS . . . . . . . .	Number	 000Eh	 
MAP_BANK_SEG . . . . . . . . . .	Number	 7000h	 
PRESENT_BANK_BYTES . . . . . . .	Number	 4E00h	 
PRESENT_BANK_LBA . . . . . . . .	Number	 00BCh	 
PRESENT_BANK_PADDED_BYTES  . . .	Number	 4E00h	 
PRESENT_BANK_SECTORS . . . . . .	Number	 0027h	 
PRESENT_BANK_SEG . . . . . . . .	Number	 7800h	 
STAGE2_LBA . . . . . . . . . . .	Number	 0004h	 
STAGE2_SEG . . . . . . . . . . .	Number	 1000h	 
TEXTURE_BANK_BYTES . . . . . . .	Number	 5000h	 
TEXTURE_BANK_LBA . . . . . . . .	Number	 0086h	 
TEXTURE_BANK_PADDED_BYTES  . . .	Number	 5000h	 
TEXTURE_BANK_SECTORS . . . . . .	Number	 0028h	 
TEXTURE_BANK_SEG . . . . . . . .	Number	 6800h	 
TEXT_MODE_80X25  . . . . . . . .	Number	 0003h	 
boot_drive . . . . . . . . . . .	Byte	 0288	  _TEXT	
clear_handoff_block  . . . . . .	L Near	 002D	  _TEXT	
enter_unreal_mode  . . . . . . .	L Near	 01C0	  _TEXT	
fatal_error_loop . . . . . . . .	L Near	 0264	  _TEXT	
fatal_error  . . . . . . . . . .	L Near	 025B	  _TEXT	
fatal_halt . . . . . . . . . . .	L Near	 0273	  _TEXT	
fatal_spin . . . . . . . . . . .	L Near	 0274	  _TEXT	
gdt_code . . . . . . . . . . . .	Word	 02A0	  _TEXT	
gdt_data . . . . . . . . . . . .	Word	 02A8	  _TEXT	
gdt_descriptor . . . . . . . . .	Word	 02B0	  _TEXT	
gdt_end  . . . . . . . . . . . .	Byte	 02B0	  _TEXT	
gdt_null . . . . . . . . . . . .	QWord	 0298	  _TEXT	
gdt_start  . . . . . . . . . . .	Byte	 0298	  _TEXT	
handoff_flags  . . . . . . . . .	Word	 0289	  _TEXT	
handoff_height . . . . . . . . .	Word	 028F	  _TEXT	
handoff_lfb  . . . . . . . . . .	DWord	 0293	  _TEXT	
handoff_mode . . . . . . . . . .	Word	 028B	  _TEXT	
handoff_pitch  . . . . . . . . .	Word	 0291	  _TEXT	
handoff_width  . . . . . . . . .	Word	 028D	  _TEXT	
load_payload_done  . . . . . . .	L Near	 00B1	  _TEXT	
load_payload_or_fail . . . . . .	L Near	 00A3	  _TEXT	
load_stage2_and_banks  . . . . .	L Near	 0042	  _TEXT	
payload_dap  . . . . . . . . . .	Byte	 0278	  _TEXT	
protected_entry  . . . . . . . .	L Near	 01DD	  _TEXT	
read_lba_payload_chunk_ready . .	L Near	 00C8	  _TEXT	
read_lba_payload_chunk . . . . .	L Near	 00BA	  _TEXT	
read_lba_payload_done  . . . . .	L Near	 011A	  _TEXT	
read_lba_payload_fail  . . . . .	L Near	 0113	  _TEXT	
read_lba_payload . . . . . . . .	L Near	 00B2	  _TEXT	
real_mode_entry  . . . . . . . .	L Near	 01FB	  _TEXT	
setup_vbe_done . . . . . . . . .	L Near	 01B9	  _TEXT	
setup_vbe_fail . . . . . . . . .	L Near	 01B2	  _TEXT	
setup_vbe_lfb_fail . . . . . . .	L Near	 01AC	  _TEXT	
setup_vbe_mode . . . . . . . . .	L Near	 011E	  _TEXT	
setup_vbe_panic  . . . . . . . .	L Near	 01B6	  _TEXT	
start  . . . . . . . . . . . . .	L Near	 0000	  _TEXT	Public
text_code_bank_error . . . . . .	Byte	 03D3	  _TEXT	
text_geometry_bank_error . . . .	Byte	 0449	  _TEXT	
text_map_bank_error  . . . . . .	Byte	 040C	  _TEXT	
text_presentation_bank_error . .	Byte	 0426	  _TEXT	
text_stage2_error  . . . . . . .	Byte	 03B6	  _TEXT	
text_texture_bank_error  . . . .	Byte	 03EE	  _TEXT	
text_vbe_error . . . . . . . . .	Byte	 0468	  _TEXT	
text_vbe_lfb_error . . . . . . .	Byte	 048A	  _TEXT	
vbe_mode_info  . . . . . . . . .	Byte	 02B6	  _TEXT	
write_handoff_block  . . . . . .	L Near	 0208	  _TEXT	

	   1 Warnings
	   0 Errors
